[0.276s] [35m[1mScanning dependencies of target talker[0m
[0.387s] [ 50%] [32mBuilding CXX object CMakeFiles/talker.dir/src/publisher_member_function.cpp.o[0m
[12.188s] [100%] [32m[1mLinking CXX executable talker[0m
[13.121s] [100%] Built target talker
[13.594s] [100%] Built target talker
[13.668s] [36mInstall the project...[0m
[13.722s] -- Install configuration: ""
[13.725s] -- Installing: /home/jiseongyoo/ros2_examples/install/cpp_pubsub/lib/cpp_pubsub/talker
[13.730s] -- Set runtime path of "/home/jiseongyoo/ros2_examples/install/cpp_pubsub/lib/cpp_pubsub/talker" to ""
[13.731s] -- Up-to-date: /home/jiseongyoo/ros2_examples/install/cpp_pubsub/share/ament_index/resource_index/package_run_dependencies/cpp_pubsub
[13.732s] -- Up-to-date: /home/jiseongyoo/ros2_examples/install/cpp_pubsub/share/ament_index/resource_index/parent_prefix_path/cpp_pubsub
[13.733s] -- Up-to-date: /home/jiseongyoo/ros2_examples/install/cpp_pubsub/share/cpp_pubsub/environment/ament_prefix_path.sh
[13.733s] -- Up-to-date: /home/jiseongyoo/ros2_examples/install/cpp_pubsub/share/cpp_pubsub/environment/ament_prefix_path.dsv
[13.734s] -- Up-to-date: /home/jiseongyoo/ros2_examples/install/cpp_pubsub/share/cpp_pubsub/environment/path.sh
[13.735s] -- Up-to-date: /home/jiseongyoo/ros2_examples/install/cpp_pubsub/share/cpp_pubsub/environment/path.dsv
[13.735s] -- Up-to-date: /home/jiseongyoo/ros2_examples/install/cpp_pubsub/share/cpp_pubsub/local_setup.bash
[13.739s] -- Up-to-date: /home/jiseongyoo/ros2_examples/install/cpp_pubsub/share/cpp_pubsub/local_setup.sh
[13.746s] -- Up-to-date: /home/jiseongyoo/ros2_examples/install/cpp_pubsub/share/cpp_pubsub/local_setup.zsh
[13.755s] -- Up-to-date: /home/jiseongyoo/ros2_examples/install/cpp_pubsub/share/cpp_pubsub/local_setup.dsv
[13.756s] -- Installing: /home/jiseongyoo/ros2_examples/install/cpp_pubsub/share/cpp_pubsub/package.dsv
[13.757s] -- Up-to-date: /home/jiseongyoo/ros2_examples/install/cpp_pubsub/share/ament_index/resource_index/packages/cpp_pubsub
[13.758s] -- Up-to-date: /home/jiseongyoo/ros2_examples/install/cpp_pubsub/share/cpp_pubsub/cmake/cpp_pubsubConfig.cmake
[13.758s] -- Up-to-date: /home/jiseongyoo/ros2_examples/install/cpp_pubsub/share/cpp_pubsub/cmake/cpp_pubsubConfig-version.cmake
[13.758s] -- Up-to-date: /home/jiseongyoo/ros2_examples/install/cpp_pubsub/share/cpp_pubsub/package.xml
