[0.180s] -- Found ament_cmake: 0.8.2 (/opt/ros/eloquent/share/ament_cmake/cmake)
[0.293s] -- Found PythonInterp: /usr/bin/python3 (found suitable version "3.6.9", minimum required is "3") 
[0.295s] -- Using PYTHON_EXECUTABLE: /usr/bin/python3
[1.080s] -- Found rosidl_default_generators: 0.8.0 (/opt/ros/eloquent/share/rosidl_default_generators/cmake)
[1.296s] -- Found rosidl_adapter: 0.8.2 (/opt/ros/eloquent/share/rosidl_adapter/cmake)
[1.653s] -- Found PythonInterp: /usr/bin/python3 (found version "3.6.9") 
[2.141s] CMake Error at /opt/ros/eloquent/share/rosidl_adapter/cmake/rosidl_adapt_interfaces.cmake:60 (message):
[2.142s]   execute_process(/usr/bin/python3 -m rosidl_adapter --package-name
[2.149s]   interfaces --arguments-file
[2.149s]   /home/jiseongyoo/ros2_examples/build/interfaces/rosidl_adapter__arguments__interfaces.json
[2.150s]   --output-dir
[2.150s]   /home/jiseongyoo/ros2_examples/build/interfaces/rosidl_adapter/interfaces
[2.151s]   --output-file
[2.151s]   /home/jiseongyoo/ros2_examples/build/interfaces/rosidl_adapter/interfaces.idls)
[2.152s]   returned error code 1:
[2.152s] 
[2.153s]   Traceback (most recent call last):
[2.153s] 
[2.153s]     File "/usr/lib/python3.6/runpy.py", line 193, in _run_module_as_main
[2.154s]       "__main__", mod_spec)
[2.154s]     File "/usr/lib/python3.6/runpy.py", line 85, in _run_code
[2.155s]       exec(code, run_globals)
[2.155s]     File "/opt/ros/eloquent/lib/python3.6/site-packages/rosidl_adapter/__main__.py", line 19, in <module>
[2.156s]       sys.exit(main())
[2.156s]     File "/opt/ros/eloquent/lib/python3.6/site-packages/rosidl_adapter/main.py", line 55, in main
[2.157s]       pathlib.Path(relative_path), output_dir)
[2.157s]     File "/opt/ros/eloquent/lib/python3.6/site-packages/rosidl_adapter/__init__.py", line 20, in convert_to_idl
[2.158s]       package_dir, package_name, interface_file, output_dir / 'msg')
[2.158s]     File "/opt/ros/eloquent/lib/python3.6/site-packages/rosidl_adapter/msg/__init__.py", line 28, in convert_msg_to_idl
[2.159s]       msg = parse_message_string(package_name, input_file.stem, content)
[2.159s]     File "/opt/ros/eloquent/lib/python3.6/site-packages/rosidl_adapter/parser.py", line 531, in parse_message_string
[2.160s]       msg = MessageSpecification(pkg_name, msg_name, fields, constants)
[2.160s]     File "/opt/ros/eloquent/lib/python3.6/site-packages/rosidl_adapter/parser.py", line 382, in __init__
[2.161s]       pkg_name + PACKAGE_NAME_MESSAGE_TYPE_SEPARATOR + msg_name)
[2.161s]     File "/opt/ros/eloquent/lib/python3.6/site-packages/rosidl_adapter/parser.py", line 200, in __init__
[2.161s]       self.type, VALID_MESSAGE_NAME_PATTERN.pattern))
[2.162s] 
[2.162s]   rosidl_adapter.parser.InvalidResourceName: 'Msg_Collection' is an invalid
[2.163s]   message name.  It should have the pattern '^[A-Z][A-Za-z0-9]*$'
[2.163s] 
[2.164s] Call Stack (most recent call first):
[2.164s]   /opt/ros/eloquent/share/rosidl_cmake/cmake/rosidl_generate_interfaces.cmake:130 (rosidl_adapt_interfaces)
[2.165s]   CMakeLists.txt:23 (rosidl_generate_interfaces)
[2.165s] 
[2.165s] 
[2.166s] -- Configuring incomplete, errors occurred!
[2.166s] See also "/home/jiseongyoo/ros2_examples/build/interfaces/CMakeFiles/CMakeOutput.log".
[2.172s] make: *** [cmake_check_build_system] Error 1
[2.172s] Makefile:704: recipe for target 'cmake_check_build_system' failed
