[8.622s] In file included from [01m[K/opt/ros/eloquent/include/class_loader/class_loader.hpp:56:0[m[K,
[8.626s]                  from [01m[K/opt/ros/eloquent/include/rclcpp_components/register_node_macro.hpp:18[m[K,
[8.627s]                  from [01m[K/home/jiseongyoo/ros2_examples/src/composition_cpp_example/src/component_pub_cpp_example.cpp:59[m[K:
[8.628s] [01m[K/home/jiseongyoo/ros2_examples/src/composition_cpp_example/src/component_pub_cpp_example.cpp:61:44:[m[K [01;31m[Kerror: [m[K‘[01m[KPublisher[m[K’ is not a member of ‘[01m[Kcomponent[m[K’
[8.629s]  RCLCPP_COMPONENTS_REGISTER_NODE(component::[01;31m[KP[m[Kublisher)
[8.630s]                                             [01;31m[K^[m[K
[8.631s] [01m[K/opt/ros/eloquent/include/class_loader/register_macro.hpp:52:14:[m[K [01;36m[Knote: [m[Kin definition of macro ‘[01m[KCLASS_LOADER_REGISTER_CLASS_INTERNAL_WITH_MESSAGE[m[K’
[8.631s]      typedef  [01;36m[KDerived[m[K _derived; \
[8.632s]               [01;36m[K^~~~~~~[m[K
[8.632s] [01m[K/opt/ros/eloquent/include/class_loader/register_macro.hpp:73:3:[m[K [01;36m[Knote: [m[Kin expansion of macro ‘[01m[KCLASS_LOADER_REGISTER_CLASS_INTERNAL_HOP1_WITH_MESSAGE[m[K’
[8.633s]    [01;36m[KCLASS_LOADER_REGISTER_CLASS_INTERNAL_HOP1_WITH_MESSAGE[m[K(Derived, Base, __COUNTER__, Message)
[8.633s]    [01;36m[K^~~~~~~~~~~~~~~~~~~~~~~~~~~~~~~~~~~~~~~~~~~~~~~~~~~~~~[m[K
[8.633s] [01m[K/opt/ros/eloquent/include/class_loader/register_macro.hpp:80:3:[m[K [01;36m[Knote: [m[Kin expansion of macro ‘[01m[KCLASS_LOADER_REGISTER_CLASS_WITH_MESSAGE[m[K’
[8.634s]    [01;36m[KCLASS_LOADER_REGISTER_CLASS_WITH_MESSAGE[m[K(Derived, Base, "")
[8.634s]    [01;36m[K^~~~~~~~~~~~~~~~~~~~~~~~~~~~~~~~~~~~~~~~[m[K
[8.635s] [01m[K/opt/ros/eloquent/include/rclcpp_components/register_node_macro.hpp:34:3:[m[K [01;36m[Knote: [m[Kin expansion of macro ‘[01m[KCLASS_LOADER_REGISTER_CLASS[m[K’
[8.635s]    [01;36m[KCLASS_LOADER_REGISTER_CLASS[m[K( \
[8.636s]    [01;36m[K^~~~~~~~~~~~~~~~~~~~~~~~~~~[m[K
[8.636s] [01m[K/home/jiseongyoo/ros2_examples/src/composition_cpp_example/src/component_pub_cpp_example.cpp:61:1:[m[K [01;36m[Knote: [m[Kin expansion of macro ‘[01m[KRCLCPP_COMPONENTS_REGISTER_NODE[m[K’
[8.637s]  [01;36m[KRCLCPP_COMPONENTS_REGISTER_NODE[m[K(component::Publisher)
[8.637s]  [01;36m[K^~~~~~~~~~~~~~~~~~~~~~~~~~~~~~~[m[K
[8.637s] [01m[K/home/jiseongyoo/ros2_examples/src/composition_cpp_example/src/component_pub_cpp_example.cpp:61:44:[m[K [01;36m[Knote: [m[Ksuggested alternative:
[8.638s]  RCLCPP_COMPONENTS_REGISTER_NODE(component::[01;36m[KP[m[Kublisher)
[8.638s]                                             [01;36m[K^[m[K
[8.639s] [01m[K/opt/ros/eloquent/include/class_loader/register_macro.hpp:52:14:[m[K [01;36m[Knote: [m[Kin definition of macro ‘[01m[KCLASS_LOADER_REGISTER_CLASS_INTERNAL_WITH_MESSAGE[m[K’
[8.639s]      typedef  [01;36m[KDerived[m[K _derived; \
[8.640s]               [01;36m[K^~~~~~~[m[K
[8.640s] [01m[K/opt/ros/eloquent/include/class_loader/register_macro.hpp:73:3:[m[K [01;36m[Knote: [m[Kin expansion of macro ‘[01m[KCLASS_LOADER_REGISTER_CLASS_INTERNAL_HOP1_WITH_MESSAGE[m[K’
[8.641s]    [01;36m[KCLASS_LOADER_REGISTER_CLASS_INTERNAL_HOP1_WITH_MESSAGE[m[K(Derived, Base, __COUNTER__, Message)
[8.641s]    [01;36m[K^~~~~~~~~~~~~~~~~~~~~~~~~~~~~~~~~~~~~~~~~~~~~~~~~~~~~~[m[K
[8.641s] [01m[K/opt/ros/eloquent/include/class_loader/register_macro.hpp:80:3:[m[K [01;36m[Knote: [m[Kin expansion of macro ‘[01m[KCLASS_LOADER_REGISTER_CLASS_WITH_MESSAGE[m[K’
[8.642s]    [01;36m[KCLASS_LOADER_REGISTER_CLASS_WITH_MESSAGE[m[K(Derived, Base, "")
[8.642s]    [01;36m[K^~~~~~~~~~~~~~~~~~~~~~~~~~~~~~~~~~~~~~~~[m[K
[8.643s] [01m[K/opt/ros/eloquent/include/rclcpp_components/register_node_macro.hpp:34:3:[m[K [01;36m[Knote: [m[Kin expansion of macro ‘[01m[KCLASS_LOADER_REGISTER_CLASS[m[K’
[8.643s]    [01;36m[KCLASS_LOADER_REGISTER_CLASS[m[K( \
[8.644s]    [01;36m[K^~~~~~~~~~~~~~~~~~~~~~~~~~~[m[K
[8.644s] [01m[K/home/jiseongyoo/ros2_examples/src/composition_cpp_example/src/component_pub_cpp_example.cpp:61:1:[m[K [01;36m[Knote: [m[Kin expansion of macro ‘[01m[KRCLCPP_COMPONENTS_REGISTER_NODE[m[K’
[8.645s]  [01;36m[KRCLCPP_COMPONENTS_REGISTER_NODE[m[K(component::Publisher)
[8.645s]  [01;36m[K^~~~~~~~~~~~~~~~~~~~~~~~~~~~~~~[m[K
[8.645s] In file included from [01m[K/opt/ros/eloquent/include/rclcpp/node_interfaces/node_topics_interface.hpp:26:0[m[K,
[8.646s]                  from [01m[K/opt/ros/eloquent/include/rclcpp/node.hpp:53[m[K,
[8.646s]                  from [01m[K/opt/ros/eloquent/include/rclcpp/executors/single_threaded_executor.hpp:28[m[K,
[8.647s]                  from [01m[K/opt/ros/eloquent/include/rclcpp/executors.hpp:22[m[K,
[8.647s]                  from [01m[K/opt/ros/eloquent/include/rclcpp/rclcpp.hpp:145[m[K,
[8.648s]                  from [01m[K/home/jiseongyoo/ros2_examples/src/composition_cpp_example/include/composition_cpp_example/component_pub_cpp_example.hpp:8[m[K,
[8.648s]                  from [01m[K/home/jiseongyoo/ros2_examples/src/composition_cpp_example/src/component_pub_cpp_example.cpp:26[m[K:
[8.649s] [01m[K/opt/ros/eloquent/include/rclcpp/publisher.hpp:51:7:[m[K [01;36m[Knote: [m[K  ‘[01m[Krclcpp::Publisher[m[K’
[8.649s]  class [01;36m[KPublisher[m[K : public PublisherBase
[8.649s]        [01;36m[K^~~~~~~~~[m[K
[8.650s] In file included from [01m[K/opt/ros/eloquent/include/class_loader/class_loader.hpp:56:0[m[K,
[8.661s]                  from [01m[K/opt/ros/eloquent/include/rclcpp_components/register_node_macro.hpp:18[m[K,
[8.662s]                  from [01m[K/home/jiseongyoo/ros2_examples/src/composition_cpp_example/src/component_pub_cpp_example.cpp:59[m[K:
[8.662s] [01m[K/home/jiseongyoo/ros2_examples/src/composition_cpp_example/src/component_pub_cpp_example.cpp:61:44:[m[K [01;31m[Kerror: [m[K‘[01m[KPublisher[m[K’ is not a member of ‘[01m[Kcomponent[m[K’
[8.663s]  RCLCPP_COMPONENTS_REGISTER_NODE(component::[01;31m[KP[m[Kublisher)
[8.663s]                                             [01;31m[K^[m[K
[8.663s] [01m[K/opt/ros/eloquent/include/class_loader/register_macro.hpp:52:14:[m[K [01;36m[Knote: [m[Kin definition of macro ‘[01m[KCLASS_LOADER_REGISTER_CLASS_INTERNAL_WITH_MESSAGE[m[K’
[8.664s]      typedef  [01;36m[KDerived[m[K _derived; \
[8.664s]               [01;36m[K^~~~~~~[m[K
[8.664s] [01m[K/opt/ros/eloquent/include/class_loader/register_macro.hpp:73:3:[m[K [01;36m[Knote: [m[Kin expansion of macro ‘[01m[KCLASS_LOADER_REGISTER_CLASS_INTERNAL_HOP1_WITH_MESSAGE[m[K’
[8.665s]    [01;36m[KCLASS_LOADER_REGISTER_CLASS_INTERNAL_HOP1_WITH_MESSAGE[m[K(Derived, Base, __COUNTER__, Message)
[8.666s]    [01;36m[K^~~~~~~~~~~~~~~~~~~~~~~~~~~~~~~~~~~~~~~~~~~~~~~~~~~~~~[m[K
[8.666s] [01m[K/opt/ros/eloquent/include/class_loader/register_macro.hpp:80:3:[m[K [01;36m[Knote: [m[Kin expansion of macro ‘[01m[KCLASS_LOADER_REGISTER_CLASS_WITH_MESSAGE[m[K’
[8.669s]    [01;36m[KCLASS_LOADER_REGISTER_CLASS_WITH_MESSAGE[m[K(Derived, Base, "")
[8.670s]    [01;36m[K^~~~~~~~~~~~~~~~~~~~~~~~~~~~~~~~~~~~~~~~[m[K
[8.670s] [01m[K/opt/ros/eloquent/include/rclcpp_components/register_node_macro.hpp:34:3:[m[K [01;36m[Knote: [m[Kin expansion of macro ‘[01m[KCLASS_LOADER_REGISTER_CLASS[m[K’
[8.671s]    [01;36m[KCLASS_LOADER_REGISTER_CLASS[m[K( \
[8.671s]    [01;36m[K^~~~~~~~~~~~~~~~~~~~~~~~~~~[m[K
[8.672s] [01m[K/home/jiseongyoo/ros2_examples/src/composition_cpp_example/src/component_pub_cpp_example.cpp:61:1:[m[K [01;36m[Knote: [m[Kin expansion of macro ‘[01m[KRCLCPP_COMPONENTS_REGISTER_NODE[m[K’
[8.672s]  [01;36m[KRCLCPP_COMPONENTS_REGISTER_NODE[m[K(component::Publisher)
[8.672s]  [01;36m[K^~~~~~~~~~~~~~~~~~~~~~~~~~~~~~~[m[K
[8.673s] [01m[K/home/jiseongyoo/ros2_examples/src/composition_cpp_example/src/component_pub_cpp_example.cpp:61:44:[m[K [01;36m[Knote: [m[Ksuggested alternative:
[8.673s]  RCLCPP_COMPONENTS_REGISTER_NODE(component::[01;36m[KP[m[Kublisher)
[8.674s]                                             [01;36m[K^[m[K
[8.674s] [01m[K/opt/ros/eloquent/include/class_loader/register_macro.hpp:52:14:[m[K [01;36m[Knote: [m[Kin definition of macro ‘[01m[KCLASS_LOADER_REGISTER_CLASS_INTERNAL_WITH_MESSAGE[m[K’
[8.675s]      typedef  [01;36m[KDerived[m[K _derived; \
[8.675s]               [01;36m[K^~~~~~~[m[K
[8.676s] [01m[K/opt/ros/eloquent/include/class_loader/register_macro.hpp:73:3:[m[K [01;36m[Knote: [m[Kin expansion of macro ‘[01m[KCLASS_LOADER_REGISTER_CLASS_INTERNAL_HOP1_WITH_MESSAGE[m[K’
[8.676s]    [01;36m[KCLASS_LOADER_REGISTER_CLASS_INTERNAL_HOP1_WITH_MESSAGE[m[K(Derived, Base, __COUNTER__, Message)
[8.677s]    [01;36m[K^~~~~~~~~~~~~~~~~~~~~~~~~~~~~~~~~~~~~~~~~~~~~~~~~~~~~~[m[K
[8.677s] [01m[K/opt/ros/eloquent/include/class_loader/register_macro.hpp:80:3:[m[K [01;36m[Knote: [m[Kin expansion of macro ‘[01m[KCLASS_LOADER_REGISTER_CLASS_WITH_MESSAGE[m[K’
[8.677s]    [01;36m[KCLASS_LOADER_REGISTER_CLASS_WITH_MESSAGE[m[K(Derived, Base, "")
[8.678s]    [01;36m[K^~~~~~~~~~~~~~~~~~~~~~~~~~~~~~~~~~~~~~~~[m[K
[8.678s] [01m[K/opt/ros/eloquent/include/rclcpp_components/register_node_macro.hpp:34:3:[m[K [01;36m[Knote: [m[Kin expansion of macro ‘[01m[KCLASS_LOADER_REGISTER_CLASS[m[K’
[8.679s]    [01;36m[KCLASS_LOADER_REGISTER_CLASS[m[K( \
[8.679s]    [01;36m[K^~~~~~~~~~~~~~~~~~~~~~~~~~~[m[K
[8.681s] [01m[K/home/jiseongyoo/ros2_examples/src/composition_cpp_example/src/component_pub_cpp_example.cpp:61:1:[m[K [01;36m[Knote: [m[Kin expansion of macro ‘[01m[KRCLCPP_COMPONENTS_REGISTER_NODE[m[K’
[8.681s]  [01;36m[KRCLCPP_COMPONENTS_REGISTER_NODE[m[K(component::Publisher)
[8.682s]  [01;36m[K^~~~~~~~~~~~~~~~~~~~~~~~~~~~~~~[m[K
[8.682s] In file included from [01m[K/opt/ros/eloquent/include/rclcpp/node_interfaces/node_topics_interface.hpp:26:0[m[K,
[8.683s]                  from [01m[K/opt/ros/eloquent/include/rclcpp/node.hpp:53[m[K,
[8.683s]                  from [01m[K/opt/ros/eloquent/include/rclcpp/executors/single_threaded_executor.hpp:28[m[K,
[8.683s]                  from [01m[K/opt/ros/eloquent/include/rclcpp/executors.hpp:22[m[K,
[8.684s]                  from [01m[K/opt/ros/eloquent/include/rclcpp/rclcpp.hpp:145[m[K,
[8.684s]                  from [01m[K/home/jiseongyoo/ros2_examples/src/composition_cpp_example/include/composition_cpp_example/component_pub_cpp_example.hpp:8[m[K,
[8.685s]                  from [01m[K/home/jiseongyoo/ros2_examples/src/composition_cpp_example/src/component_pub_cpp_example.cpp:26[m[K:
[8.685s] [01m[K/opt/ros/eloquent/include/rclcpp/publisher.hpp:51:7:[m[K [01;36m[Knote: [m[K  ‘[01m[Krclcpp::Publisher[m[K’
[8.686s]  class [01;36m[KPublisher[m[K : public PublisherBase
[8.686s]        [01;36m[K^~~~~~~~~[m[K
[8.687s] In file included from [01m[K/opt/ros/eloquent/include/class_loader/class_loader.hpp:56:0[m[K,
[8.687s]                  from [01m[K/opt/ros/eloquent/include/rclcpp_components/register_node_macro.hpp:18[m[K,
[8.687s]                  from [01m[K/home/jiseongyoo/ros2_examples/src/composition_cpp_example/src/component_pub_cpp_example.cpp:59[m[K:
[8.688s] [01m[K/opt/ros/eloquent/include/rclcpp_components/register_node_macro.hpp:35:53:[m[K [01;31m[Kerror: [m[Ktemplate argument 1 is invalid
[8.688s]      rclcpp_components::NodeFactoryTemplate<NodeClass[01;31m[K>[m[K, \
[8.689s]                                                      [01;31m[K^[m[K
[8.689s] [01m[K/opt/ros/eloquent/include/class_loader/register_macro.hpp:52:14:[m[K [01;36m[Knote: [m[Kin definition of macro ‘[01m[KCLASS_LOADER_REGISTER_CLASS_INTERNAL_WITH_MESSAGE[m[K’
[8.690s]      typedef  [01;36m[KDerived[m[K _derived; \
[8.690s]               [01;36m[K^~~~~~~[m[K
[8.691s] [01m[K/opt/ros/eloquent/include/class_loader/register_macro.hpp:73:3:[m[K [01;36m[Knote: [m[Kin expansion of macro ‘[01m[KCLASS_LOADER_REGISTER_CLASS_INTERNAL_HOP1_WITH_MESSAGE[m[K’
[8.691s]    [01;36m[KCLASS_LOADER_REGISTER_CLASS_INTERNAL_HOP1_WITH_MESSAGE[m[K(Derived, Base, __COUNTER__, Message)
[8.692s]    [01;36m[K^~~~~~~~~~~~~~~~~~~~~~~~~~~~~~~~~~~~~~~~~~~~~~~~~~~~~~[m[K
[8.692s] [01m[K/opt/ros/eloquent/include/class_loader/register_macro.hpp:80:3:[m[K [01;36m[Knote: [m[Kin expansion of macro ‘[01m[KCLASS_LOADER_REGISTER_CLASS_WITH_MESSAGE[m[K’
[8.692s]    [01;36m[KCLASS_LOADER_REGISTER_CLASS_WITH_MESSAGE[m[K(Derived, Base, "")
[8.693s]    [01;36m[K^~~~~~~~~~~~~~~~~~~~~~~~~~~~~~~~~~~~~~~~[m[K
[8.693s] [01m[K/opt/ros/eloquent/include/rclcpp_components/register_node_macro.hpp:34:3:[m[K [01;36m[Knote: [m[Kin expansion of macro ‘[01m[KCLASS_LOADER_REGISTER_CLASS[m[K’
[8.694s]    [01;36m[KCLASS_LOADER_REGISTER_CLASS[m[K( \
[8.694s]    [01;36m[K^~~~~~~~~~~~~~~~~~~~~~~~~~~[m[K
[8.695s] [01m[K/home/jiseongyoo/ros2_examples/src/composition_cpp_example/src/component_pub_cpp_example.cpp:61:1:[m[K [01;36m[Knote: [m[Kin expansion of macro ‘[01m[KRCLCPP_COMPONENTS_REGISTER_NODE[m[K’
[8.695s]  [01;36m[KRCLCPP_COMPONENTS_REGISTER_NODE[m[K(component::Publisher)
[8.696s]  [01;36m[K^~~~~~~~~~~~~~~~~~~~~~~~~~~~~~~[m[K
[10.668s] In file included from [01m[K/opt/ros/eloquent/include/class_loader/class_loader_core.hpp:56:0[m[K,
[10.670s]                  from [01m[K/opt/ros/eloquent/include/class_loader/class_loader.hpp:55[m[K,
[10.671s]                  from [01m[K/opt/ros/eloquent/include/rclcpp_components/register_node_macro.hpp:18[m[K,
[10.672s]                  from [01m[K/home/jiseongyoo/ros2_examples/src/composition_cpp_example/src/component_pub_cpp_example.cpp:59[m[K:
[10.673s] /opt/ros/eloquent/include/class_loader/meta_object.hpp: In instantiation of ‘[01m[KB* class_loader::impl::MetaObject<C, B>::create() const [with C = int; B = rclcpp_components::NodeFactory][m[K’:
[10.673s] [01m[K/home/jiseongyoo/ros2_examples/src/composition_cpp_example/src/component_pub_cpp_example.cpp:61:1:[m[K   required from here
[10.674s] [01m[K/opt/ros/eloquent/include/class_loader/meta_object.hpp:193:16:[m[K [01;31m[Kerror: [m[Kcannot convert ‘[01m[Kint*[m[K’ to ‘[01m[Krclcpp_components::NodeFactory*[m[K’ in return
[10.675s]      return new [01;31m[KC[m[K;
[10.675s]                 [01;31m[K^[m[K
[10.958s] make[2]: *** [CMakeFiles/component_pub_cpp.dir/src/component_pub_cpp_example.cpp.o] Error 1
[10.963s] make[1]: *** [CMakeFiles/component_pub_cpp.dir/all] Error 2
[10.965s] make: *** [all] Error 2
