[0.156s] -- Found ament_cmake: 0.8.2 (/opt/ros/eloquent/share/ament_cmake/cmake)
[0.265s] -- Using PYTHON_EXECUTABLE: /usr/bin/python3
[1.072s] -- Found rclcpp: 0.8.4 (/opt/ros/eloquent/share/rclcpp/cmake)
[1.170s] -- Found rosidl_adapter: 0.8.2 (/opt/ros/eloquent/share/rosidl_adapter/cmake)
[1.374s] -- Found rmw_implementation_cmake: 0.8.1 (/opt/ros/eloquent/share/rmw_implementation_cmake/cmake)
[1.377s] -- Using RMW implementation 'rmw_fastrtps_cpp' as default
[1.380s] -- Looking for pthread.h
[1.718s] -- Looking for pthread.h - found
[1.742s] -- Looking for pthread_create
[2.098s] -- Looking for pthread_create - not found
[2.099s] -- Looking for pthread_create in pthreads
[2.398s] -- Looking for pthread_create in pthreads - not found
[2.400s] -- Looking for pthread_create in pthread
[2.721s] -- Looking for pthread_create in pthread - found
[2.725s] -- Found Threads: TRUE  
[2.926s] -- Found rclcpp_components: 0.8.4 (/opt/ros/eloquent/share/rclcpp_components/cmake)
[2.939s] -- Found poco_vendor:  (/opt/ros/eloquent/share/poco_vendor/cmake)
[3.023s] -- Found interfaces: 0.0.0 (/home/jiseongyoo/ros2_examples/install/interfaces/share/interfaces/cmake)
[3.241s] -- Found ament_lint_auto: 0.8.1 (/opt/ros/eloquent/share/ament_lint_auto/cmake)
[3.570s] -- Added test 'copyright' to check for copyright in CMake / C / C++ / Python code
[3.575s] -- Added test 'cppcheck' to perform static code analysis on C / C++ code
[3.576s] -- Configured cppcheck include dirs: /home/jiseongyoo/ros2_examples/src/composition_cpp_example/include
[3.580s] -- Added test 'cpplint' to check C / C++ code against the Google style
[3.583s] -- Added test 'lint_cmake' to check CMake code style
[3.591s] -- Added test 'uncrustify' to check C / C++ code style
[3.592s] -- Added test 'xmllint' to check XML markup files
[3.601s] -- Configuring done
[3.766s] -- Generating done
[3.774s] -- Build files have been written to: /home/jiseongyoo/ros2_examples/build/composition_cpp_example
[3.979s] [35m[1mScanning dependencies of target component_pub_cpp[0m
[4.157s] [ 25%] [32mBuilding CXX object CMakeFiles/component_pub_cpp.dir/src/component_pub_cpp_example.cpp.o[0m
[10.956s] CMakeFiles/component_pub_cpp.dir/build.make:62: recipe for target 'CMakeFiles/component_pub_cpp.dir/src/component_pub_cpp_example.cpp.o' failed
[10.961s] CMakeFiles/Makefile2:131: recipe for target 'CMakeFiles/component_pub_cpp.dir/all' failed
[10.962s] Makefile:140: recipe for target 'all' failed
