[0.333s] -- The C compiler identification is GNU 7.5.0
[0.568s] -- The CXX compiler identification is GNU 7.5.0
[0.582s] -- Check for working C compiler: /usr/bin/cc
[0.903s] -- Check for working C compiler: /usr/bin/cc -- works
[0.906s] -- Detecting C compiler ABI info
[1.207s] -- Detecting C compiler ABI info - done
[1.240s] -- Detecting C compile features
[2.187s] -- Detecting C compile features - done
[2.204s] -- Check for working CXX compiler: /usr/bin/c++
[2.557s] -- Check for working CXX compiler: /usr/bin/c++ -- works
[2.560s] -- Detecting CXX compiler ABI info
[2.900s] -- Detecting CXX compiler ABI info - done
[2.920s] -- Detecting CXX compile features
[4.485s] -- Detecting CXX compile features - done
[4.496s] -- Found ament_cmake: 0.8.2 (/opt/ros/eloquent/share/ament_cmake/cmake)
[4.615s] -- Found PythonInterp: /usr/bin/python3 (found suitable version "3.6.9", minimum required is "3") 
[4.615s] -- Using PYTHON_EXECUTABLE: /usr/bin/python3
[5.450s] -- Found ament_lint_auto: 0.8.1 (/opt/ros/eloquent/share/ament_lint_auto/cmake)
[5.798s] -- Added test 'lint_cmake' to check CMake code style
[5.808s] -- Added test 'xmllint' to check XML markup files
[5.817s] -- Configuring done
[5.832s] -- Generating done
[5.837s] -- Build files have been written to: /home/jiseongyoo/ros2_examples/build/param_cpp_example
[6.473s] [36mInstall the project...[0m
[6.509s] -- Install configuration: ""
[6.511s] -- Installing: /home/jiseongyoo/ros2_examples/install/param_cpp_example/share/ament_index/resource_index/package_run_dependencies/param_cpp_example
[6.513s] -- Installing: /home/jiseongyoo/ros2_examples/install/param_cpp_example/share/ament_index/resource_index/parent_prefix_path/param_cpp_example
[6.516s] -- Installing: /home/jiseongyoo/ros2_examples/install/param_cpp_example/share/param_cpp_example/environment/ament_prefix_path.sh
[6.517s] -- Installing: /home/jiseongyoo/ros2_examples/install/param_cpp_example/share/param_cpp_example/environment/ament_prefix_path.dsv
[6.519s] -- Installing: /home/jiseongyoo/ros2_examples/install/param_cpp_example/share/param_cpp_example/environment/path.sh
[6.520s] -- Installing: /home/jiseongyoo/ros2_examples/install/param_cpp_example/share/param_cpp_example/environment/path.dsv
[6.522s] -- Installing: /home/jiseongyoo/ros2_examples/install/param_cpp_example/share/param_cpp_example/local_setup.bash
[6.524s] -- Installing: /home/jiseongyoo/ros2_examples/install/param_cpp_example/share/param_cpp_example/local_setup.sh
[6.525s] -- Installing: /home/jiseongyoo/ros2_examples/install/param_cpp_example/share/param_cpp_example/local_setup.zsh
[6.526s] -- Installing: /home/jiseongyoo/ros2_examples/install/param_cpp_example/share/param_cpp_example/local_setup.dsv
[6.527s] -- Installing: /home/jiseongyoo/ros2_examples/install/param_cpp_example/share/param_cpp_example/package.dsv
[6.529s] -- Installing: /home/jiseongyoo/ros2_examples/install/param_cpp_example/share/ament_index/resource_index/packages/param_cpp_example
[6.532s] -- Installing: /home/jiseongyoo/ros2_examples/install/param_cpp_example/share/param_cpp_example/cmake/param_cpp_exampleConfig.cmake
[6.533s] -- Installing: /home/jiseongyoo/ros2_examples/install/param_cpp_example/share/param_cpp_example/cmake/param_cpp_exampleConfig-version.cmake
[6.534s] -- Installing: /home/jiseongyoo/ros2_examples/install/param_cpp_example/share/param_cpp_example/package.xml
