[0.121s] Invoking command in '/home/jiseongyoo/ros2_examples/build/pubsub_cpp_example': CMAKE_PREFIX_PATH=/home/jiseongyoo/ros2_examples/install/interfaces:/home/jiseongyoo/ros2_examples/install/pubsub_cpp_template:/home/jiseongyoo/ros2_examples/install/pubsub_cpp_example:/home/jiseongyoo/ros2_examples/install/pub_sub_cpp_template:/home/jiseongyoo/ros2_examples/install/cpp_pubsub:/opt/ros/eloquent /usr/bin/cmake --build /home/jiseongyoo/ros2_examples/build/pubsub_cpp_example -- -j2 -l2
[0.392s] [35m[1mScanning dependencies of target pub_cpp[0m
[0.426s] [35m[1mScanning dependencies of target sub_cpp[0m
[0.719s] [ 25%] [32mBuilding CXX object CMakeFiles/sub_cpp.dir/src/sub_cpp_example.cpp.o[0m
[0.748s] [ 50%] [32mBuilding CXX object CMakeFiles/pub_cpp.dir/src/pub_cpp_example.cpp.o[0m
[21.098s] [ 75%] [32m[1mLinking CXX executable pub_cpp[0m
[22.364s] [ 75%] Built target pub_cpp
[23.010s] [100%] [32m[1mLinking CXX executable sub_cpp[0m
[23.999s] [100%] Built target sub_cpp
[24.051s] Invoked command in '/home/jiseongyoo/ros2_examples/build/pubsub_cpp_example' returned '0': CMAKE_PREFIX_PATH=/home/jiseongyoo/ros2_examples/install/interfaces:/home/jiseongyoo/ros2_examples/install/pubsub_cpp_template:/home/jiseongyoo/ros2_examples/install/pubsub_cpp_example:/home/jiseongyoo/ros2_examples/install/pub_sub_cpp_template:/home/jiseongyoo/ros2_examples/install/cpp_pubsub:/opt/ros/eloquent /usr/bin/cmake --build /home/jiseongyoo/ros2_examples/build/pubsub_cpp_example -- -j2 -l2
[24.194s] Invoking command in '/home/jiseongyoo/ros2_examples/build/pubsub_cpp_example': CMAKE_PREFIX_PATH=/home/jiseongyoo/ros2_examples/install/interfaces:/home/jiseongyoo/ros2_examples/install/pubsub_cpp_template:/home/jiseongyoo/ros2_examples/install/pubsub_cpp_example:/home/jiseongyoo/ros2_examples/install/pub_sub_cpp_template:/home/jiseongyoo/ros2_examples/install/cpp_pubsub:/opt/ros/eloquent /usr/bin/cmake --build /home/jiseongyoo/ros2_examples/build/pubsub_cpp_example --target install -- -j2 -l2
[24.480s] [ 50%] Built target sub_cpp
[24.481s] [100%] Built target pub_cpp
[24.568s] [36mInstall the project...[0m
[24.632s] -- Install configuration: ""
[24.635s] -- Installing: /home/jiseongyoo/ros2_examples/install/pubsub_cpp_example/lib/pubsub_cpp_example/pub_cpp
[24.642s] -- Set runtime path of "/home/jiseongyoo/ros2_examples/install/pubsub_cpp_example/lib/pubsub_cpp_example/pub_cpp" to ""
[24.647s] -- Installing: /home/jiseongyoo/ros2_examples/install/pubsub_cpp_example/lib/pubsub_cpp_example/sub_cpp
[24.655s] -- Set runtime path of "/home/jiseongyoo/ros2_examples/install/pubsub_cpp_example/lib/pubsub_cpp_example/sub_cpp" to ""
[24.657s] -- Up-to-date: /home/jiseongyoo/ros2_examples/install/pubsub_cpp_example/share/ament_index/resource_index/package_run_dependencies/pubsub_cpp_example
[24.658s] -- Up-to-date: /home/jiseongyoo/ros2_examples/install/pubsub_cpp_example/share/ament_index/resource_index/parent_prefix_path/pubsub_cpp_example
[24.659s] -- Up-to-date: /home/jiseongyoo/ros2_examples/install/pubsub_cpp_example/share/pubsub_cpp_example/environment/ament_prefix_path.sh
[24.660s] -- Up-to-date: /home/jiseongyoo/ros2_examples/install/pubsub_cpp_example/share/pubsub_cpp_example/environment/ament_prefix_path.dsv
[24.661s] -- Up-to-date: /home/jiseongyoo/ros2_examples/install/pubsub_cpp_example/share/pubsub_cpp_example/environment/path.sh
[24.661s] -- Up-to-date: /home/jiseongyoo/ros2_examples/install/pubsub_cpp_example/share/pubsub_cpp_example/environment/path.dsv
[24.662s] -- Up-to-date: /home/jiseongyoo/ros2_examples/install/pubsub_cpp_example/share/pubsub_cpp_example/local_setup.bash
[24.663s] -- Up-to-date: /home/jiseongyoo/ros2_examples/install/pubsub_cpp_example/share/pubsub_cpp_example/local_setup.sh
[24.664s] -- Up-to-date: /home/jiseongyoo/ros2_examples/install/pubsub_cpp_example/share/pubsub_cpp_example/local_setup.zsh
[24.664s] -- Up-to-date: /home/jiseongyoo/ros2_examples/install/pubsub_cpp_example/share/pubsub_cpp_example/local_setup.dsv
[24.665s] -- Installing: /home/jiseongyoo/ros2_examples/install/pubsub_cpp_example/share/pubsub_cpp_example/package.dsv
[24.665s] -- Up-to-date: /home/jiseongyoo/ros2_examples/install/pubsub_cpp_example/share/ament_index/resource_index/packages/pubsub_cpp_example
[24.665s] -- Up-to-date: /home/jiseongyoo/ros2_examples/install/pubsub_cpp_example/share/pubsub_cpp_example/cmake/pubsub_cpp_exampleConfig.cmake
[24.666s] -- Up-to-date: /home/jiseongyoo/ros2_examples/install/pubsub_cpp_example/share/pubsub_cpp_example/cmake/pubsub_cpp_exampleConfig-version.cmake
[24.666s] -- Up-to-date: /home/jiseongyoo/ros2_examples/install/pubsub_cpp_example/share/pubsub_cpp_example/package.xml
[24.678s] Invoked command in '/home/jiseongyoo/ros2_examples/build/pubsub_cpp_example' returned '0': CMAKE_PREFIX_PATH=/home/jiseongyoo/ros2_examples/install/interfaces:/home/jiseongyoo/ros2_examples/install/pubsub_cpp_template:/home/jiseongyoo/ros2_examples/install/pubsub_cpp_example:/home/jiseongyoo/ros2_examples/install/pub_sub_cpp_template:/home/jiseongyoo/ros2_examples/install/cpp_pubsub:/opt/ros/eloquent /usr/bin/cmake --build /home/jiseongyoo/ros2_examples/build/pubsub_cpp_example --target install -- -j2 -l2
