[0.049s] Invoking command in '/home/jiseongyoo/ros2_examples/build/pubsub_cpp_template': CMAKE_PREFIX_PATH=/opt/ros/eloquent /usr/bin/cmake /home/jiseongyoo/ros2_examples/src/pubsub_cpp_template -DCMAKE_INSTALL_PREFIX=/home/jiseongyoo/ros2_examples/install/pubsub_cpp_template
[0.313s] -- The C compiler identification is GNU 7.5.0
[0.565s] -- The CXX compiler identification is GNU 7.5.0
[0.578s] -- Check for working C compiler: /usr/bin/cc
[0.892s] -- Check for working C compiler: /usr/bin/cc -- works
[0.894s] -- Detecting C compiler ABI info
[1.227s] -- Detecting C compiler ABI info - done
[1.254s] -- Detecting C compile features
[2.267s] -- Detecting C compile features - done
[2.278s] -- Check for working CXX compiler: /usr/bin/c++
[2.627s] -- Check for working CXX compiler: /usr/bin/c++ -- works
[2.631s] -- Detecting CXX compiler ABI info
[3.007s] -- Detecting CXX compiler ABI info - done
[3.039s] -- Detecting CXX compile features
[4.590s] -- Detecting CXX compile features - done
[4.603s] -- Found ament_cmake: 0.8.2 (/opt/ros/eloquent/share/ament_cmake/cmake)
[4.704s] -- Found PythonInterp: /usr/bin/python3 (found suitable version "3.6.9", minimum required is "3") 
[4.705s] -- Using PYTHON_EXECUTABLE: /usr/bin/python3
[5.510s] -- Found rclcpp: 0.8.4 (/opt/ros/eloquent/share/rclcpp/cmake)
[5.575s] -- Found rosidl_adapter: 0.8.2 (/opt/ros/eloquent/share/rosidl_adapter/cmake)
[5.745s] -- Found rmw_implementation_cmake: 0.8.1 (/opt/ros/eloquent/share/rmw_implementation_cmake/cmake)
[5.750s] -- Using RMW implementation 'rmw_fastrtps_cpp' as default
[5.752s] -- Looking for pthread.h
[6.100s] -- Looking for pthread.h - found
[6.103s] -- Looking for pthread_create
[6.487s] -- Looking for pthread_create - not found
[6.488s] -- Looking for pthread_create in pthreads
[6.762s] -- Looking for pthread_create in pthreads - not found
[6.763s] -- Looking for pthread_create in pthread
[7.098s] -- Looking for pthread_create in pthread - found
[7.106s] -- Found Threads: TRUE  
[7.264s] -- Found std_msgs: 0.8.1 (/opt/ros/eloquent/share/std_msgs/cmake)
[7.355s] -- Found ament_lint_auto: 0.8.1 (/opt/ros/eloquent/share/ament_lint_auto/cmake)
[7.647s] -- Added test 'copyright' to check for copyright in CMake / C / C++ / Python code
[7.652s] -- Added test 'cppcheck' to perform static code analysis on C / C++ code
[7.653s] -- Configured cppcheck include dirs: 
[7.656s] -- Added test 'cpplint' to check C / C++ code against the Google style
[7.659s] -- Added test 'lint_cmake' to check CMake code style
[7.664s] -- Added test 'uncrustify' to check C / C++ code style
[7.666s] -- Added test 'xmllint' to check XML markup files
[7.676s] -- Configuring done
[7.730s] -- Generating done
[7.736s] -- Build files have been written to: /home/jiseongyoo/ros2_examples/build/pubsub_cpp_template
[7.762s] Invoked command in '/home/jiseongyoo/ros2_examples/build/pubsub_cpp_template' returned '0': CMAKE_PREFIX_PATH=/opt/ros/eloquent /usr/bin/cmake /home/jiseongyoo/ros2_examples/src/pubsub_cpp_template -DCMAKE_INSTALL_PREFIX=/home/jiseongyoo/ros2_examples/install/pubsub_cpp_template
[7.776s] Invoking command in '/home/jiseongyoo/ros2_examples/build/pubsub_cpp_template': CMAKE_PREFIX_PATH=/opt/ros/eloquent /usr/bin/cmake --build /home/jiseongyoo/ros2_examples/build/pubsub_cpp_template -- -j2 -l2
[7.946s] [35m[1mScanning dependencies of target pub_cpp[0m
[8.095s] [ 50%] [32mBuilding CXX object CMakeFiles/pub_cpp.dir/src/pub_cpp_template.cpp.o[0m
[17.376s] [100%] [32m[1mLinking CXX executable pub_cpp[0m
[18.192s] [100%] Built target pub_cpp
[18.249s] Invoked command in '/home/jiseongyoo/ros2_examples/build/pubsub_cpp_template' returned '0': CMAKE_PREFIX_PATH=/opt/ros/eloquent /usr/bin/cmake --build /home/jiseongyoo/ros2_examples/build/pubsub_cpp_template -- -j2 -l2
[18.435s] Invoking command in '/home/jiseongyoo/ros2_examples/build/pubsub_cpp_template': CMAKE_PREFIX_PATH=/opt/ros/eloquent /usr/bin/cmake --build /home/jiseongyoo/ros2_examples/build/pubsub_cpp_template --target install -- -j2 -l2
[18.675s] [100%] Built target pub_cpp
[18.753s] [36mInstall the project...[0m
[18.788s] -- Install configuration: ""
[18.790s] -- Installing: /home/jiseongyoo/ros2_examples/install/pubsub_cpp_template/lib/pubsub_cpp_template/pub_cpp
[18.798s] -- Set runtime path of "/home/jiseongyoo/ros2_examples/install/pubsub_cpp_template/lib/pubsub_cpp_template/pub_cpp" to ""
[18.801s] -- Installing: /home/jiseongyoo/ros2_examples/install/pubsub_cpp_template/share/ament_index/resource_index/package_run_dependencies/pubsub_cpp_template
[18.803s] -- Installing: /home/jiseongyoo/ros2_examples/install/pubsub_cpp_template/share/ament_index/resource_index/parent_prefix_path/pubsub_cpp_template
[18.808s] -- Installing: /home/jiseongyoo/ros2_examples/install/pubsub_cpp_template/share/pubsub_cpp_template/environment/ament_prefix_path.sh
[18.808s] -- Installing: /home/jiseongyoo/ros2_examples/install/pubsub_cpp_template/share/pubsub_cpp_template/environment/ament_prefix_path.dsv
[18.809s] -- Installing: /home/jiseongyoo/ros2_examples/install/pubsub_cpp_template/share/pubsub_cpp_template/environment/path.sh
[18.810s] -- Installing: /home/jiseongyoo/ros2_examples/install/pubsub_cpp_template/share/pubsub_cpp_template/environment/path.dsv
[18.813s] -- Installing: /home/jiseongyoo/ros2_examples/install/pubsub_cpp_template/share/pubsub_cpp_template/local_setup.bash
[18.814s] -- Installing: /home/jiseongyoo/ros2_examples/install/pubsub_cpp_template/share/pubsub_cpp_template/local_setup.sh
[18.815s] -- Installing: /home/jiseongyoo/ros2_examples/install/pubsub_cpp_template/share/pubsub_cpp_template/local_setup.zsh
[18.816s] -- Installing: /home/jiseongyoo/ros2_examples/install/pubsub_cpp_template/share/pubsub_cpp_template/local_setup.dsv
[18.816s] -- Installing: /home/jiseongyoo/ros2_examples/install/pubsub_cpp_template/share/pubsub_cpp_template/package.dsv
[18.818s] -- Installing: /home/jiseongyoo/ros2_examples/install/pubsub_cpp_template/share/ament_index/resource_index/packages/pubsub_cpp_template
[18.819s] -- Installing: /home/jiseongyoo/ros2_examples/install/pubsub_cpp_template/share/pubsub_cpp_template/cmake/pubsub_cpp_templateConfig.cmake
[18.820s] -- Installing: /home/jiseongyoo/ros2_examples/install/pubsub_cpp_template/share/pubsub_cpp_template/cmake/pubsub_cpp_templateConfig-version.cmake
[18.821s] -- Installing: /home/jiseongyoo/ros2_examples/install/pubsub_cpp_template/share/pubsub_cpp_template/package.xml
[18.851s] Invoked command in '/home/jiseongyoo/ros2_examples/build/pubsub_cpp_template' returned '0': CMAKE_PREFIX_PATH=/opt/ros/eloquent /usr/bin/cmake --build /home/jiseongyoo/ros2_examples/build/pubsub_cpp_template --target install -- -j2 -l2
