[0.191s] -- Found ament_cmake: 0.8.2 (/opt/ros/eloquent/share/ament_cmake/cmake)
[0.302s] -- Found PythonInterp: /usr/bin/python3 (found suitable version "3.6.9", minimum required is "3") 
[0.304s] -- Using PYTHON_EXECUTABLE: /usr/bin/python3
[1.032s] -- Found rosidl_default_generators: 0.8.0 (/opt/ros/eloquent/share/rosidl_default_generators/cmake)
[1.237s] -- Found rosidl_adapter: 0.8.2 (/opt/ros/eloquent/share/rosidl_adapter/cmake)
[1.577s] -- Found PythonInterp: /usr/bin/python3 (found version "3.6.9") 
[2.203s] -- Using single matching rosidl_typesupport_c: rosidl_typesupport_fastrtps_c
[2.229s] -- Using single matching rosidl_typesupport_cpp: rosidl_typesupport_fastrtps_cpp
[2.556s] -- Found rmw_implementation_cmake: 0.8.1 (/opt/ros/eloquent/share/rmw_implementation_cmake/cmake)
[2.675s] -- Found PythonInterp: /usr/bin/python3 (found suitable version "3.6.9", minimum required is "3.5") 
[2.676s] -- Found python_cmake_module: 0.8.0 (/opt/ros/eloquent/share/python_cmake_module/cmake)
[2.780s] -- Using PYTHON_EXECUTABLE: /usr/bin/python3
[2.781s] -- Using PYTHON_INCLUDE_DIRS: /usr/include/python3.6m
[2.782s] -- Using PYTHON_LIBRARIES: /usr/lib/x86_64-linux-gnu/libpython3.6m.so
[3.117s] -- Found ament_lint_auto: 0.8.1 (/opt/ros/eloquent/share/ament_lint_auto/cmake)
[3.178s] -- Added test 'lint_cmake' to check CMake code style
[3.188s] -- Added test 'xmllint' to check XML markup files
[3.203s] -- Configuring done
[3.404s] -- Generating done
[3.421s] -- Build files have been written to: /home/jiseongyoo/ros2_examples/build/interfaces
[3.531s] [35m[1mScanning dependencies of target interfaces__cpp[0m
[3.575s] [  2%] Built target interfaces__cpp
[3.584s] [35m[1mScanning dependencies of target interfaces__rosidl_generator_c[0m
[3.634s] [  5%] [32mBuilding C object CMakeFiles/interfaces__rosidl_generator_c.dir/rosidl_generator_c/interfaces/msg/msg_collection__functions.c.o[0m
[3.658s] [35m[1mScanning dependencies of target interfaces__rosidl_typesupport_fastrtps_cpp[0m
[3.749s] [  8%] [32mBuilding CXX object CMakeFiles/interfaces__rosidl_typesupport_fastrtps_cpp.dir/rosidl_typesupport_fastrtps_cpp/interfaces/srv/dds_fastrtps/service_collection__type_support.cpp.o[0m
[3.822s] [ 10%] [32mBuilding C object CMakeFiles/interfaces__rosidl_generator_c.dir/rosidl_generator_c/interfaces/srv/service_collection__functions.c.o[0m
[3.917s] CMakeFiles/interfaces__rosidl_generator_c.dir/build.make:131: recipe for target 'CMakeFiles/interfaces__rosidl_generator_c.dir/rosidl_generator_c/interfaces/srv/service_collection__functions.c.o' failed
[3.919s] CMakeFiles/Makefile2:247: recipe for target 'CMakeFiles/interfaces__rosidl_generator_c.dir/all' failed
[5.391s] CMakeFiles/interfaces__rosidl_typesupport_fastrtps_cpp.dir/build.make:108: recipe for target 'CMakeFiles/interfaces__rosidl_typesupport_fastrtps_cpp.dir/rosidl_typesupport_fastrtps_cpp/interfaces/srv/dds_fastrtps/service_collection__type_support.cpp.o' failed
[5.391s] CMakeFiles/Makefile2:369: recipe for target 'CMakeFiles/interfaces__rosidl_typesupport_fastrtps_cpp.dir/all' failed
[5.392s] Makefile:140: recipe for target 'all' failed
