[0.063s] Invoking command in '/home/jiseongyoo/ros2_examples/build/interfaces': CMAKE_PREFIX_PATH=/opt/ros/eloquent /usr/bin/cmake --build /home/jiseongyoo/ros2_examples/build/interfaces -- -j2 -l2
[0.191s] -- Found ament_cmake: 0.8.2 (/opt/ros/eloquent/share/ament_cmake/cmake)
[0.302s] -- Found PythonInterp: /usr/bin/python3 (found suitable version "3.6.9", minimum required is "3") 
[0.304s] -- Using PYTHON_EXECUTABLE: /usr/bin/python3
[1.032s] -- Found rosidl_default_generators: 0.8.0 (/opt/ros/eloquent/share/rosidl_default_generators/cmake)
[1.237s] -- Found rosidl_adapter: 0.8.2 (/opt/ros/eloquent/share/rosidl_adapter/cmake)
[1.577s] -- Found PythonInterp: /usr/bin/python3 (found version "3.6.9") 
[2.203s] -- Using single matching rosidl_typesupport_c: rosidl_typesupport_fastrtps_c
[2.229s] -- Using single matching rosidl_typesupport_cpp: rosidl_typesupport_fastrtps_cpp
[2.556s] -- Found rmw_implementation_cmake: 0.8.1 (/opt/ros/eloquent/share/rmw_implementation_cmake/cmake)
[2.675s] -- Found PythonInterp: /usr/bin/python3 (found suitable version "3.6.9", minimum required is "3.5") 
[2.676s] -- Found python_cmake_module: 0.8.0 (/opt/ros/eloquent/share/python_cmake_module/cmake)
[2.780s] -- Using PYTHON_EXECUTABLE: /usr/bin/python3
[2.781s] -- Using PYTHON_INCLUDE_DIRS: /usr/include/python3.6m
[2.782s] -- Using PYTHON_LIBRARIES: /usr/lib/x86_64-linux-gnu/libpython3.6m.so
[3.117s] -- Found ament_lint_auto: 0.8.1 (/opt/ros/eloquent/share/ament_lint_auto/cmake)
[3.178s] -- Added test 'lint_cmake' to check CMake code style
[3.188s] -- Added test 'xmllint' to check XML markup files
[3.203s] -- Configuring done
[3.404s] -- Generating done
[3.421s] -- Build files have been written to: /home/jiseongyoo/ros2_examples/build/interfaces
[3.531s] [35m[1mScanning dependencies of target interfaces__cpp[0m
[3.575s] [  2%] Built target interfaces__cpp
[3.584s] [35m[1mScanning dependencies of target interfaces__rosidl_generator_c[0m
[3.634s] [  5%] [32mBuilding C object CMakeFiles/interfaces__rosidl_generator_c.dir/rosidl_generator_c/interfaces/msg/msg_collection__functions.c.o[0m
[3.658s] [35m[1mScanning dependencies of target interfaces__rosidl_typesupport_fastrtps_cpp[0m
[3.749s] [  8%] [32mBuilding CXX object CMakeFiles/interfaces__rosidl_typesupport_fastrtps_cpp.dir/rosidl_typesupport_fastrtps_cpp/interfaces/srv/dds_fastrtps/service_collection__type_support.cpp.o[0m
[3.822s] [ 10%] [32mBuilding C object CMakeFiles/interfaces__rosidl_generator_c.dir/rosidl_generator_c/interfaces/srv/service_collection__functions.c.o[0m
[3.867s] In file included from [01m[K/home/jiseongyoo/ros2_examples/build/interfaces/rosidl_generator_c/interfaces/srv/service_collection__functions.h:19:0[m[K,
[3.868s]                  from [01m[K/home/jiseongyoo/ros2_examples/build/interfaces/rosidl_generator_c/interfaces/srv/service_collection__functions.c:4[m[K:
[3.869s] [01m[K/home/jiseongyoo/ros2_examples/build/interfaces/rosidl_generator_c/interfaces/srv/service_collection__struct.h:24:27:[m[K [01;31m[Kerror: [m[Kredefinition of ‘[01m[Kinterfaces__srv__ServiceCollection_Request__CONSTANT_STRING[m[K’
[3.870s]  static const char * const [01;31m[Kinterfaces__srv__ServiceCollection_Request__CONSTANT_STRING[m[K = "CONSTANT_STRING";
[3.870s]                            [01;31m[K^~~~~~~~~~~~~~~~~~~~~~~~~~~~~~~~~~~~~~~~~~~~~~~~~~~~~~~~~~~[m[K
[3.871s] [01m[K/home/jiseongyoo/ros2_examples/build/interfaces/rosidl_generator_c/interfaces/srv/service_collection__struct.h:21:27:[m[K [01;36m[Knote: [m[Kprevious definition of ‘[01m[Kinterfaces__srv__ServiceCollection_Request__CONSTANT_STRING[m[K’ was here
[3.872s]  static const char * const [01;36m[Kinterfaces__srv__ServiceCollection_Request__CONSTANT_STRING[m[K = "CONSTANT_STRING";
[3.873s]                            [01;36m[K^~~~~~~~~~~~~~~~~~~~~~~~~~~~~~~~~~~~~~~~~~~~~~~~~~~~~~~~~~~[m[K
[3.917s] CMakeFiles/interfaces__rosidl_generator_c.dir/build.make:131: recipe for target 'CMakeFiles/interfaces__rosidl_generator_c.dir/rosidl_generator_c/interfaces/srv/service_collection__functions.c.o' failed
[3.918s] make[2]: *** [CMakeFiles/interfaces__rosidl_generator_c.dir/rosidl_generator_c/interfaces/srv/service_collection__functions.c.o] Error 1
[3.919s] CMakeFiles/Makefile2:247: recipe for target 'CMakeFiles/interfaces__rosidl_generator_c.dir/all' failed
[3.919s] make[1]: *** [CMakeFiles/interfaces__rosidl_generator_c.dir/all] Error 2
[3.919s] make[1]: *** Waiting for unfinished jobs....
[4.631s] In file included from [01m[K/home/jiseongyoo/ros2_examples/build/interfaces/rosidl_typesupport_fastrtps_cpp/interfaces/srv/service_collection__rosidl_typesupport_fastrtps_cpp.hpp:11:0[m[K,
[4.632s]                  from [01m[K/home/jiseongyoo/ros2_examples/build/interfaces/rosidl_typesupport_fastrtps_cpp/interfaces/srv/dds_fastrtps/service_collection__type_support.cpp:4[m[K:
[4.633s] [01m[K/home/jiseongyoo/ros2_examples/build/interfaces/rosidl_generator_cpp/interfaces/srv/service_collection__struct.hpp:293:123:[m[K [01;31m[Kerror: [m[Kredeclaration of ‘[01m[Kconst std::__cxx11::basic_string<char, std::char_traits<char>, typename ContainerAllocator::rebind<char>::other> interfaces::srv::ServiceCollection_Request_<ContainerAllocator>::CONSTANT_STRING[m[K’
[4.634s]  s<char>, typename ContainerAllocator::template rebind<char>::other> [01;31m[KCONSTANT_STRING[m[K;
[4.635s]                                                                      [01;31m[K^~~~~~~~~~~~~~~[m[K
[4.635s] [01m[K/home/jiseongyoo/ros2_examples/build/interfaces/rosidl_generator_cpp/interfaces/srv/service_collection__struct.hpp:292:123:[m[K [01;36m[Knote: [m[Kprevious declaration ‘[01m[Kconst std::__cxx11::basic_string<char, std::char_traits<char>, typename ContainerAllocator::rebind<char>::other> interfaces::srv::ServiceCollection_Request_<ContainerAllocator>::CONSTANT_STRING[m[K’
[4.636s]  s<char>, typename ContainerAllocator::template rebind<char>::other> [01;36m[KCONSTANT_STRING[m[K;
[4.636s]                                                                      [01;36m[K^~~~~~~~~~~~~~~[m[K
[4.647s] [01m[K/home/jiseongyoo/ros2_examples/build/interfaces/rosidl_generator_cpp/interfaces/srv/service_collection__struct.hpp:419:49:[m[K [01;31m[Kerror: [m[Kredefinition of ‘[01m[Kconst std::__cxx11::basic_string<char, std::char_traits<char>, typename ContainerAllocator::rebind<char>::other> interfaces::srv::ServiceCollection_Request_<ContainerAllocator>::CONSTANT_STRING[m[K’
[4.648s]  ServiceCollection_Request_<ContainerAllocator>::[01;31m[KCONSTANT_STRING[m[K = "CONSTANT_STRING";
[4.648s]                                                  [01;31m[K^~~~~~~~~~~~~~~[m[K
[4.649s] [01m[K/home/jiseongyoo/ros2_examples/build/interfaces/rosidl_generator_cpp/interfaces/srv/service_collection__struct.hpp:416:1:[m[K [01;36m[Knote: [m[K‘[01m[Kconst std::__cxx11::basic_string<char, std::char_traits<char>, typename ContainerAllocator::rebind<char>::other> interfaces::srv::ServiceCollection_Request_<ContainerAllocator>::CONSTANT_STRING[m[K’ previously declared here
[4.649s]  [01;36m[KServiceCollection_Request_<ContainerAllocator>[m[K::CONSTANT_STRING = "CONSTANT_STRING";
[4.650s]  [01;36m[K^~~~~~~~~~~~~~~~~~~~~~~~~~~~~~~~~~~~~~~~~~~~~~[m[K
[5.390s] make[2]: *** [CMakeFiles/interfaces__rosidl_typesupport_fastrtps_cpp.dir/rosidl_typesupport_fastrtps_cpp/interfaces/srv/dds_fastrtps/service_collection__type_support.cpp.o] Error 1
[5.391s] CMakeFiles/interfaces__rosidl_typesupport_fastrtps_cpp.dir/build.make:108: recipe for target 'CMakeFiles/interfaces__rosidl_typesupport_fastrtps_cpp.dir/rosidl_typesupport_fastrtps_cpp/interfaces/srv/dds_fastrtps/service_collection__type_support.cpp.o' failed
[5.391s] CMakeFiles/Makefile2:369: recipe for target 'CMakeFiles/interfaces__rosidl_typesupport_fastrtps_cpp.dir/all' failed
[5.391s] make[1]: *** [CMakeFiles/interfaces__rosidl_typesupport_fastrtps_cpp.dir/all] Error 2
[5.392s] Makefile:140: recipe for target 'all' failed
[5.398s] make: *** [all] Error 2
[5.400s] Invoked command in '/home/jiseongyoo/ros2_examples/build/interfaces' returned '2': CMAKE_PREFIX_PATH=/opt/ros/eloquent /usr/bin/cmake --build /home/jiseongyoo/ros2_examples/build/interfaces -- -j2 -l2
