[0.263s] [35m[1mScanning dependencies of target service_server_cpp[0m
[0.342s] [ 50%] Built target service_client_cpp
[0.389s] [ 75%] [32mBuilding CXX object CMakeFiles/service_server_cpp.dir/src/service_server_cpp_example.cpp.o[0m
[6.678s] [100%] [32m[1mLinking CXX executable service_server_cpp[0m
[7.339s] [100%] Built target service_server_cpp
[7.839s] [ 50%] Built target service_client_cpp
[7.841s] [100%] Built target service_server_cpp
[7.924s] [36mInstall the project...[0m
[7.971s] -- Install configuration: ""
[7.973s] -- Installing: /home/jiseongyoo/ros2_examples/install/service_cpp_example/lib/service_cpp_example/service_server_cpp
[7.979s] -- Set runtime path of "/home/jiseongyoo/ros2_examples/install/service_cpp_example/lib/service_cpp_example/service_server_cpp" to ""
[7.980s] -- Up-to-date: /home/jiseongyoo/ros2_examples/install/service_cpp_example/lib/service_cpp_example/service_client_cpp
[7.982s] -- Up-to-date: /home/jiseongyoo/ros2_examples/install/service_cpp_example/share/ament_index/resource_index/package_run_dependencies/service_cpp_example
[7.984s] -- Up-to-date: /home/jiseongyoo/ros2_examples/install/service_cpp_example/share/ament_index/resource_index/parent_prefix_path/service_cpp_example
[7.984s] -- Up-to-date: /home/jiseongyoo/ros2_examples/install/service_cpp_example/share/service_cpp_example/environment/ament_prefix_path.sh
[7.985s] -- Up-to-date: /home/jiseongyoo/ros2_examples/install/service_cpp_example/share/service_cpp_example/environment/ament_prefix_path.dsv
[7.986s] -- Up-to-date: /home/jiseongyoo/ros2_examples/install/service_cpp_example/share/service_cpp_example/environment/path.sh
[7.987s] -- Up-to-date: /home/jiseongyoo/ros2_examples/install/service_cpp_example/share/service_cpp_example/environment/path.dsv
[7.988s] -- Up-to-date: /home/jiseongyoo/ros2_examples/install/service_cpp_example/share/service_cpp_example/local_setup.bash
[7.989s] -- Up-to-date: /home/jiseongyoo/ros2_examples/install/service_cpp_example/share/service_cpp_example/local_setup.sh
[7.990s] -- Up-to-date: /home/jiseongyoo/ros2_examples/install/service_cpp_example/share/service_cpp_example/local_setup.zsh
[7.990s] -- Up-to-date: /home/jiseongyoo/ros2_examples/install/service_cpp_example/share/service_cpp_example/local_setup.dsv
[7.991s] -- Installing: /home/jiseongyoo/ros2_examples/install/service_cpp_example/share/service_cpp_example/package.dsv
[7.991s] -- Up-to-date: /home/jiseongyoo/ros2_examples/install/service_cpp_example/share/ament_index/resource_index/packages/service_cpp_example
[7.992s] -- Up-to-date: /home/jiseongyoo/ros2_examples/install/service_cpp_example/share/service_cpp_example/cmake/service_cpp_exampleConfig.cmake
[7.992s] -- Up-to-date: /home/jiseongyoo/ros2_examples/install/service_cpp_example/share/service_cpp_example/cmake/service_cpp_exampleConfig-version.cmake
[7.992s] -- Up-to-date: /home/jiseongyoo/ros2_examples/install/service_cpp_example/share/service_cpp_example/package.xml
