[0.162s] -- Found ament_cmake: 0.8.2 (/opt/ros/eloquent/share/ament_cmake/cmake)
[0.271s] -- Using PYTHON_EXECUTABLE: /usr/bin/python3
[1.038s] -- Found rclcpp: 0.8.4 (/opt/ros/eloquent/share/rclcpp/cmake)
[1.084s] -- Found rosidl_adapter: 0.8.2 (/opt/ros/eloquent/share/rosidl_adapter/cmake)
[1.229s] -- Found rmw_implementation_cmake: 0.8.1 (/opt/ros/eloquent/share/rmw_implementation_cmake/cmake)
[1.234s] -- Using RMW implementation 'rmw_fastrtps_cpp' as default
[1.370s] -- Found ament_lint_auto: 0.8.1 (/opt/ros/eloquent/share/ament_lint_auto/cmake)
[1.648s] -- Added test 'copyright' to check for copyright in CMake / C / C++ / Python code
[1.652s] -- Added test 'cppcheck' to perform static code analysis on C / C++ code
[1.652s] -- Configured cppcheck include dirs: $<BUILD_INTERFACE:/home/jiseongyoo/ros2_examples/src/pub_sub_cpp_template/include>;/home/jiseongyoo/ros2_examples/src/pub_sub_cpp_template/rclcpp
[1.656s] -- Added test 'cpplint' to check C / C++ code against the Google style
[1.658s] -- Added test 'lint_cmake' to check CMake code style
[1.662s] -- Added test 'uncrustify' to check C / C++ code style
[1.666s] -- Added test 'xmllint' to check XML markup files
[1.671s] -- Configuring done
[1.693s] -- Generating done
[1.700s] -- Build files have been written to: /home/jiseongyoo/ros2_examples/build/pub_sub_cpp_template
[1.807s] [35m[1mScanning dependencies of target pub_cpp_template[0m
[1.869s] [ 50%] [32mBuilding CXX object CMakeFiles/pub_cpp_template.dir/src/pub_cpp_template.cpp.o[0m
[1.940s] CMakeFiles/pub_cpp_template.dir/build.make:62: recipe for target 'CMakeFiles/pub_cpp_template.dir/src/pub_cpp_template.cpp.o' failed
[1.952s] CMakeFiles/Makefile2:131: recipe for target 'CMakeFiles/pub_cpp_template.dir/all' failed
[1.953s] Makefile:140: recipe for target 'all' failed
