[0.307s] [35m[1mScanning dependencies of target param_client_cpp[0m
[0.358s] [ 50%] Built target param_server_cpp
[0.426s] [ 75%] [32mBuilding CXX object CMakeFiles/param_client_cpp.dir/src/param_client_cpp_example.cpp.o[0m
[6.642s] [100%] [32m[1mLinking CXX executable param_client_cpp[0m
[7.208s] [100%] Built target param_client_cpp
[7.692s] [ 50%] Built target param_client_cpp
[7.703s] [100%] Built target param_server_cpp
[7.799s] [36mInstall the project...[0m
[7.835s] -- Install configuration: ""
[7.837s] -- Up-to-date: /home/jiseongyoo/ros2_examples/install/param_cpp_example/lib/param_cpp_example/param_server_cpp
[7.839s] -- Installing: /home/jiseongyoo/ros2_examples/install/param_cpp_example/lib/param_cpp_example/param_client_cpp
[7.844s] -- Set runtime path of "/home/jiseongyoo/ros2_examples/install/param_cpp_example/lib/param_cpp_example/param_client_cpp" to ""
[7.844s] -- Up-to-date: /home/jiseongyoo/ros2_examples/install/param_cpp_example/share/ament_index/resource_index/package_run_dependencies/param_cpp_example
[7.845s] -- Up-to-date: /home/jiseongyoo/ros2_examples/install/param_cpp_example/share/ament_index/resource_index/parent_prefix_path/param_cpp_example
[7.845s] -- Up-to-date: /home/jiseongyoo/ros2_examples/install/param_cpp_example/share/param_cpp_example/environment/ament_prefix_path.sh
[7.846s] -- Up-to-date: /home/jiseongyoo/ros2_examples/install/param_cpp_example/share/param_cpp_example/environment/ament_prefix_path.dsv
[7.846s] -- Up-to-date: /home/jiseongyoo/ros2_examples/install/param_cpp_example/share/param_cpp_example/environment/path.sh
[7.847s] -- Up-to-date: /home/jiseongyoo/ros2_examples/install/param_cpp_example/share/param_cpp_example/environment/path.dsv
[7.847s] -- Up-to-date: /home/jiseongyoo/ros2_examples/install/param_cpp_example/share/param_cpp_example/local_setup.bash
[7.847s] -- Up-to-date: /home/jiseongyoo/ros2_examples/install/param_cpp_example/share/param_cpp_example/local_setup.sh
[7.848s] -- Up-to-date: /home/jiseongyoo/ros2_examples/install/param_cpp_example/share/param_cpp_example/local_setup.zsh
[7.848s] -- Up-to-date: /home/jiseongyoo/ros2_examples/install/param_cpp_example/share/param_cpp_example/local_setup.dsv
[7.848s] -- Installing: /home/jiseongyoo/ros2_examples/install/param_cpp_example/share/param_cpp_example/package.dsv
[7.849s] -- Up-to-date: /home/jiseongyoo/ros2_examples/install/param_cpp_example/share/ament_index/resource_index/packages/param_cpp_example
[7.849s] -- Up-to-date: /home/jiseongyoo/ros2_examples/install/param_cpp_example/share/param_cpp_example/cmake/param_cpp_exampleConfig.cmake
[7.849s] -- Up-to-date: /home/jiseongyoo/ros2_examples/install/param_cpp_example/share/param_cpp_example/cmake/param_cpp_exampleConfig-version.cmake
[7.850s] -- Up-to-date: /home/jiseongyoo/ros2_examples/install/param_cpp_example/share/param_cpp_example/package.xml
