[0.154s] -- Found ament_cmake: 0.8.2 (/opt/ros/eloquent/share/ament_cmake/cmake)
[0.264s] -- Found PythonInterp: /usr/bin/python3 (found suitable version "3.6.9", minimum required is "3") 
[0.266s] -- Using PYTHON_EXECUTABLE: /usr/bin/python3
[1.104s] -- Found rosidl_default_generators: 0.8.0 (/opt/ros/eloquent/share/rosidl_default_generators/cmake)
[1.359s] -- Found rosidl_adapter: 0.8.2 (/opt/ros/eloquent/share/rosidl_adapter/cmake)
[1.748s] -- Found PythonInterp: /usr/bin/python3 (found version "3.6.9") 
[2.258s] CMake Error at /opt/ros/eloquent/share/rosidl_adapter/cmake/rosidl_adapt_interfaces.cmake:60 (message):
[2.259s]   execute_process(/usr/bin/python3 -m rosidl_adapter --package-name
[2.259s]   interfaces --arguments-file
[2.259s]   /home/jiseongyoo/ros2_examples/build/interfaces/rosidl_adapter__arguments__interfaces.json
[2.260s]   --output-dir
[2.260s]   /home/jiseongyoo/ros2_examples/build/interfaces/rosidl_adapter/interfaces
[2.261s]   --output-file
[2.261s]   /home/jiseongyoo/ros2_examples/build/interfaces/rosidl_adapter/interfaces.idls)
[2.262s]   returned error code 1:
[2.262s] 
[2.263s]   Traceback (most recent call last):
[2.263s] 
[2.263s]     File "/usr/lib/python3.6/runpy.py", line 193, in _run_module_as_main
[2.264s]       "__main__", mod_spec)
[2.264s]     File "/usr/lib/python3.6/runpy.py", line 85, in _run_code
[2.265s]       exec(code, run_globals)
[2.265s]     File "/opt/ros/eloquent/lib/python3.6/site-packages/rosidl_adapter/__main__.py", line 19, in <module>
[2.265s]       sys.exit(main())
[2.271s]     File "/opt/ros/eloquent/lib/python3.6/site-packages/rosidl_adapter/main.py", line 55, in main
[2.272s]       pathlib.Path(relative_path), output_dir)
[2.272s]     File "/opt/ros/eloquent/lib/python3.6/site-packages/rosidl_adapter/__init__.py", line 20, in convert_to_idl
[2.273s]       package_dir, package_name, interface_file, output_dir / 'msg')
[2.273s]     File "/opt/ros/eloquent/lib/python3.6/site-packages/rosidl_adapter/msg/__init__.py", line 28, in convert_msg_to_idl
[2.274s]       msg = parse_message_string(package_name, input_file.stem, content)
[2.274s]     File "/opt/ros/eloquent/lib/python3.6/site-packages/rosidl_adapter/parser.py", line 531, in parse_message_string
[2.275s]       msg = MessageSpecification(pkg_name, msg_name, fields, constants)
[2.275s]     File "/opt/ros/eloquent/lib/python3.6/site-packages/rosidl_adapter/parser.py", line 382, in __init__
[2.276s]       pkg_name + PACKAGE_NAME_MESSAGE_TYPE_SEPARATOR + msg_name)
[2.276s]     File "/opt/ros/eloquent/lib/python3.6/site-packages/rosidl_adapter/parser.py", line 200, in __init__
[2.276s]       self.type, VALID_MESSAGE_NAME_PATTERN.pattern))
[2.280s] 
[2.281s]   rosidl_adapter.parser.InvalidResourceName: 'msg_collection' is an invalid
[2.282s]   message name.  It should have the pattern '^[A-Z][A-Za-z0-9]*$'
[2.284s] 
[2.284s] Call Stack (most recent call first):
[2.284s]   /opt/ros/eloquent/share/rosidl_cmake/cmake/rosidl_generate_interfaces.cmake:130 (rosidl_adapt_interfaces)
[2.285s]   CMakeLists.txt:23 (rosidl_generate_interfaces)
[2.285s] 
[2.285s] 
[2.286s] -- Configuring incomplete, errors occurred!
[2.286s] See also "/home/jiseongyoo/ros2_examples/build/interfaces/CMakeFiles/CMakeOutput.log".
