[0.046s] Invoking command in '/home/jiseongyoo/ros2_examples/build/param_cpp_example': CMAKE_PREFIX_PATH=${CMAKE_PREFIX_PATH}:/opt/ros/eloquent /usr/bin/cmake --build /home/jiseongyoo/ros2_examples/build/param_cpp_example -- -j2 -l2
[0.236s] [35m[1mScanning dependencies of target param_client_cpp[0m
[0.296s] [ 50%] Built target param_server_cpp
[0.396s] [ 75%] [32mBuilding CXX object CMakeFiles/param_client_cpp.dir/src/param_client_cpp_example.cpp.o[0m
[6.687s] [100%] [32m[1mLinking CXX executable param_client_cpp[0m
[7.259s] [100%] Built target param_client_cpp
[7.300s] Invoked command in '/home/jiseongyoo/ros2_examples/build/param_cpp_example' returned '0': CMAKE_PREFIX_PATH=${CMAKE_PREFIX_PATH}:/opt/ros/eloquent /usr/bin/cmake --build /home/jiseongyoo/ros2_examples/build/param_cpp_example -- -j2 -l2
[7.483s] Invoking command in '/home/jiseongyoo/ros2_examples/build/param_cpp_example': CMAKE_PREFIX_PATH=${CMAKE_PREFIX_PATH}:/opt/ros/eloquent /usr/bin/cmake --build /home/jiseongyoo/ros2_examples/build/param_cpp_example --target install -- -j2 -l2
[7.719s] [ 50%] Built target param_client_cpp
[7.723s] [100%] Built target param_server_cpp
[7.806s] [36mInstall the project...[0m
[7.838s] -- Install configuration: ""
[7.843s] -- Up-to-date: /home/jiseongyoo/ros2_examples/install/param_cpp_example/lib/param_cpp_example/param_server_cpp
[7.846s] -- Installing: /home/jiseongyoo/ros2_examples/install/param_cpp_example/lib/param_cpp_example/param_client_cpp
[7.849s] -- Set runtime path of "/home/jiseongyoo/ros2_examples/install/param_cpp_example/lib/param_cpp_example/param_client_cpp" to ""
[7.850s] -- Up-to-date: /home/jiseongyoo/ros2_examples/install/param_cpp_example/share/ament_index/resource_index/package_run_dependencies/param_cpp_example
[7.850s] -- Up-to-date: /home/jiseongyoo/ros2_examples/install/param_cpp_example/share/ament_index/resource_index/parent_prefix_path/param_cpp_example
[7.851s] -- Up-to-date: /home/jiseongyoo/ros2_examples/install/param_cpp_example/share/param_cpp_example/environment/ament_prefix_path.sh
[7.851s] -- Up-to-date: /home/jiseongyoo/ros2_examples/install/param_cpp_example/share/param_cpp_example/environment/ament_prefix_path.dsv
[7.852s] -- Up-to-date: /home/jiseongyoo/ros2_examples/install/param_cpp_example/share/param_cpp_example/environment/path.sh
[7.856s] -- Up-to-date: /home/jiseongyoo/ros2_examples/install/param_cpp_example/share/param_cpp_example/environment/path.dsv
[7.856s] -- Up-to-date: /home/jiseongyoo/ros2_examples/install/param_cpp_example/share/param_cpp_example/local_setup.bash
[7.857s] -- Up-to-date: /home/jiseongyoo/ros2_examples/install/param_cpp_example/share/param_cpp_example/local_setup.sh
[7.858s] -- Up-to-date: /home/jiseongyoo/ros2_examples/install/param_cpp_example/share/param_cpp_example/local_setup.zsh
[7.859s] -- Up-to-date: /home/jiseongyoo/ros2_examples/install/param_cpp_example/share/param_cpp_example/local_setup.dsv
[7.862s] -- Installing: /home/jiseongyoo/ros2_examples/install/param_cpp_example/share/param_cpp_example/package.dsv
[7.863s] -- Up-to-date: /home/jiseongyoo/ros2_examples/install/param_cpp_example/share/ament_index/resource_index/packages/param_cpp_example
[7.868s] -- Up-to-date: /home/jiseongyoo/ros2_examples/install/param_cpp_example/share/param_cpp_example/cmake/param_cpp_exampleConfig.cmake
[7.869s] -- Up-to-date: /home/jiseongyoo/ros2_examples/install/param_cpp_example/share/param_cpp_example/cmake/param_cpp_exampleConfig-version.cmake
[7.870s] -- Up-to-date: /home/jiseongyoo/ros2_examples/install/param_cpp_example/share/param_cpp_example/package.xml
[7.872s] Invoked command in '/home/jiseongyoo/ros2_examples/build/param_cpp_example' returned '0': CMAKE_PREFIX_PATH=${CMAKE_PREFIX_PATH}:/opt/ros/eloquent /usr/bin/cmake --build /home/jiseongyoo/ros2_examples/build/param_cpp_example --target install -- -j2 -l2
