[0.054s] Invoking command in '/home/jiseongyoo/ros2_examples/build/interfaces': CMAKE_PREFIX_PATH=/opt/ros/eloquent /usr/bin/cmake --build /home/jiseongyoo/ros2_examples/build/interfaces -- -j2 -l2
[0.211s] -- Found ament_cmake: 0.8.2 (/opt/ros/eloquent/share/ament_cmake/cmake)
[0.319s] -- Found PythonInterp: /usr/bin/python3 (found suitable version "3.6.9", minimum required is "3") 
[0.321s] -- Using PYTHON_EXECUTABLE: /usr/bin/python3
[1.079s] -- Found rosidl_default_generators: 0.8.0 (/opt/ros/eloquent/share/rosidl_default_generators/cmake)
[1.331s] -- Found rosidl_adapter: 0.8.2 (/opt/ros/eloquent/share/rosidl_adapter/cmake)
[1.701s] -- Found PythonInterp: /usr/bin/python3 (found version "3.6.9") 
[2.803s] -- Using single matching rosidl_typesupport_c: rosidl_typesupport_fastrtps_c
[2.878s] -- Using single matching rosidl_typesupport_cpp: rosidl_typesupport_fastrtps_cpp
[3.593s] -- Found rmw_implementation_cmake: 0.8.1 (/opt/ros/eloquent/share/rmw_implementation_cmake/cmake)
[3.716s] -- Found PythonInterp: /usr/bin/python3 (found suitable version "3.6.9", minimum required is "3.5") 
[3.737s] -- Found python_cmake_module: 0.8.0 (/opt/ros/eloquent/share/python_cmake_module/cmake)
[3.883s] -- Using PYTHON_EXECUTABLE: /usr/bin/python3
[3.888s] -- Using PYTHON_INCLUDE_DIRS: /usr/include/python3.6m
[3.890s] -- Using PYTHON_LIBRARIES: /usr/lib/x86_64-linux-gnu/libpython3.6m.so
[4.326s] -- Found ament_lint_auto: 0.8.1 (/opt/ros/eloquent/share/ament_lint_auto/cmake)
[4.413s] -- Added test 'lint_cmake' to check CMake code style
[4.419s] -- Added test 'xmllint' to check XML markup files
[4.434s] -- Configuring done
[5.337s] -- Generating done
[5.355s] -- Build files have been written to: /home/jiseongyoo/ros2_examples/build/interfaces
[5.479s] [  1%] [34m[1mGenerating C code for ROS interfaces[0m
[5.512s] [  2%] [34m[1mGenerating C++ code for ROS interfaces[0m
[13.744s] [  2%] Built target interfaces__cpp
[13.825s] [  4%] [34m[1mGenerating C++ type support for eProsima Fast-RTPS[0m
[14.539s] [35m[1mScanning dependencies of target interfaces__rosidl_generator_c[0m
[14.624s] [  5%] [32mBuilding C object CMakeFiles/interfaces__rosidl_generator_c.dir/rosidl_generator_c/interfaces/action/action_collection__functions.c.o[0m
[14.960s] [  7%] [32mBuilding C object CMakeFiles/interfaces__rosidl_generator_c.dir/rosidl_generator_c/interfaces/msg/message_collection__functions.c.o[0m
[15.106s] [  8%] [32mBuilding C object CMakeFiles/interfaces__rosidl_generator_c.dir/rosidl_generator_c/interfaces/srv/service_collection__functions.c.o[0m
[15.275s] [ 10%] [32mBuilding C object CMakeFiles/interfaces__rosidl_generator_c.dir/rosidl_generator_c/interfaces/action/example__functions.c.o[0m
[15.562s] [ 11%] [32mBuilding C object CMakeFiles/interfaces__rosidl_generator_c.dir/rosidl_generator_c/interfaces/msg/example__functions.c.o[0m
[15.702s] [ 13%] [32mBuilding C object CMakeFiles/interfaces__rosidl_generator_c.dir/rosidl_generator_c/interfaces/srv/example__functions.c.o[0m
[15.858s] [ 14%] [32m[1mLinking C shared library libinterfaces__rosidl_generator_c.so[0m
[16.030s] [ 14%] Built target interfaces__rosidl_generator_c
[16.103s] [ 15%] [34m[1mGenerating C++ introspection for ROS interfaces[0m
[22.463s] [35m[1mScanning dependencies of target interfaces__rosidl_typesupport_fastrtps_cpp[0m
[22.658s] [ 17%] [32mBuilding CXX object CMakeFiles/interfaces__rosidl_typesupport_fastrtps_cpp.dir/rosidl_typesupport_fastrtps_cpp/interfaces/action/dds_fastrtps/action_collection__type_support.cpp.o[0m
[23.227s] [35m[1mScanning dependencies of target interfaces__rosidl_typesupport_introspection_cpp[0m
[23.307s] [ 18%] [32mBuilding CXX object CMakeFiles/interfaces__rosidl_typesupport_introspection_cpp.dir/rosidl_typesupport_introspection_cpp/interfaces/action/action_collection__type_support.cpp.o[0m
[25.006s] [ 20%] [32mBuilding CXX object CMakeFiles/interfaces__rosidl_typesupport_introspection_cpp.dir/rosidl_typesupport_introspection_cpp/interfaces/msg/message_collection__type_support.cpp.o[0m
[25.025s] [ 21%] [32mBuilding CXX object CMakeFiles/interfaces__rosidl_typesupport_fastrtps_cpp.dir/rosidl_typesupport_fastrtps_cpp/interfaces/msg/dds_fastrtps/message_collection__type_support.cpp.o[0m
[26.348s] [ 23%] [32mBuilding CXX object CMakeFiles/interfaces__rosidl_typesupport_introspection_cpp.dir/rosidl_typesupport_introspection_cpp/interfaces/srv/service_collection__type_support.cpp.o[0m
[26.959s] [ 24%] [32mBuilding CXX object CMakeFiles/interfaces__rosidl_typesupport_fastrtps_cpp.dir/rosidl_typesupport_fastrtps_cpp/interfaces/srv/dds_fastrtps/service_collection__type_support.cpp.o[0m
[27.774s] [ 26%] [32mBuilding CXX object CMakeFiles/interfaces__rosidl_typesupport_introspection_cpp.dir/rosidl_typesupport_introspection_cpp/interfaces/action/example__type_support.cpp.o[0m
[28.900s] [ 27%] [32mBuilding CXX object CMakeFiles/interfaces__rosidl_typesupport_introspection_cpp.dir/rosidl_typesupport_introspection_cpp/interfaces/msg/example__type_support.cpp.o[0m
[29.014s] [ 28%] [32mBuilding CXX object CMakeFiles/interfaces__rosidl_typesupport_fastrtps_cpp.dir/rosidl_typesupport_fastrtps_cpp/interfaces/action/dds_fastrtps/example__type_support.cpp.o[0m
[29.880s] [ 30%] [32mBuilding CXX object CMakeFiles/interfaces__rosidl_typesupport_introspection_cpp.dir/rosidl_typesupport_introspection_cpp/interfaces/srv/example__type_support.cpp.o[0m
[30.751s] [ 31%] [32mBuilding CXX object CMakeFiles/interfaces__rosidl_typesupport_fastrtps_cpp.dir/rosidl_typesupport_fastrtps_cpp/interfaces/msg/dds_fastrtps/example__type_support.cpp.o[0m
[30.852s] [ 33%] [32m[1mLinking CXX shared library libinterfaces__rosidl_typesupport_introspection_cpp.so[0m
[31.221s] [ 33%] Built target interfaces__rosidl_typesupport_introspection_cpp
[31.256s] [ 34%] [32mBuilding CXX object CMakeFiles/interfaces__rosidl_typesupport_fastrtps_cpp.dir/rosidl_typesupport_fastrtps_cpp/interfaces/srv/dds_fastrtps/example__type_support.cpp.o[0m
[32.315s] [ 36%] [34m[1mGenerating C introspection for ROS interfaces[0m
[32.748s] [ 37%] [32m[1mLinking CXX shared library libinterfaces__rosidl_typesupport_fastrtps_cpp.so[0m
[33.200s] [ 37%] Built target interfaces__rosidl_typesupport_fastrtps_cpp
[33.259s] [ 39%] [34m[1mGenerating C type support for eProsima Fast-RTPS[0m
[39.880s] [35m[1mScanning dependencies of target interfaces__rosidl_typesupport_introspection_c[0m
[40.007s] [ 40%] [32mBuilding C object CMakeFiles/interfaces__rosidl_typesupport_introspection_c.dir/rosidl_typesupport_introspection_c/interfaces/action/action_collection__type_support.c.o[0m
[40.228s] [ 42%] [32mBuilding C object CMakeFiles/interfaces__rosidl_typesupport_introspection_c.dir/rosidl_typesupport_introspection_c/interfaces/msg/message_collection__type_support.c.o[0m
[40.358s] [ 43%] [32mBuilding C object CMakeFiles/interfaces__rosidl_typesupport_introspection_c.dir/rosidl_typesupport_introspection_c/interfaces/srv/service_collection__type_support.c.o[0m
[40.495s] [ 44%] [32mBuilding C object CMakeFiles/interfaces__rosidl_typesupport_introspection_c.dir/rosidl_typesupport_introspection_c/interfaces/action/example__type_support.c.o[0m
[40.665s] [ 46%] [32mBuilding C object CMakeFiles/interfaces__rosidl_typesupport_introspection_c.dir/rosidl_typesupport_introspection_c/interfaces/msg/example__type_support.c.o[0m
[40.791s] [ 47%] [32mBuilding C object CMakeFiles/interfaces__rosidl_typesupport_introspection_c.dir/rosidl_typesupport_introspection_c/interfaces/srv/example__type_support.c.o[0m
[40.938s] [ 49%] [32m[1mLinking C shared library libinterfaces__rosidl_typesupport_introspection_c.so[0m
[41.075s] [ 49%] Built target interfaces__rosidl_typesupport_introspection_c
[41.149s] [ 50%] [34m[1mGenerating C++ type support dispatch for ROS interfaces[0m
[41.811s] [35m[1mScanning dependencies of target interfaces__rosidl_typesupport_fastrtps_c[0m
[42.003s] [ 52%] [32mBuilding CXX object CMakeFiles/interfaces__rosidl_typesupport_fastrtps_c.dir/rosidl_typesupport_fastrtps_c/interfaces/action/action_collection__type_support_c.cpp.o[0m
[43.771s] [ 53%] [32mBuilding CXX object CMakeFiles/interfaces__rosidl_typesupport_fastrtps_c.dir/rosidl_typesupport_fastrtps_c/interfaces/msg/message_collection__type_support_c.cpp.o[0m
[45.202s] [ 55%] [32mBuilding CXX object CMakeFiles/interfaces__rosidl_typesupport_fastrtps_c.dir/rosidl_typesupport_fastrtps_c/interfaces/srv/service_collection__type_support_c.cpp.o[0m
[46.746s] [ 56%] [32mBuilding CXX object CMakeFiles/interfaces__rosidl_typesupport_fastrtps_c.dir/rosidl_typesupport_fastrtps_c/interfaces/action/example__type_support_c.cpp.o[0m
[47.612s] [35m[1mScanning dependencies of target interfaces__rosidl_typesupport_cpp[0m
[47.727s] [ 57%] [32mBuilding CXX object CMakeFiles/interfaces__rosidl_typesupport_cpp.dir/rosidl_typesupport_cpp/interfaces/action/action_collection__type_support.cpp.o[0m
[48.226s] [ 59%] [32mBuilding CXX object CMakeFiles/interfaces__rosidl_typesupport_fastrtps_c.dir/rosidl_typesupport_fastrtps_c/interfaces/msg/example__type_support_c.cpp.o[0m
[49.362s] [ 60%] [32mBuilding CXX object CMakeFiles/interfaces__rosidl_typesupport_cpp.dir/rosidl_typesupport_cpp/interfaces/msg/message_collection__type_support.cpp.o[0m
[49.535s] [ 62%] [32mBuilding CXX object CMakeFiles/interfaces__rosidl_typesupport_fastrtps_c.dir/rosidl_typesupport_fastrtps_c/interfaces/srv/example__type_support_c.cpp.o[0m
[50.799s] [ 63%] [32mBuilding CXX object CMakeFiles/interfaces__rosidl_typesupport_cpp.dir/rosidl_typesupport_cpp/interfaces/srv/service_collection__type_support.cpp.o[0m
[50.870s] [ 65%] [32m[1mLinking CXX shared library libinterfaces__rosidl_typesupport_fastrtps_c.so[0m
[51.332s] [ 65%] Built target interfaces__rosidl_typesupport_fastrtps_c
[51.369s] [ 66%] [32mBuilding CXX object CMakeFiles/interfaces__rosidl_typesupport_cpp.dir/rosidl_typesupport_cpp/interfaces/action/example__type_support.cpp.o[0m
[52.290s] [ 68%] [34m[1mGenerating C type support dispatch for ROS interfaces[0m
[53.047s] [ 69%] [32mBuilding CXX object CMakeFiles/interfaces__rosidl_typesupport_cpp.dir/rosidl_typesupport_cpp/interfaces/msg/example__type_support.cpp.o[0m
[54.526s] [ 71%] [32mBuilding CXX object CMakeFiles/interfaces__rosidl_typesupport_cpp.dir/rosidl_typesupport_cpp/interfaces/srv/example__type_support.cpp.o[0m
[56.026s] [ 72%] [32m[1mLinking CXX shared library libinterfaces__rosidl_typesupport_cpp.so[0m
[56.461s] [ 72%] Built target interfaces__rosidl_typesupport_cpp
[58.693s] [35m[1mScanning dependencies of target interfaces__rosidl_typesupport_c[0m
[58.801s] [ 73%] [32mBuilding CXX object CMakeFiles/interfaces__rosidl_typesupport_c.dir/rosidl_typesupport_c/interfaces/action/action_collection__type_support.cpp.o[0m
[58.813s] [ 75%] [32mBuilding CXX object CMakeFiles/interfaces__rosidl_typesupport_c.dir/rosidl_typesupport_c/interfaces/msg/message_collection__type_support.cpp.o[0m
[58.951s] [ 76%] [32mBuilding CXX object CMakeFiles/interfaces__rosidl_typesupport_c.dir/rosidl_typesupport_c/interfaces/srv/service_collection__type_support.cpp.o[0m
[59.003s] [ 78%] [32mBuilding CXX object CMakeFiles/interfaces__rosidl_typesupport_c.dir/rosidl_typesupport_c/interfaces/action/example__type_support.cpp.o[0m
[59.071s] [ 79%] [32mBuilding CXX object CMakeFiles/interfaces__rosidl_typesupport_c.dir/rosidl_typesupport_c/interfaces/msg/example__type_support.cpp.o[0m
[59.173s] [ 81%] [32mBuilding CXX object CMakeFiles/interfaces__rosidl_typesupport_c.dir/rosidl_typesupport_c/interfaces/srv/example__type_support.cpp.o[0m
[59.305s] [ 82%] [32m[1mLinking CXX shared library libinterfaces__rosidl_typesupport_c.so[0m
[59.591s] [ 82%] Built target interfaces__rosidl_typesupport_c
[59.684s] [ 82%] Built target interfaces
[59.802s] [ 84%] [34m[1mGenerating Python code for ROS interfaces[0m
[76.855s] [ 84%] Built target interfaces__py
[76.934s] [35m[1mScanning dependencies of target interfaces__python[0m
[77.137s] [ 85%] [32mBuilding C object CMakeFiles/interfaces__python.dir/rosidl_generator_py/interfaces/action/_action_collection_s.c.o[0m
[77.163s] [ 86%] [32mBuilding C object CMakeFiles/interfaces__python.dir/rosidl_generator_py/interfaces/msg/_message_collection_s.c.o[0m
[77.980s] [ 88%] [32mBuilding C object CMakeFiles/interfaces__python.dir/rosidl_generator_py/interfaces/srv/_service_collection_s.c.o[0m
[78.582s] [ 89%] [32mBuilding C object CMakeFiles/interfaces__python.dir/rosidl_generator_py/interfaces/action/_example_s.c.o[0m
[78.766s] [ 91%] [32mBuilding C object CMakeFiles/interfaces__python.dir/rosidl_generator_py/interfaces/msg/_example_s.c.o[0m
[79.101s] [ 92%] [32mBuilding C object CMakeFiles/interfaces__python.dir/rosidl_generator_py/interfaces/srv/_example_s.c.o[0m
[79.495s] [ 94%] [32m[1mLinking CXX shared library rosidl_generator_py/interfaces/libinterfaces__python.so[0m
[79.855s] [ 94%] Built target interfaces__python
[79.917s] [35m[1mScanning dependencies of target interfaces__rosidl_typesupport_c__pyext[0m
[79.936s] [35m[1mScanning dependencies of target interfaces__rosidl_typesupport_fastrtps_c__pyext[0m
[80.010s] [ 95%] [32mBuilding C object CMakeFiles/interfaces__rosidl_typesupport_c__pyext.dir/rosidl_generator_py/interfaces/_interfaces_s.ep.rosidl_typesupport_c.c.o[0m
[80.103s] [ 97%] [32mBuilding C object CMakeFiles/interfaces__rosidl_typesupport_fastrtps_c__pyext.dir/rosidl_generator_py/interfaces/_interfaces_s.ep.rosidl_typesupport_fastrtps_c.c.o[0m
[80.693s] [ 98%] [32m[1mLinking CXX shared library rosidl_generator_py/interfaces/interfaces_s__rosidl_typesupport_c.cpython-36m-x86_64-linux-gnu.so[0m
[80.809s] [100%] [32m[1mLinking CXX shared library rosidl_generator_py/interfaces/interfaces_s__rosidl_typesupport_fastrtps_c.cpython-36m-x86_64-linux-gnu.so[0m
[81.097s] [100%] Built target interfaces__rosidl_typesupport_c__pyext
[81.209s] [100%] Built target interfaces__rosidl_typesupport_fastrtps_c__pyext
[81.259s] Invoked command in '/home/jiseongyoo/ros2_examples/build/interfaces' returned '0': CMAKE_PREFIX_PATH=/opt/ros/eloquent /usr/bin/cmake --build /home/jiseongyoo/ros2_examples/build/interfaces -- -j2 -l2
[81.846s] Invoking command in '/home/jiseongyoo/ros2_examples/build/interfaces': CMAKE_PREFIX_PATH=/opt/ros/eloquent /usr/bin/cmake --build /home/jiseongyoo/ros2_examples/build/interfaces --target install -- -j2 -l2
[82.083s] [  1%] Built target interfaces__cpp
[82.098s] [ 13%] Built target interfaces__rosidl_generator_c
[82.197s] [ 24%] Built target interfaces__rosidl_typesupport_introspection_cpp
[82.201s] [ 36%] Built target interfaces__rosidl_typesupport_fastrtps_cpp
[82.297s] [ 47%] Built target interfaces__rosidl_typesupport_introspection_c
[82.316s] [ 59%] Built target interfaces__rosidl_typesupport_fastrtps_c
[82.411s] [ 71%] Built target interfaces__rosidl_typesupport_cpp
[82.423s] [ 82%] Built target interfaces__rosidl_typesupport_c
[82.515s] [ 82%] Built target interfaces
[82.608s] [ 84%] Built target interfaces__py
[82.733s] [ 94%] Built target interfaces__python
[82.836s] [ 97%] Built target interfaces__rosidl_typesupport_fastrtps_c__pyext
[82.844s] [100%] Built target interfaces__rosidl_typesupport_c__pyext
[82.940s] [36mInstall the project...[0m
[82.983s] -- Install configuration: ""
[82.984s] -- Up-to-date: /home/jiseongyoo/ros2_examples/install/interfaces/share/ament_index/resource_index/rosidl_interfaces/interfaces
[82.986s] -- Installing: /home/jiseongyoo/ros2_examples/install/interfaces/lib/libinterfaces__rosidl_typesupport_c.so
[82.990s] -- Set runtime path of "/home/jiseongyoo/ros2_examples/install/interfaces/lib/libinterfaces__rosidl_typesupport_c.so" to ""
[82.991s] -- Up-to-date: /home/jiseongyoo/ros2_examples/install/interfaces/share/interfaces/environment/library_path.sh
[82.994s] -- Installing: /home/jiseongyoo/ros2_examples/install/interfaces/share/interfaces/environment/library_path.dsv
[82.999s] -- Installing: /home/jiseongyoo/ros2_examples/install/interfaces/lib/libinterfaces__rosidl_typesupport_cpp.so
[83.005s] -- Set runtime path of "/home/jiseongyoo/ros2_examples/install/interfaces/lib/libinterfaces__rosidl_typesupport_cpp.so" to ""
[83.006s] -- Up-to-date: /home/jiseongyoo/ros2_examples/install/interfaces/include/interfaces
[83.007s] -- Up-to-date: /home/jiseongyoo/ros2_examples/install/interfaces/include/interfaces/msg
[83.008s] -- Up-to-date: /home/jiseongyoo/ros2_examples/install/interfaces/include/interfaces/msg/msg_collection__rosidl_typesupport_fastrtps_c.h
[83.009s] -- Up-to-date: /home/jiseongyoo/ros2_examples/install/interfaces/include/interfaces/msg/msg_collection1__rosidl_typesupport_fastrtps_c.h
[83.011s] -- Installing: /home/jiseongyoo/ros2_examples/install/interfaces/include/interfaces/msg/example__rosidl_typesupport_fastrtps_c.h
[83.011s] -- Up-to-date: /home/jiseongyoo/ros2_examples/install/interfaces/include/interfaces/msg/message_interface_example__rosidl_typesupport_fastrtps_c.h
[83.012s] -- Installing: /home/jiseongyoo/ros2_examples/install/interfaces/include/interfaces/msg/message_collection__rosidl_typesupport_fastrtps_c.h
[83.013s] -- Up-to-date: /home/jiseongyoo/ros2_examples/install/interfaces/include/interfaces/msg/rosidl_typesupport_fastrtps_c__visibility_control.h
[83.016s] -- Up-to-date: /home/jiseongyoo/ros2_examples/install/interfaces/include/interfaces/action
[83.020s] -- Up-to-date: /home/jiseongyoo/ros2_examples/install/interfaces/include/interfaces/action/action_interface_example__rosidl_typesupport_fastrtps_c.h
[83.022s] -- Installing: /home/jiseongyoo/ros2_examples/install/interfaces/include/interfaces/action/action_collection__rosidl_typesupport_fastrtps_c.h
[83.024s] -- Installing: /home/jiseongyoo/ros2_examples/install/interfaces/include/interfaces/action/example__rosidl_typesupport_fastrtps_c.h
[83.026s] -- Up-to-date: /home/jiseongyoo/ros2_examples/install/interfaces/include/interfaces/srv
[83.027s] -- Up-to-date: /home/jiseongyoo/ros2_examples/install/interfaces/include/interfaces/srv/service_interface_example__rosidl_typesupport_fastrtps_c.h
[83.028s] -- Installing: /home/jiseongyoo/ros2_examples/install/interfaces/include/interfaces/srv/example__rosidl_typesupport_fastrtps_c.h
[83.028s] -- Installing: /home/jiseongyoo/ros2_examples/install/interfaces/include/interfaces/srv/service_collection__rosidl_typesupport_fastrtps_c.h
[83.030s] -- Installing: /home/jiseongyoo/ros2_examples/install/interfaces/lib/libinterfaces__rosidl_typesupport_fastrtps_c.so
[83.031s] -- Set runtime path of "/home/jiseongyoo/ros2_examples/install/interfaces/lib/libinterfaces__rosidl_typesupport_fastrtps_c.so" to ""
[83.032s] -- Up-to-date: /home/jiseongyoo/ros2_examples/install/interfaces/include/interfaces
[83.033s] -- Up-to-date: /home/jiseongyoo/ros2_examples/install/interfaces/include/interfaces/msg
[83.035s] -- Up-to-date: /home/jiseongyoo/ros2_examples/install/interfaces/include/interfaces/msg/message_interface_example.h
[83.036s] -- Installing: /home/jiseongyoo/ros2_examples/install/interfaces/include/interfaces/msg/example__functions.h
[83.036s] -- Up-to-date: /home/jiseongyoo/ros2_examples/install/interfaces/include/interfaces/msg/msg_collection1__type_support.h
[83.037s] -- Up-to-date: /home/jiseongyoo/ros2_examples/install/interfaces/include/interfaces/msg/msg_collection__functions.c
[83.039s] -- Up-to-date: /home/jiseongyoo/ros2_examples/install/interfaces/include/interfaces/msg/msg_collection__functions.h
[83.039s] -- Installing: /home/jiseongyoo/ros2_examples/install/interfaces/include/interfaces/msg/example.h
[83.039s] -- Up-to-date: /home/jiseongyoo/ros2_examples/install/interfaces/include/interfaces/msg/msg_collection.h
[83.040s] -- Up-to-date: /home/jiseongyoo/ros2_examples/install/interfaces/include/interfaces/msg/message_interface_example__functions.c
[83.042s] -- Installing: /home/jiseongyoo/ros2_examples/install/interfaces/include/interfaces/msg/example__functions.c
[83.052s] -- Up-to-date: /home/jiseongyoo/ros2_examples/install/interfaces/include/interfaces/msg/rosidl_generator_c__visibility_control.h
[83.052s] -- Up-to-date: /home/jiseongyoo/ros2_examples/install/interfaces/include/interfaces/msg/message_interface_example__type_support.h
[83.057s] -- Up-to-date: /home/jiseongyoo/ros2_examples/install/interfaces/include/interfaces/msg/msg_collection__struct.h
[83.058s] -- Up-to-date: /home/jiseongyoo/ros2_examples/install/interfaces/include/interfaces/msg/msg_collection__type_support.h
[83.058s] -- Installing: /home/jiseongyoo/ros2_examples/install/interfaces/include/interfaces/msg/example__type_support.h
[83.063s] -- Installing: /home/jiseongyoo/ros2_examples/install/interfaces/include/interfaces/msg/message_collection__functions.h
[83.065s] -- Up-to-date: /home/jiseongyoo/ros2_examples/install/interfaces/include/interfaces/msg/msg_collection1__functions.h
[83.069s] -- Up-to-date: /home/jiseongyoo/ros2_examples/install/interfaces/include/interfaces/msg/message_interface_example__functions.h
[83.070s] -- Installing: /home/jiseongyoo/ros2_examples/install/interfaces/include/interfaces/msg/message_collection__functions.c
[83.070s] -- Installing: /home/jiseongyoo/ros2_examples/install/interfaces/include/interfaces/msg/message_collection__struct.h
[83.070s] -- Installing: /home/jiseongyoo/ros2_examples/install/interfaces/include/interfaces/msg/example__struct.h
[83.071s] -- Installing: /home/jiseongyoo/ros2_examples/install/interfaces/include/interfaces/msg/message_collection.h
[83.071s] -- Up-to-date: /home/jiseongyoo/ros2_examples/install/interfaces/include/interfaces/msg/msg_collection1.h
[83.072s] -- Up-to-date: /home/jiseongyoo/ros2_examples/install/interfaces/include/interfaces/msg/msg_collection1__functions.c
[83.072s] -- Up-to-date: /home/jiseongyoo/ros2_examples/install/interfaces/include/interfaces/msg/msg_collection1__struct.h
[83.076s] -- Up-to-date: /home/jiseongyoo/ros2_examples/install/interfaces/include/interfaces/msg/message_interface_example__struct.h
[83.076s] -- Installing: /home/jiseongyoo/ros2_examples/install/interfaces/include/interfaces/msg/message_collection__type_support.h
[83.076s] -- Up-to-date: /home/jiseongyoo/ros2_examples/install/interfaces/include/interfaces/action
[83.077s] -- Up-to-date: /home/jiseongyoo/ros2_examples/install/interfaces/include/interfaces/action/action_interface_example.h
[83.077s] -- Installing: /home/jiseongyoo/ros2_examples/install/interfaces/include/interfaces/action/example__functions.h
[83.078s] -- Installing: /home/jiseongyoo/ros2_examples/install/interfaces/include/interfaces/action/action_collection__type_support.h
[83.078s] -- Up-to-date: /home/jiseongyoo/ros2_examples/install/interfaces/include/interfaces/action/action_interface_example__type_support.h
[83.078s] -- Up-to-date: /home/jiseongyoo/ros2_examples/install/interfaces/include/interfaces/action/action_interface_example__functions.c
[83.079s] -- Installing: /home/jiseongyoo/ros2_examples/install/interfaces/include/interfaces/action/action_collection__functions.h
[83.080s] -- Installing: /home/jiseongyoo/ros2_examples/install/interfaces/include/interfaces/action/example.h
[83.080s] -- Installing: /home/jiseongyoo/ros2_examples/install/interfaces/include/interfaces/action/action_collection__struct.h
[83.080s] -- Up-to-date: /home/jiseongyoo/ros2_examples/install/interfaces/include/interfaces/action/action_interface_example__struct.h
[83.081s] -- Installing: /home/jiseongyoo/ros2_examples/install/interfaces/include/interfaces/action/action_collection.h
[83.081s] -- Installing: /home/jiseongyoo/ros2_examples/install/interfaces/include/interfaces/action/example__functions.c
[83.082s] -- Installing: /home/jiseongyoo/ros2_examples/install/interfaces/include/interfaces/action/action_collection__functions.c
[83.082s] -- Installing: /home/jiseongyoo/ros2_examples/install/interfaces/include/interfaces/action/example__type_support.h
[83.082s] -- Installing: /home/jiseongyoo/ros2_examples/install/interfaces/include/interfaces/action/example__struct.h
[83.083s] -- Up-to-date: /home/jiseongyoo/ros2_examples/install/interfaces/include/interfaces/action/action_interface_example__functions.h
[83.083s] -- Up-to-date: /home/jiseongyoo/ros2_examples/install/interfaces/include/interfaces/srv
[83.083s] -- Installing: /home/jiseongyoo/ros2_examples/install/interfaces/include/interfaces/srv/service_collection.h
[83.084s] -- Installing: /home/jiseongyoo/ros2_examples/install/interfaces/include/interfaces/srv/example__functions.h
[83.084s] -- Installing: /home/jiseongyoo/ros2_examples/install/interfaces/include/interfaces/srv/service_collection__functions.c
[83.084s] -- Installing: /home/jiseongyoo/ros2_examples/install/interfaces/include/interfaces/srv/service_collection__functions.h
[83.085s] -- Installing: /home/jiseongyoo/ros2_examples/install/interfaces/include/interfaces/srv/example.h
[83.085s] -- Up-to-date: /home/jiseongyoo/ros2_examples/install/interfaces/include/interfaces/srv/service_interface_example__functions.h
[83.085s] -- Up-to-date: /home/jiseongyoo/ros2_examples/install/interfaces/include/interfaces/srv/service_interface_example__type_support.h
[83.086s] -- Installing: /home/jiseongyoo/ros2_examples/install/interfaces/include/interfaces/srv/service_collection__type_support.h
[83.086s] -- Installing: /home/jiseongyoo/ros2_examples/install/interfaces/include/interfaces/srv/example__functions.c
[83.087s] -- Installing: /home/jiseongyoo/ros2_examples/install/interfaces/include/interfaces/srv/service_collection__struct.h
[83.087s] -- Up-to-date: /home/jiseongyoo/ros2_examples/install/interfaces/include/interfaces/srv/service_interface_example__functions.c
[83.087s] -- Up-to-date: /home/jiseongyoo/ros2_examples/install/interfaces/include/interfaces/srv/service_interface_example.h
[83.088s] -- Installing: /home/jiseongyoo/ros2_examples/install/interfaces/include/interfaces/srv/example__type_support.h
[83.088s] -- Up-to-date: /home/jiseongyoo/ros2_examples/install/interfaces/include/interfaces/srv/service_interface_example__struct.h
[83.088s] -- Installing: /home/jiseongyoo/ros2_examples/install/interfaces/include/interfaces/srv/example__struct.h
[83.089s] -- Installing: /home/jiseongyoo/ros2_examples/install/interfaces/lib/libinterfaces__rosidl_generator_c.so
[83.089s] -- Set runtime path of "/home/jiseongyoo/ros2_examples/install/interfaces/lib/libinterfaces__rosidl_generator_c.so" to ""
[83.090s] -- Up-to-date: /home/jiseongyoo/ros2_examples/install/interfaces/include/interfaces
[83.090s] -- Up-to-date: /home/jiseongyoo/ros2_examples/install/interfaces/include/interfaces/msg
[83.091s] -- Installing: /home/jiseongyoo/ros2_examples/install/interfaces/include/interfaces/msg/message_collection__rosidl_typesupport_fastrtps_cpp.hpp
[83.091s] -- Up-to-date: /home/jiseongyoo/ros2_examples/install/interfaces/include/interfaces/msg/msg_collection__rosidl_typesupport_fastrtps_cpp.hpp
[83.091s] -- Up-to-date: /home/jiseongyoo/ros2_examples/install/interfaces/include/interfaces/msg/msg_collection1__rosidl_typesupport_fastrtps_cpp.hpp
[83.092s] -- Up-to-date: /home/jiseongyoo/ros2_examples/install/interfaces/include/interfaces/msg/dds_fastrtps
[83.092s] -- Up-to-date: /home/jiseongyoo/ros2_examples/install/interfaces/include/interfaces/msg/rosidl_typesupport_fastrtps_cpp__visibility_control.h
[83.092s] -- Up-to-date: /home/jiseongyoo/ros2_examples/install/interfaces/include/interfaces/msg/message_interface_example__rosidl_typesupport_fastrtps_cpp.hpp
[83.093s] -- Installing: /home/jiseongyoo/ros2_examples/install/interfaces/include/interfaces/msg/example__rosidl_typesupport_fastrtps_cpp.hpp
[83.093s] -- Up-to-date: /home/jiseongyoo/ros2_examples/install/interfaces/include/interfaces/action
[83.094s] -- Up-to-date: /home/jiseongyoo/ros2_examples/install/interfaces/include/interfaces/action/dds_fastrtps
[83.094s] -- Installing: /home/jiseongyoo/ros2_examples/install/interfaces/include/interfaces/action/action_collection__rosidl_typesupport_fastrtps_cpp.hpp
[83.094s] -- Up-to-date: /home/jiseongyoo/ros2_examples/install/interfaces/include/interfaces/action/action_interface_example__rosidl_typesupport_fastrtps_cpp.hpp
[83.095s] -- Installing: /home/jiseongyoo/ros2_examples/install/interfaces/include/interfaces/action/example__rosidl_typesupport_fastrtps_cpp.hpp
[83.095s] -- Up-to-date: /home/jiseongyoo/ros2_examples/install/interfaces/include/interfaces/srv
[83.095s] -- Up-to-date: /home/jiseongyoo/ros2_examples/install/interfaces/include/interfaces/srv/service_interface_example__rosidl_typesupport_fastrtps_cpp.hpp
[83.096s] -- Up-to-date: /home/jiseongyoo/ros2_examples/install/interfaces/include/interfaces/srv/dds_fastrtps
[83.096s] -- Installing: /home/jiseongyoo/ros2_examples/install/interfaces/include/interfaces/srv/service_collection__rosidl_typesupport_fastrtps_cpp.hpp
[83.096s] -- Installing: /home/jiseongyoo/ros2_examples/install/interfaces/include/interfaces/srv/example__rosidl_typesupport_fastrtps_cpp.hpp
[83.097s] -- Installing: /home/jiseongyoo/ros2_examples/install/interfaces/lib/libinterfaces__rosidl_typesupport_fastrtps_cpp.so
[83.097s] -- Set runtime path of "/home/jiseongyoo/ros2_examples/install/interfaces/lib/libinterfaces__rosidl_typesupport_fastrtps_cpp.so" to ""
[83.098s] -- Up-to-date: /home/jiseongyoo/ros2_examples/install/interfaces/include/interfaces
[83.098s] -- Up-to-date: /home/jiseongyoo/ros2_examples/install/interfaces/include/interfaces/msg
[83.098s] -- Installing: /home/jiseongyoo/ros2_examples/install/interfaces/include/interfaces/msg/example.hpp
[83.099s] -- Up-to-date: /home/jiseongyoo/ros2_examples/install/interfaces/include/interfaces/msg/message_interface_example__struct.hpp
[83.099s] -- Up-to-date: /home/jiseongyoo/ros2_examples/install/interfaces/include/interfaces/msg/msg_collection1__struct.hpp
[83.099s] -- Installing: /home/jiseongyoo/ros2_examples/install/interfaces/include/interfaces/msg/example__struct.hpp
[83.100s] -- Up-to-date: /home/jiseongyoo/ros2_examples/install/interfaces/include/interfaces/msg/message_interface_example.hpp
[83.100s] -- Up-to-date: /home/jiseongyoo/ros2_examples/install/interfaces/include/interfaces/msg/msg_collection__struct.hpp
[83.100s] -- Up-to-date: /home/jiseongyoo/ros2_examples/install/interfaces/include/interfaces/msg/msg_collection1__traits.hpp
[83.101s] -- Up-to-date: /home/jiseongyoo/ros2_examples/install/interfaces/include/interfaces/msg/msg_collection1.hpp
[83.101s] -- Installing: /home/jiseongyoo/ros2_examples/install/interfaces/include/interfaces/msg/message_collection.hpp
[83.101s] -- Up-to-date: /home/jiseongyoo/ros2_examples/install/interfaces/include/interfaces/msg/msg_collection.hpp
[83.102s] -- Up-to-date: /home/jiseongyoo/ros2_examples/install/interfaces/include/interfaces/msg/message_interface_example__traits.hpp
[83.102s] -- Installing: /home/jiseongyoo/ros2_examples/install/interfaces/include/interfaces/msg/message_collection__struct.hpp
[83.102s] -- Installing: /home/jiseongyoo/ros2_examples/install/interfaces/include/interfaces/msg/example__traits.hpp
[83.103s] -- Up-to-date: /home/jiseongyoo/ros2_examples/install/interfaces/include/interfaces/msg/msg_collection__traits.hpp
[83.103s] -- Installing: /home/jiseongyoo/ros2_examples/install/interfaces/include/interfaces/msg/message_collection__traits.hpp
[83.104s] -- Up-to-date: /home/jiseongyoo/ros2_examples/install/interfaces/include/interfaces/action
[83.104s] -- Installing: /home/jiseongyoo/ros2_examples/install/interfaces/include/interfaces/action/action_collection.hpp
[83.104s] -- Installing: /home/jiseongyoo/ros2_examples/install/interfaces/include/interfaces/action/example.hpp
[83.105s] -- Up-to-date: /home/jiseongyoo/ros2_examples/install/interfaces/include/interfaces/action/action_interface_example.hpp
[83.107s] -- Installing: /home/jiseongyoo/ros2_examples/install/interfaces/include/interfaces/action/example__struct.hpp
[83.107s] -- Up-to-date: /home/jiseongyoo/ros2_examples/install/interfaces/include/interfaces/action/action_interface_example__traits.hpp
[83.108s] -- Up-to-date: /home/jiseongyoo/ros2_examples/install/interfaces/include/interfaces/action/action_interface_example__struct.hpp
[83.108s] -- Installing: /home/jiseongyoo/ros2_examples/install/interfaces/include/interfaces/action/action_collection__struct.hpp
[83.109s] -- Installing: /home/jiseongyoo/ros2_examples/install/interfaces/include/interfaces/action/action_collection__traits.hpp
[83.109s] -- Installing: /home/jiseongyoo/ros2_examples/install/interfaces/include/interfaces/action/example__traits.hpp
[83.109s] -- Up-to-date: /home/jiseongyoo/ros2_examples/install/interfaces/include/interfaces/srv
[83.110s] -- Installing: /home/jiseongyoo/ros2_examples/install/interfaces/include/interfaces/srv/example.hpp
[83.110s] -- Up-to-date: /home/jiseongyoo/ros2_examples/install/interfaces/include/interfaces/srv/service_interface_example.hpp
[83.110s] -- Up-to-date: /home/jiseongyoo/ros2_examples/install/interfaces/include/interfaces/srv/service_interface_example__traits.hpp
[83.111s] -- Installing: /home/jiseongyoo/ros2_examples/install/interfaces/include/interfaces/srv/example__struct.hpp
[83.111s] -- Up-to-date: /home/jiseongyoo/ros2_examples/install/interfaces/include/interfaces/srv/service_interface_example__struct.hpp
[83.111s] -- Installing: /home/jiseongyoo/ros2_examples/install/interfaces/include/interfaces/srv/service_collection__traits.hpp
[83.112s] -- Installing: /home/jiseongyoo/ros2_examples/install/interfaces/include/interfaces/srv/service_collection__struct.hpp
[83.112s] -- Installing: /home/jiseongyoo/ros2_examples/install/interfaces/include/interfaces/srv/service_collection.hpp
[83.113s] -- Installing: /home/jiseongyoo/ros2_examples/install/interfaces/include/interfaces/srv/example__traits.hpp
[83.113s] -- Up-to-date: /home/jiseongyoo/ros2_examples/install/interfaces/include/interfaces
[83.113s] -- Up-to-date: /home/jiseongyoo/ros2_examples/install/interfaces/include/interfaces/msg
[83.114s] -- Up-to-date: /home/jiseongyoo/ros2_examples/install/interfaces/include/interfaces/msg/msg_collection__rosidl_typesupport_introspection_c.h
[83.114s] -- Installing: /home/jiseongyoo/ros2_examples/install/interfaces/include/interfaces/msg/message_collection__rosidl_typesupport_introspection_c.h
[83.114s] -- Up-to-date: /home/jiseongyoo/ros2_examples/install/interfaces/include/interfaces/msg/msg_collection1__type_support.c
[83.115s] -- Up-to-date: /home/jiseongyoo/ros2_examples/install/interfaces/include/interfaces/msg/rosidl_typesupport_introspection_c__visibility_control.h
[83.115s] -- Up-to-date: /home/jiseongyoo/ros2_examples/install/interfaces/include/interfaces/msg/msg_collection1__rosidl_typesupport_introspection_c.h
[83.115s] -- Up-to-date: /home/jiseongyoo/ros2_examples/install/interfaces/include/interfaces/msg/message_interface_example__rosidl_typesupport_introspection_c.h
[83.116s] -- Installing: /home/jiseongyoo/ros2_examples/install/interfaces/include/interfaces/msg/example__type_support.c
[83.116s] -- Installing: /home/jiseongyoo/ros2_examples/install/interfaces/include/interfaces/msg/message_collection__type_support.c
[83.116s] -- Installing: /home/jiseongyoo/ros2_examples/install/interfaces/include/interfaces/msg/example__rosidl_typesupport_introspection_c.h
[83.117s] -- Up-to-date: /home/jiseongyoo/ros2_examples/install/interfaces/include/interfaces/msg/msg_collection__type_support.c
[83.117s] -- Up-to-date: /home/jiseongyoo/ros2_examples/install/interfaces/include/interfaces/msg/message_interface_example__type_support.c
[83.119s] -- Up-to-date: /home/jiseongyoo/ros2_examples/install/interfaces/include/interfaces/action
[83.119s] -- Installing: /home/jiseongyoo/ros2_examples/install/interfaces/include/interfaces/action/action_collection__rosidl_typesupport_introspection_c.h
[83.119s] -- Up-to-date: /home/jiseongyoo/ros2_examples/install/interfaces/include/interfaces/action/action_interface_example__type_support.c
[83.120s] -- Installing: /home/jiseongyoo/ros2_examples/install/interfaces/include/interfaces/action/action_collection__type_support.c
[83.120s] -- Up-to-date: /home/jiseongyoo/ros2_examples/install/interfaces/include/interfaces/action/action_interface_example__rosidl_typesupport_introspection_c.h
[83.120s] -- Installing: /home/jiseongyoo/ros2_examples/install/interfaces/include/interfaces/action/example__type_support.c
[83.121s] -- Installing: /home/jiseongyoo/ros2_examples/install/interfaces/include/interfaces/action/example__rosidl_typesupport_introspection_c.h
[83.121s] -- Up-to-date: /home/jiseongyoo/ros2_examples/install/interfaces/include/interfaces/srv
[83.122s] -- Up-to-date: /home/jiseongyoo/ros2_examples/install/interfaces/include/interfaces/srv/service_interface_example__rosidl_typesupport_introspection_c.h
[83.122s] -- Up-to-date: /home/jiseongyoo/ros2_examples/install/interfaces/include/interfaces/srv/service_interface_example__type_support.c
[83.122s] -- Installing: /home/jiseongyoo/ros2_examples/install/interfaces/include/interfaces/srv/example__type_support.c
[83.123s] -- Installing: /home/jiseongyoo/ros2_examples/install/interfaces/include/interfaces/srv/service_collection__type_support.c
[83.123s] -- Installing: /home/jiseongyoo/ros2_examples/install/interfaces/include/interfaces/srv/service_collection__rosidl_typesupport_introspection_c.h
[83.123s] -- Installing: /home/jiseongyoo/ros2_examples/install/interfaces/include/interfaces/srv/example__rosidl_typesupport_introspection_c.h
[83.124s] -- Installing: /home/jiseongyoo/ros2_examples/install/interfaces/lib/libinterfaces__rosidl_typesupport_introspection_c.so
[83.124s] -- Set runtime path of "/home/jiseongyoo/ros2_examples/install/interfaces/lib/libinterfaces__rosidl_typesupport_introspection_c.so" to ""
[83.124s] -- Up-to-date: /home/jiseongyoo/ros2_examples/install/interfaces/include/interfaces
[83.125s] -- Up-to-date: /home/jiseongyoo/ros2_examples/install/interfaces/include/interfaces/msg
[83.125s] -- Up-to-date: /home/jiseongyoo/ros2_examples/install/interfaces/include/interfaces/msg/msg_collection1__type_support.cpp
[83.126s] -- Installing: /home/jiseongyoo/ros2_examples/install/interfaces/include/interfaces/msg/example__rosidl_typesupport_introspection_cpp.hpp
[83.126s] -- Up-to-date: /home/jiseongyoo/ros2_examples/install/interfaces/include/interfaces/msg/message_interface_example__type_support.cpp
[83.126s] -- Up-to-date: /home/jiseongyoo/ros2_examples/install/interfaces/include/interfaces/msg/msg_collection1__rosidl_typesupport_introspection_cpp.hpp
[83.127s] -- Up-to-date: /home/jiseongyoo/ros2_examples/install/interfaces/include/interfaces/msg/msg_collection__rosidl_typesupport_introspection_cpp.hpp
[83.127s] -- Installing: /home/jiseongyoo/ros2_examples/install/interfaces/include/interfaces/msg/example__type_support.cpp
[83.127s] -- Up-to-date: /home/jiseongyoo/ros2_examples/install/interfaces/include/interfaces/msg/message_interface_example__rosidl_typesupport_introspection_cpp.hpp
[83.128s] -- Installing: /home/jiseongyoo/ros2_examples/install/interfaces/include/interfaces/msg/message_collection__rosidl_typesupport_introspection_cpp.hpp
[83.128s] -- Up-to-date: /home/jiseongyoo/ros2_examples/install/interfaces/include/interfaces/msg/msg_collection__type_support.cpp
[83.128s] -- Installing: /home/jiseongyoo/ros2_examples/install/interfaces/include/interfaces/msg/message_collection__type_support.cpp
[83.129s] -- Up-to-date: /home/jiseongyoo/ros2_examples/install/interfaces/include/interfaces/action
[83.129s] -- Installing: /home/jiseongyoo/ros2_examples/install/interfaces/include/interfaces/action/example__rosidl_typesupport_introspection_cpp.hpp
[83.129s] -- Installing: /home/jiseongyoo/ros2_examples/install/interfaces/include/interfaces/action/action_collection__type_support.cpp
[83.130s] -- Installing: /home/jiseongyoo/ros2_examples/install/interfaces/include/interfaces/action/example__type_support.cpp
[83.130s] -- Up-to-date: /home/jiseongyoo/ros2_examples/install/interfaces/include/interfaces/action/action_interface_example__rosidl_typesupport_introspection_cpp.hpp
[83.131s] -- Installing: /home/jiseongyoo/ros2_examples/install/interfaces/include/interfaces/action/action_collection__rosidl_typesupport_introspection_cpp.hpp
[83.131s] -- Up-to-date: /home/jiseongyoo/ros2_examples/install/interfaces/include/interfaces/action/action_interface_example__type_support.cpp
[83.132s] -- Up-to-date: /home/jiseongyoo/ros2_examples/install/interfaces/include/interfaces/srv
[83.132s] -- Up-to-date: /home/jiseongyoo/ros2_examples/install/interfaces/include/interfaces/srv/service_interface_example__rosidl_typesupport_introspection_cpp.hpp
[83.133s] -- Installing: /home/jiseongyoo/ros2_examples/install/interfaces/include/interfaces/srv/example__rosidl_typesupport_introspection_cpp.hpp
[83.133s] -- Up-to-date: /home/jiseongyoo/ros2_examples/install/interfaces/include/interfaces/srv/service_interface_example__type_support.cpp
[83.133s] -- Installing: /home/jiseongyoo/ros2_examples/install/interfaces/include/interfaces/srv/example__type_support.cpp
[83.134s] -- Installing: /home/jiseongyoo/ros2_examples/install/interfaces/include/interfaces/srv/service_collection__rosidl_typesupport_introspection_cpp.hpp
[83.134s] -- Installing: /home/jiseongyoo/ros2_examples/install/interfaces/include/interfaces/srv/service_collection__type_support.cpp
[83.134s] -- Installing: /home/jiseongyoo/ros2_examples/install/interfaces/lib/libinterfaces__rosidl_typesupport_introspection_cpp.so
[83.135s] -- Set runtime path of "/home/jiseongyoo/ros2_examples/install/interfaces/lib/libinterfaces__rosidl_typesupport_introspection_cpp.so" to ""
[83.135s] -- Up-to-date: /home/jiseongyoo/ros2_examples/install/interfaces/share/interfaces/environment/pythonpath.sh
[83.135s] -- Installing: /home/jiseongyoo/ros2_examples/install/interfaces/share/interfaces/environment/pythonpath.dsv
[83.136s] -- Installing: /home/jiseongyoo/ros2_examples/install/interfaces/lib/python3.6/site-packages/interfaces/__init__.py
[83.260s] Compiling '/home/jiseongyoo/ros2_examples/install/interfaces/lib/python3.6/site-packages/interfaces/__init__.py'...
[83.287s] -- Up-to-date: /home/jiseongyoo/ros2_examples/install/interfaces/lib/python3.6/site-packages/interfaces/action
[83.288s] -- Installing: /home/jiseongyoo/ros2_examples/install/interfaces/lib/python3.6/site-packages/interfaces/action/_example.py
[83.289s] -- Up-to-date: /home/jiseongyoo/ros2_examples/install/interfaces/lib/python3.6/site-packages/interfaces/action/_action_interface_example.py
[83.290s] -- Installing: /home/jiseongyoo/ros2_examples/install/interfaces/lib/python3.6/site-packages/interfaces/action/_action_collection_s.c
[83.293s] -- Installing: /home/jiseongyoo/ros2_examples/install/interfaces/lib/python3.6/site-packages/interfaces/action/_example_s.c
[83.294s] -- Installing: /home/jiseongyoo/ros2_examples/install/interfaces/lib/python3.6/site-packages/interfaces/action/_action_collection.py
[83.296s] -- Up-to-date: /home/jiseongyoo/ros2_examples/install/interfaces/lib/python3.6/site-packages/interfaces/action/_action_interface_example_s.c
[83.298s] -- Installing: /home/jiseongyoo/ros2_examples/install/interfaces/lib/python3.6/site-packages/interfaces/action/__init__.py
[83.299s] -- Up-to-date: /home/jiseongyoo/ros2_examples/install/interfaces/lib/python3.6/site-packages/interfaces/msg
[83.301s] -- Installing: /home/jiseongyoo/ros2_examples/install/interfaces/lib/python3.6/site-packages/interfaces/msg/_message_collection_s.c
[83.302s] -- Up-to-date: /home/jiseongyoo/ros2_examples/install/interfaces/lib/python3.6/site-packages/interfaces/msg/_message_interface_example.py
[83.303s] -- Installing: /home/jiseongyoo/ros2_examples/install/interfaces/lib/python3.6/site-packages/interfaces/msg/_example.py
[83.303s] -- Installing: /home/jiseongyoo/ros2_examples/install/interfaces/lib/python3.6/site-packages/interfaces/msg/_message_collection.py
[83.304s] -- Up-to-date: /home/jiseongyoo/ros2_examples/install/interfaces/lib/python3.6/site-packages/interfaces/msg/_message_interface_example_s.c
[83.304s] -- Up-to-date: /home/jiseongyoo/ros2_examples/install/interfaces/lib/python3.6/site-packages/interfaces/msg/_msg_collection1_s.c
[83.305s] -- Up-to-date: /home/jiseongyoo/ros2_examples/install/interfaces/lib/python3.6/site-packages/interfaces/msg/_msg_collection.py
[83.306s] -- Installing: /home/jiseongyoo/ros2_examples/install/interfaces/lib/python3.6/site-packages/interfaces/msg/_example_s.c
[83.306s] -- Installing: /home/jiseongyoo/ros2_examples/install/interfaces/lib/python3.6/site-packages/interfaces/msg/__init__.py
[83.307s] -- Up-to-date: /home/jiseongyoo/ros2_examples/install/interfaces/lib/python3.6/site-packages/interfaces/msg/_msg_collection1.py
[83.308s] -- Up-to-date: /home/jiseongyoo/ros2_examples/install/interfaces/lib/python3.6/site-packages/interfaces/msg/_msg_collection_s.c
[83.308s] -- Up-to-date: /home/jiseongyoo/ros2_examples/install/interfaces/lib/python3.6/site-packages/interfaces/srv
[83.308s] -- Installing: /home/jiseongyoo/ros2_examples/install/interfaces/lib/python3.6/site-packages/interfaces/srv/_service_collection_s.c
[83.309s] -- Installing: /home/jiseongyoo/ros2_examples/install/interfaces/lib/python3.6/site-packages/interfaces/srv/_example.py
[83.311s] -- Up-to-date: /home/jiseongyoo/ros2_examples/install/interfaces/lib/python3.6/site-packages/interfaces/srv/_service_interface_example.py
[83.312s] -- Installing: /home/jiseongyoo/ros2_examples/install/interfaces/lib/python3.6/site-packages/interfaces/srv/_example_s.c
[83.312s] -- Installing: /home/jiseongyoo/ros2_examples/install/interfaces/lib/python3.6/site-packages/interfaces/srv/__init__.py
[83.313s] -- Installing: /home/jiseongyoo/ros2_examples/install/interfaces/lib/python3.6/site-packages/interfaces/srv/_service_collection.py
[83.314s] -- Up-to-date: /home/jiseongyoo/ros2_examples/install/interfaces/lib/python3.6/site-packages/interfaces/srv/_service_interface_example_s.c
[83.314s] -- Installing: /home/jiseongyoo/ros2_examples/install/interfaces/lib/python3.6/site-packages/interfaces/interfaces_s__rosidl_typesupport_c.cpython-36m-x86_64-linux-gnu.so
[83.316s] -- Set runtime path of "/home/jiseongyoo/ros2_examples/install/interfaces/lib/python3.6/site-packages/interfaces/interfaces_s__rosidl_typesupport_c.cpython-36m-x86_64-linux-gnu.so" to ""
[83.316s] -- Installing: /home/jiseongyoo/ros2_examples/install/interfaces/lib/python3.6/site-packages/interfaces/interfaces_s__rosidl_typesupport_fastrtps_c.cpython-36m-x86_64-linux-gnu.so
[83.320s] -- Set runtime path of "/home/jiseongyoo/ros2_examples/install/interfaces/lib/python3.6/site-packages/interfaces/interfaces_s__rosidl_typesupport_fastrtps_c.cpython-36m-x86_64-linux-gnu.so" to ""
[83.321s] -- Installing: /home/jiseongyoo/ros2_examples/install/interfaces/lib/libinterfaces__python.so
[83.322s] -- Set runtime path of "/home/jiseongyoo/ros2_examples/install/interfaces/lib/libinterfaces__python.so" to ""
[83.323s] -- Up-to-date: /home/jiseongyoo/ros2_examples/install/interfaces/share/interfaces/action/ActionCollection.idl
[83.324s] -- Up-to-date: /home/jiseongyoo/ros2_examples/install/interfaces/share/interfaces/msg/MessageCollection.idl
[83.324s] -- Up-to-date: /home/jiseongyoo/ros2_examples/install/interfaces/share/interfaces/srv/ServiceCollection.idl
[83.325s] -- Installing: /home/jiseongyoo/ros2_examples/install/interfaces/share/interfaces/action/Example.idl
[83.326s] -- Up-to-date: /home/jiseongyoo/ros2_examples/install/interfaces/share/interfaces/msg/Example.idl
[83.327s] -- Up-to-date: /home/jiseongyoo/ros2_examples/install/interfaces/share/interfaces/srv/Example.idl
[83.328s] -- Up-to-date: /home/jiseongyoo/ros2_examples/install/interfaces/share/interfaces/action/ActionCollection.action
[83.329s] -- Up-to-date: /home/jiseongyoo/ros2_examples/install/interfaces/share/interfaces/msg/MessageCollection.msg
[83.329s] -- Up-to-date: /home/jiseongyoo/ros2_examples/install/interfaces/share/interfaces/srv/ServiceCollection.srv
[83.330s] -- Up-to-date: /home/jiseongyoo/ros2_examples/install/interfaces/share/interfaces/srv/ServiceCollection_Request.msg
[83.330s] -- Up-to-date: /home/jiseongyoo/ros2_examples/install/interfaces/share/interfaces/srv/ServiceCollection_Response.msg
[83.331s] -- Installing: /home/jiseongyoo/ros2_examples/install/interfaces/share/interfaces/action/Example.action
[83.332s] -- Up-to-date: /home/jiseongyoo/ros2_examples/install/interfaces/share/interfaces/msg/Example.msg
[83.332s] -- Up-to-date: /home/jiseongyoo/ros2_examples/install/interfaces/share/interfaces/srv/Example.srv
[83.333s] -- Up-to-date: /home/jiseongyoo/ros2_examples/install/interfaces/share/interfaces/srv/Example_Request.msg
[83.333s] -- Up-to-date: /home/jiseongyoo/ros2_examples/install/interfaces/share/interfaces/srv/Example_Response.msg
[83.334s] -- Up-to-date: /home/jiseongyoo/ros2_examples/install/interfaces/share/ament_index/resource_index/package_run_dependencies/interfaces
[83.334s] -- Up-to-date: /home/jiseongyoo/ros2_examples/install/interfaces/share/ament_index/resource_index/parent_prefix_path/interfaces
[83.335s] -- Up-to-date: /home/jiseongyoo/ros2_examples/install/interfaces/share/interfaces/environment/ament_prefix_path.sh
[83.335s] -- Installing: /home/jiseongyoo/ros2_examples/install/interfaces/share/interfaces/environment/ament_prefix_path.dsv
[83.335s] -- Up-to-date: /home/jiseongyoo/ros2_examples/install/interfaces/share/interfaces/environment/path.sh
[83.337s] -- Installing: /home/jiseongyoo/ros2_examples/install/interfaces/share/interfaces/environment/path.dsv
[83.344s] -- Up-to-date: /home/jiseongyoo/ros2_examples/install/interfaces/share/interfaces/local_setup.bash
[83.344s] -- Up-to-date: /home/jiseongyoo/ros2_examples/install/interfaces/share/interfaces/local_setup.sh
[83.345s] -- Up-to-date: /home/jiseongyoo/ros2_examples/install/interfaces/share/interfaces/local_setup.zsh
[83.345s] -- Installing: /home/jiseongyoo/ros2_examples/install/interfaces/share/interfaces/local_setup.dsv
[83.345s] -- Installing: /home/jiseongyoo/ros2_examples/install/interfaces/share/interfaces/package.dsv
[83.346s] -- Up-to-date: /home/jiseongyoo/ros2_examples/install/interfaces/share/ament_index/resource_index/packages/interfaces
[83.346s] -- Up-to-date: /home/jiseongyoo/ros2_examples/install/interfaces/share/interfaces/cmake/rosidl_cmake-extras.cmake
[83.346s] -- Up-to-date: /home/jiseongyoo/ros2_examples/install/interfaces/share/interfaces/cmake/ament_cmake_export_dependencies-extras.cmake
[83.347s] -- Up-to-date: /home/jiseongyoo/ros2_examples/install/interfaces/share/interfaces/cmake/ament_cmake_export_libraries-extras.cmake
[83.347s] -- Up-to-date: /home/jiseongyoo/ros2_examples/install/interfaces/share/interfaces/cmake/ament_cmake_export_include_directories-extras.cmake
[83.348s] -- Up-to-date: /home/jiseongyoo/ros2_examples/install/interfaces/share/interfaces/cmake/interfacesConfig.cmake
[83.348s] -- Up-to-date: /home/jiseongyoo/ros2_examples/install/interfaces/share/interfaces/cmake/interfacesConfig-version.cmake
[83.348s] -- Up-to-date: /home/jiseongyoo/ros2_examples/install/interfaces/share/interfaces/package.xml
[83.349s] Invoked command in '/home/jiseongyoo/ros2_examples/build/interfaces' returned '0': CMAKE_PREFIX_PATH=/opt/ros/eloquent /usr/bin/cmake --build /home/jiseongyoo/ros2_examples/build/interfaces --target install -- -j2 -l2
