[0.079s] Invoking command in '/home/jiseongyoo/ros2_examples/build/param_cpp_example': CMAKE_PREFIX_PATH=${CMAKE_PREFIX_PATH}:/opt/ros/eloquent /usr/bin/cmake --build /home/jiseongyoo/ros2_examples/build/param_cpp_example -- -j2 -l2
[0.237s] -- Found ament_cmake: 0.8.2 (/opt/ros/eloquent/share/ament_cmake/cmake)
[0.375s] -- Using PYTHON_EXECUTABLE: /usr/bin/python3
[1.215s] -- Found rclcpp: 0.8.4 (/opt/ros/eloquent/share/rclcpp/cmake)
[1.322s] -- Found rosidl_adapter: 0.8.2 (/opt/ros/eloquent/share/rosidl_adapter/cmake)
[1.550s] -- Found rmw_implementation_cmake: 0.8.1 (/opt/ros/eloquent/share/rmw_implementation_cmake/cmake)
[1.559s] -- Using RMW implementation 'rmw_fastrtps_cpp' as default
[1.564s] -- Looking for pthread.h
[2.080s] -- Looking for pthread.h - found
[2.108s] -- Looking for pthread_create
[2.525s] -- Looking for pthread_create - not found
[2.527s] -- Looking for pthread_create in pthreads
[2.835s] -- Looking for pthread_create in pthreads - not found
[2.836s] -- Looking for pthread_create in pthread
[3.161s] -- Looking for pthread_create in pthread - found
[3.168s] -- Found Threads: TRUE  
[3.518s] -- Found ament_lint_auto: 0.8.1 (/opt/ros/eloquent/share/ament_lint_auto/cmake)
[3.828s] -- Added test 'copyright' to check for copyright in CMake / C / C++ / Python code
[3.834s] -- Added test 'cppcheck' to perform static code analysis on C / C++ code
[3.836s] -- Configured cppcheck include dirs: 
[3.839s] -- Added test 'cpplint' to check C / C++ code against the Google style
[3.843s] -- Added test 'lint_cmake' to check CMake code style
[3.848s] -- Added test 'uncrustify' to check C / C++ code style
[3.854s] -- Added test 'xmllint' to check XML markup files
[3.864s] -- Configuring done
[3.984s] -- Generating done
[3.995s] -- Build files have been written to: /home/jiseongyoo/ros2_examples/build/param_cpp_example
[4.085s] [35m[1mScanning dependencies of target param_server_cpp[0m
[4.088s] [35m[1mScanning dependencies of target param_client_cpp[0m
[4.262s] [ 25%] [32mBuilding CXX object CMakeFiles/param_client_cpp.dir/src/param_client_cpp_example.cpp.o[0m
[4.406s] [ 50%] [32mBuilding CXX object CMakeFiles/param_server_cpp.dir/src/param_server_cpp_example.cpp.o[0m
[9.539s] [ 75%] [32m[1mLinking CXX executable param_client_cpp[0m
[10.081s] [ 75%] Built target param_client_cpp
[10.459s] [100%] [32m[1mLinking CXX executable param_server_cpp[0m
[11.018s] [100%] Built target param_server_cpp
[11.078s] Invoked command in '/home/jiseongyoo/ros2_examples/build/param_cpp_example' returned '0': CMAKE_PREFIX_PATH=${CMAKE_PREFIX_PATH}:/opt/ros/eloquent /usr/bin/cmake --build /home/jiseongyoo/ros2_examples/build/param_cpp_example -- -j2 -l2
[11.251s] Invoking command in '/home/jiseongyoo/ros2_examples/build/param_cpp_example': CMAKE_PREFIX_PATH=${CMAKE_PREFIX_PATH}:/opt/ros/eloquent /usr/bin/cmake --build /home/jiseongyoo/ros2_examples/build/param_cpp_example --target install -- -j2 -l2
[11.497s] [ 50%] Built target param_client_cpp
[11.504s] [100%] Built target param_server_cpp
[11.593s] [36mInstall the project...[0m
[11.631s] -- Install configuration: ""
[11.633s] -- Installing: /home/jiseongyoo/ros2_examples/install/param_cpp_example/lib/param_cpp_example/param_server_cpp
[11.637s] -- Set runtime path of "/home/jiseongyoo/ros2_examples/install/param_cpp_example/lib/param_cpp_example/param_server_cpp" to ""
[11.640s] -- Installing: /home/jiseongyoo/ros2_examples/install/param_cpp_example/lib/param_cpp_example/param_client_cpp
[11.642s] -- Set runtime path of "/home/jiseongyoo/ros2_examples/install/param_cpp_example/lib/param_cpp_example/param_client_cpp" to ""
[11.643s] -- Installing: /home/jiseongyoo/ros2_examples/install/param_cpp_example/share/ament_index/resource_index/package_run_dependencies/param_cpp_example
[11.644s] -- Installing: /home/jiseongyoo/ros2_examples/install/param_cpp_example/share/ament_index/resource_index/parent_prefix_path/param_cpp_example
[11.645s] -- Up-to-date: /home/jiseongyoo/ros2_examples/install/param_cpp_example/share/param_cpp_example/environment/ament_prefix_path.sh
[11.645s] -- Installing: /home/jiseongyoo/ros2_examples/install/param_cpp_example/share/param_cpp_example/environment/ament_prefix_path.dsv
[11.646s] -- Up-to-date: /home/jiseongyoo/ros2_examples/install/param_cpp_example/share/param_cpp_example/environment/path.sh
[11.647s] -- Installing: /home/jiseongyoo/ros2_examples/install/param_cpp_example/share/param_cpp_example/environment/path.dsv
[11.647s] -- Up-to-date: /home/jiseongyoo/ros2_examples/install/param_cpp_example/share/param_cpp_example/local_setup.bash
[11.648s] -- Up-to-date: /home/jiseongyoo/ros2_examples/install/param_cpp_example/share/param_cpp_example/local_setup.sh
[11.649s] -- Up-to-date: /home/jiseongyoo/ros2_examples/install/param_cpp_example/share/param_cpp_example/local_setup.zsh
[11.649s] -- Installing: /home/jiseongyoo/ros2_examples/install/param_cpp_example/share/param_cpp_example/local_setup.dsv
[11.650s] -- Installing: /home/jiseongyoo/ros2_examples/install/param_cpp_example/share/param_cpp_example/package.dsv
[11.651s] -- Up-to-date: /home/jiseongyoo/ros2_examples/install/param_cpp_example/share/ament_index/resource_index/packages/param_cpp_example
[11.652s] -- Installing: /home/jiseongyoo/ros2_examples/install/param_cpp_example/share/param_cpp_example/cmake/param_cpp_exampleConfig.cmake
[11.652s] -- Installing: /home/jiseongyoo/ros2_examples/install/param_cpp_example/share/param_cpp_example/cmake/param_cpp_exampleConfig-version.cmake
[11.653s] -- Installing: /home/jiseongyoo/ros2_examples/install/param_cpp_example/share/param_cpp_example/package.xml
[11.666s] Invoked command in '/home/jiseongyoo/ros2_examples/build/param_cpp_example' returned '0': CMAKE_PREFIX_PATH=${CMAKE_PREFIX_PATH}:/opt/ros/eloquent /usr/bin/cmake --build /home/jiseongyoo/ros2_examples/build/param_cpp_example --target install -- -j2 -l2
