[0.203s] -- Found ament_cmake: 0.8.2 (/opt/ros/eloquent/share/ament_cmake/cmake)
[0.316s] -- Using PYTHON_EXECUTABLE: /usr/bin/python3
[1.152s] -- Found rosidl_default_generators: 0.8.0 (/opt/ros/eloquent/share/rosidl_default_generators/cmake)
[1.377s] -- Found rosidl_adapter: 0.8.2 (/opt/ros/eloquent/share/rosidl_adapter/cmake)
[1.726s] -- Found PythonInterp: /usr/bin/python3 (found version "3.6.9") 
[2.712s] -- Using single matching rosidl_typesupport_c: rosidl_typesupport_fastrtps_c
[2.779s] -- Using single matching rosidl_typesupport_cpp: rosidl_typesupport_fastrtps_cpp
[3.393s] -- Found rmw_implementation_cmake: 0.8.1 (/opt/ros/eloquent/share/rmw_implementation_cmake/cmake)
[3.496s] -- Found PythonInterp: /usr/bin/python3 (found suitable version "3.6.9", minimum required is "3.5") 
[3.498s] -- Found python_cmake_module: 0.8.0 (/opt/ros/eloquent/share/python_cmake_module/cmake)
[3.592s] -- Using PYTHON_EXECUTABLE: /usr/bin/python3
[3.593s] -- Using PYTHON_INCLUDE_DIRS: /usr/include/python3.6m
[3.594s] -- Using PYTHON_LIBRARIES: /usr/lib/x86_64-linux-gnu/libpython3.6m.so
[3.935s] -- Found ament_lint_auto: 0.8.1 (/opt/ros/eloquent/share/ament_lint_auto/cmake)
[3.986s] -- Added test 'lint_cmake' to check CMake code style
[3.992s] -- Added test 'xmllint' to check XML markup files
[4.005s] -- Configuring done
[4.729s] -- Generating done
[4.743s] -- Build files have been written to: /home/jiseongyoo/ros2_examples/build/interfaces
[4.832s] [  1%] [34m[1mGenerating C code for ROS interfaces[0m
[4.836s] [35m[1mScanning dependencies of target interfaces__cpp[0m
[4.882s] [  2%] [34m[1mGenerating C++ code for ROS interfaces[0m
[13.401s] [  2%] Built target interfaces__cpp
[13.453s] [  4%] [34m[1mGenerating C++ type support for eProsima Fast-RTPS[0m
[13.539s] [35m[1mScanning dependencies of target interfaces__rosidl_generator_c[0m
[13.611s] [  5%] [32mBuilding C object CMakeFiles/interfaces__rosidl_generator_c.dir/rosidl_generator_c/interfaces/action/action_collection__functions.c.o[0m
[13.908s] [  7%] [32mBuilding C object CMakeFiles/interfaces__rosidl_generator_c.dir/rosidl_generator_c/interfaces/msg/message_collection__functions.c.o[0m
[14.052s] [  8%] [32mBuilding C object CMakeFiles/interfaces__rosidl_generator_c.dir/rosidl_generator_c/interfaces/srv/service_collection__functions.c.o[0m
[14.230s] [ 10%] [32mBuilding C object CMakeFiles/interfaces__rosidl_generator_c.dir/rosidl_generator_c/interfaces/action/action_interface_example__functions.c.o[0m
[14.516s] [ 11%] [32mBuilding C object CMakeFiles/interfaces__rosidl_generator_c.dir/rosidl_generator_c/interfaces/msg/example__functions.c.o[0m
[14.653s] [ 13%] [32mBuilding C object CMakeFiles/interfaces__rosidl_generator_c.dir/rosidl_generator_c/interfaces/srv/service_interface_example__functions.c.o[0m
[14.809s] [ 14%] [32m[1mLinking C shared library libinterfaces__rosidl_generator_c.so[0m
[14.980s] [ 14%] Built target interfaces__rosidl_generator_c
[15.026s] [ 15%] [34m[1mGenerating C++ introspection for ROS interfaces[0m
[21.952s] [35m[1mScanning dependencies of target interfaces__rosidl_typesupport_fastrtps_cpp[0m
[22.092s] [ 17%] [32mBuilding CXX object CMakeFiles/interfaces__rosidl_typesupport_fastrtps_cpp.dir/rosidl_typesupport_fastrtps_cpp/interfaces/action/dds_fastrtps/action_collection__type_support.cpp.o[0m
[22.378s] [35m[1mScanning dependencies of target interfaces__rosidl_typesupport_introspection_cpp[0m
[22.476s] [ 18%] [32mBuilding CXX object CMakeFiles/interfaces__rosidl_typesupport_introspection_cpp.dir/rosidl_typesupport_introspection_cpp/interfaces/action/action_collection__type_support.cpp.o[0m
[24.108s] [ 20%] [32mBuilding CXX object CMakeFiles/interfaces__rosidl_typesupport_introspection_cpp.dir/rosidl_typesupport_introspection_cpp/interfaces/msg/message_collection__type_support.cpp.o[0m
[24.466s] [ 21%] [32mBuilding CXX object CMakeFiles/interfaces__rosidl_typesupport_fastrtps_cpp.dir/rosidl_typesupport_fastrtps_cpp/interfaces/msg/dds_fastrtps/message_collection__type_support.cpp.o[0m
[25.457s] [ 23%] [32mBuilding CXX object CMakeFiles/interfaces__rosidl_typesupport_introspection_cpp.dir/rosidl_typesupport_introspection_cpp/interfaces/srv/service_collection__type_support.cpp.o[0m
[26.511s] [ 24%] [32mBuilding CXX object CMakeFiles/interfaces__rosidl_typesupport_fastrtps_cpp.dir/rosidl_typesupport_fastrtps_cpp/interfaces/srv/dds_fastrtps/service_collection__type_support.cpp.o[0m
[26.899s] [ 26%] [32mBuilding CXX object CMakeFiles/interfaces__rosidl_typesupport_introspection_cpp.dir/rosidl_typesupport_introspection_cpp/interfaces/action/action_interface_example__type_support.cpp.o[0m
[28.031s] [ 27%] [32mBuilding CXX object CMakeFiles/interfaces__rosidl_typesupport_introspection_cpp.dir/rosidl_typesupport_introspection_cpp/interfaces/msg/example__type_support.cpp.o[0m
[28.641s] [ 28%] [32mBuilding CXX object CMakeFiles/interfaces__rosidl_typesupport_fastrtps_cpp.dir/rosidl_typesupport_fastrtps_cpp/interfaces/action/dds_fastrtps/action_interface_example__type_support.cpp.o[0m
[29.045s] [ 30%] [32mBuilding CXX object CMakeFiles/interfaces__rosidl_typesupport_introspection_cpp.dir/rosidl_typesupport_introspection_cpp/interfaces/srv/service_interface_example__type_support.cpp.o[0m
[30.032s] [ 31%] [32m[1mLinking CXX shared library libinterfaces__rosidl_typesupport_introspection_cpp.so[0m
[30.427s] [ 31%] Built target interfaces__rosidl_typesupport_introspection_cpp
[30.464s] [ 33%] [32mBuilding CXX object CMakeFiles/interfaces__rosidl_typesupport_fastrtps_cpp.dir/rosidl_typesupport_fastrtps_cpp/interfaces/msg/dds_fastrtps/example__type_support.cpp.o[0m
[30.478s] [ 34%] [32mBuilding CXX object CMakeFiles/interfaces__rosidl_typesupport_fastrtps_cpp.dir/rosidl_typesupport_fastrtps_cpp/interfaces/srv/dds_fastrtps/service_interface_example__type_support.cpp.o[0m
[32.040s] [ 36%] [32m[1mLinking CXX shared library libinterfaces__rosidl_typesupport_fastrtps_cpp.so[0m
[32.045s] [ 37%] [34m[1mGenerating C introspection for ROS interfaces[0m
[32.489s] [ 37%] Built target interfaces__rosidl_typesupport_fastrtps_cpp
[32.546s] [ 39%] [34m[1mGenerating C type support for eProsima Fast-RTPS[0m
[40.256s] [35m[1mScanning dependencies of target interfaces__rosidl_typesupport_introspection_c[0m
[40.363s] [ 40%] [32mBuilding C object CMakeFiles/interfaces__rosidl_typesupport_introspection_c.dir/rosidl_typesupport_introspection_c/interfaces/action/action_collection__type_support.c.o[0m
[40.730s] [ 42%] [32mBuilding C object CMakeFiles/interfaces__rosidl_typesupport_introspection_c.dir/rosidl_typesupport_introspection_c/interfaces/msg/message_collection__type_support.c.o[0m
[40.899s] [ 43%] [32mBuilding C object CMakeFiles/interfaces__rosidl_typesupport_introspection_c.dir/rosidl_typesupport_introspection_c/interfaces/srv/service_collection__type_support.c.o[0m
[41.191s] [ 44%] [32mBuilding C object CMakeFiles/interfaces__rosidl_typesupport_introspection_c.dir/rosidl_typesupport_introspection_c/interfaces/action/action_interface_example__type_support.c.o[0m
[41.403s] [35m[1mScanning dependencies of target interfaces__rosidl_typesupport_fastrtps_c[0m
[41.492s] [ 46%] [32mBuilding C object CMakeFiles/interfaces__rosidl_typesupport_introspection_c.dir/rosidl_typesupport_introspection_c/interfaces/msg/example__type_support.c.o[0m
[41.579s] [ 47%] [32mBuilding CXX object CMakeFiles/interfaces__rosidl_typesupport_fastrtps_c.dir/rosidl_typesupport_fastrtps_c/interfaces/action/action_collection__type_support_c.cpp.o[0m
[41.660s] [ 49%] [32mBuilding C object CMakeFiles/interfaces__rosidl_typesupport_introspection_c.dir/rosidl_typesupport_introspection_c/interfaces/srv/service_interface_example__type_support.c.o[0m
[41.837s] [ 50%] [32m[1mLinking C shared library libinterfaces__rosidl_typesupport_introspection_c.so[0m
[41.988s] [ 50%] Built target interfaces__rosidl_typesupport_introspection_c
[42.025s] [ 52%] [32mBuilding CXX object CMakeFiles/interfaces__rosidl_typesupport_fastrtps_c.dir/rosidl_typesupport_fastrtps_c/interfaces/msg/message_collection__type_support_c.cpp.o[0m
[43.614s] [ 53%] [32mBuilding CXX object CMakeFiles/interfaces__rosidl_typesupport_fastrtps_c.dir/rosidl_typesupport_fastrtps_c/interfaces/srv/service_collection__type_support_c.cpp.o[0m
[43.616s] [ 55%] [34m[1mGenerating C++ type support dispatch for ROS interfaces[0m
[45.754s] [ 56%] [32mBuilding CXX object CMakeFiles/interfaces__rosidl_typesupport_fastrtps_c.dir/rosidl_typesupport_fastrtps_c/interfaces/action/action_interface_example__type_support_c.cpp.o[0m
[47.576s] [ 57%] [32mBuilding CXX object CMakeFiles/interfaces__rosidl_typesupport_fastrtps_c.dir/rosidl_typesupport_fastrtps_c/interfaces/msg/example__type_support_c.cpp.o[0m
[49.067s] [ 59%] [32mBuilding CXX object CMakeFiles/interfaces__rosidl_typesupport_fastrtps_c.dir/rosidl_typesupport_fastrtps_c/interfaces/srv/service_interface_example__type_support_c.cpp.o[0m
[50.654s] [ 60%] [32m[1mLinking CXX shared library libinterfaces__rosidl_typesupport_fastrtps_c.so[0m
[51.138s] [ 60%] Built target interfaces__rosidl_typesupport_fastrtps_c
[51.187s] [ 62%] [34m[1mGenerating C type support dispatch for ROS interfaces[0m
[51.238s] [35m[1mScanning dependencies of target interfaces__rosidl_typesupport_cpp[0m
[51.407s] [ 63%] [32mBuilding CXX object CMakeFiles/interfaces__rosidl_typesupport_cpp.dir/rosidl_typesupport_cpp/interfaces/action/action_collection__type_support.cpp.o[0m
[53.751s] [ 65%] [32mBuilding CXX object CMakeFiles/interfaces__rosidl_typesupport_cpp.dir/rosidl_typesupport_cpp/interfaces/msg/message_collection__type_support.cpp.o[0m
[55.489s] [ 66%] [32mBuilding CXX object CMakeFiles/interfaces__rosidl_typesupport_cpp.dir/rosidl_typesupport_cpp/interfaces/srv/service_collection__type_support.cpp.o[0m
[55.603s] CMakeFiles/interfaces__rosidl_typesupport_cpp.dir/build.make:147: recipe for target 'CMakeFiles/interfaces__rosidl_typesupport_cpp.dir/rosidl_typesupport_cpp/interfaces/srv/service_collection__type_support.cpp.o' failed
[55.604s] make[2]: *** [CMakeFiles/interfaces__rosidl_typesupport_cpp.dir/rosidl_typesupport_cpp/interfaces/srv/service_collection__type_support.cpp.o] Interrupt
[55.605s] Traceback (most recent call last):
[55.605s]   File "/opt/ros/eloquent/lib/rosidl_typesupport_c/rosidl_typesupport_c", line 28, in <module>
[55.606s]     sys.exit(main())
[55.606s]   File "/opt/ros/eloquent/lib/rosidl_typesupport_c/rosidl_typesupport_c", line 24, in main
[55.607s]     return generate_c(args.generator_arguments_file, args.typesupports)
[55.607s]   File "/opt/ros/eloquent/lib/python3.6/site-packages/rosidl_typesupport_c/__init__.py", line 24, in generate_c
[55.608s]     additional_context={'type_supports': type_supports})
[55.608s]   File "/opt/ros/eloquent/lib/python3.6/site-packages/rosidl_cmake/__init__.py", line 89, in generate_files
[55.609s]     post_process_callback=post_process_callback)
[55.609s]   File "/opt/ros/eloquent/lib/python3.6/site-packages/rosidl_cmake/__init__.py", line 148, in expand_template
[55.609s]     interpreter.string(template_content, template_path, locals=data)
[55.610s]   File "/usr/lib/python3/dist-packages/em.py", line 2391, in string
[55.631s]     self.safe(scanner, True, locals)
[55.632s]   File "/usr/lib/python3/dist-packages/em.py", line 2401, in safe
[55.643s]     self.parse(scanner, locals)
[55.643s]   File "/usr/lib/python3/dist-packages/em.py", line 2421, in parse
[55.648s]     token.run(self, locals)
[55.650s]   File "/usr/lib/python3/dist-packages/em.py", line 1547, in run
[55.656s]     self.subrun(info[0][1], interpreter, locals)
[55.657s]   File "/usr/lib/python3/dist-packages/em.py", line 1631, in subrun
[55.658s]     token.run(interpreter, locals)
[55.663s]   File "/usr/lib/python3/dist-packages/em.py", line 1425, in run
[55.664s]     interpreter.execute(self.code, locals)
[55.664s]   File "/usr/lib/python3/dist-packages/em.py", line 2595, in execute
[55.667s]     _exec(statements, self.globals, locals)
[55.667s]   File "<string>", line 5, in <module>
[55.668s]   File "/opt/ros/eloquent/lib/python3.6/site-packages/rosidl_cmake/__init__.py", line 197, in _expand_template
[55.668s]     interpreter.string(content, str(template_path), kwargs)
[55.668s]   File "/usr/lib/python3/dist-packages/em.py", line 2391, in string
[55.669s]     self.safe(scanner, True, locals)
[55.669s]   File "/usr/lib/python3/dist-packages/em.py", line 2401, in safe
[55.669s]     self.parse(scanner, locals)
[55.670s]   File "/usr/lib/python3/dist-packages/em.py", line 2417, in parse
[55.670s]     token = scanner.one()
[55.670s]   File "/usr/lib/python3/dist-packages/em.py", line 1984, in one
[55.678s]     token.scan(self)
[55.681s]   File "/usr/lib/python3/dist-packages/em.py", line 1468, in scan
[55.682s]     self.subscan(scanner, self.type)
[55.682s]   File "/usr/lib/python3/dist-packages/em.py", line 1483, in subscan
[55.683s]     token = scanner.one()
[55.684s]   File "/usr/lib/python3/dist-packages/em.py", line 1961, in one
[55.684s]     loc = self.find(self.prefix)
[55.685s]   File "/usr/lib/python3/dist-packages/em.py", line 1794, in find
[55.685s]     return self.rest().find(sub, start)
[55.686s]   File "/usr/lib/python3/dist-packages/em.py", line 1752, in rest
[55.686s]     return self[:]
[55.688s]   File "/usr/lib/python3/dist-packages/em.py", line 1685, in __getitem__
[55.689s]     return self.__getslice__(index.start, index.stop)
[55.691s]   File "/usr/lib/python3/dist-packages/em.py", line 1693, in __getslice__
[55.691s]     stop = len(self)
[55.692s]   File "/usr/lib/python3/dist-packages/em.py", line 1680, in __len__
[55.692s]     def __len__(self): return len(self.buffer) - self.pointer
[55.693s] KeyboardInterrupt
[55.729s] Exception ignored in: <bound method Interpreter.__del__ of <empy pseudomodule/interpreter at 0x7f4a5adbf550>>
[55.729s] Traceback (most recent call last):
[55.730s]   File "/usr/lib/python3/dist-packages/em.py", line 2094, in __del__
[55.731s]   File "/usr/lib/python3/dist-packages/em.py", line 2157, in shutdown
[55.731s]   File "/usr/lib/python3/dist-packages/em.py", line 2646, in finalize
[55.731s]   File "/usr/lib/python3/dist-packages/em.py", line 2200, in push
[55.732s] AttributeError: '_io.TextIOWrapper' object has no attribute 'push'
[55.761s] CMakeFiles/interfaces__rosidl_typesupport_c.dir/build.make:79: recipe for target 'rosidl_typesupport_c/interfaces/action/action_collection__type_support.cpp' failed
[55.763s] make[2]: *** [rosidl_typesupport_c/interfaces/action/action_collection__type_support.cpp] Error 1
[55.766s] CMakeFiles/Makefile2:210: recipe for target 'CMakeFiles/interfaces__rosidl_typesupport_c.dir/all' failed
[55.766s] make[1]: *** [CMakeFiles/interfaces__rosidl_typesupport_c.dir/all] Interrupt
[55.771s] make[1]: *** wait: No child processes.  Stop.
[55.771s] make[1]: *** Waiting for unfinished jobs....
[55.772s] make[1]: *** wait: No child processes.  Stop.
[55.772s] Makefile:140: recipe for target 'all' failed
[55.773s] make: *** [all] Error 2
