[0.200s] -- Found ament_cmake: 0.8.2 (/opt/ros/eloquent/share/ament_cmake/cmake)
[0.319s] -- Using PYTHON_EXECUTABLE: /usr/bin/python3
[1.124s] -- Found rclcpp: 0.8.4 (/opt/ros/eloquent/share/rclcpp/cmake)
[1.180s] -- Found rosidl_adapter: 0.8.2 (/opt/ros/eloquent/share/rosidl_adapter/cmake)
[1.328s] -- Found rmw_implementation_cmake: 0.8.1 (/opt/ros/eloquent/share/rmw_implementation_cmake/cmake)
[1.342s] -- Using RMW implementation 'rmw_fastrtps_cpp' as default
[1.489s] -- Found rclcpp_components: 0.8.4 (/opt/ros/eloquent/share/rclcpp_components/cmake)
[1.496s] -- Found poco_vendor:  (/opt/ros/eloquent/share/poco_vendor/cmake)
[1.574s] -- Found interfaces: 0.0.0 (/home/jiseongyoo/ros2_examples/install/interfaces/share/interfaces/cmake)
[2.057s] -- Found ament_lint_auto: 0.8.1 (/opt/ros/eloquent/share/ament_lint_auto/cmake)
[2.330s] -- Added test 'copyright' to check for copyright in CMake / C / C++ / Python code
[2.334s] -- Added test 'cppcheck' to perform static code analysis on C / C++ code
[2.337s] -- Configured cppcheck include dirs: /home/jiseongyoo/ros2_examples/src/composition_cpp_example/include
[2.341s] -- Added test 'cpplint' to check C / C++ code against the Google style
[2.343s] -- Added test 'lint_cmake' to check CMake code style
[2.348s] -- Added test 'uncrustify' to check C / C++ code style
[2.352s] -- Added test 'xmllint' to check XML markup files
[2.361s] -- Configuring done
[2.702s] -- Generating done
[2.713s] -- Build files have been written to: /home/jiseongyoo/ros2_examples/build/composition_cpp_example
[2.824s] [35m[1mScanning dependencies of target component_service_server_cpp[0m
[2.973s] [ 10%] [32mBuilding CXX object CMakeFiles/component_service_server_cpp.dir/src/component_service_server_cpp_example.cpp.o[0m
[3.019s] [ 30%] Built target component_sub_cpp
[3.070s] [35m[1mScanning dependencies of target component_service_client_cpp[0m
[3.311s] [ 40%] [32mBuilding CXX object CMakeFiles/component_service_client_cpp.dir/src/component_service_client_cpp_example.cpp.o[0m
[9.781s] CMakeFiles/component_service_client_cpp.dir/build.make:62: recipe for target 'CMakeFiles/component_service_client_cpp.dir/src/component_service_client_cpp_example.cpp.o' failed
[9.783s] CMakeFiles/Makefile2:208: recipe for target 'CMakeFiles/component_service_client_cpp.dir/all' failed
[11.362s] [ 50%] [32m[1mLinking CXX shared library libcomponent_service_server_cpp.so[0m
[12.061s] [ 50%] Built target component_service_server_cpp
[12.066s] Makefile:140: recipe for target 'all' failed
