[0.081s] Invoking command in '/home/jiseongyoo/ros2_examples/build/composition_cpp_example': AMENT_PREFIX_PATH=/home/jiseongyoo/ros2_examples/install/interfaces:${AMENT_PREFIX_PATH} CMAKE_PREFIX_PATH=/home/jiseongyoo/ros2_examples/install/interfaces:/opt/ros/eloquent LD_LIBRARY_PATH=/home/jiseongyoo/ros2_examples/install/interfaces/lib:${LD_LIBRARY_PATH} PYTHONPATH=/home/jiseongyoo/ros2_examples/install/interfaces/lib/python3.6/site-packages:${PYTHONPATH} /usr/bin/cmake --build /home/jiseongyoo/ros2_examples/build/composition_cpp_example -- -j2 -l2
[0.200s] -- Found ament_cmake: 0.8.2 (/opt/ros/eloquent/share/ament_cmake/cmake)
[0.319s] -- Using PYTHON_EXECUTABLE: /usr/bin/python3
[1.124s] -- Found rclcpp: 0.8.4 (/opt/ros/eloquent/share/rclcpp/cmake)
[1.180s] -- Found rosidl_adapter: 0.8.2 (/opt/ros/eloquent/share/rosidl_adapter/cmake)
[1.328s] -- Found rmw_implementation_cmake: 0.8.1 (/opt/ros/eloquent/share/rmw_implementation_cmake/cmake)
[1.342s] -- Using RMW implementation 'rmw_fastrtps_cpp' as default
[1.489s] -- Found rclcpp_components: 0.8.4 (/opt/ros/eloquent/share/rclcpp_components/cmake)
[1.496s] -- Found poco_vendor:  (/opt/ros/eloquent/share/poco_vendor/cmake)
[1.574s] -- Found interfaces: 0.0.0 (/home/jiseongyoo/ros2_examples/install/interfaces/share/interfaces/cmake)
[2.057s] -- Found ament_lint_auto: 0.8.1 (/opt/ros/eloquent/share/ament_lint_auto/cmake)
[2.330s] -- Added test 'copyright' to check for copyright in CMake / C / C++ / Python code
[2.334s] -- Added test 'cppcheck' to perform static code analysis on C / C++ code
[2.337s] -- Configured cppcheck include dirs: /home/jiseongyoo/ros2_examples/src/composition_cpp_example/include
[2.341s] -- Added test 'cpplint' to check C / C++ code against the Google style
[2.343s] -- Added test 'lint_cmake' to check CMake code style
[2.348s] -- Added test 'uncrustify' to check C / C++ code style
[2.352s] -- Added test 'xmllint' to check XML markup files
[2.361s] -- Configuring done
[2.702s] -- Generating done
[2.713s] -- Build files have been written to: /home/jiseongyoo/ros2_examples/build/composition_cpp_example
[2.824s] [35m[1mScanning dependencies of target component_service_server_cpp[0m
[2.973s] [ 10%] [32mBuilding CXX object CMakeFiles/component_service_server_cpp.dir/src/component_service_server_cpp_example.cpp.o[0m
[3.019s] [ 30%] Built target component_sub_cpp
[3.070s] [35m[1mScanning dependencies of target component_service_client_cpp[0m
[3.311s] [ 40%] [32mBuilding CXX object CMakeFiles/component_service_client_cpp.dir/src/component_service_client_cpp_example.cpp.o[0m
[7.886s] In file included from [01m[K/home/jiseongyoo/ros2_examples/src/composition_cpp_example/src/component_service_client_cpp_example.cpp:1:0[m[K:
[7.887s] [01m[K/home/jiseongyoo/ros2_examples/src/composition_cpp_example/include/composition_cpp_example/component_service_client_cpp_example.hpp:20:49:[m[K [01;31m[Kerror: [m[K‘[01m[KNodeOption[m[K’ in namespace ‘[01m[Krclcpp[m[K’ does not name a type
[7.888s]      ComponentServiceClientExample(const rclcpp::[01;31m[KNodeOption[m[K & options);
[7.888s]                                                  [01;31m[K^~~~~~~~~~[m[K
[7.889s] [01m[K/home/jiseongyoo/ros2_examples/src/composition_cpp_example/include/composition_cpp_example/component_service_client_cpp_example.hpp:21:4:[m[K [01;31m[Kerror: [m[Kexpected ‘[01m[K;[m[K’ after class definition
[7.889s]    }
[7.889s]     [01;31m[K^[m[K
[7.890s]     [32m[K;[m[K
[7.912s] [01m[K/home/jiseongyoo/ros2_examples/src/composition_cpp_example/src/component_service_client_cpp_example.cpp:[m[K In member function ‘[01m[Kvoid component::ComponentServiceClientExample::send_request()[m[K’:
[7.913s] [01m[K/home/jiseongyoo/ros2_examples/src/composition_cpp_example/src/component_service_client_cpp_example.cpp:32:61:[m[K [01;31m[Kerror: [m[K‘[01m[Ksimple_interfaces[m[K’ was not declared in this scope
[7.914s]      auto response_received_callback = [this](rclcpp::Client<[01;31m[Ksimple_interfaces[m[K::srv::AddThreeInts>::SharedFuture result) {
[7.914s]                                                              [01;31m[K^~~~~~~~~~~~~~~~~[m[K
[7.929s] [01m[K/home/jiseongyoo/ros2_examples/src/composition_cpp_example/src/component_service_client_cpp_example.cpp:32:97:[m[K [01;31m[Kerror: [m[Ktemplate argument 1 is invalid
[7.934s]      auto response_received_callback = [this](rclcpp::Client<simple_interfaces::srv::AddThreeInts[01;31m[K>[m[K::SharedFuture result) {
[7.935s]                                                                                                  [01;31m[K^[m[K
[7.935s] [01m[K/home/jiseongyoo/ros2_examples/src/composition_cpp_example/src/component_service_client_cpp_example.cpp:32:113:[m[K [01;31m[Kerror: [m[Kexpected unqualified-id before ‘[01m[Kresult[m[K’
[7.936s]      auto response_received_callback = [this](rclcpp::Client<simple_interfaces::srv::AddThreeInts>::SharedFuture [01;31m[Kresult[m[K) {
[7.936s]                                                                                                                  [01;31m[K^~~~~~[m[K
[7.936s] [01m[K/home/jiseongyoo/ros2_examples/src/composition_cpp_example/src/component_service_client_cpp_example.cpp:32:113:[m[K [01;31m[Kerror: [m[Kexpected ‘[01m[K)[m[K’ before ‘[01m[Kresult[m[K’
[7.937s] [01m[K/home/jiseongyoo/ros2_examples/src/composition_cpp_example/src/component_service_client_cpp_example.cpp:[m[K In lambda function:
[7.938s] [01m[K/home/jiseongyoo/ros2_examples/src/composition_cpp_example/src/component_service_client_cpp_example.cpp:32:113:[m[K [01;31m[Kerror: [m[Kexpected ‘[01m[K{[m[K’ before ‘[01m[Kresult[m[K’
[7.938s] [01m[K/home/jiseongyoo/ros2_examples/src/composition_cpp_example/src/component_service_client_cpp_example.cpp:[m[K In member function ‘[01m[Kvoid component::ComponentServiceClientExample::send_request()[m[K’:
[7.939s] [01m[K/home/jiseongyoo/ros2_examples/src/composition_cpp_example/src/component_service_client_cpp_example.cpp:32:113:[m[K [01;31m[Kerror: [m[Kexpected ‘[01m[K,[m[K’ or ‘[01m[K;[m[K’ before ‘[01m[Kresult[m[K’
[7.939s] In file included from [01m[K/opt/ros/eloquent/include/rclcpp/client.hpp:31:0[m[K,
[7.939s]                  from [01m[K/opt/ros/eloquent/include/rclcpp/callback_group.hpp:23[m[K,
[7.942s]                  from [01m[K/opt/ros/eloquent/include/rclcpp/any_executable.hpp:20[m[K,
[7.943s]                  from [01m[K/opt/ros/eloquent/include/rclcpp/memory_strategy.hpp:24[m[K,
[7.944s]                  from [01m[K/opt/ros/eloquent/include/rclcpp/memory_strategies.hpp:18[m[K,
[7.945s]                  from [01m[K/opt/ros/eloquent/include/rclcpp/executor.hpp:33[m[K,
[7.954s]                  from [01m[K/opt/ros/eloquent/include/rclcpp/executors/multi_threaded_executor.hpp:25[m[K,
[7.955s]                  from [01m[K/opt/ros/eloquent/include/rclcpp/executors.hpp:21[m[K,
[7.955s]                  from [01m[K/opt/ros/eloquent/include/rclcpp/rclcpp.hpp:145[m[K,
[7.955s]                  from [01m[K/home/jiseongyoo/ros2_examples/src/composition_cpp_example/include/composition_cpp_example/component_service_client_cpp_example.hpp:8[m[K,
[7.956s]                  from [01m[K/home/jiseongyoo/ros2_examples/src/composition_cpp_example/src/component_service_client_cpp_example.cpp:1[m[K:
[7.956s] /opt/ros/eloquent/include/rclcpp/function_traits.hpp: In instantiation of ‘[01m[Kstruct rclcpp::function_traits::function_traits<void (component::ComponentServiceClientExample::send_request()::<lambda(...)>::*)(...) const>[m[K’:
[7.957s] [01m[K/opt/ros/eloquent/include/rclcpp/function_traits.hpp:52:82:[m[K   required from ‘[01m[Kstruct rclcpp::function_traits::function_traits<component::ComponentServiceClientExample::send_request()::<lambda(...)> >[m[K’
[7.957s] [01m[K/opt/ros/eloquent/include/rclcpp/function_traits.hpp:138:8:[m[K   required from ‘[01m[Kstruct rclcpp::function_traits::function_traits<component::ComponentServiceClientExample::send_request()::<lambda(...)>&>[m[K’
[7.957s] [01m[K/opt/ros/eloquent/include/rclcpp/function_traits.hpp:161:8:[m[K   required from ‘[01m[Kstruct rclcpp::function_traits::same_arguments<component::ComponentServiceClientExample::send_request()::<lambda(...)>&, std::function<void(std::shared_future<std::pair<std::shared_ptr<interfaces::srv::Example_Request_<std::allocator<void> > >, std::shared_ptr<interfaces::srv::Example_Response_<std::allocator<void> > > > >)> >[m[K’
[7.964s] [01m[K/opt/ros/eloquent/include/rclcpp/client.hpp:254:17:[m[K   required by substitution of ‘[01m[Ktemplate<class CallbackT, typename std::enable_if<rclcpp::function_traits::same_arguments<CallbackT, std::function<void(std::shared_future<std::pair<std::shared_ptr<interfaces::srv::Example_Request_<std::allocator<void> > >, std::shared_ptr<interfaces::srv::Example_Response_<std::allocator<void> > > > >)> >::value, void>::type* <anonymous> > rclcpp::Client<interfaces::srv::Example>::SharedFutureWithRequest rclcpp::Client<interfaces::srv::Example>::async_send_request<CallbackT, <enumerator> >(rclcpp::Client<interfaces::srv::Example>::SharedRequest, CallbackT&&) [with CallbackT = component::ComponentServiceClientExample::send_request()::<lambda(...)>&; typename std::enable_if<rclcpp::function_traits::same_arguments<CallbackT, std::function<void(std::shared_future<std::pair<std::shared_ptr<interfaces::srv::Example_Request_<std::allocator<void> > >, std::shared_ptr<interfaces::srv::Example_Response_<std::allocator<void> > > > >)> >::value, void>::type* <anonymous> = <missing>][m[K’
[7.965s] [01m[K/home/jiseongyoo/ros2_examples/src/composition_cpp_example/src/component_service_client_cpp_example.cpp:39:97:[m[K   required from here
[7.970s] [01m[K/opt/ros/eloquent/include/rclcpp/function_traits.hpp:52:40:[m[K [01;31m[Kerror: [m[K‘[01m[Koperator()[m[K’ is not a member of ‘[01m[Kvoid (component::ComponentServiceClientExample::send_request()::<lambda(...)>::*)(...) const[m[K’
[7.971s]      typename function_traits<decltype( [01;31m[K&FunctionT[m[K::operator())>::arguments>::type;
[7.971s]                                         [01;31m[K^~~~~~~~~~[m[K
[7.971s] [01m[K/opt/ros/eloquent/include/rclcpp/function_traits.hpp:52:40:[m[K [01;31m[Kerror: [m[K‘[01m[Koperator()[m[K’ is not a member of ‘[01m[Kvoid (component::ComponentServiceClientExample::send_request()::<lambda(...)>::*)(...) const[m[K’
[7.972s] [01m[K/opt/ros/eloquent/include/rclcpp/function_traits.hpp:52:40:[m[K [01;31m[Kerror: [m[K‘[01m[Koperator()[m[K’ is not a member of ‘[01m[Kvoid (component::ComponentServiceClientExample::send_request()::<lambda(...)>::*)(...) const[m[K’
[7.972s] [01m[K/home/jiseongyoo/ros2_examples/src/composition_cpp_example/src/component_service_client_cpp_example.cpp:39:97:[m[K [01;31m[Kerror: [m[Kno matching function for call to ‘[01m[Krclcpp::Client<interfaces::srv::Example>::async_send_request(std::shared_ptr<interfaces::srv::Example_Request_<std::allocator<void> > >&, component::ComponentServiceClientExample::send_request()::<lambda(...)>&)[m[K’
[7.972s]      auto future_result = service_client_->async_send_request(request, response_received_callback[01;31m[K)[m[K;
[7.973s]                                                                                                  [01;31m[K^[m[K
[7.973s] In file included from [01m[K/opt/ros/eloquent/include/rclcpp/callback_group.hpp:23:0[m[K,
[7.974s]                  from [01m[K/opt/ros/eloquent/include/rclcpp/any_executable.hpp:20[m[K,
[7.974s]                  from [01m[K/opt/ros/eloquent/include/rclcpp/memory_strategy.hpp:24[m[K,
[7.974s]                  from [01m[K/opt/ros/eloquent/include/rclcpp/memory_strategies.hpp:18[m[K,
[7.975s]                  from [01m[K/opt/ros/eloquent/include/rclcpp/executor.hpp:33[m[K,
[7.975s]                  from [01m[K/opt/ros/eloquent/include/rclcpp/executors/multi_threaded_executor.hpp:25[m[K,
[7.975s]                  from [01m[K/opt/ros/eloquent/include/rclcpp/executors.hpp:21[m[K,
[7.976s]                  from [01m[K/opt/ros/eloquent/include/rclcpp/rclcpp.hpp:145[m[K,
[7.976s]                  from [01m[K/home/jiseongyoo/ros2_examples/src/composition_cpp_example/include/composition_cpp_example/component_service_client_cpp_example.hpp:8[m[K,
[7.976s]                  from [01m[K/home/jiseongyoo/ros2_examples/src/composition_cpp_example/src/component_service_client_cpp_example.cpp:1[m[K:
[7.977s] [01m[K/opt/ros/eloquent/include/rclcpp/client.hpp:216:3:[m[K [01;36m[Knote: [m[Kcandidate: rclcpp::Client<ServiceT>::SharedFuture rclcpp::Client<ServiceT>::async_send_request(rclcpp::Client<ServiceT>::SharedRequest) [with ServiceT = interfaces::srv::Example; rclcpp::Client<ServiceT>::SharedFuture = std::shared_future<std::shared_ptr<interfaces::srv::Example_Response_<std::allocator<void> > > >; typename ServiceT::Response::SharedPtr = std::shared_ptr<interfaces::srv::Example_Response_<std::allocator<void> > >; rclcpp::Client<ServiceT>::SharedRequest = std::shared_ptr<interfaces::srv::Example_Request_<std::allocator<void> > >]
[7.986s]    [01;36m[Kasync_send_request[m[K(SharedRequest request)
[7.986s]    [01;36m[K^~~~~~~~~~~~~~~~~~[m[K
[7.987s] [01m[K/opt/ros/eloquent/include/rclcpp/client.hpp:216:3:[m[K [01;36m[Knote: [m[K  candidate expects 1 argument, 2 provided
[7.987s] [01m[K/opt/ros/eloquent/include/rclcpp/client.hpp:231:3:[m[K [01;36m[Knote: [m[Kcandidate: template<class CallbackT, typename std::enable_if<rclcpp::function_traits::same_arguments<CallbackT, std::function<void(std::shared_future<std::shared_ptr<interfaces::srv::Example_Response_<std::allocator<void> > > >)> >::value, void>::type* <anonymous> > rclcpp::Client<ServiceT>::SharedFuture rclcpp::Client<ServiceT>::async_send_request(rclcpp::Client<ServiceT>::SharedRequest, CallbackT&&) [with CallbackT = CallbackT; typename std::enable_if<rclcpp::function_traits::same_arguments<CallbackT, std::function<void(std::shared_future<typename ServiceT::Response::SharedPtr>)> >::value>::type* <anonymous> = <enumerator>; ServiceT = interfaces::srv::Example]
[7.988s]    [01;36m[Kasync_send_request[m[K(SharedRequest request, CallbackT && cb)
[7.988s]    [01;36m[K^~~~~~~~~~~~~~~~~~[m[K
[7.988s] [01m[K/opt/ros/eloquent/include/rclcpp/client.hpp:231:3:[m[K [01;36m[Knote: [m[K  template argument deduction/substitution failed:
[7.989s] [01m[K/opt/ros/eloquent/include/rclcpp/client.hpp:228:17:[m[K [01;31m[Kerror: [m[K‘[01m[Kvalue[m[K’ is not a member of ‘[01m[Krclcpp::function_traits::same_arguments<component::ComponentServiceClientExample::send_request()::<lambda(...)>&, std::function<void(std::shared_future<std::shared_ptr<interfaces::srv::Example_Response_<std::allocator<void> > > >)> >[m[K’
[7.989s]      >::type * = [01;31m[Knullptr[m[K
[7.989s]                  [01;31m[K^~~~~~~[m[K
[7.990s] [01m[K/opt/ros/eloquent/include/rclcpp/client.hpp:228:17:[m[K [01;36m[Knote: [m[Kinvalid template non-type parameter
[7.990s] [01m[K/opt/ros/eloquent/include/rclcpp/client.hpp:257:3:[m[K [01;36m[Knote: [m[Kcandidate: template<class CallbackT, typename std::enable_if<rclcpp::function_traits::same_arguments<CallbackT, std::function<void(std::shared_future<std::pair<std::shared_ptr<interfaces::srv::Example_Request_<std::allocator<void> > >, std::shared_ptr<interfaces::srv::Example_Response_<std::allocator<void> > > > >)> >::value, void>::type* <anonymous> > rclcpp::Client<ServiceT>::SharedFutureWithRequest rclcpp::Client<ServiceT>::async_send_request(rclcpp::Client<ServiceT>::SharedRequest, CallbackT&&) [with CallbackT = CallbackT; typename std::enable_if<rclcpp::function_traits::same_arguments<CallbackT, std::function<void(std::shared_future<std::pair<typename ServiceT::Request::SharedPtr, typename ServiceT::Response::SharedPtr> >)> >::value>::type* <anonymous> = <enumerator>; ServiceT = interfaces::srv::Example]
[7.991s]    [01;36m[Kasync_send_request[m[K(SharedRequest request, CallbackT && cb)
[7.991s]    [01;36m[K^~~~~~~~~~~~~~~~~~[m[K
[7.991s] [01m[K/opt/ros/eloquent/include/rclcpp/client.hpp:257:3:[m[K [01;36m[Knote: [m[K  substitution of deduced template arguments resulted in errors seen above
[7.992s] [01m[K/home/jiseongyoo/ros2_examples/src/composition_cpp_example/src/component_service_client_cpp_example.cpp:[m[K At global scope:
[7.992s] [01m[K/home/jiseongyoo/ros2_examples/src/composition_cpp_example/src/component_service_client_cpp_example.cpp:45:78:[m[K [01;31m[Kerror: [m[K‘[01m[KNodeOption[m[K’ in namespace ‘[01m[Krclcpp[m[K’ does not name a type
[7.992s]    ComponentServiceClientExample::ComponentServiceClientExample(const rclcpp::[01;31m[KNodeOption[m[K & options){
[7.993s]                                                                               [01;31m[K^~~~~~~~~~[m[K
[7.993s] [01m[K/home/jiseongyoo/ros2_examples/src/composition_cpp_example/src/component_service_client_cpp_example.cpp:[m[K In constructor ‘[01m[Kcomponent::ComponentServiceClientExample::ComponentServiceClientExample(const int&)[m[K’:
[7.993s] [01m[K/home/jiseongyoo/ros2_examples/src/composition_cpp_example/src/component_service_client_cpp_example.cpp:45:98:[m[K [01;31m[Kerror: [m[Kno matching function for call to ‘[01m[Krclcpp::Node::Node()[m[K’
[7.998s]    ComponentServiceClientExample::ComponentServiceClientExample(const rclcpp::NodeOption & options[01;31m[K)[m[K{
[7.999s]                                                                                                   [01;31m[K^[m[K
[7.999s] In file included from [01m[K/opt/ros/eloquent/include/rclcpp/executors/single_threaded_executor.hpp:28:0[m[K,
[8.000s]                  from [01m[K/opt/ros/eloquent/include/rclcpp/executors.hpp:22[m[K,
[8.000s]                  from [01m[K/opt/ros/eloquent/include/rclcpp/rclcpp.hpp:145[m[K,
[8.000s]                  from [01m[K/home/jiseongyoo/ros2_examples/src/composition_cpp_example/include/composition_cpp_example/component_service_client_cpp_example.hpp:8[m[K,
[8.001s]                  from [01m[K/home/jiseongyoo/ros2_examples/src/composition_cpp_example/src/component_service_client_cpp_example.cpp:1[m[K:
[8.001s] [01m[K/opt/ros/eloquent/include/rclcpp/node.hpp:1080:3:[m[K [01;36m[Knote: [m[Kcandidate: rclcpp::Node::Node(const rclcpp::Node&, const string&)
[8.010s]    [01;36m[KNode[m[K(
[8.011s]    [01;36m[K^~~~[m[K
[8.011s] [01m[K/opt/ros/eloquent/include/rclcpp/node.hpp:1080:3:[m[K [01;36m[Knote: [m[K  candidate expects 2 arguments, 0 provided
[8.011s] [01m[K/opt/ros/eloquent/include/rclcpp/node.hpp:94:12:[m[K [01;36m[Knote: [m[Kcandidate: rclcpp::Node::Node(const string&, const string&, const rclcpp::NodeOptions&)
[8.012s]    explicit [01;36m[KNode[m[K(
[8.012s]             [01;36m[K^~~~[m[K
[8.012s] [01m[K/opt/ros/eloquent/include/rclcpp/node.hpp:94:12:[m[K [01;36m[Knote: [m[K  candidate expects 3 arguments, 0 provided
[8.013s] [01m[K/opt/ros/eloquent/include/rclcpp/node.hpp:83:12:[m[K [01;36m[Knote: [m[Kcandidate: rclcpp::Node::Node(const string&, const rclcpp::NodeOptions&)
[8.013s]    explicit [01;36m[KNode[m[K(
[8.013s]             [01;36m[K^~~~[m[K
[8.014s] [01m[K/opt/ros/eloquent/include/rclcpp/node.hpp:83:12:[m[K [01;36m[Knote: [m[K  candidate expects 2 arguments, 0 provided
[8.014s] [01m[K/home/jiseongyoo/ros2_examples/src/composition_cpp_example/src/component_service_client_cpp_example.cpp:56:99:[m[K [01;31m[Kerror: [m[K‘[01m[Ksend_goal[m[K’ is not a member of ‘[01m[Kcomponent::ComponentServiceClientExample[m[K’
[8.014s]      timer_ = create_wall_timer(std::chrono::seconds(1), std::bind(&ComponentServiceClientExample::[01;31m[Ksend_goal[m[K,this));
[8.015s]                                                                                                    [01;31m[K^~~~~~~~~[m[K
[8.015s] [01m[K/home/jiseongyoo/ros2_examples/src/composition_cpp_example/src/component_service_client_cpp_example.cpp:45:91:[m[K [01;35m[Kwarning: [m[Kunused parameter ‘[01m[Koptions[m[K’ [[01;35m[K-Wunused-parameter[m[K]
[8.016s]    ComponentServiceClientExample::ComponentServiceClientExample(const rclcpp::NodeOption & [01;35m[Koptions[m[K){
[8.016s]                                                                                            [01;35m[K^~~~~~~[m[K
[9.547s] In file included from [01m[K/usr/include/x86_64-linux-gnu/c++/7/bits/c++allocator.h:33:0[m[K,
[9.549s]                  from [01m[K/usr/include/c++/7/bits/allocator.h:46[m[K,
[9.549s]                  from [01m[K/usr/include/c++/7/memory:63[m[K,
[9.550s]                  from [01m[K/opt/ros/eloquent/include/rclcpp/rclcpp.hpp:143[m[K,
[9.550s]                  from [01m[K/home/jiseongyoo/ros2_examples/src/composition_cpp_example/include/composition_cpp_example/component_service_client_cpp_example.hpp:8[m[K,
[9.551s]                  from [01m[K/home/jiseongyoo/ros2_examples/src/composition_cpp_example/src/component_service_client_cpp_example.cpp:1[m[K:
[9.551s] /usr/include/c++/7/ext/new_allocator.h: In instantiation of ‘[01m[Kvoid __gnu_cxx::new_allocator<_Tp>::construct(_Up*, _Args&& ...) [with _Up = component::ComponentServiceClientExample; _Args = {const rclcpp::NodeOptions&}; _Tp = component::ComponentServiceClientExample][m[K’:
[9.551s] [01m[K/usr/include/c++/7/bits/alloc_traits.h:475:4:[m[K   required from ‘[01m[Kstatic void std::allocator_traits<std::allocator<_Tp1> >::construct(std::allocator_traits<std::allocator<_Tp1> >::allocator_type&, _Up*, _Args&& ...) [with _Up = component::ComponentServiceClientExample; _Args = {const rclcpp::NodeOptions&}; _Tp = component::ComponentServiceClientExample; std::allocator_traits<std::allocator<_Tp1> >::allocator_type = std::allocator<component::ComponentServiceClientExample>][m[K’
[9.552s] [01m[K/usr/include/c++/7/bits/shared_ptr_base.h:526:39:[m[K   required from ‘[01m[Kstd::_Sp_counted_ptr_inplace<_Tp, _Alloc, _Lp>::_Sp_counted_ptr_inplace(_Alloc, _Args&& ...) [with _Args = {const rclcpp::NodeOptions&}; _Tp = component::ComponentServiceClientExample; _Alloc = std::allocator<component::ComponentServiceClientExample>; __gnu_cxx::_Lock_policy _Lp = (__gnu_cxx::_Lock_policy)2][m[K’
[9.552s] [01m[K/usr/include/c++/7/bits/shared_ptr_base.h:637:4:[m[K   required from ‘[01m[Kstd::__shared_count<_Lp>::__shared_count(std::_Sp_make_shared_tag, _Tp*, const _Alloc&, _Args&& ...) [with _Tp = component::ComponentServiceClientExample; _Alloc = std::allocator<component::ComponentServiceClientExample>; _Args = {const rclcpp::NodeOptions&}; __gnu_cxx::_Lock_policy _Lp = (__gnu_cxx::_Lock_policy)2][m[K’
[9.552s] [01m[K/usr/include/c++/7/bits/shared_ptr_base.h:1295:35:[m[K   required from ‘[01m[Kstd::__shared_ptr<_Tp, _Lp>::__shared_ptr(std::_Sp_make_shared_tag, const _Alloc&, _Args&& ...) [with _Alloc = std::allocator<component::ComponentServiceClientExample>; _Args = {const rclcpp::NodeOptions&}; _Tp = component::ComponentServiceClientExample; __gnu_cxx::_Lock_policy _Lp = (__gnu_cxx::_Lock_policy)2][m[K’
[9.553s] [01m[K/usr/include/c++/7/bits/shared_ptr.h:344:64:[m[K   required from ‘[01m[Kstd::shared_ptr<_Tp>::shared_ptr(std::_Sp_make_shared_tag, const _Alloc&, _Args&& ...) [with _Alloc = std::allocator<component::ComponentServiceClientExample>; _Args = {const rclcpp::NodeOptions&}; _Tp = component::ComponentServiceClientExample][m[K’
[9.553s] [01m[K/usr/include/c++/7/bits/shared_ptr.h:690:14:[m[K   required from ‘[01m[Kstd::shared_ptr<_Tp> std::allocate_shared(const _Alloc&, _Args&& ...) [with _Tp = component::ComponentServiceClientExample; _Alloc = std::allocator<component::ComponentServiceClientExample>; _Args = {const rclcpp::NodeOptions&}][m[K’
[9.553s] [01m[K/usr/include/c++/7/bits/shared_ptr.h:706:39:[m[K   required from ‘[01m[Kstd::shared_ptr<_Tp> std::make_shared(_Args&& ...) [with _Tp = component::ComponentServiceClientExample; _Args = {const rclcpp::NodeOptions&}][m[K’
[9.554s] [01m[K/opt/ros/eloquent/include/rclcpp_components/node_factory_template.hpp:45:40:[m[K   required from ‘[01m[Krclcpp_components::NodeInstanceWrapper rclcpp_components::NodeFactoryTemplate<NodeT>::create_node_instance(const rclcpp::NodeOptions&) [with NodeT = component::ComponentServiceClientExample][m[K’
[9.554s] [01m[K/opt/ros/eloquent/include/rclcpp/node_options.hpp:63:3:[m[K   required from here
[9.555s] [01m[K/usr/include/c++/7/ext/new_allocator.h:136:4:[m[K [01;31m[Kerror: [m[Kno matching function for call to ‘[01m[Kcomponent::ComponentServiceClientExample::ComponentServiceClientExample(const rclcpp::NodeOptions&)[m[K’
[9.555s]   { [01;31m[K::new((void *)__p) _Up(std::forward<_Args>(__args)...)[m[K; }
[9.555s]     [01;31m[K^~~~~~~~~~~~~~~~~~~~~~~~~~~~~~~~~~~~~~~~~~~~~~~~~~~~~~[m[K
[9.556s] [01m[K/home/jiseongyoo/ros2_examples/src/composition_cpp_example/src/component_service_client_cpp_example.cpp:45:3:[m[K [01;36m[Knote: [m[Kcandidate: component::ComponentServiceClientExample::ComponentServiceClientExample(const int&)
[9.556s]    [01;36m[KComponentServiceClientExample[m[K::ComponentServiceClientExample(const rclcpp::NodeOption & options){
[9.556s]    [01;36m[K^~~~~~~~~~~~~~~~~~~~~~~~~~~~~[m[K
[9.557s] [01m[K/home/jiseongyoo/ros2_examples/src/composition_cpp_example/src/component_service_client_cpp_example.cpp:45:3:[m[K [01;36m[Knote: [m[K  no known conversion for argument 1 from ‘[01m[Kconst rclcpp::NodeOptions[m[K’ to ‘[01m[Kconst int&[m[K’
[9.781s] CMakeFiles/component_service_client_cpp.dir/build.make:62: recipe for target 'CMakeFiles/component_service_client_cpp.dir/src/component_service_client_cpp_example.cpp.o' failed
[9.782s] make[2]: *** [CMakeFiles/component_service_client_cpp.dir/src/component_service_client_cpp_example.cpp.o] Error 1
[9.783s] CMakeFiles/Makefile2:208: recipe for target 'CMakeFiles/component_service_client_cpp.dir/all' failed
[9.784s] make[1]: *** [CMakeFiles/component_service_client_cpp.dir/all] Error 2
[9.784s] make[1]: *** Waiting for unfinished jobs....
[11.362s] [ 50%] [32m[1mLinking CXX shared library libcomponent_service_server_cpp.so[0m
[12.061s] [ 50%] Built target component_service_server_cpp
[12.066s] Makefile:140: recipe for target 'all' failed
[12.071s] make: *** [all] Error 2
[12.075s] Invoked command in '/home/jiseongyoo/ros2_examples/build/composition_cpp_example' returned '2': AMENT_PREFIX_PATH=/home/jiseongyoo/ros2_examples/install/interfaces:${AMENT_PREFIX_PATH} CMAKE_PREFIX_PATH=/home/jiseongyoo/ros2_examples/install/interfaces:/opt/ros/eloquent LD_LIBRARY_PATH=/home/jiseongyoo/ros2_examples/install/interfaces/lib:${LD_LIBRARY_PATH} PYTHONPATH=/home/jiseongyoo/ros2_examples/install/interfaces/lib/python3.6/site-packages:${PYTHONPATH} /usr/bin/cmake --build /home/jiseongyoo/ros2_examples/build/composition_cpp_example -- -j2 -l2
