[0.241s] -- Found ament_cmake: 0.8.2 (/opt/ros/eloquent/share/ament_cmake/cmake)
[0.395s] -- Using PYTHON_EXECUTABLE: /usr/bin/python3
[1.225s] -- Found rclcpp: 0.8.4 (/opt/ros/eloquent/share/rclcpp/cmake)
[1.288s] -- Found rosidl_adapter: 0.8.2 (/opt/ros/eloquent/share/rosidl_adapter/cmake)
[1.453s] -- Found rmw_implementation_cmake: 0.8.1 (/opt/ros/eloquent/share/rmw_implementation_cmake/cmake)
[1.461s] -- Using RMW implementation 'rmw_fastrtps_cpp' as default
[1.604s] -- Found rclcpp_action: 0.8.4 (/opt/ros/eloquent/share/rclcpp_action/cmake)
[1.908s] -- Found rclcpp_components: 0.8.4 (/opt/ros/eloquent/share/rclcpp_components/cmake)
[1.925s] -- Found poco_vendor:  (/opt/ros/eloquent/share/poco_vendor/cmake)
[2.026s] -- Found interfaces: 0.0.0 (/home/jiseongyoo/ros2_examples/install/interfaces/share/interfaces/cmake)
[3.127s] -- Found ament_lint_auto: 0.8.1 (/opt/ros/eloquent/share/ament_lint_auto/cmake)
[3.463s] -- Added test 'copyright' to check for copyright in CMake / C / C++ / Python code
[3.475s] -- Added test 'cppcheck' to perform static code analysis on C / C++ code
[3.479s] -- Configured cppcheck include dirs: /home/jiseongyoo/ros2_examples/src/composition_cpp_example/include
[3.485s] -- Added test 'cpplint' to check C / C++ code against the Google style
[3.490s] -- Added test 'lint_cmake' to check CMake code style
[3.499s] -- Added test 'uncrustify' to check C / C++ code style
[3.502s] -- Added test 'xmllint' to check XML markup files
[3.512s] -- Configuring done
[4.293s] -- Generating done
[4.315s] -- Build files have been written to: /home/jiseongyoo/ros2_examples/build/composition_cpp_example
[4.481s] [ 11%] Built target component_service_server_cpp
[4.512s] [ 22%] Built target component_subscriber_cpp
[4.597s] [ 33%] Built target component_publisher_cpp
[4.659s] [ 44%] Built target component_service_client_cpp
[4.752s] [ 55%] Built target component_action_client_cpp
[4.822s] [ 66%] Built target component_action_server_cpp
[4.870s] [ 77%] Built target component_parameter_server_cpp
[4.950s] [ 88%] Built target component_parameter_client_cpp
[5.002s] [35m[1mScanning dependencies of target component_container[0m
[5.143s] [ 94%] [32mBuilding CXX object CMakeFiles/component_container.dir/src/component_container.cpp.o[0m
[13.616s] [100%] [32m[1mLinking CXX executable component_container[0m
[15.228s] [100%] Built target component_container
[15.861s] [ 11%] Built target component_service_server_cpp
[16.001s] [ 22%] Built target component_subscriber_cpp
[16.124s] [ 33%] Built target component_publisher_cpp
[16.255s] [ 44%] Built target component_service_client_cpp
[16.398s] [ 55%] Built target component_action_client_cpp
[16.543s] [ 66%] Built target component_action_server_cpp
[16.665s] [ 77%] Built target component_parameter_server_cpp
[16.801s] [ 88%] Built target component_parameter_client_cpp
[16.931s] [100%] Built target component_container
[17.008s] [36mInstall the project...[0m
[17.043s] -- Install configuration: ""
[17.048s] -- Up-to-date: /home/jiseongyoo/ros2_examples/install/composition_cpp_example/lib/libcomponent_publisher_cpp.so
[17.049s] -- Up-to-date: /home/jiseongyoo/ros2_examples/install/composition_cpp_example/lib/libcomponent_subscriber_cpp.so
[17.052s] -- Up-to-date: /home/jiseongyoo/ros2_examples/install/composition_cpp_example/lib/libcomponent_service_server_cpp.so
[17.054s] -- Up-to-date: /home/jiseongyoo/ros2_examples/install/composition_cpp_example/lib/libcomponent_service_client_cpp.so
[17.057s] -- Up-to-date: /home/jiseongyoo/ros2_examples/install/composition_cpp_example/lib/libcomponent_action_server_cpp.so
[17.059s] -- Up-to-date: /home/jiseongyoo/ros2_examples/install/composition_cpp_example/lib/libcomponent_action_client_cpp.so
[17.060s] -- Up-to-date: /home/jiseongyoo/ros2_examples/install/composition_cpp_example/lib/libcomponent_parameter_server_cpp.so
[17.063s] -- Up-to-date: /home/jiseongyoo/ros2_examples/install/composition_cpp_example/lib/libcomponent_parameter_client_cpp.so
[17.066s] -- Installing: /home/jiseongyoo/ros2_examples/install/composition_cpp_example/lib/composition_cpp_example/component_container
[17.068s] -- Set runtime path of "/home/jiseongyoo/ros2_examples/install/composition_cpp_example/lib/composition_cpp_example/component_container" to ""
[17.069s] -- Installing: /home/jiseongyoo/ros2_examples/install/composition_cpp_example/share/ament_index/resource_index/package_run_dependencies/composition_cpp_example
[17.070s] -- Installing: /home/jiseongyoo/ros2_examples/install/composition_cpp_example/share/ament_index/resource_index/parent_prefix_path/composition_cpp_example
[17.071s] -- Up-to-date: /home/jiseongyoo/ros2_examples/install/composition_cpp_example/share/composition_cpp_example/environment/ament_prefix_path.sh
[17.073s] -- Installing: /home/jiseongyoo/ros2_examples/install/composition_cpp_example/share/composition_cpp_example/environment/ament_prefix_path.dsv
[17.074s] -- Up-to-date: /home/jiseongyoo/ros2_examples/install/composition_cpp_example/share/composition_cpp_example/environment/path.sh
[17.074s] -- Installing: /home/jiseongyoo/ros2_examples/install/composition_cpp_example/share/composition_cpp_example/environment/path.dsv
[17.075s] -- Up-to-date: /home/jiseongyoo/ros2_examples/install/composition_cpp_example/share/composition_cpp_example/local_setup.bash
[17.075s] -- Up-to-date: /home/jiseongyoo/ros2_examples/install/composition_cpp_example/share/composition_cpp_example/local_setup.sh
[17.076s] -- Up-to-date: /home/jiseongyoo/ros2_examples/install/composition_cpp_example/share/composition_cpp_example/local_setup.zsh
[17.077s] -- Installing: /home/jiseongyoo/ros2_examples/install/composition_cpp_example/share/composition_cpp_example/local_setup.dsv
[17.078s] -- Installing: /home/jiseongyoo/ros2_examples/install/composition_cpp_example/share/composition_cpp_example/package.dsv
[17.078s] -- Up-to-date: /home/jiseongyoo/ros2_examples/install/composition_cpp_example/share/ament_index/resource_index/packages/composition_cpp_example
[17.079s] -- Up-to-date: /home/jiseongyoo/ros2_examples/install/composition_cpp_example/share/ament_index/resource_index/rclcpp_components/composition_cpp_example
[17.079s] -- Up-to-date: /home/jiseongyoo/ros2_examples/install/composition_cpp_example/share/composition_cpp_example/cmake/composition_cpp_exampleConfig.cmake
[17.080s] -- Up-to-date: /home/jiseongyoo/ros2_examples/install/composition_cpp_example/share/composition_cpp_example/cmake/composition_cpp_exampleConfig-version.cmake
[17.098s] -- Installing: /home/jiseongyoo/ros2_examples/install/composition_cpp_example/share/composition_cpp_example/package.xml
