[0.546s] [ 50%] Built target action_server_cpp
[0.600s] [100%] Built target action_client_cpp
[1.858s] [ 50%] Built target action_server_cpp
[1.884s] [100%] Built target action_client_cpp
[2.103s] [36mInstall the project...[0m
[2.176s] -- Install configuration: ""
[2.178s] -- Up-to-date: /home/jiseongyoo/ros2_examples/install/action_cpp_example/lib/action_cpp_example/action_server_cpp
[2.182s] -- Up-to-date: /home/jiseongyoo/ros2_examples/install/action_cpp_example/lib/action_cpp_example/action_client_cpp
[2.192s] -- Up-to-date: /home/jiseongyoo/ros2_examples/install/action_cpp_example/share/ament_index/resource_index/package_run_dependencies/action_cpp_example
[2.193s] -- Up-to-date: /home/jiseongyoo/ros2_examples/install/action_cpp_example/share/ament_index/resource_index/parent_prefix_path/action_cpp_example
[2.194s] -- Up-to-date: /home/jiseongyoo/ros2_examples/install/action_cpp_example/share/action_cpp_example/environment/ament_prefix_path.sh
[2.195s] -- Up-to-date: /home/jiseongyoo/ros2_examples/install/action_cpp_example/share/action_cpp_example/environment/ament_prefix_path.dsv
[2.196s] -- Up-to-date: /home/jiseongyoo/ros2_examples/install/action_cpp_example/share/action_cpp_example/environment/path.sh
[2.197s] -- Up-to-date: /home/jiseongyoo/ros2_examples/install/action_cpp_example/share/action_cpp_example/environment/path.dsv
[2.198s] -- Up-to-date: /home/jiseongyoo/ros2_examples/install/action_cpp_example/share/action_cpp_example/local_setup.bash
[2.199s] -- Up-to-date: /home/jiseongyoo/ros2_examples/install/action_cpp_example/share/action_cpp_example/local_setup.sh
[2.200s] -- Up-to-date: /home/jiseongyoo/ros2_examples/install/action_cpp_example/share/action_cpp_example/local_setup.zsh
[2.201s] -- Up-to-date: /home/jiseongyoo/ros2_examples/install/action_cpp_example/share/action_cpp_example/local_setup.dsv
[2.203s] -- Installing: /home/jiseongyoo/ros2_examples/install/action_cpp_example/share/action_cpp_example/package.dsv
[2.204s] -- Up-to-date: /home/jiseongyoo/ros2_examples/install/action_cpp_example/share/ament_index/resource_index/packages/action_cpp_example
[2.205s] -- Up-to-date: /home/jiseongyoo/ros2_examples/install/action_cpp_example/share/action_cpp_example/cmake/action_cpp_exampleConfig.cmake
[2.205s] -- Up-to-date: /home/jiseongyoo/ros2_examples/install/action_cpp_example/share/action_cpp_example/cmake/action_cpp_exampleConfig-version.cmake
[2.206s] -- Up-to-date: /home/jiseongyoo/ros2_examples/install/action_cpp_example/share/action_cpp_example/package.xml
