[0.076s] Invoking command in '/home/jiseongyoo/ros2_examples/build/action_cpp_example': CMAKE_PREFIX_PATH=${CMAKE_PREFIX_PATH}:/opt/ros/eloquent /usr/bin/cmake /home/jiseongyoo/ros2_examples/src/action_cpp_example -DCMAKE_INSTALL_PREFIX=/home/jiseongyoo/ros2_examples/install/action_cpp_example
[0.330s] -- The C compiler identification is GNU 7.5.0
[0.553s] -- The CXX compiler identification is GNU 7.5.0
[0.566s] -- Check for working C compiler: /usr/bin/cc
[0.857s] -- Check for working C compiler: /usr/bin/cc -- works
[0.858s] -- Detecting C compiler ABI info
[1.148s] -- Detecting C compiler ABI info - done
[1.170s] -- Detecting C compile features
[2.133s] -- Detecting C compile features - done
[2.143s] -- Check for working CXX compiler: /usr/bin/c++
[2.503s] -- Check for working CXX compiler: /usr/bin/c++ -- works
[2.507s] -- Detecting CXX compiler ABI info
[2.857s] -- Detecting CXX compiler ABI info - done
[2.880s] -- Detecting CXX compile features
[4.396s] -- Detecting CXX compile features - done
[4.406s] -- Found ament_cmake: 0.8.2 (/opt/ros/eloquent/share/ament_cmake/cmake)
[4.525s] -- Found PythonInterp: /usr/bin/python3 (found suitable version "3.6.9", minimum required is "3") 
[4.527s] -- Using PYTHON_EXECUTABLE: /usr/bin/python3
[5.318s] -- Found ament_lint_auto: 0.8.1 (/opt/ros/eloquent/share/ament_lint_auto/cmake)
[5.642s] -- Added test 'lint_cmake' to check CMake code style
[5.646s] -- Added test 'xmllint' to check XML markup files
[5.653s] -- Configuring done
[5.661s] -- Generating done
[5.665s] -- Build files have been written to: /home/jiseongyoo/ros2_examples/build/action_cpp_example
[5.678s] Invoked command in '/home/jiseongyoo/ros2_examples/build/action_cpp_example' returned '0': CMAKE_PREFIX_PATH=${CMAKE_PREFIX_PATH}:/opt/ros/eloquent /usr/bin/cmake /home/jiseongyoo/ros2_examples/src/action_cpp_example -DCMAKE_INSTALL_PREFIX=/home/jiseongyoo/ros2_examples/install/action_cpp_example
[5.697s] Invoking command in '/home/jiseongyoo/ros2_examples/build/action_cpp_example': CMAKE_PREFIX_PATH=${CMAKE_PREFIX_PATH}:/opt/ros/eloquent /usr/bin/cmake --build /home/jiseongyoo/ros2_examples/build/action_cpp_example -- -j2 -l2
[5.869s] Invoked command in '/home/jiseongyoo/ros2_examples/build/action_cpp_example' returned '0': CMAKE_PREFIX_PATH=${CMAKE_PREFIX_PATH}:/opt/ros/eloquent /usr/bin/cmake --build /home/jiseongyoo/ros2_examples/build/action_cpp_example -- -j2 -l2
[6.034s] Invoking command in '/home/jiseongyoo/ros2_examples/build/action_cpp_example': CMAKE_PREFIX_PATH=${CMAKE_PREFIX_PATH}:/opt/ros/eloquent /usr/bin/cmake --build /home/jiseongyoo/ros2_examples/build/action_cpp_example --target install -- -j2 -l2
[6.251s] [36mInstall the project...[0m
[6.304s] -- Install configuration: ""
[6.305s] -- Installing: /home/jiseongyoo/ros2_examples/install/action_cpp_example/share/ament_index/resource_index/package_run_dependencies/action_cpp_example
[6.308s] -- Installing: /home/jiseongyoo/ros2_examples/install/action_cpp_example/share/ament_index/resource_index/parent_prefix_path/action_cpp_example
[6.310s] -- Installing: /home/jiseongyoo/ros2_examples/install/action_cpp_example/share/action_cpp_example/environment/ament_prefix_path.sh
[6.310s] -- Installing: /home/jiseongyoo/ros2_examples/install/action_cpp_example/share/action_cpp_example/environment/ament_prefix_path.dsv
[6.311s] -- Installing: /home/jiseongyoo/ros2_examples/install/action_cpp_example/share/action_cpp_example/environment/path.sh
[6.311s] -- Installing: /home/jiseongyoo/ros2_examples/install/action_cpp_example/share/action_cpp_example/environment/path.dsv
[6.312s] -- Installing: /home/jiseongyoo/ros2_examples/install/action_cpp_example/share/action_cpp_example/local_setup.bash
[6.312s] -- Installing: /home/jiseongyoo/ros2_examples/install/action_cpp_example/share/action_cpp_example/local_setup.sh
[6.313s] -- Installing: /home/jiseongyoo/ros2_examples/install/action_cpp_example/share/action_cpp_example/local_setup.zsh
[6.313s] -- Installing: /home/jiseongyoo/ros2_examples/install/action_cpp_example/share/action_cpp_example/local_setup.dsv
[6.314s] -- Installing: /home/jiseongyoo/ros2_examples/install/action_cpp_example/share/action_cpp_example/package.dsv
[6.314s] -- Installing: /home/jiseongyoo/ros2_examples/install/action_cpp_example/share/ament_index/resource_index/packages/action_cpp_example
[6.315s] -- Installing: /home/jiseongyoo/ros2_examples/install/action_cpp_example/share/action_cpp_example/cmake/action_cpp_exampleConfig.cmake
[6.315s] -- Installing: /home/jiseongyoo/ros2_examples/install/action_cpp_example/share/action_cpp_example/cmake/action_cpp_exampleConfig-version.cmake
[6.316s] -- Installing: /home/jiseongyoo/ros2_examples/install/action_cpp_example/share/action_cpp_example/package.xml
[6.328s] Invoked command in '/home/jiseongyoo/ros2_examples/build/action_cpp_example' returned '0': CMAKE_PREFIX_PATH=${CMAKE_PREFIX_PATH}:/opt/ros/eloquent /usr/bin/cmake --build /home/jiseongyoo/ros2_examples/build/action_cpp_example --target install -- -j2 -l2
