[0.289s] [35m[1mScanning dependencies of target service_client_cpp[0m
[0.347s] [ 50%] Built target service_server_cpp
[0.474s] [ 75%] [32mBuilding CXX object CMakeFiles/service_client_cpp.dir/src/service_client_cpp_example.cpp.o[0m
[4.846s] In file included from [01m[K/opt/ros/eloquent/include/rclcpp/client.hpp:39:0[m[K,
[4.847s]                  from [01m[K/opt/ros/eloquent/include/rclcpp/callback_group.hpp:23[m[K,
[4.848s]                  from [01m[K/opt/ros/eloquent/include/rclcpp/any_executable.hpp:20[m[K,
[4.849s]                  from [01m[K/opt/ros/eloquent/include/rclcpp/memory_strategy.hpp:24[m[K,
[4.850s]                  from [01m[K/opt/ros/eloquent/include/rclcpp/memory_strategies.hpp:18[m[K,
[4.852s]                  from [01m[K/opt/ros/eloquent/include/rclcpp/executor.hpp:33[m[K,
[4.853s]                  from [01m[K/opt/ros/eloquent/include/rclcpp/executors/multi_threaded_executor.hpp:25[m[K,
[4.854s]                  from [01m[K/opt/ros/eloquent/include/rclcpp/executors.hpp:21[m[K,
[4.855s]                  from [01m[K/opt/ros/eloquent/include/rclcpp/rclcpp.hpp:145[m[K,
[4.855s]                  from [01m[K/home/jiseongyoo/ros2_examples/src/service_cpp_example/src/service_client_cpp_example.cpp:3[m[K:
[4.856s] [01m[K/home/jiseongyoo/ros2_examples/src/service_cpp_example/src/service_client_cpp_example.cpp:[m[K In function ‘[01m[Kint main(int, char**)[m[K’:
[4.856s] [01m[K/home/jiseongyoo/ros2_examples/src/service_cpp_example/src/service_client_cpp_example.cpp:29:79:[m[K [01;31m[Kerror: [m[K‘[01m[Kclass std::shared_future<std::shared_ptr<interfaces::srv::Example_Response_<std::allocator<void> > > >[m[K’ has no member named ‘[01m[Kmessage[m[K’
[4.857s]  _INFO(rclcpp::get_logger("rclcpp"), "Response arrived '%s'", result.[01;31m[Km[m[Kessage.c_str());
[4.857s]                                                                      [01;31m[K^[m[K
[4.857s] [01m[K/opt/ros/eloquent/include/rcutils/logging_macros.h:72:64:[m[K [01;36m[Knote: [m[Kin definition of macro ‘[01m[KRCUTILS_LOG_COND_NAMED[m[K’
[4.858s]        rcutils_log(&__rcutils_logging_location, severity, name, [01;36m[K__VA_ARGS__[m[K); \
[4.858s]                                                                 [01;36m[K^~~~~~~~~~~[m[K
[4.859s] [01m[K/opt/ros/eloquent/include/rclcpp/logging.hpp:541:5:[m[K [01;36m[Knote: [m[Kin expansion of macro ‘[01m[KRCUTILS_LOG_INFO_NAMED[m[K’
[4.859s]      [01;36m[KRCUTILS_LOG_INFO_NAMED[m[K( \
[4.860s]      [01;36m[K^~~~~~~~~~~~~~~~~~~~~~[m[K
[4.860s] [01m[K/opt/ros/eloquent/include/rclcpp/logging.hpp:544:9:[m[K [01;36m[Knote: [m[Kin expansion of macro ‘[01m[KRCLCPP_ALL_BUT_FIRST_ARGS[m[K’
[4.861s]          [01;36m[KRCLCPP_ALL_BUT_FIRST_ARGS[m[K(__VA_ARGS__,"")); \
[4.861s]          [01;36m[K^~~~~~~~~~~~~~~~~~~~~~~~~[m[K
[4.861s] [01m[K/home/jiseongyoo/ros2_examples/src/service_cpp_example/src/service_client_cpp_example.cpp:29:5:[m[K [01;36m[Knote: [m[Kin expansion of macro ‘[01m[KRCLCPP_INFO[m[K’
[4.862s]      [01;36m[KRCLCPP_INFO[m[K(rclcpp::get_logger("rclcpp"), "Response arrived '%s'", result.message.c_str());
[4.862s]      [01;36m[K^~~~~~~~~~~[m[K
[5.105s] In file included from [01m[K/opt/ros/eloquent/include/rclcpp/rclcpp.hpp:145:0[m[K,
[5.108s]                  from [01m[K/home/jiseongyoo/ros2_examples/src/service_cpp_example/src/service_client_cpp_example.cpp:3[m[K:
[5.110s] /opt/ros/eloquent/include/rclcpp/executors.hpp: In instantiation of ‘[01m[Krclcpp::executor::FutureReturnCode rclcpp::spin_until_future_complete(std::shared_ptr<_Tp>, std::shared_future<ResponseT>&, std::chrono::duration<_Rep2, _Period2>) [with NodeT = rclcpp::Client<interfaces::srv::Example>; FutureT = std::shared_ptr<interfaces::srv::Example_Response_<std::allocator<void> > >; TimeRepT = long int; TimeT = std::ratio<1, 1000>][m[K’:
[5.111s] [01m[K/home/jiseongyoo/ros2_examples/src/service_cpp_example/src/service_client_cpp_example.cpp:28:64:[m[K   required from here
[5.113s] [01m[K/opt/ros/eloquent/include/rclcpp/executors.hpp:121:55:[m[K [01;31m[Kerror: [m[K‘[01m[Kusing element_type = class rclcpp::Client<interfaces::srv::Example> {aka class rclcpp::Client<interfaces::srv::Example>}[m[K’ has no member named ‘[01m[Kget_node_base_interface[m[K’
[5.114s]    return rclcpp::spin_until_future_complete([01;31m[Knode_ptr->get_node_base_interface[m[K(), future, timeout);
[5.115s]                                              [01;31m[K~~~~~~~~~~^~~~~~~~~~~~~~~~~~~~~~~[m[K
[6.140s] make[2]: *** [CMakeFiles/service_client_cpp.dir/src/service_client_cpp_example.cpp.o] Error 1
[6.141s] make[1]: *** [CMakeFiles/service_client_cpp.dir/all] Error 2
[6.142s] make: *** [all] Error 2
[6.142s] CMakeFiles/service_client_cpp.dir/build.make:62: recipe for target 'CMakeFiles/service_client_cpp.dir/src/service_client_cpp_example.cpp.o' failed
[6.142s] CMakeFiles/Makefile2:168: recipe for target 'CMakeFiles/service_client_cpp.dir/all' failed
[6.143s] Makefile:140: recipe for target 'all' failed
