[0.072s] Invoking command in '/home/jiseongyoo/ros2_examples/build/interfaces': CMAKE_PREFIX_PATH=/opt/ros/eloquent /usr/bin/cmake --build /home/jiseongyoo/ros2_examples/build/interfaces -- -j2 -l2
[0.193s] -- Found ament_cmake: 0.8.2 (/opt/ros/eloquent/share/ament_cmake/cmake)
[0.301s] -- Found PythonInterp: /usr/bin/python3 (found suitable version "3.6.9", minimum required is "3") 
[0.301s] -- Using PYTHON_EXECUTABLE: /usr/bin/python3
[1.056s] -- Found rosidl_default_generators: 0.8.0 (/opt/ros/eloquent/share/rosidl_default_generators/cmake)
[1.299s] -- Found rosidl_adapter: 0.8.2 (/opt/ros/eloquent/share/rosidl_adapter/cmake)
[1.687s] -- Found PythonInterp: /usr/bin/python3 (found version "3.6.9") 
[2.775s] -- Using single matching rosidl_typesupport_c: rosidl_typesupport_fastrtps_c
[2.847s] -- Using single matching rosidl_typesupport_cpp: rosidl_typesupport_fastrtps_cpp
[3.520s] -- Found rmw_implementation_cmake: 0.8.1 (/opt/ros/eloquent/share/rmw_implementation_cmake/cmake)
[3.641s] -- Found PythonInterp: /usr/bin/python3 (found suitable version "3.6.9", minimum required is "3.5") 
[3.642s] -- Found python_cmake_module: 0.8.0 (/opt/ros/eloquent/share/python_cmake_module/cmake)
[3.755s] -- Using PYTHON_EXECUTABLE: /usr/bin/python3
[3.756s] -- Using PYTHON_INCLUDE_DIRS: /usr/include/python3.6m
[3.757s] -- Using PYTHON_LIBRARIES: /usr/lib/x86_64-linux-gnu/libpython3.6m.so
[4.181s] -- Found ament_lint_auto: 0.8.1 (/opt/ros/eloquent/share/ament_lint_auto/cmake)
[4.238s] -- Added test 'lint_cmake' to check CMake code style
[4.244s] -- Added test 'xmllint' to check XML markup files
[4.258s] -- Configuring done
[4.982s] -- Generating done
[5.001s] -- Build files have been written to: /home/jiseongyoo/ros2_examples/build/interfaces
[5.097s] [  1%] [34m[1mGenerating C code for ROS interfaces[0m
[5.111s] [35m[1mScanning dependencies of target interfaces__cpp[0m
[5.180s] [  2%] [34m[1mGenerating C++ code for ROS interfaces[0m
[13.436s] [  2%] Built target interfaces__cpp
[13.485s] [  4%] [34m[1mGenerating C++ type support for eProsima Fast-RTPS[0m
[13.801s] [35m[1mScanning dependencies of target interfaces__rosidl_generator_c[0m
[13.873s] [  5%] [32mBuilding C object CMakeFiles/interfaces__rosidl_generator_c.dir/rosidl_generator_c/interfaces/action/action_collection__functions.c.o[0m
[14.185s] [  7%] [32mBuilding C object CMakeFiles/interfaces__rosidl_generator_c.dir/rosidl_generator_c/interfaces/msg/message_collection__functions.c.o[0m
[14.332s] [  8%] [32mBuilding C object CMakeFiles/interfaces__rosidl_generator_c.dir/rosidl_generator_c/interfaces/srv/service_collection__functions.c.o[0m
[14.547s] [ 10%] [32mBuilding C object CMakeFiles/interfaces__rosidl_generator_c.dir/rosidl_generator_c/interfaces/action/action_interface_example__functions.c.o[0m
[14.836s] [ 11%] [32mBuilding C object CMakeFiles/interfaces__rosidl_generator_c.dir/rosidl_generator_c/interfaces/msg/message_interface_example__functions.c.o[0m
[15.010s] [ 13%] [32mBuilding C object CMakeFiles/interfaces__rosidl_generator_c.dir/rosidl_generator_c/interfaces/srv/service_interface_example__functions.c.o[0m
[15.170s] [ 14%] [32m[1mLinking C shared library libinterfaces__rosidl_generator_c.so[0m
[15.357s] [ 14%] Built target interfaces__rosidl_generator_c
[15.404s] [ 15%] [34m[1mGenerating C++ introspection for ROS interfaces[0m
[22.068s] [35m[1mScanning dependencies of target interfaces__rosidl_typesupport_fastrtps_cpp[0m
[22.237s] [ 17%] [32mBuilding CXX object CMakeFiles/interfaces__rosidl_typesupport_fastrtps_cpp.dir/rosidl_typesupport_fastrtps_cpp/interfaces/action/dds_fastrtps/action_collection__type_support.cpp.o[0m
[22.694s] [35m[1mScanning dependencies of target interfaces__rosidl_typesupport_introspection_cpp[0m
[22.789s] [ 18%] [32mBuilding CXX object CMakeFiles/interfaces__rosidl_typesupport_introspection_cpp.dir/rosidl_typesupport_introspection_cpp/interfaces/action/action_collection__type_support.cpp.o[0m
[24.437s] [ 20%] [32mBuilding CXX object CMakeFiles/interfaces__rosidl_typesupport_introspection_cpp.dir/rosidl_typesupport_introspection_cpp/interfaces/msg/message_collection__type_support.cpp.o[0m
[24.608s] [ 21%] [32mBuilding CXX object CMakeFiles/interfaces__rosidl_typesupport_fastrtps_cpp.dir/rosidl_typesupport_fastrtps_cpp/interfaces/msg/dds_fastrtps/message_collection__type_support.cpp.o[0m
[25.812s] [ 23%] [32mBuilding CXX object CMakeFiles/interfaces__rosidl_typesupport_introspection_cpp.dir/rosidl_typesupport_introspection_cpp/interfaces/srv/service_collection__type_support.cpp.o[0m
[26.562s] [ 24%] [32mBuilding CXX object CMakeFiles/interfaces__rosidl_typesupport_fastrtps_cpp.dir/rosidl_typesupport_fastrtps_cpp/interfaces/srv/dds_fastrtps/service_collection__type_support.cpp.o[0m
[27.272s] [ 26%] [32mBuilding CXX object CMakeFiles/interfaces__rosidl_typesupport_introspection_cpp.dir/rosidl_typesupport_introspection_cpp/interfaces/action/action_interface_example__type_support.cpp.o[0m
[28.426s] [ 27%] [32mBuilding CXX object CMakeFiles/interfaces__rosidl_typesupport_introspection_cpp.dir/rosidl_typesupport_introspection_cpp/interfaces/msg/message_interface_example__type_support.cpp.o[0m
[28.633s] [ 28%] [32mBuilding CXX object CMakeFiles/interfaces__rosidl_typesupport_fastrtps_cpp.dir/rosidl_typesupport_fastrtps_cpp/interfaces/action/dds_fastrtps/action_interface_example__type_support.cpp.o[0m
[29.446s] [ 30%] [32mBuilding CXX object CMakeFiles/interfaces__rosidl_typesupport_introspection_cpp.dir/rosidl_typesupport_introspection_cpp/interfaces/srv/service_interface_example__type_support.cpp.o[0m
[30.377s] [ 31%] [32mBuilding CXX object CMakeFiles/interfaces__rosidl_typesupport_fastrtps_cpp.dir/rosidl_typesupport_fastrtps_cpp/interfaces/msg/dds_fastrtps/message_interface_example__type_support.cpp.o[0m
[30.488s] [ 33%] [32m[1mLinking CXX shared library libinterfaces__rosidl_typesupport_introspection_cpp.so[0m
[30.888s] [ 33%] Built target interfaces__rosidl_typesupport_introspection_cpp
[30.937s] [ 34%] [32mBuilding CXX object CMakeFiles/interfaces__rosidl_typesupport_fastrtps_cpp.dir/rosidl_typesupport_fastrtps_cpp/interfaces/srv/dds_fastrtps/service_interface_example__type_support.cpp.o[0m
[31.938s] [ 36%] [34m[1mGenerating C introspection for ROS interfaces[0m
[32.522s] [ 37%] [32m[1mLinking CXX shared library libinterfaces__rosidl_typesupport_fastrtps_cpp.so[0m
[32.952s] [ 37%] Built target interfaces__rosidl_typesupport_fastrtps_cpp
[32.998s] [ 39%] [34m[1mGenerating C type support for eProsima Fast-RTPS[0m
[39.859s] [35m[1mScanning dependencies of target interfaces__rosidl_typesupport_introspection_c[0m
[39.933s] [ 40%] [32mBuilding C object CMakeFiles/interfaces__rosidl_typesupport_introspection_c.dir/rosidl_typesupport_introspection_c/interfaces/action/action_collection__type_support.c.o[0m
[40.123s] [ 42%] [32mBuilding C object CMakeFiles/interfaces__rosidl_typesupport_introspection_c.dir/rosidl_typesupport_introspection_c/interfaces/msg/message_collection__type_support.c.o[0m
[40.261s] [ 43%] [32mBuilding C object CMakeFiles/interfaces__rosidl_typesupport_introspection_c.dir/rosidl_typesupport_introspection_c/interfaces/srv/service_collection__type_support.c.o[0m
[40.418s] [ 44%] [32mBuilding C object CMakeFiles/interfaces__rosidl_typesupport_introspection_c.dir/rosidl_typesupport_introspection_c/interfaces/action/action_interface_example__type_support.c.o[0m
[40.590s] [ 46%] [32mBuilding C object CMakeFiles/interfaces__rosidl_typesupport_introspection_c.dir/rosidl_typesupport_introspection_c/interfaces/msg/message_interface_example__type_support.c.o[0m
[40.709s] [ 47%] [32mBuilding C object CMakeFiles/interfaces__rosidl_typesupport_introspection_c.dir/rosidl_typesupport_introspection_c/interfaces/srv/service_interface_example__type_support.c.o[0m
[40.845s] [ 49%] [32m[1mLinking C shared library libinterfaces__rosidl_typesupport_introspection_c.so[0m
[40.980s] [ 49%] Built target interfaces__rosidl_typesupport_introspection_c
[41.026s] [ 50%] [34m[1mGenerating C++ type support dispatch for ROS interfaces[0m
[41.552s] [35m[1mScanning dependencies of target interfaces__rosidl_typesupport_fastrtps_c[0m
[41.733s] [ 52%] [32mBuilding CXX object CMakeFiles/interfaces__rosidl_typesupport_fastrtps_c.dir/rosidl_typesupport_fastrtps_c/interfaces/action/action_collection__type_support_c.cpp.o[0m
[43.446s] [ 53%] [32mBuilding CXX object CMakeFiles/interfaces__rosidl_typesupport_fastrtps_c.dir/rosidl_typesupport_fastrtps_c/interfaces/msg/message_collection__type_support_c.cpp.o[0m
[44.895s] [ 55%] [32mBuilding CXX object CMakeFiles/interfaces__rosidl_typesupport_fastrtps_c.dir/rosidl_typesupport_fastrtps_c/interfaces/srv/service_collection__type_support_c.cpp.o[0m
[46.478s] [ 56%] [32mBuilding CXX object CMakeFiles/interfaces__rosidl_typesupport_fastrtps_c.dir/rosidl_typesupport_fastrtps_c/interfaces/action/action_interface_example__type_support_c.cpp.o[0m
[47.463s] [35m[1mScanning dependencies of target interfaces__rosidl_typesupport_cpp[0m
[47.563s] [ 57%] [32mBuilding CXX object CMakeFiles/interfaces__rosidl_typesupport_cpp.dir/rosidl_typesupport_cpp/interfaces/action/action_collection__type_support.cpp.o[0m
[48.018s] [ 59%] [32mBuilding CXX object CMakeFiles/interfaces__rosidl_typesupport_fastrtps_c.dir/rosidl_typesupport_fastrtps_c/interfaces/msg/message_interface_example__type_support_c.cpp.o[0m
[49.153s] [ 60%] [32mBuilding CXX object CMakeFiles/interfaces__rosidl_typesupport_cpp.dir/rosidl_typesupport_cpp/interfaces/msg/message_collection__type_support.cpp.o[0m
[49.361s] [ 62%] [32mBuilding CXX object CMakeFiles/interfaces__rosidl_typesupport_fastrtps_c.dir/rosidl_typesupport_fastrtps_c/interfaces/srv/service_interface_example__type_support_c.cpp.o[0m
[50.599s] [ 63%] [32mBuilding CXX object CMakeFiles/interfaces__rosidl_typesupport_cpp.dir/rosidl_typesupport_cpp/interfaces/srv/service_collection__type_support.cpp.o[0m
[50.721s] [ 65%] [32m[1mLinking CXX shared library libinterfaces__rosidl_typesupport_fastrtps_c.so[0m
[51.177s] [ 65%] Built target interfaces__rosidl_typesupport_fastrtps_c
[51.223s] [ 66%] [34m[1mGenerating C type support dispatch for ROS interfaces[0m
[52.094s] [ 68%] [32mBuilding CXX object CMakeFiles/interfaces__rosidl_typesupport_cpp.dir/rosidl_typesupport_cpp/interfaces/action/action_interface_example__type_support.cpp.o[0m
[53.612s] [ 69%] [32mBuilding CXX object CMakeFiles/interfaces__rosidl_typesupport_cpp.dir/rosidl_typesupport_cpp/interfaces/msg/message_interface_example__type_support.cpp.o[0m
[55.049s] [ 71%] [32mBuilding CXX object CMakeFiles/interfaces__rosidl_typesupport_cpp.dir/rosidl_typesupport_cpp/interfaces/srv/service_interface_example__type_support.cpp.o[0m
[56.557s] [ 72%] [32m[1mLinking CXX shared library libinterfaces__rosidl_typesupport_cpp.so[0m
[56.988s] [ 72%] Built target interfaces__rosidl_typesupport_cpp
[57.615s] [35m[1mScanning dependencies of target interfaces__rosidl_typesupport_c[0m
[57.714s] [ 73%] [32mBuilding CXX object CMakeFiles/interfaces__rosidl_typesupport_c.dir/rosidl_typesupport_c/interfaces/action/action_collection__type_support.cpp.o[0m
[57.720s] [ 75%] [32mBuilding CXX object CMakeFiles/interfaces__rosidl_typesupport_c.dir/rosidl_typesupport_c/interfaces/msg/message_collection__type_support.cpp.o[0m
[57.834s] [ 76%] [32mBuilding CXX object CMakeFiles/interfaces__rosidl_typesupport_c.dir/rosidl_typesupport_c/interfaces/srv/service_collection__type_support.cpp.o[0m
[57.925s] [ 78%] [32mBuilding CXX object CMakeFiles/interfaces__rosidl_typesupport_c.dir/rosidl_typesupport_c/interfaces/action/action_interface_example__type_support.cpp.o[0m
[57.954s] [ 79%] [32mBuilding CXX object CMakeFiles/interfaces__rosidl_typesupport_c.dir/rosidl_typesupport_c/interfaces/msg/message_interface_example__type_support.cpp.o[0m
[58.065s] [ 81%] [32mBuilding CXX object CMakeFiles/interfaces__rosidl_typesupport_c.dir/rosidl_typesupport_c/interfaces/srv/service_interface_example__type_support.cpp.o[0m
[58.201s] [ 82%] [32m[1mLinking CXX shared library libinterfaces__rosidl_typesupport_c.so[0m
[58.497s] [ 82%] Built target interfaces__rosidl_typesupport_c
[58.581s] [ 82%] Built target interfaces
[58.625s] [35m[1mScanning dependencies of target interfaces__py[0m
[58.672s] [ 84%] [34m[1mGenerating Python code for ROS interfaces[0m
[75.914s] [ 84%] Built target interfaces__py
[75.966s] [35m[1mScanning dependencies of target interfaces__python[0m
[76.224s] [ 85%] [32mBuilding C object CMakeFiles/interfaces__python.dir/rosidl_generator_py/interfaces/msg/_message_collection_s.c.o[0m
[76.229s] [ 86%] [32mBuilding C object CMakeFiles/interfaces__python.dir/rosidl_generator_py/interfaces/action/_action_collection_s.c.o[0m
[77.106s] [ 88%] [32mBuilding C object CMakeFiles/interfaces__python.dir/rosidl_generator_py/interfaces/srv/_service_collection_s.c.o[0m
[77.783s] [ 89%] [32mBuilding C object CMakeFiles/interfaces__python.dir/rosidl_generator_py/interfaces/action/_action_interface_example_s.c.o[0m
[78.018s] [ 91%] [32mBuilding C object CMakeFiles/interfaces__python.dir/rosidl_generator_py/interfaces/msg/_message_interface_example_s.c.o[0m
[78.428s] [ 92%] [32mBuilding C object CMakeFiles/interfaces__python.dir/rosidl_generator_py/interfaces/srv/_service_interface_example_s.c.o[0m
[78.814s] [ 94%] [32m[1mLinking CXX shared library rosidl_generator_py/interfaces/libinterfaces__python.so[0m
[79.187s] [ 94%] Built target interfaces__python
[79.250s] [35m[1mScanning dependencies of target interfaces__rosidl_typesupport_fastrtps_c__pyext[0m
[79.255s] [35m[1mScanning dependencies of target interfaces__rosidl_typesupport_c__pyext[0m
[79.406s] [ 95%] [32mBuilding C object CMakeFiles/interfaces__rosidl_typesupport_c__pyext.dir/rosidl_generator_py/interfaces/_interfaces_s.ep.rosidl_typesupport_c.c.o[0m
[79.437s] [ 97%] [32mBuilding C object CMakeFiles/interfaces__rosidl_typesupport_fastrtps_c__pyext.dir/rosidl_generator_py/interfaces/_interfaces_s.ep.rosidl_typesupport_fastrtps_c.c.o[0m
[80.056s] [ 98%] [32m[1mLinking CXX shared library rosidl_generator_py/interfaces/interfaces_s__rosidl_typesupport_c.cpython-36m-x86_64-linux-gnu.so[0m
[80.366s] [100%] [32m[1mLinking CXX shared library rosidl_generator_py/interfaces/interfaces_s__rosidl_typesupport_fastrtps_c.cpython-36m-x86_64-linux-gnu.so[0m
[80.508s] [100%] Built target interfaces__rosidl_typesupport_c__pyext
[80.854s] [100%] Built target interfaces__rosidl_typesupport_fastrtps_c__pyext
[80.917s] Invoked command in '/home/jiseongyoo/ros2_examples/build/interfaces' returned '0': CMAKE_PREFIX_PATH=/opt/ros/eloquent /usr/bin/cmake --build /home/jiseongyoo/ros2_examples/build/interfaces -- -j2 -l2
[81.570s] Invoking command in '/home/jiseongyoo/ros2_examples/build/interfaces': CMAKE_PREFIX_PATH=/opt/ros/eloquent /usr/bin/cmake --build /home/jiseongyoo/ros2_examples/build/interfaces --target install -- -j2 -l2
[81.819s] [  1%] Built target interfaces__cpp
[81.828s] [ 13%] Built target interfaces__rosidl_generator_c
[81.929s] [ 24%] Built target interfaces__rosidl_typesupport_introspection_cpp
[81.936s] [ 36%] Built target interfaces__rosidl_typesupport_fastrtps_cpp
[82.034s] [ 47%] Built target interfaces__rosidl_typesupport_introspection_c
[82.052s] [ 59%] Built target interfaces__rosidl_typesupport_fastrtps_c
[82.170s] [ 71%] Built target interfaces__rosidl_typesupport_cpp
[82.172s] [ 82%] Built target interfaces__rosidl_typesupport_c
[82.277s] [ 82%] Built target interfaces
[82.387s] [ 84%] Built target interfaces__py
[82.504s] [ 94%] Built target interfaces__python
[82.611s] [ 97%] Built target interfaces__rosidl_typesupport_c__pyext
[82.619s] [100%] Built target interfaces__rosidl_typesupport_fastrtps_c__pyext
[82.718s] [36mInstall the project...[0m
[82.758s] -- Install configuration: ""
[82.761s] -- Installing: /home/jiseongyoo/ros2_examples/install/interfaces/share/ament_index/resource_index/rosidl_interfaces/interfaces
[82.765s] -- Installing: /home/jiseongyoo/ros2_examples/install/interfaces/lib/libinterfaces__rosidl_typesupport_c.so
[82.768s] -- Set runtime path of "/home/jiseongyoo/ros2_examples/install/interfaces/lib/libinterfaces__rosidl_typesupport_c.so" to ""
[82.769s] -- Up-to-date: /home/jiseongyoo/ros2_examples/install/interfaces/share/interfaces/environment/library_path.sh
[82.771s] -- Installing: /home/jiseongyoo/ros2_examples/install/interfaces/share/interfaces/environment/library_path.dsv
[82.774s] -- Installing: /home/jiseongyoo/ros2_examples/install/interfaces/lib/libinterfaces__rosidl_typesupport_cpp.so
[82.777s] -- Set runtime path of "/home/jiseongyoo/ros2_examples/install/interfaces/lib/libinterfaces__rosidl_typesupport_cpp.so" to ""
[82.778s] -- Up-to-date: /home/jiseongyoo/ros2_examples/install/interfaces/include/interfaces
[82.779s] -- Up-to-date: /home/jiseongyoo/ros2_examples/install/interfaces/include/interfaces/msg
[82.780s] -- Up-to-date: /home/jiseongyoo/ros2_examples/install/interfaces/include/interfaces/msg/msg_collection__rosidl_typesupport_fastrtps_c.h
[82.780s] -- Up-to-date: /home/jiseongyoo/ros2_examples/install/interfaces/include/interfaces/msg/msg_collection1__rosidl_typesupport_fastrtps_c.h
[82.781s] -- Installing: /home/jiseongyoo/ros2_examples/install/interfaces/include/interfaces/msg/message_interface_example__rosidl_typesupport_fastrtps_c.h
[82.783s] -- Installing: /home/jiseongyoo/ros2_examples/install/interfaces/include/interfaces/msg/message_collection__rosidl_typesupport_fastrtps_c.h
[82.783s] -- Up-to-date: /home/jiseongyoo/ros2_examples/install/interfaces/include/interfaces/msg/rosidl_typesupport_fastrtps_c__visibility_control.h
[82.784s] -- Up-to-date: /home/jiseongyoo/ros2_examples/install/interfaces/include/interfaces/action
[82.784s] -- Installing: /home/jiseongyoo/ros2_examples/install/interfaces/include/interfaces/action/action_interface_example__rosidl_typesupport_fastrtps_c.h
[82.785s] -- Installing: /home/jiseongyoo/ros2_examples/install/interfaces/include/interfaces/action/action_collection__rosidl_typesupport_fastrtps_c.h
[82.787s] -- Up-to-date: /home/jiseongyoo/ros2_examples/install/interfaces/include/interfaces/srv
[82.788s] -- Installing: /home/jiseongyoo/ros2_examples/install/interfaces/include/interfaces/srv/service_interface_example__rosidl_typesupport_fastrtps_c.h
[82.789s] -- Installing: /home/jiseongyoo/ros2_examples/install/interfaces/include/interfaces/srv/service_collection__rosidl_typesupport_fastrtps_c.h
[82.790s] -- Installing: /home/jiseongyoo/ros2_examples/install/interfaces/lib/libinterfaces__rosidl_typesupport_fastrtps_c.so
[82.790s] -- Set runtime path of "/home/jiseongyoo/ros2_examples/install/interfaces/lib/libinterfaces__rosidl_typesupport_fastrtps_c.so" to ""
[82.791s] -- Up-to-date: /home/jiseongyoo/ros2_examples/install/interfaces/include/interfaces
[82.792s] -- Up-to-date: /home/jiseongyoo/ros2_examples/install/interfaces/include/interfaces/msg
[82.792s] -- Installing: /home/jiseongyoo/ros2_examples/install/interfaces/include/interfaces/msg/message_interface_example.h
[82.793s] -- Up-to-date: /home/jiseongyoo/ros2_examples/install/interfaces/include/interfaces/msg/msg_collection1__type_support.h
[82.793s] -- Up-to-date: /home/jiseongyoo/ros2_examples/install/interfaces/include/interfaces/msg/msg_collection__functions.c
[82.794s] -- Up-to-date: /home/jiseongyoo/ros2_examples/install/interfaces/include/interfaces/msg/msg_collection__functions.h
[82.795s] -- Up-to-date: /home/jiseongyoo/ros2_examples/install/interfaces/include/interfaces/msg/msg_collection.h
[82.796s] -- Installing: /home/jiseongyoo/ros2_examples/install/interfaces/include/interfaces/msg/message_interface_example__functions.c
[82.797s] -- Up-to-date: /home/jiseongyoo/ros2_examples/install/interfaces/include/interfaces/msg/rosidl_generator_c__visibility_control.h
[82.798s] -- Installing: /home/jiseongyoo/ros2_examples/install/interfaces/include/interfaces/msg/message_interface_example__type_support.h
[82.799s] -- Up-to-date: /home/jiseongyoo/ros2_examples/install/interfaces/include/interfaces/msg/msg_collection__struct.h
[82.799s] -- Up-to-date: /home/jiseongyoo/ros2_examples/install/interfaces/include/interfaces/msg/msg_collection__type_support.h
[82.800s] -- Installing: /home/jiseongyoo/ros2_examples/install/interfaces/include/interfaces/msg/message_collection__functions.h
[82.801s] -- Up-to-date: /home/jiseongyoo/ros2_examples/install/interfaces/include/interfaces/msg/msg_collection1__functions.h
[82.802s] -- Installing: /home/jiseongyoo/ros2_examples/install/interfaces/include/interfaces/msg/message_interface_example__functions.h
[82.802s] -- Installing: /home/jiseongyoo/ros2_examples/install/interfaces/include/interfaces/msg/message_collection__functions.c
[82.803s] -- Installing: /home/jiseongyoo/ros2_examples/install/interfaces/include/interfaces/msg/message_collection__struct.h
[82.804s] -- Installing: /home/jiseongyoo/ros2_examples/install/interfaces/include/interfaces/msg/message_collection.h
[82.804s] -- Up-to-date: /home/jiseongyoo/ros2_examples/install/interfaces/include/interfaces/msg/msg_collection1.h
[82.805s] -- Up-to-date: /home/jiseongyoo/ros2_examples/install/interfaces/include/interfaces/msg/msg_collection1__functions.c
[82.806s] -- Up-to-date: /home/jiseongyoo/ros2_examples/install/interfaces/include/interfaces/msg/msg_collection1__struct.h
[82.807s] -- Installing: /home/jiseongyoo/ros2_examples/install/interfaces/include/interfaces/msg/message_interface_example__struct.h
[82.807s] -- Installing: /home/jiseongyoo/ros2_examples/install/interfaces/include/interfaces/msg/message_collection__type_support.h
[82.808s] -- Up-to-date: /home/jiseongyoo/ros2_examples/install/interfaces/include/interfaces/action
[82.808s] -- Installing: /home/jiseongyoo/ros2_examples/install/interfaces/include/interfaces/action/action_interface_example.h
[82.808s] -- Installing: /home/jiseongyoo/ros2_examples/install/interfaces/include/interfaces/action/action_collection__type_support.h
[82.809s] -- Installing: /home/jiseongyoo/ros2_examples/install/interfaces/include/interfaces/action/action_interface_example__type_support.h
[82.809s] -- Installing: /home/jiseongyoo/ros2_examples/install/interfaces/include/interfaces/action/action_interface_example__functions.c
[82.810s] -- Installing: /home/jiseongyoo/ros2_examples/install/interfaces/include/interfaces/action/action_collection__functions.h
[82.810s] -- Installing: /home/jiseongyoo/ros2_examples/install/interfaces/include/interfaces/action/action_collection__struct.h
[82.811s] -- Installing: /home/jiseongyoo/ros2_examples/install/interfaces/include/interfaces/action/action_interface_example__struct.h
[82.811s] -- Installing: /home/jiseongyoo/ros2_examples/install/interfaces/include/interfaces/action/action_collection.h
[82.812s] -- Installing: /home/jiseongyoo/ros2_examples/install/interfaces/include/interfaces/action/action_collection__functions.c
[82.812s] -- Installing: /home/jiseongyoo/ros2_examples/install/interfaces/include/interfaces/action/action_interface_example__functions.h
[82.813s] -- Up-to-date: /home/jiseongyoo/ros2_examples/install/interfaces/include/interfaces/srv
[82.813s] -- Installing: /home/jiseongyoo/ros2_examples/install/interfaces/include/interfaces/srv/service_collection.h
[82.813s] -- Installing: /home/jiseongyoo/ros2_examples/install/interfaces/include/interfaces/srv/service_collection__functions.c
[82.815s] -- Installing: /home/jiseongyoo/ros2_examples/install/interfaces/include/interfaces/srv/service_collection__functions.h
[82.815s] -- Installing: /home/jiseongyoo/ros2_examples/install/interfaces/include/interfaces/srv/service_interface_example__functions.h
[82.816s] -- Installing: /home/jiseongyoo/ros2_examples/install/interfaces/include/interfaces/srv/service_interface_example__type_support.h
[82.817s] -- Installing: /home/jiseongyoo/ros2_examples/install/interfaces/include/interfaces/srv/service_collection__type_support.h
[82.817s] -- Installing: /home/jiseongyoo/ros2_examples/install/interfaces/include/interfaces/srv/service_collection__struct.h
[82.818s] -- Installing: /home/jiseongyoo/ros2_examples/install/interfaces/include/interfaces/srv/service_interface_example__functions.c
[82.819s] -- Installing: /home/jiseongyoo/ros2_examples/install/interfaces/include/interfaces/srv/service_interface_example.h
[82.820s] -- Installing: /home/jiseongyoo/ros2_examples/install/interfaces/include/interfaces/srv/service_interface_example__struct.h
[82.821s] -- Installing: /home/jiseongyoo/ros2_examples/install/interfaces/lib/libinterfaces__rosidl_generator_c.so
[82.821s] -- Set runtime path of "/home/jiseongyoo/ros2_examples/install/interfaces/lib/libinterfaces__rosidl_generator_c.so" to ""
[82.822s] -- Up-to-date: /home/jiseongyoo/ros2_examples/install/interfaces/include/interfaces
[82.822s] -- Up-to-date: /home/jiseongyoo/ros2_examples/install/interfaces/include/interfaces/msg
[82.823s] -- Installing: /home/jiseongyoo/ros2_examples/install/interfaces/include/interfaces/msg/message_collection__rosidl_typesupport_fastrtps_cpp.hpp
[82.824s] -- Up-to-date: /home/jiseongyoo/ros2_examples/install/interfaces/include/interfaces/msg/msg_collection__rosidl_typesupport_fastrtps_cpp.hpp
[82.824s] -- Up-to-date: /home/jiseongyoo/ros2_examples/install/interfaces/include/interfaces/msg/msg_collection1__rosidl_typesupport_fastrtps_cpp.hpp
[82.825s] -- Up-to-date: /home/jiseongyoo/ros2_examples/install/interfaces/include/interfaces/msg/dds_fastrtps
[82.826s] -- Up-to-date: /home/jiseongyoo/ros2_examples/install/interfaces/include/interfaces/msg/rosidl_typesupport_fastrtps_cpp__visibility_control.h
[82.827s] -- Installing: /home/jiseongyoo/ros2_examples/install/interfaces/include/interfaces/msg/message_interface_example__rosidl_typesupport_fastrtps_cpp.hpp
[82.827s] -- Up-to-date: /home/jiseongyoo/ros2_examples/install/interfaces/include/interfaces/action
[82.828s] -- Up-to-date: /home/jiseongyoo/ros2_examples/install/interfaces/include/interfaces/action/dds_fastrtps
[82.829s] -- Installing: /home/jiseongyoo/ros2_examples/install/interfaces/include/interfaces/action/action_collection__rosidl_typesupport_fastrtps_cpp.hpp
[82.830s] -- Installing: /home/jiseongyoo/ros2_examples/install/interfaces/include/interfaces/action/action_interface_example__rosidl_typesupport_fastrtps_cpp.hpp
[82.830s] -- Up-to-date: /home/jiseongyoo/ros2_examples/install/interfaces/include/interfaces/srv
[82.831s] -- Installing: /home/jiseongyoo/ros2_examples/install/interfaces/include/interfaces/srv/service_interface_example__rosidl_typesupport_fastrtps_cpp.hpp
[82.831s] -- Up-to-date: /home/jiseongyoo/ros2_examples/install/interfaces/include/interfaces/srv/dds_fastrtps
[82.832s] -- Installing: /home/jiseongyoo/ros2_examples/install/interfaces/include/interfaces/srv/service_collection__rosidl_typesupport_fastrtps_cpp.hpp
[82.833s] -- Installing: /home/jiseongyoo/ros2_examples/install/interfaces/lib/libinterfaces__rosidl_typesupport_fastrtps_cpp.so
[82.833s] -- Set runtime path of "/home/jiseongyoo/ros2_examples/install/interfaces/lib/libinterfaces__rosidl_typesupport_fastrtps_cpp.so" to ""
[82.834s] -- Up-to-date: /home/jiseongyoo/ros2_examples/install/interfaces/include/interfaces
[82.835s] -- Up-to-date: /home/jiseongyoo/ros2_examples/install/interfaces/include/interfaces/msg
[82.836s] -- Installing: /home/jiseongyoo/ros2_examples/install/interfaces/include/interfaces/msg/message_interface_example__struct.hpp
[82.837s] -- Up-to-date: /home/jiseongyoo/ros2_examples/install/interfaces/include/interfaces/msg/msg_collection1__struct.hpp
[82.837s] -- Installing: /home/jiseongyoo/ros2_examples/install/interfaces/include/interfaces/msg/message_interface_example.hpp
[82.838s] -- Up-to-date: /home/jiseongyoo/ros2_examples/install/interfaces/include/interfaces/msg/msg_collection__struct.hpp
[82.839s] -- Up-to-date: /home/jiseongyoo/ros2_examples/install/interfaces/include/interfaces/msg/msg_collection1__traits.hpp
[82.840s] -- Up-to-date: /home/jiseongyoo/ros2_examples/install/interfaces/include/interfaces/msg/msg_collection1.hpp
[82.840s] -- Installing: /home/jiseongyoo/ros2_examples/install/interfaces/include/interfaces/msg/message_collection.hpp
[82.841s] -- Up-to-date: /home/jiseongyoo/ros2_examples/install/interfaces/include/interfaces/msg/msg_collection.hpp
[82.841s] -- Installing: /home/jiseongyoo/ros2_examples/install/interfaces/include/interfaces/msg/message_interface_example__traits.hpp
[82.842s] -- Installing: /home/jiseongyoo/ros2_examples/install/interfaces/include/interfaces/msg/message_collection__struct.hpp
[82.843s] -- Up-to-date: /home/jiseongyoo/ros2_examples/install/interfaces/include/interfaces/msg/msg_collection__traits.hpp
[82.844s] -- Installing: /home/jiseongyoo/ros2_examples/install/interfaces/include/interfaces/msg/message_collection__traits.hpp
[82.844s] -- Up-to-date: /home/jiseongyoo/ros2_examples/install/interfaces/include/interfaces/action
[82.845s] -- Installing: /home/jiseongyoo/ros2_examples/install/interfaces/include/interfaces/action/action_collection.hpp
[82.846s] -- Installing: /home/jiseongyoo/ros2_examples/install/interfaces/include/interfaces/action/action_interface_example.hpp
[82.847s] -- Installing: /home/jiseongyoo/ros2_examples/install/interfaces/include/interfaces/action/action_interface_example__traits.hpp
[82.847s] -- Installing: /home/jiseongyoo/ros2_examples/install/interfaces/include/interfaces/action/action_interface_example__struct.hpp
[82.847s] -- Installing: /home/jiseongyoo/ros2_examples/install/interfaces/include/interfaces/action/action_collection__struct.hpp
[82.848s] -- Installing: /home/jiseongyoo/ros2_examples/install/interfaces/include/interfaces/action/action_collection__traits.hpp
[82.848s] -- Up-to-date: /home/jiseongyoo/ros2_examples/install/interfaces/include/interfaces/srv
[82.849s] -- Installing: /home/jiseongyoo/ros2_examples/install/interfaces/include/interfaces/srv/service_interface_example.hpp
[82.849s] -- Installing: /home/jiseongyoo/ros2_examples/install/interfaces/include/interfaces/srv/service_interface_example__traits.hpp
[82.850s] -- Installing: /home/jiseongyoo/ros2_examples/install/interfaces/include/interfaces/srv/service_interface_example__struct.hpp
[82.850s] -- Installing: /home/jiseongyoo/ros2_examples/install/interfaces/include/interfaces/srv/service_collection__traits.hpp
[82.851s] -- Installing: /home/jiseongyoo/ros2_examples/install/interfaces/include/interfaces/srv/service_collection__struct.hpp
[82.851s] -- Installing: /home/jiseongyoo/ros2_examples/install/interfaces/include/interfaces/srv/service_collection.hpp
[82.852s] -- Up-to-date: /home/jiseongyoo/ros2_examples/install/interfaces/include/interfaces
[82.852s] -- Up-to-date: /home/jiseongyoo/ros2_examples/install/interfaces/include/interfaces/msg
[82.852s] -- Up-to-date: /home/jiseongyoo/ros2_examples/install/interfaces/include/interfaces/msg/msg_collection__rosidl_typesupport_introspection_c.h
[82.853s] -- Installing: /home/jiseongyoo/ros2_examples/install/interfaces/include/interfaces/msg/message_collection__rosidl_typesupport_introspection_c.h
[82.853s] -- Up-to-date: /home/jiseongyoo/ros2_examples/install/interfaces/include/interfaces/msg/msg_collection1__type_support.c
[82.854s] -- Up-to-date: /home/jiseongyoo/ros2_examples/install/interfaces/include/interfaces/msg/rosidl_typesupport_introspection_c__visibility_control.h
[82.854s] -- Up-to-date: /home/jiseongyoo/ros2_examples/install/interfaces/include/interfaces/msg/msg_collection1__rosidl_typesupport_introspection_c.h
[82.855s] -- Installing: /home/jiseongyoo/ros2_examples/install/interfaces/include/interfaces/msg/message_interface_example__rosidl_typesupport_introspection_c.h
[82.855s] -- Installing: /home/jiseongyoo/ros2_examples/install/interfaces/include/interfaces/msg/message_collection__type_support.c
[82.856s] -- Up-to-date: /home/jiseongyoo/ros2_examples/install/interfaces/include/interfaces/msg/msg_collection__type_support.c
[82.856s] -- Installing: /home/jiseongyoo/ros2_examples/install/interfaces/include/interfaces/msg/message_interface_example__type_support.c
[82.857s] -- Up-to-date: /home/jiseongyoo/ros2_examples/install/interfaces/include/interfaces/action
[82.857s] -- Installing: /home/jiseongyoo/ros2_examples/install/interfaces/include/interfaces/action/action_collection__rosidl_typesupport_introspection_c.h
[82.857s] -- Installing: /home/jiseongyoo/ros2_examples/install/interfaces/include/interfaces/action/action_interface_example__type_support.c
[82.858s] -- Installing: /home/jiseongyoo/ros2_examples/install/interfaces/include/interfaces/action/action_collection__type_support.c
[82.858s] -- Installing: /home/jiseongyoo/ros2_examples/install/interfaces/include/interfaces/action/action_interface_example__rosidl_typesupport_introspection_c.h
[82.859s] -- Up-to-date: /home/jiseongyoo/ros2_examples/install/interfaces/include/interfaces/srv
[82.859s] -- Installing: /home/jiseongyoo/ros2_examples/install/interfaces/include/interfaces/srv/service_interface_example__rosidl_typesupport_introspection_c.h
[82.860s] -- Installing: /home/jiseongyoo/ros2_examples/install/interfaces/include/interfaces/srv/service_interface_example__type_support.c
[82.860s] -- Installing: /home/jiseongyoo/ros2_examples/install/interfaces/include/interfaces/srv/service_collection__type_support.c
[82.861s] -- Installing: /home/jiseongyoo/ros2_examples/install/interfaces/include/interfaces/srv/service_collection__rosidl_typesupport_introspection_c.h
[82.861s] -- Installing: /home/jiseongyoo/ros2_examples/install/interfaces/lib/libinterfaces__rosidl_typesupport_introspection_c.so
[82.862s] -- Set runtime path of "/home/jiseongyoo/ros2_examples/install/interfaces/lib/libinterfaces__rosidl_typesupport_introspection_c.so" to ""
[82.862s] -- Up-to-date: /home/jiseongyoo/ros2_examples/install/interfaces/include/interfaces
[82.862s] -- Up-to-date: /home/jiseongyoo/ros2_examples/install/interfaces/include/interfaces/msg
[82.863s] -- Up-to-date: /home/jiseongyoo/ros2_examples/install/interfaces/include/interfaces/msg/msg_collection1__type_support.cpp
[82.863s] -- Installing: /home/jiseongyoo/ros2_examples/install/interfaces/include/interfaces/msg/message_interface_example__type_support.cpp
[82.864s] -- Up-to-date: /home/jiseongyoo/ros2_examples/install/interfaces/include/interfaces/msg/msg_collection1__rosidl_typesupport_introspection_cpp.hpp
[82.864s] -- Up-to-date: /home/jiseongyoo/ros2_examples/install/interfaces/include/interfaces/msg/msg_collection__rosidl_typesupport_introspection_cpp.hpp
[82.865s] -- Installing: /home/jiseongyoo/ros2_examples/install/interfaces/include/interfaces/msg/message_interface_example__rosidl_typesupport_introspection_cpp.hpp
[82.865s] -- Installing: /home/jiseongyoo/ros2_examples/install/interfaces/include/interfaces/msg/message_collection__rosidl_typesupport_introspection_cpp.hpp
[82.866s] -- Up-to-date: /home/jiseongyoo/ros2_examples/install/interfaces/include/interfaces/msg/msg_collection__type_support.cpp
[82.866s] -- Installing: /home/jiseongyoo/ros2_examples/install/interfaces/include/interfaces/msg/message_collection__type_support.cpp
[82.867s] -- Up-to-date: /home/jiseongyoo/ros2_examples/install/interfaces/include/interfaces/action
[82.867s] -- Installing: /home/jiseongyoo/ros2_examples/install/interfaces/include/interfaces/action/action_collection__type_support.cpp
[82.868s] -- Installing: /home/jiseongyoo/ros2_examples/install/interfaces/include/interfaces/action/action_interface_example__rosidl_typesupport_introspection_cpp.hpp
[82.868s] -- Installing: /home/jiseongyoo/ros2_examples/install/interfaces/include/interfaces/action/action_collection__rosidl_typesupport_introspection_cpp.hpp
[82.868s] -- Installing: /home/jiseongyoo/ros2_examples/install/interfaces/include/interfaces/action/action_interface_example__type_support.cpp
[82.869s] -- Up-to-date: /home/jiseongyoo/ros2_examples/install/interfaces/include/interfaces/srv
[82.869s] -- Installing: /home/jiseongyoo/ros2_examples/install/interfaces/include/interfaces/srv/service_interface_example__rosidl_typesupport_introspection_cpp.hpp
[82.870s] -- Installing: /home/jiseongyoo/ros2_examples/install/interfaces/include/interfaces/srv/service_interface_example__type_support.cpp
[82.870s] -- Installing: /home/jiseongyoo/ros2_examples/install/interfaces/include/interfaces/srv/service_collection__rosidl_typesupport_introspection_cpp.hpp
[82.871s] -- Installing: /home/jiseongyoo/ros2_examples/install/interfaces/include/interfaces/srv/service_collection__type_support.cpp
[82.871s] -- Installing: /home/jiseongyoo/ros2_examples/install/interfaces/lib/libinterfaces__rosidl_typesupport_introspection_cpp.so
[82.872s] -- Set runtime path of "/home/jiseongyoo/ros2_examples/install/interfaces/lib/libinterfaces__rosidl_typesupport_introspection_cpp.so" to ""
[82.872s] -- Up-to-date: /home/jiseongyoo/ros2_examples/install/interfaces/share/interfaces/environment/pythonpath.sh
[82.873s] -- Installing: /home/jiseongyoo/ros2_examples/install/interfaces/share/interfaces/environment/pythonpath.dsv
[82.873s] -- Installing: /home/jiseongyoo/ros2_examples/install/interfaces/lib/python3.6/site-packages/interfaces/__init__.py
[82.982s] Compiling '/home/jiseongyoo/ros2_examples/install/interfaces/lib/python3.6/site-packages/interfaces/__init__.py'...
[83.005s] -- Up-to-date: /home/jiseongyoo/ros2_examples/install/interfaces/lib/python3.6/site-packages/interfaces/action
[83.006s] -- Installing: /home/jiseongyoo/ros2_examples/install/interfaces/lib/python3.6/site-packages/interfaces/action/_action_interface_example.py
[83.006s] -- Installing: /home/jiseongyoo/ros2_examples/install/interfaces/lib/python3.6/site-packages/interfaces/action/_action_collection_s.c
[83.010s] -- Installing: /home/jiseongyoo/ros2_examples/install/interfaces/lib/python3.6/site-packages/interfaces/action/_action_collection.py
[83.011s] -- Installing: /home/jiseongyoo/ros2_examples/install/interfaces/lib/python3.6/site-packages/interfaces/action/_action_interface_example_s.c
[83.011s] -- Installing: /home/jiseongyoo/ros2_examples/install/interfaces/lib/python3.6/site-packages/interfaces/action/__init__.py
[83.012s] -- Up-to-date: /home/jiseongyoo/ros2_examples/install/interfaces/lib/python3.6/site-packages/interfaces/msg
[83.013s] -- Installing: /home/jiseongyoo/ros2_examples/install/interfaces/lib/python3.6/site-packages/interfaces/msg/_message_collection_s.c
[83.014s] -- Installing: /home/jiseongyoo/ros2_examples/install/interfaces/lib/python3.6/site-packages/interfaces/msg/_message_interface_example.py
[83.015s] -- Installing: /home/jiseongyoo/ros2_examples/install/interfaces/lib/python3.6/site-packages/interfaces/msg/_message_collection.py
[83.016s] -- Installing: /home/jiseongyoo/ros2_examples/install/interfaces/lib/python3.6/site-packages/interfaces/msg/_message_interface_example_s.c
[83.017s] -- Up-to-date: /home/jiseongyoo/ros2_examples/install/interfaces/lib/python3.6/site-packages/interfaces/msg/_msg_collection1_s.c
[83.018s] -- Up-to-date: /home/jiseongyoo/ros2_examples/install/interfaces/lib/python3.6/site-packages/interfaces/msg/_msg_collection.py
[83.018s] -- Installing: /home/jiseongyoo/ros2_examples/install/interfaces/lib/python3.6/site-packages/interfaces/msg/__init__.py
[83.020s] -- Up-to-date: /home/jiseongyoo/ros2_examples/install/interfaces/lib/python3.6/site-packages/interfaces/msg/_msg_collection1.py
[83.020s] -- Up-to-date: /home/jiseongyoo/ros2_examples/install/interfaces/lib/python3.6/site-packages/interfaces/msg/_msg_collection_s.c
[83.021s] -- Up-to-date: /home/jiseongyoo/ros2_examples/install/interfaces/lib/python3.6/site-packages/interfaces/srv
[83.022s] -- Installing: /home/jiseongyoo/ros2_examples/install/interfaces/lib/python3.6/site-packages/interfaces/srv/_service_collection_s.c
[83.022s] -- Installing: /home/jiseongyoo/ros2_examples/install/interfaces/lib/python3.6/site-packages/interfaces/srv/_service_interface_example.py
[83.023s] -- Installing: /home/jiseongyoo/ros2_examples/install/interfaces/lib/python3.6/site-packages/interfaces/srv/__init__.py
[83.024s] -- Installing: /home/jiseongyoo/ros2_examples/install/interfaces/lib/python3.6/site-packages/interfaces/srv/_service_collection.py
[83.024s] -- Installing: /home/jiseongyoo/ros2_examples/install/interfaces/lib/python3.6/site-packages/interfaces/srv/_service_interface_example_s.c
[83.025s] -- Installing: /home/jiseongyoo/ros2_examples/install/interfaces/lib/python3.6/site-packages/interfaces/interfaces_s__rosidl_typesupport_c.cpython-36m-x86_64-linux-gnu.so
[83.026s] -- Set runtime path of "/home/jiseongyoo/ros2_examples/install/interfaces/lib/python3.6/site-packages/interfaces/interfaces_s__rosidl_typesupport_c.cpython-36m-x86_64-linux-gnu.so" to ""
[83.026s] -- Installing: /home/jiseongyoo/ros2_examples/install/interfaces/lib/python3.6/site-packages/interfaces/interfaces_s__rosidl_typesupport_fastrtps_c.cpython-36m-x86_64-linux-gnu.so
[83.027s] -- Set runtime path of "/home/jiseongyoo/ros2_examples/install/interfaces/lib/python3.6/site-packages/interfaces/interfaces_s__rosidl_typesupport_fastrtps_c.cpython-36m-x86_64-linux-gnu.so" to ""
[83.028s] -- Installing: /home/jiseongyoo/ros2_examples/install/interfaces/lib/libinterfaces__python.so
[83.032s] -- Set runtime path of "/home/jiseongyoo/ros2_examples/install/interfaces/lib/libinterfaces__python.so" to ""
[83.033s] -- Installing: /home/jiseongyoo/ros2_examples/install/interfaces/share/interfaces/action/ActionCollection.idl
[83.033s] -- Installing: /home/jiseongyoo/ros2_examples/install/interfaces/share/interfaces/msg/MessageCollection.idl
[83.034s] -- Installing: /home/jiseongyoo/ros2_examples/install/interfaces/share/interfaces/srv/ServiceCollection.idl
[83.035s] -- Installing: /home/jiseongyoo/ros2_examples/install/interfaces/share/interfaces/action/ActionInterfaceExample.idl
[83.035s] -- Installing: /home/jiseongyoo/ros2_examples/install/interfaces/share/interfaces/msg/MessageInterfaceExample.idl
[83.036s] -- Installing: /home/jiseongyoo/ros2_examples/install/interfaces/share/interfaces/srv/ServiceInterfaceExample.idl
[83.037s] -- Installing: /home/jiseongyoo/ros2_examples/install/interfaces/share/interfaces/action/ActionCollection.action
[83.038s] -- Installing: /home/jiseongyoo/ros2_examples/install/interfaces/share/interfaces/msg/MessageCollection.msg
[83.038s] -- Installing: /home/jiseongyoo/ros2_examples/install/interfaces/share/interfaces/srv/ServiceCollection.srv
[83.039s] -- Installing: /home/jiseongyoo/ros2_examples/install/interfaces/share/interfaces/srv/ServiceCollection_Request.msg
[83.040s] -- Up-to-date: /home/jiseongyoo/ros2_examples/install/interfaces/share/interfaces/srv/ServiceCollection_Response.msg
[83.041s] -- Installing: /home/jiseongyoo/ros2_examples/install/interfaces/share/interfaces/action/ActionInterfaceExample.action
[83.041s] -- Installing: /home/jiseongyoo/ros2_examples/install/interfaces/share/interfaces/msg/MessageInterfaceExample.msg
[83.042s] -- Installing: /home/jiseongyoo/ros2_examples/install/interfaces/share/interfaces/srv/ServiceInterfaceExample.srv
[83.043s] -- Installing: /home/jiseongyoo/ros2_examples/install/interfaces/share/interfaces/srv/ServiceInterfaceExample_Request.msg
[83.043s] -- Installing: /home/jiseongyoo/ros2_examples/install/interfaces/share/interfaces/srv/ServiceInterfaceExample_Response.msg
[83.044s] -- Up-to-date: /home/jiseongyoo/ros2_examples/install/interfaces/share/ament_index/resource_index/package_run_dependencies/interfaces
[83.045s] -- Up-to-date: /home/jiseongyoo/ros2_examples/install/interfaces/share/ament_index/resource_index/parent_prefix_path/interfaces
[83.046s] -- Up-to-date: /home/jiseongyoo/ros2_examples/install/interfaces/share/interfaces/environment/ament_prefix_path.sh
[83.046s] -- Installing: /home/jiseongyoo/ros2_examples/install/interfaces/share/interfaces/environment/ament_prefix_path.dsv
[83.047s] -- Up-to-date: /home/jiseongyoo/ros2_examples/install/interfaces/share/interfaces/environment/path.sh
[83.047s] -- Installing: /home/jiseongyoo/ros2_examples/install/interfaces/share/interfaces/environment/path.dsv
[83.048s] -- Up-to-date: /home/jiseongyoo/ros2_examples/install/interfaces/share/interfaces/local_setup.bash
[83.048s] -- Up-to-date: /home/jiseongyoo/ros2_examples/install/interfaces/share/interfaces/local_setup.sh
[83.048s] -- Up-to-date: /home/jiseongyoo/ros2_examples/install/interfaces/share/interfaces/local_setup.zsh
[83.049s] -- Installing: /home/jiseongyoo/ros2_examples/install/interfaces/share/interfaces/local_setup.dsv
[83.049s] -- Installing: /home/jiseongyoo/ros2_examples/install/interfaces/share/interfaces/package.dsv
[83.051s] -- Up-to-date: /home/jiseongyoo/ros2_examples/install/interfaces/share/ament_index/resource_index/packages/interfaces
[83.051s] -- Installing: /home/jiseongyoo/ros2_examples/install/interfaces/share/interfaces/cmake/rosidl_cmake-extras.cmake
[83.052s] -- Up-to-date: /home/jiseongyoo/ros2_examples/install/interfaces/share/interfaces/cmake/ament_cmake_export_dependencies-extras.cmake
[83.052s] -- Up-to-date: /home/jiseongyoo/ros2_examples/install/interfaces/share/interfaces/cmake/ament_cmake_export_libraries-extras.cmake
[83.053s] -- Up-to-date: /home/jiseongyoo/ros2_examples/install/interfaces/share/interfaces/cmake/ament_cmake_export_include_directories-extras.cmake
[83.053s] -- Up-to-date: /home/jiseongyoo/ros2_examples/install/interfaces/share/interfaces/cmake/interfacesConfig.cmake
[83.054s] -- Up-to-date: /home/jiseongyoo/ros2_examples/install/interfaces/share/interfaces/cmake/interfacesConfig-version.cmake
[83.059s] -- Up-to-date: /home/jiseongyoo/ros2_examples/install/interfaces/share/interfaces/package.xml
[83.062s] Invoked command in '/home/jiseongyoo/ros2_examples/build/interfaces' returned '0': CMAKE_PREFIX_PATH=/opt/ros/eloquent /usr/bin/cmake --build /home/jiseongyoo/ros2_examples/build/interfaces --target install -- -j2 -l2
