[5.130s] [01m[K/home/jiseongyoo/ros2_examples/src/composition_cpp_example/src/component_pub_cpp_example.cpp:[m[K In constructor ‘[01m[Kcomponent::ComponentPublisherExample::ComponentPublisherExample()[m[K’:
[5.132s] [01m[K/home/jiseongyoo/ros2_examples/src/composition_cpp_example/src/component_pub_cpp_example.cpp:42:56:[m[K [01;31m[Kerror: [m[Kno matching function for call to ‘[01m[Krclcpp::Node::Node()[m[K’
[5.133s]    ComponentPublisherExample::ComponentPublisherExample([01;31m[K)[m[K{
[5.135s]                                                         [01;31m[K^[m[K
[5.136s] In file included from [01m[K/opt/ros/eloquent/include/rclcpp/executors/single_threaded_executor.hpp:28:0[m[K,
[5.136s]                  from [01m[K/opt/ros/eloquent/include/rclcpp/executors.hpp:22[m[K,
[5.137s]                  from [01m[K/opt/ros/eloquent/include/rclcpp/rclcpp.hpp:145[m[K,
[5.137s]                  from [01m[K/home/jiseongyoo/ros2_examples/src/composition_cpp_example/include/composition_cpp_example/component_pub_cpp_example.hpp:8[m[K,
[5.138s]                  from [01m[K/home/jiseongyoo/ros2_examples/src/composition_cpp_example/src/component_pub_cpp_example.cpp:26[m[K:
[5.139s] [01m[K/opt/ros/eloquent/include/rclcpp/node.hpp:1080:3:[m[K [01;36m[Knote: [m[Kcandidate: rclcpp::Node::Node(const rclcpp::Node&, const string&)
[5.139s]    [01;36m[KNode[m[K(
[5.140s]    [01;36m[K^~~~[m[K
[5.140s] [01m[K/opt/ros/eloquent/include/rclcpp/node.hpp:1080:3:[m[K [01;36m[Knote: [m[K  candidate expects 2 arguments, 0 provided
[5.141s] [01m[K/opt/ros/eloquent/include/rclcpp/node.hpp:94:12:[m[K [01;36m[Knote: [m[Kcandidate: rclcpp::Node::Node(const string&, const string&, const rclcpp::NodeOptions&)
[5.141s]    explicit [01;36m[KNode[m[K(
[5.141s]             [01;36m[K^~~~[m[K
[5.143s] [01m[K/opt/ros/eloquent/include/rclcpp/node.hpp:94:12:[m[K [01;36m[Knote: [m[K  candidate expects 3 arguments, 0 provided
[5.143s] [01m[K/opt/ros/eloquent/include/rclcpp/node.hpp:83:12:[m[K [01;36m[Knote: [m[Kcandidate: rclcpp::Node::Node(const string&, const rclcpp::NodeOptions&)
[5.144s]    explicit [01;36m[KNode[m[K(
[5.144s]             [01;36m[K^~~~[m[K
[5.145s] [01m[K/opt/ros/eloquent/include/rclcpp/node.hpp:83:12:[m[K [01;36m[Knote: [m[K  candidate expects 2 arguments, 0 provided
[7.854s] make[2]: *** [CMakeFiles/component_pub_cpp.dir/src/component_pub_cpp_example.cpp.o] Error 1
[7.862s] make[1]: *** [CMakeFiles/component_pub_cpp.dir/all] Error 2
[7.866s] make: *** [all] Error 2
