[0.072s] Invoking command in '/home/jiseongyoo/ros2_examples/build/composition_cpp_example': AMENT_PREFIX_PATH=/home/jiseongyoo/ros2_examples/install/interfaces:${AMENT_PREFIX_PATH} CMAKE_PREFIX_PATH=/home/jiseongyoo/ros2_examples/install/interfaces:/opt/ros/eloquent LD_LIBRARY_PATH=/home/jiseongyoo/ros2_examples/install/interfaces/lib:${LD_LIBRARY_PATH} PYTHONPATH=/home/jiseongyoo/ros2_examples/install/interfaces/lib/python3.6/site-packages:${PYTHONPATH} /usr/bin/cmake --build /home/jiseongyoo/ros2_examples/build/composition_cpp_example -- -j2 -l2
[0.341s] [ 14%] Built target component_service_server_cpp
[0.348s] [ 28%] Built target component_action_server_cpp
[0.463s] [ 42%] Built target component_sub_cpp
[0.468s] [ 57%] Built target component_action_client_cpp
[0.577s] [ 71%] Built target component_service_client_cpp
[0.603s] [ 85%] Built target component_pub_cpp
[0.667s] [35m[1mScanning dependencies of target component_container[0m
[0.884s] [ 92%] [32mBuilding CXX object CMakeFiles/component_container.dir/src/component_container.cpp.o[0m
[8.165s] [100%] [32m[1mLinking CXX executable component_container[0m
[9.721s] [100%] Built target component_container
[9.774s] Invoked command in '/home/jiseongyoo/ros2_examples/build/composition_cpp_example' returned '0': AMENT_PREFIX_PATH=/home/jiseongyoo/ros2_examples/install/interfaces:${AMENT_PREFIX_PATH} CMAKE_PREFIX_PATH=/home/jiseongyoo/ros2_examples/install/interfaces:/opt/ros/eloquent LD_LIBRARY_PATH=/home/jiseongyoo/ros2_examples/install/interfaces/lib:${LD_LIBRARY_PATH} PYTHONPATH=/home/jiseongyoo/ros2_examples/install/interfaces/lib/python3.6/site-packages:${PYTHONPATH} /usr/bin/cmake --build /home/jiseongyoo/ros2_examples/build/composition_cpp_example -- -j2 -l2
[10.002s] Invoking command in '/home/jiseongyoo/ros2_examples/build/composition_cpp_example': AMENT_PREFIX_PATH=/home/jiseongyoo/ros2_examples/install/interfaces:${AMENT_PREFIX_PATH} CMAKE_PREFIX_PATH=/home/jiseongyoo/ros2_examples/install/interfaces:/opt/ros/eloquent LD_LIBRARY_PATH=/home/jiseongyoo/ros2_examples/install/interfaces/lib:${LD_LIBRARY_PATH} PYTHONPATH=/home/jiseongyoo/ros2_examples/install/interfaces/lib/python3.6/site-packages:${PYTHONPATH} /usr/bin/cmake --build /home/jiseongyoo/ros2_examples/build/composition_cpp_example --target install -- -j2 -l2
[10.260s] [ 14%] Built target component_service_server_cpp
[10.266s] [ 28%] Built target component_action_server_cpp
[10.380s] [ 42%] Built target component_sub_cpp
[10.384s] [ 57%] Built target component_action_client_cpp
[10.498s] [ 71%] Built target component_pub_cpp
[10.499s] [ 85%] Built target component_service_client_cpp
[10.627s] [100%] Built target component_container
[10.716s] [36mInstall the project...[0m
[10.748s] -- Install configuration: ""
[10.751s] -- Up-to-date: /home/jiseongyoo/ros2_examples/install/composition_cpp_example/lib/libcomponent_pub_cpp.so
[10.755s] -- Up-to-date: /home/jiseongyoo/ros2_examples/install/composition_cpp_example/lib/libcomponent_sub_cpp.so
[10.757s] -- Up-to-date: /home/jiseongyoo/ros2_examples/install/composition_cpp_example/lib/libcomponent_service_server_cpp.so
[10.759s] -- Up-to-date: /home/jiseongyoo/ros2_examples/install/composition_cpp_example/lib/libcomponent_service_client_cpp.so
[10.764s] -- Up-to-date: /home/jiseongyoo/ros2_examples/install/composition_cpp_example/lib/libcomponent_action_server_cpp.so
[10.766s] -- Up-to-date: /home/jiseongyoo/ros2_examples/install/composition_cpp_example/lib/libcomponent_action_client_cpp.so
[10.768s] -- Installing: /home/jiseongyoo/ros2_examples/install/composition_cpp_example/lib/composition_cpp_example/component_container
[10.773s] -- Set runtime path of "/home/jiseongyoo/ros2_examples/install/composition_cpp_example/lib/composition_cpp_example/component_container" to ""
[10.775s] -- Up-to-date: /home/jiseongyoo/ros2_examples/install/composition_cpp_example/share/ament_index/resource_index/package_run_dependencies/composition_cpp_example
[10.777s] -- Up-to-date: /home/jiseongyoo/ros2_examples/install/composition_cpp_example/share/ament_index/resource_index/parent_prefix_path/composition_cpp_example
[10.779s] -- Up-to-date: /home/jiseongyoo/ros2_examples/install/composition_cpp_example/share/composition_cpp_example/environment/ament_prefix_path.sh
[10.779s] -- Up-to-date: /home/jiseongyoo/ros2_examples/install/composition_cpp_example/share/composition_cpp_example/environment/ament_prefix_path.dsv
[10.780s] -- Up-to-date: /home/jiseongyoo/ros2_examples/install/composition_cpp_example/share/composition_cpp_example/environment/path.sh
[10.781s] -- Up-to-date: /home/jiseongyoo/ros2_examples/install/composition_cpp_example/share/composition_cpp_example/environment/path.dsv
[10.782s] -- Up-to-date: /home/jiseongyoo/ros2_examples/install/composition_cpp_example/share/composition_cpp_example/local_setup.bash
[10.783s] -- Up-to-date: /home/jiseongyoo/ros2_examples/install/composition_cpp_example/share/composition_cpp_example/local_setup.sh
[10.784s] -- Up-to-date: /home/jiseongyoo/ros2_examples/install/composition_cpp_example/share/composition_cpp_example/local_setup.zsh
[10.784s] -- Up-to-date: /home/jiseongyoo/ros2_examples/install/composition_cpp_example/share/composition_cpp_example/local_setup.dsv
[10.785s] -- Installing: /home/jiseongyoo/ros2_examples/install/composition_cpp_example/share/composition_cpp_example/package.dsv
[10.785s] -- Up-to-date: /home/jiseongyoo/ros2_examples/install/composition_cpp_example/share/ament_index/resource_index/packages/composition_cpp_example
[10.786s] -- Up-to-date: /home/jiseongyoo/ros2_examples/install/composition_cpp_example/share/ament_index/resource_index/rclcpp_components/composition_cpp_example
[10.789s] -- Up-to-date: /home/jiseongyoo/ros2_examples/install/composition_cpp_example/share/composition_cpp_example/cmake/composition_cpp_exampleConfig.cmake
[10.791s] -- Up-to-date: /home/jiseongyoo/ros2_examples/install/composition_cpp_example/share/composition_cpp_example/cmake/composition_cpp_exampleConfig-version.cmake
[10.795s] -- Up-to-date: /home/jiseongyoo/ros2_examples/install/composition_cpp_example/share/composition_cpp_example/package.xml
[10.796s] Invoked command in '/home/jiseongyoo/ros2_examples/build/composition_cpp_example' returned '0': AMENT_PREFIX_PATH=/home/jiseongyoo/ros2_examples/install/interfaces:${AMENT_PREFIX_PATH} CMAKE_PREFIX_PATH=/home/jiseongyoo/ros2_examples/install/interfaces:/opt/ros/eloquent LD_LIBRARY_PATH=/home/jiseongyoo/ros2_examples/install/interfaces/lib:${LD_LIBRARY_PATH} PYTHONPATH=/home/jiseongyoo/ros2_examples/install/interfaces/lib/python3.6/site-packages:${PYTHONPATH} /usr/bin/cmake --build /home/jiseongyoo/ros2_examples/build/composition_cpp_example --target install -- -j2 -l2
