[5.373s] [01m[K/home/jiseongyoo/ros2_examples/src/service_cpp_example/src/service_client_cpp_example.cpp:[m[K In member function ‘[01m[Kvoid ServiceClientExample::send_request()[m[K’:
[5.375s] [01m[K/home/jiseongyoo/ros2_examples/src/service_cpp_example/src/service_client_cpp_example.cpp:50:54:[m[K [01;31m[Kerror: [m[Kno matching function for call to ‘[01m[Kspin_until_future_complete(ServiceClientExample*, std::shared_future<std::shared_ptr<interfaces::srv::Example_Response_<std::allocator<void> > > >&)[m[K’
[5.375s]      rclcpp::spin_until_future_complete(this, response[01;31m[K)[m[K;
[5.375s]                                                       [01;31m[K^[m[K
[5.376s] In file included from [01m[K/opt/ros/eloquent/include/rclcpp/rclcpp.hpp:145:0[m[K,
[5.376s]                  from [01m[K/home/jiseongyoo/ros2_examples/src/service_cpp_example/src/service_client_cpp_example.cpp:14[m[K:
[5.377s] [01m[K/opt/ros/eloquent/include/rclcpp/executors.hpp:104:1:[m[K [01;36m[Knote: [m[Kcandidate: template<class FutureT, class TimeRepT, class TimeT> rclcpp::executor::FutureReturnCode rclcpp::spin_until_future_complete(rclcpp::node_interfaces::NodeBaseInterface::SharedPtr, std::shared_future<_Res>&, std::chrono::duration<_Rep, _Period>)
[5.377s]  [01;36m[Kspin_until_future_complete[m[K(
[5.377s]  [01;36m[K^~~~~~~~~~~~~~~~~~~~~~~~~~[m[K
[5.378s] [01m[K/opt/ros/eloquent/include/rclcpp/executors.hpp:104:1:[m[K [01;36m[Knote: [m[K  template argument deduction/substitution failed:
[5.378s] [01m[K/home/jiseongyoo/ros2_examples/src/service_cpp_example/src/service_client_cpp_example.cpp:50:54:[m[K [01;36m[Knote: [m[K  cannot convert ‘[01m[K(ServiceClientExample*)this[m[K’ (type ‘[01m[KServiceClientExample*[m[K’) to type ‘[01m[Krclcpp::node_interfaces::NodeBaseInterface::SharedPtr {aka std::shared_ptr<rclcpp::node_interfaces::NodeBaseInterface>}[m[K’
[5.378s]      rclcpp::spin_until_future_complete(this, response[01;36m[K)[m[K;
[5.379s]                                                       [01;36m[K^[m[K
[5.379s] In file included from [01m[K/opt/ros/eloquent/include/rclcpp/rclcpp.hpp:145:0[m[K,
[5.379s]                  from [01m[K/home/jiseongyoo/ros2_examples/src/service_cpp_example/src/service_client_cpp_example.cpp:14[m[K:
[5.388s] [01m[K/opt/ros/eloquent/include/rclcpp/executors.hpp:116:1:[m[K [01;36m[Knote: [m[Kcandidate: template<class NodeT, class FutureT, class TimeRepT, class TimeT> rclcpp::executor::FutureReturnCode rclcpp::spin_until_future_complete(std::shared_ptr<_Tp>, std::shared_future<ResponseT>&, std::chrono::duration<_Rep2, _Period2>)
[5.388s]  [01;36m[Kspin_until_future_complete[m[K(
[5.389s]  [01;36m[K^~~~~~~~~~~~~~~~~~~~~~~~~~[m[K
[5.389s] [01m[K/opt/ros/eloquent/include/rclcpp/executors.hpp:116:1:[m[K [01;36m[Knote: [m[K  template argument deduction/substitution failed:
[5.390s] [01m[K/home/jiseongyoo/ros2_examples/src/service_cpp_example/src/service_client_cpp_example.cpp:50:54:[m[K [01;36m[Knote: [m[K  mismatched types ‘[01m[Kstd::shared_ptr<_Tp>[m[K’ and ‘[01m[KServiceClientExample*[m[K’
[5.390s]      rclcpp::spin_until_future_complete(this, response[01;36m[K)[m[K;
[5.390s]                                                       [01;36m[K^[m[K
[6.868s] make[2]: *** [CMakeFiles/service_client_cpp.dir/src/service_client_cpp_example.cpp.o] Error 1
[6.870s] make[1]: *** [CMakeFiles/service_client_cpp.dir/all] Error 2
[6.870s] make: *** [all] Error 2
