[0.090s] Invoking command in '/home/jiseongyoo/ros2_examples/build/pubsub_cpp_template': CMAKE_PREFIX_PATH=/opt/ros/eloquent /usr/bin/cmake --build /home/jiseongyoo/ros2_examples/build/pubsub_cpp_template -- -j2 -l2
[0.258s] [35m[1mScanning dependencies of target pub_cpp[0m
[0.374s] [ 50%] [32mBuilding CXX object CMakeFiles/pub_cpp.dir/src/pub_cpp_template.cpp.o[0m
[9.448s] [100%] [32m[1mLinking CXX executable pub_cpp[0m
[10.324s] [100%] Built target pub_cpp
[10.379s] Invoked command in '/home/jiseongyoo/ros2_examples/build/pubsub_cpp_template' returned '0': CMAKE_PREFIX_PATH=/opt/ros/eloquent /usr/bin/cmake --build /home/jiseongyoo/ros2_examples/build/pubsub_cpp_template -- -j2 -l2
[10.571s] Invoking command in '/home/jiseongyoo/ros2_examples/build/pubsub_cpp_template': CMAKE_PREFIX_PATH=/opt/ros/eloquent /usr/bin/cmake --build /home/jiseongyoo/ros2_examples/build/pubsub_cpp_template --target install -- -j2 -l2
[10.826s] [100%] Built target pub_cpp
[10.909s] [36mInstall the project...[0m
[10.949s] -- Install configuration: ""
[10.955s] -- Installing: /home/jiseongyoo/ros2_examples/install/pubsub_cpp_template/lib/pubsub_cpp_template/pub_cpp
[10.967s] -- Set runtime path of "/home/jiseongyoo/ros2_examples/install/pubsub_cpp_template/lib/pubsub_cpp_template/pub_cpp" to ""
[10.968s] -- Up-to-date: /home/jiseongyoo/ros2_examples/install/pubsub_cpp_template/share/ament_index/resource_index/package_run_dependencies/pubsub_cpp_template
[10.970s] -- Up-to-date: /home/jiseongyoo/ros2_examples/install/pubsub_cpp_template/share/ament_index/resource_index/parent_prefix_path/pubsub_cpp_template
[10.971s] -- Up-to-date: /home/jiseongyoo/ros2_examples/install/pubsub_cpp_template/share/pubsub_cpp_template/environment/ament_prefix_path.sh
[10.971s] -- Up-to-date: /home/jiseongyoo/ros2_examples/install/pubsub_cpp_template/share/pubsub_cpp_template/environment/ament_prefix_path.dsv
[10.972s] -- Up-to-date: /home/jiseongyoo/ros2_examples/install/pubsub_cpp_template/share/pubsub_cpp_template/environment/path.sh
[10.973s] -- Up-to-date: /home/jiseongyoo/ros2_examples/install/pubsub_cpp_template/share/pubsub_cpp_template/environment/path.dsv
[10.978s] -- Up-to-date: /home/jiseongyoo/ros2_examples/install/pubsub_cpp_template/share/pubsub_cpp_template/local_setup.bash
[10.978s] -- Up-to-date: /home/jiseongyoo/ros2_examples/install/pubsub_cpp_template/share/pubsub_cpp_template/local_setup.sh
[10.981s] -- Up-to-date: /home/jiseongyoo/ros2_examples/install/pubsub_cpp_template/share/pubsub_cpp_template/local_setup.zsh
[10.997s] -- Up-to-date: /home/jiseongyoo/ros2_examples/install/pubsub_cpp_template/share/pubsub_cpp_template/local_setup.dsv
[10.997s] -- Installing: /home/jiseongyoo/ros2_examples/install/pubsub_cpp_template/share/pubsub_cpp_template/package.dsv
[10.998s] -- Up-to-date: /home/jiseongyoo/ros2_examples/install/pubsub_cpp_template/share/ament_index/resource_index/packages/pubsub_cpp_template
[10.998s] -- Up-to-date: /home/jiseongyoo/ros2_examples/install/pubsub_cpp_template/share/pubsub_cpp_template/cmake/pubsub_cpp_templateConfig.cmake
[10.999s] -- Up-to-date: /home/jiseongyoo/ros2_examples/install/pubsub_cpp_template/share/pubsub_cpp_template/cmake/pubsub_cpp_templateConfig-version.cmake
[10.999s] -- Up-to-date: /home/jiseongyoo/ros2_examples/install/pubsub_cpp_template/share/pubsub_cpp_template/package.xml
[11.001s] Invoked command in '/home/jiseongyoo/ros2_examples/build/pubsub_cpp_template' returned '0': CMAKE_PREFIX_PATH=/opt/ros/eloquent /usr/bin/cmake --build /home/jiseongyoo/ros2_examples/build/pubsub_cpp_template --target install -- -j2 -l2
