[0.209s] -- Found ament_cmake: 0.8.2 (/opt/ros/eloquent/share/ament_cmake/cmake)
[0.328s] -- Using PYTHON_EXECUTABLE: /usr/bin/python3
[1.116s] -- Found rclcpp: 0.8.4 (/opt/ros/eloquent/share/rclcpp/cmake)
[1.195s] -- Found rosidl_adapter: 0.8.2 (/opt/ros/eloquent/share/rosidl_adapter/cmake)
[1.348s] -- Found rmw_implementation_cmake: 0.8.1 (/opt/ros/eloquent/share/rmw_implementation_cmake/cmake)
[1.355s] -- Using RMW implementation 'rmw_fastrtps_cpp' as default
[1.482s] -- Found rclcpp_action: 0.8.4 (/opt/ros/eloquent/share/rclcpp_action/cmake)
[1.731s] -- Found rclcpp_components: 0.8.4 (/opt/ros/eloquent/share/rclcpp_components/cmake)
[1.739s] -- Found poco_vendor:  (/opt/ros/eloquent/share/poco_vendor/cmake)
[1.809s] -- Found interfaces: 0.0.0 (/home/jiseongyoo/ros2_examples/install/interfaces/share/interfaces/cmake)
[2.809s] -- Found ament_lint_auto: 0.8.1 (/opt/ros/eloquent/share/ament_lint_auto/cmake)
[3.094s] -- Added test 'copyright' to check for copyright in CMake / C / C++ / Python code
[3.100s] -- Added test 'cppcheck' to perform static code analysis on C / C++ code
[3.104s] -- Configured cppcheck include dirs: /home/jiseongyoo/ros2_examples/src/composition_cpp_example/include
[3.109s] -- Added test 'cpplint' to check C / C++ code against the Google style
[3.112s] -- Added test 'lint_cmake' to check CMake code style
[3.118s] -- Added test 'uncrustify' to check C / C++ code style
[3.120s] -- Added test 'xmllint' to check XML markup files
[3.128s] -- Configuring done
[3.716s] -- Generating done
[3.728s] -- Build files have been written to: /home/jiseongyoo/ros2_examples/build/composition_cpp_example
[3.899s] [ 11%] Built target component_service_server_cpp
[4.027s] [ 22%] Built target component_subscriber_cpp
[4.168s] [ 33%] Built target component_publisher_cpp
[4.286s] [ 44%] Built target component_service_client_cpp
[4.410s] [ 55%] Built target component_action_client_cpp
[4.553s] [ 66%] Built target component_action_server_cpp
[4.706s] [ 77%] Built target component_parameter_server_cpp
[4.834s] [ 88%] Built target component_parameter_client_cpp
[4.990s] [100%] Built target component_container
[5.629s] [ 11%] Built target component_service_server_cpp
[5.774s] [ 22%] Built target component_subscriber_cpp
[5.899s] [ 33%] Built target component_publisher_cpp
[6.018s] [ 44%] Built target component_service_client_cpp
[6.141s] [ 55%] Built target component_action_client_cpp
[6.275s] [ 66%] Built target component_action_server_cpp
[6.409s] [ 77%] Built target component_parameter_server_cpp
[6.534s] [ 88%] Built target component_parameter_client_cpp
[6.685s] [100%] Built target component_container
[6.779s] [36mInstall the project...[0m
[6.830s] -- Install configuration: ""
[6.833s] -- Up-to-date: /home/jiseongyoo/ros2_examples/install/composition_cpp_example/lib/libcomponent_publisher_cpp.so
[6.835s] -- Up-to-date: /home/jiseongyoo/ros2_examples/install/composition_cpp_example/lib/libcomponent_subscriber_cpp.so
[6.837s] -- Up-to-date: /home/jiseongyoo/ros2_examples/install/composition_cpp_example/lib/libcomponent_service_server_cpp.so
[6.840s] -- Up-to-date: /home/jiseongyoo/ros2_examples/install/composition_cpp_example/lib/libcomponent_service_client_cpp.so
[6.842s] -- Up-to-date: /home/jiseongyoo/ros2_examples/install/composition_cpp_example/lib/libcomponent_action_server_cpp.so
[6.844s] -- Up-to-date: /home/jiseongyoo/ros2_examples/install/composition_cpp_example/lib/libcomponent_action_client_cpp.so
[6.845s] -- Up-to-date: /home/jiseongyoo/ros2_examples/install/composition_cpp_example/lib/libcomponent_parameter_server_cpp.so
[6.847s] -- Up-to-date: /home/jiseongyoo/ros2_examples/install/composition_cpp_example/lib/libcomponent_parameter_client_cpp.so
[6.849s] -- Up-to-date: /home/jiseongyoo/ros2_examples/install/composition_cpp_example/lib/composition_cpp_example/component_container
[6.850s] -- Installing: /home/jiseongyoo/ros2_examples/install/composition_cpp_example/share/ament_index/resource_index/package_run_dependencies/composition_cpp_example
[6.852s] -- Up-to-date: /home/jiseongyoo/ros2_examples/install/composition_cpp_example/share/ament_index/resource_index/parent_prefix_path/composition_cpp_example
[6.853s] -- Up-to-date: /home/jiseongyoo/ros2_examples/install/composition_cpp_example/share/composition_cpp_example/environment/ament_prefix_path.sh
[6.854s] -- Installing: /home/jiseongyoo/ros2_examples/install/composition_cpp_example/share/composition_cpp_example/environment/ament_prefix_path.dsv
[6.855s] -- Up-to-date: /home/jiseongyoo/ros2_examples/install/composition_cpp_example/share/composition_cpp_example/environment/path.sh
[6.856s] -- Installing: /home/jiseongyoo/ros2_examples/install/composition_cpp_example/share/composition_cpp_example/environment/path.dsv
[6.857s] -- Up-to-date: /home/jiseongyoo/ros2_examples/install/composition_cpp_example/share/composition_cpp_example/local_setup.bash
[6.857s] -- Up-to-date: /home/jiseongyoo/ros2_examples/install/composition_cpp_example/share/composition_cpp_example/local_setup.sh
[6.858s] -- Up-to-date: /home/jiseongyoo/ros2_examples/install/composition_cpp_example/share/composition_cpp_example/local_setup.zsh
[6.858s] -- Installing: /home/jiseongyoo/ros2_examples/install/composition_cpp_example/share/composition_cpp_example/local_setup.dsv
[6.859s] -- Installing: /home/jiseongyoo/ros2_examples/install/composition_cpp_example/share/composition_cpp_example/package.dsv
[6.859s] -- Up-to-date: /home/jiseongyoo/ros2_examples/install/composition_cpp_example/share/ament_index/resource_index/packages/composition_cpp_example
[6.859s] -- Up-to-date: /home/jiseongyoo/ros2_examples/install/composition_cpp_example/share/ament_index/resource_index/rclcpp_components/composition_cpp_example
[6.860s] -- Up-to-date: /home/jiseongyoo/ros2_examples/install/composition_cpp_example/share/composition_cpp_example/cmake/composition_cpp_exampleConfig.cmake
[6.869s] -- Up-to-date: /home/jiseongyoo/ros2_examples/install/composition_cpp_example/share/composition_cpp_example/cmake/composition_cpp_exampleConfig-version.cmake
[6.870s] -- Installing: /home/jiseongyoo/ros2_examples/install/composition_cpp_example/share/composition_cpp_example/package.xml
