[0.313s] [35m[1mScanning dependencies of target service_client_cpp[0m
[0.424s] [ 50%] [32mBuilding CXX object CMakeFiles/service_client_cpp.dir/src/service_client_cpp_example.cpp.o[0m
[0.425s] [ 75%] Built target service_server_cpp
[8.995s] [100%] [32m[1mLinking CXX executable service_client_cpp[0m
[9.775s] [100%] Built target service_client_cpp
[10.295s] [ 50%] Built target service_client_cpp
[10.303s] [100%] Built target service_server_cpp
[10.387s] [36mInstall the project...[0m
[10.420s] -- Install configuration: ""
[10.422s] -- Up-to-date: /home/jiseongyoo/ros2_examples/install/service_cpp_example/lib/service_cpp_example/service_server_cpp
[10.426s] -- Installing: /home/jiseongyoo/ros2_examples/install/service_cpp_example/lib/service_cpp_example/service_client_cpp
[10.428s] -- Set runtime path of "/home/jiseongyoo/ros2_examples/install/service_cpp_example/lib/service_cpp_example/service_client_cpp" to ""
[10.430s] -- Up-to-date: /home/jiseongyoo/ros2_examples/install/service_cpp_example/share/ament_index/resource_index/package_run_dependencies/service_cpp_example
[10.431s] -- Up-to-date: /home/jiseongyoo/ros2_examples/install/service_cpp_example/share/ament_index/resource_index/parent_prefix_path/service_cpp_example
[10.432s] -- Up-to-date: /home/jiseongyoo/ros2_examples/install/service_cpp_example/share/service_cpp_example/environment/ament_prefix_path.sh
[10.433s] -- Up-to-date: /home/jiseongyoo/ros2_examples/install/service_cpp_example/share/service_cpp_example/environment/ament_prefix_path.dsv
[10.433s] -- Up-to-date: /home/jiseongyoo/ros2_examples/install/service_cpp_example/share/service_cpp_example/environment/path.sh
[10.434s] -- Up-to-date: /home/jiseongyoo/ros2_examples/install/service_cpp_example/share/service_cpp_example/environment/path.dsv
[10.434s] -- Up-to-date: /home/jiseongyoo/ros2_examples/install/service_cpp_example/share/service_cpp_example/local_setup.bash
[10.435s] -- Up-to-date: /home/jiseongyoo/ros2_examples/install/service_cpp_example/share/service_cpp_example/local_setup.sh
[10.435s] -- Up-to-date: /home/jiseongyoo/ros2_examples/install/service_cpp_example/share/service_cpp_example/local_setup.zsh
[10.436s] -- Up-to-date: /home/jiseongyoo/ros2_examples/install/service_cpp_example/share/service_cpp_example/local_setup.dsv
[10.437s] -- Installing: /home/jiseongyoo/ros2_examples/install/service_cpp_example/share/service_cpp_example/package.dsv
[10.437s] -- Up-to-date: /home/jiseongyoo/ros2_examples/install/service_cpp_example/share/ament_index/resource_index/packages/service_cpp_example
[10.438s] -- Up-to-date: /home/jiseongyoo/ros2_examples/install/service_cpp_example/share/service_cpp_example/cmake/service_cpp_exampleConfig.cmake
[10.438s] -- Up-to-date: /home/jiseongyoo/ros2_examples/install/service_cpp_example/share/service_cpp_example/cmake/service_cpp_exampleConfig-version.cmake
[10.439s] -- Up-to-date: /home/jiseongyoo/ros2_examples/install/service_cpp_example/share/service_cpp_example/package.xml
