[0.337s] [ 11%] Built target component_subscriber_cpp
[0.358s] [ 22%] Built target component_service_server_cpp
[0.447s] [ 33%] Built target component_publisher_cpp
[0.476s] [ 44%] Built target component_service_client_cpp
[0.497s] [35m[1mScanning dependencies of target component_action_client_cpp[0m
[0.528s] [35m[1mScanning dependencies of target component_action_server_cpp[0m
[0.792s] [ 50%] [32mBuilding CXX object CMakeFiles/component_action_server_cpp.dir/src/action_server_cpp_example.cpp.o[0m
[0.813s] [ 55%] [32mBuilding CXX object CMakeFiles/component_action_client_cpp.dir/src/action_client_cpp_example.cpp.o[0m
[12.706s] [ 61%] [32m[1mLinking CXX shared library libcomponent_action_server_cpp.so[0m
[13.619s] [ 66%] [32m[1mLinking CXX shared library libcomponent_action_client_cpp.so[0m
[13.733s] [ 66%] Built target component_action_server_cpp
[13.861s] [ 77%] Built target component_parameter_server_cpp
[13.975s] [ 88%] Built target component_parameter_client_cpp
[14.585s] [ 88%] Built target component_action_client_cpp
[14.727s] [ 94%] [32m[1mLinking CXX executable component_container[0m
[16.392s] [100%] Built target component_container
[17.018s] [ 11%] Built target component_subscriber_cpp
[17.026s] [ 22%] Built target component_service_server_cpp
[17.128s] [ 33%] Built target component_publisher_cpp
[17.144s] [ 44%] Built target component_service_client_cpp
[17.245s] [ 55%] Built target component_action_client_cpp
[17.278s] [ 66%] Built target component_action_server_cpp
[17.355s] [ 77%] Built target component_parameter_server_cpp
[17.398s] [ 88%] Built target component_parameter_client_cpp
[17.549s] [100%] Built target component_container
[17.633s] [36mInstall the project...[0m
[17.676s] -- Install configuration: ""
[17.678s] -- Up-to-date: /home/jiseongyoo/ros2_examples/install/composition_cpp_example/lib/libcomponent_publisher_cpp.so
[17.681s] -- Up-to-date: /home/jiseongyoo/ros2_examples/install/composition_cpp_example/lib/libcomponent_subscriber_cpp.so
[17.684s] -- Up-to-date: /home/jiseongyoo/ros2_examples/install/composition_cpp_example/lib/libcomponent_service_server_cpp.so
[17.687s] -- Up-to-date: /home/jiseongyoo/ros2_examples/install/composition_cpp_example/lib/libcomponent_service_client_cpp.so
[17.689s] -- Installing: /home/jiseongyoo/ros2_examples/install/composition_cpp_example/lib/libcomponent_action_server_cpp.so
[17.707s] -- Set runtime path of "/home/jiseongyoo/ros2_examples/install/composition_cpp_example/lib/libcomponent_action_server_cpp.so" to ""
[17.710s] -- Installing: /home/jiseongyoo/ros2_examples/install/composition_cpp_example/lib/libcomponent_action_client_cpp.so
[17.719s] -- Set runtime path of "/home/jiseongyoo/ros2_examples/install/composition_cpp_example/lib/libcomponent_action_client_cpp.so" to ""
[17.720s] -- Up-to-date: /home/jiseongyoo/ros2_examples/install/composition_cpp_example/lib/libcomponent_parameter_server_cpp.so
[17.722s] -- Up-to-date: /home/jiseongyoo/ros2_examples/install/composition_cpp_example/lib/libcomponent_parameter_client_cpp.so
[17.726s] -- Installing: /home/jiseongyoo/ros2_examples/install/composition_cpp_example/lib/composition_cpp_example/component_container
[17.728s] -- Set runtime path of "/home/jiseongyoo/ros2_examples/install/composition_cpp_example/lib/composition_cpp_example/component_container" to ""
[17.730s] -- Up-to-date: /home/jiseongyoo/ros2_examples/install/composition_cpp_example/share/ament_index/resource_index/package_run_dependencies/composition_cpp_example
[17.731s] -- Up-to-date: /home/jiseongyoo/ros2_examples/install/composition_cpp_example/share/ament_index/resource_index/parent_prefix_path/composition_cpp_example
[17.732s] -- Up-to-date: /home/jiseongyoo/ros2_examples/install/composition_cpp_example/share/composition_cpp_example/environment/ament_prefix_path.sh
[17.733s] -- Up-to-date: /home/jiseongyoo/ros2_examples/install/composition_cpp_example/share/composition_cpp_example/environment/ament_prefix_path.dsv
[17.733s] -- Up-to-date: /home/jiseongyoo/ros2_examples/install/composition_cpp_example/share/composition_cpp_example/environment/path.sh
[17.734s] -- Up-to-date: /home/jiseongyoo/ros2_examples/install/composition_cpp_example/share/composition_cpp_example/environment/path.dsv
[17.734s] -- Up-to-date: /home/jiseongyoo/ros2_examples/install/composition_cpp_example/share/composition_cpp_example/local_setup.bash
[17.735s] -- Up-to-date: /home/jiseongyoo/ros2_examples/install/composition_cpp_example/share/composition_cpp_example/local_setup.sh
[17.735s] -- Up-to-date: /home/jiseongyoo/ros2_examples/install/composition_cpp_example/share/composition_cpp_example/local_setup.zsh
[17.736s] -- Up-to-date: /home/jiseongyoo/ros2_examples/install/composition_cpp_example/share/composition_cpp_example/local_setup.dsv
[17.736s] -- Installing: /home/jiseongyoo/ros2_examples/install/composition_cpp_example/share/composition_cpp_example/package.dsv
[17.737s] -- Up-to-date: /home/jiseongyoo/ros2_examples/install/composition_cpp_example/share/ament_index/resource_index/packages/composition_cpp_example
[17.737s] -- Up-to-date: /home/jiseongyoo/ros2_examples/install/composition_cpp_example/share/ament_index/resource_index/rclcpp_components/composition_cpp_example
[17.738s] -- Up-to-date: /home/jiseongyoo/ros2_examples/install/composition_cpp_example/share/composition_cpp_example/cmake/composition_cpp_exampleConfig.cmake
[17.739s] -- Up-to-date: /home/jiseongyoo/ros2_examples/install/composition_cpp_example/share/composition_cpp_example/cmake/composition_cpp_exampleConfig-version.cmake
[17.739s] -- Up-to-date: /home/jiseongyoo/ros2_examples/install/composition_cpp_example/share/composition_cpp_example/package.xml
