[5.077s] In file included from [01m[K/home/jiseongyoo/ros2_examples/src/composition_cpp_example/src/component_service_server_cpp_example.cpp:14:0[m[K:
[5.083s] [01m[K/home/jiseongyoo/ros2_examples/src/composition_cpp_example/include/composition_cpp_example/component_service_server_cpp_example.hpp:17:41:[m[K [01;31m[Kerror: [m[K‘[01m[KNodeOptions[m[K’ does not name a type
[5.085s]      ComponentServiceServerExample(const [01;31m[KNodeOptions[m[K & options);
[5.086s]                                          [01;31m[K^~~~~~~~~~~[m[K
[5.089s] [01m[K/home/jiseongyoo/ros2_examples/src/composition_cpp_example/include/composition_cpp_example/component_service_server_cpp_example.hpp:20:4:[m[K [01;31m[Kerror: [m[Kexpected ‘[01m[K;[m[K’ after class definition
[5.089s]    }
[5.089s]     [01;31m[K^[m[K
[5.090s]     [32m[K;[m[K
[5.105s] In file included from [01m[K/opt/ros/eloquent/include/rclcpp/client.hpp:39:0[m[K,
[5.106s]                  from [01m[K/opt/ros/eloquent/include/rclcpp/callback_group.hpp:23[m[K,
[5.106s]                  from [01m[K/opt/ros/eloquent/include/rclcpp/any_executable.hpp:20[m[K,
[5.112s]                  from [01m[K/opt/ros/eloquent/include/rclcpp/memory_strategy.hpp:24[m[K,
[5.112s]                  from [01m[K/opt/ros/eloquent/include/rclcpp/memory_strategies.hpp:18[m[K,
[5.113s]                  from [01m[K/opt/ros/eloquent/include/rclcpp/executor.hpp:33[m[K,
[5.114s]                  from [01m[K/opt/ros/eloquent/include/rclcpp/executors/multi_threaded_executor.hpp:25[m[K,
[5.114s]                  from [01m[K/opt/ros/eloquent/include/rclcpp/executors.hpp:21[m[K,
[5.120s]                  from [01m[K/opt/ros/eloquent/include/rclcpp/rclcpp.hpp:145[m[K,
[5.121s]                  from [01m[K/home/jiseongyoo/ros2_examples/src/composition_cpp_example/include/composition_cpp_example/component_service_server_cpp_example.hpp:6[m[K,
[5.121s]                  from [01m[K/home/jiseongyoo/ros2_examples/src/composition_cpp_example/src/component_service_server_cpp_example.cpp:14[m[K:
[5.121s] [01m[K/home/jiseongyoo/ros2_examples/src/composition_cpp_example/src/component_service_server_cpp_example.cpp:[m[K In member function ‘[01m[Kvoid component::ComponentServiceServerExample::service_callback(std::shared_ptr<interfaces::srv::Example_Request_<std::allocator<void> > >, std::shared_ptr<interfaces::srv::Example_Response_<std::allocator<void> > >)[m[K’:
[5.122s] [01m[K/home/jiseongyoo/ros2_examples/src/composition_cpp_example/src/component_service_server_cpp_example.cpp:22:83:[m[K [01;31m[Kerror: [m[K‘[01m[Kusing element_type = class rclcpp::Service<interfaces::srv::Example> {aka class rclcpp::Service<interfaces::srv::Example>}[m[K’ has no member named ‘[01m[Kget_topic_name[m[K’; did you mean ‘[01m[Kget_service_name[m[K’?
[5.122s]  O(this->get_logger(), "Service requested '%s' : ", service_server_->[01;31m[Kg[m[Ket_topic_name(), request->request.c_str());
[5.122s]                                                                      [01;31m[K^[m[K
[5.123s] [01m[K/opt/ros/eloquent/include/rcutils/logging_macros.h:72:64:[m[K [01;36m[Knote: [m[Kin definition of macro ‘[01m[KRCUTILS_LOG_COND_NAMED[m[K’
[5.123s]        rcutils_log(&__rcutils_logging_location, severity, name, [01;36m[K__VA_ARGS__[m[K); \
[5.124s]                                                                 [01;36m[K^~~~~~~~~~~[m[K
[5.124s] [01m[K/opt/ros/eloquent/include/rclcpp/logging.hpp:541:5:[m[K [01;36m[Knote: [m[Kin expansion of macro ‘[01m[KRCUTILS_LOG_INFO_NAMED[m[K’
[5.124s]      [01;36m[KRCUTILS_LOG_INFO_NAMED[m[K( \
[5.125s]      [01;36m[K^~~~~~~~~~~~~~~~~~~~~~[m[K
[5.125s] [01m[K/opt/ros/eloquent/include/rclcpp/logging.hpp:544:9:[m[K [01;36m[Knote: [m[Kin expansion of macro ‘[01m[KRCLCPP_ALL_BUT_FIRST_ARGS[m[K’
[5.125s]          [01;36m[KRCLCPP_ALL_BUT_FIRST_ARGS[m[K(__VA_ARGS__,"")); \
[5.126s]          [01;36m[K^~~~~~~~~~~~~~~~~~~~~~~~~[m[K
[5.126s] [01m[K/home/jiseongyoo/ros2_examples/src/composition_cpp_example/src/component_service_server_cpp_example.cpp:22:5:[m[K [01;36m[Knote: [m[Kin expansion of macro ‘[01m[KRCLCPP_INFO[m[K’
[5.127s]      [01;36m[KRCLCPP_INFO[m[K(this->get_logger(), "Service requested '%s' : ", service_server_->get_topic_name(), request->request.c_str());
[5.130s]      [01;36m[K^~~~~~~~~~~[m[K
[5.130s] [01m[K/home/jiseongyoo/ros2_examples/src/composition_cpp_example/src/component_service_server_cpp_example.cpp:29:83:[m[K [01;31m[Kerror: [m[K‘[01m[Kusing element_type = class rclcpp::Service<interfaces::srv::Example> {aka class rclcpp::Service<interfaces::srv::Example>}[m[K’ has no member named ‘[01m[Kget_topic_name[m[K’; did you mean ‘[01m[Kget_service_name[m[K’?
[5.131s]  O(this->get_logger(), "Service responsed '%s' : ", service_server_->[01;31m[Kg[m[Ket_topic_name(), response->response.c_str());
[5.133s]                                                                      [01;31m[K^[m[K
[5.133s] [01m[K/opt/ros/eloquent/include/rcutils/logging_macros.h:72:64:[m[K [01;36m[Knote: [m[Kin definition of macro ‘[01m[KRCUTILS_LOG_COND_NAMED[m[K’
[5.133s]        rcutils_log(&__rcutils_logging_location, severity, name, [01;36m[K__VA_ARGS__[m[K); \
[5.134s]                                                                 [01;36m[K^~~~~~~~~~~[m[K
[5.135s] [01m[K/opt/ros/eloquent/include/rclcpp/logging.hpp:541:5:[m[K [01;36m[Knote: [m[Kin expansion of macro ‘[01m[KRCUTILS_LOG_INFO_NAMED[m[K’
[5.136s]      [01;36m[KRCUTILS_LOG_INFO_NAMED[m[K( \
[5.136s]      [01;36m[K^~~~~~~~~~~~~~~~~~~~~~[m[K
[5.137s] [01m[K/opt/ros/eloquent/include/rclcpp/logging.hpp:544:9:[m[K [01;36m[Knote: [m[Kin expansion of macro ‘[01m[KRCLCPP_ALL_BUT_FIRST_ARGS[m[K’
[5.137s]          [01;36m[KRCLCPP_ALL_BUT_FIRST_ARGS[m[K(__VA_ARGS__,"")); \
[5.138s]          [01;36m[K^~~~~~~~~~~~~~~~~~~~~~~~~[m[K
[5.139s] [01m[K/home/jiseongyoo/ros2_examples/src/composition_cpp_example/src/component_service_server_cpp_example.cpp:29:5:[m[K [01;36m[Knote: [m[Kin expansion of macro ‘[01m[KRCLCPP_INFO[m[K’
[5.139s]      [01;36m[KRCLCPP_INFO[m[K(this->get_logger(), "Service responsed '%s' : ", service_server_->get_topic_name(), response->response.c_str());
[5.139s]      [01;36m[K^~~~~~~~~~~[m[K
[5.140s] [01m[K/home/jiseongyoo/ros2_examples/src/composition_cpp_example/src/component_service_server_cpp_example.cpp:[m[K At global scope:
[5.140s] [01m[K/home/jiseongyoo/ros2_examples/src/composition_cpp_example/src/component_service_server_cpp_example.cpp:32:70:[m[K [01;31m[Kerror: [m[K‘[01m[KNodeOptions[m[K’ does not name a type
[5.140s]   ComponentServiceServerExample::ComponentServiceServerExample(const [01;31m[KNodeOptions[m[K & options)
[5.141s]                                                                      [01;31m[K^~~~~~~~~~~[m[K
[5.141s] [01m[K/home/jiseongyoo/ros2_examples/src/composition_cpp_example/src/component_service_server_cpp_example.cpp:[m[K In constructor ‘[01m[Kcomponent::ComponentServiceServerExample::ComponentServiceServerExample(const int&)[m[K’:
[5.141s] [01m[K/home/jiseongyoo/ros2_examples/src/composition_cpp_example/src/component_service_server_cpp_example.cpp:33:35:[m[K [01;31m[Kerror: [m[Kno matching function for call to ‘[01m[Krclcpp::Node::Node(const char [15], const int&)[m[K’
[5.142s]    : Node("service_server", options[01;31m[K)[m[K{
[5.142s]                                    [01;31m[K^[m[K
[5.147s] In file included from [01m[K/opt/ros/eloquent/include/rclcpp/executors/single_threaded_executor.hpp:28:0[m[K,
[5.153s]                  from [01m[K/opt/ros/eloquent/include/rclcpp/executors.hpp:22[m[K,
[5.154s]                  from [01m[K/opt/ros/eloquent/include/rclcpp/rclcpp.hpp:145[m[K,
[5.154s]                  from [01m[K/home/jiseongyoo/ros2_examples/src/composition_cpp_example/include/composition_cpp_example/component_service_server_cpp_example.hpp:6[m[K,
[5.155s]                  from [01m[K/home/jiseongyoo/ros2_examples/src/composition_cpp_example/src/component_service_server_cpp_example.cpp:14[m[K:
[5.155s] [01m[K/opt/ros/eloquent/include/rclcpp/node.hpp:1080:3:[m[K [01;36m[Knote: [m[Kcandidate: rclcpp::Node::Node(const rclcpp::Node&, const string&)
[5.155s]    [01;36m[KNode[m[K(
[5.156s]    [01;36m[K^~~~[m[K
[5.156s] [01m[K/opt/ros/eloquent/include/rclcpp/node.hpp:1080:3:[m[K [01;36m[Knote: [m[K  no known conversion for argument 1 from ‘[01m[Kconst char [15][m[K’ to ‘[01m[Kconst rclcpp::Node&[m[K’
[5.156s] [01m[K/opt/ros/eloquent/include/rclcpp/node.hpp:94:12:[m[K [01;36m[Knote: [m[Kcandidate: rclcpp::Node::Node(const string&, const string&, const rclcpp::NodeOptions&)
[5.157s]    explicit [01;36m[KNode[m[K(
[5.157s]             [01;36m[K^~~~[m[K
[5.158s] [01m[K/opt/ros/eloquent/include/rclcpp/node.hpp:94:12:[m[K [01;36m[Knote: [m[K  no known conversion for argument 2 from ‘[01m[Kconst int[m[K’ to ‘[01m[Kconst string& {aka const std::__cxx11::basic_string<char>&}[m[K’
[5.158s] [01m[K/opt/ros/eloquent/include/rclcpp/node.hpp:83:12:[m[K [01;36m[Knote: [m[Kcandidate: rclcpp::Node::Node(const string&, const rclcpp::NodeOptions&)
[5.160s]    explicit [01;36m[KNode[m[K(
[5.160s]             [01;36m[K^~~~[m[K
[5.160s] [01m[K/opt/ros/eloquent/include/rclcpp/node.hpp:83:12:[m[K [01;36m[Knote: [m[K  no known conversion for argument 2 from ‘[01m[Kconst int[m[K’ to ‘[01m[Kconst rclcpp::NodeOptions&[m[K’
[6.391s] In file included from [01m[K/usr/include/x86_64-linux-gnu/c++/7/bits/c++allocator.h:33:0[m[K,
[6.392s]                  from [01m[K/usr/include/c++/7/bits/allocator.h:46[m[K,
[6.392s]                  from [01m[K/usr/include/c++/7/memory:63[m[K,
[6.393s]                  from [01m[K/opt/ros/eloquent/include/rclcpp/rclcpp.hpp:143[m[K,
[6.394s]                  from [01m[K/home/jiseongyoo/ros2_examples/src/composition_cpp_example/include/composition_cpp_example/component_service_server_cpp_example.hpp:6[m[K,
[6.399s]                  from [01m[K/home/jiseongyoo/ros2_examples/src/composition_cpp_example/src/component_service_server_cpp_example.cpp:14[m[K:
[6.402s] /usr/include/c++/7/ext/new_allocator.h: In instantiation of ‘[01m[Kvoid __gnu_cxx::new_allocator<_Tp>::construct(_Up*, _Args&& ...) [with _Up = component::ComponentServiceServerExample; _Args = {const rclcpp::NodeOptions&}; _Tp = component::ComponentServiceServerExample][m[K’:
[6.403s] [01m[K/usr/include/c++/7/bits/alloc_traits.h:475:4:[m[K   required from ‘[01m[Kstatic void std::allocator_traits<std::allocator<_Tp1> >::construct(std::allocator_traits<std::allocator<_Tp1> >::allocator_type&, _Up*, _Args&& ...) [with _Up = component::ComponentServiceServerExample; _Args = {const rclcpp::NodeOptions&}; _Tp = component::ComponentServiceServerExample; std::allocator_traits<std::allocator<_Tp1> >::allocator_type = std::allocator<component::ComponentServiceServerExample>][m[K’
[6.404s] [01m[K/usr/include/c++/7/bits/shared_ptr_base.h:526:39:[m[K   required from ‘[01m[Kstd::_Sp_counted_ptr_inplace<_Tp, _Alloc, _Lp>::_Sp_counted_ptr_inplace(_Alloc, _Args&& ...) [with _Args = {const rclcpp::NodeOptions&}; _Tp = component::ComponentServiceServerExample; _Alloc = std::allocator<component::ComponentServiceServerExample>; __gnu_cxx::_Lock_policy _Lp = (__gnu_cxx::_Lock_policy)2][m[K’
[6.404s] [01m[K/usr/include/c++/7/bits/shared_ptr_base.h:637:4:[m[K   required from ‘[01m[Kstd::__shared_count<_Lp>::__shared_count(std::_Sp_make_shared_tag, _Tp*, const _Alloc&, _Args&& ...) [with _Tp = component::ComponentServiceServerExample; _Alloc = std::allocator<component::ComponentServiceServerExample>; _Args = {const rclcpp::NodeOptions&}; __gnu_cxx::_Lock_policy _Lp = (__gnu_cxx::_Lock_policy)2][m[K’
[6.404s] [01m[K/usr/include/c++/7/bits/shared_ptr_base.h:1295:35:[m[K   required from ‘[01m[Kstd::__shared_ptr<_Tp, _Lp>::__shared_ptr(std::_Sp_make_shared_tag, const _Alloc&, _Args&& ...) [with _Alloc = std::allocator<component::ComponentServiceServerExample>; _Args = {const rclcpp::NodeOptions&}; _Tp = component::ComponentServiceServerExample; __gnu_cxx::_Lock_policy _Lp = (__gnu_cxx::_Lock_policy)2][m[K’
[6.405s] [01m[K/usr/include/c++/7/bits/shared_ptr.h:344:64:[m[K   required from ‘[01m[Kstd::shared_ptr<_Tp>::shared_ptr(std::_Sp_make_shared_tag, const _Alloc&, _Args&& ...) [with _Alloc = std::allocator<component::ComponentServiceServerExample>; _Args = {const rclcpp::NodeOptions&}; _Tp = component::ComponentServiceServerExample][m[K’
[6.405s] [01m[K/usr/include/c++/7/bits/shared_ptr.h:690:14:[m[K   required from ‘[01m[Kstd::shared_ptr<_Tp> std::allocate_shared(const _Alloc&, _Args&& ...) [with _Tp = component::ComponentServiceServerExample; _Alloc = std::allocator<component::ComponentServiceServerExample>; _Args = {const rclcpp::NodeOptions&}][m[K’
[6.406s] [01m[K/usr/include/c++/7/bits/shared_ptr.h:706:39:[m[K   required from ‘[01m[Kstd::shared_ptr<_Tp> std::make_shared(_Args&& ...) [with _Tp = component::ComponentServiceServerExample; _Args = {const rclcpp::NodeOptions&}][m[K’
[6.406s] [01m[K/opt/ros/eloquent/include/rclcpp_components/node_factory_template.hpp:45:40:[m[K   required from ‘[01m[Krclcpp_components::NodeInstanceWrapper rclcpp_components::NodeFactoryTemplate<NodeT>::create_node_instance(const rclcpp::NodeOptions&) [with NodeT = component::ComponentServiceServerExample][m[K’
[6.406s] [01m[K/opt/ros/eloquent/include/rclcpp/node_options.hpp:63:3:[m[K   required from here
[6.407s] [01m[K/usr/include/c++/7/ext/new_allocator.h:136:4:[m[K [01;31m[Kerror: [m[Kno matching function for call to ‘[01m[Kcomponent::ComponentServiceServerExample::ComponentServiceServerExample(const rclcpp::NodeOptions&)[m[K’
[6.407s]   { [01;31m[K::new((void *)__p) _Up(std::forward<_Args>(__args)...)[m[K; }
[6.407s]     [01;31m[K^~~~~~~~~~~~~~~~~~~~~~~~~~~~~~~~~~~~~~~~~~~~~~~~~~~~~~[m[K
[6.408s] [01m[K/home/jiseongyoo/ros2_examples/src/composition_cpp_example/src/component_service_server_cpp_example.cpp:32:3:[m[K [01;36m[Knote: [m[Kcandidate: component::ComponentServiceServerExample::ComponentServiceServerExample(const int&)
[6.408s]    [01;36m[KComponentServiceServerExample[m[K::ComponentServiceServerExample(const NodeOptions & options)
[6.408s]    [01;36m[K^~~~~~~~~~~~~~~~~~~~~~~~~~~~~[m[K
[6.409s] [01m[K/home/jiseongyoo/ros2_examples/src/composition_cpp_example/src/component_service_server_cpp_example.cpp:32:3:[m[K [01;36m[Knote: [m[K  no known conversion for argument 1 from ‘[01m[Kconst rclcpp::NodeOptions[m[K’ to ‘[01m[Kconst int&[m[K’
[6.592s] make[2]: *** [CMakeFiles/component_service_server_cpp.dir/src/component_service_server_cpp_example.cpp.o] Error 1
[6.597s] make[1]: *** [CMakeFiles/component_service_server_cpp.dir/all] Error 2
[6.601s] make: *** [all] Error 2
