[0.349s] [ 25%] Built target component_sub_cpp
[0.355s] [ 50%] Built target component_pub_cpp
[0.394s] [35m[1mScanning dependencies of target component_service_server_cpp[0m
[0.634s] [ 62%] [32mBuilding CXX object CMakeFiles/component_service_server_cpp.dir/src/component_service_server_cpp_example.cpp.o[0m
[4.939s] In file included from [01m[K/home/jiseongyoo/ros2_examples/src/composition_cpp_example/src/component_service_server_cpp_example.cpp:14:0[m[K:
[4.942s] [01m[K/home/jiseongyoo/ros2_examples/src/composition_cpp_example/include/composition_cpp_example/component_service_server_cpp_example.hpp:17:41:[m[K [01;31m[Kerror: [m[K‘[01m[KNodeOptions[m[K’ does not name a type
[4.943s]      ComponentServiceServerExample(const [01;31m[KNodeOptions[m[K & options);
[4.945s]                                          [01;31m[K^~~~~~~~~~~[m[K
[4.946s] [01m[K/home/jiseongyoo/ros2_examples/src/composition_cpp_example/include/composition_cpp_example/component_service_server_cpp_example.hpp:20:4:[m[K [01;31m[Kerror: [m[Kexpected ‘[01m[K;[m[K’ after class definition
[4.947s]    }
[4.948s]     [01;31m[K^[m[K
[4.948s]     [32m[K;[m[K
[4.970s] In file included from [01m[K/opt/ros/eloquent/include/rclcpp/client.hpp:39:0[m[K,
[4.972s]                  from [01m[K/opt/ros/eloquent/include/rclcpp/callback_group.hpp:23[m[K,
[4.972s]                  from [01m[K/opt/ros/eloquent/include/rclcpp/any_executable.hpp:20[m[K,
[4.972s]                  from [01m[K/opt/ros/eloquent/include/rclcpp/memory_strategy.hpp:24[m[K,
[4.973s]                  from [01m[K/opt/ros/eloquent/include/rclcpp/memory_strategies.hpp:18[m[K,
[4.973s]                  from [01m[K/opt/ros/eloquent/include/rclcpp/executor.hpp:33[m[K,
[4.973s]                  from [01m[K/opt/ros/eloquent/include/rclcpp/executors/multi_threaded_executor.hpp:25[m[K,
[4.974s]                  from [01m[K/opt/ros/eloquent/include/rclcpp/executors.hpp:21[m[K,
[4.974s]                  from [01m[K/opt/ros/eloquent/include/rclcpp/rclcpp.hpp:145[m[K,
[4.974s]                  from [01m[K/home/jiseongyoo/ros2_examples/src/composition_cpp_example/include/composition_cpp_example/component_service_server_cpp_example.hpp:6[m[K,
[4.975s]                  from [01m[K/home/jiseongyoo/ros2_examples/src/composition_cpp_example/src/component_service_server_cpp_example.cpp:14[m[K:
[4.975s] [01m[K/home/jiseongyoo/ros2_examples/src/composition_cpp_example/src/component_service_server_cpp_example.cpp:[m[K In member function ‘[01m[Kvoid component::ComponentServiceServerExample::service_callback(std::shared_ptr<interfaces::srv::Example_Request_<std::allocator<void> > >, std::shared_ptr<interfaces::srv::Example_Response_<std::allocator<void> > >)[m[K’:
[4.976s] [01m[K/home/jiseongyoo/ros2_examples/src/composition_cpp_example/src/component_service_server_cpp_example.cpp:25:83:[m[K [01;31m[Kerror: [m[K‘[01m[Kusing element_type = class rclcpp::Service<interfaces::srv::Example> {aka class rclcpp::Service<interfaces::srv::Example>}[m[K’ has no member named ‘[01m[Kget_topic_name[m[K’; did you mean ‘[01m[Kget_service_name[m[K’?
[4.976s]  O(this->get_logger(), "Service responsed '%s' : ", service_server_->[01;31m[Kg[m[Ket_topic_name(), response->response.c_str());
[4.976s]                                                                      [01;31m[K^[m[K
[4.977s] [01m[K/opt/ros/eloquent/include/rcutils/logging_macros.h:72:64:[m[K [01;36m[Knote: [m[Kin definition of macro ‘[01m[KRCUTILS_LOG_COND_NAMED[m[K’
[4.977s]        rcutils_log(&__rcutils_logging_location, severity, name, [01;36m[K__VA_ARGS__[m[K); \
[4.977s]                                                                 [01;36m[K^~~~~~~~~~~[m[K
[4.978s] [01m[K/opt/ros/eloquent/include/rclcpp/logging.hpp:541:5:[m[K [01;36m[Knote: [m[Kin expansion of macro ‘[01m[KRCUTILS_LOG_INFO_NAMED[m[K’
[4.978s]      [01;36m[KRCUTILS_LOG_INFO_NAMED[m[K( \
[4.978s]      [01;36m[K^~~~~~~~~~~~~~~~~~~~~~[m[K
[4.979s] [01m[K/opt/ros/eloquent/include/rclcpp/logging.hpp:544:9:[m[K [01;36m[Knote: [m[Kin expansion of macro ‘[01m[KRCLCPP_ALL_BUT_FIRST_ARGS[m[K’
[4.979s]          [01;36m[KRCLCPP_ALL_BUT_FIRST_ARGS[m[K(__VA_ARGS__,"")); \
[4.979s]          [01;36m[K^~~~~~~~~~~~~~~~~~~~~~~~~[m[K
[4.980s] [01m[K/home/jiseongyoo/ros2_examples/src/composition_cpp_example/src/component_service_server_cpp_example.cpp:25:5:[m[K [01;36m[Knote: [m[Kin expansion of macro ‘[01m[KRCLCPP_INFO[m[K’
[4.980s]      [01;36m[KRCLCPP_INFO[m[K(this->get_logger(), "Service responsed '%s' : ", service_server_->get_topic_name(), response->response.c_str());
[4.980s]      [01;36m[K^~~~~~~~~~~[m[K
[4.981s] [01m[K/home/jiseongyoo/ros2_examples/src/composition_cpp_example/src/component_service_server_cpp_example.cpp:18:62:[m[K [01;35m[Kwarning: [m[Kunused parameter ‘[01m[Krequest[m[K’ [[01;35m[K-Wunused-parameter[m[K]
[4.981s]      const std::shared_ptr<interfaces::srv::Example::Request> [01;35m[Krequest[m[K,
[4.981s]                                                               [01;35m[K^~~~~~~[m[K
[4.988s] [01m[K/home/jiseongyoo/ros2_examples/src/composition_cpp_example/src/component_service_server_cpp_example.cpp:[m[K At global scope:
[4.989s] [01m[K/home/jiseongyoo/ros2_examples/src/composition_cpp_example/src/component_service_server_cpp_example.cpp:28:70:[m[K [01;31m[Kerror: [m[K‘[01m[KNodeOptions[m[K’ does not name a type
[4.989s]   ComponentServiceServerExample::ComponentServiceServerExample(const [01;31m[KNodeOptions[m[K & options){
[4.989s]                                                                      [01;31m[K^~~~~~~~~~~[m[K
[4.999s] [01m[K/home/jiseongyoo/ros2_examples/src/composition_cpp_example/src/component_service_server_cpp_example.cpp:[m[K In constructor ‘[01m[Kcomponent::ComponentServiceServerExample::ComponentServiceServerExample(const int&)[m[K’:
[5.000s] [01m[K/home/jiseongyoo/ros2_examples/src/composition_cpp_example/src/component_service_server_cpp_example.cpp:28:91:[m[K [01;31m[Kerror: [m[Kno matching function for call to ‘[01m[Krclcpp::Node::Node()[m[K’
[5.001s]  rviceServerExample::ComponentServiceServerExample(const NodeOptions & options[01;31m[K)[m[K{
[5.001s]                                                                               [01;31m[K^[m[K
[5.001s] In file included from [01m[K/opt/ros/eloquent/include/rclcpp/executors/single_threaded_executor.hpp:28:0[m[K,
[5.002s]                  from [01m[K/opt/ros/eloquent/include/rclcpp/executors.hpp:22[m[K,
[5.002s]                  from [01m[K/opt/ros/eloquent/include/rclcpp/rclcpp.hpp:145[m[K,
[5.003s]                  from [01m[K/home/jiseongyoo/ros2_examples/src/composition_cpp_example/include/composition_cpp_example/component_service_server_cpp_example.hpp:6[m[K,
[5.003s]                  from [01m[K/home/jiseongyoo/ros2_examples/src/composition_cpp_example/src/component_service_server_cpp_example.cpp:14[m[K:
[5.004s] [01m[K/opt/ros/eloquent/include/rclcpp/node.hpp:1080:3:[m[K [01;36m[Knote: [m[Kcandidate: rclcpp::Node::Node(const rclcpp::Node&, const string&)
[5.004s]    [01;36m[KNode[m[K(
[5.005s]    [01;36m[K^~~~[m[K
[5.006s] [01m[K/opt/ros/eloquent/include/rclcpp/node.hpp:1080:3:[m[K [01;36m[Knote: [m[K  candidate expects 2 arguments, 0 provided
[5.006s] [01m[K/opt/ros/eloquent/include/rclcpp/node.hpp:94:12:[m[K [01;36m[Knote: [m[Kcandidate: rclcpp::Node::Node(const string&, const string&, const rclcpp::NodeOptions&)
[5.007s]    explicit [01;36m[KNode[m[K(
[5.007s]             [01;36m[K^~~~[m[K
[5.008s] [01m[K/opt/ros/eloquent/include/rclcpp/node.hpp:94:12:[m[K [01;36m[Knote: [m[K  candidate expects 3 arguments, 0 provided
[5.008s] [01m[K/opt/ros/eloquent/include/rclcpp/node.hpp:83:12:[m[K [01;36m[Knote: [m[Kcandidate: rclcpp::Node::Node(const string&, const rclcpp::NodeOptions&)
[5.009s]    explicit [01;36m[KNode[m[K(
[5.010s]             [01;36m[K^~~~[m[K
[5.010s] [01m[K/opt/ros/eloquent/include/rclcpp/node.hpp:83:12:[m[K [01;36m[Knote: [m[K  candidate expects 2 arguments, 0 provided
[5.066s] [01m[K/home/jiseongyoo/ros2_examples/src/composition_cpp_example/src/component_service_server_cpp_example.cpp:28:84:[m[K [01;35m[Kwarning: [m[Kunused parameter ‘[01m[Koptions[m[K’ [[01;35m[K-Wunused-parameter[m[K]
[5.067s]  rviceServerExample::ComponentServiceServerExample(const NodeOptions & [01;35m[Koptions[m[K){
[5.068s]                                                                        [01;35m[K^~~~~~~[m[K
[6.380s] In file included from [01m[K/usr/include/x86_64-linux-gnu/c++/7/bits/c++allocator.h:33:0[m[K,
[6.381s]                  from [01m[K/usr/include/c++/7/bits/allocator.h:46[m[K,
[6.382s]                  from [01m[K/usr/include/c++/7/memory:63[m[K,
[6.383s]                  from [01m[K/opt/ros/eloquent/include/rclcpp/rclcpp.hpp:143[m[K,
[6.385s]                  from [01m[K/home/jiseongyoo/ros2_examples/src/composition_cpp_example/include/composition_cpp_example/component_service_server_cpp_example.hpp:6[m[K,
[6.386s]                  from [01m[K/home/jiseongyoo/ros2_examples/src/composition_cpp_example/src/component_service_server_cpp_example.cpp:14[m[K:
[6.387s] /usr/include/c++/7/ext/new_allocator.h: In instantiation of ‘[01m[Kvoid __gnu_cxx::new_allocator<_Tp>::construct(_Up*, _Args&& ...) [with _Up = component::ComponentServiceServerExample; _Args = {const rclcpp::NodeOptions&}; _Tp = component::ComponentServiceServerExample][m[K’:
[6.388s] [01m[K/usr/include/c++/7/bits/alloc_traits.h:475:4:[m[K   required from ‘[01m[Kstatic void std::allocator_traits<std::allocator<_Tp1> >::construct(std::allocator_traits<std::allocator<_Tp1> >::allocator_type&, _Up*, _Args&& ...) [with _Up = component::ComponentServiceServerExample; _Args = {const rclcpp::NodeOptions&}; _Tp = component::ComponentServiceServerExample; std::allocator_traits<std::allocator<_Tp1> >::allocator_type = std::allocator<component::ComponentServiceServerExample>][m[K’
[6.388s] [01m[K/usr/include/c++/7/bits/shared_ptr_base.h:526:39:[m[K   required from ‘[01m[Kstd::_Sp_counted_ptr_inplace<_Tp, _Alloc, _Lp>::_Sp_counted_ptr_inplace(_Alloc, _Args&& ...) [with _Args = {const rclcpp::NodeOptions&}; _Tp = component::ComponentServiceServerExample; _Alloc = std::allocator<component::ComponentServiceServerExample>; __gnu_cxx::_Lock_policy _Lp = (__gnu_cxx::_Lock_policy)2][m[K’
[6.388s] [01m[K/usr/include/c++/7/bits/shared_ptr_base.h:637:4:[m[K   required from ‘[01m[Kstd::__shared_count<_Lp>::__shared_count(std::_Sp_make_shared_tag, _Tp*, const _Alloc&, _Args&& ...) [with _Tp = component::ComponentServiceServerExample; _Alloc = std::allocator<component::ComponentServiceServerExample>; _Args = {const rclcpp::NodeOptions&}; __gnu_cxx::_Lock_policy _Lp = (__gnu_cxx::_Lock_policy)2][m[K’
[6.389s] [01m[K/usr/include/c++/7/bits/shared_ptr_base.h:1295:35:[m[K   required from ‘[01m[Kstd::__shared_ptr<_Tp, _Lp>::__shared_ptr(std::_Sp_make_shared_tag, const _Alloc&, _Args&& ...) [with _Alloc = std::allocator<component::ComponentServiceServerExample>; _Args = {const rclcpp::NodeOptions&}; _Tp = component::ComponentServiceServerExample; __gnu_cxx::_Lock_policy _Lp = (__gnu_cxx::_Lock_policy)2][m[K’
[6.389s] [01m[K/usr/include/c++/7/bits/shared_ptr.h:344:64:[m[K   required from ‘[01m[Kstd::shared_ptr<_Tp>::shared_ptr(std::_Sp_make_shared_tag, const _Alloc&, _Args&& ...) [with _Alloc = std::allocator<component::ComponentServiceServerExample>; _Args = {const rclcpp::NodeOptions&}; _Tp = component::ComponentServiceServerExample][m[K’
[6.389s] [01m[K/usr/include/c++/7/bits/shared_ptr.h:690:14:[m[K   required from ‘[01m[Kstd::shared_ptr<_Tp> std::allocate_shared(const _Alloc&, _Args&& ...) [with _Tp = component::ComponentServiceServerExample; _Alloc = std::allocator<component::ComponentServiceServerExample>; _Args = {const rclcpp::NodeOptions&}][m[K’
[6.390s] [01m[K/usr/include/c++/7/bits/shared_ptr.h:706:39:[m[K   required from ‘[01m[Kstd::shared_ptr<_Tp> std::make_shared(_Args&& ...) [with _Tp = component::ComponentServiceServerExample; _Args = {const rclcpp::NodeOptions&}][m[K’
[6.390s] [01m[K/opt/ros/eloquent/include/rclcpp_components/node_factory_template.hpp:45:40:[m[K   required from ‘[01m[Krclcpp_components::NodeInstanceWrapper rclcpp_components::NodeFactoryTemplate<NodeT>::create_node_instance(const rclcpp::NodeOptions&) [with NodeT = component::ComponentServiceServerExample][m[K’
[6.391s] [01m[K/opt/ros/eloquent/include/rclcpp/node_options.hpp:63:3:[m[K   required from here
[6.391s] [01m[K/usr/include/c++/7/ext/new_allocator.h:136:4:[m[K [01;31m[Kerror: [m[Kno matching function for call to ‘[01m[Kcomponent::ComponentServiceServerExample::ComponentServiceServerExample(const rclcpp::NodeOptions&)[m[K’
[6.391s]   { [01;31m[K::new((void *)__p) _Up(std::forward<_Args>(__args)...)[m[K; }
[6.392s]     [01;31m[K^~~~~~~~~~~~~~~~~~~~~~~~~~~~~~~~~~~~~~~~~~~~~~~~~~~~~~[m[K
[6.392s] [01m[K/home/jiseongyoo/ros2_examples/src/composition_cpp_example/src/component_service_server_cpp_example.cpp:28:3:[m[K [01;36m[Knote: [m[Kcandidate: component::ComponentServiceServerExample::ComponentServiceServerExample(const int&)
[6.392s]    [01;36m[KComponentServiceServerExample[m[K::ComponentServiceServerExample(const NodeOptions & options){
[6.393s]    [01;36m[K^~~~~~~~~~~~~~~~~~~~~~~~~~~~~[m[K
[6.393s] [01m[K/home/jiseongyoo/ros2_examples/src/composition_cpp_example/src/component_service_server_cpp_example.cpp:28:3:[m[K [01;36m[Knote: [m[K  no known conversion for argument 1 from ‘[01m[Kconst rclcpp::NodeOptions[m[K’ to ‘[01m[Kconst int&[m[K’
[6.597s] CMakeFiles/component_service_server_cpp.dir/build.make:62: recipe for target 'CMakeFiles/component_service_server_cpp.dir/src/component_service_server_cpp_example.cpp.o' failed
[6.600s] make[2]: *** [CMakeFiles/component_service_server_cpp.dir/src/component_service_server_cpp_example.cpp.o] Error 1
[6.607s] make[1]: *** [CMakeFiles/component_service_server_cpp.dir/all] Error 2
[6.609s] CMakeFiles/Makefile2:205: recipe for target 'CMakeFiles/component_service_server_cpp.dir/all' failed
[6.610s] Makefile:140: recipe for target 'all' failed
[6.610s] make: *** [all] Error 2
