[0.176s] -- Found ament_cmake: 0.8.2 (/opt/ros/eloquent/share/ament_cmake/cmake)
[0.280s] -- Using PYTHON_EXECUTABLE: /usr/bin/python3
[1.005s] -- Found rclcpp: 0.8.4 (/opt/ros/eloquent/share/rclcpp/cmake)
[1.054s] -- Found rosidl_adapter: 0.8.2 (/opt/ros/eloquent/share/rosidl_adapter/cmake)
[1.197s] -- Found rmw_implementation_cmake: 0.8.1 (/opt/ros/eloquent/share/rmw_implementation_cmake/cmake)
[1.201s] -- Using RMW implementation 'rmw_fastrtps_cpp' as default
[1.327s] -- Found interfaces: 0.0.0 (/home/jiseongyoo/ros2_examples/install/interfaces/share/interfaces/cmake)
[1.453s] -- Found ament_lint_auto: 0.8.1 (/opt/ros/eloquent/share/ament_lint_auto/cmake)
[1.742s] -- Added test 'copyright' to check for copyright in CMake / C / C++ / Python code
[1.745s] -- Added test 'cppcheck' to perform static code analysis on C / C++ code
[1.747s] -- Configured cppcheck include dirs: 
[1.752s] -- Added test 'cpplint' to check C / C++ code against the Google style
[1.753s] -- Added test 'lint_cmake' to check CMake code style
[1.753s] -- Added test 'uncrustify' to check C / C++ code style
[1.755s] -- Added test 'xmllint' to check XML markup files
[1.766s] -- Configuring done
[1.830s] -- Generating done
[1.838s] -- Build files have been written to: /home/jiseongyoo/ros2_examples/build/pubsub_cpp_example
[1.937s] [35m[1mScanning dependencies of target pub_cpp[0m
[2.067s] [ 50%] [32mBuilding CXX object CMakeFiles/pub_cpp.dir/src/pub_cpp_template.cpp.o[0m
[7.123s] CMakeFiles/pub_cpp.dir/build.make:62: recipe for target 'CMakeFiles/pub_cpp.dir/src/pub_cpp_template.cpp.o' failed
[7.125s] CMakeFiles/Makefile2:131: recipe for target 'CMakeFiles/pub_cpp.dir/all' failed
[7.126s] Makefile:140: recipe for target 'all' failed
