[0.086s] Invoking command in '/home/jiseongyoo/ros2_examples/build/pubsub_cpp_example': AMENT_PREFIX_PATH=/home/jiseongyoo/ros2_examples/install/interfaces:${AMENT_PREFIX_PATH} CMAKE_PREFIX_PATH=/home/jiseongyoo/ros2_examples/install/interfaces:/opt/ros/eloquent LD_LIBRARY_PATH=/home/jiseongyoo/ros2_examples/install/interfaces/lib:${LD_LIBRARY_PATH} PYTHONPATH=/home/jiseongyoo/ros2_examples/install/interfaces/lib/python3.6/site-packages:${PYTHONPATH} /usr/bin/cmake --build /home/jiseongyoo/ros2_examples/build/pubsub_cpp_example -- -j2 -l2
[0.288s] [35m[1mScanning dependencies of target pub_cpp[0m
[0.459s] [ 50%] [32mBuilding CXX object CMakeFiles/pub_cpp.dir/src/pub_cpp_template.cpp.o[0m
[9.708s] [100%] [32m[1mLinking CXX executable pub_cpp[0m
[10.550s] [100%] Built target pub_cpp
[10.604s] Invoked command in '/home/jiseongyoo/ros2_examples/build/pubsub_cpp_example' returned '0': AMENT_PREFIX_PATH=/home/jiseongyoo/ros2_examples/install/interfaces:${AMENT_PREFIX_PATH} CMAKE_PREFIX_PATH=/home/jiseongyoo/ros2_examples/install/interfaces:/opt/ros/eloquent LD_LIBRARY_PATH=/home/jiseongyoo/ros2_examples/install/interfaces/lib:${LD_LIBRARY_PATH} PYTHONPATH=/home/jiseongyoo/ros2_examples/install/interfaces/lib/python3.6/site-packages:${PYTHONPATH} /usr/bin/cmake --build /home/jiseongyoo/ros2_examples/build/pubsub_cpp_example -- -j2 -l2
[10.758s] Invoking command in '/home/jiseongyoo/ros2_examples/build/pubsub_cpp_example': AMENT_PREFIX_PATH=/home/jiseongyoo/ros2_examples/install/interfaces:${AMENT_PREFIX_PATH} CMAKE_PREFIX_PATH=/home/jiseongyoo/ros2_examples/install/interfaces:/opt/ros/eloquent LD_LIBRARY_PATH=/home/jiseongyoo/ros2_examples/install/interfaces/lib:${LD_LIBRARY_PATH} PYTHONPATH=/home/jiseongyoo/ros2_examples/install/interfaces/lib/python3.6/site-packages:${PYTHONPATH} /usr/bin/cmake --build /home/jiseongyoo/ros2_examples/build/pubsub_cpp_example --target install -- -j2 -l2
[10.992s] [100%] Built target pub_cpp
[11.078s] [36mInstall the project...[0m
[11.108s] -- Install configuration: ""
[11.110s] -- Installing: /home/jiseongyoo/ros2_examples/install/pubsub_cpp_example/lib/pubsub_cpp_example/pub_cpp
[11.117s] -- Set runtime path of "/home/jiseongyoo/ros2_examples/install/pubsub_cpp_example/lib/pubsub_cpp_example/pub_cpp" to ""
[11.119s] -- Up-to-date: /home/jiseongyoo/ros2_examples/install/pubsub_cpp_example/share/ament_index/resource_index/package_run_dependencies/pubsub_cpp_example
[11.120s] -- Up-to-date: /home/jiseongyoo/ros2_examples/install/pubsub_cpp_example/share/ament_index/resource_index/parent_prefix_path/pubsub_cpp_example
[11.121s] -- Up-to-date: /home/jiseongyoo/ros2_examples/install/pubsub_cpp_example/share/pubsub_cpp_example/environment/ament_prefix_path.sh
[11.122s] -- Up-to-date: /home/jiseongyoo/ros2_examples/install/pubsub_cpp_example/share/pubsub_cpp_example/environment/ament_prefix_path.dsv
[11.123s] -- Up-to-date: /home/jiseongyoo/ros2_examples/install/pubsub_cpp_example/share/pubsub_cpp_example/environment/path.sh
[11.124s] -- Up-to-date: /home/jiseongyoo/ros2_examples/install/pubsub_cpp_example/share/pubsub_cpp_example/environment/path.dsv
[11.124s] -- Up-to-date: /home/jiseongyoo/ros2_examples/install/pubsub_cpp_example/share/pubsub_cpp_example/local_setup.bash
[11.125s] -- Up-to-date: /home/jiseongyoo/ros2_examples/install/pubsub_cpp_example/share/pubsub_cpp_example/local_setup.sh
[11.126s] -- Up-to-date: /home/jiseongyoo/ros2_examples/install/pubsub_cpp_example/share/pubsub_cpp_example/local_setup.zsh
[11.126s] -- Up-to-date: /home/jiseongyoo/ros2_examples/install/pubsub_cpp_example/share/pubsub_cpp_example/local_setup.dsv
[11.127s] -- Installing: /home/jiseongyoo/ros2_examples/install/pubsub_cpp_example/share/pubsub_cpp_example/package.dsv
[11.128s] -- Up-to-date: /home/jiseongyoo/ros2_examples/install/pubsub_cpp_example/share/ament_index/resource_index/packages/pubsub_cpp_example
[11.128s] -- Up-to-date: /home/jiseongyoo/ros2_examples/install/pubsub_cpp_example/share/pubsub_cpp_example/cmake/pubsub_cpp_exampleConfig.cmake
[11.129s] -- Up-to-date: /home/jiseongyoo/ros2_examples/install/pubsub_cpp_example/share/pubsub_cpp_example/cmake/pubsub_cpp_exampleConfig-version.cmake
[11.130s] -- Up-to-date: /home/jiseongyoo/ros2_examples/install/pubsub_cpp_example/share/pubsub_cpp_example/package.xml
[11.136s] Invoked command in '/home/jiseongyoo/ros2_examples/build/pubsub_cpp_example' returned '0': AMENT_PREFIX_PATH=/home/jiseongyoo/ros2_examples/install/interfaces:${AMENT_PREFIX_PATH} CMAKE_PREFIX_PATH=/home/jiseongyoo/ros2_examples/install/interfaces:/opt/ros/eloquent LD_LIBRARY_PATH=/home/jiseongyoo/ros2_examples/install/interfaces/lib:${LD_LIBRARY_PATH} PYTHONPATH=/home/jiseongyoo/ros2_examples/install/interfaces/lib/python3.6/site-packages:${PYTHONPATH} /usr/bin/cmake --build /home/jiseongyoo/ros2_examples/build/pubsub_cpp_example --target install -- -j2 -l2
