[4.582s] [01m[K/home/jiseongyoo/ros2_examples/src/param_cpp_example/src/param_client_cpp_example.cpp:28:28:[m[K [01;31m[Kerror: [m[K‘[01m[Kstring[m[K’ does not name a type; did you mean ‘[01m[Kstdin[m[K’?
[4.583s]    void parameter_set(const [01;31m[Kstring[m[K & node_name, const string & parameter_name, const T value_){
[4.584s]                             [01;31m[K^~~~~~[m[K
[4.586s]                             [32m[Kstdin[m[K
[4.587s] [01m[K/home/jiseongyoo/ros2_examples/src/param_cpp_example/src/param_client_cpp_example.cpp:28:54:[m[K [01;31m[Kerror: [m[K‘[01m[Kstring[m[K’ does not name a type; did you mean ‘[01m[Kstdin[m[K’?
[4.588s]    void parameter_set(const string & node_name, const [01;31m[Kstring[m[K & parameter_name, const T value_){
[4.588s]                                                       [01;31m[K^~~~~~[m[K
[4.589s]                                                       [32m[Kstdin[m[K
[4.598s] In file included from [01m[K/opt/ros/eloquent/include/rclcpp/client.hpp:39:0[m[K,
[4.599s]                  from [01m[K/opt/ros/eloquent/include/rclcpp/callback_group.hpp:23[m[K,
[4.599s]                  from [01m[K/opt/ros/eloquent/include/rclcpp/any_executable.hpp:20[m[K,
[4.600s]                  from [01m[K/opt/ros/eloquent/include/rclcpp/memory_strategy.hpp:24[m[K,
[4.600s]                  from [01m[K/opt/ros/eloquent/include/rclcpp/memory_strategies.hpp:18[m[K,
[4.601s]                  from [01m[K/opt/ros/eloquent/include/rclcpp/executor.hpp:33[m[K,
[4.601s]                  from [01m[K/opt/ros/eloquent/include/rclcpp/executors/multi_threaded_executor.hpp:25[m[K,
[4.602s]                  from [01m[K/opt/ros/eloquent/include/rclcpp/executors.hpp:21[m[K,
[4.602s]                  from [01m[K/opt/ros/eloquent/include/rclcpp/rclcpp.hpp:145[m[K,
[4.603s]                  from [01m[K/home/jiseongyoo/ros2_examples/src/param_cpp_example/src/param_client_cpp_example.cpp:19[m[K:
[4.603s] [01m[K/home/jiseongyoo/ros2_examples/src/param_cpp_example/src/param_client_cpp_example.cpp:[m[K In member function ‘[01m[Kvoid ParameterClientExample::parameter_set(const int&, const int&, T)[m[K’:
[4.605s] [01m[K/home/jiseongyoo/ros2_examples/src/param_cpp_example/src/param_client_cpp_example.cpp:66:46:[m[K [01;31m[Kerror: [m[K‘[01m[Kparam_name[m[K’ was not declared in this scope
[4.605s]            parameter_client_->get_parameters({[01;31m[Kp[m[Karam_name[i]})[0].get_name().c_str(),
[4.606s]                                               [01;31m[K^[m[K
[4.606s] [01m[K/opt/ros/eloquent/include/rcutils/logging_macros.h:72:64:[m[K [01;36m[Knote: [m[Kin definition of macro ‘[01m[KRCUTILS_LOG_COND_NAMED[m[K’
[4.606s]        rcutils_log(&__rcutils_logging_location, severity, name, [01;36m[K__VA_ARGS__[m[K); \
[4.607s]                                                                 [01;36m[K^~~~~~~~~~~[m[K
[4.607s] [01m[K/opt/ros/eloquent/include/rclcpp/logging.hpp:541:5:[m[K [01;36m[Knote: [m[Kin expansion of macro ‘[01m[KRCUTILS_LOG_INFO_NAMED[m[K’
[4.608s]      [01;36m[KRCUTILS_LOG_INFO_NAMED[m[K( \
[4.608s]      [01;36m[K^~~~~~~~~~~~~~~~~~~~~~[m[K
[4.610s] [01m[K/opt/ros/eloquent/include/rclcpp/logging.hpp:544:9:[m[K [01;36m[Knote: [m[Kin expansion of macro ‘[01m[KRCLCPP_ALL_BUT_FIRST_ARGS[m[K’
[4.611s]          [01;36m[KRCLCPP_ALL_BUT_FIRST_ARGS[m[K(__VA_ARGS__,"")); \
[4.611s]          [01;36m[K^~~~~~~~~~~~~~~~~~~~~~~~~[m[K
[4.612s] [01m[K/home/jiseongyoo/ros2_examples/src/param_cpp_example/src/param_client_cpp_example.cpp:64:7:[m[K [01;36m[Knote: [m[Kin expansion of macro ‘[01m[KRCLCPP_INFO[m[K’
[4.612s]        [01;36m[KRCLCPP_INFO[m[K(this->get_logger(), "Successed to set '%s' : %s, %s",
[4.613s]        [01;36m[K^~~~~~~~~~~[m[K
[4.613s] [01m[K/home/jiseongyoo/ros2_examples/src/param_cpp_example/src/param_client_cpp_example.cpp:66:46:[m[K [01;36m[Knote: [m[Ksuggested alternative: ‘[01m[Kparameter_name[m[K’
[4.614s]            parameter_client_->get_parameters({[01;36m[Kp[m[Karam_name[i]})[0].get_name().c_str(),
[4.614s]                                               [01;36m[K^[m[K
[4.615s] [01m[K/opt/ros/eloquent/include/rcutils/logging_macros.h:72:64:[m[K [01;36m[Knote: [m[Kin definition of macro ‘[01m[KRCUTILS_LOG_COND_NAMED[m[K’
[4.615s]        rcutils_log(&__rcutils_logging_location, severity, name, [01;36m[K__VA_ARGS__[m[K); \
[4.616s]                                                                 [01;36m[K^~~~~~~~~~~[m[K
[4.616s] [01m[K/opt/ros/eloquent/include/rclcpp/logging.hpp:541:5:[m[K [01;36m[Knote: [m[Kin expansion of macro ‘[01m[KRCUTILS_LOG_INFO_NAMED[m[K’
[4.616s]      [01;36m[KRCUTILS_LOG_INFO_NAMED[m[K( \
[4.617s]      [01;36m[K^~~~~~~~~~~~~~~~~~~~~~[m[K
[4.617s] [01m[K/opt/ros/eloquent/include/rclcpp/logging.hpp:544:9:[m[K [01;36m[Knote: [m[Kin expansion of macro ‘[01m[KRCLCPP_ALL_BUT_FIRST_ARGS[m[K’
[4.618s]          [01;36m[KRCLCPP_ALL_BUT_FIRST_ARGS[m[K(__VA_ARGS__,"")); \
[4.618s]          [01;36m[K^~~~~~~~~~~~~~~~~~~~~~~~~[m[K
[4.619s] [01m[K/home/jiseongyoo/ros2_examples/src/param_cpp_example/src/param_client_cpp_example.cpp:64:7:[m[K [01;36m[Knote: [m[Kin expansion of macro ‘[01m[KRCLCPP_INFO[m[K’
[4.619s]        [01;36m[KRCLCPP_INFO[m[K(this->get_logger(), "Successed to set '%s' : %s, %s",
[4.620s]        [01;36m[K^~~~~~~~~~~[m[K
[4.620s] [01m[K/home/jiseongyoo/ros2_examples/src/param_cpp_example/src/param_client_cpp_example.cpp:66:57:[m[K [01;31m[Kerror: [m[K‘[01m[Ki[m[K’ was not declared in this scope
[4.620s]            parameter_client_->get_parameters({param_name[[01;31m[Ki[m[K]})[0].get_name().c_str(),
[4.622s]                                                          [01;31m[K^[m[K
[4.622s] [01m[K/opt/ros/eloquent/include/rcutils/logging_macros.h:72:64:[m[K [01;36m[Knote: [m[Kin definition of macro ‘[01m[KRCUTILS_LOG_COND_NAMED[m[K’
[4.623s]        rcutils_log(&__rcutils_logging_location, severity, name, [01;36m[K__VA_ARGS__[m[K); \
[4.623s]                                                                 [01;36m[K^~~~~~~~~~~[m[K
[4.624s] [01m[K/opt/ros/eloquent/include/rclcpp/logging.hpp:541:5:[m[K [01;36m[Knote: [m[Kin expansion of macro ‘[01m[KRCUTILS_LOG_INFO_NAMED[m[K’
[4.624s]      [01;36m[KRCUTILS_LOG_INFO_NAMED[m[K( \
[4.624s]      [01;36m[K^~~~~~~~~~~~~~~~~~~~~~[m[K
[4.625s] [01m[K/opt/ros/eloquent/include/rclcpp/logging.hpp:544:9:[m[K [01;36m[Knote: [m[Kin expansion of macro ‘[01m[KRCLCPP_ALL_BUT_FIRST_ARGS[m[K’
[4.625s]          [01;36m[KRCLCPP_ALL_BUT_FIRST_ARGS[m[K(__VA_ARGS__,"")); \
[4.626s]          [01;36m[K^~~~~~~~~~~~~~~~~~~~~~~~~[m[K
[4.626s] [01m[K/home/jiseongyoo/ros2_examples/src/param_cpp_example/src/param_client_cpp_example.cpp:64:7:[m[K [01;36m[Knote: [m[Kin expansion of macro ‘[01m[KRCLCPP_INFO[m[K’
[4.627s]        [01;36m[KRCLCPP_INFO[m[K(this->get_logger(), "Successed to set '%s' : %s, %s",
[4.627s]        [01;36m[K^~~~~~~~~~~[m[K
[4.628s] [01m[K/home/jiseongyoo/ros2_examples/src/param_cpp_example/src/param_client_cpp_example.cpp:66:60:[m[K [01;31m[Kerror: [m[Kno matching function for call to ‘[01m[Krclcpp::SyncParametersClient::get_parameters(<brace-enclosed initializer list>)[m[K’
[4.628s]            parameter_client_->get_parameters({param_name[i]}[01;31m[K)[m[K[0].get_name().c_str(),
[4.628s]                                                             [01;31m[K^[m[K
[4.629s] [01m[K/opt/ros/eloquent/include/rcutils/logging_macros.h:72:64:[m[K [01;36m[Knote: [m[Kin definition of macro ‘[01m[KRCUTILS_LOG_COND_NAMED[m[K’
[4.629s]        rcutils_log(&__rcutils_logging_location, severity, name, [01;36m[K__VA_ARGS__[m[K); \
[4.630s]                                                                 [01;36m[K^~~~~~~~~~~[m[K
[4.631s] [01m[K/opt/ros/eloquent/include/rclcpp/logging.hpp:541:5:[m[K [01;36m[Knote: [m[Kin expansion of macro ‘[01m[KRCUTILS_LOG_INFO_NAMED[m[K’
[4.631s]      [01;36m[KRCUTILS_LOG_INFO_NAMED[m[K( \
[4.632s]      [01;36m[K^~~~~~~~~~~~~~~~~~~~~~[m[K
[4.632s] [01m[K/opt/ros/eloquent/include/rclcpp/logging.hpp:544:9:[m[K [01;36m[Knote: [m[Kin expansion of macro ‘[01m[KRCLCPP_ALL_BUT_FIRST_ARGS[m[K’
[4.632s]          [01;36m[KRCLCPP_ALL_BUT_FIRST_ARGS[m[K(__VA_ARGS__,"")); \
[4.633s]          [01;36m[K^~~~~~~~~~~~~~~~~~~~~~~~~[m[K
[4.633s] [01m[K/home/jiseongyoo/ros2_examples/src/param_cpp_example/src/param_client_cpp_example.cpp:64:7:[m[K [01;36m[Knote: [m[Kin expansion of macro ‘[01m[KRCLCPP_INFO[m[K’
[4.634s]        [01;36m[KRCLCPP_INFO[m[K(this->get_logger(), "Successed to set '%s' : %s, %s",
[4.634s]        [01;36m[K^~~~~~~~~~~[m[K
[4.635s] In file included from [01m[K/opt/ros/eloquent/include/rclcpp/rclcpp.hpp:149:0[m[K,
[4.635s]                  from [01m[K/home/jiseongyoo/ros2_examples/src/param_cpp_example/src/param_client_cpp_example.cpp:19[m[K:
[4.636s] [01m[K/opt/ros/eloquent/include/rclcpp/parameter_client.hpp:238:3:[m[K [01;36m[Knote: [m[Kcandidate: std::vector<rclcpp::Parameter> rclcpp::SyncParametersClient::get_parameters(const std::vector<std::__cxx11::basic_string<char> >&)
[4.636s]    [01;36m[Kget_parameters[m[K(const std::vector<std::string> & parameter_names);
[4.636s]    [01;36m[K^~~~~~~~~~~~~~[m[K
[4.637s] [01m[K/opt/ros/eloquent/include/rclcpp/parameter_client.hpp:238:3:[m[K [01;36m[Knote: [m[K  no known conversion for argument 1 from ‘[01m[K<brace-enclosed initializer list>[m[K’ to ‘[01m[Kconst std::vector<std::__cxx11::basic_string<char> >&[m[K’
[4.637s] In file included from [01m[K/opt/ros/eloquent/include/rclcpp/client.hpp:39:0[m[K,
[4.638s]                  from [01m[K/opt/ros/eloquent/include/rclcpp/callback_group.hpp:23[m[K,
[4.638s]                  from [01m[K/opt/ros/eloquent/include/rclcpp/any_executable.hpp:20[m[K,
[4.639s]                  from [01m[K/opt/ros/eloquent/include/rclcpp/memory_strategy.hpp:24[m[K,
[4.639s]                  from [01m[K/opt/ros/eloquent/include/rclcpp/memory_strategies.hpp:18[m[K,
[4.640s]                  from [01m[K/opt/ros/eloquent/include/rclcpp/executor.hpp:33[m[K,
[4.640s]                  from [01m[K/opt/ros/eloquent/include/rclcpp/executors/multi_threaded_executor.hpp:25[m[K,
[4.640s]                  from [01m[K/opt/ros/eloquent/include/rclcpp/executors.hpp:21[m[K,
[4.641s]                  from [01m[K/opt/ros/eloquent/include/rclcpp/rclcpp.hpp:145[m[K,
[4.641s]                  from [01m[K/home/jiseongyoo/ros2_examples/src/param_cpp_example/src/param_client_cpp_example.cpp:19[m[K:
[4.642s] [01m[K/home/jiseongyoo/ros2_examples/src/param_cpp_example/src/param_client_cpp_example.cpp:68:60:[m[K [01;31m[Kerror: [m[Kno matching function for call to ‘[01m[Krclcpp::SyncParametersClient::get_parameters(<brace-enclosed initializer list>)[m[K’
[4.642s]            parameter_client_->get_parameters({param_name[i]}[01;31m[K)[m[K[0].value_to_string().c_str()
[4.643s]                                                             [01;31m[K^[m[K
[4.643s] [01m[K/opt/ros/eloquent/include/rcutils/logging_macros.h:72:64:[m[K [01;36m[Knote: [m[Kin definition of macro ‘[01m[KRCUTILS_LOG_COND_NAMED[m[K’
[4.643s]        rcutils_log(&__rcutils_logging_location, severity, name, [01;36m[K__VA_ARGS__[m[K); \
[4.644s]                                                                 [01;36m[K^~~~~~~~~~~[m[K
[4.644s] [01m[K/opt/ros/eloquent/include/rclcpp/logging.hpp:541:5:[m[K [01;36m[Knote: [m[Kin expansion of macro ‘[01m[KRCUTILS_LOG_INFO_NAMED[m[K’
[4.645s]      [01;36m[KRCUTILS_LOG_INFO_NAMED[m[K( \
[4.645s]      [01;36m[K^~~~~~~~~~~~~~~~~~~~~~[m[K
[4.646s] [01m[K/opt/ros/eloquent/include/rclcpp/logging.hpp:544:9:[m[K [01;36m[Knote: [m[Kin expansion of macro ‘[01m[KRCLCPP_ALL_BUT_FIRST_ARGS[m[K’
[4.646s]          [01;36m[KRCLCPP_ALL_BUT_FIRST_ARGS[m[K(__VA_ARGS__,"")); \
[4.647s]          [01;36m[K^~~~~~~~~~~~~~~~~~~~~~~~~[m[K
[4.647s] [01m[K/home/jiseongyoo/ros2_examples/src/param_cpp_example/src/param_client_cpp_example.cpp:64:7:[m[K [01;36m[Knote: [m[Kin expansion of macro ‘[01m[KRCLCPP_INFO[m[K’
[4.648s]        [01;36m[KRCLCPP_INFO[m[K(this->get_logger(), "Successed to set '%s' : %s, %s",
[4.648s]        [01;36m[K^~~~~~~~~~~[m[K
[4.648s] In file included from [01m[K/opt/ros/eloquent/include/rclcpp/rclcpp.hpp:149:0[m[K,
[4.649s]                  from [01m[K/home/jiseongyoo/ros2_examples/src/param_cpp_example/src/param_client_cpp_example.cpp:19[m[K:
[4.649s] [01m[K/opt/ros/eloquent/include/rclcpp/parameter_client.hpp:238:3:[m[K [01;36m[Knote: [m[Kcandidate: std::vector<rclcpp::Parameter> rclcpp::SyncParametersClient::get_parameters(const std::vector<std::__cxx11::basic_string<char> >&)
[4.650s]    [01;36m[Kget_parameters[m[K(const std::vector<std::string> & parameter_names);
[4.650s]    [01;36m[K^~~~~~~~~~~~~~[m[K
[4.651s] [01m[K/opt/ros/eloquent/include/rclcpp/parameter_client.hpp:238:3:[m[K [01;36m[Knote: [m[K  no known conversion for argument 1 from ‘[01m[K<brace-enclosed initializer list>[m[K’ to ‘[01m[Kconst std::vector<std::__cxx11::basic_string<char> >&[m[K’
[4.651s] [01m[K/home/jiseongyoo/ros2_examples/src/param_cpp_example/src/param_client_cpp_example.cpp:[m[K In function ‘[01m[Kint main(int, char**)[m[K’:
[4.652s] [01m[K/home/jiseongyoo/ros2_examples/src/param_cpp_example/src/param_client_cpp_example.cpp:82:74:[m[K [01;31m[Kerror: [m[Kno matching function for call to ‘[01m[KParameterClientExample::parameter_set(const char [17], const char [7], int)[m[K’
[4.652s]    ParameterClientExample().parameter_set("Parameter_Server", "param1", 10[01;31m[K)[m[K;
[4.652s]                                                                           [01;31m[K^[m[K
[4.653s] [01m[K/home/jiseongyoo/ros2_examples/src/param_cpp_example/src/param_client_cpp_example.cpp:28:8:[m[K [01;36m[Knote: [m[Kcandidate: template<class T> void ParameterClientExample::parameter_set(const int&, const int&, T)
[4.653s]    void [01;36m[Kparameter_set[m[K(const string & node_name, const string & parameter_name, const T value_){
[4.654s]         [01;36m[K^~~~~~~~~~~~~[m[K
[4.654s] [01m[K/home/jiseongyoo/ros2_examples/src/param_cpp_example/src/param_client_cpp_example.cpp:28:8:[m[K [01;36m[Knote: [m[K  template argument deduction/substitution failed:
[4.655s] [01m[K/home/jiseongyoo/ros2_examples/src/param_cpp_example/src/param_client_cpp_example.cpp:82:74:[m[K [01;36m[Knote: [m[K  cannot convert ‘[01m[K"Parameter_Server"[m[K’ (type ‘[01m[Kconst char [17][m[K’) to type ‘[01m[Kconst int&[m[K’
[4.655s]    ParameterClientExample().parameter_set("Parameter_Server", "param1", 10[01;36m[K)[m[K;
[4.655s]                                                                           [01;36m[K^[m[K
[5.252s] make[2]: *** [CMakeFiles/param_client_cpp.dir/src/param_client_cpp_example.cpp.o] Error 1
[5.255s] make[1]: *** [CMakeFiles/param_client_cpp.dir/all] Error 2
[5.256s] make: *** [all] Error 2
