[0.073s] Invoking command in '/home/jiseongyoo/ros2_examples/build/pub_sub_cpp_template': CMAKE_PREFIX_PATH=${CMAKE_PREFIX_PATH}:/opt/ros/eloquent /usr/bin/cmake --build /home/jiseongyoo/ros2_examples/build/pub_sub_cpp_template -- -j2 -l2
[0.181s] -- Found ament_cmake: 0.8.2 (/opt/ros/eloquent/share/ament_cmake/cmake)
[0.309s] -- Using PYTHON_EXECUTABLE: /usr/bin/python3
[1.102s] -- Found rclcpp: 0.8.4 (/opt/ros/eloquent/share/rclcpp/cmake)
[1.166s] -- Found rosidl_adapter: 0.8.2 (/opt/ros/eloquent/share/rosidl_adapter/cmake)
[1.321s] -- Found rmw_implementation_cmake: 0.8.1 (/opt/ros/eloquent/share/rmw_implementation_cmake/cmake)
[1.327s] -- Using RMW implementation 'rmw_fastrtps_cpp' as default
[1.531s] -- Found ament_lint_auto: 0.8.1 (/opt/ros/eloquent/share/ament_lint_auto/cmake)
[1.816s] -- Added test 'copyright' to check for copyright in CMake / C / C++ / Python code
[1.826s] -- Added test 'cppcheck' to perform static code analysis on C / C++ code
[1.828s] -- Configured cppcheck include dirs: 
[1.832s] -- Added test 'cpplint' to check C / C++ code against the Google style
[1.835s] -- Added test 'lint_cmake' to check CMake code style
[1.841s] -- Added test 'uncrustify' to check C / C++ code style
[1.842s] -- Added test 'xmllint' to check XML markup files
[1.848s] -- Configuring done
[1.897s] -- Generating done
[1.903s] -- Build files have been written to: /home/jiseongyoo/ros2_examples/build/pub_sub_cpp_template
[2.065s] [ 50%] [32m[1mLinking CXX executable pub_cpp_template[0m
[2.795s] CMakeFiles/pub_cpp_template.dir/src/pub_cpp_template.cpp.o: In function `rclcpp::Publisher<std::__cxx11::basic_string<char, std::char_traits<char>, std::allocator<char> >, std::allocator<void> >::Publisher(rclcpp::node_interfaces::NodeBaseInterface*, std::__cxx11::basic_string<char, std::char_traits<char>, std::allocator<char> > const&, rclcpp::QoS const&, rclcpp::PublisherOptionsWithAllocator<std::allocator<void> > const&)':
[2.796s] pub_cpp_template.cpp:(.text._ZN6rclcpp9PublisherINSt7__cxx1112basic_stringIcSt11char_traitsIcESaIcEEESaIvEEC2EPNS_15node_interfaces17NodeBaseInterfaceERKS6_RKNS_3QoSERKNS_29PublisherOptionsWithAllocatorIS7_EE[_ZN6rclcpp9PublisherINSt7__cxx1112basic_stringIcSt11char_traitsIcESaIcEEESaIvEEC5EPNS_15node_interfaces17NodeBaseInterfaceERKS6_RKNS_3QoSERKNS_29PublisherOptionsWithAllocatorIS7_EE]+0x6a): undefined reference to `rosidl_message_type_support_t const* rosidl_typesupport_cpp::get_message_type_support_handle<std::__cxx11::basic_string<char, std::char_traits<char>, std::allocator<char> > >()'
[2.817s] collect2: error: ld returned 1 exit status
[2.836s] CMakeFiles/pub_cpp_template.dir/build.make:129: recipe for target 'pub_cpp_template' failed
[2.837s] make[2]: *** [pub_cpp_template] Error 1
[2.837s] CMakeFiles/Makefile2:131: recipe for target 'CMakeFiles/pub_cpp_template.dir/all' failed
[2.838s] make[1]: *** [CMakeFiles/pub_cpp_template.dir/all] Error 2
[2.839s] Makefile:140: recipe for target 'all' failed
[2.839s] make: *** [all] Error 2
[2.846s] Invoked command in '/home/jiseongyoo/ros2_examples/build/pub_sub_cpp_template' returned '2': CMAKE_PREFIX_PATH=${CMAKE_PREFIX_PATH}:/opt/ros/eloquent /usr/bin/cmake --build /home/jiseongyoo/ros2_examples/build/pub_sub_cpp_template -- -j2 -l2
