[4.908s] In file included from [01m[K/home/jiseongyoo/ros2_examples/src/composition_cpp_example/src/component_sub_cpp_example.cpp:20:0[m[K:
[4.910s] [01m[K/home/jiseongyoo/ros2_examples/src/composition_cpp_example/include/composition_cpp_example/component_sub_cpp_example.hpp:20:58:[m[K [01;31m[Kerror: [m[KISO C++ forbids declaration of ‘[01m[KSubscriberExample[m[K’ with no type [[01;31m[K-fpermissive[m[K]
[4.911s]      SubscriberExample(const rclcpp::NodeOptions & options[01;31m[K)[m[K;
[4.911s]                                                           [01;31m[K^[m[K
[4.913s] [01m[K/home/jiseongyoo/ros2_examples/src/composition_cpp_example/include/composition_cpp_example/component_sub_cpp_example.hpp:21:4:[m[K [01;31m[Kerror: [m[Kexpected ‘[01m[K;[m[K’ after class definition
[4.913s]    }
[4.913s]     [01;31m[K^[m[K
[4.914s]     [32m[K;[m[K
[4.932s] [01m[K/home/jiseongyoo/ros2_examples/src/composition_cpp_example/src/component_sub_cpp_example.cpp:31:84:[m[K [01;31m[Kerror: [m[KISO C++ forbids declaration of ‘[01m[KSubscriberExample[m[K’ with no type [[01;31m[K-fpermissive[m[K]
[4.933s]  onentSubscriberExample::SubscriberExample(const rclcpp::NodeOptions & options[01;31m[K)[m[K{
[4.934s]                                                                               [01;31m[K^[m[K
[5.021s] [01m[K/home/jiseongyoo/ros2_examples/src/composition_cpp_example/src/component_sub_cpp_example.cpp:[m[K In member function ‘[01m[Kint component::ComponentSubscriberExample::SubscriberExample(const rclcpp::NodeOptions&)[m[K’:
[5.022s] [01m[K/home/jiseongyoo/ros2_examples/src/composition_cpp_example/src/component_sub_cpp_example.cpp:40:3:[m[K [01;35m[Kwarning: [m[Kno return statement in function returning non-void [[01;35m[K-Wreturn-type[m[K]
[5.023s]    [01;35m[K}[m[K
[5.024s]    [01;35m[K^[m[K
[5.024s] [01m[K/home/jiseongyoo/ros2_examples/src/composition_cpp_example/src/component_sub_cpp_example.cpp:31:77:[m[K [01;35m[Kwarning: [m[Kunused parameter ‘[01m[Koptions[m[K’ [[01;35m[K-Wunused-parameter[m[K]
[5.025s]  onentSubscriberExample::SubscriberExample(const rclcpp::NodeOptions & [01;35m[Koptions[m[K){
[5.025s]                                                                        [01;35m[K^~~~~~~[m[K
[8.035s] In file included from [01m[K/usr/include/x86_64-linux-gnu/c++/7/bits/c++allocator.h:33:0[m[K,
[8.035s]                  from [01m[K/usr/include/c++/7/bits/allocator.h:46[m[K,
[8.035s]                  from [01m[K/usr/include/c++/7/memory:63[m[K,
[8.036s]                  from [01m[K/opt/ros/eloquent/include/rclcpp/rclcpp.hpp:143[m[K,
[8.036s]                  from [01m[K/home/jiseongyoo/ros2_examples/src/composition_cpp_example/include/composition_cpp_example/component_sub_cpp_example.hpp:5[m[K,
[8.036s]                  from [01m[K/home/jiseongyoo/ros2_examples/src/composition_cpp_example/src/component_sub_cpp_example.cpp:20[m[K:
[8.037s] /usr/include/c++/7/ext/new_allocator.h: In instantiation of ‘[01m[Kvoid __gnu_cxx::new_allocator<_Tp>::construct(_Up*, _Args&& ...) [with _Up = component::ComponentSubscriberExample; _Args = {const rclcpp::NodeOptions&}; _Tp = component::ComponentSubscriberExample][m[K’:
[8.037s] [01m[K/usr/include/c++/7/bits/alloc_traits.h:475:4:[m[K   required from ‘[01m[Kstatic void std::allocator_traits<std::allocator<_Tp1> >::construct(std::allocator_traits<std::allocator<_Tp1> >::allocator_type&, _Up*, _Args&& ...) [with _Up = component::ComponentSubscriberExample; _Args = {const rclcpp::NodeOptions&}; _Tp = component::ComponentSubscriberExample; std::allocator_traits<std::allocator<_Tp1> >::allocator_type = std::allocator<component::ComponentSubscriberExample>][m[K’
[8.038s] [01m[K/usr/include/c++/7/bits/shared_ptr_base.h:526:39:[m[K   required from ‘[01m[Kstd::_Sp_counted_ptr_inplace<_Tp, _Alloc, _Lp>::_Sp_counted_ptr_inplace(_Alloc, _Args&& ...) [with _Args = {const rclcpp::NodeOptions&}; _Tp = component::ComponentSubscriberExample; _Alloc = std::allocator<component::ComponentSubscriberExample>; __gnu_cxx::_Lock_policy _Lp = (__gnu_cxx::_Lock_policy)2][m[K’
[8.038s] [01m[K/usr/include/c++/7/bits/shared_ptr_base.h:637:4:[m[K   required from ‘[01m[Kstd::__shared_count<_Lp>::__shared_count(std::_Sp_make_shared_tag, _Tp*, const _Alloc&, _Args&& ...) [with _Tp = component::ComponentSubscriberExample; _Alloc = std::allocator<component::ComponentSubscriberExample>; _Args = {const rclcpp::NodeOptions&}; __gnu_cxx::_Lock_policy _Lp = (__gnu_cxx::_Lock_policy)2][m[K’
[8.039s] [01m[K/usr/include/c++/7/bits/shared_ptr_base.h:1295:35:[m[K   required from ‘[01m[Kstd::__shared_ptr<_Tp, _Lp>::__shared_ptr(std::_Sp_make_shared_tag, const _Alloc&, _Args&& ...) [with _Alloc = std::allocator<component::ComponentSubscriberExample>; _Args = {const rclcpp::NodeOptions&}; _Tp = component::ComponentSubscriberExample; __gnu_cxx::_Lock_policy _Lp = (__gnu_cxx::_Lock_policy)2][m[K’
[8.039s] [01m[K/usr/include/c++/7/bits/shared_ptr.h:344:64:[m[K   required from ‘[01m[Kstd::shared_ptr<_Tp>::shared_ptr(std::_Sp_make_shared_tag, const _Alloc&, _Args&& ...) [with _Alloc = std::allocator<component::ComponentSubscriberExample>; _Args = {const rclcpp::NodeOptions&}; _Tp = component::ComponentSubscriberExample][m[K’
[8.040s] [01m[K/usr/include/c++/7/bits/shared_ptr.h:690:14:[m[K   required from ‘[01m[Kstd::shared_ptr<_Tp> std::allocate_shared(const _Alloc&, _Args&& ...) [with _Tp = component::ComponentSubscriberExample; _Alloc = std::allocator<component::ComponentSubscriberExample>; _Args = {const rclcpp::NodeOptions&}][m[K’
[8.040s] [01m[K/usr/include/c++/7/bits/shared_ptr.h:706:39:[m[K   required from ‘[01m[Kstd::shared_ptr<_Tp> std::make_shared(_Args&& ...) [with _Tp = component::ComponentSubscriberExample; _Args = {const rclcpp::NodeOptions&}][m[K’
[8.040s] [01m[K/opt/ros/eloquent/include/rclcpp_components/node_factory_template.hpp:45:40:[m[K   required from ‘[01m[Krclcpp_components::NodeInstanceWrapper rclcpp_components::NodeFactoryTemplate<NodeT>::create_node_instance(const rclcpp::NodeOptions&) [with NodeT = component::ComponentSubscriberExample][m[K’
[8.041s] [01m[K/opt/ros/eloquent/include/rclcpp/node_options.hpp:63:3:[m[K   required from here
[8.041s] [01m[K/usr/include/c++/7/ext/new_allocator.h:136:4:[m[K [01;31m[Kerror: [m[Kno matching function for call to ‘[01m[Kcomponent::ComponentSubscriberExample::ComponentSubscriberExample(const rclcpp::NodeOptions&)[m[K’
[8.042s]   { [01;31m[K::new((void *)__p) _Up(std::forward<_Args>(__args)...)[m[K; }
[8.042s]     [01;31m[K^~~~~~~~~~~~~~~~~~~~~~~~~~~~~~~~~~~~~~~~~~~~~~~~~~~~~~[m[K
[8.043s] In file included from [01m[K/home/jiseongyoo/ros2_examples/src/composition_cpp_example/src/component_sub_cpp_example.cpp:20:0[m[K:
[8.043s] [01m[K/home/jiseongyoo/ros2_examples/src/composition_cpp_example/include/composition_cpp_example/component_sub_cpp_example.hpp:11:9:[m[K [01;36m[Knote: [m[Kcandidate: component::ComponentSubscriberExample::ComponentSubscriberExample() <deleted>
[8.043s]    class [01;36m[KComponentSubscriberExample[m[K : public rclcpp::Node{
[8.044s]          [01;36m[K^~~~~~~~~~~~~~~~~~~~~~~~~~[m[K
[8.044s] [01m[K/home/jiseongyoo/ros2_examples/src/composition_cpp_example/include/composition_cpp_example/component_sub_cpp_example.hpp:11:9:[m[K [01;36m[Knote: [m[K  candidate expects 0 arguments, 1 provided
[8.045s] [01m[K/home/jiseongyoo/ros2_examples/src/composition_cpp_example/include/composition_cpp_example/component_sub_cpp_example.hpp:11:9:[m[K [01;36m[Knote: [m[Kcandidate: component::ComponentSubscriberExample::ComponentSubscriberExample(const component::ComponentSubscriberExample&) <deleted>
[8.045s] [01m[K/home/jiseongyoo/ros2_examples/src/composition_cpp_example/include/composition_cpp_example/component_sub_cpp_example.hpp:11:9:[m[K [01;36m[Knote: [m[K  no known conversion for argument 1 from ‘[01m[Kconst rclcpp::NodeOptions[m[K’ to ‘[01m[Kconst component::ComponentSubscriberExample&[m[K’
[8.046s] [01m[K/home/jiseongyoo/ros2_examples/src/composition_cpp_example/include/composition_cpp_example/component_sub_cpp_example.hpp:11:9:[m[K [01;36m[Knote: [m[Kcandidate: component::ComponentSubscriberExample::ComponentSubscriberExample(component::ComponentSubscriberExample&&) <deleted>
[8.046s] [01m[K/home/jiseongyoo/ros2_examples/src/composition_cpp_example/include/composition_cpp_example/component_sub_cpp_example.hpp:11:9:[m[K [01;36m[Knote: [m[K  no known conversion for argument 1 from ‘[01m[Kconst rclcpp::NodeOptions[m[K’ to ‘[01m[Kcomponent::ComponentSubscriberExample&&[m[K’
[8.446s] make[2]: *** [CMakeFiles/component_sub_cpp.dir/src/component_sub_cpp_example.cpp.o] Error 1
[8.448s] make[1]: *** [CMakeFiles/component_sub_cpp.dir/all] Error 2
[8.448s] make: *** [all] Error 2
