[0.079s] Invoking command in '/home/jiseongyoo/ros2_examples/build/composition_cpp_example': AMENT_PREFIX_PATH=/home/jiseongyoo/ros2_examples/install/interfaces:${AMENT_PREFIX_PATH} CMAKE_PREFIX_PATH=/home/jiseongyoo/ros2_examples/install/interfaces:/opt/ros/eloquent LD_LIBRARY_PATH=/home/jiseongyoo/ros2_examples/install/interfaces/lib:${LD_LIBRARY_PATH} PYTHONPATH=/home/jiseongyoo/ros2_examples/install/interfaces/lib/python3.6/site-packages:${PYTHONPATH} /usr/bin/cmake --build /home/jiseongyoo/ros2_examples/build/composition_cpp_example -- -j2 -l2
[0.190s] -- Found ament_cmake: 0.8.2 (/opt/ros/eloquent/share/ament_cmake/cmake)
[0.309s] -- Using PYTHON_EXECUTABLE: /usr/bin/python3
[1.106s] -- Found rclcpp: 0.8.4 (/opt/ros/eloquent/share/rclcpp/cmake)
[1.168s] -- Found rosidl_adapter: 0.8.2 (/opt/ros/eloquent/share/rosidl_adapter/cmake)
[1.329s] -- Found rmw_implementation_cmake: 0.8.1 (/opt/ros/eloquent/share/rmw_implementation_cmake/cmake)
[1.341s] -- Using RMW implementation 'rmw_fastrtps_cpp' as default
[1.477s] -- Found rclcpp_action: 0.8.4 (/opt/ros/eloquent/share/rclcpp_action/cmake)
[1.759s] -- Found rclcpp_components: 0.8.4 (/opt/ros/eloquent/share/rclcpp_components/cmake)
[1.769s] -- Found poco_vendor:  (/opt/ros/eloquent/share/poco_vendor/cmake)
[1.847s] -- Found interfaces: 0.0.0 (/home/jiseongyoo/ros2_examples/install/interfaces/share/interfaces/cmake)
[2.816s] CMake Error at /opt/ros/eloquent/share/rclcpp_components/cmake/rclcpp_components_register_nodes.cmake:27 (message):
[2.818s]   rclcpp_components_register_nodes() first argument 'component_pub_cpp' is
[2.821s]   not a target
[2.822s] Call Stack (most recent call first):
[2.823s]   CMakeLists.txt:46 (rclcpp_components_register_nodes)
[2.824s] 
[2.825s] 
[2.825s] -- Configuring incomplete, errors occurred!
[2.826s] See also "/home/jiseongyoo/ros2_examples/build/composition_cpp_example/CMakeFiles/CMakeOutput.log".
[2.827s] See also "/home/jiseongyoo/ros2_examples/build/composition_cpp_example/CMakeFiles/CMakeError.log".
[2.831s] Makefile:618: recipe for target 'cmake_check_build_system' failed
[2.832s] make: *** [cmake_check_build_system] Error 1
[2.837s] Invoked command in '/home/jiseongyoo/ros2_examples/build/composition_cpp_example' returned '2': AMENT_PREFIX_PATH=/home/jiseongyoo/ros2_examples/install/interfaces:${AMENT_PREFIX_PATH} CMAKE_PREFIX_PATH=/home/jiseongyoo/ros2_examples/install/interfaces:/opt/ros/eloquent LD_LIBRARY_PATH=/home/jiseongyoo/ros2_examples/install/interfaces/lib:${LD_LIBRARY_PATH} PYTHONPATH=/home/jiseongyoo/ros2_examples/install/interfaces/lib/python3.6/site-packages:${PYTHONPATH} /usr/bin/cmake --build /home/jiseongyoo/ros2_examples/build/composition_cpp_example -- -j2 -l2
