[0.106s] Invoking command in '/home/jiseongyoo/ros2_examples/build/interfaces': CMAKE_PREFIX_PATH=/opt/ros/eloquent /usr/bin/cmake --build /home/jiseongyoo/ros2_examples/build/interfaces -- -j2 -l2
[0.375s] [ 11%] Built target interfaces__rosidl_generator_c
[0.439s] [ 13%] Built target interfaces__cpp
[0.492s] [ 24%] Built target interfaces__rosidl_typesupport_introspection_c
[0.623s] [ 36%] Built target interfaces__rosidl_typesupport_introspection_cpp
[0.640s] [ 47%] Built target interfaces__rosidl_typesupport_fastrtps_cpp
[0.850s] [ 59%] Built target interfaces__rosidl_typesupport_cpp
[0.879s] [ 71%] Built target interfaces__rosidl_typesupport_fastrtps_c
[0.986s] [ 82%] Built target interfaces__rosidl_typesupport_c
[1.069s] [ 82%] Built target interfaces
[1.161s] [ 84%] Built target interfaces__py
[1.284s] [ 94%] Built target interfaces__python
[1.424s] [ 97%] Built target interfaces__rosidl_typesupport_c__pyext
[1.466s] [100%] Built target interfaces__rosidl_typesupport_fastrtps_c__pyext
[1.515s] Invoked command in '/home/jiseongyoo/ros2_examples/build/interfaces' returned '0': CMAKE_PREFIX_PATH=/opt/ros/eloquent /usr/bin/cmake --build /home/jiseongyoo/ros2_examples/build/interfaces -- -j2 -l2
[2.070s] Invoking command in '/home/jiseongyoo/ros2_examples/build/interfaces': CMAKE_PREFIX_PATH=/opt/ros/eloquent /usr/bin/cmake --build /home/jiseongyoo/ros2_examples/build/interfaces --target install -- -j2 -l2
[2.300s] [ 11%] Built target interfaces__rosidl_generator_c
[2.353s] [ 13%] Built target interfaces__cpp
[2.436s] [ 24%] Built target interfaces__rosidl_typesupport_introspection_c
[2.543s] [ 36%] Built target interfaces__rosidl_typesupport_fastrtps_cpp
[2.592s] [ 47%] Built target interfaces__rosidl_typesupport_introspection_cpp
[2.749s] [ 59%] Built target interfaces__rosidl_typesupport_cpp
[2.775s] [ 71%] Built target interfaces__rosidl_typesupport_fastrtps_c
[2.887s] [ 82%] Built target interfaces__rosidl_typesupport_c
[2.978s] [ 82%] Built target interfaces
[3.072s] [ 84%] Built target interfaces__py
[3.193s] [ 94%] Built target interfaces__python
[3.335s] [ 97%] Built target interfaces__rosidl_typesupport_c__pyext
[3.382s] [100%] Built target interfaces__rosidl_typesupport_fastrtps_c__pyext
[3.479s] [36mInstall the project...[0m
[3.516s] -- Install configuration: ""
[3.517s] -- Up-to-date: /home/jiseongyoo/ros2_examples/install/interfaces/share/ament_index/resource_index/rosidl_interfaces/interfaces
[3.518s] -- Up-to-date: /home/jiseongyoo/ros2_examples/install/interfaces/lib/libinterfaces__rosidl_typesupport_c.so
[3.519s] -- Up-to-date: /home/jiseongyoo/ros2_examples/install/interfaces/share/interfaces/environment/library_path.sh
[3.519s] -- Up-to-date: /home/jiseongyoo/ros2_examples/install/interfaces/share/interfaces/environment/library_path.dsv
[3.520s] -- Up-to-date: /home/jiseongyoo/ros2_examples/install/interfaces/lib/libinterfaces__rosidl_typesupport_cpp.so
[3.521s] -- Up-to-date: /home/jiseongyoo/ros2_examples/install/interfaces/include/interfaces
[3.522s] -- Up-to-date: /home/jiseongyoo/ros2_examples/install/interfaces/include/interfaces/msg
[3.523s] -- Up-to-date: /home/jiseongyoo/ros2_examples/install/interfaces/include/interfaces/msg/msg_collection__rosidl_typesupport_fastrtps_c.h
[3.525s] -- Up-to-date: /home/jiseongyoo/ros2_examples/install/interfaces/include/interfaces/msg/msg_collection1__rosidl_typesupport_fastrtps_c.h
[3.526s] -- Up-to-date: /home/jiseongyoo/ros2_examples/install/interfaces/include/interfaces/msg/message_interface_example__rosidl_typesupport_fastrtps_c.h
[3.527s] -- Up-to-date: /home/jiseongyoo/ros2_examples/install/interfaces/include/interfaces/msg/message_collection__rosidl_typesupport_fastrtps_c.h
[3.530s] -- Up-to-date: /home/jiseongyoo/ros2_examples/install/interfaces/include/interfaces/msg/rosidl_typesupport_fastrtps_c__visibility_control.h
[3.531s] -- Up-to-date: /home/jiseongyoo/ros2_examples/install/interfaces/include/interfaces/action
[3.531s] -- Up-to-date: /home/jiseongyoo/ros2_examples/install/interfaces/include/interfaces/action/action_interface_example__rosidl_typesupport_fastrtps_c.h
[3.534s] -- Up-to-date: /home/jiseongyoo/ros2_examples/install/interfaces/include/interfaces/action/action_collection__rosidl_typesupport_fastrtps_c.h
[3.534s] -- Up-to-date: /home/jiseongyoo/ros2_examples/install/interfaces/include/interfaces/srv
[3.534s] -- Up-to-date: /home/jiseongyoo/ros2_examples/install/interfaces/include/interfaces/srv/service_interface_example__rosidl_typesupport_fastrtps_c.h
[3.538s] -- Up-to-date: /home/jiseongyoo/ros2_examples/install/interfaces/include/interfaces/srv/service_collection__rosidl_typesupport_fastrtps_c.h
[3.541s] -- Up-to-date: /home/jiseongyoo/ros2_examples/install/interfaces/lib/libinterfaces__rosidl_typesupport_fastrtps_c.so
[3.541s] -- Up-to-date: /home/jiseongyoo/ros2_examples/install/interfaces/include/interfaces
[3.544s] -- Up-to-date: /home/jiseongyoo/ros2_examples/install/interfaces/include/interfaces/msg
[3.545s] -- Up-to-date: /home/jiseongyoo/ros2_examples/install/interfaces/include/interfaces/msg/message_interface_example.h
[3.545s] -- Up-to-date: /home/jiseongyoo/ros2_examples/install/interfaces/include/interfaces/msg/msg_collection1__type_support.h
[3.545s] -- Up-to-date: /home/jiseongyoo/ros2_examples/install/interfaces/include/interfaces/msg/msg_collection__functions.c
[3.546s] -- Up-to-date: /home/jiseongyoo/ros2_examples/install/interfaces/include/interfaces/msg/msg_collection__functions.h
[3.554s] -- Up-to-date: /home/jiseongyoo/ros2_examples/install/interfaces/include/interfaces/msg/msg_collection.h
[3.554s] -- Up-to-date: /home/jiseongyoo/ros2_examples/install/interfaces/include/interfaces/msg/message_interface_example__functions.c
[3.554s] -- Up-to-date: /home/jiseongyoo/ros2_examples/install/interfaces/include/interfaces/msg/rosidl_generator_c__visibility_control.h
[3.555s] -- Up-to-date: /home/jiseongyoo/ros2_examples/install/interfaces/include/interfaces/msg/message_interface_example__type_support.h
[3.555s] -- Up-to-date: /home/jiseongyoo/ros2_examples/install/interfaces/include/interfaces/msg/msg_collection__struct.h
[3.556s] -- Up-to-date: /home/jiseongyoo/ros2_examples/install/interfaces/include/interfaces/msg/msg_collection__type_support.h
[3.556s] -- Up-to-date: /home/jiseongyoo/ros2_examples/install/interfaces/include/interfaces/msg/message_collection__functions.h
[3.556s] -- Up-to-date: /home/jiseongyoo/ros2_examples/install/interfaces/include/interfaces/msg/msg_collection1__functions.h
[3.557s] -- Up-to-date: /home/jiseongyoo/ros2_examples/install/interfaces/include/interfaces/msg/message_interface_example__functions.h
[3.557s] -- Up-to-date: /home/jiseongyoo/ros2_examples/install/interfaces/include/interfaces/msg/message_collection__functions.c
[3.557s] -- Up-to-date: /home/jiseongyoo/ros2_examples/install/interfaces/include/interfaces/msg/message_collection__struct.h
[3.562s] -- Up-to-date: /home/jiseongyoo/ros2_examples/install/interfaces/include/interfaces/msg/message_collection.h
[3.566s] -- Up-to-date: /home/jiseongyoo/ros2_examples/install/interfaces/include/interfaces/msg/msg_collection1.h
[3.569s] -- Up-to-date: /home/jiseongyoo/ros2_examples/install/interfaces/include/interfaces/msg/msg_collection1__functions.c
[3.570s] -- Up-to-date: /home/jiseongyoo/ros2_examples/install/interfaces/include/interfaces/msg/msg_collection1__struct.h
[3.570s] -- Up-to-date: /home/jiseongyoo/ros2_examples/install/interfaces/include/interfaces/msg/message_interface_example__struct.h
[3.571s] -- Up-to-date: /home/jiseongyoo/ros2_examples/install/interfaces/include/interfaces/msg/message_collection__type_support.h
[3.571s] -- Up-to-date: /home/jiseongyoo/ros2_examples/install/interfaces/include/interfaces/action
[3.572s] -- Up-to-date: /home/jiseongyoo/ros2_examples/install/interfaces/include/interfaces/action/action_interface_example.h
[3.573s] -- Up-to-date: /home/jiseongyoo/ros2_examples/install/interfaces/include/interfaces/action/action_collection__type_support.h
[3.573s] -- Up-to-date: /home/jiseongyoo/ros2_examples/install/interfaces/include/interfaces/action/action_interface_example__type_support.h
[3.574s] -- Up-to-date: /home/jiseongyoo/ros2_examples/install/interfaces/include/interfaces/action/action_interface_example__functions.c
[3.574s] -- Up-to-date: /home/jiseongyoo/ros2_examples/install/interfaces/include/interfaces/action/action_collection__functions.h
[3.575s] -- Up-to-date: /home/jiseongyoo/ros2_examples/install/interfaces/include/interfaces/action/action_collection__struct.h
[3.575s] -- Up-to-date: /home/jiseongyoo/ros2_examples/install/interfaces/include/interfaces/action/action_interface_example__struct.h
[3.576s] -- Up-to-date: /home/jiseongyoo/ros2_examples/install/interfaces/include/interfaces/action/action_collection.h
[3.576s] -- Up-to-date: /home/jiseongyoo/ros2_examples/install/interfaces/include/interfaces/action/action_collection__functions.c
[3.577s] -- Up-to-date: /home/jiseongyoo/ros2_examples/install/interfaces/include/interfaces/action/action_interface_example__functions.h
[3.577s] -- Up-to-date: /home/jiseongyoo/ros2_examples/install/interfaces/include/interfaces/srv
[3.578s] -- Up-to-date: /home/jiseongyoo/ros2_examples/install/interfaces/include/interfaces/srv/service_collection.h
[3.578s] -- Up-to-date: /home/jiseongyoo/ros2_examples/install/interfaces/include/interfaces/srv/service_collection__functions.c
[3.579s] -- Up-to-date: /home/jiseongyoo/ros2_examples/install/interfaces/include/interfaces/srv/service_collection__functions.h
[3.579s] -- Up-to-date: /home/jiseongyoo/ros2_examples/install/interfaces/include/interfaces/srv/service_interface_example__functions.h
[3.579s] -- Up-to-date: /home/jiseongyoo/ros2_examples/install/interfaces/include/interfaces/srv/service_interface_example__type_support.h
[3.580s] -- Up-to-date: /home/jiseongyoo/ros2_examples/install/interfaces/include/interfaces/srv/service_collection__type_support.h
[3.580s] -- Up-to-date: /home/jiseongyoo/ros2_examples/install/interfaces/include/interfaces/srv/service_collection__struct.h
[3.581s] -- Up-to-date: /home/jiseongyoo/ros2_examples/install/interfaces/include/interfaces/srv/service_interface_example__functions.c
[3.581s] -- Up-to-date: /home/jiseongyoo/ros2_examples/install/interfaces/include/interfaces/srv/service_interface_example.h
[3.582s] -- Up-to-date: /home/jiseongyoo/ros2_examples/install/interfaces/include/interfaces/srv/service_interface_example__struct.h
[3.582s] -- Up-to-date: /home/jiseongyoo/ros2_examples/install/interfaces/lib/libinterfaces__rosidl_generator_c.so
[3.583s] -- Up-to-date: /home/jiseongyoo/ros2_examples/install/interfaces/include/interfaces
[3.583s] -- Up-to-date: /home/jiseongyoo/ros2_examples/install/interfaces/include/interfaces/msg
[3.584s] -- Up-to-date: /home/jiseongyoo/ros2_examples/install/interfaces/include/interfaces/msg/message_collection__rosidl_typesupport_fastrtps_cpp.hpp
[3.584s] -- Up-to-date: /home/jiseongyoo/ros2_examples/install/interfaces/include/interfaces/msg/msg_collection__rosidl_typesupport_fastrtps_cpp.hpp
[3.584s] -- Up-to-date: /home/jiseongyoo/ros2_examples/install/interfaces/include/interfaces/msg/msg_collection1__rosidl_typesupport_fastrtps_cpp.hpp
[3.585s] -- Up-to-date: /home/jiseongyoo/ros2_examples/install/interfaces/include/interfaces/msg/dds_fastrtps
[3.585s] -- Up-to-date: /home/jiseongyoo/ros2_examples/install/interfaces/include/interfaces/msg/rosidl_typesupport_fastrtps_cpp__visibility_control.h
[3.586s] -- Up-to-date: /home/jiseongyoo/ros2_examples/install/interfaces/include/interfaces/msg/message_interface_example__rosidl_typesupport_fastrtps_cpp.hpp
[3.586s] -- Up-to-date: /home/jiseongyoo/ros2_examples/install/interfaces/include/interfaces/action
[3.587s] -- Up-to-date: /home/jiseongyoo/ros2_examples/install/interfaces/include/interfaces/action/dds_fastrtps
[3.587s] -- Up-to-date: /home/jiseongyoo/ros2_examples/install/interfaces/include/interfaces/action/action_collection__rosidl_typesupport_fastrtps_cpp.hpp
[3.587s] -- Up-to-date: /home/jiseongyoo/ros2_examples/install/interfaces/include/interfaces/action/action_interface_example__rosidl_typesupport_fastrtps_cpp.hpp
[3.588s] -- Up-to-date: /home/jiseongyoo/ros2_examples/install/interfaces/include/interfaces/srv
[3.588s] -- Up-to-date: /home/jiseongyoo/ros2_examples/install/interfaces/include/interfaces/srv/service_interface_example__rosidl_typesupport_fastrtps_cpp.hpp
[3.589s] -- Up-to-date: /home/jiseongyoo/ros2_examples/install/interfaces/include/interfaces/srv/dds_fastrtps
[3.589s] -- Up-to-date: /home/jiseongyoo/ros2_examples/install/interfaces/include/interfaces/srv/service_collection__rosidl_typesupport_fastrtps_cpp.hpp
[3.590s] -- Up-to-date: /home/jiseongyoo/ros2_examples/install/interfaces/lib/libinterfaces__rosidl_typesupport_fastrtps_cpp.so
[3.590s] -- Up-to-date: /home/jiseongyoo/ros2_examples/install/interfaces/include/interfaces
[3.591s] -- Up-to-date: /home/jiseongyoo/ros2_examples/install/interfaces/include/interfaces/msg
[3.591s] -- Up-to-date: /home/jiseongyoo/ros2_examples/install/interfaces/include/interfaces/msg/message_interface_example__struct.hpp
[3.592s] -- Up-to-date: /home/jiseongyoo/ros2_examples/install/interfaces/include/interfaces/msg/msg_collection1__struct.hpp
[3.592s] -- Up-to-date: /home/jiseongyoo/ros2_examples/install/interfaces/include/interfaces/msg/message_interface_example.hpp
[3.592s] -- Up-to-date: /home/jiseongyoo/ros2_examples/install/interfaces/include/interfaces/msg/msg_collection__struct.hpp
[3.593s] -- Up-to-date: /home/jiseongyoo/ros2_examples/install/interfaces/include/interfaces/msg/msg_collection1__traits.hpp
[3.593s] -- Up-to-date: /home/jiseongyoo/ros2_examples/install/interfaces/include/interfaces/msg/msg_collection1.hpp
[3.594s] -- Up-to-date: /home/jiseongyoo/ros2_examples/install/interfaces/include/interfaces/msg/message_collection.hpp
[3.594s] -- Up-to-date: /home/jiseongyoo/ros2_examples/install/interfaces/include/interfaces/msg/msg_collection.hpp
[3.595s] -- Up-to-date: /home/jiseongyoo/ros2_examples/install/interfaces/include/interfaces/msg/message_interface_example__traits.hpp
[3.595s] -- Up-to-date: /home/jiseongyoo/ros2_examples/install/interfaces/include/interfaces/msg/message_collection__struct.hpp
[3.596s] -- Up-to-date: /home/jiseongyoo/ros2_examples/install/interfaces/include/interfaces/msg/msg_collection__traits.hpp
[3.596s] -- Up-to-date: /home/jiseongyoo/ros2_examples/install/interfaces/include/interfaces/msg/message_collection__traits.hpp
[3.596s] -- Up-to-date: /home/jiseongyoo/ros2_examples/install/interfaces/include/interfaces/action
[3.597s] -- Up-to-date: /home/jiseongyoo/ros2_examples/install/interfaces/include/interfaces/action/action_collection.hpp
[3.597s] -- Up-to-date: /home/jiseongyoo/ros2_examples/install/interfaces/include/interfaces/action/action_interface_example.hpp
[3.598s] -- Up-to-date: /home/jiseongyoo/ros2_examples/install/interfaces/include/interfaces/action/action_interface_example__traits.hpp
[3.598s] -- Up-to-date: /home/jiseongyoo/ros2_examples/install/interfaces/include/interfaces/action/action_interface_example__struct.hpp
[3.606s] -- Up-to-date: /home/jiseongyoo/ros2_examples/install/interfaces/include/interfaces/action/action_collection__struct.hpp
[3.607s] -- Up-to-date: /home/jiseongyoo/ros2_examples/install/interfaces/include/interfaces/action/action_collection__traits.hpp
[3.607s] -- Up-to-date: /home/jiseongyoo/ros2_examples/install/interfaces/include/interfaces/srv
[3.608s] -- Up-to-date: /home/jiseongyoo/ros2_examples/install/interfaces/include/interfaces/srv/service_interface_example.hpp
[3.608s] -- Up-to-date: /home/jiseongyoo/ros2_examples/install/interfaces/include/interfaces/srv/service_interface_example__traits.hpp
[3.608s] -- Up-to-date: /home/jiseongyoo/ros2_examples/install/interfaces/include/interfaces/srv/service_interface_example__struct.hpp
[3.609s] -- Up-to-date: /home/jiseongyoo/ros2_examples/install/interfaces/include/interfaces/srv/service_collection__traits.hpp
[3.609s] -- Up-to-date: /home/jiseongyoo/ros2_examples/install/interfaces/include/interfaces/srv/service_collection__struct.hpp
[3.609s] -- Up-to-date: /home/jiseongyoo/ros2_examples/install/interfaces/include/interfaces/srv/service_collection.hpp
[3.610s] -- Up-to-date: /home/jiseongyoo/ros2_examples/install/interfaces/include/interfaces
[3.621s] -- Up-to-date: /home/jiseongyoo/ros2_examples/install/interfaces/include/interfaces/msg
[3.621s] -- Up-to-date: /home/jiseongyoo/ros2_examples/install/interfaces/include/interfaces/msg/msg_collection__rosidl_typesupport_introspection_c.h
[3.621s] -- Up-to-date: /home/jiseongyoo/ros2_examples/install/interfaces/include/interfaces/msg/message_collection__rosidl_typesupport_introspection_c.h
[3.622s] -- Up-to-date: /home/jiseongyoo/ros2_examples/install/interfaces/include/interfaces/msg/msg_collection1__type_support.c
[3.622s] -- Up-to-date: /home/jiseongyoo/ros2_examples/install/interfaces/include/interfaces/msg/rosidl_typesupport_introspection_c__visibility_control.h
[3.623s] -- Up-to-date: /home/jiseongyoo/ros2_examples/install/interfaces/include/interfaces/msg/msg_collection1__rosidl_typesupport_introspection_c.h
[3.623s] -- Up-to-date: /home/jiseongyoo/ros2_examples/install/interfaces/include/interfaces/msg/message_interface_example__rosidl_typesupport_introspection_c.h
[3.623s] -- Up-to-date: /home/jiseongyoo/ros2_examples/install/interfaces/include/interfaces/msg/message_collection__type_support.c
[3.624s] -- Up-to-date: /home/jiseongyoo/ros2_examples/install/interfaces/include/interfaces/msg/msg_collection__type_support.c
[3.624s] -- Up-to-date: /home/jiseongyoo/ros2_examples/install/interfaces/include/interfaces/msg/message_interface_example__type_support.c
[3.625s] -- Up-to-date: /home/jiseongyoo/ros2_examples/install/interfaces/include/interfaces/action
[3.625s] -- Up-to-date: /home/jiseongyoo/ros2_examples/install/interfaces/include/interfaces/action/action_collection__rosidl_typesupport_introspection_c.h
[3.626s] -- Up-to-date: /home/jiseongyoo/ros2_examples/install/interfaces/include/interfaces/action/action_interface_example__type_support.c
[3.626s] -- Up-to-date: /home/jiseongyoo/ros2_examples/install/interfaces/include/interfaces/action/action_collection__type_support.c
[3.627s] -- Up-to-date: /home/jiseongyoo/ros2_examples/install/interfaces/include/interfaces/action/action_interface_example__rosidl_typesupport_introspection_c.h
[3.627s] -- Up-to-date: /home/jiseongyoo/ros2_examples/install/interfaces/include/interfaces/srv
[3.628s] -- Up-to-date: /home/jiseongyoo/ros2_examples/install/interfaces/include/interfaces/srv/service_interface_example__rosidl_typesupport_introspection_c.h
[3.628s] -- Up-to-date: /home/jiseongyoo/ros2_examples/install/interfaces/include/interfaces/srv/service_interface_example__type_support.c
[3.629s] -- Up-to-date: /home/jiseongyoo/ros2_examples/install/interfaces/include/interfaces/srv/service_collection__type_support.c
[3.629s] -- Up-to-date: /home/jiseongyoo/ros2_examples/install/interfaces/include/interfaces/srv/service_collection__rosidl_typesupport_introspection_c.h
[3.630s] -- Up-to-date: /home/jiseongyoo/ros2_examples/install/interfaces/lib/libinterfaces__rosidl_typesupport_introspection_c.so
[3.630s] -- Up-to-date: /home/jiseongyoo/ros2_examples/install/interfaces/include/interfaces
[3.631s] -- Up-to-date: /home/jiseongyoo/ros2_examples/install/interfaces/include/interfaces/msg
[3.631s] -- Up-to-date: /home/jiseongyoo/ros2_examples/install/interfaces/include/interfaces/msg/msg_collection1__type_support.cpp
[3.631s] -- Up-to-date: /home/jiseongyoo/ros2_examples/install/interfaces/include/interfaces/msg/message_interface_example__type_support.cpp
[3.632s] -- Up-to-date: /home/jiseongyoo/ros2_examples/install/interfaces/include/interfaces/msg/msg_collection1__rosidl_typesupport_introspection_cpp.hpp
[3.632s] -- Up-to-date: /home/jiseongyoo/ros2_examples/install/interfaces/include/interfaces/msg/msg_collection__rosidl_typesupport_introspection_cpp.hpp
[3.633s] -- Up-to-date: /home/jiseongyoo/ros2_examples/install/interfaces/include/interfaces/msg/message_interface_example__rosidl_typesupport_introspection_cpp.hpp
[3.633s] -- Up-to-date: /home/jiseongyoo/ros2_examples/install/interfaces/include/interfaces/msg/message_collection__rosidl_typesupport_introspection_cpp.hpp
[3.634s] -- Up-to-date: /home/jiseongyoo/ros2_examples/install/interfaces/include/interfaces/msg/msg_collection__type_support.cpp
[3.634s] -- Up-to-date: /home/jiseongyoo/ros2_examples/install/interfaces/include/interfaces/msg/message_collection__type_support.cpp
[3.635s] -- Up-to-date: /home/jiseongyoo/ros2_examples/install/interfaces/include/interfaces/action
[3.635s] -- Up-to-date: /home/jiseongyoo/ros2_examples/install/interfaces/include/interfaces/action/action_collection__type_support.cpp
[3.635s] -- Up-to-date: /home/jiseongyoo/ros2_examples/install/interfaces/include/interfaces/action/action_interface_example__rosidl_typesupport_introspection_cpp.hpp
[3.636s] -- Up-to-date: /home/jiseongyoo/ros2_examples/install/interfaces/include/interfaces/action/action_collection__rosidl_typesupport_introspection_cpp.hpp
[3.636s] -- Up-to-date: /home/jiseongyoo/ros2_examples/install/interfaces/include/interfaces/action/action_interface_example__type_support.cpp
[3.637s] -- Up-to-date: /home/jiseongyoo/ros2_examples/install/interfaces/include/interfaces/srv
[3.637s] -- Up-to-date: /home/jiseongyoo/ros2_examples/install/interfaces/include/interfaces/srv/service_interface_example__rosidl_typesupport_introspection_cpp.hpp
[3.638s] -- Up-to-date: /home/jiseongyoo/ros2_examples/install/interfaces/include/interfaces/srv/service_interface_example__type_support.cpp
[3.638s] -- Up-to-date: /home/jiseongyoo/ros2_examples/install/interfaces/include/interfaces/srv/service_collection__rosidl_typesupport_introspection_cpp.hpp
[3.639s] -- Up-to-date: /home/jiseongyoo/ros2_examples/install/interfaces/include/interfaces/srv/service_collection__type_support.cpp
[3.639s] -- Up-to-date: /home/jiseongyoo/ros2_examples/install/interfaces/lib/libinterfaces__rosidl_typesupport_introspection_cpp.so
[3.640s] -- Up-to-date: /home/jiseongyoo/ros2_examples/install/interfaces/share/interfaces/environment/pythonpath.sh
[3.640s] -- Up-to-date: /home/jiseongyoo/ros2_examples/install/interfaces/share/interfaces/environment/pythonpath.dsv
[3.640s] -- Up-to-date: /home/jiseongyoo/ros2_examples/install/interfaces/lib/python3.6/site-packages/interfaces/__init__.py
[3.726s] -- Up-to-date: /home/jiseongyoo/ros2_examples/install/interfaces/lib/python3.6/site-packages/interfaces/action
[3.727s] -- Up-to-date: /home/jiseongyoo/ros2_examples/install/interfaces/lib/python3.6/site-packages/interfaces/action/_action_interface_example.py
[3.729s] -- Up-to-date: /home/jiseongyoo/ros2_examples/install/interfaces/lib/python3.6/site-packages/interfaces/action/_action_collection_s.c
[3.732s] -- Up-to-date: /home/jiseongyoo/ros2_examples/install/interfaces/lib/python3.6/site-packages/interfaces/action/_action_collection.py
[3.733s] -- Up-to-date: /home/jiseongyoo/ros2_examples/install/interfaces/lib/python3.6/site-packages/interfaces/action/_action_interface_example_s.c
[3.739s] -- Up-to-date: /home/jiseongyoo/ros2_examples/install/interfaces/lib/python3.6/site-packages/interfaces/action/__init__.py
[3.742s] -- Up-to-date: /home/jiseongyoo/ros2_examples/install/interfaces/lib/python3.6/site-packages/interfaces/msg
[3.743s] -- Up-to-date: /home/jiseongyoo/ros2_examples/install/interfaces/lib/python3.6/site-packages/interfaces/msg/_message_collection_s.c
[3.745s] -- Up-to-date: /home/jiseongyoo/ros2_examples/install/interfaces/lib/python3.6/site-packages/interfaces/msg/_message_interface_example.py
[3.746s] -- Up-to-date: /home/jiseongyoo/ros2_examples/install/interfaces/lib/python3.6/site-packages/interfaces/msg/_message_collection.py
[3.749s] -- Up-to-date: /home/jiseongyoo/ros2_examples/install/interfaces/lib/python3.6/site-packages/interfaces/msg/_message_interface_example_s.c
[3.751s] -- Up-to-date: /home/jiseongyoo/ros2_examples/install/interfaces/lib/python3.6/site-packages/interfaces/msg/_msg_collection1_s.c
[3.753s] -- Up-to-date: /home/jiseongyoo/ros2_examples/install/interfaces/lib/python3.6/site-packages/interfaces/msg/_msg_collection.py
[3.755s] -- Up-to-date: /home/jiseongyoo/ros2_examples/install/interfaces/lib/python3.6/site-packages/interfaces/msg/__init__.py
[3.757s] -- Up-to-date: /home/jiseongyoo/ros2_examples/install/interfaces/lib/python3.6/site-packages/interfaces/msg/_msg_collection1.py
[3.760s] -- Up-to-date: /home/jiseongyoo/ros2_examples/install/interfaces/lib/python3.6/site-packages/interfaces/msg/_msg_collection_s.c
[3.760s] -- Up-to-date: /home/jiseongyoo/ros2_examples/install/interfaces/lib/python3.6/site-packages/interfaces/srv
[3.764s] -- Up-to-date: /home/jiseongyoo/ros2_examples/install/interfaces/lib/python3.6/site-packages/interfaces/srv/_service_collection_s.c
[3.767s] -- Up-to-date: /home/jiseongyoo/ros2_examples/install/interfaces/lib/python3.6/site-packages/interfaces/srv/_service_interface_example.py
[3.769s] -- Up-to-date: /home/jiseongyoo/ros2_examples/install/interfaces/lib/python3.6/site-packages/interfaces/srv/__init__.py
[3.772s] -- Up-to-date: /home/jiseongyoo/ros2_examples/install/interfaces/lib/python3.6/site-packages/interfaces/srv/_service_collection.py
[3.774s] -- Up-to-date: /home/jiseongyoo/ros2_examples/install/interfaces/lib/python3.6/site-packages/interfaces/srv/_service_interface_example_s.c
[3.777s] -- Up-to-date: /home/jiseongyoo/ros2_examples/install/interfaces/lib/python3.6/site-packages/interfaces/interfaces_s__rosidl_typesupport_c.cpython-36m-x86_64-linux-gnu.so
[3.778s] -- Up-to-date: /home/jiseongyoo/ros2_examples/install/interfaces/lib/python3.6/site-packages/interfaces/interfaces_s__rosidl_typesupport_fastrtps_c.cpython-36m-x86_64-linux-gnu.so
[3.780s] -- Up-to-date: /home/jiseongyoo/ros2_examples/install/interfaces/lib/libinterfaces__python.so
[3.782s] -- Up-to-date: /home/jiseongyoo/ros2_examples/install/interfaces/share/interfaces/action/ActionCollection.idl
[3.783s] -- Up-to-date: /home/jiseongyoo/ros2_examples/install/interfaces/share/interfaces/msg/MessageCollection.idl
[3.785s] -- Up-to-date: /home/jiseongyoo/ros2_examples/install/interfaces/share/interfaces/srv/ServiceCollection.idl
[3.787s] -- Up-to-date: /home/jiseongyoo/ros2_examples/install/interfaces/share/interfaces/action/ActionInterfaceExample.idl
[3.788s] -- Up-to-date: /home/jiseongyoo/ros2_examples/install/interfaces/share/interfaces/msg/MessageInterfaceExample.idl
[3.789s] -- Up-to-date: /home/jiseongyoo/ros2_examples/install/interfaces/share/interfaces/srv/ServiceInterfaceExample.idl
[3.791s] -- Up-to-date: /home/jiseongyoo/ros2_examples/install/interfaces/share/interfaces/action/ActionCollection.action
[3.794s] -- Up-to-date: /home/jiseongyoo/ros2_examples/install/interfaces/share/interfaces/msg/MessageCollection.msg
[3.795s] -- Up-to-date: /home/jiseongyoo/ros2_examples/install/interfaces/share/interfaces/srv/ServiceCollection.srv
[3.797s] -- Up-to-date: /home/jiseongyoo/ros2_examples/install/interfaces/share/interfaces/srv/ServiceCollection_Request.msg
[3.806s] -- Up-to-date: /home/jiseongyoo/ros2_examples/install/interfaces/share/interfaces/srv/ServiceCollection_Response.msg
[3.807s] -- Up-to-date: /home/jiseongyoo/ros2_examples/install/interfaces/share/interfaces/action/ActionInterfaceExample.action
[3.807s] -- Up-to-date: /home/jiseongyoo/ros2_examples/install/interfaces/share/interfaces/msg/MessageInterfaceExample.msg
[3.808s] -- Up-to-date: /home/jiseongyoo/ros2_examples/install/interfaces/share/interfaces/srv/ServiceInterfaceExample.srv
[3.808s] -- Up-to-date: /home/jiseongyoo/ros2_examples/install/interfaces/share/interfaces/srv/ServiceInterfaceExample_Request.msg
[3.808s] -- Up-to-date: /home/jiseongyoo/ros2_examples/install/interfaces/share/interfaces/srv/ServiceInterfaceExample_Response.msg
[3.809s] -- Up-to-date: /home/jiseongyoo/ros2_examples/install/interfaces/share/ament_index/resource_index/package_run_dependencies/interfaces
[3.809s] -- Up-to-date: /home/jiseongyoo/ros2_examples/install/interfaces/share/ament_index/resource_index/parent_prefix_path/interfaces
[3.809s] -- Up-to-date: /home/jiseongyoo/ros2_examples/install/interfaces/share/interfaces/environment/ament_prefix_path.sh
[3.810s] -- Up-to-date: /home/jiseongyoo/ros2_examples/install/interfaces/share/interfaces/environment/ament_prefix_path.dsv
[3.840s] -- Up-to-date: /home/jiseongyoo/ros2_examples/install/interfaces/share/interfaces/environment/path.sh
[3.840s] -- Up-to-date: /home/jiseongyoo/ros2_examples/install/interfaces/share/interfaces/environment/path.dsv
[3.841s] -- Up-to-date: /home/jiseongyoo/ros2_examples/install/interfaces/share/interfaces/local_setup.bash
[3.841s] -- Up-to-date: /home/jiseongyoo/ros2_examples/install/interfaces/share/interfaces/local_setup.sh
[3.842s] -- Up-to-date: /home/jiseongyoo/ros2_examples/install/interfaces/share/interfaces/local_setup.zsh
[3.843s] -- Up-to-date: /home/jiseongyoo/ros2_examples/install/interfaces/share/interfaces/local_setup.dsv
[3.844s] -- Installing: /home/jiseongyoo/ros2_examples/install/interfaces/share/interfaces/package.dsv
[3.845s] -- Up-to-date: /home/jiseongyoo/ros2_examples/install/interfaces/share/ament_index/resource_index/packages/interfaces
[3.845s] -- Up-to-date: /home/jiseongyoo/ros2_examples/install/interfaces/share/interfaces/cmake/rosidl_cmake-extras.cmake
[3.846s] -- Up-to-date: /home/jiseongyoo/ros2_examples/install/interfaces/share/interfaces/cmake/ament_cmake_export_dependencies-extras.cmake
[3.846s] -- Up-to-date: /home/jiseongyoo/ros2_examples/install/interfaces/share/interfaces/cmake/ament_cmake_export_libraries-extras.cmake
[3.847s] -- Up-to-date: /home/jiseongyoo/ros2_examples/install/interfaces/share/interfaces/cmake/ament_cmake_export_include_directories-extras.cmake
[3.848s] -- Up-to-date: /home/jiseongyoo/ros2_examples/install/interfaces/share/interfaces/cmake/interfacesConfig.cmake
[3.849s] -- Up-to-date: /home/jiseongyoo/ros2_examples/install/interfaces/share/interfaces/cmake/interfacesConfig-version.cmake
[3.855s] -- Up-to-date: /home/jiseongyoo/ros2_examples/install/interfaces/share/interfaces/package.xml
[3.856s] Invoked command in '/home/jiseongyoo/ros2_examples/build/interfaces' returned '0': CMAKE_PREFIX_PATH=/opt/ros/eloquent /usr/bin/cmake --build /home/jiseongyoo/ros2_examples/build/interfaces --target install -- -j2 -l2
