[0.271s] [35m[1mScanning dependencies of target action_client_cpp[0m
[0.278s] [35m[1mScanning dependencies of target action_server_cpp[0m
[0.439s] [ 25%] [32mBuilding CXX object CMakeFiles/action_server_cpp.dir/src/action_server_cpp_example.cpp.o[0m
[0.512s] [ 50%] [32mBuilding CXX object CMakeFiles/action_client_cpp.dir/src/action_client_cpp_example.cpp.o[0m
[5.597s] [ 75%] [32m[1mLinking CXX executable action_client_cpp[0m
[5.912s] [100%] [32m[1mLinking CXX executable action_server_cpp[0m
[6.185s] [100%] Built target action_client_cpp
[6.503s] [100%] Built target action_server_cpp
[6.959s] [ 50%] Built target action_server_cpp
[6.962s] [100%] Built target action_client_cpp
[7.054s] [36mInstall the project...[0m
[7.100s] -- Install configuration: ""
[7.103s] -- Installing: /home/jiseongyoo/ros2_examples/install/action_cpp_example/lib/action_cpp_example/action_server_cpp
[7.106s] -- Set runtime path of "/home/jiseongyoo/ros2_examples/install/action_cpp_example/lib/action_cpp_example/action_server_cpp" to ""
[7.107s] -- Installing: /home/jiseongyoo/ros2_examples/install/action_cpp_example/lib/action_cpp_example/action_client_cpp
[7.109s] -- Set runtime path of "/home/jiseongyoo/ros2_examples/install/action_cpp_example/lib/action_cpp_example/action_client_cpp" to ""
[7.111s] -- Up-to-date: /home/jiseongyoo/ros2_examples/install/action_cpp_example/share/ament_index/resource_index/package_run_dependencies/action_cpp_example
[7.112s] -- Up-to-date: /home/jiseongyoo/ros2_examples/install/action_cpp_example/share/ament_index/resource_index/parent_prefix_path/action_cpp_example
[7.113s] -- Up-to-date: /home/jiseongyoo/ros2_examples/install/action_cpp_example/share/action_cpp_example/environment/ament_prefix_path.sh
[7.113s] -- Up-to-date: /home/jiseongyoo/ros2_examples/install/action_cpp_example/share/action_cpp_example/environment/ament_prefix_path.dsv
[7.134s] -- Up-to-date: /home/jiseongyoo/ros2_examples/install/action_cpp_example/share/action_cpp_example/environment/path.sh
[7.134s] -- Up-to-date: /home/jiseongyoo/ros2_examples/install/action_cpp_example/share/action_cpp_example/environment/path.dsv
[7.135s] -- Up-to-date: /home/jiseongyoo/ros2_examples/install/action_cpp_example/share/action_cpp_example/local_setup.bash
[7.135s] -- Up-to-date: /home/jiseongyoo/ros2_examples/install/action_cpp_example/share/action_cpp_example/local_setup.sh
[7.136s] -- Up-to-date: /home/jiseongyoo/ros2_examples/install/action_cpp_example/share/action_cpp_example/local_setup.zsh
[7.136s] -- Up-to-date: /home/jiseongyoo/ros2_examples/install/action_cpp_example/share/action_cpp_example/local_setup.dsv
[7.137s] -- Installing: /home/jiseongyoo/ros2_examples/install/action_cpp_example/share/action_cpp_example/package.dsv
[7.144s] -- Up-to-date: /home/jiseongyoo/ros2_examples/install/action_cpp_example/share/ament_index/resource_index/packages/action_cpp_example
[7.144s] -- Up-to-date: /home/jiseongyoo/ros2_examples/install/action_cpp_example/share/action_cpp_example/cmake/action_cpp_exampleConfig.cmake
[7.145s] -- Up-to-date: /home/jiseongyoo/ros2_examples/install/action_cpp_example/share/action_cpp_example/cmake/action_cpp_exampleConfig-version.cmake
[7.145s] -- Up-to-date: /home/jiseongyoo/ros2_examples/install/action_cpp_example/share/action_cpp_example/package.xml
