[0.067s] Invoking command in '/home/jiseongyoo/ros2_examples/build/interfaces': CMAKE_PREFIX_PATH=/opt/ros/eloquent /usr/bin/cmake --build /home/jiseongyoo/ros2_examples/build/interfaces -- -j2 -l2
[0.183s] -- Found ament_cmake: 0.8.2 (/opt/ros/eloquent/share/ament_cmake/cmake)
[0.297s] -- Found PythonInterp: /usr/bin/python3 (found suitable version "3.6.9", minimum required is "3") 
[0.297s] -- Using PYTHON_EXECUTABLE: /usr/bin/python3
[1.093s] -- Found rosidl_default_generators: 0.8.0 (/opt/ros/eloquent/share/rosidl_default_generators/cmake)
[1.311s] -- Found rosidl_adapter: 0.8.2 (/opt/ros/eloquent/share/rosidl_adapter/cmake)
[1.699s] -- Found PythonInterp: /usr/bin/python3 (found version "3.6.9") 
[2.367s] -- Using single matching rosidl_typesupport_c: rosidl_typesupport_fastrtps_c
[2.385s] -- Using single matching rosidl_typesupport_cpp: rosidl_typesupport_fastrtps_cpp
[2.685s] -- Found rmw_implementation_cmake: 0.8.1 (/opt/ros/eloquent/share/rmw_implementation_cmake/cmake)
[2.792s] -- Found PythonInterp: /usr/bin/python3 (found suitable version "3.6.9", minimum required is "3.5") 
[2.793s] -- Found python_cmake_module: 0.8.0 (/opt/ros/eloquent/share/python_cmake_module/cmake)
[2.909s] -- Using PYTHON_EXECUTABLE: /usr/bin/python3
[2.911s] -- Using PYTHON_INCLUDE_DIRS: /usr/include/python3.6m
[2.913s] -- Using PYTHON_LIBRARIES: /usr/lib/x86_64-linux-gnu/libpython3.6m.so
[3.196s] -- Found ament_lint_auto: 0.8.1 (/opt/ros/eloquent/share/ament_lint_auto/cmake)
[3.244s] -- Added test 'lint_cmake' to check CMake code style
[3.249s] -- Added test 'xmllint' to check XML markup files
[3.264s] -- Configuring done
[3.434s] -- Generating done
[3.449s] -- Build files have been written to: /home/jiseongyoo/ros2_examples/build/interfaces
[3.542s] [  2%] [34m[1mGenerating C code for ROS interfaces[0m
[3.575s] [  5%] [34m[1mGenerating C++ code for ROS interfaces[0m
[7.060s] [  5%] Built target interfaces__cpp
[7.120s] [  8%] [34m[1mGenerating C++ type support for eProsima Fast-RTPS[0m
[7.329s] [35m[1mScanning dependencies of target interfaces__rosidl_generator_c[0m
[7.397s] [ 10%] [32mBuilding C object CMakeFiles/interfaces__rosidl_generator_c.dir/rosidl_generator_c/interfaces/msg/msg_collection__functions.c.o[0m
[7.552s] [ 13%] [32mBuilding C object CMakeFiles/interfaces__rosidl_generator_c.dir/rosidl_generator_c/interfaces/srv/service_collection__functions.c.o[0m
[7.728s] [ 16%] [32m[1mLinking C shared library libinterfaces__rosidl_generator_c.so[0m
[7.869s] [ 16%] Built target interfaces__rosidl_generator_c
[7.909s] [ 18%] [34m[1mGenerating C++ introspection for ROS interfaces[0m
[10.691s] [35m[1mScanning dependencies of target interfaces__rosidl_typesupport_fastrtps_cpp[0m
[10.800s] [ 21%] [32mBuilding CXX object CMakeFiles/interfaces__rosidl_typesupport_fastrtps_cpp.dir/rosidl_typesupport_fastrtps_cpp/interfaces/msg/dds_fastrtps/msg_collection__type_support.cpp.o[0m
[11.381s] [35m[1mScanning dependencies of target interfaces__rosidl_typesupport_introspection_cpp[0m
[11.461s] [ 24%] [32mBuilding CXX object CMakeFiles/interfaces__rosidl_typesupport_introspection_cpp.dir/rosidl_typesupport_introspection_cpp/interfaces/msg/msg_collection__type_support.cpp.o[0m
[12.736s] [ 27%] [32mBuilding CXX object CMakeFiles/interfaces__rosidl_typesupport_fastrtps_cpp.dir/rosidl_typesupport_fastrtps_cpp/interfaces/srv/dds_fastrtps/service_collection__type_support.cpp.o[0m
[12.858s] [ 29%] [32mBuilding CXX object CMakeFiles/interfaces__rosidl_typesupport_introspection_cpp.dir/rosidl_typesupport_introspection_cpp/interfaces/srv/service_collection__type_support.cpp.o[0m
[14.327s] [ 32%] [32m[1mLinking CXX shared library libinterfaces__rosidl_typesupport_introspection_cpp.so[0m
[14.664s] [ 32%] Built target interfaces__rosidl_typesupport_introspection_cpp
[14.710s] [ 35%] [34m[1mGenerating C introspection for ROS interfaces[0m
[14.809s] [ 37%] [32m[1mLinking CXX shared library libinterfaces__rosidl_typesupport_fastrtps_cpp.so[0m
[15.190s] [ 37%] Built target interfaces__rosidl_typesupport_fastrtps_cpp
[15.239s] [ 40%] [34m[1mGenerating C type support for eProsima Fast-RTPS[0m
[18.232s] [35m[1mScanning dependencies of target interfaces__rosidl_typesupport_introspection_c[0m
[18.289s] [ 43%] [32mBuilding C object CMakeFiles/interfaces__rosidl_typesupport_introspection_c.dir/rosidl_typesupport_introspection_c/interfaces/msg/msg_collection__type_support.c.o[0m
[18.427s] [ 45%] [32mBuilding C object CMakeFiles/interfaces__rosidl_typesupport_introspection_c.dir/rosidl_typesupport_introspection_c/interfaces/srv/service_collection__type_support.c.o[0m
[18.563s] [ 48%] [32m[1mLinking C shared library libinterfaces__rosidl_typesupport_introspection_c.so[0m
[18.674s] [ 48%] Built target interfaces__rosidl_typesupport_introspection_c
[18.724s] [ 51%] [34m[1mGenerating C++ type support dispatch for ROS interfaces[0m
[18.783s] [35m[1mScanning dependencies of target interfaces__rosidl_typesupport_fastrtps_c[0m
[18.862s] [ 54%] [32mBuilding CXX object CMakeFiles/interfaces__rosidl_typesupport_fastrtps_c.dir/rosidl_typesupport_fastrtps_c/interfaces/msg/msg_collection__type_support_c.cpp.o[0m
[20.302s] [ 56%] [32mBuilding CXX object CMakeFiles/interfaces__rosidl_typesupport_fastrtps_c.dir/rosidl_typesupport_fastrtps_c/interfaces/srv/service_collection__type_support_c.cpp.o[0m
[21.894s] [ 59%] [32m[1mLinking CXX shared library libinterfaces__rosidl_typesupport_fastrtps_c.so[0m
[21.910s] [35m[1mScanning dependencies of target interfaces__rosidl_typesupport_cpp[0m
[21.987s] [ 62%] [32mBuilding CXX object CMakeFiles/interfaces__rosidl_typesupport_cpp.dir/rosidl_typesupport_cpp/interfaces/msg/msg_collection__type_support.cpp.o[0m
[22.268s] [ 62%] Built target interfaces__rosidl_typesupport_fastrtps_c
[22.315s] [ 64%] [32mBuilding CXX object CMakeFiles/interfaces__rosidl_typesupport_cpp.dir/rosidl_typesupport_cpp/interfaces/srv/service_collection__type_support.cpp.o[0m
[23.503s] [ 67%] [34m[1mGenerating C type support dispatch for ROS interfaces[0m
[23.913s] [ 70%] [32m[1mLinking CXX shared library libinterfaces__rosidl_typesupport_cpp.so[0m
[24.295s] [ 70%] Built target interfaces__rosidl_typesupport_cpp
[26.651s] [35m[1mScanning dependencies of target interfaces__rosidl_typesupport_c[0m
[26.724s] [ 72%] [32mBuilding CXX object CMakeFiles/interfaces__rosidl_typesupport_c.dir/rosidl_typesupport_c/interfaces/msg/msg_collection__type_support.cpp.o[0m
[26.730s] [ 75%] [32mBuilding CXX object CMakeFiles/interfaces__rosidl_typesupport_c.dir/rosidl_typesupport_c/interfaces/srv/service_collection__type_support.cpp.o[0m
[26.849s] [ 78%] [32m[1mLinking CXX shared library libinterfaces__rosidl_typesupport_c.so[0m
[27.062s] [ 78%] Built target interfaces__rosidl_typesupport_c
[27.173s] [ 78%] Built target interfaces
[27.226s] [35m[1mScanning dependencies of target interfaces__py[0m
[27.277s] [ 81%] [34m[1mGenerating Python code for ROS interfaces[0m
[33.906s] [ 81%] Built target interfaces__py
[33.964s] [35m[1mScanning dependencies of target interfaces__python[0m
[34.074s] [ 83%] [32mBuilding C object CMakeFiles/interfaces__python.dir/rosidl_generator_py/interfaces/msg/_msg_collection_s.c.o[0m
[34.076s] [ 86%] [32mBuilding C object CMakeFiles/interfaces__python.dir/rosidl_generator_py/interfaces/srv/_service_collection_s.c.o[0m
[34.950s] [ 89%] [32m[1mLinking CXX shared library rosidl_generator_py/interfaces/libinterfaces__python.so[0m
[35.248s] [ 89%] Built target interfaces__python
[35.290s] [35m[1mScanning dependencies of target interfaces__rosidl_typesupport_fastrtps_c__pyext[0m
[35.296s] [35m[1mScanning dependencies of target interfaces__rosidl_typesupport_c__pyext[0m
[35.379s] [ 91%] [32mBuilding C object CMakeFiles/interfaces__rosidl_typesupport_c__pyext.dir/rosidl_generator_py/interfaces/_interfaces_s.ep.rosidl_typesupport_c.c.o[0m
[35.384s] [ 94%] [32mBuilding C object CMakeFiles/interfaces__rosidl_typesupport_fastrtps_c__pyext.dir/rosidl_generator_py/interfaces/_interfaces_s.ep.rosidl_typesupport_fastrtps_c.c.o[0m
[35.764s] [ 97%] [32m[1mLinking CXX shared library rosidl_generator_py/interfaces/interfaces_s__rosidl_typesupport_c.cpython-36m-x86_64-linux-gnu.so[0m
[35.807s] [100%] [32m[1mLinking CXX shared library rosidl_generator_py/interfaces/interfaces_s__rosidl_typesupport_fastrtps_c.cpython-36m-x86_64-linux-gnu.so[0m
[36.002s] [100%] Built target interfaces__rosidl_typesupport_c__pyext
[36.058s] [100%] Built target interfaces__rosidl_typesupport_fastrtps_c__pyext
[36.101s] Invoked command in '/home/jiseongyoo/ros2_examples/build/interfaces' returned '0': CMAKE_PREFIX_PATH=/opt/ros/eloquent /usr/bin/cmake --build /home/jiseongyoo/ros2_examples/build/interfaces -- -j2 -l2
[36.494s] Invoking command in '/home/jiseongyoo/ros2_examples/build/interfaces': CMAKE_PREFIX_PATH=/opt/ros/eloquent /usr/bin/cmake --build /home/jiseongyoo/ros2_examples/build/interfaces --target install -- -j2 -l2
[36.726s] [  2%] Built target interfaces__cpp
[36.727s] [ 13%] Built target interfaces__rosidl_generator_c
[36.815s] [ 24%] Built target interfaces__rosidl_typesupport_introspection_cpp
[36.833s] [ 35%] Built target interfaces__rosidl_typesupport_fastrtps_cpp
[36.902s] [ 45%] Built target interfaces__rosidl_typesupport_introspection_c
[36.938s] [ 56%] Built target interfaces__rosidl_typesupport_fastrtps_c
[37.001s] [ 67%] Built target interfaces__rosidl_typesupport_cpp
[37.031s] [ 78%] Built target interfaces__rosidl_typesupport_c
[37.124s] [ 78%] Built target interfaces
[37.229s] [ 81%] Built target interfaces__py
[37.353s] [ 89%] Built target interfaces__python
[37.452s] [ 94%] Built target interfaces__rosidl_typesupport_c__pyext
[37.459s] [100%] Built target interfaces__rosidl_typesupport_fastrtps_c__pyext
[37.553s] [36mInstall the project...[0m
[37.590s] -- Install configuration: ""
[37.591s] -- Installing: /home/jiseongyoo/ros2_examples/install/interfaces/share/ament_index/resource_index/rosidl_interfaces/interfaces
[37.594s] -- Installing: /home/jiseongyoo/ros2_examples/install/interfaces/lib/libinterfaces__rosidl_typesupport_c.so
[37.597s] -- Set runtime path of "/home/jiseongyoo/ros2_examples/install/interfaces/lib/libinterfaces__rosidl_typesupport_c.so" to ""
[37.598s] -- Up-to-date: /home/jiseongyoo/ros2_examples/install/interfaces/share/interfaces/environment/library_path.sh
[37.599s] -- Installing: /home/jiseongyoo/ros2_examples/install/interfaces/share/interfaces/environment/library_path.dsv
[37.602s] -- Installing: /home/jiseongyoo/ros2_examples/install/interfaces/lib/libinterfaces__rosidl_typesupport_cpp.so
[37.606s] -- Set runtime path of "/home/jiseongyoo/ros2_examples/install/interfaces/lib/libinterfaces__rosidl_typesupport_cpp.so" to ""
[37.610s] -- Up-to-date: /home/jiseongyoo/ros2_examples/install/interfaces/include/interfaces
[37.611s] -- Up-to-date: /home/jiseongyoo/ros2_examples/install/interfaces/include/interfaces/msg
[37.612s] -- Installing: /home/jiseongyoo/ros2_examples/install/interfaces/include/interfaces/msg/msg_collection__rosidl_typesupport_fastrtps_c.h
[37.613s] -- Up-to-date: /home/jiseongyoo/ros2_examples/install/interfaces/include/interfaces/msg/msg_collection1__rosidl_typesupport_fastrtps_c.h
[37.613s] -- Up-to-date: /home/jiseongyoo/ros2_examples/install/interfaces/include/interfaces/msg/rosidl_typesupport_fastrtps_c__visibility_control.h
[37.614s] -- Installing: /home/jiseongyoo/ros2_examples/install/interfaces/include/interfaces/srv
[37.615s] -- Installing: /home/jiseongyoo/ros2_examples/install/interfaces/include/interfaces/srv/service_collection__rosidl_typesupport_fastrtps_c.h
[37.616s] -- Installing: /home/jiseongyoo/ros2_examples/install/interfaces/lib/libinterfaces__rosidl_typesupport_fastrtps_c.so
[37.616s] -- Set runtime path of "/home/jiseongyoo/ros2_examples/install/interfaces/lib/libinterfaces__rosidl_typesupport_fastrtps_c.so" to ""
[37.617s] -- Up-to-date: /home/jiseongyoo/ros2_examples/install/interfaces/include/interfaces
[37.618s] -- Up-to-date: /home/jiseongyoo/ros2_examples/install/interfaces/include/interfaces/msg
[37.618s] -- Up-to-date: /home/jiseongyoo/ros2_examples/install/interfaces/include/interfaces/msg/msg_collection1__type_support.h
[37.619s] -- Installing: /home/jiseongyoo/ros2_examples/install/interfaces/include/interfaces/msg/msg_collection__functions.c
[37.619s] -- Installing: /home/jiseongyoo/ros2_examples/install/interfaces/include/interfaces/msg/msg_collection__functions.h
[37.620s] -- Installing: /home/jiseongyoo/ros2_examples/install/interfaces/include/interfaces/msg/msg_collection.h
[37.621s] -- Up-to-date: /home/jiseongyoo/ros2_examples/install/interfaces/include/interfaces/msg/rosidl_generator_c__visibility_control.h
[37.621s] -- Installing: /home/jiseongyoo/ros2_examples/install/interfaces/include/interfaces/msg/msg_collection__struct.h
[37.622s] -- Installing: /home/jiseongyoo/ros2_examples/install/interfaces/include/interfaces/msg/msg_collection__type_support.h
[37.623s] -- Up-to-date: /home/jiseongyoo/ros2_examples/install/interfaces/include/interfaces/msg/msg_collection1__functions.h
[37.623s] -- Up-to-date: /home/jiseongyoo/ros2_examples/install/interfaces/include/interfaces/msg/msg_collection1.h
[37.624s] -- Up-to-date: /home/jiseongyoo/ros2_examples/install/interfaces/include/interfaces/msg/msg_collection1__functions.c
[37.624s] -- Up-to-date: /home/jiseongyoo/ros2_examples/install/interfaces/include/interfaces/msg/msg_collection1__struct.h
[37.625s] -- Installing: /home/jiseongyoo/ros2_examples/install/interfaces/include/interfaces/action
[37.625s] -- Installing: /home/jiseongyoo/ros2_examples/install/interfaces/include/interfaces/action/action_collection__type_support.h
[37.626s] -- Installing: /home/jiseongyoo/ros2_examples/install/interfaces/include/interfaces/action/action_collection__functions.h
[37.626s] -- Installing: /home/jiseongyoo/ros2_examples/install/interfaces/include/interfaces/action/action_collection__struct.h
[37.627s] -- Installing: /home/jiseongyoo/ros2_examples/install/interfaces/include/interfaces/action/action_collection.h
[37.628s] -- Installing: /home/jiseongyoo/ros2_examples/install/interfaces/include/interfaces/action/action_collection__functions.c
[37.628s] -- Up-to-date: /home/jiseongyoo/ros2_examples/install/interfaces/include/interfaces/srv
[37.629s] -- Installing: /home/jiseongyoo/ros2_examples/install/interfaces/include/interfaces/srv/service_collection.h
[37.629s] -- Installing: /home/jiseongyoo/ros2_examples/install/interfaces/include/interfaces/srv/service_collection__functions.c
[37.630s] -- Installing: /home/jiseongyoo/ros2_examples/install/interfaces/include/interfaces/srv/service_collection__functions.h
[37.631s] -- Installing: /home/jiseongyoo/ros2_examples/install/interfaces/include/interfaces/srv/service_collection__type_support.h
[37.631s] -- Installing: /home/jiseongyoo/ros2_examples/install/interfaces/include/interfaces/srv/service_collection__struct.h
[37.632s] -- Installing: /home/jiseongyoo/ros2_examples/install/interfaces/lib/libinterfaces__rosidl_generator_c.so
[37.632s] -- Set runtime path of "/home/jiseongyoo/ros2_examples/install/interfaces/lib/libinterfaces__rosidl_generator_c.so" to ""
[37.633s] -- Up-to-date: /home/jiseongyoo/ros2_examples/install/interfaces/include/interfaces
[37.633s] -- Up-to-date: /home/jiseongyoo/ros2_examples/install/interfaces/include/interfaces/msg
[37.634s] -- Installing: /home/jiseongyoo/ros2_examples/install/interfaces/include/interfaces/msg/msg_collection__rosidl_typesupport_fastrtps_cpp.hpp
[37.635s] -- Up-to-date: /home/jiseongyoo/ros2_examples/install/interfaces/include/interfaces/msg/msg_collection1__rosidl_typesupport_fastrtps_cpp.hpp
[37.636s] -- Up-to-date: /home/jiseongyoo/ros2_examples/install/interfaces/include/interfaces/msg/dds_fastrtps
[37.637s] -- Up-to-date: /home/jiseongyoo/ros2_examples/install/interfaces/include/interfaces/msg/rosidl_typesupport_fastrtps_cpp__visibility_control.h
[37.637s] -- Up-to-date: /home/jiseongyoo/ros2_examples/install/interfaces/include/interfaces/action
[37.638s] -- Installing: /home/jiseongyoo/ros2_examples/install/interfaces/include/interfaces/action/dds_fastrtps
[37.639s] -- Installing: /home/jiseongyoo/ros2_examples/install/interfaces/include/interfaces/action/action_collection__rosidl_typesupport_fastrtps_cpp.hpp
[37.639s] -- Up-to-date: /home/jiseongyoo/ros2_examples/install/interfaces/include/interfaces/srv
[37.640s] -- Installing: /home/jiseongyoo/ros2_examples/install/interfaces/include/interfaces/srv/dds_fastrtps
[37.640s] -- Installing: /home/jiseongyoo/ros2_examples/install/interfaces/include/interfaces/srv/service_collection__rosidl_typesupport_fastrtps_cpp.hpp
[37.641s] -- Installing: /home/jiseongyoo/ros2_examples/install/interfaces/lib/libinterfaces__rosidl_typesupport_fastrtps_cpp.so
[37.642s] -- Set runtime path of "/home/jiseongyoo/ros2_examples/install/interfaces/lib/libinterfaces__rosidl_typesupport_fastrtps_cpp.so" to ""
[37.642s] -- Up-to-date: /home/jiseongyoo/ros2_examples/install/interfaces/include/interfaces
[37.643s] -- Up-to-date: /home/jiseongyoo/ros2_examples/install/interfaces/include/interfaces/msg
[37.643s] -- Up-to-date: /home/jiseongyoo/ros2_examples/install/interfaces/include/interfaces/msg/msg_collection1__struct.hpp
[37.644s] -- Installing: /home/jiseongyoo/ros2_examples/install/interfaces/include/interfaces/msg/msg_collection__struct.hpp
[37.645s] -- Up-to-date: /home/jiseongyoo/ros2_examples/install/interfaces/include/interfaces/msg/msg_collection1__traits.hpp
[37.646s] -- Up-to-date: /home/jiseongyoo/ros2_examples/install/interfaces/include/interfaces/msg/msg_collection1.hpp
[37.646s] -- Installing: /home/jiseongyoo/ros2_examples/install/interfaces/include/interfaces/msg/msg_collection.hpp
[37.647s] -- Installing: /home/jiseongyoo/ros2_examples/install/interfaces/include/interfaces/msg/msg_collection__traits.hpp
[37.648s] -- Up-to-date: /home/jiseongyoo/ros2_examples/install/interfaces/include/interfaces/action
[37.648s] -- Installing: /home/jiseongyoo/ros2_examples/install/interfaces/include/interfaces/action/action_collection.hpp
[37.649s] -- Installing: /home/jiseongyoo/ros2_examples/install/interfaces/include/interfaces/action/action_collection__struct.hpp
[37.649s] -- Installing: /home/jiseongyoo/ros2_examples/install/interfaces/include/interfaces/action/action_collection__traits.hpp
[37.650s] -- Up-to-date: /home/jiseongyoo/ros2_examples/install/interfaces/include/interfaces/srv
[37.651s] -- Installing: /home/jiseongyoo/ros2_examples/install/interfaces/include/interfaces/srv/service_collection__traits.hpp
[37.651s] -- Installing: /home/jiseongyoo/ros2_examples/install/interfaces/include/interfaces/srv/service_collection__struct.hpp
[37.652s] -- Installing: /home/jiseongyoo/ros2_examples/install/interfaces/include/interfaces/srv/service_collection.hpp
[37.652s] -- Up-to-date: /home/jiseongyoo/ros2_examples/install/interfaces/include/interfaces
[37.653s] -- Up-to-date: /home/jiseongyoo/ros2_examples/install/interfaces/include/interfaces/msg
[37.654s] -- Installing: /home/jiseongyoo/ros2_examples/install/interfaces/include/interfaces/msg/msg_collection__rosidl_typesupport_introspection_c.h
[37.654s] -- Up-to-date: /home/jiseongyoo/ros2_examples/install/interfaces/include/interfaces/msg/msg_collection1__type_support.c
[37.655s] -- Up-to-date: /home/jiseongyoo/ros2_examples/install/interfaces/include/interfaces/msg/rosidl_typesupport_introspection_c__visibility_control.h
[37.656s] -- Up-to-date: /home/jiseongyoo/ros2_examples/install/interfaces/include/interfaces/msg/msg_collection1__rosidl_typesupport_introspection_c.h
[37.658s] -- Installing: /home/jiseongyoo/ros2_examples/install/interfaces/include/interfaces/msg/msg_collection__type_support.c
[37.658s] -- Up-to-date: /home/jiseongyoo/ros2_examples/install/interfaces/include/interfaces/srv
[37.659s] -- Installing: /home/jiseongyoo/ros2_examples/install/interfaces/include/interfaces/srv/service_collection__type_support.c
[37.659s] -- Installing: /home/jiseongyoo/ros2_examples/install/interfaces/include/interfaces/srv/service_collection__rosidl_typesupport_introspection_c.h
[37.660s] -- Installing: /home/jiseongyoo/ros2_examples/install/interfaces/lib/libinterfaces__rosidl_typesupport_introspection_c.so
[37.660s] -- Set runtime path of "/home/jiseongyoo/ros2_examples/install/interfaces/lib/libinterfaces__rosidl_typesupport_introspection_c.so" to ""
[37.663s] -- Up-to-date: /home/jiseongyoo/ros2_examples/install/interfaces/include/interfaces
[37.664s] -- Up-to-date: /home/jiseongyoo/ros2_examples/install/interfaces/include/interfaces/msg
[37.665s] -- Up-to-date: /home/jiseongyoo/ros2_examples/install/interfaces/include/interfaces/msg/msg_collection1__type_support.cpp
[37.665s] -- Up-to-date: /home/jiseongyoo/ros2_examples/install/interfaces/include/interfaces/msg/msg_collection1__rosidl_typesupport_introspection_cpp.hpp
[37.665s] -- Installing: /home/jiseongyoo/ros2_examples/install/interfaces/include/interfaces/msg/msg_collection__rosidl_typesupport_introspection_cpp.hpp
[37.666s] -- Installing: /home/jiseongyoo/ros2_examples/install/interfaces/include/interfaces/msg/msg_collection__type_support.cpp
[37.666s] -- Up-to-date: /home/jiseongyoo/ros2_examples/install/interfaces/include/interfaces/srv
[37.667s] -- Installing: /home/jiseongyoo/ros2_examples/install/interfaces/include/interfaces/srv/service_collection__rosidl_typesupport_introspection_cpp.hpp
[37.667s] -- Installing: /home/jiseongyoo/ros2_examples/install/interfaces/include/interfaces/srv/service_collection__type_support.cpp
[37.668s] -- Installing: /home/jiseongyoo/ros2_examples/install/interfaces/lib/libinterfaces__rosidl_typesupport_introspection_cpp.so
[37.668s] -- Set runtime path of "/home/jiseongyoo/ros2_examples/install/interfaces/lib/libinterfaces__rosidl_typesupport_introspection_cpp.so" to ""
[37.669s] -- Up-to-date: /home/jiseongyoo/ros2_examples/install/interfaces/share/interfaces/environment/pythonpath.sh
[37.669s] -- Installing: /home/jiseongyoo/ros2_examples/install/interfaces/share/interfaces/environment/pythonpath.dsv
[37.669s] -- Installing: /home/jiseongyoo/ros2_examples/install/interfaces/lib/python3.6/site-packages/interfaces/__init__.py
[37.810s] Compiling '/home/jiseongyoo/ros2_examples/install/interfaces/lib/python3.6/site-packages/interfaces/__init__.py'...
[37.832s] -- Up-to-date: /home/jiseongyoo/ros2_examples/install/interfaces/lib/python3.6/site-packages/interfaces/msg
[37.834s] -- Up-to-date: /home/jiseongyoo/ros2_examples/install/interfaces/lib/python3.6/site-packages/interfaces/msg/_msg_collection1_s.c
[37.834s] -- Installing: /home/jiseongyoo/ros2_examples/install/interfaces/lib/python3.6/site-packages/interfaces/msg/_msg_collection.py
[37.835s] -- Installing: /home/jiseongyoo/ros2_examples/install/interfaces/lib/python3.6/site-packages/interfaces/msg/__init__.py
[37.836s] -- Up-to-date: /home/jiseongyoo/ros2_examples/install/interfaces/lib/python3.6/site-packages/interfaces/msg/_msg_collection1.py
[37.837s] -- Installing: /home/jiseongyoo/ros2_examples/install/interfaces/lib/python3.6/site-packages/interfaces/msg/_msg_collection_s.c
[37.838s] -- Installing: /home/jiseongyoo/ros2_examples/install/interfaces/lib/python3.6/site-packages/interfaces/srv
[37.839s] -- Installing: /home/jiseongyoo/ros2_examples/install/interfaces/lib/python3.6/site-packages/interfaces/srv/_service_collection_s.c
[37.840s] -- Installing: /home/jiseongyoo/ros2_examples/install/interfaces/lib/python3.6/site-packages/interfaces/srv/__init__.py
[37.841s] -- Installing: /home/jiseongyoo/ros2_examples/install/interfaces/lib/python3.6/site-packages/interfaces/srv/_service_collection.py
[37.844s] -- Installing: /home/jiseongyoo/ros2_examples/install/interfaces/lib/python3.6/site-packages/interfaces/interfaces_s__rosidl_typesupport_c.cpython-36m-x86_64-linux-gnu.so
[37.847s] -- Set runtime path of "/home/jiseongyoo/ros2_examples/install/interfaces/lib/python3.6/site-packages/interfaces/interfaces_s__rosidl_typesupport_c.cpython-36m-x86_64-linux-gnu.so" to ""
[37.848s] -- Installing: /home/jiseongyoo/ros2_examples/install/interfaces/lib/python3.6/site-packages/interfaces/interfaces_s__rosidl_typesupport_fastrtps_c.cpython-36m-x86_64-linux-gnu.so
[37.849s] -- Set runtime path of "/home/jiseongyoo/ros2_examples/install/interfaces/lib/python3.6/site-packages/interfaces/interfaces_s__rosidl_typesupport_fastrtps_c.cpython-36m-x86_64-linux-gnu.so" to ""
[37.850s] -- Installing: /home/jiseongyoo/ros2_examples/install/interfaces/lib/libinterfaces__python.so
[37.852s] -- Set runtime path of "/home/jiseongyoo/ros2_examples/install/interfaces/lib/libinterfaces__python.so" to ""
[37.853s] -- Up-to-date: /home/jiseongyoo/ros2_examples/install/interfaces/share/interfaces/msg/MsgCollection.idl
[37.854s] -- Installing: /home/jiseongyoo/ros2_examples/install/interfaces/share/interfaces/srv/ServiceCollection.idl
[37.854s] -- Up-to-date: /home/jiseongyoo/ros2_examples/install/interfaces/share/interfaces/msg/MsgCollection.msg
[37.855s] -- Installing: /home/jiseongyoo/ros2_examples/install/interfaces/share/interfaces/srv/ServiceCollection.srv
[37.856s] -- Installing: /home/jiseongyoo/ros2_examples/install/interfaces/share/interfaces/srv/ServiceCollection_Request.msg
[37.858s] -- Installing: /home/jiseongyoo/ros2_examples/install/interfaces/share/interfaces/srv/ServiceCollection_Response.msg
[37.859s] -- Up-to-date: /home/jiseongyoo/ros2_examples/install/interfaces/share/ament_index/resource_index/package_run_dependencies/interfaces
[37.860s] -- Up-to-date: /home/jiseongyoo/ros2_examples/install/interfaces/share/ament_index/resource_index/parent_prefix_path/interfaces
[37.860s] -- Up-to-date: /home/jiseongyoo/ros2_examples/install/interfaces/share/interfaces/environment/ament_prefix_path.sh
[37.861s] -- Installing: /home/jiseongyoo/ros2_examples/install/interfaces/share/interfaces/environment/ament_prefix_path.dsv
[37.861s] -- Up-to-date: /home/jiseongyoo/ros2_examples/install/interfaces/share/interfaces/environment/path.sh
[37.863s] -- Installing: /home/jiseongyoo/ros2_examples/install/interfaces/share/interfaces/environment/path.dsv
[37.863s] -- Up-to-date: /home/jiseongyoo/ros2_examples/install/interfaces/share/interfaces/local_setup.bash
[37.864s] -- Up-to-date: /home/jiseongyoo/ros2_examples/install/interfaces/share/interfaces/local_setup.sh
[37.864s] -- Up-to-date: /home/jiseongyoo/ros2_examples/install/interfaces/share/interfaces/local_setup.zsh
[37.865s] -- Installing: /home/jiseongyoo/ros2_examples/install/interfaces/share/interfaces/local_setup.dsv
[37.865s] -- Installing: /home/jiseongyoo/ros2_examples/install/interfaces/share/interfaces/package.dsv
[37.866s] -- Up-to-date: /home/jiseongyoo/ros2_examples/install/interfaces/share/ament_index/resource_index/packages/interfaces
[37.866s] -- Installing: /home/jiseongyoo/ros2_examples/install/interfaces/share/interfaces/cmake/rosidl_cmake-extras.cmake
[37.867s] -- Up-to-date: /home/jiseongyoo/ros2_examples/install/interfaces/share/interfaces/cmake/ament_cmake_export_libraries-extras.cmake
[37.868s] -- Up-to-date: /home/jiseongyoo/ros2_examples/install/interfaces/share/interfaces/cmake/ament_cmake_export_include_directories-extras.cmake
[37.868s] -- Installing: /home/jiseongyoo/ros2_examples/install/interfaces/share/interfaces/cmake/interfacesConfig.cmake
[37.869s] -- Up-to-date: /home/jiseongyoo/ros2_examples/install/interfaces/share/interfaces/cmake/interfacesConfig-version.cmake
[37.869s] -- Up-to-date: /home/jiseongyoo/ros2_examples/install/interfaces/share/interfaces/package.xml
[37.882s] Invoked command in '/home/jiseongyoo/ros2_examples/build/interfaces' returned '0': CMAKE_PREFIX_PATH=/opt/ros/eloquent /usr/bin/cmake --build /home/jiseongyoo/ros2_examples/build/interfaces --target install -- -j2 -l2
