[0.196s] -- Found ament_cmake: 0.8.2 (/opt/ros/eloquent/share/ament_cmake/cmake)
[0.302s] -- Using PYTHON_EXECUTABLE: /usr/bin/python3
[1.099s] -- Found rclcpp: 0.8.4 (/opt/ros/eloquent/share/rclcpp/cmake)
[1.156s] -- Found rosidl_adapter: 0.8.2 (/opt/ros/eloquent/share/rosidl_adapter/cmake)
[1.300s] -- Found rmw_implementation_cmake: 0.8.1 (/opt/ros/eloquent/share/rmw_implementation_cmake/cmake)
[1.307s] -- Using RMW implementation 'rmw_fastrtps_cpp' as default
[1.495s] -- Found ament_lint_auto: 0.8.1 (/opt/ros/eloquent/share/ament_lint_auto/cmake)
[1.775s] -- Added test 'copyright' to check for copyright in CMake / C / C++ / Python code
[1.780s] -- Added test 'cppcheck' to perform static code analysis on C / C++ code
[1.781s] -- Configured cppcheck include dirs: 
[1.785s] -- Added test 'cpplint' to check C / C++ code against the Google style
[1.789s] -- Added test 'lint_cmake' to check CMake code style
[1.793s] -- Added test 'uncrustify' to check C / C++ code style
[1.796s] -- Added test 'xmllint' to check XML markup files
[1.804s] -- Configuring done
[1.852s] -- Generating done
[1.860s] -- Build files have been written to: /home/jiseongyoo/ros2_examples/build/pub_sub_cpp_template
[2.013s] [ 50%] [32m[1mLinking CXX executable pub_cpp_template[0m
[2.764s] CMakeFiles/pub_cpp_template.dir/build.make:129: recipe for target 'pub_cpp_template' failed
[2.765s] CMakeFiles/Makefile2:131: recipe for target 'CMakeFiles/pub_cpp_template.dir/all' failed
[2.765s] Makefile:140: recipe for target 'all' failed
