[4.718s] In file included from [01m[K/opt/ros/eloquent/include/rclcpp/client.hpp:39:0[m[K,
[4.724s]                  from [01m[K/opt/ros/eloquent/include/rclcpp/callback_group.hpp:23[m[K,
[4.729s]                  from [01m[K/opt/ros/eloquent/include/rclcpp/any_executable.hpp:20[m[K,
[4.730s]                  from [01m[K/opt/ros/eloquent/include/rclcpp/memory_strategy.hpp:24[m[K,
[4.730s]                  from [01m[K/opt/ros/eloquent/include/rclcpp/memory_strategies.hpp:18[m[K,
[4.731s]                  from [01m[K/opt/ros/eloquent/include/rclcpp/executor.hpp:33[m[K,
[4.731s]                  from [01m[K/opt/ros/eloquent/include/rclcpp/executors/multi_threaded_executor.hpp:25[m[K,
[4.732s]                  from [01m[K/opt/ros/eloquent/include/rclcpp/executors.hpp:21[m[K,
[4.732s]                  from [01m[K/opt/ros/eloquent/include/rclcpp/rclcpp.hpp:145[m[K,
[4.733s]                  from [01m[K/home/jiseongyoo/ros2_examples/src/param_cpp_example/src/param_client_cpp_example.cpp:12[m[K:
[4.733s] [01m[K/home/jiseongyoo/ros2_examples/src/param_cpp_example/src/param_client_cpp_example.cpp:[m[K In member function ‘[01m[Kvoid ParameterClientExample::parameters_set(T)[m[K’:
[4.733s] [01m[K/home/jiseongyoo/ros2_examples/src/param_cpp_example/src/param_client_cpp_example.cpp:45:46:[m[K [01;31m[Kerror: [m[K‘[01m[Kparam[m[K’ was not declared in this scope
[4.736s]            parameter_client_->get_parameters({[01;31m[Kp[m[Karam[i]})[0].get_name().c_str(),
[4.737s]                                               [01;31m[K^[m[K
[4.738s] [01m[K/opt/ros/eloquent/include/rcutils/logging_macros.h:72:64:[m[K [01;36m[Knote: [m[Kin definition of macro ‘[01m[KRCUTILS_LOG_COND_NAMED[m[K’
[4.739s]        rcutils_log(&__rcutils_logging_location, severity, name, [01;36m[K__VA_ARGS__[m[K); \
[4.739s]                                                                 [01;36m[K^~~~~~~~~~~[m[K
[4.740s] [01m[K/opt/ros/eloquent/include/rclcpp/logging.hpp:1425:5:[m[K [01;36m[Knote: [m[Kin expansion of macro ‘[01m[KRCUTILS_LOG_ERROR_NAMED[m[K’
[4.740s]      [01;36m[KRCUTILS_LOG_ERROR_NAMED[m[K( \
[4.741s]      [01;36m[K^~~~~~~~~~~~~~~~~~~~~~~[m[K
[4.741s] [01m[K/opt/ros/eloquent/include/rclcpp/logging.hpp:1428:9:[m[K [01;36m[Knote: [m[Kin expansion of macro ‘[01m[KRCLCPP_ALL_BUT_FIRST_ARGS[m[K’
[4.741s]          [01;36m[KRCLCPP_ALL_BUT_FIRST_ARGS[m[K(__VA_ARGS__,"")); \
[4.742s]          [01;36m[K^~~~~~~~~~~~~~~~~~~~~~~~~[m[K
[4.742s] [01m[K/home/jiseongyoo/ros2_examples/src/param_cpp_example/src/param_client_cpp_example.cpp:44:9:[m[K [01;36m[Knote: [m[Kin expansion of macro ‘[01m[KRCLCPP_ERROR[m[K’
[4.743s]          [01;36m[KRCLCPP_ERROR[m[K(this->get_logger(), "Failed to set '%s': %s",
[4.743s]          [01;36m[K^~~~~~~~~~~~[m[K
[4.744s] [01m[K/home/jiseongyoo/ros2_examples/src/param_cpp_example/src/param_client_cpp_example.cpp:45:55:[m[K [01;31m[Kerror: [m[Kno matching function for call to ‘[01m[Krclcpp::SyncParametersClient::get_parameters(<brace-enclosed initializer list>)[m[K’
[4.744s]            parameter_client_->get_parameters({param[i]}[01;31m[K)[m[K[0].get_name().c_str(),
[4.745s]                                                        [01;31m[K^[m[K
[4.745s] [01m[K/opt/ros/eloquent/include/rcutils/logging_macros.h:72:64:[m[K [01;36m[Knote: [m[Kin definition of macro ‘[01m[KRCUTILS_LOG_COND_NAMED[m[K’
[4.746s]        rcutils_log(&__rcutils_logging_location, severity, name, [01;36m[K__VA_ARGS__[m[K); \
[4.746s]                                                                 [01;36m[K^~~~~~~~~~~[m[K
[4.747s] [01m[K/opt/ros/eloquent/include/rclcpp/logging.hpp:1425:5:[m[K [01;36m[Knote: [m[Kin expansion of macro ‘[01m[KRCUTILS_LOG_ERROR_NAMED[m[K’
[4.747s]      [01;36m[KRCUTILS_LOG_ERROR_NAMED[m[K( \
[4.748s]      [01;36m[K^~~~~~~~~~~~~~~~~~~~~~~[m[K
[4.748s] [01m[K/opt/ros/eloquent/include/rclcpp/logging.hpp:1428:9:[m[K [01;36m[Knote: [m[Kin expansion of macro ‘[01m[KRCLCPP_ALL_BUT_FIRST_ARGS[m[K’
[4.749s]          [01;36m[KRCLCPP_ALL_BUT_FIRST_ARGS[m[K(__VA_ARGS__,"")); \
[4.749s]          [01;36m[K^~~~~~~~~~~~~~~~~~~~~~~~~[m[K
[4.750s] [01m[K/home/jiseongyoo/ros2_examples/src/param_cpp_example/src/param_client_cpp_example.cpp:44:9:[m[K [01;36m[Knote: [m[Kin expansion of macro ‘[01m[KRCLCPP_ERROR[m[K’
[4.750s]          [01;36m[KRCLCPP_ERROR[m[K(this->get_logger(), "Failed to set '%s': %s",
[4.750s]          [01;36m[K^~~~~~~~~~~~[m[K
[4.751s] In file included from [01m[K/opt/ros/eloquent/include/rclcpp/rclcpp.hpp:149:0[m[K,
[4.751s]                  from [01m[K/home/jiseongyoo/ros2_examples/src/param_cpp_example/src/param_client_cpp_example.cpp:12[m[K:
[4.752s] [01m[K/opt/ros/eloquent/include/rclcpp/parameter_client.hpp:238:3:[m[K [01;36m[Knote: [m[Kcandidate: std::vector<rclcpp::Parameter> rclcpp::SyncParametersClient::get_parameters(const std::vector<std::__cxx11::basic_string<char> >&)
[4.752s]    [01;36m[Kget_parameters[m[K(const std::vector<std::string> & parameter_names);
[4.753s]    [01;36m[K^~~~~~~~~~~~~~[m[K
[4.753s] [01m[K/opt/ros/eloquent/include/rclcpp/parameter_client.hpp:238:3:[m[K [01;36m[Knote: [m[K  no known conversion for argument 1 from ‘[01m[K<brace-enclosed initializer list>[m[K’ to ‘[01m[Kconst std::vector<std::__cxx11::basic_string<char> >&[m[K’
[4.754s] In file included from [01m[K/opt/ros/eloquent/include/rclcpp/client.hpp:39:0[m[K,
[4.754s]                  from [01m[K/opt/ros/eloquent/include/rclcpp/callback_group.hpp:23[m[K,
[4.754s]                  from [01m[K/opt/ros/eloquent/include/rclcpp/any_executable.hpp:20[m[K,
[4.755s]                  from [01m[K/opt/ros/eloquent/include/rclcpp/memory_strategy.hpp:24[m[K,
[4.755s]                  from [01m[K/opt/ros/eloquent/include/rclcpp/memory_strategies.hpp:18[m[K,
[4.756s]                  from [01m[K/opt/ros/eloquent/include/rclcpp/executor.hpp:33[m[K,
[4.756s]                  from [01m[K/opt/ros/eloquent/include/rclcpp/executors/multi_threaded_executor.hpp:25[m[K,
[4.757s]                  from [01m[K/opt/ros/eloquent/include/rclcpp/executors.hpp:21[m[K,
[4.757s]                  from [01m[K/opt/ros/eloquent/include/rclcpp/rclcpp.hpp:145[m[K,
[4.758s]                  from [01m[K/home/jiseongyoo/ros2_examples/src/param_cpp_example/src/param_client_cpp_example.cpp:12[m[K:
[4.758s] [01m[K/home/jiseongyoo/ros2_examples/src/param_cpp_example/src/param_client_cpp_example.cpp:50:48:[m[K [01;31m[Kerror: [m[K‘[01m[Kparam[m[K’ was not declared in this scope
[4.758s]              parameter_client_->get_parameters({[01;31m[Kp[m[Karam[i]})[0].get_name().c_str(),
[4.759s]                                                 [01;31m[K^[m[K
[4.759s] [01m[K/opt/ros/eloquent/include/rcutils/logging_macros.h:72:64:[m[K [01;36m[Knote: [m[Kin definition of macro ‘[01m[KRCUTILS_LOG_COND_NAMED[m[K’
[4.760s]        rcutils_log(&__rcutils_logging_location, severity, name, [01;36m[K__VA_ARGS__[m[K); \
[4.760s]                                                                 [01;36m[K^~~~~~~~~~~[m[K
[4.761s] [01m[K/opt/ros/eloquent/include/rclcpp/logging.hpp:541:5:[m[K [01;36m[Knote: [m[Kin expansion of macro ‘[01m[KRCUTILS_LOG_INFO_NAMED[m[K’
[4.761s]      [01;36m[KRCUTILS_LOG_INFO_NAMED[m[K( \
[4.761s]      [01;36m[K^~~~~~~~~~~~~~~~~~~~~~[m[K
[4.762s] [01m[K/opt/ros/eloquent/include/rclcpp/logging.hpp:544:9:[m[K [01;36m[Knote: [m[Kin expansion of macro ‘[01m[KRCLCPP_ALL_BUT_FIRST_ARGS[m[K’
[4.762s]          [01;36m[KRCLCPP_ALL_BUT_FIRST_ARGS[m[K(__VA_ARGS__,"")); \
[4.763s]          [01;36m[K^~~~~~~~~~~~~~~~~~~~~~~~~[m[K
[4.763s] [01m[K/home/jiseongyoo/ros2_examples/src/param_cpp_example/src/param_client_cpp_example.cpp:49:9:[m[K [01;36m[Knote: [m[Kin expansion of macro ‘[01m[KRCLCPP_INFO[m[K’
[4.764s]          [01;36m[KRCLCPP_INFO[m[K(this->get_logger(), "Successed to set '%s' : %s",
[4.764s]          [01;36m[K^~~~~~~~~~~[m[K
[4.765s] [01m[K/home/jiseongyoo/ros2_examples/src/param_cpp_example/src/param_client_cpp_example.cpp:50:57:[m[K [01;31m[Kerror: [m[Kno matching function for call to ‘[01m[Krclcpp::SyncParametersClient::get_parameters(<brace-enclosed initializer list>)[m[K’
[4.765s]              parameter_client_->get_parameters({param[i]}[01;31m[K)[m[K[0].get_name().c_str(),
[4.766s]                                                          [01;31m[K^[m[K
[4.766s] [01m[K/opt/ros/eloquent/include/rcutils/logging_macros.h:72:64:[m[K [01;36m[Knote: [m[Kin definition of macro ‘[01m[KRCUTILS_LOG_COND_NAMED[m[K’
[4.766s]        rcutils_log(&__rcutils_logging_location, severity, name, [01;36m[K__VA_ARGS__[m[K); \
[4.767s]                                                                 [01;36m[K^~~~~~~~~~~[m[K
[4.767s] [01m[K/opt/ros/eloquent/include/rclcpp/logging.hpp:541:5:[m[K [01;36m[Knote: [m[Kin expansion of macro ‘[01m[KRCUTILS_LOG_INFO_NAMED[m[K’
[4.768s]      [01;36m[KRCUTILS_LOG_INFO_NAMED[m[K( \
[4.768s]      [01;36m[K^~~~~~~~~~~~~~~~~~~~~~[m[K
[4.769s] [01m[K/opt/ros/eloquent/include/rclcpp/logging.hpp:544:9:[m[K [01;36m[Knote: [m[Kin expansion of macro ‘[01m[KRCLCPP_ALL_BUT_FIRST_ARGS[m[K’
[4.769s]          [01;36m[KRCLCPP_ALL_BUT_FIRST_ARGS[m[K(__VA_ARGS__,"")); \
[4.770s]          [01;36m[K^~~~~~~~~~~~~~~~~~~~~~~~~[m[K
[4.770s] [01m[K/home/jiseongyoo/ros2_examples/src/param_cpp_example/src/param_client_cpp_example.cpp:49:9:[m[K [01;36m[Knote: [m[Kin expansion of macro ‘[01m[KRCLCPP_INFO[m[K’
[4.770s]          [01;36m[KRCLCPP_INFO[m[K(this->get_logger(), "Successed to set '%s' : %s",
[4.771s]          [01;36m[K^~~~~~~~~~~[m[K
[4.771s] In file included from [01m[K/opt/ros/eloquent/include/rclcpp/rclcpp.hpp:149:0[m[K,
[4.772s]                  from [01m[K/home/jiseongyoo/ros2_examples/src/param_cpp_example/src/param_client_cpp_example.cpp:12[m[K:
[4.772s] [01m[K/opt/ros/eloquent/include/rclcpp/parameter_client.hpp:238:3:[m[K [01;36m[Knote: [m[Kcandidate: std::vector<rclcpp::Parameter> rclcpp::SyncParametersClient::get_parameters(const std::vector<std::__cxx11::basic_string<char> >&)
[4.773s]    [01;36m[Kget_parameters[m[K(const std::vector<std::string> & parameter_names);
[4.773s]    [01;36m[K^~~~~~~~~~~~~~[m[K
[4.774s] [01m[K/opt/ros/eloquent/include/rclcpp/parameter_client.hpp:238:3:[m[K [01;36m[Knote: [m[K  no known conversion for argument 1 from ‘[01m[K<brace-enclosed initializer list>[m[K’ to ‘[01m[Kconst std::vector<std::__cxx11::basic_string<char> >&[m[K’
[4.774s] In file included from [01m[K/opt/ros/eloquent/include/rclcpp/client.hpp:39:0[m[K,
[4.774s]                  from [01m[K/opt/ros/eloquent/include/rclcpp/callback_group.hpp:23[m[K,
[4.775s]                  from [01m[K/opt/ros/eloquent/include/rclcpp/any_executable.hpp:20[m[K,
[4.775s]                  from [01m[K/opt/ros/eloquent/include/rclcpp/memory_strategy.hpp:24[m[K,
[4.776s]                  from [01m[K/opt/ros/eloquent/include/rclcpp/memory_strategies.hpp:18[m[K,
[4.776s]                  from [01m[K/opt/ros/eloquent/include/rclcpp/executor.hpp:33[m[K,
[4.777s]                  from [01m[K/opt/ros/eloquent/include/rclcpp/executors/multi_threaded_executor.hpp:25[m[K,
[4.777s]                  from [01m[K/opt/ros/eloquent/include/rclcpp/executors.hpp:21[m[K,
[4.777s]                  from [01m[K/opt/ros/eloquent/include/rclcpp/rclcpp.hpp:145[m[K,
[4.778s]                  from [01m[K/home/jiseongyoo/ros2_examples/src/param_cpp_example/src/param_client_cpp_example.cpp:12[m[K:
[4.778s] [01m[K/home/jiseongyoo/ros2_examples/src/param_cpp_example/src/param_client_cpp_example.cpp:51:57:[m[K [01;31m[Kerror: [m[Kno matching function for call to ‘[01m[Krclcpp::SyncParametersClient::get_parameters(<brace-enclosed initializer list>)[m[K’
[4.779s]              parameter_client_->get_parameters({param[i]}[01;31m[K)[m[K[0].value_to_string().c_str());
[4.779s]                                                          [01;31m[K^[m[K
[4.780s] [01m[K/opt/ros/eloquent/include/rcutils/logging_macros.h:72:64:[m[K [01;36m[Knote: [m[Kin definition of macro ‘[01m[KRCUTILS_LOG_COND_NAMED[m[K’
[4.780s]        rcutils_log(&__rcutils_logging_location, severity, name, [01;36m[K__VA_ARGS__[m[K); \
[4.781s]                                                                 [01;36m[K^~~~~~~~~~~[m[K
[4.781s] [01m[K/opt/ros/eloquent/include/rclcpp/logging.hpp:541:5:[m[K [01;36m[Knote: [m[Kin expansion of macro ‘[01m[KRCUTILS_LOG_INFO_NAMED[m[K’
[4.782s]      [01;36m[KRCUTILS_LOG_INFO_NAMED[m[K( \
[4.782s]      [01;36m[K^~~~~~~~~~~~~~~~~~~~~~[m[K
[4.782s] [01m[K/opt/ros/eloquent/include/rclcpp/logging.hpp:544:9:[m[K [01;36m[Knote: [m[Kin expansion of macro ‘[01m[KRCLCPP_ALL_BUT_FIRST_ARGS[m[K’
[4.783s]          [01;36m[KRCLCPP_ALL_BUT_FIRST_ARGS[m[K(__VA_ARGS__,"")); \
[4.783s]          [01;36m[K^~~~~~~~~~~~~~~~~~~~~~~~~[m[K
[4.784s] [01m[K/home/jiseongyoo/ros2_examples/src/param_cpp_example/src/param_client_cpp_example.cpp:49:9:[m[K [01;36m[Knote: [m[Kin expansion of macro ‘[01m[KRCLCPP_INFO[m[K’
[4.784s]          [01;36m[KRCLCPP_INFO[m[K(this->get_logger(), "Successed to set '%s' : %s",
[4.785s]          [01;36m[K^~~~~~~~~~~[m[K
[4.785s] In file included from [01m[K/opt/ros/eloquent/include/rclcpp/rclcpp.hpp:149:0[m[K,
[4.786s]                  from [01m[K/home/jiseongyoo/ros2_examples/src/param_cpp_example/src/param_client_cpp_example.cpp:12[m[K:
[4.786s] [01m[K/opt/ros/eloquent/include/rclcpp/parameter_client.hpp:238:3:[m[K [01;36m[Knote: [m[Kcandidate: std::vector<rclcpp::Parameter> rclcpp::SyncParametersClient::get_parameters(const std::vector<std::__cxx11::basic_string<char> >&)
[4.786s]    [01;36m[Kget_parameters[m[K(const std::vector<std::string> & parameter_names);
[4.788s]    [01;36m[K^~~~~~~~~~~~~~[m[K
[4.788s] [01m[K/opt/ros/eloquent/include/rclcpp/parameter_client.hpp:238:3:[m[K [01;36m[Knote: [m[K  no known conversion for argument 1 from ‘[01m[K<brace-enclosed initializer list>[m[K’ to ‘[01m[Kconst std::vector<std::__cxx11::basic_string<char> >&[m[K’
[5.598s] make[2]: *** [CMakeFiles/param_client_cpp.dir/src/param_client_cpp_example.cpp.o] Error 1
[5.602s] make[1]: *** [CMakeFiles/param_client_cpp.dir/all] Error 2
[5.605s] make: *** [all] Error 2
