[0.189s] -- Found ament_cmake: 0.8.2 (/opt/ros/eloquent/share/ament_cmake/cmake)
[0.310s] -- Using PYTHON_EXECUTABLE: /usr/bin/python3
[1.088s] -- Found rclcpp: 0.8.4 (/opt/ros/eloquent/share/rclcpp/cmake)
[1.136s] -- Found rosidl_adapter: 0.8.2 (/opt/ros/eloquent/share/rosidl_adapter/cmake)
[1.277s] -- Found rmw_implementation_cmake: 0.8.1 (/opt/ros/eloquent/share/rmw_implementation_cmake/cmake)
[1.282s] -- Using RMW implementation 'rmw_fastrtps_cpp' as default
[1.408s] -- Found ament_lint_auto: 0.8.1 (/opt/ros/eloquent/share/ament_lint_auto/cmake)
[1.681s] -- Added test 'copyright' to check for copyright in CMake / C / C++ / Python code
[1.685s] -- Added test 'cppcheck' to perform static code analysis on C / C++ code
[1.685s] -- Configured cppcheck include dirs: 
[1.688s] -- Added test 'cpplint' to check C / C++ code against the Google style
[1.691s] -- Added test 'lint_cmake' to check CMake code style
[1.693s] -- Added test 'uncrustify' to check C / C++ code style
[1.695s] -- Added test 'xmllint' to check XML markup files
[1.701s] -- Configuring done
[1.711s] -- Generating done
[1.719s] -- Build files have been written to: /home/jiseongyoo/ros2_examples/build/pub_sub_cpp_template
[2.170s] [36mInstall the project...[0m
[2.212s] -- Install configuration: ""
[2.214s] -- Up-to-date: /home/jiseongyoo/ros2_examples/install/pub_sub_cpp_template/share/ament_index/resource_index/package_run_dependencies/pub_sub_cpp_template
[2.216s] -- Up-to-date: /home/jiseongyoo/ros2_examples/install/pub_sub_cpp_template/share/ament_index/resource_index/parent_prefix_path/pub_sub_cpp_template
[2.217s] -- Up-to-date: /home/jiseongyoo/ros2_examples/install/pub_sub_cpp_template/share/pub_sub_cpp_template/environment/ament_prefix_path.sh
[2.218s] -- Installing: /home/jiseongyoo/ros2_examples/install/pub_sub_cpp_template/share/pub_sub_cpp_template/environment/ament_prefix_path.dsv
[2.222s] -- Up-to-date: /home/jiseongyoo/ros2_examples/install/pub_sub_cpp_template/share/pub_sub_cpp_template/environment/path.sh
[2.224s] -- Installing: /home/jiseongyoo/ros2_examples/install/pub_sub_cpp_template/share/pub_sub_cpp_template/environment/path.dsv
[2.226s] -- Up-to-date: /home/jiseongyoo/ros2_examples/install/pub_sub_cpp_template/share/pub_sub_cpp_template/local_setup.bash
[2.227s] -- Up-to-date: /home/jiseongyoo/ros2_examples/install/pub_sub_cpp_template/share/pub_sub_cpp_template/local_setup.sh
[2.229s] -- Up-to-date: /home/jiseongyoo/ros2_examples/install/pub_sub_cpp_template/share/pub_sub_cpp_template/local_setup.zsh
[2.230s] -- Installing: /home/jiseongyoo/ros2_examples/install/pub_sub_cpp_template/share/pub_sub_cpp_template/local_setup.dsv
[2.233s] -- Installing: /home/jiseongyoo/ros2_examples/install/pub_sub_cpp_template/share/pub_sub_cpp_template/package.dsv
[2.235s] -- Up-to-date: /home/jiseongyoo/ros2_examples/install/pub_sub_cpp_template/share/ament_index/resource_index/packages/pub_sub_cpp_template
[2.236s] -- Up-to-date: /home/jiseongyoo/ros2_examples/install/pub_sub_cpp_template/share/pub_sub_cpp_template/cmake/pub_sub_cpp_templateConfig.cmake
[2.237s] -- Up-to-date: /home/jiseongyoo/ros2_examples/install/pub_sub_cpp_template/share/pub_sub_cpp_template/cmake/pub_sub_cpp_templateConfig-version.cmake
[2.238s] -- Up-to-date: /home/jiseongyoo/ros2_examples/install/pub_sub_cpp_template/share/pub_sub_cpp_template/package.xml
