[0.204s] -- Found ament_cmake: 0.8.2 (/opt/ros/eloquent/share/ament_cmake/cmake)
[0.324s] -- Using PYTHON_EXECUTABLE: /usr/bin/python3
[1.164s] -- Found rclcpp: 0.8.4 (/opt/ros/eloquent/share/rclcpp/cmake)
[1.220s] -- Found rosidl_adapter: 0.8.2 (/opt/ros/eloquent/share/rosidl_adapter/cmake)
[1.404s] -- Found rmw_implementation_cmake: 0.8.1 (/opt/ros/eloquent/share/rmw_implementation_cmake/cmake)
[1.419s] -- Using RMW implementation 'rmw_fastrtps_cpp' as default
[1.610s] -- Found std_msgs: 0.8.1 (/opt/ros/eloquent/share/std_msgs/cmake)
[1.723s] -- Found ament_lint_auto: 0.8.1 (/opt/ros/eloquent/share/ament_lint_auto/cmake)
[2.024s] -- Added test 'copyright' to check for copyright in CMake / C / C++ / Python code
[2.026s] -- Added test 'cppcheck' to perform static code analysis on C / C++ code
[2.027s] -- Configured cppcheck include dirs: 
[2.030s] -- Added test 'cpplint' to check C / C++ code against the Google style
[2.032s] -- Added test 'lint_cmake' to check CMake code style
[2.036s] -- Added test 'uncrustify' to check C / C++ code style
[2.037s] -- Added test 'xmllint' to check XML markup files
[2.044s] -- Configuring done
[2.121s] -- Generating done
[2.128s] -- Build files have been written to: /home/jiseongyoo/ros2_examples/build/pub_sub_cpp_template
[2.302s] [ 50%] [32m[1mLinking CXX executable pub_cpp_template[0m
[3.139s] CMakeFiles/pub_cpp_template.dir/build.make:136: recipe for target 'pub_cpp_template' failed
[3.149s] CMakeFiles/Makefile2:131: recipe for target 'CMakeFiles/pub_cpp_template.dir/all' failed
[3.151s] Makefile:140: recipe for target 'all' failed
