[0.091s] Invoking command in '/home/jiseongyoo/ros2_examples/build/service_cpp_example': CMAKE_PREFIX_PATH=/home/jiseongyoo/ros2_examples/install/interfaces:/home/jiseongyoo/ros2_examples/install/pubsub_cpp_template:/home/jiseongyoo/ros2_examples/install/pubsub_cpp_example:/home/jiseongyoo/ros2_examples/install/pub_sub_cpp_template:/home/jiseongyoo/ros2_examples/install/cpp_pubsub:/opt/ros/eloquent /usr/bin/cmake --build /home/jiseongyoo/ros2_examples/build/service_cpp_example -- -j2 -l2
[0.285s] [35m[1mScanning dependencies of target service_server_cpp[0m
[0.374s] [ 50%] Built target service_client_cpp
[0.409s] [ 75%] [32mBuilding CXX object CMakeFiles/service_server_cpp.dir/src/service_server_cpp_example.cpp.o[0m
[6.505s] [100%] [32m[1mLinking CXX executable service_server_cpp[0m
[7.199s] [100%] Built target service_server_cpp
[7.249s] Invoked command in '/home/jiseongyoo/ros2_examples/build/service_cpp_example' returned '0': CMAKE_PREFIX_PATH=/home/jiseongyoo/ros2_examples/install/interfaces:/home/jiseongyoo/ros2_examples/install/pubsub_cpp_template:/home/jiseongyoo/ros2_examples/install/pubsub_cpp_example:/home/jiseongyoo/ros2_examples/install/pub_sub_cpp_template:/home/jiseongyoo/ros2_examples/install/cpp_pubsub:/opt/ros/eloquent /usr/bin/cmake --build /home/jiseongyoo/ros2_examples/build/service_cpp_example -- -j2 -l2
[7.452s] Invoking command in '/home/jiseongyoo/ros2_examples/build/service_cpp_example': CMAKE_PREFIX_PATH=/home/jiseongyoo/ros2_examples/install/interfaces:/home/jiseongyoo/ros2_examples/install/pubsub_cpp_template:/home/jiseongyoo/ros2_examples/install/pubsub_cpp_example:/home/jiseongyoo/ros2_examples/install/pub_sub_cpp_template:/home/jiseongyoo/ros2_examples/install/cpp_pubsub:/opt/ros/eloquent /usr/bin/cmake --build /home/jiseongyoo/ros2_examples/build/service_cpp_example --target install -- -j2 -l2
[7.714s] [ 50%] Built target service_client_cpp
[7.734s] [100%] Built target service_server_cpp
[7.824s] [36mInstall the project...[0m
[7.861s] -- Install configuration: ""
[7.864s] -- Installing: /home/jiseongyoo/ros2_examples/install/service_cpp_example/lib/service_cpp_example/service_server_cpp
[7.871s] -- Set runtime path of "/home/jiseongyoo/ros2_examples/install/service_cpp_example/lib/service_cpp_example/service_server_cpp" to ""
[7.873s] -- Up-to-date: /home/jiseongyoo/ros2_examples/install/service_cpp_example/lib/service_cpp_example/service_client_cpp
[7.875s] -- Up-to-date: /home/jiseongyoo/ros2_examples/install/service_cpp_example/share/ament_index/resource_index/package_run_dependencies/service_cpp_example
[7.877s] -- Up-to-date: /home/jiseongyoo/ros2_examples/install/service_cpp_example/share/ament_index/resource_index/parent_prefix_path/service_cpp_example
[7.878s] -- Up-to-date: /home/jiseongyoo/ros2_examples/install/service_cpp_example/share/service_cpp_example/environment/ament_prefix_path.sh
[7.879s] -- Up-to-date: /home/jiseongyoo/ros2_examples/install/service_cpp_example/share/service_cpp_example/environment/ament_prefix_path.dsv
[7.880s] -- Up-to-date: /home/jiseongyoo/ros2_examples/install/service_cpp_example/share/service_cpp_example/environment/path.sh
[7.880s] -- Up-to-date: /home/jiseongyoo/ros2_examples/install/service_cpp_example/share/service_cpp_example/environment/path.dsv
[7.881s] -- Up-to-date: /home/jiseongyoo/ros2_examples/install/service_cpp_example/share/service_cpp_example/local_setup.bash
[7.882s] -- Up-to-date: /home/jiseongyoo/ros2_examples/install/service_cpp_example/share/service_cpp_example/local_setup.sh
[7.882s] -- Up-to-date: /home/jiseongyoo/ros2_examples/install/service_cpp_example/share/service_cpp_example/local_setup.zsh
[7.883s] -- Up-to-date: /home/jiseongyoo/ros2_examples/install/service_cpp_example/share/service_cpp_example/local_setup.dsv
[7.884s] -- Installing: /home/jiseongyoo/ros2_examples/install/service_cpp_example/share/service_cpp_example/package.dsv
[7.884s] -- Up-to-date: /home/jiseongyoo/ros2_examples/install/service_cpp_example/share/ament_index/resource_index/packages/service_cpp_example
[7.885s] -- Up-to-date: /home/jiseongyoo/ros2_examples/install/service_cpp_example/share/service_cpp_example/cmake/service_cpp_exampleConfig.cmake
[7.886s] -- Up-to-date: /home/jiseongyoo/ros2_examples/install/service_cpp_example/share/service_cpp_example/cmake/service_cpp_exampleConfig-version.cmake
[7.886s] -- Up-to-date: /home/jiseongyoo/ros2_examples/install/service_cpp_example/share/service_cpp_example/package.xml
[7.905s] Invoked command in '/home/jiseongyoo/ros2_examples/build/service_cpp_example' returned '0': CMAKE_PREFIX_PATH=/home/jiseongyoo/ros2_examples/install/interfaces:/home/jiseongyoo/ros2_examples/install/pubsub_cpp_template:/home/jiseongyoo/ros2_examples/install/pubsub_cpp_example:/home/jiseongyoo/ros2_examples/install/pub_sub_cpp_template:/home/jiseongyoo/ros2_examples/install/cpp_pubsub:/opt/ros/eloquent /usr/bin/cmake --build /home/jiseongyoo/ros2_examples/build/service_cpp_example --target install -- -j2 -l2
