[11.870s] In file included from [01m[K/home/jiseongyoo/ros2_examples/build/interfaces/rosidl_generator_c/interfaces/action/action_collection__functions.h:19:0[m[K,
[11.871s]                  from [01m[K/home/jiseongyoo/ros2_examples/build/interfaces/rosidl_generator_c/interfaces/action/action_collection__functions.c:4[m[K:
[11.871s] [01m[K/home/jiseongyoo/ros2_examples/build/interfaces/rosidl_generator_c/interfaces/action/action_collection__struct.h:24:27:[m[K [01;31m[Kerror: [m[Kredefinition of ‘[01m[Kinterfaces__action__ActionCollection_Goal__CONSTANT_STRING[m[K’
[11.872s]  static const char * const [01;31m[Kinterfaces__action__ActionCollection_Goal__CONSTANT_STRING[m[K = "CONSTANT_STRING";
[11.872s]                            [01;31m[K^~~~~~~~~~~~~~~~~~~~~~~~~~~~~~~~~~~~~~~~~~~~~~~~~~~~~~~~~~[m[K
[11.872s] [01m[K/home/jiseongyoo/ros2_examples/build/interfaces/rosidl_generator_c/interfaces/action/action_collection__struct.h:21:27:[m[K [01;36m[Knote: [m[Kprevious definition of ‘[01m[Kinterfaces__action__ActionCollection_Goal__CONSTANT_STRING[m[K’ was here
[11.873s]  static const char * const [01;36m[Kinterfaces__action__ActionCollection_Goal__CONSTANT_STRING[m[K = "CONSTANT_STRING";
[11.873s]                            [01;36m[K^~~~~~~~~~~~~~~~~~~~~~~~~~~~~~~~~~~~~~~~~~~~~~~~~~~~~~~~~~[m[K
[11.873s] [01m[K/home/jiseongyoo/ros2_examples/build/interfaces/rosidl_generator_c/interfaces/action/action_collection__struct.h:27:27:[m[K [01;31m[Kerror: [m[Kredefinition of ‘[01m[Kinterfaces__action__ActionCollection_Goal__CONSTANT_STRING[m[K’
[11.874s]  static const char * const [01;31m[Kinterfaces__action__ActionCollection_Goal__CONSTANT_STRING[m[K = "CONSTANT_STRING";
[11.874s]                            [01;31m[K^~~~~~~~~~~~~~~~~~~~~~~~~~~~~~~~~~~~~~~~~~~~~~~~~~~~~~~~~~[m[K
[11.874s] [01m[K/home/jiseongyoo/ros2_examples/build/interfaces/rosidl_generator_c/interfaces/action/action_collection__struct.h:24:27:[m[K [01;36m[Knote: [m[Kprevious definition of ‘[01m[Kinterfaces__action__ActionCollection_Goal__CONSTANT_STRING[m[K’ was here
[11.875s]  static const char * const [01;36m[Kinterfaces__action__ActionCollection_Goal__CONSTANT_STRING[m[K = "CONSTANT_STRING";
[11.876s]                            [01;36m[K^~~~~~~~~~~~~~~~~~~~~~~~~~~~~~~~~~~~~~~~~~~~~~~~~~~~~~~~~~[m[K
[11.903s] make[2]: *** [CMakeFiles/interfaces__rosidl_generator_c.dir/rosidl_generator_c/interfaces/action/action_collection__functions.c.o] Error 1
[11.905s] make[1]: *** [CMakeFiles/interfaces__rosidl_generator_c.dir/all] Error 2
[11.905s] make[1]: *** Waiting for unfinished jobs....
[19.511s] In file included from [01m[K/home/jiseongyoo/ros2_examples/build/interfaces/rosidl_typesupport_fastrtps_cpp/interfaces/action/action_collection__rosidl_typesupport_fastrtps_cpp.hpp:11:0[m[K,
[19.512s]                  from [01m[K/home/jiseongyoo/ros2_examples/build/interfaces/rosidl_typesupport_fastrtps_cpp/interfaces/action/dds_fastrtps/action_collection__type_support.cpp:4[m[K:
[19.512s] [01m[K/home/jiseongyoo/ros2_examples/build/interfaces/rosidl_generator_cpp/interfaces/action/action_collection__struct.hpp:293:123:[m[K [01;31m[Kerror: [m[Kredeclaration of ‘[01m[Kconst std::__cxx11::basic_string<char, std::char_traits<char>, typename ContainerAllocator::rebind<char>::other> interfaces::action::ActionCollection_Goal_<ContainerAllocator>::CONSTANT_STRING[m[K’
[19.512s]  s<char>, typename ContainerAllocator::template rebind<char>::other> [01;31m[KCONSTANT_STRING[m[K;
[19.513s]                                                                      [01;31m[K^~~~~~~~~~~~~~~[m[K
[19.513s] [01m[K/home/jiseongyoo/ros2_examples/build/interfaces/rosidl_generator_cpp/interfaces/action/action_collection__struct.hpp:292:123:[m[K [01;36m[Knote: [m[Kprevious declaration ‘[01m[Kconst std::__cxx11::basic_string<char, std::char_traits<char>, typename ContainerAllocator::rebind<char>::other> interfaces::action::ActionCollection_Goal_<ContainerAllocator>::CONSTANT_STRING[m[K’
[19.513s]  s<char>, typename ContainerAllocator::template rebind<char>::other> [01;36m[KCONSTANT_STRING[m[K;
[19.514s]                                                                      [01;36m[K^~~~~~~~~~~~~~~[m[K
[19.514s] [01m[K/home/jiseongyoo/ros2_examples/build/interfaces/rosidl_generator_cpp/interfaces/action/action_collection__struct.hpp:294:123:[m[K [01;31m[Kerror: [m[Kredeclaration of ‘[01m[Kconst std::__cxx11::basic_string<char, std::char_traits<char>, typename ContainerAllocator::rebind<char>::other> interfaces::action::ActionCollection_Goal_<ContainerAllocator>::CONSTANT_STRING[m[K’
[19.514s]  s<char>, typename ContainerAllocator::template rebind<char>::other> [01;31m[KCONSTANT_STRING[m[K;
[19.515s]                                                                      [01;31m[K^~~~~~~~~~~~~~~[m[K
[19.515s] [01m[K/home/jiseongyoo/ros2_examples/build/interfaces/rosidl_generator_cpp/interfaces/action/action_collection__struct.hpp:292:123:[m[K [01;36m[Knote: [m[Kprevious declaration ‘[01m[Kconst std::__cxx11::basic_string<char, std::char_traits<char>, typename ContainerAllocator::rebind<char>::other> interfaces::action::ActionCollection_Goal_<ContainerAllocator>::CONSTANT_STRING[m[K’
[19.516s]  s<char>, typename ContainerAllocator::template rebind<char>::other> [01;36m[KCONSTANT_STRING[m[K;
[19.516s]                                                                      [01;36m[K^~~~~~~~~~~~~~~[m[K
[19.524s] [01m[K/home/jiseongyoo/ros2_examples/build/interfaces/rosidl_generator_cpp/interfaces/action/action_collection__struct.hpp:420:45:[m[K [01;31m[Kerror: [m[Kredefinition of ‘[01m[Kconst std::__cxx11::basic_string<char, std::char_traits<char>, typename ContainerAllocator::rebind<char>::other> interfaces::action::ActionCollection_Goal_<ContainerAllocator>::CONSTANT_STRING[m[K’
[19.525s]  ActionCollection_Goal_<ContainerAllocator>::[01;31m[KCONSTANT_STRING[m[K = "CONSTANT_STRING";
[19.525s]                                              [01;31m[K^~~~~~~~~~~~~~~[m[K
[19.525s] [01m[K/home/jiseongyoo/ros2_examples/build/interfaces/rosidl_generator_cpp/interfaces/action/action_collection__struct.hpp:417:1:[m[K [01;36m[Knote: [m[K‘[01m[Kconst std::__cxx11::basic_string<char, std::char_traits<char>, typename ContainerAllocator::rebind<char>::other> interfaces::action::ActionCollection_Goal_<ContainerAllocator>::CONSTANT_STRING[m[K’ previously declared here
[19.526s]  [01;36m[KActionCollection_Goal_<ContainerAllocator>[m[K::CONSTANT_STRING = "CONSTANT_STRING";
[19.526s]  [01;36m[K^~~~~~~~~~~~~~~~~~~~~~~~~~~~~~~~~~~~~~~~~~[m[K
[19.526s] [01m[K/home/jiseongyoo/ros2_examples/build/interfaces/rosidl_generator_cpp/interfaces/action/action_collection__struct.hpp:423:45:[m[K [01;31m[Kerror: [m[Kredefinition of ‘[01m[Kconst std::__cxx11::basic_string<char, std::char_traits<char>, typename ContainerAllocator::rebind<char>::other> interfaces::action::ActionCollection_Goal_<ContainerAllocator>::CONSTANT_STRING[m[K’
[19.527s]  ActionCollection_Goal_<ContainerAllocator>::[01;31m[KCONSTANT_STRING[m[K = "CONSTANT_STRING";
[19.527s]                                              [01;31m[K^~~~~~~~~~~~~~~[m[K
[19.528s] [01m[K/home/jiseongyoo/ros2_examples/build/interfaces/rosidl_generator_cpp/interfaces/action/action_collection__struct.hpp:417:1:[m[K [01;36m[Knote: [m[K‘[01m[Kconst std::__cxx11::basic_string<char, std::char_traits<char>, typename ContainerAllocator::rebind<char>::other> interfaces::action::ActionCollection_Goal_<ContainerAllocator>::CONSTANT_STRING[m[K’ previously declared here
[19.528s]  [01;36m[KActionCollection_Goal_<ContainerAllocator>[m[K::CONSTANT_STRING = "CONSTANT_STRING";
[19.528s]  [01;36m[K^~~~~~~~~~~~~~~~~~~~~~~~~~~~~~~~~~~~~~~~~~[m[K
[20.338s] make[2]: *** [CMakeFiles/interfaces__rosidl_typesupport_fastrtps_cpp.dir/rosidl_typesupport_fastrtps_cpp/interfaces/action/dds_fastrtps/action_collection__type_support.cpp.o] Error 1
[20.339s] make[2]: *** Waiting for unfinished jobs....
[20.631s] make[1]: *** [CMakeFiles/interfaces__rosidl_typesupport_fastrtps_cpp.dir/all] Error 2
[20.633s] make: *** [all] Error 2
