[0.204s] -- Found ament_cmake: 0.8.2 (/opt/ros/eloquent/share/ament_cmake/cmake)
[0.314s] -- Found PythonInterp: /usr/bin/python3 (found suitable version "3.6.9", minimum required is "3") 
[0.316s] -- Using PYTHON_EXECUTABLE: /usr/bin/python3
[1.054s] -- Found rosidl_default_generators: 0.8.0 (/opt/ros/eloquent/share/rosidl_default_generators/cmake)
[1.268s] -- Found rosidl_adapter: 0.8.2 (/opt/ros/eloquent/share/rosidl_adapter/cmake)
[1.635s] -- Found PythonInterp: /usr/bin/python3 (found version "3.6.9") 
[2.521s] -- Using single matching rosidl_typesupport_c: rosidl_typesupport_fastrtps_c
[2.586s] -- Using single matching rosidl_typesupport_cpp: rosidl_typesupport_fastrtps_cpp
[3.246s] -- Found rmw_implementation_cmake: 0.8.1 (/opt/ros/eloquent/share/rmw_implementation_cmake/cmake)
[3.358s] -- Found PythonInterp: /usr/bin/python3 (found suitable version "3.6.9", minimum required is "3.5") 
[3.361s] -- Found python_cmake_module: 0.8.0 (/opt/ros/eloquent/share/python_cmake_module/cmake)
[3.474s] -- Using PYTHON_EXECUTABLE: /usr/bin/python3
[3.474s] -- Using PYTHON_INCLUDE_DIRS: /usr/include/python3.6m
[3.475s] -- Using PYTHON_LIBRARIES: /usr/lib/x86_64-linux-gnu/libpython3.6m.so
[3.872s] -- Found ament_lint_auto: 0.8.1 (/opt/ros/eloquent/share/ament_lint_auto/cmake)
[3.962s] -- Added test 'lint_cmake' to check CMake code style
[3.971s] -- Added test 'xmllint' to check XML markup files
[3.992s] -- Configuring done
[4.774s] -- Generating done
[4.793s] -- Build files have been written to: /home/jiseongyoo/ros2_examples/build/interfaces
[4.903s] [  2%] [34m[1mGenerating C code for ROS interfaces[0m
[4.904s] [35m[1mScanning dependencies of target interfaces__cpp[0m
[4.949s] [  4%] [34m[1mGenerating C++ code for ROS interfaces[0m
[11.485s] [  4%] Built target interfaces__cpp
[11.542s] [  6%] [34m[1mGenerating C++ type support for eProsima Fast-RTPS[0m
[11.720s] [35m[1mScanning dependencies of target interfaces__rosidl_generator_c[0m
[11.809s] [  8%] [32mBuilding C object CMakeFiles/interfaces__rosidl_generator_c.dir/rosidl_generator_c/interfaces/action/action_collection__functions.c.o[0m
[11.903s] CMakeFiles/interfaces__rosidl_generator_c.dir/build.make:130: recipe for target 'CMakeFiles/interfaces__rosidl_generator_c.dir/rosidl_generator_c/interfaces/action/action_collection__functions.c.o' failed
[11.905s] CMakeFiles/Makefile2:247: recipe for target 'CMakeFiles/interfaces__rosidl_generator_c.dir/all' failed
[18.497s] [35m[1mScanning dependencies of target interfaces__rosidl_typesupport_fastrtps_cpp[0m
[18.646s] [ 11%] [32mBuilding CXX object CMakeFiles/interfaces__rosidl_typesupport_fastrtps_cpp.dir/rosidl_typesupport_fastrtps_cpp/interfaces/action/dds_fastrtps/action_collection__type_support.cpp.o[0m
[18.650s] [ 13%] [32mBuilding CXX object CMakeFiles/interfaces__rosidl_typesupport_fastrtps_cpp.dir/rosidl_typesupport_fastrtps_cpp/interfaces/msg/dds_fastrtps/msg_collection__type_support.cpp.o[0m
[20.338s] CMakeFiles/interfaces__rosidl_typesupport_fastrtps_cpp.dir/build.make:98: recipe for target 'CMakeFiles/interfaces__rosidl_typesupport_fastrtps_cpp.dir/rosidl_typesupport_fastrtps_cpp/interfaces/action/dds_fastrtps/action_collection__type_support.cpp.o' failed
[20.631s] CMakeFiles/Makefile2:369: recipe for target 'CMakeFiles/interfaces__rosidl_typesupport_fastrtps_cpp.dir/all' failed
[20.633s] Makefile:140: recipe for target 'all' failed
