[0.663s] DEBUG:colcon:Command line arguments: ['/usr/bin/colcon', 'build', '--packages-select', 'param_cpp_example']
[0.663s] DEBUG:colcon:Parsed command line arguments: Namespace(ament_cmake_args=None, base_paths=['.'], build_base='build', catkin_cmake_args=None, catkin_skip_building_tests=False, cmake_args=None, cmake_clean_cache=False, cmake_clean_first=False, cmake_force_configure=False, cmake_target=None, cmake_target_skip_unavailable=False, continue_on_error=False, event_handlers=None, executor='parallel', ignore_user_meta=False, install_base='install', log_base=None, log_level=None, main=<bound method BuildVerb.main of <colcon_core.verb.build.BuildVerb object at 0x7fe491c4a828>>, merge_install=False, metas=['./colcon.meta'], packages_above=None, packages_above_depth=None, packages_end=None, packages_ignore=None, packages_ignore_regex=None, packages_select=['param_cpp_example'], packages_select_build_failed=False, packages_select_by_dep=None, packages_select_regex=None, packages_select_test_failures=False, packages_skip=None, packages_skip_build_finished=False, packages_skip_by_dep=None, packages_skip_regex=None, packages_skip_test_passed=False, packages_skip_up_to=None, packages_start=None, packages_up_to=None, parallel_workers=2, paths=None, symlink_install=False, test_result_base=None, verb_extension=<colcon_core.verb.build.BuildVerb object at 0x7fe491c4a828>, verb_name='build', verb_parser=<colcon_defaults.argument_parser.defaults.DefaultArgumentsDecorator object at 0x7fe491c4abe0>)
[0.814s] Level 1:colcon.colcon_core.package_discovery:discover_packages(colcon_meta) check parameters
[0.814s] Level 1:colcon.colcon_core.package_discovery:discover_packages(recursive) check parameters
[0.815s] Level 1:colcon.colcon_core.package_discovery:discover_packages(ignore) check parameters
[0.815s] Level 1:colcon.colcon_core.package_discovery:discover_packages(path) check parameters
[0.815s] Level 1:colcon.colcon_core.package_discovery:discover_packages(colcon_meta) discover
[0.816s] Level 1:colcon.colcon_core.package_discovery:discover_packages(recursive) discover
[0.816s] INFO:colcon.colcon_core.package_discovery:Crawling recursively for packages in '/home/jiseongyoo/ros2_examples'
[0.817s] Level 1:colcon.colcon_core.package_identification:_identify(.) by extensions ['ignore', 'ignore_ament_install']
[0.817s] Level 1:colcon.colcon_core.package_identification:_identify(.) by extension 'ignore'
[0.818s] Level 1:colcon.colcon_core.package_identification:_identify(.) by extension 'ignore_ament_install'
[0.818s] Level 1:colcon.colcon_core.package_identification:_identify(.) by extensions ['colcon_pkg']
[0.818s] Level 1:colcon.colcon_core.package_identification:_identify(.) by extension 'colcon_pkg'
[0.818s] Level 1:colcon.colcon_core.package_identification:_identify(.) by extensions ['colcon_meta']
[0.819s] Level 1:colcon.colcon_core.package_identification:_identify(.) by extension 'colcon_meta'
[0.819s] Level 1:colcon.colcon_core.package_identification:_identify(.) by extensions ['ros']
[0.819s] Level 1:colcon.colcon_core.package_identification:_identify(.) by extension 'ros'
[0.867s] Level 1:colcon.colcon_core.package_identification:_identify(.) by extensions ['cmake', 'python']
[0.868s] Level 1:colcon.colcon_core.package_identification:_identify(.) by extension 'cmake'
[0.868s] Level 1:colcon.colcon_core.package_identification:_identify(.) by extension 'python'
[0.868s] Level 1:colcon.colcon_core.package_identification:_identify(.) by extensions ['python_setup_py']
[0.869s] Level 1:colcon.colcon_core.package_identification:_identify(.) by extension 'python_setup_py'
[0.869s] Level 1:colcon.colcon_core.package_identification:_identify(build) by extensions ['ignore', 'ignore_ament_install']
[0.870s] Level 1:colcon.colcon_core.package_identification:_identify(build) by extension 'ignore'
[0.870s] Level 1:colcon.colcon_core.package_identification:_identify(build) ignored
[0.872s] Level 1:colcon.colcon_core.package_identification:_identify(install) by extensions ['ignore', 'ignore_ament_install']
[0.872s] Level 1:colcon.colcon_core.package_identification:_identify(install) by extension 'ignore'
[0.872s] Level 1:colcon.colcon_core.package_identification:_identify(install) ignored
[0.874s] Level 1:colcon.colcon_core.package_identification:_identify(log) by extensions ['ignore', 'ignore_ament_install']
[0.874s] Level 1:colcon.colcon_core.package_identification:_identify(log) by extension 'ignore'
[0.875s] Level 1:colcon.colcon_core.package_identification:_identify(log) ignored
[0.875s] Level 1:colcon.colcon_core.package_identification:_identify(src) by extensions ['ignore', 'ignore_ament_install']
[0.875s] Level 1:colcon.colcon_core.package_identification:_identify(src) by extension 'ignore'
[0.876s] Level 1:colcon.colcon_core.package_identification:_identify(src) by extension 'ignore_ament_install'
[0.876s] Level 1:colcon.colcon_core.package_identification:_identify(src) by extensions ['colcon_pkg']
[0.876s] Level 1:colcon.colcon_core.package_identification:_identify(src) by extension 'colcon_pkg'
[0.877s] Level 1:colcon.colcon_core.package_identification:_identify(src) by extensions ['colcon_meta']
[0.877s] Level 1:colcon.colcon_core.package_identification:_identify(src) by extension 'colcon_meta'
[0.877s] Level 1:colcon.colcon_core.package_identification:_identify(src) by extensions ['ros']
[0.877s] Level 1:colcon.colcon_core.package_identification:_identify(src) by extension 'ros'
[0.877s] Level 1:colcon.colcon_core.package_identification:_identify(src) by extensions ['cmake', 'python']
[0.878s] Level 1:colcon.colcon_core.package_identification:_identify(src) by extension 'cmake'
[0.878s] Level 1:colcon.colcon_core.package_identification:_identify(src) by extension 'python'
[0.878s] Level 1:colcon.colcon_core.package_identification:_identify(src) by extensions ['python_setup_py']
[0.878s] Level 1:colcon.colcon_core.package_identification:_identify(src) by extension 'python_setup_py'
[0.879s] Level 1:colcon.colcon_core.package_identification:_identify(src/action_cpp_example) by extensions ['ignore', 'ignore_ament_install']
[0.879s] Level 1:colcon.colcon_core.package_identification:_identify(src/action_cpp_example) by extension 'ignore'
[0.880s] Level 1:colcon.colcon_core.package_identification:_identify(src/action_cpp_example) by extension 'ignore_ament_install'
[0.880s] Level 1:colcon.colcon_core.package_identification:_identify(src/action_cpp_example) by extensions ['colcon_pkg']
[0.880s] Level 1:colcon.colcon_core.package_identification:_identify(src/action_cpp_example) by extension 'colcon_pkg'
[0.880s] Level 1:colcon.colcon_core.package_identification:_identify(src/action_cpp_example) by extensions ['colcon_meta']
[0.880s] Level 1:colcon.colcon_core.package_identification:_identify(src/action_cpp_example) by extension 'colcon_meta'
[0.881s] Level 1:colcon.colcon_core.package_identification:_identify(src/action_cpp_example) by extensions ['ros']
[0.881s] Level 1:colcon.colcon_core.package_identification:_identify(src/action_cpp_example) by extension 'ros'
[0.889s] DEBUG:colcon.colcon_core.package_identification:Package 'src/action_cpp_example' with type 'ros.ament_cmake' and name 'action_cpp_example'
[0.890s] Level 1:colcon.colcon_core.package_identification:_identify(src/interfaces) by extensions ['ignore', 'ignore_ament_install']
[0.891s] Level 1:colcon.colcon_core.package_identification:_identify(src/interfaces) by extension 'ignore'
[0.891s] Level 1:colcon.colcon_core.package_identification:_identify(src/interfaces) by extension 'ignore_ament_install'
[0.891s] Level 1:colcon.colcon_core.package_identification:_identify(src/interfaces) by extensions ['colcon_pkg']
[0.892s] Level 1:colcon.colcon_core.package_identification:_identify(src/interfaces) by extension 'colcon_pkg'
[0.892s] Level 1:colcon.colcon_core.package_identification:_identify(src/interfaces) by extensions ['colcon_meta']
[0.892s] Level 1:colcon.colcon_core.package_identification:_identify(src/interfaces) by extension 'colcon_meta'
[0.892s] Level 1:colcon.colcon_core.package_identification:_identify(src/interfaces) by extensions ['ros']
[0.892s] Level 1:colcon.colcon_core.package_identification:_identify(src/interfaces) by extension 'ros'
[0.895s] DEBUG:colcon.colcon_core.package_identification:Package 'src/interfaces' with type 'ros.ament_cmake' and name 'interfaces'
[0.895s] Level 1:colcon.colcon_core.package_identification:_identify(src/param_cpp_example) by extensions ['ignore', 'ignore_ament_install']
[0.896s] Level 1:colcon.colcon_core.package_identification:_identify(src/param_cpp_example) by extension 'ignore'
[0.896s] Level 1:colcon.colcon_core.package_identification:_identify(src/param_cpp_example) by extension 'ignore_ament_install'
[0.896s] Level 1:colcon.colcon_core.package_identification:_identify(src/param_cpp_example) by extensions ['colcon_pkg']
[0.897s] Level 1:colcon.colcon_core.package_identification:_identify(src/param_cpp_example) by extension 'colcon_pkg'
[0.897s] Level 1:colcon.colcon_core.package_identification:_identify(src/param_cpp_example) by extensions ['colcon_meta']
[0.897s] Level 1:colcon.colcon_core.package_identification:_identify(src/param_cpp_example) by extension 'colcon_meta'
[0.897s] Level 1:colcon.colcon_core.package_identification:_identify(src/param_cpp_example) by extensions ['ros']
[0.897s] Level 1:colcon.colcon_core.package_identification:_identify(src/param_cpp_example) by extension 'ros'
[0.899s] DEBUG:colcon.colcon_core.package_identification:Package 'src/param_cpp_example' with type 'ros.ament_cmake' and name 'param_cpp_example'
[0.900s] Level 1:colcon.colcon_core.package_identification:_identify(src/pubsub_cpp_example) by extensions ['ignore', 'ignore_ament_install']
[0.901s] Level 1:colcon.colcon_core.package_identification:_identify(src/pubsub_cpp_example) by extension 'ignore'
[0.901s] Level 1:colcon.colcon_core.package_identification:_identify(src/pubsub_cpp_example) by extension 'ignore_ament_install'
[0.902s] Level 1:colcon.colcon_core.package_identification:_identify(src/pubsub_cpp_example) by extensions ['colcon_pkg']
[0.902s] Level 1:colcon.colcon_core.package_identification:_identify(src/pubsub_cpp_example) by extension 'colcon_pkg'
[0.902s] Level 1:colcon.colcon_core.package_identification:_identify(src/pubsub_cpp_example) by extensions ['colcon_meta']
[0.902s] Level 1:colcon.colcon_core.package_identification:_identify(src/pubsub_cpp_example) by extension 'colcon_meta'
[0.902s] Level 1:colcon.colcon_core.package_identification:_identify(src/pubsub_cpp_example) by extensions ['ros']
[0.903s] Level 1:colcon.colcon_core.package_identification:_identify(src/pubsub_cpp_example) by extension 'ros'
[0.905s] DEBUG:colcon.colcon_core.package_identification:Package 'src/pubsub_cpp_example' with type 'ros.ament_cmake' and name 'pubsub_cpp_example'
[0.905s] Level 1:colcon.colcon_core.package_identification:_identify(src/service_cpp_example) by extensions ['ignore', 'ignore_ament_install']
[0.906s] Level 1:colcon.colcon_core.package_identification:_identify(src/service_cpp_example) by extension 'ignore'
[0.906s] Level 1:colcon.colcon_core.package_identification:_identify(src/service_cpp_example) by extension 'ignore_ament_install'
[0.906s] Level 1:colcon.colcon_core.package_identification:_identify(src/service_cpp_example) by extensions ['colcon_pkg']
[0.907s] Level 1:colcon.colcon_core.package_identification:_identify(src/service_cpp_example) by extension 'colcon_pkg'
[0.907s] Level 1:colcon.colcon_core.package_identification:_identify(src/service_cpp_example) by extensions ['colcon_meta']
[0.907s] Level 1:colcon.colcon_core.package_identification:_identify(src/service_cpp_example) by extension 'colcon_meta'
[0.907s] Level 1:colcon.colcon_core.package_identification:_identify(src/service_cpp_example) by extensions ['ros']
[0.907s] Level 1:colcon.colcon_core.package_identification:_identify(src/service_cpp_example) by extension 'ros'
[0.909s] DEBUG:colcon.colcon_core.package_identification:Package 'src/service_cpp_example' with type 'ros.ament_cmake' and name 'service_cpp_example'
[0.910s] Level 1:colcon.colcon_core.package_discovery:discover_packages(recursive) using defaults
[0.911s] Level 1:colcon.colcon_core.package_discovery:discover_packages(ignore) discover
[0.911s] Level 1:colcon.colcon_core.package_discovery:discover_packages(ignore) using defaults
[0.911s] Level 1:colcon.colcon_core.package_discovery:discover_packages(path) discover
[0.911s] Level 1:colcon.colcon_core.package_discovery:discover_packages(path) using defaults
[0.924s] INFO:colcon.colcon_core.package_selection:Skipping not selected package 'interfaces' in 'src/interfaces'
[0.924s] INFO:colcon.colcon_core.package_selection:Skipping not selected package 'action_cpp_example' in 'src/action_cpp_example'
[0.924s] INFO:colcon.colcon_core.package_selection:Skipping not selected package 'pubsub_cpp_example' in 'src/pubsub_cpp_example'
[0.925s] INFO:colcon.colcon_core.package_selection:Skipping not selected package 'service_cpp_example' in 'src/service_cpp_example'
[0.940s] Level 5:colcon.colcon_core.verb:set package 'param_cpp_example' build argument 'cmake_args' from command line to 'None'
[0.940s] Level 5:colcon.colcon_core.verb:set package 'param_cpp_example' build argument 'cmake_target' from command line to 'None'
[0.940s] Level 5:colcon.colcon_core.verb:set package 'param_cpp_example' build argument 'cmake_target_skip_unavailable' from command line to 'False'
[0.940s] Level 5:colcon.colcon_core.verb:set package 'param_cpp_example' build argument 'cmake_clean_cache' from command line to 'False'
[0.940s] Level 5:colcon.colcon_core.verb:set package 'param_cpp_example' build argument 'cmake_clean_first' from command line to 'False'
[0.940s] Level 5:colcon.colcon_core.verb:set package 'param_cpp_example' build argument 'cmake_force_configure' from command line to 'False'
[0.941s] Level 5:colcon.colcon_core.verb:set package 'param_cpp_example' build argument 'ament_cmake_args' from command line to 'None'
[0.941s] Level 5:colcon.colcon_core.verb:set package 'param_cpp_example' build argument 'catkin_cmake_args' from command line to 'None'
[0.941s] Level 5:colcon.colcon_core.verb:set package 'param_cpp_example' build argument 'catkin_skip_building_tests' from command line to 'False'
[0.941s] DEBUG:colcon.colcon_core.verb:Building package 'param_cpp_example' with the following arguments: {'ament_cmake_args': None, 'build_base': '/home/jiseongyoo/ros2_examples/build/param_cpp_example', 'catkin_cmake_args': None, 'catkin_skip_building_tests': False, 'cmake_args': None, 'cmake_clean_cache': False, 'cmake_clean_first': False, 'cmake_force_configure': False, 'cmake_target': None, 'cmake_target_skip_unavailable': False, 'install_base': '/home/jiseongyoo/ros2_examples/install/param_cpp_example', 'merge_install': False, 'path': '/home/jiseongyoo/ros2_examples/src/param_cpp_example', 'symlink_install': False, 'test_result_base': None}
[0.943s] INFO:colcon.colcon_core.executor:Executing jobs using 'parallel' executor
[0.950s] DEBUG:colcon.colcon_parallel_executor.executor.parallel:run_until_complete
[0.951s] INFO:colcon.colcon_ros.task.ament_cmake.build:Building ROS package in '/home/jiseongyoo/ros2_examples/src/param_cpp_example' with build type 'ament_cmake'
[0.970s] INFO:colcon.colcon_core.plugin_system:Skipping extension 'colcon_core.shell.bat': Not used on non-Windows systems
[0.971s] INFO:colcon.colcon_cmake.task.cmake.build:Building CMake package in '/home/jiseongyoo/ros2_examples/src/param_cpp_example'
[0.977s] INFO:colcon.colcon_core.shell:Skip shell extension 'powershell' for command environment: Not usable outside of PowerShell
[0.977s] DEBUG:colcon.colcon_core.shell:Skip shell extension 'dsv' for command environment
[0.997s] DEBUG:colcon.colcon_core.shell:Ignoring prefix path '/opt/ros/eloquent'
[1.054s] DEBUG:colcon.colcon_core.event_handler.log_command:Invoking command in '/home/jiseongyoo/ros2_examples/build/param_cpp_example': CMAKE_PREFIX_PATH=${CMAKE_PREFIX_PATH}:/opt/ros/eloquent /usr/bin/cmake --build /home/jiseongyoo/ros2_examples/build/param_cpp_example -- -j2 -l2
[8.078s] DEBUG:colcon.colcon_core.event_handler.log_command:Invoked command in '/home/jiseongyoo/ros2_examples/build/param_cpp_example' returned '0': CMAKE_PREFIX_PATH=${CMAKE_PREFIX_PATH}:/opt/ros/eloquent /usr/bin/cmake --build /home/jiseongyoo/ros2_examples/build/param_cpp_example -- -j2 -l2
[8.240s] DEBUG:colcon.colcon_core.event_handler.log_command:Invoking command in '/home/jiseongyoo/ros2_examples/build/param_cpp_example': CMAKE_PREFIX_PATH=${CMAKE_PREFIX_PATH}:/opt/ros/eloquent /usr/bin/cmake --build /home/jiseongyoo/ros2_examples/build/param_cpp_example --target install -- -j2 -l2
[8.662s] Level 1:colcon.colcon_core.environment:create_environment_scripts_only(param_cpp_example)
[8.677s] DEBUG:colcon.colcon_core.event_handler.log_command:Invoked command in '/home/jiseongyoo/ros2_examples/build/param_cpp_example' returned '0': CMAKE_PREFIX_PATH=${CMAKE_PREFIX_PATH}:/opt/ros/eloquent /usr/bin/cmake --build /home/jiseongyoo/ros2_examples/build/param_cpp_example --target install -- -j2 -l2
[8.689s] Level 1:colcon.colcon_core.environment:checking '/home/jiseongyoo/ros2_examples/install/param_cpp_example' for CMake module files
[8.696s] Level 1:colcon.colcon_core.environment:checking '/home/jiseongyoo/ros2_examples/install/param_cpp_example' for CMake config files
[8.697s] Level 1:colcon.colcon_core.shell:create_environment_hook('param_cpp_example', 'cmake_prefix_path')
[8.700s] INFO:colcon.colcon_core.shell:Creating environment hook '/home/jiseongyoo/ros2_examples/install/param_cpp_example/share/param_cpp_example/hook/cmake_prefix_path.ps1'
[8.708s] INFO:colcon.colcon_core.shell:Creating environment descriptor '/home/jiseongyoo/ros2_examples/install/param_cpp_example/share/param_cpp_example/hook/cmake_prefix_path.dsv'
[8.711s] INFO:colcon.colcon_core.shell:Creating environment hook '/home/jiseongyoo/ros2_examples/install/param_cpp_example/share/param_cpp_example/hook/cmake_prefix_path.sh'
[8.720s] Level 1:colcon.colcon_core.environment:checking '/home/jiseongyoo/ros2_examples/install/param_cpp_example/lib'
[8.723s] Level 1:colcon.colcon_core.environment:checking '/home/jiseongyoo/ros2_examples/install/param_cpp_example/bin'
[8.724s] Level 1:colcon.colcon_core.environment:checking '/home/jiseongyoo/ros2_examples/install/param_cpp_example/lib/pkgconfig/param_cpp_example.pc'
[8.725s] Level 1:colcon.colcon_core.environment:checking '/home/jiseongyoo/ros2_examples/install/param_cpp_example/lib/python3.6/site-packages'
[8.731s] INFO:colcon.colcon_core.shell:Creating package script '/home/jiseongyoo/ros2_examples/install/param_cpp_example/share/param_cpp_example/package.ps1'
[8.736s] INFO:colcon.colcon_core.shell:Creating package descriptor '/home/jiseongyoo/ros2_examples/install/param_cpp_example/share/param_cpp_example/package.dsv'
[8.739s] INFO:colcon.colcon_core.shell:Creating package script '/home/jiseongyoo/ros2_examples/install/param_cpp_example/share/param_cpp_example/package.sh'
[8.744s] INFO:colcon.colcon_core.shell:Creating package script '/home/jiseongyoo/ros2_examples/install/param_cpp_example/share/param_cpp_example/package.bash'
[8.748s] INFO:colcon.colcon_core.shell:Creating package script '/home/jiseongyoo/ros2_examples/install/param_cpp_example/share/param_cpp_example/package.zsh'
[8.752s] Level 1:colcon.colcon_core.environment:create_file_with_runtime_dependencies(/home/jiseongyoo/ros2_examples/install/param_cpp_example/share/colcon-core/packages/param_cpp_example)
[8.753s] DEBUG:colcon.colcon_parallel_executor.executor.parallel:closing loop
[8.755s] DEBUG:colcon.colcon_parallel_executor.executor.parallel:loop closed
[8.758s] DEBUG:colcon.colcon_parallel_executor.executor.parallel:run_until_complete finished with '0'
[8.759s] DEBUG:colcon.colcon_core.event_reactor:joining thread
[8.802s] INFO:colcon.colcon_core.plugin_system:Skipping extension 'colcon_notification.desktop_notification.terminal_notifier': Not used on non-Darwin systems
[8.805s] INFO:colcon.colcon_core.plugin_system:Skipping extension 'colcon_notification.desktop_notification.win32': Not used on non-Windows systems
[8.807s] INFO:colcon.colcon_notification.desktop_notification:Sending desktop notification using 'notify2'
[8.822s] DEBUG:colcon.colcon_core.event_reactor:joined thread
[8.825s] INFO:colcon.colcon_core.shell:Creating prefix script '/home/jiseongyoo/ros2_examples/install/local_setup.ps1'
[8.830s] INFO:colcon.colcon_core.shell:Creating prefix util module '/home/jiseongyoo/ros2_examples/install/_local_setup_util_ps1.py'
[8.836s] INFO:colcon.colcon_core.shell:Creating prefix chain script '/home/jiseongyoo/ros2_examples/install/setup.ps1'
[8.893s] INFO:colcon.colcon_core.shell:Creating prefix script '/home/jiseongyoo/ros2_examples/install/local_setup.sh'
[8.896s] INFO:colcon.colcon_core.shell:Creating prefix util module '/home/jiseongyoo/ros2_examples/install/_local_setup_util_sh.py'
[8.898s] INFO:colcon.colcon_core.shell:Creating prefix chain script '/home/jiseongyoo/ros2_examples/install/setup.sh'
[8.912s] INFO:colcon.colcon_core.shell:Creating prefix script '/home/jiseongyoo/ros2_examples/install/local_setup.bash'
[8.915s] INFO:colcon.colcon_core.shell:Creating prefix chain script '/home/jiseongyoo/ros2_examples/install/setup.bash'
[8.928s] INFO:colcon.colcon_core.shell:Creating prefix script '/home/jiseongyoo/ros2_examples/install/local_setup.zsh'
[8.931s] INFO:colcon.colcon_core.shell:Creating prefix chain script '/home/jiseongyoo/ros2_examples/install/setup.zsh'
