[0.216s] -- Found ament_cmake: 0.8.2 (/opt/ros/eloquent/share/ament_cmake/cmake)
[0.339s] -- Using PYTHON_EXECUTABLE: /usr/bin/python3
[1.131s] -- Found rclcpp: 0.8.4 (/opt/ros/eloquent/share/rclcpp/cmake)
[1.199s] -- Found rosidl_adapter: 0.8.2 (/opt/ros/eloquent/share/rosidl_adapter/cmake)
[1.355s] -- Found rmw_implementation_cmake: 0.8.1 (/opt/ros/eloquent/share/rmw_implementation_cmake/cmake)
[1.360s] -- Using RMW implementation 'rmw_fastrtps_cpp' as default
[1.488s] -- Found rclcpp_components: 0.8.4 (/opt/ros/eloquent/share/rclcpp_components/cmake)
[1.496s] -- Found poco_vendor:  (/opt/ros/eloquent/share/poco_vendor/cmake)
[1.567s] -- Found interfaces: 0.0.0 (/home/jiseongyoo/ros2_examples/install/interfaces/share/interfaces/cmake)
[1.939s] -- Found ament_lint_auto: 0.8.1 (/opt/ros/eloquent/share/ament_lint_auto/cmake)
[2.221s] -- Added test 'copyright' to check for copyright in CMake / C / C++ / Python code
[2.225s] -- Added test 'cppcheck' to perform static code analysis on C / C++ code
[2.228s] -- Configured cppcheck include dirs: /home/jiseongyoo/ros2_examples/src/composition_cpp_example/include
[2.232s] -- Added test 'cpplint' to check C / C++ code against the Google style
[2.234s] -- Added test 'lint_cmake' to check CMake code style
[2.239s] -- Added test 'uncrustify' to check C / C++ code style
[2.241s] -- Added test 'xmllint' to check XML markup files
[2.248s] -- Configuring done
[2.546s] -- Generating done
[2.558s] -- Build files have been written to: /home/jiseongyoo/ros2_examples/build/composition_cpp_example
[2.752s] [ 25%] Built target component_sub_cpp
[2.883s] [ 50%] Built target component_pub_cpp
[2.926s] [35m[1mScanning dependencies of target component_service_server_cpp[0m
[3.099s] [ 62%] [32mBuilding CXX object CMakeFiles/component_service_server_cpp.dir/src/component_service_server_cpp_example.cpp.o[0m
[3.127s] [01m[K/home/jiseongyoo/ros2_examples/src/composition_cpp_example/src/component_service_server_cpp_example.cpp:14:10:[m[K [01;31m[Kfatal error: [m[Kcomponent_service_server_cpp_example.hpp: No such file or directory
[3.128s]  #include [01;31m[K"component_service_server_cpp_example.hpp"[m[K
[3.128s]           [01;31m[K^~~~~~~~~~~~~~~~~~~~~~~~~~~~~~~~~~~~~~~~~~[m[K
[3.128s] compilation terminated.
[3.149s] CMakeFiles/component_service_server_cpp.dir/build.make:62: recipe for target 'CMakeFiles/component_service_server_cpp.dir/src/component_service_server_cpp_example.cpp.o' failed
[3.155s] make[2]: *** [CMakeFiles/component_service_server_cpp.dir/src/component_service_server_cpp_example.cpp.o] Error 1
[3.157s] CMakeFiles/Makefile2:205: recipe for target 'CMakeFiles/component_service_server_cpp.dir/all' failed
[3.158s] make[1]: *** [CMakeFiles/component_service_server_cpp.dir/all] Error 2
[3.158s] make: *** [all] Error 2
[3.159s] Makefile:140: recipe for target 'all' failed
