[0.297s] [ 50%] Built target action_client_cpp
[0.316s] [ 75%] [32mBuilding CXX object CMakeFiles/action_server_cpp.dir/src/action_server_cpp_example.cpp.o[0m
[5.255s] In file included from [01m[K/opt/ros/eloquent/include/rclcpp/context.hpp:19:0[m[K,
[5.256s]                  from [01m[K/opt/ros/eloquent/include/rclcpp/contexts/default_context.hpp:18[m[K,
[5.256s]                  from [01m[K/opt/ros/eloquent/include/rclcpp/executor.hpp:32[m[K,
[5.257s]                  from [01m[K/opt/ros/eloquent/include/rclcpp/executors/multi_threaded_executor.hpp:25[m[K,
[5.257s]                  from [01m[K/opt/ros/eloquent/include/rclcpp/executors.hpp:21[m[K,
[5.257s]                  from [01m[K/opt/ros/eloquent/include/rclcpp/rclcpp.hpp:145[m[K,
[5.258s]                  from [01m[K/home/jiseongyoo/ros2_examples/src/action_cpp_example/src/action_server_cpp_example.cpp:1[m[K:
[5.258s] /usr/include/c++/7/functional: In instantiation of ‘[01m[Kstruct std::_Bind_check_arity<rclcpp_action::GoalResponse (ActionServerExample::*)(std::shared_ptr<const interfaces::action::Example_Goal_<std::allocator<void> > >), ActionServerExample*, const std::_Placeholder<1>&, const std::_Placeholder<2>&>[m[K’:
[5.258s] [01m[K/usr/include/c++/7/functional:854:12:[m[K   required from ‘[01m[Kstruct std::_Bind_helper<false, rclcpp_action::GoalResponse (ActionServerExample::*)(std::shared_ptr<const interfaces::action::Example_Goal_<std::allocator<void> > >), ActionServerExample*, const std::_Placeholder<1>&, const std::_Placeholder<2>&>[m[K’
[5.259s] [01m[K/usr/include/c++/7/functional:875:5:[m[K   required by substitution of ‘[01m[Ktemplate<class _Func, class ... _BoundArgs> typename std::_Bind_helper<std::__is_socketlike<_Func>::value, _Func, _BoundArgs ...>::type std::bind(_Func&&, _BoundArgs&& ...) [with _Func = rclcpp_action::GoalResponse (ActionServerExample::*)(std::shared_ptr<const interfaces::action::Example_Goal_<std::allocator<void> > >); _BoundArgs = {ActionServerExample*, const std::_Placeholder<1>&, const std::_Placeholder<2>&}][m[K’
[5.259s] [01m[K/home/jiseongyoo/ros2_examples/src/action_cpp_example/src/action_server_cpp_example.cpp:65:103:[m[K   required from here
[5.259s] [01m[K/usr/include/c++/7/functional:841:7:[m[K [01;31m[Kerror: [m[Kstatic assertion failed: Wrong number of arguments for pointer-to-member
[5.260s]        [01;31m[Kstatic_assert[m[K(_Varargs::value
[5.260s]        [01;31m[K^~~~~~~~~~~~~[m[K
[5.325s] [01m[K/home/jiseongyoo/ros2_examples/src/action_cpp_example/src/action_server_cpp_example.cpp:[m[K In constructor ‘[01m[KActionServerExample::ActionServerExample(const rclcpp::NodeOptions&)[m[K’:
[5.326s] [01m[K/home/jiseongyoo/ros2_examples/src/action_cpp_example/src/action_server_cpp_example.cpp:67:83:[m[K [01;31m[Kerror: [m[Kno matching function for call to ‘[01m[Kcreate_server<interfaces::action::Example>(rclcpp::node_interfaces::NodeBaseInterface::SharedPtr, rclcpp::node_interfaces::NodeClockInterface::SharedPtr, rclcpp::node_interfaces::NodeLoggingInterface::SharedPtr, rclcpp::node_interfaces::NodeWaitablesInterface::SharedPtr, const char [14], std::_Bind_helper<false, rclcpp_action::GoalResponse (ActionServerExample::*)(std::shared_ptr<const interfaces::action::Example_Goal_<std::allocator<void> > >), ActionServerExample*, const std::_Placeholder<1>&, const std::_Placeholder<2>&>::type, std::_Bind_helper<false, rclcpp_action::CancelResponse (ActionServerExample::*)(std::shared_ptr<rclcpp_action::ServerGoalHandle<interfaces::action::Example> >), ActionServerExample*, const std::_Placeholder<1>&>::type, std::_Bind_helper<false, void (ActionServerExample::*)(std::shared_ptr<rclcpp_action::ServerGoalHandle<interfaces::action::Example> >), ActionServerExample*, const std::_Placeholder<1>&>::type)[m[K’
[5.326s]    std::bind(&ActionServerExample::handle_accept, this, std::placeholders::_1)[01;31m[K)[m[K;
[5.327s]                                                                               [01;31m[K^[m[K
[5.327s] In file included from [01m[K/opt/ros/eloquent/include/rclcpp_action/rclcpp_action.hpp:39:0[m[K,
[5.327s]                  from [01m[K/home/jiseongyoo/ros2_examples/src/action_cpp_example/src/action_server_cpp_example.cpp:2[m[K:
[5.328s] [01m[K/opt/ros/eloquent/include/rclcpp_action/create_server.hpp:58:1:[m[K [01;36m[Knote: [m[Kcandidate: template<class ActionT> typename rclcpp_action::Server<ActionT>::SharedPtr rclcpp_action::create_server(rclcpp::node_interfaces::NodeBaseInterface::SharedPtr, rclcpp::node_interfaces::NodeClockInterface::SharedPtr, rclcpp::node_interfaces::NodeLoggingInterface::SharedPtr, rclcpp::node_interfaces::NodeWaitablesInterface::SharedPtr, const string&, typename rclcpp_action::Server<ActionT>::GoalCallback, typename rclcpp_action::Server<ActionT>::CancelCallback, typename rclcpp_action::Server<ActionT>::AcceptedCallback, const rcl_action_server_options_t&, rclcpp::callback_group::CallbackGroup::SharedPtr)
[5.328s]  [01;36m[Kcreate_server[m[K(
[5.328s]  [01;36m[K^~~~~~~~~~~~~[m[K
[5.329s] [01m[K/opt/ros/eloquent/include/rclcpp_action/create_server.hpp:58:1:[m[K [01;36m[Knote: [m[K  template argument deduction/substitution failed:
[5.329s] [01m[K/home/jiseongyoo/ros2_examples/src/action_cpp_example/src/action_server_cpp_example.cpp:65:17:[m[K [01;36m[Knote: [m[K  cannot convert ‘[01m[Kstd::bind(_Func&&, _BoundArgs&& ...) [with _Func = rclcpp_action::GoalResponse (ActionServerExample::*)(std::shared_ptr<const interfaces::action::Example_Goal_<std::allocator<void> > >); _BoundArgs = {ActionServerExample*, const std::_Placeholder<1>&, const std::_Placeholder<2>&}; typename std::_Bind_helper<std::__is_socketlike<_Func>::value, _Func, _BoundArgs ...>::type = std::_Bind<rclcpp_action::GoalResponse (ActionServerExample::*(ActionServerExample*, std::_Placeholder<1>, std::_Placeholder<2>))(std::shared_ptr<const interfaces::action::Example_Goal_<std::allocator<void> > >)>](((ActionServerExample*)this), std::placeholders::_1, std::placeholders::_2)[m[K’ (type ‘[01m[Kstd::_Bind_helper<false, rclcpp_action::GoalResponse (ActionServerExample::*)(std::shared_ptr<const interfaces::action::Example_Goal_<std::allocator<void> > >), ActionServerExample*, const std::_Placeholder<1>&, const std::_Placeholder<2>&>::type {aka std::_Bind<rclcpp_action::GoalResponse (ActionServerExample::*(ActionServerExample*, std::_Placeholder<1>, std::_Placeholder<2>))(std::shared_ptr<const interfaces::action::Example_Goal_<std::allocator<void> > >)>}[m[K’) to type ‘[01m[Krclcpp_action::Server<interfaces::action::Example>::GoalCallback {aka std::function<rclcpp_action::GoalResponse(const std::array<unsigned char, 16>&, std::shared_ptr<const interfaces::action::Example_Goal_<std::allocator<void> > >)>}[m[K’
[5.330s]         [01;36m[Kstd::bind(&ActionServerExample::handle_goal, this, std::placeholders::_1, std::placeholders::_2)[m[K,
[5.340s]         [01;36m[K~~~~~~~~~^~~~~~~~~~~~~~~~~~~~~~~~~~~~~~~~~~~~~~~~~~~~~~~~~~~~~~~~~~~~~~~~~~~~~~~~~~~~~~~~~~~~~~~[m[K
[5.340s] In file included from [01m[K/opt/ros/eloquent/include/rclcpp_action/rclcpp_action.hpp:39:0[m[K,
[5.340s]                  from [01m[K/home/jiseongyoo/ros2_examples/src/action_cpp_example/src/action_server_cpp_example.cpp:2[m[K:
[5.341s] [01m[K/opt/ros/eloquent/include/rclcpp_action/create_server.hpp:133:1:[m[K [01;36m[Knote: [m[Kcandidate: template<class ActionT, class NodeT> typename rclcpp_action::Server<ActionT>::SharedPtr rclcpp_action::create_server(NodeT, const string&, typename rclcpp_action::Server<ActionT>::GoalCallback, typename rclcpp_action::Server<ActionT>::CancelCallback, typename rclcpp_action::Server<ActionT>::AcceptedCallback, const rcl_action_server_options_t&, rclcpp::callback_group::CallbackGroup::SharedPtr)
[5.341s]  [01;36m[Kcreate_server[m[K(
[5.342s]  [01;36m[K^~~~~~~~~~~~~[m[K
[5.342s] [01m[K/opt/ros/eloquent/include/rclcpp_action/create_server.hpp:133:1:[m[K [01;36m[Knote: [m[K  template argument deduction/substitution failed:
[5.342s] [01m[K/home/jiseongyoo/ros2_examples/src/action_cpp_example/src/action_server_cpp_example.cpp:67:83:[m[K [01;36m[Knote: [m[K  candidate expects 7 arguments, 8 provided
[5.343s]    std::bind(&ActionServerExample::handle_accept, this, std::placeholders::_1)[01;36m[K)[m[K;
[5.343s]                                                                               [01;36m[K^[m[K
[6.380s] CMakeFiles/action_server_cpp.dir/build.make:62: recipe for target 'CMakeFiles/action_server_cpp.dir/src/action_server_cpp_example.cpp.o' failed
[6.382s] make[2]: *** [CMakeFiles/action_server_cpp.dir/src/action_server_cpp_example.cpp.o] Error 1
[6.385s] CMakeFiles/Makefile2:131: recipe for target 'CMakeFiles/action_server_cpp.dir/all' failed
[6.386s] make[1]: *** [CMakeFiles/action_server_cpp.dir/all] Error 2
[6.387s] Makefile:140: recipe for target 'all' failed
[6.389s] make: *** [all] Error 2
