[0.367s] [35m[1mScanning dependencies of target component_service_server_cpp[0m
[0.427s] [ 11%] Built target component_subscriber_cpp
[0.585s] [ 22%] Built target component_publisher_cpp
[0.627s] [ 27%] [32mBuilding CXX object CMakeFiles/component_service_server_cpp.dir/src/service_server_cpp_example.cpp.o[0m
[0.679s] [35m[1mScanning dependencies of target component_service_client_cpp[0m
[0.809s] [ 33%] [32mBuilding CXX object CMakeFiles/component_service_client_cpp.dir/src/service_client_cpp_example.cpp.o[0m
[9.938s] [ 38%] [32m[1mLinking CXX shared library libcomponent_service_server_cpp.so[0m
[10.772s] [ 38%] Built target component_service_server_cpp
[10.908s] [ 50%] Built target component_action_client_cpp
[11.063s] [ 61%] Built target component_action_server_cpp
[11.076s] [ 66%] [32m[1mLinking CXX shared library libcomponent_service_client_cpp.so[0m
[11.141s] [35m[1mScanning dependencies of target component_parameter_server_cpp[0m
[11.322s] [ 72%] [32mBuilding CXX object CMakeFiles/component_parameter_server_cpp.dir/src/parameter_server_cpp_example.cpp.o[0m
[11.872s] [ 72%] Built target component_service_client_cpp
[11.942s] [35m[1mScanning dependencies of target component_parameter_client_cpp[0m
[12.108s] [ 77%] [32mBuilding CXX object CMakeFiles/component_parameter_client_cpp.dir/src/parameter_client_cpp_example.cpp.o[0m
[15.707s] In file included from [01m[K/opt/ros/eloquent/include/class_loader/class_loader.hpp:56:0[m[K,
[15.708s]                  from [01m[K/opt/ros/eloquent/include/rclcpp_components/register_node_macro.hpp:18[m[K,
[15.708s]                  from [01m[K/home/jiseongyoo/ros2_examples/src/composition_cpp_example/src/parameter_server_cpp_example.cpp:21[m[K:
[15.708s] [01m[K/home/jiseongyoo/ros2_examples/src/composition_cpp_example/src/parameter_server_cpp_example.cpp:23:44:[m[K [01;31m[Kerror: [m[K‘[01m[KServiceServerExample[m[K’ is not a member of ‘[01m[Kcomponent[m[K’
[15.709s]  RCLCPP_COMPONENTS_REGISTER_NODE(component::[01;31m[KS[m[KerviceServerExample)
[15.709s]                                             [01;31m[K^[m[K
[15.709s] [01m[K/opt/ros/eloquent/include/class_loader/register_macro.hpp:52:14:[m[K [01;36m[Knote: [m[Kin definition of macro ‘[01m[KCLASS_LOADER_REGISTER_CLASS_INTERNAL_WITH_MESSAGE[m[K’
[15.710s]      typedef  [01;36m[KDerived[m[K _derived; \
[15.710s]               [01;36m[K^~~~~~~[m[K
[15.710s] [01m[K/opt/ros/eloquent/include/class_loader/register_macro.hpp:73:3:[m[K [01;36m[Knote: [m[Kin expansion of macro ‘[01m[KCLASS_LOADER_REGISTER_CLASS_INTERNAL_HOP1_WITH_MESSAGE[m[K’
[15.711s]    [01;36m[KCLASS_LOADER_REGISTER_CLASS_INTERNAL_HOP1_WITH_MESSAGE[m[K(Derived, Base, __COUNTER__, Message)
[15.711s]    [01;36m[K^~~~~~~~~~~~~~~~~~~~~~~~~~~~~~~~~~~~~~~~~~~~~~~~~~~~~~[m[K
[15.712s] [01m[K/opt/ros/eloquent/include/class_loader/register_macro.hpp:80:3:[m[K [01;36m[Knote: [m[Kin expansion of macro ‘[01m[KCLASS_LOADER_REGISTER_CLASS_WITH_MESSAGE[m[K’
[15.712s]    [01;36m[KCLASS_LOADER_REGISTER_CLASS_WITH_MESSAGE[m[K(Derived, Base, "")
[15.713s]    [01;36m[K^~~~~~~~~~~~~~~~~~~~~~~~~~~~~~~~~~~~~~~~[m[K
[15.713s] [01m[K/opt/ros/eloquent/include/rclcpp_components/register_node_macro.hpp:34:3:[m[K [01;36m[Knote: [m[Kin expansion of macro ‘[01m[KCLASS_LOADER_REGISTER_CLASS[m[K’
[15.713s]    [01;36m[KCLASS_LOADER_REGISTER_CLASS[m[K( \
[15.714s]    [01;36m[K^~~~~~~~~~~~~~~~~~~~~~~~~~~[m[K
[15.721s] [01m[K/home/jiseongyoo/ros2_examples/src/composition_cpp_example/src/parameter_server_cpp_example.cpp:23:1:[m[K [01;36m[Knote: [m[Kin expansion of macro ‘[01m[KRCLCPP_COMPONENTS_REGISTER_NODE[m[K’
[15.721s]  [01;36m[KRCLCPP_COMPONENTS_REGISTER_NODE[m[K(component::ServiceServerExample)
[15.722s]  [01;36m[K^~~~~~~~~~~~~~~~~~~~~~~~~~~~~~~[m[K
[15.722s] [01m[K/home/jiseongyoo/ros2_examples/src/composition_cpp_example/src/parameter_server_cpp_example.cpp:23:44:[m[K [01;36m[Knote: [m[Ksuggested alternative: ‘[01m[KParameterServerExample[m[K’
[15.722s]  RCLCPP_COMPONENTS_REGISTER_NODE(component::[01;36m[KS[m[KerviceServerExample)
[15.723s]                                             [01;36m[K^[m[K
[15.723s] [01m[K/opt/ros/eloquent/include/class_loader/register_macro.hpp:52:14:[m[K [01;36m[Knote: [m[Kin definition of macro ‘[01m[KCLASS_LOADER_REGISTER_CLASS_INTERNAL_WITH_MESSAGE[m[K’
[15.724s]      typedef  [01;36m[KDerived[m[K _derived; \
[15.724s]               [01;36m[K^~~~~~~[m[K
[15.724s] [01m[K/opt/ros/eloquent/include/class_loader/register_macro.hpp:73:3:[m[K [01;36m[Knote: [m[Kin expansion of macro ‘[01m[KCLASS_LOADER_REGISTER_CLASS_INTERNAL_HOP1_WITH_MESSAGE[m[K’
[15.725s]    [01;36m[KCLASS_LOADER_REGISTER_CLASS_INTERNAL_HOP1_WITH_MESSAGE[m[K(Derived, Base, __COUNTER__, Message)
[15.725s]    [01;36m[K^~~~~~~~~~~~~~~~~~~~~~~~~~~~~~~~~~~~~~~~~~~~~~~~~~~~~~[m[K
[15.725s] [01m[K/opt/ros/eloquent/include/class_loader/register_macro.hpp:80:3:[m[K [01;36m[Knote: [m[Kin expansion of macro ‘[01m[KCLASS_LOADER_REGISTER_CLASS_WITH_MESSAGE[m[K’
[15.726s]    [01;36m[KCLASS_LOADER_REGISTER_CLASS_WITH_MESSAGE[m[K(Derived, Base, "")
[15.726s]    [01;36m[K^~~~~~~~~~~~~~~~~~~~~~~~~~~~~~~~~~~~~~~~[m[K
[15.726s] [01m[K/opt/ros/eloquent/include/rclcpp_components/register_node_macro.hpp:34:3:[m[K [01;36m[Knote: [m[Kin expansion of macro ‘[01m[KCLASS_LOADER_REGISTER_CLASS[m[K’
[15.727s]    [01;36m[KCLASS_LOADER_REGISTER_CLASS[m[K( \
[15.727s]    [01;36m[K^~~~~~~~~~~~~~~~~~~~~~~~~~~[m[K
[15.727s] [01m[K/home/jiseongyoo/ros2_examples/src/composition_cpp_example/src/parameter_server_cpp_example.cpp:23:1:[m[K [01;36m[Knote: [m[Kin expansion of macro ‘[01m[KRCLCPP_COMPONENTS_REGISTER_NODE[m[K’
[15.728s]  [01;36m[KRCLCPP_COMPONENTS_REGISTER_NODE[m[K(component::ServiceServerExample)
[15.728s]  [01;36m[K^~~~~~~~~~~~~~~~~~~~~~~~~~~~~~~[m[K
[15.728s] [01m[K/home/jiseongyoo/ros2_examples/src/composition_cpp_example/src/parameter_server_cpp_example.cpp:23:44:[m[K [01;31m[Kerror: [m[K‘[01m[KServiceServerExample[m[K’ is not a member of ‘[01m[Kcomponent[m[K’
[15.729s]  RCLCPP_COMPONENTS_REGISTER_NODE(component::[01;31m[KS[m[KerviceServerExample)
[15.729s]                                             [01;31m[K^[m[K
[15.729s] [01m[K/opt/ros/eloquent/include/class_loader/register_macro.hpp:52:14:[m[K [01;36m[Knote: [m[Kin definition of macro ‘[01m[KCLASS_LOADER_REGISTER_CLASS_INTERNAL_WITH_MESSAGE[m[K’
[15.730s]      typedef  [01;36m[KDerived[m[K _derived; \
[15.730s]               [01;36m[K^~~~~~~[m[K
[15.741s] [01m[K/opt/ros/eloquent/include/class_loader/register_macro.hpp:73:3:[m[K [01;36m[Knote: [m[Kin expansion of macro ‘[01m[KCLASS_LOADER_REGISTER_CLASS_INTERNAL_HOP1_WITH_MESSAGE[m[K’
[15.741s]    [01;36m[KCLASS_LOADER_REGISTER_CLASS_INTERNAL_HOP1_WITH_MESSAGE[m[K(Derived, Base, __COUNTER__, Message)
[15.741s]    [01;36m[K^~~~~~~~~~~~~~~~~~~~~~~~~~~~~~~~~~~~~~~~~~~~~~~~~~~~~~[m[K
[15.742s] [01m[K/opt/ros/eloquent/include/class_loader/register_macro.hpp:80:3:[m[K [01;36m[Knote: [m[Kin expansion of macro ‘[01m[KCLASS_LOADER_REGISTER_CLASS_WITH_MESSAGE[m[K’
[15.742s]    [01;36m[KCLASS_LOADER_REGISTER_CLASS_WITH_MESSAGE[m[K(Derived, Base, "")
[15.743s]    [01;36m[K^~~~~~~~~~~~~~~~~~~~~~~~~~~~~~~~~~~~~~~~[m[K
[15.743s] [01m[K/opt/ros/eloquent/include/rclcpp_components/register_node_macro.hpp:34:3:[m[K [01;36m[Knote: [m[Kin expansion of macro ‘[01m[KCLASS_LOADER_REGISTER_CLASS[m[K’
[15.743s]    [01;36m[KCLASS_LOADER_REGISTER_CLASS[m[K( \
[15.744s]    [01;36m[K^~~~~~~~~~~~~~~~~~~~~~~~~~~[m[K
[15.744s] [01m[K/home/jiseongyoo/ros2_examples/src/composition_cpp_example/src/parameter_server_cpp_example.cpp:23:1:[m[K [01;36m[Knote: [m[Kin expansion of macro ‘[01m[KRCLCPP_COMPONENTS_REGISTER_NODE[m[K’
[15.744s]  [01;36m[KRCLCPP_COMPONENTS_REGISTER_NODE[m[K(component::ServiceServerExample)
[15.745s]  [01;36m[K^~~~~~~~~~~~~~~~~~~~~~~~~~~~~~~[m[K
[15.745s] [01m[K/home/jiseongyoo/ros2_examples/src/composition_cpp_example/src/parameter_server_cpp_example.cpp:23:44:[m[K [01;36m[Knote: [m[Ksuggested alternative: ‘[01m[KParameterServerExample[m[K’
[15.745s]  RCLCPP_COMPONENTS_REGISTER_NODE(component::[01;36m[KS[m[KerviceServerExample)
[15.746s]                                             [01;36m[K^[m[K
[15.746s] [01m[K/opt/ros/eloquent/include/class_loader/register_macro.hpp:52:14:[m[K [01;36m[Knote: [m[Kin definition of macro ‘[01m[KCLASS_LOADER_REGISTER_CLASS_INTERNAL_WITH_MESSAGE[m[K’
[15.746s]      typedef  [01;36m[KDerived[m[K _derived; \
[15.747s]               [01;36m[K^~~~~~~[m[K
[15.747s] [01m[K/opt/ros/eloquent/include/class_loader/register_macro.hpp:73:3:[m[K [01;36m[Knote: [m[Kin expansion of macro ‘[01m[KCLASS_LOADER_REGISTER_CLASS_INTERNAL_HOP1_WITH_MESSAGE[m[K’
[15.747s]    [01;36m[KCLASS_LOADER_REGISTER_CLASS_INTERNAL_HOP1_WITH_MESSAGE[m[K(Derived, Base, __COUNTER__, Message)
[15.748s]    [01;36m[K^~~~~~~~~~~~~~~~~~~~~~~~~~~~~~~~~~~~~~~~~~~~~~~~~~~~~~[m[K
[15.748s] [01m[K/opt/ros/eloquent/include/class_loader/register_macro.hpp:80:3:[m[K [01;36m[Knote: [m[Kin expansion of macro ‘[01m[KCLASS_LOADER_REGISTER_CLASS_WITH_MESSAGE[m[K’
[15.767s]    [01;36m[KCLASS_LOADER_REGISTER_CLASS_WITH_MESSAGE[m[K(Derived, Base, "")
[15.767s]    [01;36m[K^~~~~~~~~~~~~~~~~~~~~~~~~~~~~~~~~~~~~~~~[m[K
[15.768s] [01m[K/opt/ros/eloquent/include/rclcpp_components/register_node_macro.hpp:34:3:[m[K [01;36m[Knote: [m[Kin expansion of macro ‘[01m[KCLASS_LOADER_REGISTER_CLASS[m[K’
[15.768s]    [01;36m[KCLASS_LOADER_REGISTER_CLASS[m[K( \
[15.768s]    [01;36m[K^~~~~~~~~~~~~~~~~~~~~~~~~~~[m[K
[15.769s] [01m[K/home/jiseongyoo/ros2_examples/src/composition_cpp_example/src/parameter_server_cpp_example.cpp:23:1:[m[K [01;36m[Knote: [m[Kin expansion of macro ‘[01m[KRCLCPP_COMPONENTS_REGISTER_NODE[m[K’
[15.769s]  [01;36m[KRCLCPP_COMPONENTS_REGISTER_NODE[m[K(component::ServiceServerExample)
[15.769s]  [01;36m[K^~~~~~~~~~~~~~~~~~~~~~~~~~~~~~~[m[K
[15.770s] [01m[K/opt/ros/eloquent/include/rclcpp_components/register_node_macro.hpp:35:53:[m[K [01;31m[Kerror: [m[Ktemplate argument 1 is invalid
[15.770s]      rclcpp_components::NodeFactoryTemplate<NodeClass[01;31m[K>[m[K, \
[15.770s]                                                      [01;31m[K^[m[K
[15.771s] [01m[K/opt/ros/eloquent/include/class_loader/register_macro.hpp:52:14:[m[K [01;36m[Knote: [m[Kin definition of macro ‘[01m[KCLASS_LOADER_REGISTER_CLASS_INTERNAL_WITH_MESSAGE[m[K’
[15.771s]      typedef  [01;36m[KDerived[m[K _derived; \
[15.771s]               [01;36m[K^~~~~~~[m[K
[15.772s] [01m[K/opt/ros/eloquent/include/class_loader/register_macro.hpp:73:3:[m[K [01;36m[Knote: [m[Kin expansion of macro ‘[01m[KCLASS_LOADER_REGISTER_CLASS_INTERNAL_HOP1_WITH_MESSAGE[m[K’
[15.772s]    [01;36m[KCLASS_LOADER_REGISTER_CLASS_INTERNAL_HOP1_WITH_MESSAGE[m[K(Derived, Base, __COUNTER__, Message)
[15.772s]    [01;36m[K^~~~~~~~~~~~~~~~~~~~~~~~~~~~~~~~~~~~~~~~~~~~~~~~~~~~~~[m[K
[15.773s] [01m[K/opt/ros/eloquent/include/class_loader/register_macro.hpp:80:3:[m[K [01;36m[Knote: [m[Kin expansion of macro ‘[01m[KCLASS_LOADER_REGISTER_CLASS_WITH_MESSAGE[m[K’
[15.773s]    [01;36m[KCLASS_LOADER_REGISTER_CLASS_WITH_MESSAGE[m[K(Derived, Base, "")
[15.773s]    [01;36m[K^~~~~~~~~~~~~~~~~~~~~~~~~~~~~~~~~~~~~~~~[m[K
[15.774s] [01m[K/opt/ros/eloquent/include/rclcpp_components/register_node_macro.hpp:34:3:[m[K [01;36m[Knote: [m[Kin expansion of macro ‘[01m[KCLASS_LOADER_REGISTER_CLASS[m[K’
[15.782s]    [01;36m[KCLASS_LOADER_REGISTER_CLASS[m[K( \
[15.783s]    [01;36m[K^~~~~~~~~~~~~~~~~~~~~~~~~~~[m[K
[15.783s] [01m[K/home/jiseongyoo/ros2_examples/src/composition_cpp_example/src/parameter_server_cpp_example.cpp:23:1:[m[K [01;36m[Knote: [m[Kin expansion of macro ‘[01m[KRCLCPP_COMPONENTS_REGISTER_NODE[m[K’
[15.784s]  [01;36m[KRCLCPP_COMPONENTS_REGISTER_NODE[m[K(component::ServiceServerExample)
[15.784s]  [01;36m[K^~~~~~~~~~~~~~~~~~~~~~~~~~~~~~~[m[K
[16.329s] In file included from [01m[K/opt/ros/eloquent/include/class_loader/class_loader_core.hpp:56:0[m[K,
[16.329s]                  from [01m[K/opt/ros/eloquent/include/class_loader/class_loader.hpp:55[m[K,
[16.330s]                  from [01m[K/opt/ros/eloquent/include/rclcpp_components/register_node_macro.hpp:18[m[K,
[16.330s]                  from [01m[K/home/jiseongyoo/ros2_examples/src/composition_cpp_example/src/parameter_server_cpp_example.cpp:21[m[K:
[16.331s] /opt/ros/eloquent/include/class_loader/meta_object.hpp: In instantiation of ‘[01m[KB* class_loader::impl::MetaObject<C, B>::create() const [with C = int; B = rclcpp_components::NodeFactory][m[K’:
[16.331s] [01m[K/home/jiseongyoo/ros2_examples/src/composition_cpp_example/src/parameter_server_cpp_example.cpp:23:1:[m[K   required from here
[16.331s] [01m[K/opt/ros/eloquent/include/class_loader/meta_object.hpp:193:16:[m[K [01;31m[Kerror: [m[Kcannot convert ‘[01m[Kint*[m[K’ to ‘[01m[Krclcpp_components::NodeFactory*[m[K’ in return
[16.332s]      return new [01;31m[KC[m[K;
[16.332s]                 [01;31m[K^[m[K
[16.445s] CMakeFiles/component_parameter_server_cpp.dir/build.make:62: recipe for target 'CMakeFiles/component_parameter_server_cpp.dir/src/parameter_server_cpp_example.cpp.o' failed
[16.446s] make[2]: *** [CMakeFiles/component_parameter_server_cpp.dir/src/parameter_server_cpp_example.cpp.o] Error 1
[16.450s] CMakeFiles/Makefile2:353: recipe for target 'CMakeFiles/component_parameter_server_cpp.dir/all' failed
[16.450s] make[1]: *** [CMakeFiles/component_parameter_server_cpp.dir/all] Error 2
[16.452s] make[1]: *** Waiting for unfinished jobs....
[20.655s] [ 83%] [32m[1mLinking CXX shared library libcomponent_parameter_client_cpp.so[0m
[21.351s] [ 83%] Built target component_parameter_client_cpp
[21.356s] Makefile:140: recipe for target 'all' failed
[21.356s] make: *** [all] Error 2
