[0.273s] [35m[1mScanning dependencies of target pub_cpp[0m
[0.451s] [ 50%] [32mBuilding CXX object CMakeFiles/pub_cpp.dir/src/pub_cpp_template.cpp.o[0m
[9.853s] [100%] [32m[1mLinking CXX executable pub_cpp[0m
[10.631s] [100%] Built target pub_cpp
[11.122s] [100%] Built target pub_cpp
[11.207s] [36mInstall the project...[0m
[11.241s] -- Install configuration: ""
[11.245s] -- Installing: /home/jiseongyoo/ros2_examples/install/pubsub_cpp_template/lib/pubsub_cpp_template/pub_cpp
[11.250s] -- Set runtime path of "/home/jiseongyoo/ros2_examples/install/pubsub_cpp_template/lib/pubsub_cpp_template/pub_cpp" to ""
[11.251s] -- Up-to-date: /home/jiseongyoo/ros2_examples/install/pubsub_cpp_template/share/ament_index/resource_index/package_run_dependencies/pubsub_cpp_template
[11.252s] -- Up-to-date: /home/jiseongyoo/ros2_examples/install/pubsub_cpp_template/share/ament_index/resource_index/parent_prefix_path/pubsub_cpp_template
[11.252s] -- Up-to-date: /home/jiseongyoo/ros2_examples/install/pubsub_cpp_template/share/pubsub_cpp_template/environment/ament_prefix_path.sh
[11.253s] -- Up-to-date: /home/jiseongyoo/ros2_examples/install/pubsub_cpp_template/share/pubsub_cpp_template/environment/ament_prefix_path.dsv
[11.253s] -- Up-to-date: /home/jiseongyoo/ros2_examples/install/pubsub_cpp_template/share/pubsub_cpp_template/environment/path.sh
[11.254s] -- Up-to-date: /home/jiseongyoo/ros2_examples/install/pubsub_cpp_template/share/pubsub_cpp_template/environment/path.dsv
[11.254s] -- Up-to-date: /home/jiseongyoo/ros2_examples/install/pubsub_cpp_template/share/pubsub_cpp_template/local_setup.bash
[11.255s] -- Up-to-date: /home/jiseongyoo/ros2_examples/install/pubsub_cpp_template/share/pubsub_cpp_template/local_setup.sh
[11.255s] -- Up-to-date: /home/jiseongyoo/ros2_examples/install/pubsub_cpp_template/share/pubsub_cpp_template/local_setup.zsh
[11.255s] -- Up-to-date: /home/jiseongyoo/ros2_examples/install/pubsub_cpp_template/share/pubsub_cpp_template/local_setup.dsv
[11.256s] -- Installing: /home/jiseongyoo/ros2_examples/install/pubsub_cpp_template/share/pubsub_cpp_template/package.dsv
[11.256s] -- Up-to-date: /home/jiseongyoo/ros2_examples/install/pubsub_cpp_template/share/ament_index/resource_index/packages/pubsub_cpp_template
[11.256s] -- Up-to-date: /home/jiseongyoo/ros2_examples/install/pubsub_cpp_template/share/pubsub_cpp_template/cmake/pubsub_cpp_templateConfig.cmake
[11.257s] -- Up-to-date: /home/jiseongyoo/ros2_examples/install/pubsub_cpp_template/share/pubsub_cpp_template/cmake/pubsub_cpp_templateConfig-version.cmake
[11.257s] -- Up-to-date: /home/jiseongyoo/ros2_examples/install/pubsub_cpp_template/share/pubsub_cpp_template/package.xml
