[2.378s] CMake Error at /opt/ros/eloquent/share/rosidl_adapter/cmake/rosidl_adapt_interfaces.cmake:60 (message):
[2.378s]   execute_process(/usr/bin/python3 -m rosidl_adapter --package-name
[2.379s]   interfaces --arguments-file
[2.379s]   /home/jiseongyoo/ros2_examples/build/interfaces/rosidl_adapter__arguments__interfaces.json
[2.380s]   --output-dir
[2.380s]   /home/jiseongyoo/ros2_examples/build/interfaces/rosidl_adapter/interfaces
[2.380s]   --output-file
[2.381s]   /home/jiseongyoo/ros2_examples/build/interfaces/rosidl_adapter/interfaces.idls)
[2.381s]   returned error code 1:
[2.381s] 
[2.382s]   Traceback (most recent call last):
[2.382s] 
[2.382s]     File "/usr/lib/python3.6/runpy.py", line 193, in _run_module_as_main
[2.383s]       "__main__", mod_spec)
[2.383s]     File "/usr/lib/python3.6/runpy.py", line 85, in _run_code
[2.384s]       exec(code, run_globals)
[2.384s]     File "/opt/ros/eloquent/lib/python3.6/site-packages/rosidl_adapter/__main__.py", line 19, in <module>
[2.384s]       sys.exit(main())
[2.385s]     File "/opt/ros/eloquent/lib/python3.6/site-packages/rosidl_adapter/main.py", line 55, in main
[2.385s]       pathlib.Path(relative_path), output_dir)
[2.385s]     File "/opt/ros/eloquent/lib/python3.6/site-packages/rosidl_adapter/__init__.py", line 20, in convert_to_idl
[2.386s]       package_dir, package_name, interface_file, output_dir / 'msg')
[2.386s]     File "/opt/ros/eloquent/lib/python3.6/site-packages/rosidl_adapter/msg/__init__.py", line 28, in convert_msg_to_idl
[2.398s]       msg = parse_message_string(package_name, input_file.stem, content)
[2.399s]     File "/opt/ros/eloquent/lib/python3.6/site-packages/rosidl_adapter/parser.py", line 531, in parse_message_string
[2.399s]       msg = MessageSpecification(pkg_name, msg_name, fields, constants)
[2.399s]     File "/opt/ros/eloquent/lib/python3.6/site-packages/rosidl_adapter/parser.py", line 382, in __init__
[2.400s]       pkg_name + PACKAGE_NAME_MESSAGE_TYPE_SEPARATOR + msg_name)
[2.400s]     File "/opt/ros/eloquent/lib/python3.6/site-packages/rosidl_adapter/parser.py", line 200, in __init__
[2.400s]       self.type, VALID_MESSAGE_NAME_PATTERN.pattern))
[2.401s] 
[2.401s]   rosidl_adapter.parser.InvalidResourceName: 'msg_collection' is an invalid
[2.401s]   message name.  It should have the pattern '^[A-Z][A-Za-z0-9]*$'
[2.402s] 
[2.402s] Call Stack (most recent call first):
[2.402s]   /opt/ros/eloquent/share/rosidl_cmake/cmake/rosidl_generate_interfaces.cmake:130 (rosidl_adapt_interfaces)
[2.403s]   CMakeLists.txt:23 (rosidl_generate_interfaces)
[2.403s] 
[2.404s] 
