[9.058s] CMake Error at /opt/ros/eloquent/share/rosidl_adapter/cmake/rosidl_adapt_interfaces.cmake:60 (message):
[9.059s]   execute_process(/usr/bin/python3 -m rosidl_adapter --package-name
[9.061s]   interfaces --arguments-file
[9.062s]   /home/jiseongyoo/ros2_examples/build/interfaces/rosidl_adapter__arguments__interfaces.json
[9.062s]   --output-dir
[9.062s]   /home/jiseongyoo/ros2_examples/build/interfaces/rosidl_adapter/interfaces
[9.063s]   --output-file
[9.063s]   /home/jiseongyoo/ros2_examples/build/interfaces/rosidl_adapter/interfaces.idls)
[9.063s]   returned error code 1:
[9.064s] 
[9.064s]   Traceback (most recent call last):
[9.064s] 
[9.065s]     File "/usr/lib/python3.6/runpy.py", line 193, in _run_module_as_main
[9.065s]       "__main__", mod_spec)
[9.077s]     File "/usr/lib/python3.6/runpy.py", line 85, in _run_code
[9.077s]       exec(code, run_globals)
[9.078s]     File "/opt/ros/eloquent/lib/python3.6/site-packages/rosidl_adapter/__main__.py", line 19, in <module>
[9.078s]       sys.exit(main())
[9.078s]     File "/opt/ros/eloquent/lib/python3.6/site-packages/rosidl_adapter/main.py", line 55, in main
[9.079s]       pathlib.Path(relative_path), output_dir)
[9.079s]     File "/opt/ros/eloquent/lib/python3.6/site-packages/rosidl_adapter/__init__.py", line 20, in convert_to_idl
[9.079s]       package_dir, package_name, interface_file, output_dir / 'msg')
[9.080s]     File "/opt/ros/eloquent/lib/python3.6/site-packages/rosidl_adapter/msg/__init__.py", line 28, in convert_msg_to_idl
[9.080s]       msg = parse_message_string(package_name, input_file.stem, content)
[9.081s]     File "/opt/ros/eloquent/lib/python3.6/site-packages/rosidl_adapter/parser.py", line 531, in parse_message_string
[9.081s]       msg = MessageSpecification(pkg_name, msg_name, fields, constants)
[9.081s]     File "/opt/ros/eloquent/lib/python3.6/site-packages/rosidl_adapter/parser.py", line 382, in __init__
[9.090s]       pkg_name + PACKAGE_NAME_MESSAGE_TYPE_SEPARATOR + msg_name)
[9.091s]     File "/opt/ros/eloquent/lib/python3.6/site-packages/rosidl_adapter/parser.py", line 200, in __init__
[9.091s]       self.type, VALID_MESSAGE_NAME_PATTERN.pattern))
[9.092s] 
[9.092s]   rosidl_adapter.parser.InvalidResourceName: 'msg_collection' is an invalid
[9.092s]   message name.  It should have the pattern '^[A-Z][A-Za-z0-9]*$'
[9.093s] 
[9.093s] Call Stack (most recent call first):
[9.093s]   /opt/ros/eloquent/share/rosidl_cmake/cmake/rosidl_generate_interfaces.cmake:130 (rosidl_adapt_interfaces)
[9.102s]   CMakeLists.txt:23 (rosidl_generate_interfaces)
[9.103s] 
[9.103s] 
