[0.731s] -- The C compiler identification is GNU 7.5.0
[1.239s] -- The CXX compiler identification is GNU 7.5.0
[1.285s] -- Check for working C compiler: /usr/bin/cc
[1.715s] -- Check for working C compiler: /usr/bin/cc -- works
[1.738s] -- Detecting C compiler ABI info
[2.150s] -- Detecting C compiler ABI info - done
[2.200s] -- Detecting C compile features
[3.455s] -- Detecting C compile features - done
[3.488s] -- Check for working CXX compiler: /usr/bin/c++
[3.913s] -- Check for working CXX compiler: /usr/bin/c++ -- works
[3.917s] -- Detecting CXX compiler ABI info
[4.321s] -- Detecting CXX compiler ABI info - done
[4.347s] -- Detecting CXX compile features
[6.070s] -- Detecting CXX compile features - done
[6.107s] -- Found ament_cmake: 0.8.2 (/opt/ros/eloquent/share/ament_cmake/cmake)
[6.251s] -- Found PythonInterp: /usr/bin/python3 (found suitable version "3.6.9", minimum required is "3") 
[6.252s] -- Using PYTHON_EXECUTABLE: /usr/bin/python3
[7.244s] -- Found rosidl_default_generators: 0.8.0 (/opt/ros/eloquent/share/rosidl_default_generators/cmake)
[7.722s] -- Found OpenSSL: /usr/lib/x86_64-linux-gnu/libcrypto.so (found version "1.1.1") 
[7.796s] -- Found FastRTPS: /opt/ros/eloquent/include  
[7.881s] -- Found rosidl_adapter: 0.8.2 (/opt/ros/eloquent/share/rosidl_adapter/cmake)
[8.330s] -- Found PythonInterp: /usr/bin/python3 (found version "3.6.9") 
[9.103s] -- Configuring incomplete, errors occurred!
[9.104s] See also "/home/jiseongyoo/ros2_examples/build/interfaces/CMakeFiles/CMakeOutput.log".
