[0.206s] -- Found ament_cmake: 0.8.2 (/opt/ros/eloquent/share/ament_cmake/cmake)
[0.316s] -- Using PYTHON_EXECUTABLE: /usr/bin/python3
[1.076s] -- Found rclcpp: 0.8.4 (/opt/ros/eloquent/share/rclcpp/cmake)
[1.127s] -- Found rosidl_adapter: 0.8.2 (/opt/ros/eloquent/share/rosidl_adapter/cmake)
[1.292s] -- Found rmw_implementation_cmake: 0.8.1 (/opt/ros/eloquent/share/rmw_implementation_cmake/cmake)
[1.298s] -- Using RMW implementation 'rmw_fastrtps_cpp' as default
[1.426s] -- Found interfaces: 0.0.0 (/home/jiseongyoo/ros2_examples/install/interfaces/share/interfaces/cmake)
[1.561s] -- Found ament_lint_auto: 0.8.1 (/opt/ros/eloquent/share/ament_lint_auto/cmake)
[1.890s] -- Added test 'copyright' to check for copyright in CMake / C / C++ / Python code
[1.894s] -- Added test 'cppcheck' to perform static code analysis on C / C++ code
[1.896s] -- Configured cppcheck include dirs: 
[1.899s] -- Added test 'cpplint' to check C / C++ code against the Google style
[1.899s] -- Added test 'lint_cmake' to check CMake code style
[1.903s] -- Added test 'uncrustify' to check C / C++ code style
[1.904s] -- Added test 'xmllint' to check XML markup files
[1.912s] -- Configuring done
[1.989s] -- Generating done
[1.996s] -- Build files have been written to: /home/jiseongyoo/ros2_examples/build/pubsub_cpp_example
[2.110s] [35m[1mScanning dependencies of target pub_cpp[0m
[2.238s] [ 50%] [32mBuilding CXX object CMakeFiles/pub_cpp.dir/src/pub_cpp_template.cpp.o[0m
[2.537s] CMakeFiles/pub_cpp.dir/build.make:62: recipe for target 'CMakeFiles/pub_cpp.dir/src/pub_cpp_template.cpp.o' failed
[2.538s] CMakeFiles/Makefile2:131: recipe for target 'CMakeFiles/pub_cpp.dir/all' failed
[2.539s] Makefile:140: recipe for target 'all' failed
