[5.505s] In file included from [01m[K/opt/ros/eloquent/include/rclcpp/client.hpp:31:0[m[K,
[5.506s]                  from [01m[K/opt/ros/eloquent/include/rclcpp/callback_group.hpp:23[m[K,
[5.507s]                  from [01m[K/opt/ros/eloquent/include/rclcpp/any_executable.hpp:20[m[K,
[5.508s]                  from [01m[K/opt/ros/eloquent/include/rclcpp/memory_strategy.hpp:24[m[K,
[5.508s]                  from [01m[K/opt/ros/eloquent/include/rclcpp/memory_strategies.hpp:18[m[K,
[5.509s]                  from [01m[K/opt/ros/eloquent/include/rclcpp/executor.hpp:33[m[K,
[5.509s]                  from [01m[K/opt/ros/eloquent/include/rclcpp/executors/multi_threaded_executor.hpp:25[m[K,
[5.510s]                  from [01m[K/opt/ros/eloquent/include/rclcpp/executors.hpp:21[m[K,
[5.510s]                  from [01m[K/opt/ros/eloquent/include/rclcpp/rclcpp.hpp:145[m[K,
[5.511s]                  from [01m[K/home/jiseongyoo/ros2_examples/src/service_cpp_example/src/service_server_cpp_example.cpp:15[m[K:
[5.511s] /opt/ros/eloquent/include/rclcpp/function_traits.hpp: In instantiation of ‘[01m[Kstruct rclcpp::function_traits::function_traits<void (ServiceServerExample::*)(std::shared_ptr<interfaces::srv::Example_Request_<std::allocator<void> > >, std::shared_ptr<interfaces::srv::Example_Response_<std::allocator<void> > >)>[m[K’:
[5.511s] [01m[K/opt/ros/eloquent/include/rclcpp/function_traits.hpp:161:8:[m[K   required from ‘[01m[Kstruct rclcpp::function_traits::same_arguments<void (ServiceServerExample::*)(std::shared_ptr<interfaces::srv::Example_Request_<std::allocator<void> > >, std::shared_ptr<interfaces::srv::Example_Response_<std::allocator<void> > >), std::function<void(std::shared_ptr<rmw_request_id_t>, std::shared_ptr<interfaces::srv::Example_Request_<std::allocator<void> > >, std::shared_ptr<interfaces::srv::Example_Response_<std::allocator<void> > >)> >[m[K’
[5.512s] [01m[K/opt/ros/eloquent/include/rclcpp/any_service_callback.hpp:78:17:[m[K   required by substitution of ‘[01m[Ktemplate<class CallbackT, typename std::enable_if<rclcpp::function_traits::same_arguments<CallbackT, std::function<void(std::shared_ptr<rmw_request_id_t>, std::shared_ptr<interfaces::srv::Example_Request_<std::allocator<void> > >, std::shared_ptr<interfaces::srv::Example_Response_<std::allocator<void> > >)> >::value, void>::type* <anonymous> > void rclcpp::AnyServiceCallback<interfaces::srv::Example>::set<CallbackT, <enumerator> >(CallbackT) [with CallbackT = void (ServiceServerExample::*)(std::shared_ptr<interfaces::srv::Example_Request_<std::allocator<void> > >, std::shared_ptr<interfaces::srv::Example_Response_<std::allocator<void> > >); typename std::enable_if<rclcpp::function_traits::same_arguments<CallbackT, std::function<void(std::shared_ptr<rmw_request_id_t>, std::shared_ptr<interfaces::srv::Example_Request_<std::allocator<void> > >, std::shared_ptr<interfaces::srv::Example_Response_<std::allocator<void> > >)> >::value, void>::type* <anonymous> = <missing>][m[K’
[5.512s] [01m[K/opt/ros/eloquent/include/rclcpp/create_service.hpp:43:3:[m[K   required from ‘[01m[Ktypename rclcpp::Service<ServiceT>::SharedPtr rclcpp::create_service(std::shared_ptr<rclcpp::node_interfaces::NodeBaseInterface>, std::shared_ptr<rclcpp::node_interfaces::NodeServicesInterface>, const string&, CallbackT&&, const rmw_qos_profile_t&, rclcpp::callback_group::CallbackGroup::SharedPtr) [with ServiceT = interfaces::srv::Example; CallbackT = void (ServiceServerExample::*)(std::shared_ptr<interfaces::srv::Example_Request_<std::allocator<void> > >, std::shared_ptr<interfaces::srv::Example_Response_<std::allocator<void> > >); typename rclcpp::Service<ServiceT>::SharedPtr = std::shared_ptr<rclcpp::Service<interfaces::srv::Example> >; std::__cxx11::string = std::__cxx11::basic_string<char>; rmw_qos_profile_t = rmw_qos_profile_t; rclcpp::callback_group::CallbackGroup::SharedPtr = std::shared_ptr<rclcpp::callback_group::CallbackGroup>][m[K’
[5.513s] [01m[K/opt/ros/eloquent/include/rclcpp/node_impl.hpp:144:53:[m[K   required from ‘[01m[Ktypename rclcpp::Service<ServiceT>::SharedPtr rclcpp::Node::create_service(const string&, CallbackT&&, const rmw_qos_profile_t&, rclcpp::callback_group::CallbackGroup::SharedPtr) [with ServiceT = interfaces::srv::Example; CallbackT = void (ServiceServerExample::*)(std::shared_ptr<interfaces::srv::Example_Request_<std::allocator<void> > >, std::shared_ptr<interfaces::srv::Example_Response_<std::allocator<void> > >); typename rclcpp::Service<ServiceT>::SharedPtr = std::shared_ptr<rclcpp::Service<interfaces::srv::Example> >; std::__cxx11::string = std::__cxx11::basic_string<char>; rmw_qos_profile_t = rmw_qos_profile_t; rclcpp::callback_group::CallbackGroup::SharedPtr = std::shared_ptr<rclcpp::callback_group::CallbackGroup>][m[K’
[5.513s] [01m[K/home/jiseongyoo/ros2_examples/src/service_cpp_example/src/service_server_cpp_example.cpp:45:120:[m[K   required from here
[5.514s] [01m[K/opt/ros/eloquent/include/rclcpp/function_traits.hpp:52:40:[m[K [01;31m[Kerror: [m[K‘[01m[Koperator()[m[K’ is not a member of ‘[01m[Kvoid (ServiceServerExample::*)(std::shared_ptr<interfaces::srv::Example_Request_<std::allocator<void> > >, std::shared_ptr<interfaces::srv::Example_Response_<std::allocator<void> > >)[m[K’
[5.514s]      typename function_traits<decltype( [01;31m[K&FunctionT[m[K::operator())>::arguments>::type;
[5.515s]                                         [01;31m[K^~~~~~~~~~[m[K
[5.515s] [01m[K/opt/ros/eloquent/include/rclcpp/function_traits.hpp:52:40:[m[K [01;31m[Kerror: [m[K‘[01m[Koperator()[m[K’ is not a member of ‘[01m[Kvoid (ServiceServerExample::*)(std::shared_ptr<interfaces::srv::Example_Request_<std::allocator<void> > >, std::shared_ptr<interfaces::srv::Example_Response_<std::allocator<void> > >)[m[K’
[5.515s] [01m[K/opt/ros/eloquent/include/rclcpp/function_traits.hpp:52:40:[m[K [01;31m[Kerror: [m[K‘[01m[Koperator()[m[K’ is not a member of ‘[01m[Kvoid (ServiceServerExample::*)(std::shared_ptr<interfaces::srv::Example_Request_<std::allocator<void> > >, std::shared_ptr<interfaces::srv::Example_Response_<std::allocator<void> > >)[m[K’
[5.516s] In file included from [01m[K/opt/ros/eloquent/include/rclcpp/node_impl.hpp:41:0[m[K,
[5.516s]                  from [01m[K/opt/ros/eloquent/include/rclcpp/node.hpp:1111[m[K,
[5.517s]                  from [01m[K/opt/ros/eloquent/include/rclcpp/executors/single_threaded_executor.hpp:28[m[K,
[5.517s]                  from [01m[K/opt/ros/eloquent/include/rclcpp/executors.hpp:22[m[K,
[5.517s]                  from [01m[K/opt/ros/eloquent/include/rclcpp/rclcpp.hpp:145[m[K,
[5.518s]                  from [01m[K/home/jiseongyoo/ros2_examples/src/service_cpp_example/src/service_server_cpp_example.cpp:15[m[K:
[5.518s] /opt/ros/eloquent/include/rclcpp/create_service.hpp: In instantiation of ‘[01m[Ktypename rclcpp::Service<ServiceT>::SharedPtr rclcpp::create_service(std::shared_ptr<rclcpp::node_interfaces::NodeBaseInterface>, std::shared_ptr<rclcpp::node_interfaces::NodeServicesInterface>, const string&, CallbackT&&, const rmw_qos_profile_t&, rclcpp::callback_group::CallbackGroup::SharedPtr) [with ServiceT = interfaces::srv::Example; CallbackT = void (ServiceServerExample::*)(std::shared_ptr<interfaces::srv::Example_Request_<std::allocator<void> > >, std::shared_ptr<interfaces::srv::Example_Response_<std::allocator<void> > >); typename rclcpp::Service<ServiceT>::SharedPtr = std::shared_ptr<rclcpp::Service<interfaces::srv::Example> >; std::__cxx11::string = std::__cxx11::basic_string<char>; rmw_qos_profile_t = rmw_qos_profile_t; rclcpp::callback_group::CallbackGroup::SharedPtr = std::shared_ptr<rclcpp::callback_group::CallbackGroup>][m[K’:
[5.519s] [01m[K/opt/ros/eloquent/include/rclcpp/node_impl.hpp:144:53:[m[K   required from ‘[01m[Ktypename rclcpp::Service<ServiceT>::SharedPtr rclcpp::Node::create_service(const string&, CallbackT&&, const rmw_qos_profile_t&, rclcpp::callback_group::CallbackGroup::SharedPtr) [with ServiceT = interfaces::srv::Example; CallbackT = void (ServiceServerExample::*)(std::shared_ptr<interfaces::srv::Example_Request_<std::allocator<void> > >, std::shared_ptr<interfaces::srv::Example_Response_<std::allocator<void> > >); typename rclcpp::Service<ServiceT>::SharedPtr = std::shared_ptr<rclcpp::Service<interfaces::srv::Example> >; std::__cxx11::string = std::__cxx11::basic_string<char>; rmw_qos_profile_t = rmw_qos_profile_t; rclcpp::callback_group::CallbackGroup::SharedPtr = std::shared_ptr<rclcpp::callback_group::CallbackGroup>][m[K’
[5.519s] [01m[K/home/jiseongyoo/ros2_examples/src/service_cpp_example/src/service_server_cpp_example.cpp:45:120:[m[K   required from here
[5.520s] [01m[K/opt/ros/eloquent/include/rclcpp/create_service.hpp:43:3:[m[K [01;31m[Kerror: [m[Kno matching function for call to ‘[01m[Krclcpp::AnyServiceCallback<interfaces::srv::Example>::set(void (ServiceServerExample::*)(std::shared_ptr<interfaces::srv::Example_Request_<std::allocator<void> > >, std::shared_ptr<interfaces::srv::Example_Response_<std::allocator<void> > >))[m[K’
[5.520s]    [01;31m[Kany_service_callback[m[K.set(std::forward<CallbackT>(callback));
[5.520s]    [01;31m[K^~~~~~~~~~~~~~~~~~~~[m[K
[5.521s] In file included from [01m[K/opt/ros/eloquent/include/rclcpp/service.hpp:27:0[m[K,
[5.522s]                  from [01m[K/opt/ros/eloquent/include/rclcpp/callback_group.hpp:25[m[K,
[5.523s]                  from [01m[K/opt/ros/eloquent/include/rclcpp/any_executable.hpp:20[m[K,
[5.524s]                  from [01m[K/opt/ros/eloquent/include/rclcpp/memory_strategy.hpp:24[m[K,
[5.524s]                  from [01m[K/opt/ros/eloquent/include/rclcpp/memory_strategies.hpp:18[m[K,
[5.524s]                  from [01m[K/opt/ros/eloquent/include/rclcpp/executor.hpp:33[m[K,
[5.525s]                  from [01m[K/opt/ros/eloquent/include/rclcpp/executors/multi_threaded_executor.hpp:25[m[K,
[5.525s]                  from [01m[K/opt/ros/eloquent/include/rclcpp/executors.hpp:21[m[K,
[5.525s]                  from [01m[K/opt/ros/eloquent/include/rclcpp/rclcpp.hpp:145[m[K,
[5.526s]                  from [01m[K/home/jiseongyoo/ros2_examples/src/service_cpp_example/src/service_server_cpp_example.cpp:15[m[K:
[5.526s] [01m[K/opt/ros/eloquent/include/rclcpp/any_service_callback.hpp:66:8:[m[K [01;36m[Knote: [m[Kcandidate: template<class CallbackT, typename std::enable_if<rclcpp::function_traits::same_arguments<CallbackT, std::function<void(std::shared_ptr<interfaces::srv::Example_Request_<std::allocator<void> > >, std::shared_ptr<interfaces::srv::Example_Response_<std::allocator<void> > >)> >::value, void>::type* <anonymous> > void rclcpp::AnyServiceCallback<ServiceT>::set(CallbackT) [with CallbackT = CallbackT; typename std::enable_if<rclcpp::function_traits::same_arguments<CallbackT, std::function<void(std::shared_ptr<typename ServiceT::Request>, std::shared_ptr<typename ServiceT::Response>)> >::value>::type* <anonymous> = <enumerator>; ServiceT = interfaces::srv::Example]
[5.527s]    void [01;36m[Kset[m[K(CallbackT callback)
[5.527s]         [01;36m[K^~~[m[K
[5.528s] [01m[K/opt/ros/eloquent/include/rclcpp/any_service_callback.hpp:66:8:[m[K [01;36m[Knote: [m[K  template argument deduction/substitution failed:
[5.528s] [01m[K/opt/ros/eloquent/include/rclcpp/any_service_callback.hpp:64:17:[m[K [01;31m[Kerror: [m[K‘[01m[Kvalue[m[K’ is not a member of ‘[01m[Krclcpp::function_traits::same_arguments<void (ServiceServerExample::*)(std::shared_ptr<interfaces::srv::Example_Request_<std::allocator<void> > >, std::shared_ptr<interfaces::srv::Example_Response_<std::allocator<void> > >), std::function<void(std::shared_ptr<interfaces::srv::Example_Request_<std::allocator<void> > >, std::shared_ptr<interfaces::srv::Example_Response_<std::allocator<void> > >)> >[m[K’
[5.529s]      >::type * = [01;31m[Knullptr[m[K
[5.529s]                  [01;31m[K^~~~~~~[m[K
[5.529s] [01m[K/opt/ros/eloquent/include/rclcpp/any_service_callback.hpp:64:17:[m[K [01;36m[Knote: [m[Kinvalid template non-type parameter
[5.530s] [01m[K/opt/ros/eloquent/include/rclcpp/any_service_callback.hpp:80:8:[m[K [01;36m[Knote: [m[Kcandidate: template<class CallbackT, typename std::enable_if<rclcpp::function_traits::same_arguments<CallbackT, std::function<void(std::shared_ptr<rmw_request_id_t>, std::shared_ptr<interfaces::srv::Example_Request_<std::allocator<void> > >, std::shared_ptr<interfaces::srv::Example_Response_<std::allocator<void> > >)> >::value, void>::type* <anonymous> > void rclcpp::AnyServiceCallback<ServiceT>::set(CallbackT) [with CallbackT = CallbackT; typename std::enable_if<rclcpp::function_traits::same_arguments<CallbackT, std::function<void(std::shared_ptr<rmw_request_id_t>, std::shared_ptr<typename ServiceT::Request>, std::shared_ptr<typename ServiceT::Response>)> >::value>::type* <anonymous> = <enumerator>; ServiceT = interfaces::srv::Example]
[5.530s]    void [01;36m[Kset[m[K(CallbackT callback)
[5.530s]         [01;36m[K^~~[m[K
[5.531s] [01m[K/opt/ros/eloquent/include/rclcpp/any_service_callback.hpp:80:8:[m[K [01;36m[Knote: [m[K  substitution of deduced template arguments resulted in errors seen above
[5.857s] make[2]: *** [CMakeFiles/service_server_cpp.dir/src/service_server_cpp_example.cpp.o] Error 1
[5.860s] make[1]: *** [CMakeFiles/service_server_cpp.dir/all] Error 2
[5.861s] make: *** [all] Error 2
