[0.069s] Invoking command in '/home/jiseongyoo/ros2_examples/build/composition_cpp_example': CMAKE_PREFIX_PATH=/home/jiseongyoo/ros2_examples/install/interfaces:/home/jiseongyoo/ros2_examples/install/service_cpp_example:/home/jiseongyoo/ros2_examples/install/pubsub_cpp_template:/home/jiseongyoo/ros2_examples/install/pubsub_cpp_example:/home/jiseongyoo/ros2_examples/install/pub_sub_cpp_template:/home/jiseongyoo/ros2_examples/install/param_cpp_example:/home/jiseongyoo/ros2_examples/install/composition_cpp_example:/home/jiseongyoo/ros2_examples/install/action_cpp_example:/home/jiseongyoo/ros2_examples/install/cpp_pubsub:/opt/ros/eloquent LD_LIBRARY_PATH=/home/jiseongyoo/ros2_examples/install/interfaces/lib:/home/jiseongyoo/ros2_examples/install/composition_cpp_example/lib:/opt/ros/eloquent/opt/yaml_cpp_vendor/lib:/opt/ros/eloquent/opt/rviz_ogre_vendor/lib:/opt/ros/eloquent/lib /usr/bin/cmake --build /home/jiseongyoo/ros2_examples/build/composition_cpp_example -- -j2 -l2
[0.388s] [ 11%] Built target component_subscriber_cpp
[0.452s] [ 22%] Built target component_service_server_cpp
[0.596s] [ 33%] Built target component_publisher_cpp
[0.639s] [ 44%] Built target component_service_client_cpp
[0.755s] [ 55%] Built target component_action_client_cpp
[0.768s] [ 66%] Built target component_action_server_cpp
[0.818s] [35m[1mScanning dependencies of target component_parameter_client_cpp[0m
[0.870s] [ 77%] Built target component_parameter_server_cpp
[0.993s] [ 83%] [32mBuilding CXX object CMakeFiles/component_parameter_client_cpp.dir/src/parameter_client_cpp_example.cpp.o[0m
[9.069s] [ 88%] [32m[1mLinking CXX shared library libcomponent_parameter_client_cpp.so[0m
[9.809s] [ 88%] Built target component_parameter_client_cpp
[9.946s] [ 94%] [32m[1mLinking CXX executable component_container[0m
[11.765s] [100%] Built target component_container
[11.811s] Invoked command in '/home/jiseongyoo/ros2_examples/build/composition_cpp_example' returned '0': CMAKE_PREFIX_PATH=/home/jiseongyoo/ros2_examples/install/interfaces:/home/jiseongyoo/ros2_examples/install/service_cpp_example:/home/jiseongyoo/ros2_examples/install/pubsub_cpp_template:/home/jiseongyoo/ros2_examples/install/pubsub_cpp_example:/home/jiseongyoo/ros2_examples/install/pub_sub_cpp_template:/home/jiseongyoo/ros2_examples/install/param_cpp_example:/home/jiseongyoo/ros2_examples/install/composition_cpp_example:/home/jiseongyoo/ros2_examples/install/action_cpp_example:/home/jiseongyoo/ros2_examples/install/cpp_pubsub:/opt/ros/eloquent LD_LIBRARY_PATH=/home/jiseongyoo/ros2_examples/install/interfaces/lib:/home/jiseongyoo/ros2_examples/install/composition_cpp_example/lib:/opt/ros/eloquent/opt/yaml_cpp_vendor/lib:/opt/ros/eloquent/opt/rviz_ogre_vendor/lib:/opt/ros/eloquent/lib /usr/bin/cmake --build /home/jiseongyoo/ros2_examples/build/composition_cpp_example -- -j2 -l2
[12.093s] Invoking command in '/home/jiseongyoo/ros2_examples/build/composition_cpp_example': CMAKE_PREFIX_PATH=/home/jiseongyoo/ros2_examples/install/interfaces:/home/jiseongyoo/ros2_examples/install/service_cpp_example:/home/jiseongyoo/ros2_examples/install/pubsub_cpp_template:/home/jiseongyoo/ros2_examples/install/pubsub_cpp_example:/home/jiseongyoo/ros2_examples/install/pub_sub_cpp_template:/home/jiseongyoo/ros2_examples/install/param_cpp_example:/home/jiseongyoo/ros2_examples/install/composition_cpp_example:/home/jiseongyoo/ros2_examples/install/action_cpp_example:/home/jiseongyoo/ros2_examples/install/cpp_pubsub:/opt/ros/eloquent LD_LIBRARY_PATH=/home/jiseongyoo/ros2_examples/install/interfaces/lib:/home/jiseongyoo/ros2_examples/install/composition_cpp_example/lib:/opt/ros/eloquent/opt/yaml_cpp_vendor/lib:/opt/ros/eloquent/opt/rviz_ogre_vendor/lib:/opt/ros/eloquent/lib /usr/bin/cmake --build /home/jiseongyoo/ros2_examples/build/composition_cpp_example --target install -- -j2 -l2
[12.371s] [ 11%] Built target component_service_server_cpp
[12.378s] [ 22%] Built target component_subscriber_cpp
[12.491s] [ 33%] Built target component_publisher_cpp
[12.507s] [ 44%] Built target component_service_client_cpp
[12.617s] [ 55%] Built target component_action_client_cpp
[12.635s] [ 66%] Built target component_action_server_cpp
[12.738s] [ 77%] Built target component_parameter_server_cpp
[12.763s] [ 88%] Built target component_parameter_client_cpp
[12.905s] [100%] Built target component_container
[12.994s] [36mInstall the project...[0m
[13.036s] -- Install configuration: ""
[13.038s] -- Up-to-date: /home/jiseongyoo/ros2_examples/install/composition_cpp_example/lib/libcomponent_publisher_cpp.so
[13.040s] -- Up-to-date: /home/jiseongyoo/ros2_examples/install/composition_cpp_example/lib/libcomponent_subscriber_cpp.so
[13.041s] -- Up-to-date: /home/jiseongyoo/ros2_examples/install/composition_cpp_example/lib/libcomponent_service_server_cpp.so
[13.044s] -- Up-to-date: /home/jiseongyoo/ros2_examples/install/composition_cpp_example/lib/libcomponent_service_client_cpp.so
[13.053s] -- Up-to-date: /home/jiseongyoo/ros2_examples/install/composition_cpp_example/lib/libcomponent_action_server_cpp.so
[13.054s] -- Up-to-date: /home/jiseongyoo/ros2_examples/install/composition_cpp_example/lib/libcomponent_action_client_cpp.so
[13.057s] -- Up-to-date: /home/jiseongyoo/ros2_examples/install/composition_cpp_example/lib/libcomponent_parameter_server_cpp.so
[13.058s] -- Installing: /home/jiseongyoo/ros2_examples/install/composition_cpp_example/lib/libcomponent_parameter_client_cpp.so
[13.066s] -- Set runtime path of "/home/jiseongyoo/ros2_examples/install/composition_cpp_example/lib/libcomponent_parameter_client_cpp.so" to ""
[13.067s] -- Installing: /home/jiseongyoo/ros2_examples/install/composition_cpp_example/lib/composition_cpp_example/component_container
[13.072s] -- Set runtime path of "/home/jiseongyoo/ros2_examples/install/composition_cpp_example/lib/composition_cpp_example/component_container" to ""
[13.073s] -- Up-to-date: /home/jiseongyoo/ros2_examples/install/composition_cpp_example/share/ament_index/resource_index/package_run_dependencies/composition_cpp_example
[13.073s] -- Up-to-date: /home/jiseongyoo/ros2_examples/install/composition_cpp_example/share/ament_index/resource_index/parent_prefix_path/composition_cpp_example
[13.074s] -- Up-to-date: /home/jiseongyoo/ros2_examples/install/composition_cpp_example/share/composition_cpp_example/environment/ament_prefix_path.sh
[13.074s] -- Up-to-date: /home/jiseongyoo/ros2_examples/install/composition_cpp_example/share/composition_cpp_example/environment/ament_prefix_path.dsv
[13.075s] -- Up-to-date: /home/jiseongyoo/ros2_examples/install/composition_cpp_example/share/composition_cpp_example/environment/path.sh
[13.075s] -- Up-to-date: /home/jiseongyoo/ros2_examples/install/composition_cpp_example/share/composition_cpp_example/environment/path.dsv
[13.084s] -- Up-to-date: /home/jiseongyoo/ros2_examples/install/composition_cpp_example/share/composition_cpp_example/local_setup.bash
[13.087s] -- Up-to-date: /home/jiseongyoo/ros2_examples/install/composition_cpp_example/share/composition_cpp_example/local_setup.sh
[13.098s] -- Up-to-date: /home/jiseongyoo/ros2_examples/install/composition_cpp_example/share/composition_cpp_example/local_setup.zsh
[13.099s] -- Up-to-date: /home/jiseongyoo/ros2_examples/install/composition_cpp_example/share/composition_cpp_example/local_setup.dsv
[13.099s] -- Installing: /home/jiseongyoo/ros2_examples/install/composition_cpp_example/share/composition_cpp_example/package.dsv
[13.100s] -- Up-to-date: /home/jiseongyoo/ros2_examples/install/composition_cpp_example/share/ament_index/resource_index/packages/composition_cpp_example
[13.100s] -- Up-to-date: /home/jiseongyoo/ros2_examples/install/composition_cpp_example/share/ament_index/resource_index/rclcpp_components/composition_cpp_example
[13.100s] -- Up-to-date: /home/jiseongyoo/ros2_examples/install/composition_cpp_example/share/composition_cpp_example/cmake/composition_cpp_exampleConfig.cmake
[13.101s] -- Up-to-date: /home/jiseongyoo/ros2_examples/install/composition_cpp_example/share/composition_cpp_example/cmake/composition_cpp_exampleConfig-version.cmake
[13.101s] -- Up-to-date: /home/jiseongyoo/ros2_examples/install/composition_cpp_example/share/composition_cpp_example/package.xml
[13.102s] Invoked command in '/home/jiseongyoo/ros2_examples/build/composition_cpp_example' returned '0': CMAKE_PREFIX_PATH=/home/jiseongyoo/ros2_examples/install/interfaces:/home/jiseongyoo/ros2_examples/install/service_cpp_example:/home/jiseongyoo/ros2_examples/install/pubsub_cpp_template:/home/jiseongyoo/ros2_examples/install/pubsub_cpp_example:/home/jiseongyoo/ros2_examples/install/pub_sub_cpp_template:/home/jiseongyoo/ros2_examples/install/param_cpp_example:/home/jiseongyoo/ros2_examples/install/composition_cpp_example:/home/jiseongyoo/ros2_examples/install/action_cpp_example:/home/jiseongyoo/ros2_examples/install/cpp_pubsub:/opt/ros/eloquent LD_LIBRARY_PATH=/home/jiseongyoo/ros2_examples/install/interfaces/lib:/home/jiseongyoo/ros2_examples/install/composition_cpp_example/lib:/opt/ros/eloquent/opt/yaml_cpp_vendor/lib:/opt/ros/eloquent/opt/rviz_ogre_vendor/lib:/opt/ros/eloquent/lib /usr/bin/cmake --build /home/jiseongyoo/ros2_examples/build/composition_cpp_example --target install -- -j2 -l2
