[3.193s] CMake Error at CMakeLists.txt:28 (add_library):
[3.194s]   Cannot find source file:
[3.194s] 
[3.195s]     src/service_server_cpp_example.cpp
[3.196s] 
[3.196s]   Tried extensions .c .C .c++ .cc .cpp .cxx .m .M .mm .h .hh .h++ .hm .hpp
[3.197s]   .hxx .in .txx
[3.198s] 
[3.198s] 
[3.200s] CMake Error at CMakeLists.txt:29 (add_library):
[3.201s]   Cannot find source file:
[3.201s] 
[3.202s]     src/service_client_cpp_example.cpp
[3.202s] 
[3.203s]   Tried extensions .c .C .c++ .cc .cpp .cxx .m .M .mm .h .hh .h++ .hm .hpp
[3.209s]   .hxx .in .txx
[3.210s] 
[3.211s] 
[3.212s] CMake Error: CMake can not determine linker language for target: component_service_server_cpp
[3.213s] CMake Error: Cannot determine link language for target "component_service_server_cpp".
[3.338s] CMake Error: CMake can not determine linker language for target: component_service_client_cpp
[3.342s] CMake Error: Cannot determine link language for target "component_service_client_cpp".
[3.731s] make: *** [cmake_check_build_system] Error 1
