[0.092s] Invoking command in '/home/jiseongyoo/ros2_examples/build/composition_cpp_example': AMENT_PREFIX_PATH=/home/jiseongyoo/ros2_examples/install/interfaces:${AMENT_PREFIX_PATH} CMAKE_PREFIX_PATH=/home/jiseongyoo/ros2_examples/install/interfaces:/opt/ros/eloquent LD_LIBRARY_PATH=/home/jiseongyoo/ros2_examples/install/interfaces/lib:${LD_LIBRARY_PATH} PYTHONPATH=/home/jiseongyoo/ros2_examples/install/interfaces/lib/python3.6/site-packages:${PYTHONPATH} /usr/bin/cmake --build /home/jiseongyoo/ros2_examples/build/composition_cpp_example -- -j2 -l2
[0.197s] -- Found ament_cmake: 0.8.2 (/opt/ros/eloquent/share/ament_cmake/cmake)
[0.314s] -- Using PYTHON_EXECUTABLE: /usr/bin/python3
[1.111s] -- Found rclcpp: 0.8.4 (/opt/ros/eloquent/share/rclcpp/cmake)
[1.164s] -- Found rosidl_adapter: 0.8.2 (/opt/ros/eloquent/share/rosidl_adapter/cmake)
[1.312s] -- Found rmw_implementation_cmake: 0.8.1 (/opt/ros/eloquent/share/rmw_implementation_cmake/cmake)
[1.319s] -- Using RMW implementation 'rmw_fastrtps_cpp' as default
[1.448s] -- Found rclcpp_action: 0.8.4 (/opt/ros/eloquent/share/rclcpp_action/cmake)
[1.698s] -- Found rclcpp_components: 0.8.4 (/opt/ros/eloquent/share/rclcpp_components/cmake)
[1.708s] -- Found poco_vendor:  (/opt/ros/eloquent/share/poco_vendor/cmake)
[1.779s] -- Found interfaces: 0.0.0 (/home/jiseongyoo/ros2_examples/install/interfaces/share/interfaces/cmake)
[2.854s] -- Found ament_lint_auto: 0.8.1 (/opt/ros/eloquent/share/ament_lint_auto/cmake)
[3.144s] -- Added test 'copyright' to check for copyright in CMake / C / C++ / Python code
[3.150s] -- Added test 'cppcheck' to perform static code analysis on C / C++ code
[3.153s] -- Configured cppcheck include dirs: /home/jiseongyoo/ros2_examples/src/composition_cpp_example/include
[3.158s] -- Added test 'cpplint' to check C / C++ code against the Google style
[3.161s] -- Added test 'lint_cmake' to check CMake code style
[3.168s] -- Added test 'uncrustify' to check C / C++ code style
[3.169s] -- Added test 'xmllint' to check XML markup files
[3.181s] -- Configuring done
[3.193s] CMake Error at CMakeLists.txt:28 (add_library):
[3.194s]   Cannot find source file:
[3.194s] 
[3.195s]     src/service_server_cpp_example.cpp
[3.196s] 
[3.196s]   Tried extensions .c .C .c++ .cc .cpp .cxx .m .M .mm .h .hh .h++ .hm .hpp
[3.197s]   .hxx .in .txx
[3.198s] 
[3.198s] 
[3.200s] CMake Error at CMakeLists.txt:29 (add_library):
[3.201s]   Cannot find source file:
[3.201s] 
[3.202s]     src/service_client_cpp_example.cpp
[3.202s] 
[3.203s]   Tried extensions .c .C .c++ .cc .cpp .cxx .m .M .mm .h .hh .h++ .hm .hpp
[3.209s]   .hxx .in .txx
[3.210s] 
[3.211s] 
[3.212s] CMake Error: CMake can not determine linker language for target: component_service_server_cpp
[3.213s] CMake Error: Cannot determine link language for target "component_service_server_cpp".
[3.338s] CMake Error: CMake can not determine linker language for target: component_service_client_cpp
[3.342s] CMake Error: Cannot determine link language for target "component_service_client_cpp".
[3.707s] -- Generating done
[3.718s] -- Build files have been written to: /home/jiseongyoo/ros2_examples/build/composition_cpp_example
[3.731s] Makefile:618: recipe for target 'cmake_check_build_system' failed
[3.731s] make: *** [cmake_check_build_system] Error 1
[3.739s] Invoked command in '/home/jiseongyoo/ros2_examples/build/composition_cpp_example' returned '2': AMENT_PREFIX_PATH=/home/jiseongyoo/ros2_examples/install/interfaces:${AMENT_PREFIX_PATH} CMAKE_PREFIX_PATH=/home/jiseongyoo/ros2_examples/install/interfaces:/opt/ros/eloquent LD_LIBRARY_PATH=/home/jiseongyoo/ros2_examples/install/interfaces/lib:${LD_LIBRARY_PATH} PYTHONPATH=/home/jiseongyoo/ros2_examples/install/interfaces/lib/python3.6/site-packages:${PYTHONPATH} /usr/bin/cmake --build /home/jiseongyoo/ros2_examples/build/composition_cpp_example -- -j2 -l2
