[0.280s] [35m[1mScanning dependencies of target param_client_cpp[0m
[0.378s] [ 50%] Built target param_server_cpp
[0.396s] [ 75%] [32mBuilding CXX object CMakeFiles/param_client_cpp.dir/src/param_client_cpp_example.cpp.o[0m
[5.058s] [01m[K/home/jiseongyoo/ros2_examples/src/param_cpp_example/src/param_client_cpp_example.cpp:[m[K In member function ‘[01m[Kvoid ParameterClientExample::parameters_set(T)[m[K’:
[5.060s] [01m[K/home/jiseongyoo/ros2_examples/src/param_cpp_example/src/param_client_cpp_example.cpp:42:19:[m[K [01;31m[Kerror: [m[Kunable to find string literal operator ‘[01m[Koperator""_unq[m[K’ with ‘[01m[Kconst char [10][m[K’, ‘[01m[Klong unsigned int[m[K’ arguments
[5.061s]        auto name = [01;31m[K"parameter"_unq[m[K;
[5.062s]                    [01;31m[K^~~~~~~~~~~~~~~[m[K
[5.064s] [01m[K/home/jiseongyoo/ros2_examples/src/param_cpp_example/src/param_client_cpp_example.cpp:43:54:[m[K [01;31m[Kerror: [m[K‘[01m[Kusing element_type = class rclcpp::SyncParametersClient {aka class rclcpp::SyncParametersClient}[m[K’ has no member named ‘[01m[Kset_parameter[m[K’; did you mean ‘[01m[Kset_parameters[m[K’?
[5.065s]        auto set_parameter_result = parameter_client_->[01;31m[Kset_parameter[m[K(rclcpp::Parameter(name, 43));
[5.066s]                                                       [01;31m[K^~~~~~~~~~~~~[m[K
[5.067s]                                                       [32m[Kset_parameters[m[K
[5.312s] /home/jiseongyoo/ros2_examples/src/param_cpp_example/src/param_client_cpp_example.cpp: In instantiation of ‘[01m[Kvoid ParameterClientExample::parameters_set(T) [with T = int][m[K’:
[5.314s] [01m[K/home/jiseongyoo/ros2_examples/src/param_cpp_example/src/param_client_cpp_example.cpp:69:45:[m[K   required from here
[5.314s] [01m[K/home/jiseongyoo/ros2_examples/src/param_cpp_example/src/param_client_cpp_example.cpp:21:31:[m[K [01;35m[Kwarning: [m[Kunused parameter ‘[01m[Kvalue_[m[K’ [[01;35m[K-Wunused-parameter[m[K]
[5.315s]    void parameters_set(const T [01;35m[Kvalue_[m[K){
[5.315s]                                [01;35m[K^~~~~~[m[K
[5.775s] CMakeFiles/param_client_cpp.dir/build.make:62: recipe for target 'CMakeFiles/param_client_cpp.dir/src/param_client_cpp_example.cpp.o' failed
[5.776s] make[2]: *** [CMakeFiles/param_client_cpp.dir/src/param_client_cpp_example.cpp.o] Error 1
[5.777s] CMakeFiles/Makefile2:168: recipe for target 'CMakeFiles/param_client_cpp.dir/all' failed
[5.777s] make[1]: *** [CMakeFiles/param_client_cpp.dir/all] Error 2
[5.778s] make: *** [all] Error 2
[5.779s] Makefile:140: recipe for target 'all' failed
