[0.178s] -- Found ament_cmake: 0.8.2 (/opt/ros/eloquent/share/ament_cmake/cmake)
[0.274s] -- Using PYTHON_EXECUTABLE: /usr/bin/python3
[1.013s] -- Found rclcpp: 0.8.4 (/opt/ros/eloquent/share/rclcpp/cmake)
[1.068s] -- Found rosidl_adapter: 0.8.2 (/opt/ros/eloquent/share/rosidl_adapter/cmake)
[1.220s] -- Found rmw_implementation_cmake: 0.8.1 (/opt/ros/eloquent/share/rmw_implementation_cmake/cmake)
[1.235s] -- Using RMW implementation 'rmw_fastrtps_cpp' as default
[1.398s] -- Found rclcpp_action: 0.8.4 (/opt/ros/eloquent/share/rclcpp_action/cmake)
[1.689s] -- Found interfaces: 0.0.0 (/home/jiseongyoo/ros2_examples/install/interfaces/share/interfaces/cmake)
[2.086s] -- Found ament_lint_auto: 0.8.1 (/opt/ros/eloquent/share/ament_lint_auto/cmake)
[2.381s] -- Added test 'copyright' to check for copyright in CMake / C / C++ / Python code
[2.386s] -- Added test 'cppcheck' to perform static code analysis on C / C++ code
[2.388s] -- Configured cppcheck include dirs: 
[2.392s] -- Added test 'cpplint' to check C / C++ code against the Google style
[2.396s] -- Added test 'lint_cmake' to check CMake code style
[2.400s] -- Added test 'uncrustify' to check C / C++ code style
[2.403s] -- Added test 'xmllint' to check XML markup files
[2.424s] -- Configuring done
[2.571s] -- Generating done
[2.582s] -- Build files have been written to: /home/jiseongyoo/ros2_examples/build/action_cpp_example
[2.692s] [35m[1mScanning dependencies of target action_server_cpp[0m
[2.754s] [ 25%] [32m[1mLinking CXX executable action_client_cpp[0m
[2.885s] [ 50%] [32mBuilding CXX object CMakeFiles/action_server_cpp.dir/src/action_server_cpp_example.cpp.o[0m
[3.418s] [ 75%] Built target action_client_cpp
[10.214s] CMakeFiles/action_server_cpp.dir/build.make:62: recipe for target 'CMakeFiles/action_server_cpp.dir/src/action_server_cpp_example.cpp.o' failed
[10.215s] CMakeFiles/Makefile2:131: recipe for target 'CMakeFiles/action_server_cpp.dir/all' failed
[10.216s] Makefile:140: recipe for target 'all' failed
