[0.069s] Invoking command in '/home/jiseongyoo/ros2_examples/build/action_cpp_example': AMENT_PREFIX_PATH=/home/jiseongyoo/ros2_examples/install/interfaces:${AMENT_PREFIX_PATH} CMAKE_PREFIX_PATH=/home/jiseongyoo/ros2_examples/install/interfaces:/opt/ros/eloquent LD_LIBRARY_PATH=/home/jiseongyoo/ros2_examples/install/interfaces/lib:${LD_LIBRARY_PATH} PYTHONPATH=/home/jiseongyoo/ros2_examples/install/interfaces/lib/python3.6/site-packages:${PYTHONPATH} /usr/bin/cmake --build /home/jiseongyoo/ros2_examples/build/action_cpp_example -- -j2 -l2
[0.178s] -- Found ament_cmake: 0.8.2 (/opt/ros/eloquent/share/ament_cmake/cmake)
[0.274s] -- Using PYTHON_EXECUTABLE: /usr/bin/python3
[1.013s] -- Found rclcpp: 0.8.4 (/opt/ros/eloquent/share/rclcpp/cmake)
[1.068s] -- Found rosidl_adapter: 0.8.2 (/opt/ros/eloquent/share/rosidl_adapter/cmake)
[1.220s] -- Found rmw_implementation_cmake: 0.8.1 (/opt/ros/eloquent/share/rmw_implementation_cmake/cmake)
[1.235s] -- Using RMW implementation 'rmw_fastrtps_cpp' as default
[1.398s] -- Found rclcpp_action: 0.8.4 (/opt/ros/eloquent/share/rclcpp_action/cmake)
[1.689s] -- Found interfaces: 0.0.0 (/home/jiseongyoo/ros2_examples/install/interfaces/share/interfaces/cmake)
[2.086s] -- Found ament_lint_auto: 0.8.1 (/opt/ros/eloquent/share/ament_lint_auto/cmake)
[2.381s] -- Added test 'copyright' to check for copyright in CMake / C / C++ / Python code
[2.386s] -- Added test 'cppcheck' to perform static code analysis on C / C++ code
[2.388s] -- Configured cppcheck include dirs: 
[2.392s] -- Added test 'cpplint' to check C / C++ code against the Google style
[2.396s] -- Added test 'lint_cmake' to check CMake code style
[2.400s] -- Added test 'uncrustify' to check C / C++ code style
[2.403s] -- Added test 'xmllint' to check XML markup files
[2.424s] -- Configuring done
[2.571s] -- Generating done
[2.582s] -- Build files have been written to: /home/jiseongyoo/ros2_examples/build/action_cpp_example
[2.692s] [35m[1mScanning dependencies of target action_server_cpp[0m
[2.754s] [ 25%] [32m[1mLinking CXX executable action_client_cpp[0m
[2.885s] [ 50%] [32mBuilding CXX object CMakeFiles/action_server_cpp.dir/src/action_server_cpp_example.cpp.o[0m
[3.418s] [ 75%] Built target action_client_cpp
[7.564s] In file included from [01m[K/opt/ros/eloquent/include/rclcpp/client.hpp:39:0[m[K,
[7.564s]                  from [01m[K/opt/ros/eloquent/include/rclcpp/callback_group.hpp:23[m[K,
[7.565s]                  from [01m[K/opt/ros/eloquent/include/rclcpp/any_executable.hpp:20[m[K,
[7.566s]                  from [01m[K/opt/ros/eloquent/include/rclcpp/memory_strategy.hpp:24[m[K,
[7.566s]                  from [01m[K/opt/ros/eloquent/include/rclcpp/memory_strategies.hpp:18[m[K,
[7.567s]                  from [01m[K/opt/ros/eloquent/include/rclcpp/executor.hpp:33[m[K,
[7.567s]                  from [01m[K/opt/ros/eloquent/include/rclcpp/executors/multi_threaded_executor.hpp:25[m[K,
[7.567s]                  from [01m[K/opt/ros/eloquent/include/rclcpp/executors.hpp:21[m[K,
[7.568s]                  from [01m[K/opt/ros/eloquent/include/rclcpp/rclcpp.hpp:145[m[K,
[7.568s]                  from [01m[K/home/jiseongyoo/ros2_examples/src/action_cpp_example/src/action_server_cpp_example.cpp:1[m[K:
[7.569s] [01m[K/home/jiseongyoo/ros2_examples/src/action_cpp_example/src/action_server_cpp_example.cpp:[m[K In member function ‘[01m[Krclcpp_action::GoalResponse ActionServerExample::handle_goal(const GoalUUID&, std::shared_ptr<const interfaces::action::Example_Goal_<std::allocator<void> > >)[m[K’:
[7.569s] [01m[K/home/jiseongyoo/ros2_examples/src/action_cpp_example/src/action_server_cpp_example.cpp:12:73:[m[K [01;31m[Kerror: [m[K‘[01m[Kusing element_type = const struct interfaces::action::Example_Goal_<std::allocator<void> > {aka const struct interfaces::action::Example_Goal_<std::allocator<void> >}[m[K’ has no member named ‘[01m[Kgoal[m[K’
[7.570s]  RCLCPP_INFO(this->get_logger(), "Received goal request '%s'", goal->[01;31m[Kg[m[Koal.c_str());
[7.570s]                                                                      [01;31m[K^[m[K
[7.571s] [01m[K/opt/ros/eloquent/include/rcutils/logging_macros.h:72:64:[m[K [01;36m[Knote: [m[Kin definition of macro ‘[01m[KRCUTILS_LOG_COND_NAMED[m[K’
[7.571s]        rcutils_log(&__rcutils_logging_location, severity, name, [01;36m[K__VA_ARGS__[m[K); \
[7.571s]                                                                 [01;36m[K^~~~~~~~~~~[m[K
[7.572s] [01m[K/opt/ros/eloquent/include/rclcpp/logging.hpp:541:5:[m[K [01;36m[Knote: [m[Kin expansion of macro ‘[01m[KRCUTILS_LOG_INFO_NAMED[m[K’
[7.572s]      [01;36m[KRCUTILS_LOG_INFO_NAMED[m[K( \
[7.573s]      [01;36m[K^~~~~~~~~~~~~~~~~~~~~~[m[K
[7.574s] [01m[K/opt/ros/eloquent/include/rclcpp/logging.hpp:544:9:[m[K [01;36m[Knote: [m[Kin expansion of macro ‘[01m[KRCLCPP_ALL_BUT_FIRST_ARGS[m[K’
[7.576s]          [01;36m[KRCLCPP_ALL_BUT_FIRST_ARGS[m[K(__VA_ARGS__,"")); \
[7.576s]          [01;36m[K^~~~~~~~~~~~~~~~~~~~~~~~~[m[K
[7.577s] [01m[K/home/jiseongyoo/ros2_examples/src/action_cpp_example/src/action_server_cpp_example.cpp:12:5:[m[K [01;36m[Knote: [m[Kin expansion of macro ‘[01m[KRCLCPP_INFO[m[K’
[7.577s]      [01;36m[KRCLCPP_INFO[m[K(this->get_logger(), "Received goal request '%s'", goal->goal.c_str());
[7.578s]      [01;36m[K^~~~~~~~~~~[m[K
[7.578s] [01m[K/home/jiseongyoo/ros2_examples/src/action_cpp_example/src/action_server_cpp_example.cpp:16:15:[m[K [01;31m[Kerror: [m[K‘[01m[Kusing element_type = const struct interfaces::action::Example_Goal_<std::allocator<void> > {aka const struct interfaces::action::Example_Goal_<std::allocator<void> >}[m[K’ has no member named ‘[01m[Kgoal[m[K’
[7.579s]      if (goal->[01;31m[Kgoal[m[K.c_str() == ""){
[7.579s]                [01;31m[K^~~~[m[K
[7.580s] [01m[K/home/jiseongyoo/ros2_examples/src/action_cpp_example/src/action_server_cpp_example.cpp:[m[K In member function ‘[01m[Kvoid ActionServerExample::handle_accept(std::shared_ptr<rclcpp_action::ServerGoalHandle<interfaces::action::Example> >)[m[K’:
[7.580s] [01m[K/home/jiseongyoo/ros2_examples/src/action_cpp_example/src/action_server_cpp_example.cpp:31:28:[m[K [01;31m[Kerror: [m[K‘[01m[KActionServer[m[K’ was not declared in this scope
[7.581s]      std::thread{std::bind(&[01;31m[KActionServer[m[K::execute, this, std::placeholders::_1), goal_handle}.detach();
[7.581s]                             [01;31m[K^~~~~~~~~~~~[m[K
[7.581s] [01m[K/home/jiseongyoo/ros2_examples/src/action_cpp_example/src/action_server_cpp_example.cpp:31:28:[m[K [01;36m[Knote: [m[Ksuggested alternative: ‘[01m[Kaction_server_[m[K’
[7.582s]      std::thread{std::bind(&[01;36m[KActionServer[m[K::execute, this, std::placeholders::_1), goal_handle}.detach();
[7.582s]                             [01;36m[K^~~~~~~~~~~~[m[K
[7.583s]                             [32m[Kaction_server_[m[K
[7.583s] [01m[K/home/jiseongyoo/ros2_examples/src/action_cpp_example/src/action_server_cpp_example.cpp:31:92:[m[K [01;31m[Kerror: [m[Kno matching function for call to ‘[01m[Kstd::thread::thread(<brace-enclosed initializer list>)[m[K’
[7.584s]  nd(&ActionServer::execute, this, std::placeholders::_1), goal_handle[01;31m[K}[m[K.detach();
[7.584s]                                                                      [01;31m[K^[m[K
[7.585s] In file included from [01m[K/usr/include/c++/7/future:39:0[m[K,
[7.585s]                  from [01m[K/opt/ros/eloquent/include/rclcpp/executors.hpp:18[m[K,
[7.586s]                  from [01m[K/opt/ros/eloquent/include/rclcpp/rclcpp.hpp:145[m[K,
[7.586s]                  from [01m[K/home/jiseongyoo/ros2_examples/src/action_cpp_example/src/action_server_cpp_example.cpp:1[m[K:
[7.587s] [01m[K/usr/include/c++/7/thread:118:7:[m[K [01;36m[Knote: [m[Kcandidate: template<class _Callable, class ... _Args> std::thread::thread(_Callable&&, _Args&& ...)
[7.587s]        [01;36m[Kthread[m[K(_Callable&& __f, _Args&&... __args)
[7.588s]        [01;36m[K^~~~~~[m[K
[7.588s] [01m[K/usr/include/c++/7/thread:118:7:[m[K [01;36m[Knote: [m[K  template argument deduction/substitution failed:
[7.588s] [01m[K/usr/include/c++/7/thread:113:5:[m[K [01;36m[Knote: [m[Kcandidate: std::thread::thread(std::thread&&)
[7.589s]      [01;36m[Kthread[m[K(thread&& __t) noexcept
[7.589s]      [01;36m[K^~~~~~[m[K
[7.590s] [01m[K/usr/include/c++/7/thread:113:5:[m[K [01;36m[Knote: [m[K  candidate expects 1 argument, 2 provided
[7.590s] [01m[K/usr/include/c++/7/thread:106:5:[m[K [01;36m[Knote: [m[Kcandidate: std::thread::thread()
[7.591s]      [01;36m[Kthread[m[K() noexcept = default;
[7.591s]      [01;36m[K^~~~~~[m[K
[7.591s] [01m[K/usr/include/c++/7/thread:106:5:[m[K [01;36m[Knote: [m[K  candidate expects 0 arguments, 2 provided
[7.642s] [01m[K/home/jiseongyoo/ros2_examples/src/action_cpp_example/src/action_server_cpp_example.cpp:[m[K In member function ‘[01m[Kvoid ActionServerExample::execute(std::shared_ptr<rclcpp_action::ServerGoalHandle<interfaces::action::Example> >)[m[K’:
[7.642s] [01m[K/home/jiseongyoo/ros2_examples/src/action_cpp_example/src/action_server_cpp_example.cpp:44:17:[m[K [01;31m[Kerror: [m[K‘[01m[Kusing element_type = struct interfaces::action::Example_Result_<std::allocator<void> > {aka struct interfaces::action::Example_Result_<std::allocator<void> >}[m[K’ has no member named ‘[01m[Kresult[m[K’
[7.643s]          result->[01;31m[Kresult[m[K = "Action canceled";
[7.643s]                  [01;31m[K^~~~~~[m[K
[7.648s] [01m[K/home/jiseongyoo/ros2_examples/src/action_cpp_example/src/action_server_cpp_example.cpp:49:42:[m[K [01;31m[Kerror: [m[K‘[01m[Kitos[m[K’ was not declared in this scope
[7.648s]        feedback->feedback = "Feedback " + [01;31m[Kitos[m[K(i);
[7.649s]                                           [01;31m[K^~~~[m[K
[7.655s] [01m[K/home/jiseongyoo/ros2_examples/src/action_cpp_example/src/action_server_cpp_example.cpp:49:42:[m[K [01;36m[Knote: [m[Ksuggested alternative: ‘[01m[Katol[m[K’
[7.656s]        feedback->feedback = "Feedback " + [01;36m[Kitos[m[K(i);
[7.656s]                                           [01;36m[K^~~~[m[K
[7.657s]                                           [32m[Katol[m[K
[7.661s] [01m[K/home/jiseongyoo/ros2_examples/src/action_cpp_example/src/action_server_cpp_example.cpp:56:15:[m[K [01;31m[Kerror: [m[K‘[01m[Kusing element_type = struct interfaces::action::Example_Result_<std::allocator<void> > {aka struct interfaces::action::Example_Result_<std::allocator<void> >}[m[K’ has no member named ‘[01m[Kresult[m[K’
[7.662s]        result->[01;31m[Kresult[m[K = "Action finished";
[7.662s]                [01;31m[K^~~~~~[m[K
[10.214s] CMakeFiles/action_server_cpp.dir/build.make:62: recipe for target 'CMakeFiles/action_server_cpp.dir/src/action_server_cpp_example.cpp.o' failed
[10.214s] make[2]: *** [CMakeFiles/action_server_cpp.dir/src/action_server_cpp_example.cpp.o] Error 1
[10.215s] make[1]: *** [CMakeFiles/action_server_cpp.dir/all] Error 2
[10.215s] CMakeFiles/Makefile2:131: recipe for target 'CMakeFiles/action_server_cpp.dir/all' failed
[10.216s] Makefile:140: recipe for target 'all' failed
[10.217s] make: *** [all] Error 2
[10.229s] Invoked command in '/home/jiseongyoo/ros2_examples/build/action_cpp_example' returned '2': AMENT_PREFIX_PATH=/home/jiseongyoo/ros2_examples/install/interfaces:${AMENT_PREFIX_PATH} CMAKE_PREFIX_PATH=/home/jiseongyoo/ros2_examples/install/interfaces:/opt/ros/eloquent LD_LIBRARY_PATH=/home/jiseongyoo/ros2_examples/install/interfaces/lib:${LD_LIBRARY_PATH} PYTHONPATH=/home/jiseongyoo/ros2_examples/install/interfaces/lib/python3.6/site-packages:${PYTHONPATH} /usr/bin/cmake --build /home/jiseongyoo/ros2_examples/build/action_cpp_example -- -j2 -l2
