Determining if the pthread_create exist failed with the following output:
Change Dir: /home/jiseongyoo/ros2_examples/build/action_cpp_example/CMakeFiles/CMakeTmp

Run Build Command:"/usr/bin/make" "cmTC_a1c7c/fast"
make[1]: Entering directory '/home/jiseongyoo/ros2_examples/build/action_cpp_example/CMakeFiles/CMakeTmp'
/usr/bin/make -f CMakeFiles/cmTC_a1c7c.dir/build.make CMakeFiles/cmTC_a1c7c.dir/build
make[2]: Entering directory '/home/jiseongyoo/ros2_examples/build/action_cpp_example/CMakeFiles/CMakeTmp'
Building C object CMakeFiles/cmTC_a1c7c.dir/CheckSymbolExists.c.o
/usr/bin/cc    -o CMakeFiles/cmTC_a1c7c.dir/CheckSymbolExists.c.o   -c /home/jiseongyoo/ros2_examples/build/action_cpp_example/CMakeFiles/CMakeTmp/CheckSymbolExists.c
Linking C executable cmTC_a1c7c
/usr/bin/cmake -E cmake_link_script CMakeFiles/cmTC_a1c7c.dir/link.txt --verbose=1
/usr/bin/cc      CMakeFiles/cmTC_a1c7c.dir/CheckSymbolExists.c.o  -o cmTC_a1c7c 
CMakeFiles/cmTC_a1c7c.dir/CheckSymbolExists.c.o: In function `main':
CheckSymbolExists.c:(.text+0x1b): undefined reference to `pthread_create'
collect2: error: ld returned 1 exit status
CMakeFiles/cmTC_a1c7c.dir/build.make:97: recipe for target 'cmTC_a1c7c' failed
make[2]: *** [cmTC_a1c7c] Error 1
make[2]: Leaving directory '/home/jiseongyoo/ros2_examples/build/action_cpp_example/CMakeFiles/CMakeTmp'
Makefile:126: recipe for target 'cmTC_a1c7c/fast' failed
make[1]: *** [cmTC_a1c7c/fast] Error 2
make[1]: Leaving directory '/home/jiseongyoo/ros2_examples/build/action_cpp_example/CMakeFiles/CMakeTmp'

File /home/jiseongyoo/ros2_examples/build/action_cpp_example/CMakeFiles/CMakeTmp/CheckSymbolExists.c:
/* */
#include <pthread.h>

int main(int argc, char** argv)
{
  (void)argv;
#ifndef pthread_create
  return ((int*)(&pthread_create))[argc];
#else
  (void)argc;
  return 0;
#endif
}

Determining if the function pthread_create exists in the pthreads failed with the following output:
Change Dir: /home/jiseongyoo/ros2_examples/build/action_cpp_example/CMakeFiles/CMakeTmp

Run Build Command:"/usr/bin/make" "cmTC_9896f/fast"
make[1]: Entering directory '/home/jiseongyoo/ros2_examples/build/action_cpp_example/CMakeFiles/CMakeTmp'
/usr/bin/make -f CMakeFiles/cmTC_9896f.dir/build.make CMakeFiles/cmTC_9896f.dir/build
make[2]: Entering directory '/home/jiseongyoo/ros2_examples/build/action_cpp_example/CMakeFiles/CMakeTmp'
Building C object CMakeFiles/cmTC_9896f.dir/CheckFunctionExists.c.o
/usr/bin/cc   -DCHECK_FUNCTION_EXISTS=pthread_create   -o CMakeFiles/cmTC_9896f.dir/CheckFunctionExists.c.o   -c /usr/share/cmake-3.10/Modules/CheckFunctionExists.c
Linking C executable cmTC_9896f
/usr/bin/cmake -E cmake_link_script CMakeFiles/cmTC_9896f.dir/link.txt --verbose=1
/usr/bin/cc  -DCHECK_FUNCTION_EXISTS=pthread_create    CMakeFiles/cmTC_9896f.dir/CheckFunctionExists.c.o  -o cmTC_9896f -lpthreads 
/usr/bin/ld: cannot find -lpthreads
collect2: error: ld returned 1 exit status
CMakeFiles/cmTC_9896f.dir/build.make:97: recipe for target 'cmTC_9896f' failed
make[2]: *** [cmTC_9896f] Error 1
make[2]: Leaving directory '/home/jiseongyoo/ros2_examples/build/action_cpp_example/CMakeFiles/CMakeTmp'
Makefile:126: recipe for target 'cmTC_9896f/fast' failed
make[1]: *** [cmTC_9896f/fast] Error 2
make[1]: Leaving directory '/home/jiseongyoo/ros2_examples/build/action_cpp_example/CMakeFiles/CMakeTmp'


