[0.079s] Invoking command in '/home/jiseongyoo/ros2_examples/build/service_cpp_example': CMAKE_PREFIX_PATH=/home/jiseongyoo/ros2_examples/install/interfaces:/home/jiseongyoo/ros2_examples/install/service_cpp_example:/home/jiseongyoo/ros2_examples/install/pubsub_cpp_template:/home/jiseongyoo/ros2_examples/install/pubsub_cpp_example:/home/jiseongyoo/ros2_examples/install/pub_sub_cpp_template:/home/jiseongyoo/ros2_examples/install/param_cpp_example:/home/jiseongyoo/ros2_examples/install/action_cpp_example:/home/jiseongyoo/ros2_examples/install/cpp_pubsub:/opt/ros/eloquent /usr/bin/cmake --build /home/jiseongyoo/ros2_examples/build/service_cpp_example -- -j2 -l2
[0.247s] [35m[1mScanning dependencies of target service_client_cpp[0m
[0.316s] [ 50%] Built target service_server_cpp
[0.427s] [ 75%] [32mBuilding CXX object CMakeFiles/service_client_cpp.dir/src/service_client_cpp_example.cpp.o[0m
[8.517s] [100%] [32m[1mLinking CXX executable service_client_cpp[0m
[9.378s] [100%] Built target service_client_cpp
[9.430s] Invoked command in '/home/jiseongyoo/ros2_examples/build/service_cpp_example' returned '0': CMAKE_PREFIX_PATH=/home/jiseongyoo/ros2_examples/install/interfaces:/home/jiseongyoo/ros2_examples/install/service_cpp_example:/home/jiseongyoo/ros2_examples/install/pubsub_cpp_template:/home/jiseongyoo/ros2_examples/install/pubsub_cpp_example:/home/jiseongyoo/ros2_examples/install/pub_sub_cpp_template:/home/jiseongyoo/ros2_examples/install/param_cpp_example:/home/jiseongyoo/ros2_examples/install/action_cpp_example:/home/jiseongyoo/ros2_examples/install/cpp_pubsub:/opt/ros/eloquent /usr/bin/cmake --build /home/jiseongyoo/ros2_examples/build/service_cpp_example -- -j2 -l2
[9.605s] Invoking command in '/home/jiseongyoo/ros2_examples/build/service_cpp_example': CMAKE_PREFIX_PATH=/home/jiseongyoo/ros2_examples/install/interfaces:/home/jiseongyoo/ros2_examples/install/service_cpp_example:/home/jiseongyoo/ros2_examples/install/pubsub_cpp_template:/home/jiseongyoo/ros2_examples/install/pubsub_cpp_example:/home/jiseongyoo/ros2_examples/install/pub_sub_cpp_template:/home/jiseongyoo/ros2_examples/install/param_cpp_example:/home/jiseongyoo/ros2_examples/install/action_cpp_example:/home/jiseongyoo/ros2_examples/install/cpp_pubsub:/opt/ros/eloquent /usr/bin/cmake --build /home/jiseongyoo/ros2_examples/build/service_cpp_example --target install -- -j2 -l2
[9.825s] [ 50%] Built target service_client_cpp
[9.839s] [100%] Built target service_server_cpp
[9.921s] [36mInstall the project...[0m
[9.978s] -- Install configuration: ""
[9.981s] -- Up-to-date: /home/jiseongyoo/ros2_examples/install/service_cpp_example/lib/service_cpp_example/service_server_cpp
[9.986s] -- Installing: /home/jiseongyoo/ros2_examples/install/service_cpp_example/lib/service_cpp_example/service_client_cpp
[9.994s] -- Set runtime path of "/home/jiseongyoo/ros2_examples/install/service_cpp_example/lib/service_cpp_example/service_client_cpp" to ""
[9.995s] -- Up-to-date: /home/jiseongyoo/ros2_examples/install/service_cpp_example/share/ament_index/resource_index/package_run_dependencies/service_cpp_example
[9.996s] -- Up-to-date: /home/jiseongyoo/ros2_examples/install/service_cpp_example/share/ament_index/resource_index/parent_prefix_path/service_cpp_example
[9.996s] -- Up-to-date: /home/jiseongyoo/ros2_examples/install/service_cpp_example/share/service_cpp_example/environment/ament_prefix_path.sh
[9.997s] -- Up-to-date: /home/jiseongyoo/ros2_examples/install/service_cpp_example/share/service_cpp_example/environment/ament_prefix_path.dsv
[9.998s] -- Up-to-date: /home/jiseongyoo/ros2_examples/install/service_cpp_example/share/service_cpp_example/environment/path.sh
[9.999s] -- Up-to-date: /home/jiseongyoo/ros2_examples/install/service_cpp_example/share/service_cpp_example/environment/path.dsv
[9.999s] -- Up-to-date: /home/jiseongyoo/ros2_examples/install/service_cpp_example/share/service_cpp_example/local_setup.bash
[10.000s] -- Up-to-date: /home/jiseongyoo/ros2_examples/install/service_cpp_example/share/service_cpp_example/local_setup.sh
[10.001s] -- Up-to-date: /home/jiseongyoo/ros2_examples/install/service_cpp_example/share/service_cpp_example/local_setup.zsh
[10.004s] -- Up-to-date: /home/jiseongyoo/ros2_examples/install/service_cpp_example/share/service_cpp_example/local_setup.dsv
[10.004s] -- Installing: /home/jiseongyoo/ros2_examples/install/service_cpp_example/share/service_cpp_example/package.dsv
[10.005s] -- Up-to-date: /home/jiseongyoo/ros2_examples/install/service_cpp_example/share/ament_index/resource_index/packages/service_cpp_example
[10.005s] -- Up-to-date: /home/jiseongyoo/ros2_examples/install/service_cpp_example/share/service_cpp_example/cmake/service_cpp_exampleConfig.cmake
[10.006s] -- Up-to-date: /home/jiseongyoo/ros2_examples/install/service_cpp_example/share/service_cpp_example/cmake/service_cpp_exampleConfig-version.cmake
[10.006s] -- Up-to-date: /home/jiseongyoo/ros2_examples/install/service_cpp_example/share/service_cpp_example/package.xml
[10.017s] Invoked command in '/home/jiseongyoo/ros2_examples/build/service_cpp_example' returned '0': CMAKE_PREFIX_PATH=/home/jiseongyoo/ros2_examples/install/interfaces:/home/jiseongyoo/ros2_examples/install/service_cpp_example:/home/jiseongyoo/ros2_examples/install/pubsub_cpp_template:/home/jiseongyoo/ros2_examples/install/pubsub_cpp_example:/home/jiseongyoo/ros2_examples/install/pub_sub_cpp_template:/home/jiseongyoo/ros2_examples/install/param_cpp_example:/home/jiseongyoo/ros2_examples/install/action_cpp_example:/home/jiseongyoo/ros2_examples/install/cpp_pubsub:/opt/ros/eloquent /usr/bin/cmake --build /home/jiseongyoo/ros2_examples/build/service_cpp_example --target install -- -j2 -l2
