[5.451s] [01m[K/home/jiseongyoo/ros2_examples/src/service_cpp_example/src/service_client_cpp_example.cpp:[m[K In member function ‘[01m[Kvoid ServiceClientExample::send_request()[m[K’:
[5.452s] [01m[K/home/jiseongyoo/ros2_examples/src/service_cpp_example/src/service_client_cpp_example.cpp:50:58:[m[K [01;31m[Kerror: [m[Kno matching function for call to ‘[01m[Kspin_until_future_complete(ServiceClientExample*, std::shared_future<std::shared_ptr<interfaces::srv::Example_Response_<std::allocator<void> > > >&)[m[K’
[5.453s]      if (rclcpp::spin_until_future_complete(this, response[01;31m[K)[m[K == rclcpp::executor::FutureReturnCode::SUCCESS){
[5.455s]                                                           [01;31m[K^[m[K
[5.456s] In file included from [01m[K/opt/ros/eloquent/include/rclcpp/rclcpp.hpp:145:0[m[K,
[5.456s]                  from [01m[K/home/jiseongyoo/ros2_examples/src/service_cpp_example/src/service_client_cpp_example.cpp:14[m[K:
[5.457s] [01m[K/opt/ros/eloquent/include/rclcpp/executors.hpp:104:1:[m[K [01;36m[Knote: [m[Kcandidate: template<class FutureT, class TimeRepT, class TimeT> rclcpp::executor::FutureReturnCode rclcpp::spin_until_future_complete(rclcpp::node_interfaces::NodeBaseInterface::SharedPtr, std::shared_future<_Res>&, std::chrono::duration<_Rep, _Period>)
[5.458s]  [01;36m[Kspin_until_future_complete[m[K(
[5.459s]  [01;36m[K^~~~~~~~~~~~~~~~~~~~~~~~~~[m[K
[5.459s] [01m[K/opt/ros/eloquent/include/rclcpp/executors.hpp:104:1:[m[K [01;36m[Knote: [m[K  template argument deduction/substitution failed:
[5.460s] [01m[K/home/jiseongyoo/ros2_examples/src/service_cpp_example/src/service_client_cpp_example.cpp:50:58:[m[K [01;36m[Knote: [m[K  cannot convert ‘[01m[K(ServiceClientExample*)this[m[K’ (type ‘[01m[KServiceClientExample*[m[K’) to type ‘[01m[Krclcpp::node_interfaces::NodeBaseInterface::SharedPtr {aka std::shared_ptr<rclcpp::node_interfaces::NodeBaseInterface>}[m[K’
[5.461s]      if (rclcpp::spin_until_future_complete(this, response[01;36m[K)[m[K == rclcpp::executor::FutureReturnCode::SUCCESS){
[5.461s]                                                           [01;36m[K^[m[K
[5.463s] In file included from [01m[K/opt/ros/eloquent/include/rclcpp/rclcpp.hpp:145:0[m[K,
[5.464s]                  from [01m[K/home/jiseongyoo/ros2_examples/src/service_cpp_example/src/service_client_cpp_example.cpp:14[m[K:
[5.464s] [01m[K/opt/ros/eloquent/include/rclcpp/executors.hpp:116:1:[m[K [01;36m[Knote: [m[Kcandidate: template<class NodeT, class FutureT, class TimeRepT, class TimeT> rclcpp::executor::FutureReturnCode rclcpp::spin_until_future_complete(std::shared_ptr<_Tp>, std::shared_future<ResponseT>&, std::chrono::duration<_Rep2, _Period2>)
[5.465s]  [01;36m[Kspin_until_future_complete[m[K(
[5.465s]  [01;36m[K^~~~~~~~~~~~~~~~~~~~~~~~~~[m[K
[5.466s] [01m[K/opt/ros/eloquent/include/rclcpp/executors.hpp:116:1:[m[K [01;36m[Knote: [m[K  template argument deduction/substitution failed:
[5.466s] [01m[K/home/jiseongyoo/ros2_examples/src/service_cpp_example/src/service_client_cpp_example.cpp:50:58:[m[K [01;36m[Knote: [m[K  mismatched types ‘[01m[Kstd::shared_ptr<_Tp>[m[K’ and ‘[01m[KServiceClientExample*[m[K’
[5.466s]      if (rclcpp::spin_until_future_complete(this, response[01;36m[K)[m[K == rclcpp::executor::FutureReturnCode::SUCCESS){
[5.467s]                                                           [01;36m[K^[m[K
[6.865s] make[2]: *** [CMakeFiles/service_client_cpp.dir/src/service_client_cpp_example.cpp.o] Error 1
[6.866s] make[1]: *** [CMakeFiles/service_client_cpp.dir/all] Error 2
[6.867s] make: *** [all] Error 2
