[0.081s] Invoking command in '/home/jiseongyoo/ros2_examples/build/service_cpp_example': CMAKE_PREFIX_PATH=/home/jiseongyoo/ros2_examples/install/interfaces:/home/jiseongyoo/ros2_examples/install/pubsub_cpp_template:/home/jiseongyoo/ros2_examples/install/pubsub_cpp_example:/home/jiseongyoo/ros2_examples/install/pub_sub_cpp_template:/home/jiseongyoo/ros2_examples/install/cpp_pubsub:/opt/ros/eloquent /usr/bin/cmake --build /home/jiseongyoo/ros2_examples/build/service_cpp_example -- -j2 -l2
[0.263s] [35m[1mScanning dependencies of target service_client_cpp[0m
[0.275s] [35m[1mScanning dependencies of target service_server_cpp[0m
[0.394s] [ 25%] [32mBuilding CXX object CMakeFiles/service_server_cpp.dir/src/service_server_cpp_example.cpp.o[0m
[0.549s] [ 50%] [32mBuilding CXX object CMakeFiles/service_client_cpp.dir/src/service_client_cpp_example.cpp.o[0m
[5.175s] [01m[K/home/jiseongyoo/ros2_examples/src/service_cpp_example/src/service_client_cpp_example.cpp:[m[K In function ‘[01m[Kint main(int, char**)[m[K’:
[5.175s] [01m[K/home/jiseongyoo/ros2_examples/src/service_cpp_example/src/service_client_cpp_example.cpp:17:27:[m[K [01;31m[Kerror: [m[K‘[01m[Kusing element_type = class rclcpp::Node {aka class rclcpp::Node}[m[K’ has no member named ‘[01m[Kwait_for_service[m[K’; did you mean ‘[01m[Kcreate_service[m[K’?
[5.176s]    while (!service_client->[01;31m[Kwait_for_service[m[K(1s)) {
[5.176s]                            [01;31m[K^~~~~~~~~~~~~~~~[m[K
[5.177s]                            [32m[Kcreate_service[m[K
[5.179s] [01m[K/home/jiseongyoo/ros2_examples/src/service_cpp_example/src/service_client_cpp_example.cpp:25:33:[m[K [01;31m[Kerror: [m[K‘[01m[Kusing element_type = class rclcpp::Node {aka class rclcpp::Node}[m[K’ has no member named ‘[01m[Kasync_send_request[m[K’
[5.180s]    auto result = service_client->[01;31m[Kasync_send_request[m[K(request);
[5.180s]                                  [01;31m[K^~~~~~~~~~~~~~~~~~[m[K
[6.439s] CMakeFiles/service_client_cpp.dir/build.make:62: recipe for target 'CMakeFiles/service_client_cpp.dir/src/service_client_cpp_example.cpp.o' failed
[6.440s] make[2]: *** [CMakeFiles/service_client_cpp.dir/src/service_client_cpp_example.cpp.o] Error 1
[6.440s] make[1]: *** [CMakeFiles/service_client_cpp.dir/all] Error 2
[6.441s] make[1]: *** Waiting for unfinished jobs....
[6.442s] CMakeFiles/Makefile2:168: recipe for target 'CMakeFiles/service_client_cpp.dir/all' failed
[7.264s] [ 75%] [32m[1mLinking CXX executable service_server_cpp[0m
[7.919s] [ 75%] Built target service_server_cpp
[7.925s] Makefile:140: recipe for target 'all' failed
[7.929s] make: *** [all] Error 2
[7.937s] Invoked command in '/home/jiseongyoo/ros2_examples/build/service_cpp_example' returned '2': CMAKE_PREFIX_PATH=/home/jiseongyoo/ros2_examples/install/interfaces:/home/jiseongyoo/ros2_examples/install/pubsub_cpp_template:/home/jiseongyoo/ros2_examples/install/pubsub_cpp_example:/home/jiseongyoo/ros2_examples/install/pub_sub_cpp_template:/home/jiseongyoo/ros2_examples/install/cpp_pubsub:/opt/ros/eloquent /usr/bin/cmake --build /home/jiseongyoo/ros2_examples/build/service_cpp_example -- -j2 -l2
