[0.274s] [35m[1mScanning dependencies of target pub_cpp_template[0m
[0.379s] [ 50%] [32mBuilding CXX object CMakeFiles/pub_cpp_template.dir/src/pub_cpp_template.cpp.o[0m
[4.675s] [01m[K/home/jiseongyoo/ros2_examples/src/pub_sub_cpp_template/src/pub_cpp_template.cpp:[m[K In function ‘[01m[Kint main(int, char**)[m[K’:
[4.680s] [01m[K/home/jiseongyoo/ros2_examples/src/pub_sub_cpp_template/src/pub_cpp_template.cpp:3:14:[m[K [01;35m[Kwarning: [m[Kunused parameter ‘[01m[Kargc[m[K’ [[01;35m[K-Wunused-parameter[m[K]
[4.682s]  int main(int [01;35m[Kargc[m[K, char** argv){
[4.683s]               [01;35m[K^~~~[m[K
[4.684s] [01m[K/home/jiseongyoo/ros2_examples/src/pub_sub_cpp_template/src/pub_cpp_template.cpp:3:27:[m[K [01;35m[Kwarning: [m[Kunused parameter ‘[01m[Kargv[m[K’ [[01;35m[K-Wunused-parameter[m[K]
[4.684s]  int main(int argc, char** [01;35m[Kargv[m[K){
[4.685s]                            [01;35m[K^~~~[m[K
[5.356s] [100%] [32m[1mLinking CXX executable pub_cpp_template[0m
[5.771s] [100%] Built target pub_cpp_template
[6.257s] [100%] Built target pub_cpp_template
[6.371s] [36mInstall the project...[0m
[6.377s] -- Install configuration: ""
[6.379s] -- Installing: /home/jiseongyoo/ros2_examples/install/pub_sub_cpp_template/lib/pub_sub_cpp_template/pub_cpp_template
[6.380s] -- Set runtime path of "/home/jiseongyoo/ros2_examples/install/pub_sub_cpp_template/lib/pub_sub_cpp_template/pub_cpp_template" to ""
[6.381s] -- Up-to-date: /home/jiseongyoo/ros2_examples/install/pub_sub_cpp_template/share/ament_index/resource_index/package_run_dependencies/pub_sub_cpp_template
[6.382s] -- Up-to-date: /home/jiseongyoo/ros2_examples/install/pub_sub_cpp_template/share/ament_index/resource_index/parent_prefix_path/pub_sub_cpp_template
[6.383s] -- Up-to-date: /home/jiseongyoo/ros2_examples/install/pub_sub_cpp_template/share/pub_sub_cpp_template/environment/ament_prefix_path.sh
[6.384s] -- Up-to-date: /home/jiseongyoo/ros2_examples/install/pub_sub_cpp_template/share/pub_sub_cpp_template/environment/ament_prefix_path.dsv
[6.385s] -- Up-to-date: /home/jiseongyoo/ros2_examples/install/pub_sub_cpp_template/share/pub_sub_cpp_template/environment/path.sh
[6.385s] -- Up-to-date: /home/jiseongyoo/ros2_examples/install/pub_sub_cpp_template/share/pub_sub_cpp_template/environment/path.dsv
[6.386s] -- Up-to-date: /home/jiseongyoo/ros2_examples/install/pub_sub_cpp_template/share/pub_sub_cpp_template/local_setup.bash
[6.387s] -- Up-to-date: /home/jiseongyoo/ros2_examples/install/pub_sub_cpp_template/share/pub_sub_cpp_template/local_setup.sh
[6.387s] -- Up-to-date: /home/jiseongyoo/ros2_examples/install/pub_sub_cpp_template/share/pub_sub_cpp_template/local_setup.zsh
[6.388s] -- Up-to-date: /home/jiseongyoo/ros2_examples/install/pub_sub_cpp_template/share/pub_sub_cpp_template/local_setup.dsv
[6.388s] -- Installing: /home/jiseongyoo/ros2_examples/install/pub_sub_cpp_template/share/pub_sub_cpp_template/package.dsv
[6.389s] -- Up-to-date: /home/jiseongyoo/ros2_examples/install/pub_sub_cpp_template/share/ament_index/resource_index/packages/pub_sub_cpp_template
[6.389s] -- Up-to-date: /home/jiseongyoo/ros2_examples/install/pub_sub_cpp_template/share/pub_sub_cpp_template/cmake/pub_sub_cpp_templateConfig.cmake
[6.390s] -- Up-to-date: /home/jiseongyoo/ros2_examples/install/pub_sub_cpp_template/share/pub_sub_cpp_template/cmake/pub_sub_cpp_templateConfig-version.cmake
[6.390s] -- Up-to-date: /home/jiseongyoo/ros2_examples/install/pub_sub_cpp_template/share/pub_sub_cpp_template/package.xml
