[0.648s] DEBUG:colcon:Command line arguments: ['/usr/bin/colcon', 'build', '--packages-select', 'composition_cpp_example']
[0.649s] DEBUG:colcon:Parsed command line arguments: Namespace(ament_cmake_args=None, base_paths=['.'], build_base='build', catkin_cmake_args=None, catkin_skip_building_tests=False, cmake_args=None, cmake_clean_cache=False, cmake_clean_first=False, cmake_force_configure=False, cmake_target=None, cmake_target_skip_unavailable=False, continue_on_error=False, event_handlers=None, executor='parallel', ignore_user_meta=False, install_base='install', log_base=None, log_level=None, main=<bound method BuildVerb.main of <colcon_core.verb.build.BuildVerb object at 0x7fc905ae3320>>, merge_install=False, metas=['./colcon.meta'], packages_above=None, packages_above_depth=None, packages_end=None, packages_ignore=None, packages_ignore_regex=None, packages_select=['composition_cpp_example'], packages_select_build_failed=False, packages_select_by_dep=None, packages_select_regex=None, packages_select_test_failures=False, packages_skip=None, packages_skip_build_finished=False, packages_skip_by_dep=None, packages_skip_regex=None, packages_skip_test_passed=False, packages_skip_up_to=None, packages_start=None, packages_up_to=None, parallel_workers=2, paths=None, symlink_install=False, test_result_base=None, verb_extension=<colcon_core.verb.build.BuildVerb object at 0x7fc905ae3320>, verb_name='build', verb_parser=<colcon_defaults.argument_parser.defaults.DefaultArgumentsDecorator object at 0x7fc905ae36d8>)
[0.800s] Level 1:colcon.colcon_core.package_discovery:discover_packages(colcon_meta) check parameters
[0.800s] Level 1:colcon.colcon_core.package_discovery:discover_packages(recursive) check parameters
[0.800s] Level 1:colcon.colcon_core.package_discovery:discover_packages(ignore) check parameters
[0.800s] Level 1:colcon.colcon_core.package_discovery:discover_packages(path) check parameters
[0.801s] Level 1:colcon.colcon_core.package_discovery:discover_packages(colcon_meta) discover
[0.802s] Level 1:colcon.colcon_core.package_discovery:discover_packages(recursive) discover
[0.802s] INFO:colcon.colcon_core.package_discovery:Crawling recursively for packages in '/home/jiseongyoo/ros2_examples'
[0.802s] Level 1:colcon.colcon_core.package_identification:_identify(.) by extensions ['ignore', 'ignore_ament_install']
[0.803s] Level 1:colcon.colcon_core.package_identification:_identify(.) by extension 'ignore'
[0.803s] Level 1:colcon.colcon_core.package_identification:_identify(.) by extension 'ignore_ament_install'
[0.803s] Level 1:colcon.colcon_core.package_identification:_identify(.) by extensions ['colcon_pkg']
[0.804s] Level 1:colcon.colcon_core.package_identification:_identify(.) by extension 'colcon_pkg'
[0.804s] Level 1:colcon.colcon_core.package_identification:_identify(.) by extensions ['colcon_meta']
[0.804s] Level 1:colcon.colcon_core.package_identification:_identify(.) by extension 'colcon_meta'
[0.804s] Level 1:colcon.colcon_core.package_identification:_identify(.) by extensions ['ros']
[0.804s] Level 1:colcon.colcon_core.package_identification:_identify(.) by extension 'ros'
[0.853s] Level 1:colcon.colcon_core.package_identification:_identify(.) by extensions ['cmake', 'python']
[0.853s] Level 1:colcon.colcon_core.package_identification:_identify(.) by extension 'cmake'
[0.853s] Level 1:colcon.colcon_core.package_identification:_identify(.) by extension 'python'
[0.853s] Level 1:colcon.colcon_core.package_identification:_identify(.) by extensions ['python_setup_py']
[0.853s] Level 1:colcon.colcon_core.package_identification:_identify(.) by extension 'python_setup_py'
[0.854s] Level 1:colcon.colcon_core.package_identification:_identify(build) by extensions ['ignore', 'ignore_ament_install']
[0.854s] Level 1:colcon.colcon_core.package_identification:_identify(build) by extension 'ignore'
[0.855s] Level 1:colcon.colcon_core.package_identification:_identify(build) ignored
[0.856s] Level 1:colcon.colcon_core.package_identification:_identify(install) by extensions ['ignore', 'ignore_ament_install']
[0.857s] Level 1:colcon.colcon_core.package_identification:_identify(install) by extension 'ignore'
[0.857s] Level 1:colcon.colcon_core.package_identification:_identify(install) ignored
[0.857s] Level 1:colcon.colcon_core.package_identification:_identify(launch) by extensions ['ignore', 'ignore_ament_install']
[0.858s] Level 1:colcon.colcon_core.package_identification:_identify(launch) by extension 'ignore'
[0.858s] Level 1:colcon.colcon_core.package_identification:_identify(launch) by extension 'ignore_ament_install'
[0.858s] Level 1:colcon.colcon_core.package_identification:_identify(launch) by extensions ['colcon_pkg']
[0.858s] Level 1:colcon.colcon_core.package_identification:_identify(launch) by extension 'colcon_pkg'
[0.859s] Level 1:colcon.colcon_core.package_identification:_identify(launch) by extensions ['colcon_meta']
[0.859s] Level 1:colcon.colcon_core.package_identification:_identify(launch) by extension 'colcon_meta'
[0.859s] Level 1:colcon.colcon_core.package_identification:_identify(launch) by extensions ['ros']
[0.859s] Level 1:colcon.colcon_core.package_identification:_identify(launch) by extension 'ros'
[0.859s] Level 1:colcon.colcon_core.package_identification:_identify(launch) by extensions ['cmake', 'python']
[0.859s] Level 1:colcon.colcon_core.package_identification:_identify(launch) by extension 'cmake'
[0.860s] Level 1:colcon.colcon_core.package_identification:_identify(launch) by extension 'python'
[0.860s] Level 1:colcon.colcon_core.package_identification:_identify(launch) by extensions ['python_setup_py']
[0.860s] Level 1:colcon.colcon_core.package_identification:_identify(launch) by extension 'python_setup_py'
[0.860s] Level 1:colcon.colcon_core.package_identification:_identify(launch/__pycache__) by extensions ['ignore', 'ignore_ament_install']
[0.861s] Level 1:colcon.colcon_core.package_identification:_identify(launch/__pycache__) by extension 'ignore'
[0.861s] Level 1:colcon.colcon_core.package_identification:_identify(launch/__pycache__) by extension 'ignore_ament_install'
[0.861s] Level 1:colcon.colcon_core.package_identification:_identify(launch/__pycache__) by extensions ['colcon_pkg']
[0.861s] Level 1:colcon.colcon_core.package_identification:_identify(launch/__pycache__) by extension 'colcon_pkg'
[0.862s] Level 1:colcon.colcon_core.package_identification:_identify(launch/__pycache__) by extensions ['colcon_meta']
[0.862s] Level 1:colcon.colcon_core.package_identification:_identify(launch/__pycache__) by extension 'colcon_meta'
[0.862s] Level 1:colcon.colcon_core.package_identification:_identify(launch/__pycache__) by extensions ['ros']
[0.862s] Level 1:colcon.colcon_core.package_identification:_identify(launch/__pycache__) by extension 'ros'
[0.862s] Level 1:colcon.colcon_core.package_identification:_identify(launch/__pycache__) by extensions ['cmake', 'python']
[0.863s] Level 1:colcon.colcon_core.package_identification:_identify(launch/__pycache__) by extension 'cmake'
[0.863s] Level 1:colcon.colcon_core.package_identification:_identify(launch/__pycache__) by extension 'python'
[0.863s] Level 1:colcon.colcon_core.package_identification:_identify(launch/__pycache__) by extensions ['python_setup_py']
[0.863s] Level 1:colcon.colcon_core.package_identification:_identify(launch/__pycache__) by extension 'python_setup_py'
[0.865s] Level 1:colcon.colcon_core.package_identification:_identify(log) by extensions ['ignore', 'ignore_ament_install']
[0.865s] Level 1:colcon.colcon_core.package_identification:_identify(log) by extension 'ignore'
[0.866s] Level 1:colcon.colcon_core.package_identification:_identify(log) ignored
[0.866s] Level 1:colcon.colcon_core.package_identification:_identify(src) by extensions ['ignore', 'ignore_ament_install']
[0.866s] Level 1:colcon.colcon_core.package_identification:_identify(src) by extension 'ignore'
[0.867s] Level 1:colcon.colcon_core.package_identification:_identify(src) by extension 'ignore_ament_install'
[0.867s] Level 1:colcon.colcon_core.package_identification:_identify(src) by extensions ['colcon_pkg']
[0.867s] Level 1:colcon.colcon_core.package_identification:_identify(src) by extension 'colcon_pkg'
[0.867s] Level 1:colcon.colcon_core.package_identification:_identify(src) by extensions ['colcon_meta']
[0.867s] Level 1:colcon.colcon_core.package_identification:_identify(src) by extension 'colcon_meta'
[0.867s] Level 1:colcon.colcon_core.package_identification:_identify(src) by extensions ['ros']
[0.868s] Level 1:colcon.colcon_core.package_identification:_identify(src) by extension 'ros'
[0.868s] Level 1:colcon.colcon_core.package_identification:_identify(src) by extensions ['cmake', 'python']
[0.868s] Level 1:colcon.colcon_core.package_identification:_identify(src) by extension 'cmake'
[0.868s] Level 1:colcon.colcon_core.package_identification:_identify(src) by extension 'python'
[0.868s] Level 1:colcon.colcon_core.package_identification:_identify(src) by extensions ['python_setup_py']
[0.869s] Level 1:colcon.colcon_core.package_identification:_identify(src) by extension 'python_setup_py'
[0.869s] Level 1:colcon.colcon_core.package_identification:_identify(src/action_cpp_example) by extensions ['ignore', 'ignore_ament_install']
[0.869s] Level 1:colcon.colcon_core.package_identification:_identify(src/action_cpp_example) by extension 'ignore'
[0.870s] Level 1:colcon.colcon_core.package_identification:_identify(src/action_cpp_example) by extension 'ignore_ament_install'
[0.870s] Level 1:colcon.colcon_core.package_identification:_identify(src/action_cpp_example) by extensions ['colcon_pkg']
[0.870s] Level 1:colcon.colcon_core.package_identification:_identify(src/action_cpp_example) by extension 'colcon_pkg'
[0.870s] Level 1:colcon.colcon_core.package_identification:_identify(src/action_cpp_example) by extensions ['colcon_meta']
[0.870s] Level 1:colcon.colcon_core.package_identification:_identify(src/action_cpp_example) by extension 'colcon_meta'
[0.871s] Level 1:colcon.colcon_core.package_identification:_identify(src/action_cpp_example) by extensions ['ros']
[0.871s] Level 1:colcon.colcon_core.package_identification:_identify(src/action_cpp_example) by extension 'ros'
[0.880s] DEBUG:colcon.colcon_core.package_identification:Package 'src/action_cpp_example' with type 'ros.ament_cmake' and name 'action_cpp_example'
[0.880s] Level 1:colcon.colcon_core.package_identification:_identify(src/composition_cpp_example) by extensions ['ignore', 'ignore_ament_install']
[0.881s] Level 1:colcon.colcon_core.package_identification:_identify(src/composition_cpp_example) by extension 'ignore'
[0.881s] Level 1:colcon.colcon_core.package_identification:_identify(src/composition_cpp_example) by extension 'ignore_ament_install'
[0.881s] Level 1:colcon.colcon_core.package_identification:_identify(src/composition_cpp_example) by extensions ['colcon_pkg']
[0.881s] Level 1:colcon.colcon_core.package_identification:_identify(src/composition_cpp_example) by extension 'colcon_pkg'
[0.881s] Level 1:colcon.colcon_core.package_identification:_identify(src/composition_cpp_example) by extensions ['colcon_meta']
[0.882s] Level 1:colcon.colcon_core.package_identification:_identify(src/composition_cpp_example) by extension 'colcon_meta'
[0.882s] Level 1:colcon.colcon_core.package_identification:_identify(src/composition_cpp_example) by extensions ['ros']
[0.882s] Level 1:colcon.colcon_core.package_identification:_identify(src/composition_cpp_example) by extension 'ros'
[0.884s] DEBUG:colcon.colcon_core.package_identification:Package 'src/composition_cpp_example' with type 'ros.ament_cmake' and name 'composition_cpp_example'
[0.885s] Level 1:colcon.colcon_core.package_identification:_identify(src/interfaces) by extensions ['ignore', 'ignore_ament_install']
[0.885s] Level 1:colcon.colcon_core.package_identification:_identify(src/interfaces) by extension 'ignore'
[0.885s] Level 1:colcon.colcon_core.package_identification:_identify(src/interfaces) by extension 'ignore_ament_install'
[0.886s] Level 1:colcon.colcon_core.package_identification:_identify(src/interfaces) by extensions ['colcon_pkg']
[0.886s] Level 1:colcon.colcon_core.package_identification:_identify(src/interfaces) by extension 'colcon_pkg'
[0.886s] Level 1:colcon.colcon_core.package_identification:_identify(src/interfaces) by extensions ['colcon_meta']
[0.886s] Level 1:colcon.colcon_core.package_identification:_identify(src/interfaces) by extension 'colcon_meta'
[0.886s] Level 1:colcon.colcon_core.package_identification:_identify(src/interfaces) by extensions ['ros']
[0.886s] Level 1:colcon.colcon_core.package_identification:_identify(src/interfaces) by extension 'ros'
[0.889s] DEBUG:colcon.colcon_core.package_identification:Package 'src/interfaces' with type 'ros.ament_cmake' and name 'interfaces'
[0.889s] Level 1:colcon.colcon_core.package_identification:_identify(src/param_cpp_example) by extensions ['ignore', 'ignore_ament_install']
[0.890s] Level 1:colcon.colcon_core.package_identification:_identify(src/param_cpp_example) by extension 'ignore'
[0.890s] Level 1:colcon.colcon_core.package_identification:_identify(src/param_cpp_example) by extension 'ignore_ament_install'
[0.890s] Level 1:colcon.colcon_core.package_identification:_identify(src/param_cpp_example) by extensions ['colcon_pkg']
[0.890s] Level 1:colcon.colcon_core.package_identification:_identify(src/param_cpp_example) by extension 'colcon_pkg'
[0.890s] Level 1:colcon.colcon_core.package_identification:_identify(src/param_cpp_example) by extensions ['colcon_meta']
[0.891s] Level 1:colcon.colcon_core.package_identification:_identify(src/param_cpp_example) by extension 'colcon_meta'
[0.891s] Level 1:colcon.colcon_core.package_identification:_identify(src/param_cpp_example) by extensions ['ros']
[0.891s] Level 1:colcon.colcon_core.package_identification:_identify(src/param_cpp_example) by extension 'ros'
[0.893s] DEBUG:colcon.colcon_core.package_identification:Package 'src/param_cpp_example' with type 'ros.ament_cmake' and name 'param_cpp_example'
[0.893s] Level 1:colcon.colcon_core.package_identification:_identify(src/pubsub_cpp_example) by extensions ['ignore', 'ignore_ament_install']
[0.894s] Level 1:colcon.colcon_core.package_identification:_identify(src/pubsub_cpp_example) by extension 'ignore'
[0.894s] Level 1:colcon.colcon_core.package_identification:_identify(src/pubsub_cpp_example) by extension 'ignore_ament_install'
[0.894s] Level 1:colcon.colcon_core.package_identification:_identify(src/pubsub_cpp_example) by extensions ['colcon_pkg']
[0.895s] Level 1:colcon.colcon_core.package_identification:_identify(src/pubsub_cpp_example) by extension 'colcon_pkg'
[0.895s] Level 1:colcon.colcon_core.package_identification:_identify(src/pubsub_cpp_example) by extensions ['colcon_meta']
[0.895s] Level 1:colcon.colcon_core.package_identification:_identify(src/pubsub_cpp_example) by extension 'colcon_meta'
[0.895s] Level 1:colcon.colcon_core.package_identification:_identify(src/pubsub_cpp_example) by extensions ['ros']
[0.895s] Level 1:colcon.colcon_core.package_identification:_identify(src/pubsub_cpp_example) by extension 'ros'
[0.897s] DEBUG:colcon.colcon_core.package_identification:Package 'src/pubsub_cpp_example' with type 'ros.ament_cmake' and name 'pubsub_cpp_example'
[0.898s] Level 1:colcon.colcon_core.package_identification:_identify(src/service_cpp_example) by extensions ['ignore', 'ignore_ament_install']
[0.898s] Level 1:colcon.colcon_core.package_identification:_identify(src/service_cpp_example) by extension 'ignore'
[0.899s] Level 1:colcon.colcon_core.package_identification:_identify(src/service_cpp_example) by extension 'ignore_ament_install'
[0.899s] Level 1:colcon.colcon_core.package_identification:_identify(src/service_cpp_example) by extensions ['colcon_pkg']
[0.899s] Level 1:colcon.colcon_core.package_identification:_identify(src/service_cpp_example) by extension 'colcon_pkg'
[0.899s] Level 1:colcon.colcon_core.package_identification:_identify(src/service_cpp_example) by extensions ['colcon_meta']
[0.899s] Level 1:colcon.colcon_core.package_identification:_identify(src/service_cpp_example) by extension 'colcon_meta'
[0.899s] Level 1:colcon.colcon_core.package_identification:_identify(src/service_cpp_example) by extensions ['ros']
[0.900s] Level 1:colcon.colcon_core.package_identification:_identify(src/service_cpp_example) by extension 'ros'
[0.902s] DEBUG:colcon.colcon_core.package_identification:Package 'src/service_cpp_example' with type 'ros.ament_cmake' and name 'service_cpp_example'
[0.902s] Level 1:colcon.colcon_core.package_discovery:discover_packages(recursive) using defaults
[0.903s] Level 1:colcon.colcon_core.package_discovery:discover_packages(ignore) discover
[0.903s] Level 1:colcon.colcon_core.package_discovery:discover_packages(ignore) using defaults
[0.903s] Level 1:colcon.colcon_core.package_discovery:discover_packages(path) discover
[0.903s] Level 1:colcon.colcon_core.package_discovery:discover_packages(path) using defaults
[0.915s] INFO:colcon.colcon_core.package_selection:Skipping not selected package 'interfaces' in 'src/interfaces'
[0.916s] INFO:colcon.colcon_core.package_selection:Skipping not selected package 'param_cpp_example' in 'src/param_cpp_example'
[0.916s] INFO:colcon.colcon_core.package_selection:Skipping not selected package 'action_cpp_example' in 'src/action_cpp_example'
[0.916s] INFO:colcon.colcon_core.package_selection:Skipping not selected package 'pubsub_cpp_example' in 'src/pubsub_cpp_example'
[0.916s] INFO:colcon.colcon_core.package_selection:Skipping not selected package 'service_cpp_example' in 'src/service_cpp_example'
[0.928s] Level 5:colcon.colcon_core.verb:set package 'composition_cpp_example' build argument 'cmake_args' from command line to 'None'
[0.929s] Level 5:colcon.colcon_core.verb:set package 'composition_cpp_example' build argument 'cmake_target' from command line to 'None'
[0.929s] Level 5:colcon.colcon_core.verb:set package 'composition_cpp_example' build argument 'cmake_target_skip_unavailable' from command line to 'False'
[0.929s] Level 5:colcon.colcon_core.verb:set package 'composition_cpp_example' build argument 'cmake_clean_cache' from command line to 'False'
[0.929s] Level 5:colcon.colcon_core.verb:set package 'composition_cpp_example' build argument 'cmake_clean_first' from command line to 'False'
[0.929s] Level 5:colcon.colcon_core.verb:set package 'composition_cpp_example' build argument 'cmake_force_configure' from command line to 'False'
[0.929s] Level 5:colcon.colcon_core.verb:set package 'composition_cpp_example' build argument 'ament_cmake_args' from command line to 'None'
[0.929s] Level 5:colcon.colcon_core.verb:set package 'composition_cpp_example' build argument 'catkin_cmake_args' from command line to 'None'
[0.930s] Level 5:colcon.colcon_core.verb:set package 'composition_cpp_example' build argument 'catkin_skip_building_tests' from command line to 'False'
[0.930s] DEBUG:colcon.colcon_core.verb:Building package 'composition_cpp_example' with the following arguments: {'ament_cmake_args': None, 'build_base': '/home/jiseongyoo/ros2_examples/build/composition_cpp_example', 'catkin_cmake_args': None, 'catkin_skip_building_tests': False, 'cmake_args': None, 'cmake_clean_cache': False, 'cmake_clean_first': False, 'cmake_force_configure': False, 'cmake_target': None, 'cmake_target_skip_unavailable': False, 'install_base': '/home/jiseongyoo/ros2_examples/install/composition_cpp_example', 'merge_install': False, 'path': '/home/jiseongyoo/ros2_examples/src/composition_cpp_example', 'symlink_install': False, 'test_result_base': None}
[0.931s] INFO:colcon.colcon_core.executor:Executing jobs using 'parallel' executor
[0.938s] DEBUG:colcon.colcon_parallel_executor.executor.parallel:run_until_complete
[0.940s] INFO:colcon.colcon_ros.task.ament_cmake.build:Building ROS package in '/home/jiseongyoo/ros2_examples/src/composition_cpp_example' with build type 'ament_cmake'
[0.955s] INFO:colcon.colcon_core.plugin_system:Skipping extension 'colcon_core.shell.bat': Not used on non-Windows systems
[0.957s] INFO:colcon.colcon_cmake.task.cmake.build:Building CMake package in '/home/jiseongyoo/ros2_examples/src/composition_cpp_example'
[0.960s] INFO:colcon.colcon_core.shell:Skip shell extension 'powershell' for command environment: Not usable outside of PowerShell
[0.960s] DEBUG:colcon.colcon_core.shell:Skip shell extension 'dsv' for command environment
[0.977s] DEBUG:colcon.colcon_core.shell:Ignoring prefix path '/opt/ros/eloquent'
[1.036s] DEBUG:colcon.colcon_core.event_handler.log_command:Invoking command in '/home/jiseongyoo/ros2_examples/build/composition_cpp_example': CMAKE_PREFIX_PATH=/home/jiseongyoo/ros2_examples/install/interfaces:/home/jiseongyoo/ros2_examples/install/service_cpp_example:/home/jiseongyoo/ros2_examples/install/pubsub_cpp_template:/home/jiseongyoo/ros2_examples/install/pubsub_cpp_example:/home/jiseongyoo/ros2_examples/install/pub_sub_cpp_template:/home/jiseongyoo/ros2_examples/install/param_cpp_example:/home/jiseongyoo/ros2_examples/install/composition_cpp_example:/home/jiseongyoo/ros2_examples/install/action_cpp_example:/home/jiseongyoo/ros2_examples/install/cpp_pubsub:/opt/ros/eloquent LD_LIBRARY_PATH=/home/jiseongyoo/ros2_examples/install/interfaces/lib:/home/jiseongyoo/ros2_examples/install/composition_cpp_example/lib:/opt/ros/eloquent/opt/yaml_cpp_vendor/lib:/opt/ros/eloquent/opt/rviz_ogre_vendor/lib:/opt/ros/eloquent/lib /usr/bin/cmake --build /home/jiseongyoo/ros2_examples/build/composition_cpp_example -- -j2 -l2
[12.238s] DEBUG:colcon.colcon_core.event_handler.log_command:Invoked command in '/home/jiseongyoo/ros2_examples/build/composition_cpp_example' returned '0': CMAKE_PREFIX_PATH=/home/jiseongyoo/ros2_examples/install/interfaces:/home/jiseongyoo/ros2_examples/install/service_cpp_example:/home/jiseongyoo/ros2_examples/install/pubsub_cpp_template:/home/jiseongyoo/ros2_examples/install/pubsub_cpp_example:/home/jiseongyoo/ros2_examples/install/pub_sub_cpp_template:/home/jiseongyoo/ros2_examples/install/param_cpp_example:/home/jiseongyoo/ros2_examples/install/composition_cpp_example:/home/jiseongyoo/ros2_examples/install/action_cpp_example:/home/jiseongyoo/ros2_examples/install/cpp_pubsub:/opt/ros/eloquent LD_LIBRARY_PATH=/home/jiseongyoo/ros2_examples/install/interfaces/lib:/home/jiseongyoo/ros2_examples/install/composition_cpp_example/lib:/opt/ros/eloquent/opt/yaml_cpp_vendor/lib:/opt/ros/eloquent/opt/rviz_ogre_vendor/lib:/opt/ros/eloquent/lib /usr/bin/cmake --build /home/jiseongyoo/ros2_examples/build/composition_cpp_example -- -j2 -l2
[12.530s] DEBUG:colcon.colcon_core.event_handler.log_command:Invoking command in '/home/jiseongyoo/ros2_examples/build/composition_cpp_example': CMAKE_PREFIX_PATH=/home/jiseongyoo/ros2_examples/install/interfaces:/home/jiseongyoo/ros2_examples/install/service_cpp_example:/home/jiseongyoo/ros2_examples/install/pubsub_cpp_template:/home/jiseongyoo/ros2_examples/install/pubsub_cpp_example:/home/jiseongyoo/ros2_examples/install/pub_sub_cpp_template:/home/jiseongyoo/ros2_examples/install/param_cpp_example:/home/jiseongyoo/ros2_examples/install/composition_cpp_example:/home/jiseongyoo/ros2_examples/install/action_cpp_example:/home/jiseongyoo/ros2_examples/install/cpp_pubsub:/opt/ros/eloquent LD_LIBRARY_PATH=/home/jiseongyoo/ros2_examples/install/interfaces/lib:/home/jiseongyoo/ros2_examples/install/composition_cpp_example/lib:/opt/ros/eloquent/opt/yaml_cpp_vendor/lib:/opt/ros/eloquent/opt/rviz_ogre_vendor/lib:/opt/ros/eloquent/lib /usr/bin/cmake --build /home/jiseongyoo/ros2_examples/build/composition_cpp_example --target install -- -j2 -l2
[13.466s] Level 1:colcon.colcon_core.environment:create_environment_scripts_only(composition_cpp_example)
[13.472s] DEBUG:colcon.colcon_core.event_handler.log_command:Invoked command in '/home/jiseongyoo/ros2_examples/build/composition_cpp_example' returned '0': CMAKE_PREFIX_PATH=/home/jiseongyoo/ros2_examples/install/interfaces:/home/jiseongyoo/ros2_examples/install/service_cpp_example:/home/jiseongyoo/ros2_examples/install/pubsub_cpp_template:/home/jiseongyoo/ros2_examples/install/pubsub_cpp_example:/home/jiseongyoo/ros2_examples/install/pub_sub_cpp_template:/home/jiseongyoo/ros2_examples/install/param_cpp_example:/home/jiseongyoo/ros2_examples/install/composition_cpp_example:/home/jiseongyoo/ros2_examples/install/action_cpp_example:/home/jiseongyoo/ros2_examples/install/cpp_pubsub:/opt/ros/eloquent LD_LIBRARY_PATH=/home/jiseongyoo/ros2_examples/install/interfaces/lib:/home/jiseongyoo/ros2_examples/install/composition_cpp_example/lib:/opt/ros/eloquent/opt/yaml_cpp_vendor/lib:/opt/ros/eloquent/opt/rviz_ogre_vendor/lib:/opt/ros/eloquent/lib /usr/bin/cmake --build /home/jiseongyoo/ros2_examples/build/composition_cpp_example --target install -- -j2 -l2
[13.489s] Level 1:colcon.colcon_core.environment:checking '/home/jiseongyoo/ros2_examples/install/composition_cpp_example' for CMake module files
[13.493s] Level 1:colcon.colcon_core.environment:checking '/home/jiseongyoo/ros2_examples/install/composition_cpp_example' for CMake config files
[13.494s] Level 1:colcon.colcon_core.shell:create_environment_hook('composition_cpp_example', 'cmake_prefix_path')
[13.497s] INFO:colcon.colcon_core.shell:Creating environment hook '/home/jiseongyoo/ros2_examples/install/composition_cpp_example/share/composition_cpp_example/hook/cmake_prefix_path.ps1'
[13.509s] INFO:colcon.colcon_core.shell:Creating environment descriptor '/home/jiseongyoo/ros2_examples/install/composition_cpp_example/share/composition_cpp_example/hook/cmake_prefix_path.dsv'
[13.512s] INFO:colcon.colcon_core.shell:Creating environment hook '/home/jiseongyoo/ros2_examples/install/composition_cpp_example/share/composition_cpp_example/hook/cmake_prefix_path.sh'
[13.517s] Level 1:colcon.colcon_core.environment:checking '/home/jiseongyoo/ros2_examples/install/composition_cpp_example/lib'
[13.519s] Level 1:colcon.colcon_core.shell:create_environment_hook('composition_cpp_example', 'ld_library_path_lib')
[13.522s] INFO:colcon.colcon_core.shell:Creating environment hook '/home/jiseongyoo/ros2_examples/install/composition_cpp_example/share/composition_cpp_example/hook/ld_library_path_lib.ps1'
[13.524s] INFO:colcon.colcon_core.shell:Creating environment descriptor '/home/jiseongyoo/ros2_examples/install/composition_cpp_example/share/composition_cpp_example/hook/ld_library_path_lib.dsv'
[13.525s] INFO:colcon.colcon_core.shell:Creating environment hook '/home/jiseongyoo/ros2_examples/install/composition_cpp_example/share/composition_cpp_example/hook/ld_library_path_lib.sh'
[13.527s] Level 1:colcon.colcon_core.environment:checking '/home/jiseongyoo/ros2_examples/install/composition_cpp_example/bin'
[13.528s] Level 1:colcon.colcon_core.environment:checking '/home/jiseongyoo/ros2_examples/install/composition_cpp_example/lib/pkgconfig/composition_cpp_example.pc'
[13.528s] Level 1:colcon.colcon_core.environment:checking '/home/jiseongyoo/ros2_examples/install/composition_cpp_example/lib/python3.6/site-packages'
[13.531s] INFO:colcon.colcon_core.shell:Creating package script '/home/jiseongyoo/ros2_examples/install/composition_cpp_example/share/composition_cpp_example/package.ps1'
[13.535s] INFO:colcon.colcon_core.shell:Creating package descriptor '/home/jiseongyoo/ros2_examples/install/composition_cpp_example/share/composition_cpp_example/package.dsv'
[13.538s] INFO:colcon.colcon_core.shell:Creating package script '/home/jiseongyoo/ros2_examples/install/composition_cpp_example/share/composition_cpp_example/package.sh'
[13.548s] INFO:colcon.colcon_core.shell:Creating package script '/home/jiseongyoo/ros2_examples/install/composition_cpp_example/share/composition_cpp_example/package.bash'
[13.552s] INFO:colcon.colcon_core.shell:Creating package script '/home/jiseongyoo/ros2_examples/install/composition_cpp_example/share/composition_cpp_example/package.zsh'
[13.556s] Level 1:colcon.colcon_core.environment:create_file_with_runtime_dependencies(/home/jiseongyoo/ros2_examples/install/composition_cpp_example/share/colcon-core/packages/composition_cpp_example)
[13.557s] DEBUG:colcon.colcon_parallel_executor.executor.parallel:closing loop
[13.560s] DEBUG:colcon.colcon_parallel_executor.executor.parallel:loop closed
[13.564s] DEBUG:colcon.colcon_parallel_executor.executor.parallel:run_until_complete finished with '0'
[13.564s] DEBUG:colcon.colcon_core.event_reactor:joining thread
[13.642s] INFO:colcon.colcon_core.plugin_system:Skipping extension 'colcon_notification.desktop_notification.terminal_notifier': Not used on non-Darwin systems
[13.643s] INFO:colcon.colcon_core.plugin_system:Skipping extension 'colcon_notification.desktop_notification.win32': Not used on non-Windows systems
[13.643s] INFO:colcon.colcon_notification.desktop_notification:Sending desktop notification using 'notify2'
[13.662s] DEBUG:colcon.colcon_core.event_reactor:joined thread
[13.664s] INFO:colcon.colcon_core.shell:Creating prefix script '/home/jiseongyoo/ros2_examples/install/local_setup.ps1'
[13.669s] INFO:colcon.colcon_core.shell:Creating prefix util module '/home/jiseongyoo/ros2_examples/install/_local_setup_util_ps1.py'
[13.675s] INFO:colcon.colcon_core.shell:Creating prefix chain script '/home/jiseongyoo/ros2_examples/install/setup.ps1'
[13.689s] INFO:colcon.colcon_core.shell:Creating prefix script '/home/jiseongyoo/ros2_examples/install/local_setup.sh'
[13.692s] INFO:colcon.colcon_core.shell:Creating prefix util module '/home/jiseongyoo/ros2_examples/install/_local_setup_util_sh.py'
[13.694s] INFO:colcon.colcon_core.shell:Creating prefix chain script '/home/jiseongyoo/ros2_examples/install/setup.sh'
[13.708s] INFO:colcon.colcon_core.shell:Creating prefix script '/home/jiseongyoo/ros2_examples/install/local_setup.bash'
[13.711s] INFO:colcon.colcon_core.shell:Creating prefix chain script '/home/jiseongyoo/ros2_examples/install/setup.bash'
[13.723s] INFO:colcon.colcon_core.shell:Creating prefix script '/home/jiseongyoo/ros2_examples/install/local_setup.zsh'
[13.725s] INFO:colcon.colcon_core.shell:Creating prefix chain script '/home/jiseongyoo/ros2_examples/install/setup.zsh'
