[0.065s] Invoking command in '/home/jiseongyoo/ros2_examples/build/pub_sub_cpp_template': CMAKE_PREFIX_PATH=/opt/ros/eloquent /usr/bin/cmake --build /home/jiseongyoo/ros2_examples/build/pub_sub_cpp_template -- -j2 -l2
[0.185s] -- Found ament_cmake: 0.8.2 (/opt/ros/eloquent/share/ament_cmake/cmake)
[0.300s] -- Using PYTHON_EXECUTABLE: /usr/bin/python3
[1.060s] -- Found rclcpp: 0.8.4 (/opt/ros/eloquent/share/rclcpp/cmake)
[1.111s] -- Found rosidl_adapter: 0.8.2 (/opt/ros/eloquent/share/rosidl_adapter/cmake)
[1.270s] -- Found rmw_implementation_cmake: 0.8.1 (/opt/ros/eloquent/share/rmw_implementation_cmake/cmake)
[1.276s] -- Using RMW implementation 'rmw_fastrtps_cpp' as default
[1.406s] CMake Error at CMakeLists.txt:26 (target_include_directories):
[1.407s]   target_include_directories called with invalid arguments
[1.407s] 
[1.408s] 
[1.410s] -- Found ament_lint_auto: 0.8.1 (/opt/ros/eloquent/share/ament_lint_auto/cmake)
[1.710s] -- Added test 'copyright' to check for copyright in CMake / C / C++ / Python code
[1.715s] -- Added test 'cppcheck' to perform static code analysis on C / C++ code
[1.716s] -- Configured cppcheck include dirs: 
[1.722s] -- Added test 'cpplint' to check C / C++ code against the Google style
[1.725s] -- Added test 'lint_cmake' to check CMake code style
[1.730s] -- Added test 'uncrustify' to check C / C++ code style
[1.733s] -- Added test 'xmllint' to check XML markup files
[1.741s] -- Configuring incomplete, errors occurred!
[1.741s] See also "/home/jiseongyoo/ros2_examples/build/pub_sub_cpp_template/CMakeFiles/CMakeOutput.log".
[1.742s] See also "/home/jiseongyoo/ros2_examples/build/pub_sub_cpp_template/CMakeFiles/CMakeError.log".
[1.752s] make: *** [cmake_check_build_system] Error 1
[1.753s] Makefile:266: recipe for target 'cmake_check_build_system' failed
[1.763s] Invoked command in '/home/jiseongyoo/ros2_examples/build/pub_sub_cpp_template' returned '2': CMAKE_PREFIX_PATH=/opt/ros/eloquent /usr/bin/cmake --build /home/jiseongyoo/ros2_examples/build/pub_sub_cpp_template -- -j2 -l2
