[0.634s] DEBUG:colcon:Command line arguments: ['/usr/bin/colcon', 'build', '--packages-select', 'composition_cpp_example']
[0.635s] DEBUG:colcon:Parsed command line arguments: Namespace(ament_cmake_args=None, base_paths=['.'], build_base='build', catkin_cmake_args=None, catkin_skip_building_tests=False, cmake_args=None, cmake_clean_cache=False, cmake_clean_first=False, cmake_force_configure=False, cmake_target=None, cmake_target_skip_unavailable=False, continue_on_error=False, event_handlers=None, executor='parallel', ignore_user_meta=False, install_base='install', log_base=None, log_level=None, main=<bound method BuildVerb.main of <colcon_core.verb.build.BuildVerb object at 0x7fdc8536c320>>, merge_install=False, metas=['./colcon.meta'], packages_above=None, packages_above_depth=None, packages_end=None, packages_ignore=None, packages_ignore_regex=None, packages_select=['composition_cpp_example'], packages_select_build_failed=False, packages_select_by_dep=None, packages_select_regex=None, packages_select_test_failures=False, packages_skip=None, packages_skip_build_finished=False, packages_skip_by_dep=None, packages_skip_regex=None, packages_skip_test_passed=False, packages_skip_up_to=None, packages_start=None, packages_up_to=None, parallel_workers=2, paths=None, symlink_install=False, test_result_base=None, verb_extension=<colcon_core.verb.build.BuildVerb object at 0x7fdc8536c320>, verb_name='build', verb_parser=<colcon_defaults.argument_parser.defaults.DefaultArgumentsDecorator object at 0x7fdc8536c6d8>)
[0.785s] Level 1:colcon.colcon_core.package_discovery:discover_packages(colcon_meta) check parameters
[0.786s] Level 1:colcon.colcon_core.package_discovery:discover_packages(recursive) check parameters
[0.786s] Level 1:colcon.colcon_core.package_discovery:discover_packages(ignore) check parameters
[0.786s] Level 1:colcon.colcon_core.package_discovery:discover_packages(path) check parameters
[0.786s] Level 1:colcon.colcon_core.package_discovery:discover_packages(colcon_meta) discover
[0.787s] Level 1:colcon.colcon_core.package_discovery:discover_packages(recursive) discover
[0.788s] INFO:colcon.colcon_core.package_discovery:Crawling recursively for packages in '/home/jiseongyoo/ros2_examples'
[0.788s] Level 1:colcon.colcon_core.package_identification:_identify(.) by extensions ['ignore', 'ignore_ament_install']
[0.788s] Level 1:colcon.colcon_core.package_identification:_identify(.) by extension 'ignore'
[0.789s] Level 1:colcon.colcon_core.package_identification:_identify(.) by extension 'ignore_ament_install'
[0.789s] Level 1:colcon.colcon_core.package_identification:_identify(.) by extensions ['colcon_pkg']
[0.789s] Level 1:colcon.colcon_core.package_identification:_identify(.) by extension 'colcon_pkg'
[0.789s] Level 1:colcon.colcon_core.package_identification:_identify(.) by extensions ['colcon_meta']
[0.789s] Level 1:colcon.colcon_core.package_identification:_identify(.) by extension 'colcon_meta'
[0.790s] Level 1:colcon.colcon_core.package_identification:_identify(.) by extensions ['ros']
[0.790s] Level 1:colcon.colcon_core.package_identification:_identify(.) by extension 'ros'
[0.838s] Level 1:colcon.colcon_core.package_identification:_identify(.) by extensions ['cmake', 'python']
[0.838s] Level 1:colcon.colcon_core.package_identification:_identify(.) by extension 'cmake'
[0.838s] Level 1:colcon.colcon_core.package_identification:_identify(.) by extension 'python'
[0.839s] Level 1:colcon.colcon_core.package_identification:_identify(.) by extensions ['python_setup_py']
[0.839s] Level 1:colcon.colcon_core.package_identification:_identify(.) by extension 'python_setup_py'
[0.839s] Level 1:colcon.colcon_core.package_identification:_identify(build) by extensions ['ignore', 'ignore_ament_install']
[0.840s] Level 1:colcon.colcon_core.package_identification:_identify(build) by extension 'ignore'
[0.840s] Level 1:colcon.colcon_core.package_identification:_identify(build) ignored
[0.842s] Level 1:colcon.colcon_core.package_identification:_identify(install) by extensions ['ignore', 'ignore_ament_install']
[0.842s] Level 1:colcon.colcon_core.package_identification:_identify(install) by extension 'ignore'
[0.842s] Level 1:colcon.colcon_core.package_identification:_identify(install) ignored
[0.843s] Level 1:colcon.colcon_core.package_identification:_identify(launch) by extensions ['ignore', 'ignore_ament_install']
[0.843s] Level 1:colcon.colcon_core.package_identification:_identify(launch) by extension 'ignore'
[0.843s] Level 1:colcon.colcon_core.package_identification:_identify(launch) by extension 'ignore_ament_install'
[0.843s] Level 1:colcon.colcon_core.package_identification:_identify(launch) by extensions ['colcon_pkg']
[0.844s] Level 1:colcon.colcon_core.package_identification:_identify(launch) by extension 'colcon_pkg'
[0.844s] Level 1:colcon.colcon_core.package_identification:_identify(launch) by extensions ['colcon_meta']
[0.844s] Level 1:colcon.colcon_core.package_identification:_identify(launch) by extension 'colcon_meta'
[0.844s] Level 1:colcon.colcon_core.package_identification:_identify(launch) by extensions ['ros']
[0.844s] Level 1:colcon.colcon_core.package_identification:_identify(launch) by extension 'ros'
[0.845s] Level 1:colcon.colcon_core.package_identification:_identify(launch) by extensions ['cmake', 'python']
[0.845s] Level 1:colcon.colcon_core.package_identification:_identify(launch) by extension 'cmake'
[0.845s] Level 1:colcon.colcon_core.package_identification:_identify(launch) by extension 'python'
[0.845s] Level 1:colcon.colcon_core.package_identification:_identify(launch) by extensions ['python_setup_py']
[0.845s] Level 1:colcon.colcon_core.package_identification:_identify(launch) by extension 'python_setup_py'
[0.846s] Level 1:colcon.colcon_core.package_identification:_identify(launch/__pycache__) by extensions ['ignore', 'ignore_ament_install']
[0.846s] Level 1:colcon.colcon_core.package_identification:_identify(launch/__pycache__) by extension 'ignore'
[0.846s] Level 1:colcon.colcon_core.package_identification:_identify(launch/__pycache__) by extension 'ignore_ament_install'
[0.847s] Level 1:colcon.colcon_core.package_identification:_identify(launch/__pycache__) by extensions ['colcon_pkg']
[0.847s] Level 1:colcon.colcon_core.package_identification:_identify(launch/__pycache__) by extension 'colcon_pkg'
[0.847s] Level 1:colcon.colcon_core.package_identification:_identify(launch/__pycache__) by extensions ['colcon_meta']
[0.847s] Level 1:colcon.colcon_core.package_identification:_identify(launch/__pycache__) by extension 'colcon_meta'
[0.847s] Level 1:colcon.colcon_core.package_identification:_identify(launch/__pycache__) by extensions ['ros']
[0.847s] Level 1:colcon.colcon_core.package_identification:_identify(launch/__pycache__) by extension 'ros'
[0.848s] Level 1:colcon.colcon_core.package_identification:_identify(launch/__pycache__) by extensions ['cmake', 'python']
[0.848s] Level 1:colcon.colcon_core.package_identification:_identify(launch/__pycache__) by extension 'cmake'
[0.848s] Level 1:colcon.colcon_core.package_identification:_identify(launch/__pycache__) by extension 'python'
[0.848s] Level 1:colcon.colcon_core.package_identification:_identify(launch/__pycache__) by extensions ['python_setup_py']
[0.848s] Level 1:colcon.colcon_core.package_identification:_identify(launch/__pycache__) by extension 'python_setup_py'
[0.850s] Level 1:colcon.colcon_core.package_identification:_identify(log) by extensions ['ignore', 'ignore_ament_install']
[0.851s] Level 1:colcon.colcon_core.package_identification:_identify(log) by extension 'ignore'
[0.851s] Level 1:colcon.colcon_core.package_identification:_identify(log) ignored
[0.851s] Level 1:colcon.colcon_core.package_identification:_identify(src) by extensions ['ignore', 'ignore_ament_install']
[0.852s] Level 1:colcon.colcon_core.package_identification:_identify(src) by extension 'ignore'
[0.852s] Level 1:colcon.colcon_core.package_identification:_identify(src) by extension 'ignore_ament_install'
[0.852s] Level 1:colcon.colcon_core.package_identification:_identify(src) by extensions ['colcon_pkg']
[0.852s] Level 1:colcon.colcon_core.package_identification:_identify(src) by extension 'colcon_pkg'
[0.853s] Level 1:colcon.colcon_core.package_identification:_identify(src) by extensions ['colcon_meta']
[0.853s] Level 1:colcon.colcon_core.package_identification:_identify(src) by extension 'colcon_meta'
[0.853s] Level 1:colcon.colcon_core.package_identification:_identify(src) by extensions ['ros']
[0.853s] Level 1:colcon.colcon_core.package_identification:_identify(src) by extension 'ros'
[0.853s] Level 1:colcon.colcon_core.package_identification:_identify(src) by extensions ['cmake', 'python']
[0.853s] Level 1:colcon.colcon_core.package_identification:_identify(src) by extension 'cmake'
[0.854s] Level 1:colcon.colcon_core.package_identification:_identify(src) by extension 'python'
[0.854s] Level 1:colcon.colcon_core.package_identification:_identify(src) by extensions ['python_setup_py']
[0.854s] Level 1:colcon.colcon_core.package_identification:_identify(src) by extension 'python_setup_py'
[0.855s] Level 1:colcon.colcon_core.package_identification:_identify(src/action_cpp_example) by extensions ['ignore', 'ignore_ament_install']
[0.855s] Level 1:colcon.colcon_core.package_identification:_identify(src/action_cpp_example) by extension 'ignore'
[0.855s] Level 1:colcon.colcon_core.package_identification:_identify(src/action_cpp_example) by extension 'ignore_ament_install'
[0.855s] Level 1:colcon.colcon_core.package_identification:_identify(src/action_cpp_example) by extensions ['colcon_pkg']
[0.855s] Level 1:colcon.colcon_core.package_identification:_identify(src/action_cpp_example) by extension 'colcon_pkg'
[0.856s] Level 1:colcon.colcon_core.package_identification:_identify(src/action_cpp_example) by extensions ['colcon_meta']
[0.856s] Level 1:colcon.colcon_core.package_identification:_identify(src/action_cpp_example) by extension 'colcon_meta'
[0.856s] Level 1:colcon.colcon_core.package_identification:_identify(src/action_cpp_example) by extensions ['ros']
[0.856s] Level 1:colcon.colcon_core.package_identification:_identify(src/action_cpp_example) by extension 'ros'
[0.865s] DEBUG:colcon.colcon_core.package_identification:Package 'src/action_cpp_example' with type 'ros.ament_cmake' and name 'action_cpp_example'
[0.865s] Level 1:colcon.colcon_core.package_identification:_identify(src/composition_cpp_example) by extensions ['ignore', 'ignore_ament_install']
[0.866s] Level 1:colcon.colcon_core.package_identification:_identify(src/composition_cpp_example) by extension 'ignore'
[0.866s] Level 1:colcon.colcon_core.package_identification:_identify(src/composition_cpp_example) by extension 'ignore_ament_install'
[0.866s] Level 1:colcon.colcon_core.package_identification:_identify(src/composition_cpp_example) by extensions ['colcon_pkg']
[0.866s] Level 1:colcon.colcon_core.package_identification:_identify(src/composition_cpp_example) by extension 'colcon_pkg'
[0.867s] Level 1:colcon.colcon_core.package_identification:_identify(src/composition_cpp_example) by extensions ['colcon_meta']
[0.867s] Level 1:colcon.colcon_core.package_identification:_identify(src/composition_cpp_example) by extension 'colcon_meta'
[0.867s] Level 1:colcon.colcon_core.package_identification:_identify(src/composition_cpp_example) by extensions ['ros']
[0.867s] Level 1:colcon.colcon_core.package_identification:_identify(src/composition_cpp_example) by extension 'ros'
[0.869s] DEBUG:colcon.colcon_core.package_identification:Package 'src/composition_cpp_example' with type 'ros.ament_cmake' and name 'composition_cpp_example'
[0.870s] Level 1:colcon.colcon_core.package_identification:_identify(src/interfaces) by extensions ['ignore', 'ignore_ament_install']
[0.870s] Level 1:colcon.colcon_core.package_identification:_identify(src/interfaces) by extension 'ignore'
[0.871s] Level 1:colcon.colcon_core.package_identification:_identify(src/interfaces) by extension 'ignore_ament_install'
[0.871s] Level 1:colcon.colcon_core.package_identification:_identify(src/interfaces) by extensions ['colcon_pkg']
[0.871s] Level 1:colcon.colcon_core.package_identification:_identify(src/interfaces) by extension 'colcon_pkg'
[0.871s] Level 1:colcon.colcon_core.package_identification:_identify(src/interfaces) by extensions ['colcon_meta']
[0.871s] Level 1:colcon.colcon_core.package_identification:_identify(src/interfaces) by extension 'colcon_meta'
[0.871s] Level 1:colcon.colcon_core.package_identification:_identify(src/interfaces) by extensions ['ros']
[0.872s] Level 1:colcon.colcon_core.package_identification:_identify(src/interfaces) by extension 'ros'
[0.874s] DEBUG:colcon.colcon_core.package_identification:Package 'src/interfaces' with type 'ros.ament_cmake' and name 'interfaces'
[0.874s] Level 1:colcon.colcon_core.package_identification:_identify(src/param_cpp_example) by extensions ['ignore', 'ignore_ament_install']
[0.875s] Level 1:colcon.colcon_core.package_identification:_identify(src/param_cpp_example) by extension 'ignore'
[0.875s] Level 1:colcon.colcon_core.package_identification:_identify(src/param_cpp_example) by extension 'ignore_ament_install'
[0.875s] Level 1:colcon.colcon_core.package_identification:_identify(src/param_cpp_example) by extensions ['colcon_pkg']
[0.875s] Level 1:colcon.colcon_core.package_identification:_identify(src/param_cpp_example) by extension 'colcon_pkg'
[0.876s] Level 1:colcon.colcon_core.package_identification:_identify(src/param_cpp_example) by extensions ['colcon_meta']
[0.876s] Level 1:colcon.colcon_core.package_identification:_identify(src/param_cpp_example) by extension 'colcon_meta'
[0.876s] Level 1:colcon.colcon_core.package_identification:_identify(src/param_cpp_example) by extensions ['ros']
[0.876s] Level 1:colcon.colcon_core.package_identification:_identify(src/param_cpp_example) by extension 'ros'
[0.878s] DEBUG:colcon.colcon_core.package_identification:Package 'src/param_cpp_example' with type 'ros.ament_cmake' and name 'param_cpp_example'
[0.879s] Level 1:colcon.colcon_core.package_identification:_identify(src/pubsub_cpp_example) by extensions ['ignore', 'ignore_ament_install']
[0.879s] Level 1:colcon.colcon_core.package_identification:_identify(src/pubsub_cpp_example) by extension 'ignore'
[0.879s] Level 1:colcon.colcon_core.package_identification:_identify(src/pubsub_cpp_example) by extension 'ignore_ament_install'
[0.880s] Level 1:colcon.colcon_core.package_identification:_identify(src/pubsub_cpp_example) by extensions ['colcon_pkg']
[0.880s] Level 1:colcon.colcon_core.package_identification:_identify(src/pubsub_cpp_example) by extension 'colcon_pkg'
[0.880s] Level 1:colcon.colcon_core.package_identification:_identify(src/pubsub_cpp_example) by extensions ['colcon_meta']
[0.880s] Level 1:colcon.colcon_core.package_identification:_identify(src/pubsub_cpp_example) by extension 'colcon_meta'
[0.880s] Level 1:colcon.colcon_core.package_identification:_identify(src/pubsub_cpp_example) by extensions ['ros']
[0.880s] Level 1:colcon.colcon_core.package_identification:_identify(src/pubsub_cpp_example) by extension 'ros'
[0.882s] DEBUG:colcon.colcon_core.package_identification:Package 'src/pubsub_cpp_example' with type 'ros.ament_cmake' and name 'pubsub_cpp_example'
[0.883s] Level 1:colcon.colcon_core.package_identification:_identify(src/service_cpp_example) by extensions ['ignore', 'ignore_ament_install']
[0.883s] Level 1:colcon.colcon_core.package_identification:_identify(src/service_cpp_example) by extension 'ignore'
[0.884s] Level 1:colcon.colcon_core.package_identification:_identify(src/service_cpp_example) by extension 'ignore_ament_install'
[0.884s] Level 1:colcon.colcon_core.package_identification:_identify(src/service_cpp_example) by extensions ['colcon_pkg']
[0.884s] Level 1:colcon.colcon_core.package_identification:_identify(src/service_cpp_example) by extension 'colcon_pkg'
[0.884s] Level 1:colcon.colcon_core.package_identification:_identify(src/service_cpp_example) by extensions ['colcon_meta']
[0.884s] Level 1:colcon.colcon_core.package_identification:_identify(src/service_cpp_example) by extension 'colcon_meta'
[0.885s] Level 1:colcon.colcon_core.package_identification:_identify(src/service_cpp_example) by extensions ['ros']
[0.885s] Level 1:colcon.colcon_core.package_identification:_identify(src/service_cpp_example) by extension 'ros'
[0.887s] DEBUG:colcon.colcon_core.package_identification:Package 'src/service_cpp_example' with type 'ros.ament_cmake' and name 'service_cpp_example'
[0.887s] Level 1:colcon.colcon_core.package_discovery:discover_packages(recursive) using defaults
[0.888s] Level 1:colcon.colcon_core.package_discovery:discover_packages(ignore) discover
[0.888s] Level 1:colcon.colcon_core.package_discovery:discover_packages(ignore) using defaults
[0.888s] Level 1:colcon.colcon_core.package_discovery:discover_packages(path) discover
[0.888s] Level 1:colcon.colcon_core.package_discovery:discover_packages(path) using defaults
[0.901s] INFO:colcon.colcon_core.package_selection:Skipping not selected package 'interfaces' in 'src/interfaces'
[0.901s] INFO:colcon.colcon_core.package_selection:Skipping not selected package 'param_cpp_example' in 'src/param_cpp_example'
[0.901s] INFO:colcon.colcon_core.package_selection:Skipping not selected package 'action_cpp_example' in 'src/action_cpp_example'
[0.901s] INFO:colcon.colcon_core.package_selection:Skipping not selected package 'pubsub_cpp_example' in 'src/pubsub_cpp_example'
[0.901s] INFO:colcon.colcon_core.package_selection:Skipping not selected package 'service_cpp_example' in 'src/service_cpp_example'
[0.914s] Level 5:colcon.colcon_core.verb:set package 'composition_cpp_example' build argument 'cmake_args' from command line to 'None'
[0.914s] Level 5:colcon.colcon_core.verb:set package 'composition_cpp_example' build argument 'cmake_target' from command line to 'None'
[0.914s] Level 5:colcon.colcon_core.verb:set package 'composition_cpp_example' build argument 'cmake_target_skip_unavailable' from command line to 'False'
[0.914s] Level 5:colcon.colcon_core.verb:set package 'composition_cpp_example' build argument 'cmake_clean_cache' from command line to 'False'
[0.914s] Level 5:colcon.colcon_core.verb:set package 'composition_cpp_example' build argument 'cmake_clean_first' from command line to 'False'
[0.914s] Level 5:colcon.colcon_core.verb:set package 'composition_cpp_example' build argument 'cmake_force_configure' from command line to 'False'
[0.914s] Level 5:colcon.colcon_core.verb:set package 'composition_cpp_example' build argument 'ament_cmake_args' from command line to 'None'
[0.915s] Level 5:colcon.colcon_core.verb:set package 'composition_cpp_example' build argument 'catkin_cmake_args' from command line to 'None'
[0.915s] Level 5:colcon.colcon_core.verb:set package 'composition_cpp_example' build argument 'catkin_skip_building_tests' from command line to 'False'
[0.915s] DEBUG:colcon.colcon_core.verb:Building package 'composition_cpp_example' with the following arguments: {'ament_cmake_args': None, 'build_base': '/home/jiseongyoo/ros2_examples/build/composition_cpp_example', 'catkin_cmake_args': None, 'catkin_skip_building_tests': False, 'cmake_args': None, 'cmake_clean_cache': False, 'cmake_clean_first': False, 'cmake_force_configure': False, 'cmake_target': None, 'cmake_target_skip_unavailable': False, 'install_base': '/home/jiseongyoo/ros2_examples/install/composition_cpp_example', 'merge_install': False, 'path': '/home/jiseongyoo/ros2_examples/src/composition_cpp_example', 'symlink_install': False, 'test_result_base': None}
[0.916s] INFO:colcon.colcon_core.executor:Executing jobs using 'parallel' executor
[0.924s] DEBUG:colcon.colcon_parallel_executor.executor.parallel:run_until_complete
[0.924s] INFO:colcon.colcon_ros.task.ament_cmake.build:Building ROS package in '/home/jiseongyoo/ros2_examples/src/composition_cpp_example' with build type 'ament_cmake'
[0.943s] INFO:colcon.colcon_core.plugin_system:Skipping extension 'colcon_core.shell.bat': Not used on non-Windows systems
[0.944s] INFO:colcon.colcon_cmake.task.cmake.build:Building CMake package in '/home/jiseongyoo/ros2_examples/src/composition_cpp_example'
[0.946s] INFO:colcon.colcon_core.shell:Skip shell extension 'powershell' for command environment: Not usable outside of PowerShell
[0.947s] DEBUG:colcon.colcon_core.shell:Skip shell extension 'dsv' for command environment
[0.962s] DEBUG:colcon.colcon_core.shell:Ignoring prefix path '/opt/ros/eloquent'
[1.012s] DEBUG:colcon.colcon_core.event_handler.log_command:Invoking command in '/home/jiseongyoo/ros2_examples/build/composition_cpp_example': CMAKE_PREFIX_PATH=/home/jiseongyoo/ros2_examples/install/interfaces:/home/jiseongyoo/ros2_examples/install/service_cpp_example:/home/jiseongyoo/ros2_examples/install/pubsub_cpp_template:/home/jiseongyoo/ros2_examples/install/pubsub_cpp_example:/home/jiseongyoo/ros2_examples/install/pub_sub_cpp_template:/home/jiseongyoo/ros2_examples/install/param_cpp_example:/home/jiseongyoo/ros2_examples/install/composition_cpp_example:/home/jiseongyoo/ros2_examples/install/action_cpp_example:/home/jiseongyoo/ros2_examples/install/cpp_pubsub:/opt/ros/eloquent LD_LIBRARY_PATH=/home/jiseongyoo/ros2_examples/install/interfaces/lib:/home/jiseongyoo/ros2_examples/install/composition_cpp_example/lib:/opt/ros/eloquent/opt/yaml_cpp_vendor/lib:/opt/ros/eloquent/opt/rviz_ogre_vendor/lib:/opt/ros/eloquent/lib /usr/bin/cmake --build /home/jiseongyoo/ros2_examples/build/composition_cpp_example -- -j2 -l2
[17.196s] DEBUG:colcon.colcon_core.event_handler.log_command:Invoked command in '/home/jiseongyoo/ros2_examples/build/composition_cpp_example' returned '0': CMAKE_PREFIX_PATH=/home/jiseongyoo/ros2_examples/install/interfaces:/home/jiseongyoo/ros2_examples/install/service_cpp_example:/home/jiseongyoo/ros2_examples/install/pubsub_cpp_template:/home/jiseongyoo/ros2_examples/install/pubsub_cpp_example:/home/jiseongyoo/ros2_examples/install/pub_sub_cpp_template:/home/jiseongyoo/ros2_examples/install/param_cpp_example:/home/jiseongyoo/ros2_examples/install/composition_cpp_example:/home/jiseongyoo/ros2_examples/install/action_cpp_example:/home/jiseongyoo/ros2_examples/install/cpp_pubsub:/opt/ros/eloquent LD_LIBRARY_PATH=/home/jiseongyoo/ros2_examples/install/interfaces/lib:/home/jiseongyoo/ros2_examples/install/composition_cpp_example/lib:/opt/ros/eloquent/opt/yaml_cpp_vendor/lib:/opt/ros/eloquent/opt/rviz_ogre_vendor/lib:/opt/ros/eloquent/lib /usr/bin/cmake --build /home/jiseongyoo/ros2_examples/build/composition_cpp_example -- -j2 -l2
[17.417s] DEBUG:colcon.colcon_core.event_handler.log_command:Invoking command in '/home/jiseongyoo/ros2_examples/build/composition_cpp_example': CMAKE_PREFIX_PATH=/home/jiseongyoo/ros2_examples/install/interfaces:/home/jiseongyoo/ros2_examples/install/service_cpp_example:/home/jiseongyoo/ros2_examples/install/pubsub_cpp_template:/home/jiseongyoo/ros2_examples/install/pubsub_cpp_example:/home/jiseongyoo/ros2_examples/install/pub_sub_cpp_template:/home/jiseongyoo/ros2_examples/install/param_cpp_example:/home/jiseongyoo/ros2_examples/install/composition_cpp_example:/home/jiseongyoo/ros2_examples/install/action_cpp_example:/home/jiseongyoo/ros2_examples/install/cpp_pubsub:/opt/ros/eloquent LD_LIBRARY_PATH=/home/jiseongyoo/ros2_examples/install/interfaces/lib:/home/jiseongyoo/ros2_examples/install/composition_cpp_example/lib:/opt/ros/eloquent/opt/yaml_cpp_vendor/lib:/opt/ros/eloquent/opt/rviz_ogre_vendor/lib:/opt/ros/eloquent/lib /usr/bin/cmake --build /home/jiseongyoo/ros2_examples/build/composition_cpp_example --target install -- -j2 -l2
[18.449s] Level 1:colcon.colcon_core.environment:create_environment_scripts_only(composition_cpp_example)
[18.480s] Level 1:colcon.colcon_core.environment:checking '/home/jiseongyoo/ros2_examples/install/composition_cpp_example' for CMake module files
[18.486s] DEBUG:colcon.colcon_core.event_handler.log_command:Invoked command in '/home/jiseongyoo/ros2_examples/build/composition_cpp_example' returned '0': CMAKE_PREFIX_PATH=/home/jiseongyoo/ros2_examples/install/interfaces:/home/jiseongyoo/ros2_examples/install/service_cpp_example:/home/jiseongyoo/ros2_examples/install/pubsub_cpp_template:/home/jiseongyoo/ros2_examples/install/pubsub_cpp_example:/home/jiseongyoo/ros2_examples/install/pub_sub_cpp_template:/home/jiseongyoo/ros2_examples/install/param_cpp_example:/home/jiseongyoo/ros2_examples/install/composition_cpp_example:/home/jiseongyoo/ros2_examples/install/action_cpp_example:/home/jiseongyoo/ros2_examples/install/cpp_pubsub:/opt/ros/eloquent LD_LIBRARY_PATH=/home/jiseongyoo/ros2_examples/install/interfaces/lib:/home/jiseongyoo/ros2_examples/install/composition_cpp_example/lib:/opt/ros/eloquent/opt/yaml_cpp_vendor/lib:/opt/ros/eloquent/opt/rviz_ogre_vendor/lib:/opt/ros/eloquent/lib /usr/bin/cmake --build /home/jiseongyoo/ros2_examples/build/composition_cpp_example --target install -- -j2 -l2
[18.488s] Level 1:colcon.colcon_core.environment:checking '/home/jiseongyoo/ros2_examples/install/composition_cpp_example' for CMake config files
[18.490s] Level 1:colcon.colcon_core.shell:create_environment_hook('composition_cpp_example', 'cmake_prefix_path')
[18.493s] INFO:colcon.colcon_core.shell:Creating environment hook '/home/jiseongyoo/ros2_examples/install/composition_cpp_example/share/composition_cpp_example/hook/cmake_prefix_path.ps1'
[18.496s] INFO:colcon.colcon_core.shell:Creating environment descriptor '/home/jiseongyoo/ros2_examples/install/composition_cpp_example/share/composition_cpp_example/hook/cmake_prefix_path.dsv'
[18.499s] INFO:colcon.colcon_core.shell:Creating environment hook '/home/jiseongyoo/ros2_examples/install/composition_cpp_example/share/composition_cpp_example/hook/cmake_prefix_path.sh'
[18.505s] Level 1:colcon.colcon_core.environment:checking '/home/jiseongyoo/ros2_examples/install/composition_cpp_example/lib'
[18.506s] Level 1:colcon.colcon_core.shell:create_environment_hook('composition_cpp_example', 'ld_library_path_lib')
[18.508s] INFO:colcon.colcon_core.shell:Creating environment hook '/home/jiseongyoo/ros2_examples/install/composition_cpp_example/share/composition_cpp_example/hook/ld_library_path_lib.ps1'
[18.510s] INFO:colcon.colcon_core.shell:Creating environment descriptor '/home/jiseongyoo/ros2_examples/install/composition_cpp_example/share/composition_cpp_example/hook/ld_library_path_lib.dsv'
[18.511s] INFO:colcon.colcon_core.shell:Creating environment hook '/home/jiseongyoo/ros2_examples/install/composition_cpp_example/share/composition_cpp_example/hook/ld_library_path_lib.sh'
[18.513s] Level 1:colcon.colcon_core.environment:checking '/home/jiseongyoo/ros2_examples/install/composition_cpp_example/bin'
[18.514s] Level 1:colcon.colcon_core.environment:checking '/home/jiseongyoo/ros2_examples/install/composition_cpp_example/lib/pkgconfig/composition_cpp_example.pc'
[18.514s] Level 1:colcon.colcon_core.environment:checking '/home/jiseongyoo/ros2_examples/install/composition_cpp_example/lib/python3.6/site-packages'
[18.517s] INFO:colcon.colcon_core.shell:Creating package script '/home/jiseongyoo/ros2_examples/install/composition_cpp_example/share/composition_cpp_example/package.ps1'
[18.521s] INFO:colcon.colcon_core.shell:Creating package descriptor '/home/jiseongyoo/ros2_examples/install/composition_cpp_example/share/composition_cpp_example/package.dsv'
[18.524s] INFO:colcon.colcon_core.shell:Creating package script '/home/jiseongyoo/ros2_examples/install/composition_cpp_example/share/composition_cpp_example/package.sh'
[18.530s] INFO:colcon.colcon_core.shell:Creating package script '/home/jiseongyoo/ros2_examples/install/composition_cpp_example/share/composition_cpp_example/package.bash'
[18.540s] INFO:colcon.colcon_core.shell:Creating package script '/home/jiseongyoo/ros2_examples/install/composition_cpp_example/share/composition_cpp_example/package.zsh'
[18.544s] Level 1:colcon.colcon_core.environment:create_file_with_runtime_dependencies(/home/jiseongyoo/ros2_examples/install/composition_cpp_example/share/colcon-core/packages/composition_cpp_example)
[18.545s] DEBUG:colcon.colcon_parallel_executor.executor.parallel:closing loop
[18.548s] DEBUG:colcon.colcon_parallel_executor.executor.parallel:loop closed
[18.549s] DEBUG:colcon.colcon_parallel_executor.executor.parallel:run_until_complete finished with '0'
[18.550s] DEBUG:colcon.colcon_core.event_reactor:joining thread
[18.621s] INFO:colcon.colcon_core.plugin_system:Skipping extension 'colcon_notification.desktop_notification.terminal_notifier': Not used on non-Darwin systems
[18.622s] INFO:colcon.colcon_core.plugin_system:Skipping extension 'colcon_notification.desktop_notification.win32': Not used on non-Windows systems
[18.622s] INFO:colcon.colcon_notification.desktop_notification:Sending desktop notification using 'notify2'
[18.641s] DEBUG:colcon.colcon_core.event_reactor:joined thread
[18.643s] INFO:colcon.colcon_core.shell:Creating prefix script '/home/jiseongyoo/ros2_examples/install/local_setup.ps1'
[18.649s] INFO:colcon.colcon_core.shell:Creating prefix util module '/home/jiseongyoo/ros2_examples/install/_local_setup_util_ps1.py'
[18.655s] INFO:colcon.colcon_core.shell:Creating prefix chain script '/home/jiseongyoo/ros2_examples/install/setup.ps1'
[18.669s] INFO:colcon.colcon_core.shell:Creating prefix script '/home/jiseongyoo/ros2_examples/install/local_setup.sh'
[18.671s] INFO:colcon.colcon_core.shell:Creating prefix util module '/home/jiseongyoo/ros2_examples/install/_local_setup_util_sh.py'
[18.674s] INFO:colcon.colcon_core.shell:Creating prefix chain script '/home/jiseongyoo/ros2_examples/install/setup.sh'
[18.686s] INFO:colcon.colcon_core.shell:Creating prefix script '/home/jiseongyoo/ros2_examples/install/local_setup.bash'
[18.689s] INFO:colcon.colcon_core.shell:Creating prefix chain script '/home/jiseongyoo/ros2_examples/install/setup.bash'
[18.701s] INFO:colcon.colcon_core.shell:Creating prefix script '/home/jiseongyoo/ros2_examples/install/local_setup.zsh'
[18.704s] INFO:colcon.colcon_core.shell:Creating prefix chain script '/home/jiseongyoo/ros2_examples/install/setup.zsh'
