[0.174s] -- Found ament_cmake: 0.8.2 (/opt/ros/eloquent/share/ament_cmake/cmake)
[0.272s] -- Using PYTHON_EXECUTABLE: /usr/bin/python3
[1.048s] -- Found rclcpp: 0.8.4 (/opt/ros/eloquent/share/rclcpp/cmake)
[1.099s] -- Found rosidl_adapter: 0.8.2 (/opt/ros/eloquent/share/rosidl_adapter/cmake)
[1.248s] -- Found rmw_implementation_cmake: 0.8.1 (/opt/ros/eloquent/share/rmw_implementation_cmake/cmake)
[1.255s] -- Using RMW implementation 'rmw_fastrtps_cpp' as default
[1.442s] -- Found ament_lint_auto: 0.8.1 (/opt/ros/eloquent/share/ament_lint_auto/cmake)
[1.733s] -- Added test 'copyright' to check for copyright in CMake / C / C++ / Python code
[1.737s] -- Added test 'cppcheck' to perform static code analysis on C / C++ code
[1.741s] -- Configured cppcheck include dirs: 
[1.749s] -- Added test 'cpplint' to check C / C++ code against the Google style
[1.750s] -- Added test 'lint_cmake' to check CMake code style
[1.753s] -- Added test 'uncrustify' to check C / C++ code style
[1.754s] -- Added test 'xmllint' to check XML markup files
[1.762s] -- Configuring done
[1.808s] -- Generating done
[1.812s] -- Build files have been written to: /home/jiseongyoo/ros2_examples/build/pub_sub_cpp_template
[1.975s] [ 50%] [32m[1mLinking CXX executable pub_cpp_template[0m
[2.755s] CMakeFiles/pub_cpp_template.dir/build.make:129: recipe for target 'pub_cpp_template' failed
[2.760s] CMakeFiles/Makefile2:131: recipe for target 'CMakeFiles/pub_cpp_template.dir/all' failed
[2.760s] Makefile:140: recipe for target 'all' failed
