[7.063s] [01m[K/home/jiseongyoo/ros2_examples/src/pubsub_cpp_example/src/sub_cpp_example.cpp:16:2:[m[K [01;31m[Kerror: [m[Kexpected ‘[01m[K;[m[K’ after class definition
[7.064s]  }
[7.064s]   [01;31m[K^[m[K
[7.065s]   [32m[K;[m[K
[7.076s] In file included from [01m[K/opt/ros/eloquent/include/rclcpp/client.hpp:39:0[m[K,
[7.077s]                  from [01m[K/opt/ros/eloquent/include/rclcpp/callback_group.hpp:23[m[K,
[7.078s]                  from [01m[K/opt/ros/eloquent/include/rclcpp/any_executable.hpp:20[m[K,
[7.078s]                  from [01m[K/opt/ros/eloquent/include/rclcpp/memory_strategy.hpp:24[m[K,
[7.079s]                  from [01m[K/opt/ros/eloquent/include/rclcpp/memory_strategies.hpp:18[m[K,
[7.079s]                  from [01m[K/opt/ros/eloquent/include/rclcpp/executor.hpp:33[m[K,
[7.079s]                  from [01m[K/opt/ros/eloquent/include/rclcpp/executors/multi_threaded_executor.hpp:25[m[K,
[7.080s]                  from [01m[K/opt/ros/eloquent/include/rclcpp/executors.hpp:21[m[K,
[7.080s]                  from [01m[K/opt/ros/eloquent/include/rclcpp/rclcpp.hpp:145[m[K,
[7.081s]                  from [01m[K/home/jiseongyoo/ros2_examples/src/pubsub_cpp_example/src/sub_cpp_example.cpp:1[m[K:
[7.081s] [01m[K/home/jiseongyoo/ros2_examples/src/pubsub_cpp_example/src/sub_cpp_example.cpp:[m[K In member function ‘[01m[Kvoid SubscriberExample::topic_callback(interfaces::msg::Example_<std::allocator<void> >::SharedPtr)[m[K’:
[7.082s] [01m[K/home/jiseongyoo/ros2_examples/src/pubsub_cpp_example/src/sub_cpp_example.cpp:9:64:[m[K [01;31m[Kerror: [m[K‘[01m[Kconst SharedPtr {aka const class std::shared_ptr<interfaces::msg::Example_<std::allocator<void> > >}[m[K’ has no member named ‘[01m[Kmessage[m[K’
[7.082s]      RCLCPP_INFO(this->get_logger(), "Subscribed '%s'", message.[01;31m[Km[m[Kessage)
[7.083s]                                                                 [01;31m[K^[m[K
[7.084s] [01m[K/opt/ros/eloquent/include/rcutils/logging_macros.h:72:64:[m[K [01;36m[Knote: [m[Kin definition of macro ‘[01m[KRCUTILS_LOG_COND_NAMED[m[K’
[7.092s]        rcutils_log(&__rcutils_logging_location, severity, name, [01;36m[K__VA_ARGS__[m[K); \
[7.093s]                                                                 [01;36m[K^~~~~~~~~~~[m[K
[7.093s] [01m[K/opt/ros/eloquent/include/rclcpp/logging.hpp:541:5:[m[K [01;36m[Knote: [m[Kin expansion of macro ‘[01m[KRCUTILS_LOG_INFO_NAMED[m[K’
[7.094s]      [01;36m[KRCUTILS_LOG_INFO_NAMED[m[K( \
[7.094s]      [01;36m[K^~~~~~~~~~~~~~~~~~~~~~[m[K
[7.101s] [01m[K/opt/ros/eloquent/include/rclcpp/logging.hpp:544:9:[m[K [01;36m[Knote: [m[Kin expansion of macro ‘[01m[KRCLCPP_ALL_BUT_FIRST_ARGS[m[K’
[7.101s]          [01;36m[KRCLCPP_ALL_BUT_FIRST_ARGS[m[K(__VA_ARGS__,"")); \
[7.102s]          [01;36m[K^~~~~~~~~~~~~~~~~~~~~~~~~[m[K
[7.102s] [01m[K/home/jiseongyoo/ros2_examples/src/pubsub_cpp_example/src/sub_cpp_example.cpp:9:5:[m[K [01;36m[Knote: [m[Kin expansion of macro ‘[01m[KRCLCPP_INFO[m[K’
[7.103s]      [01;36m[KRCLCPP_INFO[m[K(this->get_logger(), "Subscribed '%s'", message.message)
[7.103s]      [01;36m[K^~~~~~~~~~~[m[K
[7.103s] [01m[K/home/jiseongyoo/ros2_examples/src/pubsub_cpp_example/src/sub_cpp_example.cpp:10:3:[m[K [01;31m[Kerror: [m[Kexpected ‘[01m[K;[m[K’ before ‘[01m[K}[m[K’ token
[7.104s]    [01;31m[K}[m[K
[7.114s]    [01;31m[K^[m[K
[10.508s] make[2]: *** [CMakeFiles/sub_cpp.dir/src/sub_cpp_example.cpp.o] Error 1
[10.509s] make[1]: *** [CMakeFiles/sub_cpp.dir/all] Error 2
[10.509s] make[1]: *** Waiting for unfinished jobs....
[14.046s] make: *** [all] Error 2
