[0.183s] -- Found ament_cmake: 0.8.2 (/opt/ros/eloquent/share/ament_cmake/cmake)
[0.317s] -- Using PYTHON_EXECUTABLE: /usr/bin/python3
[1.142s] -- Found rclcpp: 0.8.4 (/opt/ros/eloquent/share/rclcpp/cmake)
[1.194s] -- Found rosidl_adapter: 0.8.2 (/opt/ros/eloquent/share/rosidl_adapter/cmake)
[1.352s] -- Found rmw_implementation_cmake: 0.8.1 (/opt/ros/eloquent/share/rmw_implementation_cmake/cmake)
[1.359s] -- Using RMW implementation 'rmw_fastrtps_cpp' as default
[1.492s] -- Found interfaces: 0.0.0 (/home/jiseongyoo/ros2_examples/install/interfaces/share/interfaces/cmake)
[1.719s] -- Found ament_lint_auto: 0.8.1 (/opt/ros/eloquent/share/ament_lint_auto/cmake)
[2.000s] -- Added test 'copyright' to check for copyright in CMake / C / C++ / Python code
[2.003s] -- Added test 'cppcheck' to perform static code analysis on C / C++ code
[2.005s] -- Configured cppcheck include dirs: 
[2.011s] -- Added test 'cpplint' to check C / C++ code against the Google style
[2.016s] -- Added test 'lint_cmake' to check CMake code style
[2.021s] -- Added test 'uncrustify' to check C / C++ code style
[2.023s] -- Added test 'xmllint' to check XML markup files
[2.033s] -- Configuring done
[2.178s] -- Generating done
[2.186s] -- Build files have been written to: /home/jiseongyoo/ros2_examples/build/pubsub_cpp_example
[2.287s] [35m[1mScanning dependencies of target sub_cpp[0m
[2.288s] [35m[1mScanning dependencies of target pub_cpp[0m
[2.429s] [ 25%] [32mBuilding CXX object CMakeFiles/pub_cpp.dir/src/pub_cpp_example.cpp.o[0m
[2.590s] [ 50%] [32mBuilding CXX object CMakeFiles/sub_cpp.dir/src/sub_cpp_example.cpp.o[0m
[10.506s] CMakeFiles/sub_cpp.dir/build.make:62: recipe for target 'CMakeFiles/sub_cpp.dir/src/sub_cpp_example.cpp.o' failed
[10.509s] CMakeFiles/Makefile2:168: recipe for target 'CMakeFiles/sub_cpp.dir/all' failed
[13.156s] [ 75%] [32m[1mLinking CXX executable pub_cpp[0m
[14.036s] [ 75%] Built target pub_cpp
[14.049s] Makefile:140: recipe for target 'all' failed
