[5.070s] In file included from [01m[K/home/jiseongyoo/ros2_examples/src/composition_cpp_example/src/component_action_server_cpp_example.cpp:1:0[m[K:
[5.071s] [01m[K/home/jiseongyoo/ros2_examples/src/composition_cpp_example/include/composition_cpp_example/component_action_server_cpp_example.hpp:33:70:[m[K [01;31m[Kerror: [m[KISO C++ forbids declaration of ‘[01m[KComoponentActionServerExample[m[K’ with no type [[01;31m[K-fpermissive[m[K]
[5.072s]      ComoponentActionServerExample(const rclcpp::NodeOptions & options[01;31m[K)[m[K;
[5.073s]                                                                       [01;31m[K^[m[K
[5.086s] In file included from [01m[K/opt/ros/eloquent/include/rclcpp/client.hpp:39:0[m[K,
[5.087s]                  from [01m[K/opt/ros/eloquent/include/rclcpp/callback_group.hpp:23[m[K,
[5.087s]                  from [01m[K/opt/ros/eloquent/include/rclcpp/any_executable.hpp:20[m[K,
[5.088s]                  from [01m[K/opt/ros/eloquent/include/rclcpp/memory_strategy.hpp:24[m[K,
[5.088s]                  from [01m[K/opt/ros/eloquent/include/rclcpp/memory_strategies.hpp:18[m[K,
[5.089s]                  from [01m[K/opt/ros/eloquent/include/rclcpp/executor.hpp:33[m[K,
[5.089s]                  from [01m[K/opt/ros/eloquent/include/rclcpp/executors/multi_threaded_executor.hpp:25[m[K,
[5.090s]                  from [01m[K/opt/ros/eloquent/include/rclcpp/executors.hpp:21[m[K,
[5.090s]                  from [01m[K/opt/ros/eloquent/include/rclcpp/rclcpp.hpp:145[m[K,
[5.091s]                  from [01m[K/home/jiseongyoo/ros2_examples/src/composition_cpp_example/include/composition_cpp_example/component_action_server_cpp_example.hpp:5[m[K,
[5.091s]                  from [01m[K/home/jiseongyoo/ros2_examples/src/composition_cpp_example/src/component_action_server_cpp_example.cpp:1[m[K:
[5.092s] [01m[K/home/jiseongyoo/ros2_examples/src/composition_cpp_example/src/component_action_server_cpp_example.cpp:[m[K In member function ‘[01m[Krclcpp_action::GoalResponse component::ComponentActionServerExample::handle_goal(const GoalUUID&, std::shared_ptr<const interfaces::action::Example_Goal_<std::allocator<void> > >)[m[K’:
[5.093s] [01m[K/home/jiseongyoo/ros2_examples/src/composition_cpp_example/src/component_action_server_cpp_example.cpp:13:83:[m[K [01;31m[Kerror: [m[K‘[01m[Kusing element_type = class rclcpp_action::Server<interfaces::action::Example> {aka class rclcpp_action::Server<interfaces::action::Example>}[m[K’ has no member named ‘[01m[Kget_name[m[K’
[5.094s]      RCLCPP_INFO(this->get_logger(), "Action requested '%s' : %s", action_server_->[01;31m[Kg[m[Ket_name(), goal->goal.c_str());
[5.094s]                                                                                    [01;31m[K^[m[K
[5.095s] [01m[K/opt/ros/eloquent/include/rcutils/logging_macros.h:72:64:[m[K [01;36m[Knote: [m[Kin definition of macro ‘[01m[KRCUTILS_LOG_COND_NAMED[m[K’
[5.095s]        rcutils_log(&__rcutils_logging_location, severity, name, [01;36m[K__VA_ARGS__[m[K); \
[5.096s]                                                                 [01;36m[K^~~~~~~~~~~[m[K
[5.096s] [01m[K/opt/ros/eloquent/include/rclcpp/logging.hpp:541:5:[m[K [01;36m[Knote: [m[Kin expansion of macro ‘[01m[KRCUTILS_LOG_INFO_NAMED[m[K’
[5.097s]      [01;36m[KRCUTILS_LOG_INFO_NAMED[m[K( \
[5.097s]      [01;36m[K^~~~~~~~~~~~~~~~~~~~~~[m[K
[5.098s] [01m[K/opt/ros/eloquent/include/rclcpp/logging.hpp:544:9:[m[K [01;36m[Knote: [m[Kin expansion of macro ‘[01m[KRCLCPP_ALL_BUT_FIRST_ARGS[m[K’
[5.098s]          [01;36m[KRCLCPP_ALL_BUT_FIRST_ARGS[m[K(__VA_ARGS__,"")); \
[5.099s]          [01;36m[K^~~~~~~~~~~~~~~~~~~~~~~~~[m[K
[5.099s] [01m[K/home/jiseongyoo/ros2_examples/src/composition_cpp_example/src/component_action_server_cpp_example.cpp:13:5:[m[K [01;36m[Knote: [m[Kin expansion of macro ‘[01m[KRCLCPP_INFO[m[K’
[5.100s]      [01;36m[KRCLCPP_INFO[m[K(this->get_logger(), "Action requested '%s' : %s", action_server_->get_name(), goal->goal.c_str());
[5.100s]      [01;36m[K^~~~~~~~~~~[m[K
[5.101s] [01m[K/home/jiseongyoo/ros2_examples/src/composition_cpp_example/src/component_action_server_cpp_example.cpp:[m[K In member function ‘[01m[Krclcpp_action::CancelResponse component::ComponentActionServerExample::handle_cancel(std::shared_ptr<rclcpp_action::ServerGoalHandle<interfaces::action::Example> >)[m[K’:
[5.101s] [01m[K/home/jiseongyoo/ros2_examples/src/composition_cpp_example/src/component_action_server_cpp_example.cpp:34:79:[m[K [01;31m[Kerror: [m[K‘[01m[Kusing element_type = class rclcpp_action::Server<interfaces::action::Example> {aka class rclcpp_action::Server<interfaces::action::Example>}[m[K’ has no member named ‘[01m[Kget_server_name[m[K’
[5.102s]      RCLCPP_INFO(this->get_logger(), "Action '%s' : canceled", action_server_->[01;31m[Kg[m[Ket_server_name());
[5.102s]                                                                                [01;31m[K^[m[K
[5.103s] [01m[K/opt/ros/eloquent/include/rcutils/logging_macros.h:72:64:[m[K [01;36m[Knote: [m[Kin definition of macro ‘[01m[KRCUTILS_LOG_COND_NAMED[m[K’
[5.103s]        rcutils_log(&__rcutils_logging_location, severity, name, [01;36m[K__VA_ARGS__[m[K); \
[5.103s]                                                                 [01;36m[K^~~~~~~~~~~[m[K
[5.104s] [01m[K/opt/ros/eloquent/include/rclcpp/logging.hpp:541:5:[m[K [01;36m[Knote: [m[Kin expansion of macro ‘[01m[KRCUTILS_LOG_INFO_NAMED[m[K’
[5.104s]      [01;36m[KRCUTILS_LOG_INFO_NAMED[m[K( \
[5.105s]      [01;36m[K^~~~~~~~~~~~~~~~~~~~~~[m[K
[5.105s] [01m[K/opt/ros/eloquent/include/rclcpp/logging.hpp:544:9:[m[K [01;36m[Knote: [m[Kin expansion of macro ‘[01m[KRCLCPP_ALL_BUT_FIRST_ARGS[m[K’
[5.106s]          [01;36m[KRCLCPP_ALL_BUT_FIRST_ARGS[m[K(__VA_ARGS__,"")); \
[5.106s]          [01;36m[K^~~~~~~~~~~~~~~~~~~~~~~~~[m[K
[5.106s] [01m[K/home/jiseongyoo/ros2_examples/src/composition_cpp_example/src/component_action_server_cpp_example.cpp:34:5:[m[K [01;36m[Knote: [m[Kin expansion of macro ‘[01m[KRCLCPP_INFO[m[K’
[5.107s]      [01;36m[KRCLCPP_INFO[m[K(this->get_logger(), "Action '%s' : canceled", action_server_->get_server_name());
[5.107s]      [01;36m[K^~~~~~~~~~~[m[K
[5.144s] [01m[K/home/jiseongyoo/ros2_examples/src/composition_cpp_example/src/component_action_server_cpp_example.cpp:[m[K In member function ‘[01m[Kvoid component::ComponentActionServerExample::execute(std::shared_ptr<rclcpp_action::ServerGoalHandle<interfaces::action::Example> >)[m[K’:
[5.146s] [01m[K/home/jiseongyoo/ros2_examples/src/composition_cpp_example/src/component_action_server_cpp_example.cpp:53:79:[m[K [01;31m[Kerror: [m[K‘[01m[Kusing element_type = class rclcpp_action::Server<interfaces::action::Example> {aka class rclcpp_action::Server<interfaces::action::Example>}[m[K’ has no member named ‘[01m[Kget_server_name[m[K’
[5.147s]      RCLCPP_INFO(this->get_logger(), "Action '%s' : executed", action_server_->[01;31m[Kg[m[Ket_server_name());
[5.148s]                                                                                [01;31m[K^[m[K
[5.148s] [01m[K/opt/ros/eloquent/include/rcutils/logging_macros.h:72:64:[m[K [01;36m[Knote: [m[Kin definition of macro ‘[01m[KRCUTILS_LOG_COND_NAMED[m[K’
[5.149s]        rcutils_log(&__rcutils_logging_location, severity, name, [01;36m[K__VA_ARGS__[m[K); \
[5.149s]                                                                 [01;36m[K^~~~~~~~~~~[m[K
[5.150s] [01m[K/opt/ros/eloquent/include/rclcpp/logging.hpp:541:5:[m[K [01;36m[Knote: [m[Kin expansion of macro ‘[01m[KRCUTILS_LOG_INFO_NAMED[m[K’
[5.153s]      [01;36m[KRCUTILS_LOG_INFO_NAMED[m[K( \
[5.154s]      [01;36m[K^~~~~~~~~~~~~~~~~~~~~~[m[K
[5.154s] [01m[K/opt/ros/eloquent/include/rclcpp/logging.hpp:544:9:[m[K [01;36m[Knote: [m[Kin expansion of macro ‘[01m[KRCLCPP_ALL_BUT_FIRST_ARGS[m[K’
[5.155s]          [01;36m[KRCLCPP_ALL_BUT_FIRST_ARGS[m[K(__VA_ARGS__,"")); \
[5.161s]          [01;36m[K^~~~~~~~~~~~~~~~~~~~~~~~~[m[K
[5.162s] [01m[K/home/jiseongyoo/ros2_examples/src/composition_cpp_example/src/component_action_server_cpp_example.cpp:53:5:[m[K [01;36m[Knote: [m[Kin expansion of macro ‘[01m[KRCLCPP_INFO[m[K’
[5.162s]      [01;36m[KRCLCPP_INFO[m[K(this->get_logger(), "Action '%s' : executed", action_server_->get_server_name());
[5.162s]      [01;36m[K^~~~~~~~~~~[m[K
[5.203s] [01m[K/home/jiseongyoo/ros2_examples/src/composition_cpp_example/src/component_action_server_cpp_example.cpp:74:82:[m[K [01;31m[Kerror: [m[K‘[01m[Kusing element_type = class rclcpp_action::Server<interfaces::action::Example> {aka class rclcpp_action::Server<interfaces::action::Example>}[m[K’ has no member named ‘[01m[Kget_server_name[m[K’
[5.205s]          RCLCPP_INFO(this->get_logger(), "Action 's' : canceled", action_server_->[01;31m[Kg[m[Ket_server_name());
[5.210s]                                                                                   [01;31m[K^[m[K
[5.212s] [01m[K/opt/ros/eloquent/include/rcutils/logging_macros.h:72:64:[m[K [01;36m[Knote: [m[Kin definition of macro ‘[01m[KRCUTILS_LOG_COND_NAMED[m[K’
[5.212s]        rcutils_log(&__rcutils_logging_location, severity, name, [01;36m[K__VA_ARGS__[m[K); \
[5.213s]                                                                 [01;36m[K^~~~~~~~~~~[m[K
[5.213s] [01m[K/opt/ros/eloquent/include/rclcpp/logging.hpp:541:5:[m[K [01;36m[Knote: [m[Kin expansion of macro ‘[01m[KRCUTILS_LOG_INFO_NAMED[m[K’
[5.213s]      [01;36m[KRCUTILS_LOG_INFO_NAMED[m[K( \
[5.214s]      [01;36m[K^~~~~~~~~~~~~~~~~~~~~~[m[K
[5.214s] [01m[K/opt/ros/eloquent/include/rclcpp/logging.hpp:544:9:[m[K [01;36m[Knote: [m[Kin expansion of macro ‘[01m[KRCLCPP_ALL_BUT_FIRST_ARGS[m[K’
[5.215s]          [01;36m[KRCLCPP_ALL_BUT_FIRST_ARGS[m[K(__VA_ARGS__,"")); \
[5.215s]          [01;36m[K^~~~~~~~~~~~~~~~~~~~~~~~~[m[K
[5.216s] [01m[K/home/jiseongyoo/ros2_examples/src/composition_cpp_example/src/component_action_server_cpp_example.cpp:74:9:[m[K [01;36m[Knote: [m[Kin expansion of macro ‘[01m[KRCLCPP_INFO[m[K’
[5.216s]          [01;36m[KRCLCPP_INFO[m[K(this->get_logger(), "Action 's' : canceled", action_server_->get_server_name());
[5.216s]          [01;36m[K^~~~~~~~~~~[m[K
[5.217s] [01m[K/home/jiseongyoo/ros2_examples/src/composition_cpp_example/src/component_action_server_cpp_example.cpp:90:87:[m[K [01;31m[Kerror: [m[K‘[01m[Kusing element_type = class rclcpp_action::Server<interfaces::action::Example> {aka class rclcpp_action::Server<interfaces::action::Example>}[m[K’ has no member named ‘[01m[Kget_server_name[m[K’
[5.217s]        RCLCPP_INFO(this->get_logger(), "Feedback published '%s' : %s", action_server_->[01;31m[Kg[m[Ket_server_name(), feedback->feedback.c_str());
[5.218s]                                                                                        [01;31m[K^[m[K
[5.218s] [01m[K/opt/ros/eloquent/include/rcutils/logging_macros.h:72:64:[m[K [01;36m[Knote: [m[Kin definition of macro ‘[01m[KRCUTILS_LOG_COND_NAMED[m[K’
[5.219s]        rcutils_log(&__rcutils_logging_location, severity, name, [01;36m[K__VA_ARGS__[m[K); \
[5.220s]                                                                 [01;36m[K^~~~~~~~~~~[m[K
[5.220s] [01m[K/opt/ros/eloquent/include/rclcpp/logging.hpp:541:5:[m[K [01;36m[Knote: [m[Kin expansion of macro ‘[01m[KRCUTILS_LOG_INFO_NAMED[m[K’
[5.221s]      [01;36m[KRCUTILS_LOG_INFO_NAMED[m[K( \
[5.221s]      [01;36m[K^~~~~~~~~~~~~~~~~~~~~~[m[K
[5.222s] [01m[K/opt/ros/eloquent/include/rclcpp/logging.hpp:544:9:[m[K [01;36m[Knote: [m[Kin expansion of macro ‘[01m[KRCLCPP_ALL_BUT_FIRST_ARGS[m[K’
[5.222s]          [01;36m[KRCLCPP_ALL_BUT_FIRST_ARGS[m[K(__VA_ARGS__,"")); \
[5.222s]          [01;36m[K^~~~~~~~~~~~~~~~~~~~~~~~~[m[K
[5.223s] [01m[K/home/jiseongyoo/ros2_examples/src/composition_cpp_example/src/component_action_server_cpp_example.cpp:90:7:[m[K [01;36m[Knote: [m[Kin expansion of macro ‘[01m[KRCLCPP_INFO[m[K’
[5.230s]        [01;36m[KRCLCPP_INFO[m[K(this->get_logger(), "Feedback published '%s' : %s", action_server_->get_server_name(), feedback->feedback.c_str());
[5.230s]        [01;36m[K^~~~~~~~~~~[m[K
[5.231s] [01m[K/home/jiseongyoo/ros2_examples/src/composition_cpp_example/src/component_action_server_cpp_example.cpp:106:75:[m[K [01;31m[Kerror: [m[K‘[01m[Kusing element_type = class rclcpp_action::Server<interfaces::action::Example> {aka class rclcpp_action::Server<interfaces::action::Example>}[m[K’ has no member named ‘[01m[Kget_server_name[m[K’
[5.231s]        RCLCPP_INFO(this->get_logger(), "Action '%s' : %s", action_server_->[01;31m[Kg[m[Ket_server_name(), result->result.c_str());
[5.231s]                                                                            [01;31m[K^[m[K
[5.232s] [01m[K/opt/ros/eloquent/include/rcutils/logging_macros.h:72:64:[m[K [01;36m[Knote: [m[Kin definition of macro ‘[01m[KRCUTILS_LOG_COND_NAMED[m[K’
[5.237s]        rcutils_log(&__rcutils_logging_location, severity, name, [01;36m[K__VA_ARGS__[m[K); \
[5.237s]                                                                 [01;36m[K^~~~~~~~~~~[m[K
[5.238s] [01m[K/opt/ros/eloquent/include/rclcpp/logging.hpp:541:5:[m[K [01;36m[Knote: [m[Kin expansion of macro ‘[01m[KRCUTILS_LOG_INFO_NAMED[m[K’
[5.238s]      [01;36m[KRCUTILS_LOG_INFO_NAMED[m[K( \
[5.238s]      [01;36m[K^~~~~~~~~~~~~~~~~~~~~~[m[K
[5.239s] [01m[K/opt/ros/eloquent/include/rclcpp/logging.hpp:544:9:[m[K [01;36m[Knote: [m[Kin expansion of macro ‘[01m[KRCLCPP_ALL_BUT_FIRST_ARGS[m[K’
[5.239s]          [01;36m[KRCLCPP_ALL_BUT_FIRST_ARGS[m[K(__VA_ARGS__,"")); \
[5.240s]          [01;36m[K^~~~~~~~~~~~~~~~~~~~~~~~~[m[K
[5.240s] [01m[K/home/jiseongyoo/ros2_examples/src/composition_cpp_example/src/component_action_server_cpp_example.cpp:106:7:[m[K [01;36m[Knote: [m[Kin expansion of macro ‘[01m[KRCLCPP_INFO[m[K’
[5.241s]        [01;36m[KRCLCPP_INFO[m[K(this->get_logger(), "Action '%s' : %s", action_server_->get_server_name(), result->result.c_str());
[5.241s]        [01;36m[K^~~~~~~~~~~[m[K
[5.242s] [01m[K/home/jiseongyoo/ros2_examples/src/composition_cpp_example/src/component_action_server_cpp_example.cpp:[m[K At global scope:
[5.242s] [01m[K/home/jiseongyoo/ros2_examples/src/composition_cpp_example/src/component_action_server_cpp_example.cpp:110:98:[m[K [01;31m[Kerror: [m[KISO C++ forbids declaration of ‘[01m[KComoponentActionServerExample[m[K’ with no type [[01;31m[K-fpermissive[m[K]
[5.243s]    ComponentActionServerExample::ComoponentActionServerExample(const rclcpp::NodeOptions & options[01;31m[K)[m[K
[5.243s]                                                                                                   [01;31m[K^[m[K
[5.243s] [01m[K/home/jiseongyoo/ros2_examples/src/composition_cpp_example/src/component_action_server_cpp_example.cpp:[m[K In member function ‘[01m[Kint component::ComponentActionServerExample::ComoponentActionServerExample(const rclcpp::NodeOptions&)[m[K’:
[5.244s] [01m[K/home/jiseongyoo/ros2_examples/src/composition_cpp_example/src/component_action_server_cpp_example.cpp:111:7:[m[K [01;31m[Kerror: [m[Konly constructors take member initializers
[5.244s]      : [01;31m[KNode[m[K("action_server", options){
[5.252s]        [01;31m[K^~~~[m[K
[5.350s] [01m[K/home/jiseongyoo/ros2_examples/src/composition_cpp_example/src/component_action_server_cpp_example.cpp:129:3:[m[K [01;35m[Kwarning: [m[Kno return statement in function returning non-void [[01;35m[K-Wreturn-type[m[K]
[5.351s]    [01;35m[K}[m[K
[5.352s]    [01;35m[K^[m[K
[7.752s] make[2]: *** [CMakeFiles/component_action_server_cpp.dir/src/component_action_server_cpp_example.cpp.o] Error 1
[7.762s] make[1]: *** [CMakeFiles/component_action_server_cpp.dir/all] Error 2
[7.762s] make: *** [all] Error 2
