[5.129s] In file included from [01m[K/opt/ros/eloquent/include/class_loader/class_loader.hpp:56:0[m[K,
[5.130s]                  from [01m[K/opt/ros/eloquent/include/rclcpp_components/register_node_macro.hpp:18[m[K,
[5.131s]                  from [01m[K/home/jiseongyoo/ros2_examples/src/composition_cpp_example/src/component_parameter_server_cpp_example.cpp:10[m[K:
[5.131s] [01m[K/home/jiseongyoo/ros2_examples/src/composition_cpp_example/src/component_parameter_server_cpp_example.cpp:12:44:[m[K [01;31m[Kerror: [m[K‘[01m[KParameterServer[m[K’ is not a member of ‘[01m[Kcomponent[m[K’
[5.131s]  RCLCPP_COMPONENTS_REGISTER_NODE(component::[01;31m[KP[m[KarameterServer)
[5.132s]                                             [01;31m[K^[m[K
[5.132s] [01m[K/opt/ros/eloquent/include/class_loader/register_macro.hpp:52:14:[m[K [01;36m[Knote: [m[Kin definition of macro ‘[01m[KCLASS_LOADER_REGISTER_CLASS_INTERNAL_WITH_MESSAGE[m[K’
[5.132s]      typedef  [01;36m[KDerived[m[K _derived; \
[5.133s]               [01;36m[K^~~~~~~[m[K
[5.133s] [01m[K/opt/ros/eloquent/include/class_loader/register_macro.hpp:73:3:[m[K [01;36m[Knote: [m[Kin expansion of macro ‘[01m[KCLASS_LOADER_REGISTER_CLASS_INTERNAL_HOP1_WITH_MESSAGE[m[K’
[5.133s]    [01;36m[KCLASS_LOADER_REGISTER_CLASS_INTERNAL_HOP1_WITH_MESSAGE[m[K(Derived, Base, __COUNTER__, Message)
[5.134s]    [01;36m[K^~~~~~~~~~~~~~~~~~~~~~~~~~~~~~~~~~~~~~~~~~~~~~~~~~~~~~[m[K
[5.143s] [01m[K/opt/ros/eloquent/include/class_loader/register_macro.hpp:80:3:[m[K [01;36m[Knote: [m[Kin expansion of macro ‘[01m[KCLASS_LOADER_REGISTER_CLASS_WITH_MESSAGE[m[K’
[5.144s]    [01;36m[KCLASS_LOADER_REGISTER_CLASS_WITH_MESSAGE[m[K(Derived, Base, "")
[5.145s]    [01;36m[K^~~~~~~~~~~~~~~~~~~~~~~~~~~~~~~~~~~~~~~~[m[K
[5.145s] [01m[K/opt/ros/eloquent/include/rclcpp_components/register_node_macro.hpp:34:3:[m[K [01;36m[Knote: [m[Kin expansion of macro ‘[01m[KCLASS_LOADER_REGISTER_CLASS[m[K’
[5.146s]    [01;36m[KCLASS_LOADER_REGISTER_CLASS[m[K( \
[5.146s]    [01;36m[K^~~~~~~~~~~~~~~~~~~~~~~~~~~[m[K
[5.146s] [01m[K/home/jiseongyoo/ros2_examples/src/composition_cpp_example/src/component_parameter_server_cpp_example.cpp:12:1:[m[K [01;36m[Knote: [m[Kin expansion of macro ‘[01m[KRCLCPP_COMPONENTS_REGISTER_NODE[m[K’
[5.147s]  [01;36m[KRCLCPP_COMPONENTS_REGISTER_NODE[m[K(component::ParameterServer)
[5.147s]  [01;36m[K^~~~~~~~~~~~~~~~~~~~~~~~~~~~~~~[m[K
[5.147s] [01m[K/home/jiseongyoo/ros2_examples/src/composition_cpp_example/src/component_parameter_server_cpp_example.cpp:12:44:[m[K [01;31m[Kerror: [m[K‘[01m[KParameterServer[m[K’ is not a member of ‘[01m[Kcomponent[m[K’
[5.148s]  RCLCPP_COMPONENTS_REGISTER_NODE(component::[01;31m[KP[m[KarameterServer)
[5.148s]                                             [01;31m[K^[m[K
[5.148s] [01m[K/opt/ros/eloquent/include/class_loader/register_macro.hpp:52:14:[m[K [01;36m[Knote: [m[Kin definition of macro ‘[01m[KCLASS_LOADER_REGISTER_CLASS_INTERNAL_WITH_MESSAGE[m[K’
[5.149s]      typedef  [01;36m[KDerived[m[K _derived; \
[5.149s]               [01;36m[K^~~~~~~[m[K
[5.149s] [01m[K/opt/ros/eloquent/include/class_loader/register_macro.hpp:73:3:[m[K [01;36m[Knote: [m[Kin expansion of macro ‘[01m[KCLASS_LOADER_REGISTER_CLASS_INTERNAL_HOP1_WITH_MESSAGE[m[K’
[5.150s]    [01;36m[KCLASS_LOADER_REGISTER_CLASS_INTERNAL_HOP1_WITH_MESSAGE[m[K(Derived, Base, __COUNTER__, Message)
[5.166s]    [01;36m[K^~~~~~~~~~~~~~~~~~~~~~~~~~~~~~~~~~~~~~~~~~~~~~~~~~~~~~[m[K
[5.167s] [01m[K/opt/ros/eloquent/include/class_loader/register_macro.hpp:80:3:[m[K [01;36m[Knote: [m[Kin expansion of macro ‘[01m[KCLASS_LOADER_REGISTER_CLASS_WITH_MESSAGE[m[K’
[5.167s]    [01;36m[KCLASS_LOADER_REGISTER_CLASS_WITH_MESSAGE[m[K(Derived, Base, "")
[5.167s]    [01;36m[K^~~~~~~~~~~~~~~~~~~~~~~~~~~~~~~~~~~~~~~~[m[K
[5.168s] [01m[K/opt/ros/eloquent/include/rclcpp_components/register_node_macro.hpp:34:3:[m[K [01;36m[Knote: [m[Kin expansion of macro ‘[01m[KCLASS_LOADER_REGISTER_CLASS[m[K’
[5.168s]    [01;36m[KCLASS_LOADER_REGISTER_CLASS[m[K( \
[5.168s]    [01;36m[K^~~~~~~~~~~~~~~~~~~~~~~~~~~[m[K
[5.169s] [01m[K/home/jiseongyoo/ros2_examples/src/composition_cpp_example/src/component_parameter_server_cpp_example.cpp:12:1:[m[K [01;36m[Knote: [m[Kin expansion of macro ‘[01m[KRCLCPP_COMPONENTS_REGISTER_NODE[m[K’
[5.169s]  [01;36m[KRCLCPP_COMPONENTS_REGISTER_NODE[m[K(component::ParameterServer)
[5.170s]  [01;36m[K^~~~~~~~~~~~~~~~~~~~~~~~~~~~~~~[m[K
[5.178s] [01m[K/opt/ros/eloquent/include/rclcpp_components/register_node_macro.hpp:35:53:[m[K [01;31m[Kerror: [m[Ktemplate argument 1 is invalid
[5.179s]      rclcpp_components::NodeFactoryTemplate<NodeClass[01;31m[K>[m[K, \
[5.179s]                                                      [01;31m[K^[m[K
[5.180s] [01m[K/opt/ros/eloquent/include/class_loader/register_macro.hpp:52:14:[m[K [01;36m[Knote: [m[Kin definition of macro ‘[01m[KCLASS_LOADER_REGISTER_CLASS_INTERNAL_WITH_MESSAGE[m[K’
[5.180s]      typedef  [01;36m[KDerived[m[K _derived; \
[5.180s]               [01;36m[K^~~~~~~[m[K
[5.181s] [01m[K/opt/ros/eloquent/include/class_loader/register_macro.hpp:73:3:[m[K [01;36m[Knote: [m[Kin expansion of macro ‘[01m[KCLASS_LOADER_REGISTER_CLASS_INTERNAL_HOP1_WITH_MESSAGE[m[K’
[5.181s]    [01;36m[KCLASS_LOADER_REGISTER_CLASS_INTERNAL_HOP1_WITH_MESSAGE[m[K(Derived, Base, __COUNTER__, Message)
[5.181s]    [01;36m[K^~~~~~~~~~~~~~~~~~~~~~~~~~~~~~~~~~~~~~~~~~~~~~~~~~~~~~[m[K
[5.182s] [01m[K/opt/ros/eloquent/include/class_loader/register_macro.hpp:80:3:[m[K [01;36m[Knote: [m[Kin expansion of macro ‘[01m[KCLASS_LOADER_REGISTER_CLASS_WITH_MESSAGE[m[K’
[5.182s]    [01;36m[KCLASS_LOADER_REGISTER_CLASS_WITH_MESSAGE[m[K(Derived, Base, "")
[5.182s]    [01;36m[K^~~~~~~~~~~~~~~~~~~~~~~~~~~~~~~~~~~~~~~~[m[K
[5.183s] [01m[K/opt/ros/eloquent/include/rclcpp_components/register_node_macro.hpp:34:3:[m[K [01;36m[Knote: [m[Kin expansion of macro ‘[01m[KCLASS_LOADER_REGISTER_CLASS[m[K’
[5.183s]    [01;36m[KCLASS_LOADER_REGISTER_CLASS[m[K( \
[5.183s]    [01;36m[K^~~~~~~~~~~~~~~~~~~~~~~~~~~[m[K
[5.184s] [01m[K/home/jiseongyoo/ros2_examples/src/composition_cpp_example/src/component_parameter_server_cpp_example.cpp:12:1:[m[K [01;36m[Knote: [m[Kin expansion of macro ‘[01m[KRCLCPP_COMPONENTS_REGISTER_NODE[m[K’
[5.184s]  [01;36m[KRCLCPP_COMPONENTS_REGISTER_NODE[m[K(component::ParameterServer)
[5.184s]  [01;36m[K^~~~~~~~~~~~~~~~~~~~~~~~~~~~~~~[m[K
[5.741s] In file included from [01m[K/opt/ros/eloquent/include/class_loader/class_loader_core.hpp:56:0[m[K,
[5.743s]                  from [01m[K/opt/ros/eloquent/include/class_loader/class_loader.hpp:55[m[K,
[5.744s]                  from [01m[K/opt/ros/eloquent/include/rclcpp_components/register_node_macro.hpp:18[m[K,
[5.745s]                  from [01m[K/home/jiseongyoo/ros2_examples/src/composition_cpp_example/src/component_parameter_server_cpp_example.cpp:10[m[K:
[5.747s] /opt/ros/eloquent/include/class_loader/meta_object.hpp: In instantiation of ‘[01m[KB* class_loader::impl::MetaObject<C, B>::create() const [with C = int; B = rclcpp_components::NodeFactory][m[K’:
[5.749s] [01m[K/home/jiseongyoo/ros2_examples/src/composition_cpp_example/src/component_parameter_server_cpp_example.cpp:12:1:[m[K   required from here
[5.750s] [01m[K/opt/ros/eloquent/include/class_loader/meta_object.hpp:193:16:[m[K [01;31m[Kerror: [m[Kcannot convert ‘[01m[Kint*[m[K’ to ‘[01m[Krclcpp_components::NodeFactory*[m[K’ in return
[5.751s]      return new [01;31m[KC[m[K;
[5.752s]                 [01;31m[K^[m[K
[5.879s] make[2]: *** [CMakeFiles/component_parameter_server_cpp.dir/src/component_parameter_server_cpp_example.cpp.o] Error 1
[5.889s] make[1]: *** [CMakeFiles/component_parameter_server_cpp.dir/all] Error 2
[5.894s] make: *** [all] Error 2
