[0.271s] [35m[1mScanning dependencies of target action_server_cpp[0m
[0.359s] [ 50%] Built target action_client_cpp
[0.386s] [ 75%] [32mBuilding CXX object CMakeFiles/action_server_cpp.dir/src/action_server_cpp_example.cpp.o[0m
[4.702s] [01m[K/home/jiseongyoo/ros2_examples/src/action_cpp_example/src/action_server_cpp_example.cpp:6:3:[m[K [01;31m[Kerror: [m[K‘[01m[Krclcpp_action[m[K’ does not name a type; did you mean ‘[01m[Krcl_duration_t[m[K’?
[4.705s]    [01;31m[Krclcpp_action[m[K::Server<interfaces::action::Example>::SharedPtr action_server_;
[4.706s]    [01;31m[K^~~~~~~~~~~~~[m[K
[4.708s]    [32m[Krcl_duration_t[m[K
[4.711s] [01m[K/home/jiseongyoo/ros2_examples/src/action_cpp_example/src/action_server_cpp_example.cpp:8:3:[m[K [01;31m[Kerror: [m[K‘[01m[Krclcpp_action[m[K’ does not name a type; did you mean ‘[01m[Krcl_duration_t[m[K’?
[4.712s]    [01;31m[Krclcpp_action[m[K::GoalResponse handle_goal(const rclcpp_action::GoalUUID & uuid,
[4.712s]    [01;31m[K^~~~~~~~~~~~~[m[K
[4.713s]    [32m[Krcl_duration_t[m[K
[4.722s] [01m[K/home/jiseongyoo/ros2_examples/src/action_cpp_example/src/action_server_cpp_example.cpp:21:3:[m[K [01;31m[Kerror: [m[K‘[01m[Krclcpp_action[m[K’ does not name a type; did you mean ‘[01m[Krcl_duration_t[m[K’?
[4.723s]    [01;31m[Krclcpp_action[m[K::CancelResponse handle_cancel(const std::shared_ptr<rclcpp_action::ServerGoalHandle<interfaces::action::Example>> goal_handle){
[4.724s]    [01;31m[K^~~~~~~~~~~~~[m[K
[4.724s]    [32m[Krcl_duration_t[m[K
[4.725s] [01m[K/home/jiseongyoo/ros2_examples/src/action_cpp_example/src/action_server_cpp_example.cpp:29:44:[m[K [01;31m[Kerror: [m[K‘[01m[Krclcpp_action[m[K’ was not declared in this scope
[4.726s]    void handle_accept(const std::shared_ptr<[01;31m[Krclcpp_action[m[K::ServerGoalHandle<interfaces::action::Example>> goal_handle){
[4.727s]                                             [01;31m[K^~~~~~~~~~~~~[m[K
[4.734s] [01m[K/home/jiseongyoo/ros2_examples/src/action_cpp_example/src/action_server_cpp_example.cpp:29:44:[m[K [01;36m[Knote: [m[Ksuggested alternative: ‘[01m[Krcl_duration_t[m[K’
[4.735s]    void handle_accept(const std::shared_ptr<[01;36m[Krclcpp_action[m[K::ServerGoalHandle<interfaces::action::Example>> goal_handle){
[4.736s]                                             [01;36m[K^~~~~~~~~~~~~[m[K
[4.736s]                                             [32m[Krcl_duration_t[m[K
[4.737s] [01m[K/home/jiseongyoo/ros2_examples/src/action_cpp_example/src/action_server_cpp_example.cpp:29:103:[m[K [01;31m[Kerror: [m[Ktemplate argument 1 is invalid
[4.740s]  ared_ptr<rclcpp_action::ServerGoalHandle<interfaces::action::Example[01;31m[K>>[m[K goal_handle){
[4.741s]                                                                      [01;31m[K^~[m[K
[4.741s] [01m[K/home/jiseongyoo/ros2_examples/src/action_cpp_example/src/action_server_cpp_example.cpp:29:44:[m[K [01;31m[Kerror: [m[K‘[01m[Krclcpp_action[m[K’ was not declared in this scope
[4.743s]    void handle_accept(const std::shared_ptr<[01;31m[Krclcpp_action[m[K::ServerGoalHandle<interfaces::action::Example>> goal_handle){
[4.746s]                                             [01;31m[K^~~~~~~~~~~~~[m[K
[4.747s] [01m[K/home/jiseongyoo/ros2_examples/src/action_cpp_example/src/action_server_cpp_example.cpp:29:44:[m[K [01;36m[Knote: [m[Ksuggested alternative: ‘[01m[Krcl_duration_t[m[K’
[4.747s]    void handle_accept(const std::shared_ptr<[01;36m[Krclcpp_action[m[K::ServerGoalHandle<interfaces::action::Example>> goal_handle){
[4.748s]                                             [01;36m[K^~~~~~~~~~~~~[m[K
[4.748s]                                             [32m[Krcl_duration_t[m[K
[4.749s] [01m[K/home/jiseongyoo/ros2_examples/src/action_cpp_example/src/action_server_cpp_example.cpp:29:103:[m[K [01;31m[Kerror: [m[Ktemplate argument 1 is invalid
[4.749s]  ared_ptr<rclcpp_action::ServerGoalHandle<interfaces::action::Example[01;31m[K>>[m[K goal_handle){
[4.750s]                                                                      [01;31m[K^~[m[K
[4.750s] [01m[K/home/jiseongyoo/ros2_examples/src/action_cpp_example/src/action_server_cpp_example.cpp:29:44:[m[K [01;31m[Kerror: [m[K‘[01m[Krclcpp_action[m[K’ was not declared in this scope
[4.750s]    void handle_accept(const std::shared_ptr<[01;31m[Krclcpp_action[m[K::ServerGoalHandle<interfaces::action::Example>> goal_handle){
[4.752s]                                             [01;31m[K^~~~~~~~~~~~~[m[K
[4.753s] [01m[K/home/jiseongyoo/ros2_examples/src/action_cpp_example/src/action_server_cpp_example.cpp:29:44:[m[K [01;36m[Knote: [m[Ksuggested alternative: ‘[01m[Krcl_duration_t[m[K’
[4.754s]    void handle_accept(const std::shared_ptr<[01;36m[Krclcpp_action[m[K::ServerGoalHandle<interfaces::action::Example>> goal_handle){
[4.754s]                                             [01;36m[K^~~~~~~~~~~~~[m[K
[4.755s]                                             [32m[Krcl_duration_t[m[K
[4.755s] [01m[K/home/jiseongyoo/ros2_examples/src/action_cpp_example/src/action_server_cpp_example.cpp:29:103:[m[K [01;31m[Kerror: [m[Ktemplate argument 1 is invalid
[4.756s]  ared_ptr<rclcpp_action::ServerGoalHandle<interfaces::action::Example[01;31m[K>>[m[K goal_handle){
[4.756s]                                                                      [01;31m[K^~[m[K
[4.757s] [01m[K/home/jiseongyoo/ros2_examples/src/action_cpp_example/src/action_server_cpp_example.cpp:29:44:[m[K [01;31m[Kerror: [m[K‘[01m[Krclcpp_action[m[K’ was not declared in this scope
[4.757s]    void handle_accept(const std::shared_ptr<[01;31m[Krclcpp_action[m[K::ServerGoalHandle<interfaces::action::Example>> goal_handle){
[4.757s]                                             [01;31m[K^~~~~~~~~~~~~[m[K
[4.764s] [01m[K/home/jiseongyoo/ros2_examples/src/action_cpp_example/src/action_server_cpp_example.cpp:29:44:[m[K [01;36m[Knote: [m[Ksuggested alternative: ‘[01m[Krcl_duration_t[m[K’
[4.765s]    void handle_accept(const std::shared_ptr<[01;36m[Krclcpp_action[m[K::ServerGoalHandle<interfaces::action::Example>> goal_handle){
[4.765s]                                             [01;36m[K^~~~~~~~~~~~~[m[K
[4.766s]                                             [32m[Krcl_duration_t[m[K
[4.766s] [01m[K/home/jiseongyoo/ros2_examples/src/action_cpp_example/src/action_server_cpp_example.cpp:29:103:[m[K [01;31m[Kerror: [m[Ktemplate argument 1 is invalid
[4.767s]  ared_ptr<rclcpp_action::ServerGoalHandle<interfaces::action::Example[01;31m[K>>[m[K goal_handle){
[4.767s]                                                                      [01;31m[K^~[m[K
[4.768s] [01m[K/home/jiseongyoo/ros2_examples/src/action_cpp_example/src/action_server_cpp_example.cpp:29:44:[m[K [01;31m[Kerror: [m[K‘[01m[Krclcpp_action[m[K’ was not declared in this scope
[4.769s]    void handle_accept(const std::shared_ptr<[01;31m[Krclcpp_action[m[K::ServerGoalHandle<interfaces::action::Example>> goal_handle){
[4.769s]                                             [01;31m[K^~~~~~~~~~~~~[m[K
[4.774s] [01m[K/home/jiseongyoo/ros2_examples/src/action_cpp_example/src/action_server_cpp_example.cpp:29:44:[m[K [01;36m[Knote: [m[Ksuggested alternative: ‘[01m[Krcl_duration_t[m[K’
[4.775s]    void handle_accept(const std::shared_ptr<[01;36m[Krclcpp_action[m[K::ServerGoalHandle<interfaces::action::Example>> goal_handle){
[4.776s]                                             [01;36m[K^~~~~~~~~~~~~[m[K
[4.777s]                                             [32m[Krcl_duration_t[m[K
[4.777s] [01m[K/home/jiseongyoo/ros2_examples/src/action_cpp_example/src/action_server_cpp_example.cpp:29:103:[m[K [01;31m[Kerror: [m[Ktemplate argument 1 is invalid
[4.778s]  ared_ptr<rclcpp_action::ServerGoalHandle<interfaces::action::Example[01;31m[K>>[m[K goal_handle){
[4.778s]                                                                      [01;31m[K^~[m[K
[4.779s] [01m[K/home/jiseongyoo/ros2_examples/src/action_cpp_example/src/action_server_cpp_example.cpp:29:28:[m[K [01;31m[Kerror: [m[Kinvalid use of template-name ‘[01m[Kstd::shared_ptr[m[K’ without an argument list
[4.779s]    void handle_accept(const [01;31m[Kstd[m[K::shared_ptr<rclcpp_action::ServerGoalHandle<interfaces::action::Example>> goal_handle){
[4.780s]                             [01;31m[K^~~[m[K
[4.780s] [01m[K/home/jiseongyoo/ros2_examples/src/action_cpp_example/src/action_server_cpp_example.cpp:29:28:[m[K [01;36m[Knote: [m[Kclass template argument deduction is only available with -std=c++1z or -std=gnu++1z
[4.781s] In file included from [01m[K/usr/include/c++/7/bits/shared_ptr.h:52:0[m[K,
[4.782s]                  from [01m[K/usr/include/c++/7/memory:81[m[K,
[4.782s]                  from [01m[K/opt/ros/eloquent/include/rclcpp/rclcpp.hpp:143[m[K,
[4.783s]                  from [01m[K/home/jiseongyoo/ros2_examples/src/action_cpp_example/src/action_server_cpp_example.cpp:1[m[K:
[4.783s] [01m[K/usr/include/c++/7/bits/shared_ptr_base.h:347:11:[m[K [01;36m[Knote: [m[K‘[01m[Ktemplate<class _Tp> class std::shared_ptr[m[K’ declared here
[4.784s]      class [01;36m[Kshared_ptr[m[K;
[4.784s]            [01;36m[K^~~~~~~~~~[m[K
[4.786s] [01m[K/home/jiseongyoo/ros2_examples/src/action_cpp_example/src/action_server_cpp_example.cpp:29:43:[m[K [01;31m[Kerror: [m[Kexpected ‘[01m[K,[m[K’ or ‘[01m[K...[m[K’ before ‘[01m[K<[m[K’ token
[4.786s]    void handle_accept(const std::shared_ptr[01;31m[K<[m[Krclcpp_action::ServerGoalHandle<interfaces::action::Example>> goal_handle){
[4.787s]                                            [01;31m[K^[m[K
[4.787s] [01m[K/home/jiseongyoo/ros2_examples/src/action_cpp_example/src/action_server_cpp_example.cpp:33:38:[m[K [01;31m[Kerror: [m[K‘[01m[Krclcpp_action[m[K’ was not declared in this scope
[4.788s]    void execute(const std::shared_ptr<[01;31m[Krclcpp_action[m[K::ServerGoalHandle<interfaces::action::Example>> goal_handle){
[4.788s]                                       [01;31m[K^~~~~~~~~~~~~[m[K
[4.789s] [01m[K/home/jiseongyoo/ros2_examples/src/action_cpp_example/src/action_server_cpp_example.cpp:33:38:[m[K [01;36m[Knote: [m[Ksuggested alternative: ‘[01m[Krcl_duration_t[m[K’
[4.789s]    void execute(const std::shared_ptr<[01;36m[Krclcpp_action[m[K::ServerGoalHandle<interfaces::action::Example>> goal_handle){
[4.789s]                                       [01;36m[K^~~~~~~~~~~~~[m[K
[4.790s]                                       [32m[Krcl_duration_t[m[K
[4.790s] [01m[K/home/jiseongyoo/ros2_examples/src/action_cpp_example/src/action_server_cpp_example.cpp:33:97:[m[K [01;31m[Kerror: [m[Ktemplate argument 1 is invalid
[4.791s]  ared_ptr<rclcpp_action::ServerGoalHandle<interfaces::action::Example[01;31m[K>>[m[K goal_handle){
[4.791s]                                                                      [01;31m[K^~[m[K
[4.791s] [01m[K/home/jiseongyoo/ros2_examples/src/action_cpp_example/src/action_server_cpp_example.cpp:33:38:[m[K [01;31m[Kerror: [m[K‘[01m[Krclcpp_action[m[K’ was not declared in this scope
[4.792s]    void execute(const std::shared_ptr<[01;31m[Krclcpp_action[m[K::ServerGoalHandle<interfaces::action::Example>> goal_handle){
[4.792s]                                       [01;31m[K^~~~~~~~~~~~~[m[K
[4.796s] [01m[K/home/jiseongyoo/ros2_examples/src/action_cpp_example/src/action_server_cpp_example.cpp:33:38:[m[K [01;36m[Knote: [m[Ksuggested alternative: ‘[01m[Krcl_duration_t[m[K’
[4.796s]    void execute(const std::shared_ptr<[01;36m[Krclcpp_action[m[K::ServerGoalHandle<interfaces::action::Example>> goal_handle){
[4.797s]                                       [01;36m[K^~~~~~~~~~~~~[m[K
[4.797s]                                       [32m[Krcl_duration_t[m[K
[4.798s] [01m[K/home/jiseongyoo/ros2_examples/src/action_cpp_example/src/action_server_cpp_example.cpp:33:97:[m[K [01;31m[Kerror: [m[Ktemplate argument 1 is invalid
[4.798s]  ared_ptr<rclcpp_action::ServerGoalHandle<interfaces::action::Example[01;31m[K>>[m[K goal_handle){
[4.799s]                                                                      [01;31m[K^~[m[K
[4.799s] [01m[K/home/jiseongyoo/ros2_examples/src/action_cpp_example/src/action_server_cpp_example.cpp:33:38:[m[K [01;31m[Kerror: [m[K‘[01m[Krclcpp_action[m[K’ was not declared in this scope
[4.800s]    void execute(const std::shared_ptr<[01;31m[Krclcpp_action[m[K::ServerGoalHandle<interfaces::action::Example>> goal_handle){
[4.800s]                                       [01;31m[K^~~~~~~~~~~~~[m[K
[4.806s] [01m[K/home/jiseongyoo/ros2_examples/src/action_cpp_example/src/action_server_cpp_example.cpp:33:38:[m[K [01;36m[Knote: [m[Ksuggested alternative: ‘[01m[Krcl_duration_t[m[K’
[4.807s]    void execute(const std::shared_ptr<[01;36m[Krclcpp_action[m[K::ServerGoalHandle<interfaces::action::Example>> goal_handle){
[4.807s]                                       [01;36m[K^~~~~~~~~~~~~[m[K
[4.808s]                                       [32m[Krcl_duration_t[m[K
[4.808s] [01m[K/home/jiseongyoo/ros2_examples/src/action_cpp_example/src/action_server_cpp_example.cpp:33:97:[m[K [01;31m[Kerror: [m[Ktemplate argument 1 is invalid
[4.809s]  ared_ptr<rclcpp_action::ServerGoalHandle<interfaces::action::Example[01;31m[K>>[m[K goal_handle){
[4.810s]                                                                      [01;31m[K^~[m[K
[4.810s] [01m[K/home/jiseongyoo/ros2_examples/src/action_cpp_example/src/action_server_cpp_example.cpp:33:38:[m[K [01;31m[Kerror: [m[K‘[01m[Krclcpp_action[m[K’ was not declared in this scope
[4.811s]    void execute(const std::shared_ptr<[01;31m[Krclcpp_action[m[K::ServerGoalHandle<interfaces::action::Example>> goal_handle){
[4.811s]                                       [01;31m[K^~~~~~~~~~~~~[m[K
[4.816s] [01m[K/home/jiseongyoo/ros2_examples/src/action_cpp_example/src/action_server_cpp_example.cpp:33:38:[m[K [01;36m[Knote: [m[Ksuggested alternative: ‘[01m[Krcl_duration_t[m[K’
[4.817s]    void execute(const std::shared_ptr<[01;36m[Krclcpp_action[m[K::ServerGoalHandle<interfaces::action::Example>> goal_handle){
[4.818s]                                       [01;36m[K^~~~~~~~~~~~~[m[K
[4.818s]                                       [32m[Krcl_duration_t[m[K
[4.819s] [01m[K/home/jiseongyoo/ros2_examples/src/action_cpp_example/src/action_server_cpp_example.cpp:33:97:[m[K [01;31m[Kerror: [m[Ktemplate argument 1 is invalid
[4.819s]  ared_ptr<rclcpp_action::ServerGoalHandle<interfaces::action::Example[01;31m[K>>[m[K goal_handle){
[4.820s]                                                                      [01;31m[K^~[m[K
[4.821s] [01m[K/home/jiseongyoo/ros2_examples/src/action_cpp_example/src/action_server_cpp_example.cpp:33:38:[m[K [01;31m[Kerror: [m[K‘[01m[Krclcpp_action[m[K’ was not declared in this scope
[4.821s]    void execute(const std::shared_ptr<[01;31m[Krclcpp_action[m[K::ServerGoalHandle<interfaces::action::Example>> goal_handle){
[4.822s]                                       [01;31m[K^~~~~~~~~~~~~[m[K
[4.829s] [01m[K/home/jiseongyoo/ros2_examples/src/action_cpp_example/src/action_server_cpp_example.cpp:33:38:[m[K [01;36m[Knote: [m[Ksuggested alternative: ‘[01m[Krcl_duration_t[m[K’
[4.830s]    void execute(const std::shared_ptr<[01;36m[Krclcpp_action[m[K::ServerGoalHandle<interfaces::action::Example>> goal_handle){
[4.830s]                                       [01;36m[K^~~~~~~~~~~~~[m[K
[4.831s]                                       [32m[Krcl_duration_t[m[K
[4.831s] [01m[K/home/jiseongyoo/ros2_examples/src/action_cpp_example/src/action_server_cpp_example.cpp:33:97:[m[K [01;31m[Kerror: [m[Ktemplate argument 1 is invalid
[4.831s]  ared_ptr<rclcpp_action::ServerGoalHandle<interfaces::action::Example[01;31m[K>>[m[K goal_handle){
[4.832s]                                                                      [01;31m[K^~[m[K
[4.832s] [01m[K/home/jiseongyoo/ros2_examples/src/action_cpp_example/src/action_server_cpp_example.cpp:33:22:[m[K [01;31m[Kerror: [m[Kinvalid use of template-name ‘[01m[Kstd::shared_ptr[m[K’ without an argument list
[4.832s]    void execute(const [01;31m[Kstd[m[K::shared_ptr<rclcpp_action::ServerGoalHandle<interfaces::action::Example>> goal_handle){
[4.833s]                       [01;31m[K^~~[m[K
[4.833s] [01m[K/home/jiseongyoo/ros2_examples/src/action_cpp_example/src/action_server_cpp_example.cpp:33:22:[m[K [01;36m[Knote: [m[Kclass template argument deduction is only available with -std=c++1z or -std=gnu++1z
[4.833s] In file included from [01m[K/usr/include/c++/7/bits/shared_ptr.h:52:0[m[K,
[4.834s]                  from [01m[K/usr/include/c++/7/memory:81[m[K,
[4.834s]                  from [01m[K/opt/ros/eloquent/include/rclcpp/rclcpp.hpp:143[m[K,
[4.834s]                  from [01m[K/home/jiseongyoo/ros2_examples/src/action_cpp_example/src/action_server_cpp_example.cpp:1[m[K:
[4.835s] [01m[K/usr/include/c++/7/bits/shared_ptr_base.h:347:11:[m[K [01;36m[Knote: [m[K‘[01m[Ktemplate<class _Tp> class std::shared_ptr[m[K’ declared here
[4.835s]      class [01;36m[Kshared_ptr[m[K;
[4.835s]            [01;36m[K^~~~~~~~~~[m[K
[4.836s] [01m[K/home/jiseongyoo/ros2_examples/src/action_cpp_example/src/action_server_cpp_example.cpp:33:37:[m[K [01;31m[Kerror: [m[Kexpected ‘[01m[K,[m[K’ or ‘[01m[K...[m[K’ before ‘[01m[K<[m[K’ token
[4.836s]    void execute(const std::shared_ptr[01;31m[K<[m[Krclcpp_action::ServerGoalHandle<interfaces::action::Example>> goal_handle){
[4.836s]                                      [01;31m[K^[m[K
[4.837s] [01m[K/home/jiseongyoo/ros2_examples/src/action_cpp_example/src/action_server_cpp_example.cpp:[m[K In member function ‘[01m[Kvoid ActionServerExample::handle_accept(int)[m[K’:
[4.837s] [01m[K/home/jiseongyoo/ros2_examples/src/action_cpp_example/src/action_server_cpp_example.cpp:30:28:[m[K [01;31m[Kerror: [m[K‘[01m[KActionServer[m[K’ was not declared in this scope
[4.837s]      std::thread{std::bind(&[01;31m[KActionServer[m[K::execute, this, std::placeholders::_1), goal_handle}.detach();
[4.838s]                             [01;31m[K^~~~~~~~~~~~[m[K
[4.845s] [01m[K/home/jiseongyoo/ros2_examples/src/action_cpp_example/src/action_server_cpp_example.cpp:30:28:[m[K [01;36m[Knote: [m[Ksuggested alternative: ‘[01m[KActionServerExample[m[K’
[4.845s]      std::thread{std::bind(&[01;36m[KActionServer[m[K::execute, this, std::placeholders::_1), goal_handle}.detach();
[4.846s]                             [01;36m[K^~~~~~~~~~~~[m[K
[4.846s]                             [32m[KActionServerExample[m[K
[4.847s] [01m[K/home/jiseongyoo/ros2_examples/src/action_cpp_example/src/action_server_cpp_example.cpp:30:81:[m[K [01;31m[Kerror: [m[K‘[01m[Kgoal_handle[m[K’ was not declared in this scope
[4.847s]  ead{std::bind(&ActionServer::execute, this, std::placeholders::_1), [01;31m[Kgoal_handle[m[K}.detach();
[4.848s]                                                                      [01;31m[K^~~~~~~~~~~[m[K
[4.856s] [01m[K/home/jiseongyoo/ros2_examples/src/action_cpp_example/src/action_server_cpp_example.cpp:30:81:[m[K [01;36m[Knote: [m[Ksuggested alternative: ‘[01m[Ksa_handler[m[K’
[4.857s]  ead{std::bind(&ActionServer::execute, this, std::placeholders::_1), [01;36m[Kgoal_handle[m[K}.detach();
[4.858s]                                                                      [01;36m[K^~~~~~~~~~~[m[K
[4.859s]                                                                                  [32m[Ksa_handler[m[K
[4.860s] [01m[K/home/jiseongyoo/ros2_examples/src/action_cpp_example/src/action_server_cpp_example.cpp:30:92:[m[K [01;31m[Kerror: [m[Kno matching function for call to ‘[01m[Kstd::thread::thread(<brace-enclosed initializer list>)[m[K’
[4.861s]  nd(&ActionServer::execute, this, std::placeholders::_1), goal_handle[01;31m[K}[m[K.detach();
[4.862s]                                                                      [01;31m[K^[m[K
[4.862s] In file included from [01m[K/usr/include/c++/7/future:39:0[m[K,
[4.863s]                  from [01m[K/opt/ros/eloquent/include/rclcpp/executors.hpp:18[m[K,
[4.863s]                  from [01m[K/opt/ros/eloquent/include/rclcpp/rclcpp.hpp:145[m[K,
[4.863s]                  from [01m[K/home/jiseongyoo/ros2_examples/src/action_cpp_example/src/action_server_cpp_example.cpp:1[m[K:
[4.864s] [01m[K/usr/include/c++/7/thread:118:7:[m[K [01;36m[Knote: [m[Kcandidate: template<class _Callable, class ... _Args> std::thread::thread(_Callable&&, _Args&& ...)
[4.864s]        [01;36m[Kthread[m[K(_Callable&& __f, _Args&&... __args)
[4.864s]        [01;36m[K^~~~~~[m[K
[4.865s] [01m[K/usr/include/c++/7/thread:118:7:[m[K [01;36m[Knote: [m[K  template argument deduction/substitution failed:
[4.865s] [01m[K/usr/include/c++/7/thread:113:5:[m[K [01;36m[Knote: [m[Kcandidate: std::thread::thread(std::thread&&)
[4.865s]      [01;36m[Kthread[m[K(thread&& __t) noexcept
[4.866s]      [01;36m[K^~~~~~[m[K
[4.866s] [01m[K/usr/include/c++/7/thread:113:5:[m[K [01;36m[Knote: [m[K  candidate expects 1 argument, 2 provided
[4.867s] [01m[K/usr/include/c++/7/thread:106:5:[m[K [01;36m[Knote: [m[Kcandidate: std::thread::thread()
[4.867s]      [01;36m[Kthread[m[K() noexcept = default;
[4.867s]      [01;36m[K^~~~~~[m[K
[4.868s] [01m[K/usr/include/c++/7/thread:106:5:[m[K [01;36m[Knote: [m[K  candidate expects 0 arguments, 2 provided
[4.868s] [01m[K/home/jiseongyoo/ros2_examples/src/action_cpp_example/src/action_server_cpp_example.cpp:[m[K In member function ‘[01m[Kvoid ActionServerExample::execute(int)[m[K’:
[4.868s] [01m[K/home/jiseongyoo/ros2_examples/src/action_cpp_example/src/action_server_cpp_example.cpp:36:23:[m[K [01;31m[Kerror: [m[K‘[01m[Kgoal_handle[m[K’ was not declared in this scope
[4.869s]      const auto goal = [01;31m[Kgoal_handle[m[K->get_goal();
[4.869s]                        [01;31m[K^~~~~~~~~~~[m[K
[4.872s] [01m[K/home/jiseongyoo/ros2_examples/src/action_cpp_example/src/action_server_cpp_example.cpp:36:23:[m[K [01;36m[Knote: [m[Ksuggested alternative: ‘[01m[Ksa_handler[m[K’
[4.873s]      const auto goal = [01;36m[Kgoal_handle[m[K->get_goal();
[4.873s]                        [01;36m[K^~~~~~~~~~~[m[K
[4.874s]                        [32m[Ksa_handler[m[K
[4.923s] [01m[K/home/jiseongyoo/ros2_examples/src/action_cpp_example/src/action_server_cpp_example.cpp:43:17:[m[K [01;31m[Kerror: [m[K‘[01m[Kusing element_type = struct interfaces::action::Example_Result_<std::allocator<void> > {aka struct interfaces::action::Example_Result_<std::allocator<void> >}[m[K’ has no member named ‘[01m[Kresult[m[K’
[4.925s]          result->[01;31m[Kresult[m[K = "Action canceled";
[4.926s]                  [01;31m[K^~~~~~[m[K
[4.927s] [01m[K/home/jiseongyoo/ros2_examples/src/action_cpp_example/src/action_server_cpp_example.cpp:48:42:[m[K [01;31m[Kerror: [m[K‘[01m[Kitos[m[K’ was not declared in this scope
[4.928s]        feedback->feedback = "Feedback " + [01;31m[Kitos[m[K(i);
[4.929s]                                           [01;31m[K^~~~[m[K
[4.929s] [01m[K/home/jiseongyoo/ros2_examples/src/action_cpp_example/src/action_server_cpp_example.cpp:48:42:[m[K [01;36m[Knote: [m[Ksuggested alternative: ‘[01m[Katol[m[K’
[4.930s]        feedback->feedback = "Feedback " + [01;36m[Kitos[m[K(i);
[4.930s]                                           [01;36m[K^~~~[m[K
[4.931s]                                           [32m[Katol[m[K
[4.933s] [01m[K/home/jiseongyoo/ros2_examples/src/action_cpp_example/src/action_server_cpp_example.cpp:55:15:[m[K [01;31m[Kerror: [m[K‘[01m[Kusing element_type = struct interfaces::action::Example_Result_<std::allocator<void> > {aka struct interfaces::action::Example_Result_<std::allocator<void> >}[m[K’ has no member named ‘[01m[Kresult[m[K’
[4.933s]        result->[01;31m[Kresult[m[K = "Action finished";
[4.934s]                [01;31m[K^~~~~~[m[K
[4.937s] [01m[K/home/jiseongyoo/ros2_examples/src/action_cpp_example/src/action_server_cpp_example.cpp:[m[K In constructor ‘[01m[KActionServerExample::ActionServerExample(const rclcpp::NodeOptions&)[m[K’:
[4.938s] [01m[K/home/jiseongyoo/ros2_examples/src/action_cpp_example/src/action_server_cpp_example.cpp:63:11:[m[K [01;31m[Kerror: [m[K‘[01m[Kclass ActionServerExample[m[K’ has no member named ‘[01m[Kaction_server_[m[K’
[4.938s]      this->[01;31m[Kaction_server_[m[K = rclcpp_action::create_server<interfaces::action::Example>(
[4.939s]            [01;31m[K^~~~~~~~~~~~~~[m[K
[4.939s] [01m[K/home/jiseongyoo/ros2_examples/src/action_cpp_example/src/action_server_cpp_example.cpp:63:28:[m[K [01;31m[Kerror: [m[K‘[01m[Krclcpp_action[m[K’ has not been declared
[4.940s]      this->action_server_ = [01;31m[Krclcpp_action[m[K::create_server<interfaces::action::Example>(
[4.940s]                             [01;31m[K^~~~~~~~~~~~~[m[K
[4.941s] [01m[K/home/jiseongyoo/ros2_examples/src/action_cpp_example/src/action_server_cpp_example.cpp:63:84:[m[K [01;31m[Kerror: [m[Kexpected primary-expression before ‘[01m[K>[m[K’ token
[4.941s]  is->action_server_ = rclcpp_action::create_server<interfaces::action::Example[01;31m[K>[m[K(
[4.942s]                                                                               [01;31m[K^[m[K
[4.942s] [01m[K/home/jiseongyoo/ros2_examples/src/action_cpp_example/src/action_server_cpp_example.cpp:69:39:[m[K [01;31m[Kerror: [m[K‘[01m[Khandle_goal[m[K’ is not a member of ‘[01m[KActionServerExample[m[K’
[4.943s]        std::bind(&ActionServerExample::[01;31m[Khandle_goal[m[K, this, std::placeholders::_1, std::placeholders::_2),
[4.943s]                                        [01;31m[K^~~~~~~~~~~[m[K
[4.944s] [01m[K/home/jiseongyoo/ros2_examples/src/action_cpp_example/src/action_server_cpp_example.cpp:70:39:[m[K [01;31m[Kerror: [m[K‘[01m[Khandle_cancel[m[K’ is not a member of ‘[01m[KActionServerExample[m[K’
[4.944s]        std::bind(&ActionServerExample::[01;31m[Khandle_cancel[m[K, this, std::placeholders::_1),
[4.944s]                                        [01;31m[K^~~~~~~~~~~~~[m[K
[5.667s] CMakeFiles/action_server_cpp.dir/build.make:62: recipe for target 'CMakeFiles/action_server_cpp.dir/src/action_server_cpp_example.cpp.o' failed
[5.668s] make[2]: *** [CMakeFiles/action_server_cpp.dir/src/action_server_cpp_example.cpp.o] Error 1
[5.672s] CMakeFiles/Makefile2:131: recipe for target 'CMakeFiles/action_server_cpp.dir/all' failed
[5.673s] make[1]: *** [CMakeFiles/action_server_cpp.dir/all] Error 2
[5.673s] make: *** [all] Error 2
[5.674s] Makefile:140: recipe for target 'all' failed
