[4.567s] [01m[K/home/jiseongyoo/ros2_examples/src/service_cpp_example/src/service_client_cpp_example.cpp:[m[K In member function ‘[01m[Kvoid ServiceClientExample::send_request()[m[K’:
[4.569s] [01m[K/home/jiseongyoo/ros2_examples/src/service_cpp_example/src/service_client_cpp_example.cpp:51:57:[m[K [01;31m[Kerror: [m[Kno matching function for call to ‘[01m[Krclcpp::Node::Node(ServiceClientExample*)[m[K’
[4.570s]      rclcpp::spin_until_future_complete(rclcpp::Node(this[01;31m[K)[m[K, response);
[4.571s]                                                          [01;31m[K^[m[K
[4.571s] In file included from [01m[K/opt/ros/eloquent/include/rclcpp/executors/single_threaded_executor.hpp:28:0[m[K,
[4.572s]                  from [01m[K/opt/ros/eloquent/include/rclcpp/executors.hpp:22[m[K,
[4.573s]                  from [01m[K/opt/ros/eloquent/include/rclcpp/rclcpp.hpp:145[m[K,
[4.573s]                  from [01m[K/home/jiseongyoo/ros2_examples/src/service_cpp_example/src/service_client_cpp_example.cpp:14[m[K:
[4.574s] [01m[K/opt/ros/eloquent/include/rclcpp/node.hpp:1080:3:[m[K [01;36m[Knote: [m[Kcandidate: rclcpp::Node::Node(const rclcpp::Node&, const string&)
[4.575s]    [01;36m[KNode[m[K(
[4.575s]    [01;36m[K^~~~[m[K
[4.576s] [01m[K/opt/ros/eloquent/include/rclcpp/node.hpp:1080:3:[m[K [01;36m[Knote: [m[K  candidate expects 2 arguments, 1 provided
[4.576s] [01m[K/opt/ros/eloquent/include/rclcpp/node.hpp:94:12:[m[K [01;36m[Knote: [m[Kcandidate: rclcpp::Node::Node(const string&, const string&, const rclcpp::NodeOptions&)
[4.577s]    explicit [01;36m[KNode[m[K(
[4.577s]             [01;36m[K^~~~[m[K
[4.578s] [01m[K/opt/ros/eloquent/include/rclcpp/node.hpp:94:12:[m[K [01;36m[Knote: [m[K  candidate expects 3 arguments, 1 provided
[4.579s] [01m[K/opt/ros/eloquent/include/rclcpp/node.hpp:83:12:[m[K [01;36m[Knote: [m[Kcandidate: rclcpp::Node::Node(const string&, const rclcpp::NodeOptions&)
[4.579s]    explicit [01;36m[KNode[m[K(
[4.580s]             [01;36m[K^~~~[m[K
[4.580s] [01m[K/opt/ros/eloquent/include/rclcpp/node.hpp:83:12:[m[K [01;36m[Knote: [m[K  no known conversion for argument 1 from ‘[01m[KServiceClientExample*[m[K’ to ‘[01m[Kconst string& {aka const std::__cxx11::basic_string<char>&}[m[K’
[5.853s] make[2]: *** [CMakeFiles/service_client_cpp.dir/src/service_client_cpp_example.cpp.o] Error 1
[5.862s] make[1]: *** [CMakeFiles/service_client_cpp.dir/all] Error 2
[5.862s] make: *** [all] Error 2
