[0.260s] [35m[1mScanning dependencies of target action_server_cpp[0m
[0.346s] [ 50%] Built target action_client_cpp
[0.438s] [ 75%] [32mBuilding CXX object CMakeFiles/action_server_cpp.dir/src/action_server_cpp_example.cpp.o[0m
[10.044s] [100%] [32m[1mLinking CXX executable action_server_cpp[0m
[10.902s] [100%] Built target action_server_cpp
[11.397s] [ 50%] Built target action_client_cpp
[11.402s] [100%] Built target action_server_cpp
[11.490s] [36mInstall the project...[0m
[11.526s] -- Install configuration: ""
[11.532s] -- Installing: /home/jiseongyoo/ros2_examples/install/action_cpp_example/lib/action_cpp_example/action_server_cpp
[11.534s] -- Set runtime path of "/home/jiseongyoo/ros2_examples/install/action_cpp_example/lib/action_cpp_example/action_server_cpp" to ""
[11.537s] -- Up-to-date: /home/jiseongyoo/ros2_examples/install/action_cpp_example/lib/action_cpp_example/action_client_cpp
[11.538s] -- Up-to-date: /home/jiseongyoo/ros2_examples/install/action_cpp_example/share/ament_index/resource_index/package_run_dependencies/action_cpp_example
[11.538s] -- Up-to-date: /home/jiseongyoo/ros2_examples/install/action_cpp_example/share/ament_index/resource_index/parent_prefix_path/action_cpp_example
[11.539s] -- Up-to-date: /home/jiseongyoo/ros2_examples/install/action_cpp_example/share/action_cpp_example/environment/ament_prefix_path.sh
[11.539s] -- Up-to-date: /home/jiseongyoo/ros2_examples/install/action_cpp_example/share/action_cpp_example/environment/ament_prefix_path.dsv
[11.540s] -- Up-to-date: /home/jiseongyoo/ros2_examples/install/action_cpp_example/share/action_cpp_example/environment/path.sh
[11.540s] -- Up-to-date: /home/jiseongyoo/ros2_examples/install/action_cpp_example/share/action_cpp_example/environment/path.dsv
[11.541s] -- Up-to-date: /home/jiseongyoo/ros2_examples/install/action_cpp_example/share/action_cpp_example/local_setup.bash
[11.541s] -- Up-to-date: /home/jiseongyoo/ros2_examples/install/action_cpp_example/share/action_cpp_example/local_setup.sh
[11.541s] -- Up-to-date: /home/jiseongyoo/ros2_examples/install/action_cpp_example/share/action_cpp_example/local_setup.zsh
[11.542s] -- Up-to-date: /home/jiseongyoo/ros2_examples/install/action_cpp_example/share/action_cpp_example/local_setup.dsv
[11.542s] -- Installing: /home/jiseongyoo/ros2_examples/install/action_cpp_example/share/action_cpp_example/package.dsv
[11.543s] -- Up-to-date: /home/jiseongyoo/ros2_examples/install/action_cpp_example/share/ament_index/resource_index/packages/action_cpp_example
[11.543s] -- Up-to-date: /home/jiseongyoo/ros2_examples/install/action_cpp_example/share/action_cpp_example/cmake/action_cpp_exampleConfig.cmake
[11.544s] -- Up-to-date: /home/jiseongyoo/ros2_examples/install/action_cpp_example/share/action_cpp_example/cmake/action_cpp_exampleConfig-version.cmake
[11.556s] -- Up-to-date: /home/jiseongyoo/ros2_examples/install/action_cpp_example/share/action_cpp_example/package.xml
