[0.295s] [35m[1mScanning dependencies of target service_client_cpp[0m
[0.393s] [ 50%] Built target service_server_cpp
[0.412s] [ 75%] [32mBuilding CXX object CMakeFiles/service_client_cpp.dir/src/service_client_cpp_example.cpp.o[0m
[4.775s] In file included from [01m[K/opt/ros/eloquent/include/rclcpp/client.hpp:39:0[m[K,
[4.777s]                  from [01m[K/opt/ros/eloquent/include/rclcpp/callback_group.hpp:23[m[K,
[4.779s]                  from [01m[K/opt/ros/eloquent/include/rclcpp/any_executable.hpp:20[m[K,
[4.780s]                  from [01m[K/opt/ros/eloquent/include/rclcpp/memory_strategy.hpp:24[m[K,
[4.781s]                  from [01m[K/opt/ros/eloquent/include/rclcpp/memory_strategies.hpp:18[m[K,
[4.782s]                  from [01m[K/opt/ros/eloquent/include/rclcpp/executor.hpp:33[m[K,
[4.783s]                  from [01m[K/opt/ros/eloquent/include/rclcpp/executors/multi_threaded_executor.hpp:25[m[K,
[4.784s]                  from [01m[K/opt/ros/eloquent/include/rclcpp/executors.hpp:21[m[K,
[4.786s]                  from [01m[K/opt/ros/eloquent/include/rclcpp/rclcpp.hpp:145[m[K,
[4.787s]                  from [01m[K/home/jiseongyoo/ros2_examples/src/service_cpp_example/src/service_client_cpp_example.cpp:3[m[K:
[4.787s] [01m[K/home/jiseongyoo/ros2_examples/src/service_cpp_example/src/service_client_cpp_example.cpp:[m[K In function ‘[01m[Kint main(int, char**)[m[K’:
[4.788s] [01m[K/home/jiseongyoo/ros2_examples/src/service_cpp_example/src/service_client_cpp_example.cpp:29:78:[m[K [01;31m[Kerror: [m[Kbase operand of ‘[01m[K->[m[K’ has non-pointer type ‘[01m[Kstd::shared_future<std::shared_ptr<interfaces::srv::Example_Response_<std::allocator<void> > > >[m[K’
[4.788s]      RCLCPP_INFO(rclcpp::get_logger("rclcpp"), "Response arrived '%s'", result[01;31m[K-[m[K>message.c_str());
[4.788s]                                                                               [01;31m[K^[m[K
[4.789s] [01m[K/opt/ros/eloquent/include/rcutils/logging_macros.h:72:64:[m[K [01;36m[Knote: [m[Kin definition of macro ‘[01m[KRCUTILS_LOG_COND_NAMED[m[K’
[4.789s]        rcutils_log(&__rcutils_logging_location, severity, name, [01;36m[K__VA_ARGS__[m[K); \
[4.789s]                                                                 [01;36m[K^~~~~~~~~~~[m[K
[4.790s] [01m[K/opt/ros/eloquent/include/rclcpp/logging.hpp:541:5:[m[K [01;36m[Knote: [m[Kin expansion of macro ‘[01m[KRCUTILS_LOG_INFO_NAMED[m[K’
[4.790s]      [01;36m[KRCUTILS_LOG_INFO_NAMED[m[K( \
[4.790s]      [01;36m[K^~~~~~~~~~~~~~~~~~~~~~[m[K
[4.791s] [01m[K/opt/ros/eloquent/include/rclcpp/logging.hpp:544:9:[m[K [01;36m[Knote: [m[Kin expansion of macro ‘[01m[KRCLCPP_ALL_BUT_FIRST_ARGS[m[K’
[4.791s]          [01;36m[KRCLCPP_ALL_BUT_FIRST_ARGS[m[K(__VA_ARGS__,"")); \
[4.791s]          [01;36m[K^~~~~~~~~~~~~~~~~~~~~~~~~[m[K
[4.792s] [01m[K/home/jiseongyoo/ros2_examples/src/service_cpp_example/src/service_client_cpp_example.cpp:29:5:[m[K [01;36m[Knote: [m[Kin expansion of macro ‘[01m[KRCLCPP_INFO[m[K’
[4.792s]      [01;36m[KRCLCPP_INFO[m[K(rclcpp::get_logger("rclcpp"), "Response arrived '%s'", result->message.c_str());
[4.793s]      [01;36m[K^~~~~~~~~~~[m[K
[5.018s] In file included from [01m[K/opt/ros/eloquent/include/rclcpp/rclcpp.hpp:145:0[m[K,
[5.018s]                  from [01m[K/home/jiseongyoo/ros2_examples/src/service_cpp_example/src/service_client_cpp_example.cpp:3[m[K:
[5.019s] /opt/ros/eloquent/include/rclcpp/executors.hpp: In instantiation of ‘[01m[Krclcpp::executor::FutureReturnCode rclcpp::spin_until_future_complete(std::shared_ptr<_Tp>, std::shared_future<ResponseT>&, std::chrono::duration<_Rep2, _Period2>) [with NodeT = rclcpp::Client<interfaces::srv::Example>; FutureT = std::shared_ptr<interfaces::srv::Example_Response_<std::allocator<void> > >; TimeRepT = long int; TimeT = std::ratio<1, 1000>][m[K’:
[5.020s] [01m[K/home/jiseongyoo/ros2_examples/src/service_cpp_example/src/service_client_cpp_example.cpp:28:64:[m[K   required from here
[5.021s] [01m[K/opt/ros/eloquent/include/rclcpp/executors.hpp:121:55:[m[K [01;31m[Kerror: [m[K‘[01m[Kusing element_type = class rclcpp::Client<interfaces::srv::Example> {aka class rclcpp::Client<interfaces::srv::Example>}[m[K’ has no member named ‘[01m[Kget_node_base_interface[m[K’
[5.022s]    return rclcpp::spin_until_future_complete([01;31m[Knode_ptr->get_node_base_interface[m[K(), future, timeout);
[5.022s]                                              [01;31m[K~~~~~~~~~~^~~~~~~~~~~~~~~~~~~~~~~[m[K
[6.067s] CMakeFiles/service_client_cpp.dir/build.make:62: recipe for target 'CMakeFiles/service_client_cpp.dir/src/service_client_cpp_example.cpp.o' failed
[6.068s] CMakeFiles/Makefile2:168: recipe for target 'CMakeFiles/service_client_cpp.dir/all' failed
[6.069s] make[2]: *** [CMakeFiles/service_client_cpp.dir/src/service_client_cpp_example.cpp.o] Error 1
[6.069s] make[1]: *** [CMakeFiles/service_client_cpp.dir/all] Error 2
[6.070s] Makefile:140: recipe for target 'all' failed
[6.070s] make: *** [all] Error 2
