[0.270s] [35m[1mScanning dependencies of target service_client_cpp[0m
[0.274s] [35m[1mScanning dependencies of target service_server_cpp[0m
[0.478s] [ 25%] [32mBuilding CXX object CMakeFiles/service_client_cpp.dir/src/service_client_cpp_example.cpp.o[0m
[0.577s] [ 50%] [32mBuilding CXX object CMakeFiles/service_server_cpp.dir/src/service_server_cpp_example.cpp.o[0m
[5.299s] [01m[K/home/jiseongyoo/ros2_examples/src/service_cpp_example/src/service_server_cpp_example.cpp:[m[K In function ‘[01m[Kint main(int, char**)[m[K’:
[5.299s] [01m[K/home/jiseongyoo/ros2_examples/src/service_cpp_example/src/service_server_cpp_example.cpp:4:14:[m[K [01;35m[Kwarning: [m[Kunused parameter ‘[01m[Kargc[m[K’ [[01;35m[K-Wunused-parameter[m[K]
[5.300s]  int main(int [01;35m[Kargc[m[K, char** argv){
[5.300s]               [01;35m[K^~~~[m[K
[5.300s] [01m[K/home/jiseongyoo/ros2_examples/src/service_cpp_example/src/service_server_cpp_example.cpp:4:27:[m[K [01;35m[Kwarning: [m[Kunused parameter ‘[01m[Kargv[m[K’ [[01;35m[K-Wunused-parameter[m[K]
[5.301s]  int main(int argc, char** [01;35m[Kargv[m[K){
[5.301s]                            [01;35m[K^~~~[m[K
[5.543s] [01m[K/home/jiseongyoo/ros2_examples/src/service_cpp_example/src/service_client_cpp_example.cpp:[m[K In function ‘[01m[Kint main(int, char**)[m[K’:
[5.544s] [01m[K/home/jiseongyoo/ros2_examples/src/service_cpp_example/src/service_client_cpp_example.cpp:4:14:[m[K [01;35m[Kwarning: [m[Kunused parameter ‘[01m[Kargc[m[K’ [[01;35m[K-Wunused-parameter[m[K]
[5.544s]  int main(int [01;35m[Kargc[m[K, char** argv){
[5.544s]               [01;35m[K^~~~[m[K
[5.545s] [01m[K/home/jiseongyoo/ros2_examples/src/service_cpp_example/src/service_client_cpp_example.cpp:4:27:[m[K [01;35m[Kwarning: [m[Kunused parameter ‘[01m[Kargv[m[K’ [[01;35m[K-Wunused-parameter[m[K]
[5.545s]  int main(int argc, char** [01;35m[Kargv[m[K){
[5.545s]                            [01;35m[K^~~~[m[K
[5.994s] [ 75%] [32m[1mLinking CXX executable service_server_cpp[0m
[6.285s] [100%] [32m[1mLinking CXX executable service_client_cpp[0m
[6.397s] [100%] Built target service_server_cpp
[6.706s] [100%] Built target service_client_cpp
[7.192s] [ 50%] Built target service_server_cpp
[7.193s] [100%] Built target service_client_cpp
[7.271s] [36mInstall the project...[0m
[7.313s] -- Install configuration: ""
[7.315s] -- Installing: /home/jiseongyoo/ros2_examples/install/service_cpp_example/lib/service_cpp_example/service_server_cpp
[7.317s] -- Set runtime path of "/home/jiseongyoo/ros2_examples/install/service_cpp_example/lib/service_cpp_example/service_server_cpp" to ""
[7.318s] -- Installing: /home/jiseongyoo/ros2_examples/install/service_cpp_example/lib/service_cpp_example/service_client_cpp
[7.320s] -- Set runtime path of "/home/jiseongyoo/ros2_examples/install/service_cpp_example/lib/service_cpp_example/service_client_cpp" to ""
[7.322s] -- Installing: /home/jiseongyoo/ros2_examples/install/service_cpp_example/share/ament_index/resource_index/package_run_dependencies/service_cpp_example
[7.323s] -- Up-to-date: /home/jiseongyoo/ros2_examples/install/service_cpp_example/share/ament_index/resource_index/parent_prefix_path/service_cpp_example
[7.324s] -- Up-to-date: /home/jiseongyoo/ros2_examples/install/service_cpp_example/share/service_cpp_example/environment/ament_prefix_path.sh
[7.325s] -- Installing: /home/jiseongyoo/ros2_examples/install/service_cpp_example/share/service_cpp_example/environment/ament_prefix_path.dsv
[7.327s] -- Up-to-date: /home/jiseongyoo/ros2_examples/install/service_cpp_example/share/service_cpp_example/environment/path.sh
[7.328s] -- Installing: /home/jiseongyoo/ros2_examples/install/service_cpp_example/share/service_cpp_example/environment/path.dsv
[7.328s] -- Up-to-date: /home/jiseongyoo/ros2_examples/install/service_cpp_example/share/service_cpp_example/local_setup.bash
[7.328s] -- Up-to-date: /home/jiseongyoo/ros2_examples/install/service_cpp_example/share/service_cpp_example/local_setup.sh
[7.329s] -- Up-to-date: /home/jiseongyoo/ros2_examples/install/service_cpp_example/share/service_cpp_example/local_setup.zsh
[7.329s] -- Installing: /home/jiseongyoo/ros2_examples/install/service_cpp_example/share/service_cpp_example/local_setup.dsv
[7.330s] -- Installing: /home/jiseongyoo/ros2_examples/install/service_cpp_example/share/service_cpp_example/package.dsv
[7.330s] -- Up-to-date: /home/jiseongyoo/ros2_examples/install/service_cpp_example/share/ament_index/resource_index/packages/service_cpp_example
[7.331s] -- Installing: /home/jiseongyoo/ros2_examples/install/service_cpp_example/share/service_cpp_example/cmake/service_cpp_exampleConfig.cmake
[7.331s] -- Installing: /home/jiseongyoo/ros2_examples/install/service_cpp_example/share/service_cpp_example/cmake/service_cpp_exampleConfig-version.cmake
[7.334s] -- Installing: /home/jiseongyoo/ros2_examples/install/service_cpp_example/share/service_cpp_example/package.xml
