[0.409s] -- The C compiler identification is GNU 7.5.0
[0.688s] -- The CXX compiler identification is GNU 7.5.0
[0.702s] -- Check for working C compiler: /usr/bin/cc
[1.038s] -- Check for working C compiler: /usr/bin/cc -- works
[1.041s] -- Detecting C compiler ABI info
[1.348s] -- Detecting C compiler ABI info - done
[1.391s] -- Detecting C compile features
[2.524s] -- Detecting C compile features - done
[2.542s] -- Check for working CXX compiler: /usr/bin/c++
[2.910s] -- Check for working CXX compiler: /usr/bin/c++ -- works
[2.913s] -- Detecting CXX compiler ABI info
[3.250s] -- Detecting CXX compiler ABI info - done
[3.281s] -- Detecting CXX compile features
[4.911s] -- Detecting CXX compile features - done
[4.919s] -- Found ament_cmake: 0.8.2 (/opt/ros/eloquent/share/ament_cmake/cmake)
[5.036s] -- Found PythonInterp: /usr/bin/python3 (found suitable version "3.6.9", minimum required is "3") 
[5.036s] -- Using PYTHON_EXECUTABLE: /usr/bin/python3
[5.863s] -- Found rclcpp: 0.8.4 (/opt/ros/eloquent/share/rclcpp/cmake)
[5.932s] -- Found rosidl_adapter: 0.8.2 (/opt/ros/eloquent/share/rosidl_adapter/cmake)
[6.115s] -- Found rmw_implementation_cmake: 0.8.1 (/opt/ros/eloquent/share/rmw_implementation_cmake/cmake)
[6.122s] -- Using RMW implementation 'rmw_fastrtps_cpp' as default
[6.126s] -- Looking for pthread.h
[6.457s] -- Looking for pthread.h - found
[6.460s] -- Looking for pthread_create
[6.807s] -- Looking for pthread_create - not found
[6.810s] -- Looking for pthread_create in pthreads
[7.085s] -- Looking for pthread_create in pthreads - not found
[7.087s] -- Looking for pthread_create in pthread
[7.384s] -- Looking for pthread_create in pthread - found
[7.389s] -- Found Threads: TRUE  
[7.537s] -- Found std_msgs: 0.8.1 (/opt/ros/eloquent/share/std_msgs/cmake)
[7.628s] -- Found ament_lint_auto: 0.8.1 (/opt/ros/eloquent/share/ament_lint_auto/cmake)
[7.940s] -- Added test 'copyright' to check for copyright in CMake / C / C++ / Python code
[7.946s] -- Added test 'cppcheck' to perform static code analysis on C / C++ code
[7.948s] -- Configured cppcheck include dirs: 
[7.957s] -- Added test 'cpplint' to check C / C++ code against the Google style
[7.961s] -- Added test 'lint_cmake' to check CMake code style
[7.966s] -- Added test 'uncrustify' to check C / C++ code style
[7.967s] -- Added test 'xmllint' to check XML markup files
[7.979s] -- Configuring done
[8.036s] -- Generating done
[8.044s] -- Build files have been written to: /home/jiseongyoo/ros2_examples/build/pubsub_cpp_example
[8.265s] [35m[1mScanning dependencies of target pub_cpp[0m
[8.458s] [ 50%] [32mBuilding CXX object CMakeFiles/pub_cpp.dir/src/pub_cpp_template.cpp.o[0m
[17.657s] [100%] [32m[1mLinking CXX executable pub_cpp[0m
[18.409s] [100%] Built target pub_cpp
[18.850s] [100%] Built target pub_cpp
[18.937s] [36mInstall the project...[0m
[18.974s] -- Install configuration: ""
[18.980s] -- Installing: /home/jiseongyoo/ros2_examples/install/pubsub_cpp_example/lib/pubsub_cpp_example/pub_cpp
[18.980s] -- Set runtime path of "/home/jiseongyoo/ros2_examples/install/pubsub_cpp_example/lib/pubsub_cpp_example/pub_cpp" to ""
[18.982s] -- Installing: /home/jiseongyoo/ros2_examples/install/pubsub_cpp_example/share/ament_index/resource_index/package_run_dependencies/pubsub_cpp_example
[18.983s] -- Installing: /home/jiseongyoo/ros2_examples/install/pubsub_cpp_example/share/ament_index/resource_index/parent_prefix_path/pubsub_cpp_example
[18.983s] -- Installing: /home/jiseongyoo/ros2_examples/install/pubsub_cpp_example/share/pubsub_cpp_example/environment/ament_prefix_path.sh
[18.984s] -- Installing: /home/jiseongyoo/ros2_examples/install/pubsub_cpp_example/share/pubsub_cpp_example/environment/ament_prefix_path.dsv
[18.984s] -- Installing: /home/jiseongyoo/ros2_examples/install/pubsub_cpp_example/share/pubsub_cpp_example/environment/path.sh
[18.985s] -- Installing: /home/jiseongyoo/ros2_examples/install/pubsub_cpp_example/share/pubsub_cpp_example/environment/path.dsv
[18.985s] -- Installing: /home/jiseongyoo/ros2_examples/install/pubsub_cpp_example/share/pubsub_cpp_example/local_setup.bash
[18.986s] -- Installing: /home/jiseongyoo/ros2_examples/install/pubsub_cpp_example/share/pubsub_cpp_example/local_setup.sh
[18.987s] -- Installing: /home/jiseongyoo/ros2_examples/install/pubsub_cpp_example/share/pubsub_cpp_example/local_setup.zsh
[18.987s] -- Installing: /home/jiseongyoo/ros2_examples/install/pubsub_cpp_example/share/pubsub_cpp_example/local_setup.dsv
[18.988s] -- Installing: /home/jiseongyoo/ros2_examples/install/pubsub_cpp_example/share/pubsub_cpp_example/package.dsv
[18.988s] -- Installing: /home/jiseongyoo/ros2_examples/install/pubsub_cpp_example/share/ament_index/resource_index/packages/pubsub_cpp_example
[18.989s] -- Installing: /home/jiseongyoo/ros2_examples/install/pubsub_cpp_example/share/pubsub_cpp_example/cmake/pubsub_cpp_exampleConfig.cmake
[18.989s] -- Installing: /home/jiseongyoo/ros2_examples/install/pubsub_cpp_example/share/pubsub_cpp_example/cmake/pubsub_cpp_exampleConfig-version.cmake
[18.999s] -- Installing: /home/jiseongyoo/ros2_examples/install/pubsub_cpp_example/share/pubsub_cpp_example/package.xml
