[0.369s] [ 11%] Built target component_subscriber_cpp
[0.424s] [ 22%] Built target component_service_server_cpp
[0.486s] [ 33%] Built target component_publisher_cpp
[0.600s] [ 44%] Built target component_service_client_cpp
[0.645s] [ 55%] Built target component_action_client_cpp
[0.698s] [35m[1mScanning dependencies of target component_action_server_cpp[0m
[0.930s] [ 66%] Built target component_parameter_server_cpp
[0.986s] [ 72%] [32mBuilding CXX object CMakeFiles/component_action_server_cpp.dir/src/action_server_cpp_example.cpp.o[0m
[1.078s] [ 83%] Built target component_parameter_client_cpp
[6.005s] [01m[K/home/jiseongyoo/ros2_examples/src/composition_cpp_example/src/action_server_cpp_example.cpp:[m[K In member function ‘[01m[Krclcpp_action::GoalResponse component::ActionServerExample::handle_goal(const GoalUUID&, std::shared_ptr<const interfaces::action::Example_Goal_<std::allocator<void> > >)[m[K’:
[6.007s] [01m[K/home/jiseongyoo/ros2_examples/src/composition_cpp_example/src/action_server_cpp_example.cpp:17:39:[m[K [01;35m[Kwarning: [m[Kcomparison with string literal results in unspecified behavior [[01;35m[K-Waddress[m[K]
[6.007s]      if (true || goal->goal.c_str() == [01;35m[K""[m[K){
[6.008s]                                        [01;35m[K^~[m[K
[11.803s] [ 88%] [32m[1mLinking CXX shared library libcomponent_action_server_cpp.so[0m
[12.749s] [ 88%] Built target component_action_server_cpp
[12.889s] [ 94%] [32m[1mLinking CXX executable component_container[0m
[14.711s] [100%] Built target component_container
[15.344s] [ 11%] Built target component_service_server_cpp
[15.351s] [ 22%] Built target component_subscriber_cpp
[15.473s] [ 33%] Built target component_publisher_cpp
[15.490s] [ 44%] Built target component_service_client_cpp
[15.605s] [ 55%] Built target component_action_client_cpp
[15.651s] [ 66%] Built target component_action_server_cpp
[15.741s] [ 77%] Built target component_parameter_server_cpp
[15.783s] [ 88%] Built target component_parameter_client_cpp
[15.936s] [100%] Built target component_container
[16.021s] [36mInstall the project...[0m
[16.057s] -- Install configuration: ""
[16.058s] -- Up-to-date: /home/jiseongyoo/ros2_examples/install/composition_cpp_example/lib/libcomponent_publisher_cpp.so
[16.060s] -- Up-to-date: /home/jiseongyoo/ros2_examples/install/composition_cpp_example/lib/libcomponent_subscriber_cpp.so
[16.061s] -- Up-to-date: /home/jiseongyoo/ros2_examples/install/composition_cpp_example/lib/libcomponent_service_server_cpp.so
[16.063s] -- Up-to-date: /home/jiseongyoo/ros2_examples/install/composition_cpp_example/lib/libcomponent_service_client_cpp.so
[16.069s] -- Installing: /home/jiseongyoo/ros2_examples/install/composition_cpp_example/lib/libcomponent_action_server_cpp.so
[16.073s] -- Set runtime path of "/home/jiseongyoo/ros2_examples/install/composition_cpp_example/lib/libcomponent_action_server_cpp.so" to ""
[16.074s] -- Installing: /home/jiseongyoo/ros2_examples/install/composition_cpp_example/lib/libcomponent_action_client_cpp.so
[16.084s] -- Set runtime path of "/home/jiseongyoo/ros2_examples/install/composition_cpp_example/lib/libcomponent_action_client_cpp.so" to ""
[16.084s] -- Up-to-date: /home/jiseongyoo/ros2_examples/install/composition_cpp_example/lib/libcomponent_parameter_server_cpp.so
[16.086s] -- Up-to-date: /home/jiseongyoo/ros2_examples/install/composition_cpp_example/lib/libcomponent_parameter_client_cpp.so
[16.088s] -- Installing: /home/jiseongyoo/ros2_examples/install/composition_cpp_example/lib/composition_cpp_example/component_container
[16.092s] -- Set runtime path of "/home/jiseongyoo/ros2_examples/install/composition_cpp_example/lib/composition_cpp_example/component_container" to ""
[16.093s] -- Up-to-date: /home/jiseongyoo/ros2_examples/install/composition_cpp_example/share/ament_index/resource_index/package_run_dependencies/composition_cpp_example
[16.094s] -- Up-to-date: /home/jiseongyoo/ros2_examples/install/composition_cpp_example/share/ament_index/resource_index/parent_prefix_path/composition_cpp_example
[16.094s] -- Up-to-date: /home/jiseongyoo/ros2_examples/install/composition_cpp_example/share/composition_cpp_example/environment/ament_prefix_path.sh
[16.096s] -- Up-to-date: /home/jiseongyoo/ros2_examples/install/composition_cpp_example/share/composition_cpp_example/environment/ament_prefix_path.dsv
[16.097s] -- Up-to-date: /home/jiseongyoo/ros2_examples/install/composition_cpp_example/share/composition_cpp_example/environment/path.sh
[16.097s] -- Up-to-date: /home/jiseongyoo/ros2_examples/install/composition_cpp_example/share/composition_cpp_example/environment/path.dsv
[16.098s] -- Up-to-date: /home/jiseongyoo/ros2_examples/install/composition_cpp_example/share/composition_cpp_example/local_setup.bash
[16.098s] -- Up-to-date: /home/jiseongyoo/ros2_examples/install/composition_cpp_example/share/composition_cpp_example/local_setup.sh
[16.098s] -- Up-to-date: /home/jiseongyoo/ros2_examples/install/composition_cpp_example/share/composition_cpp_example/local_setup.zsh
[16.099s] -- Up-to-date: /home/jiseongyoo/ros2_examples/install/composition_cpp_example/share/composition_cpp_example/local_setup.dsv
[16.099s] -- Installing: /home/jiseongyoo/ros2_examples/install/composition_cpp_example/share/composition_cpp_example/package.dsv
[16.099s] -- Up-to-date: /home/jiseongyoo/ros2_examples/install/composition_cpp_example/share/ament_index/resource_index/packages/composition_cpp_example
[16.100s] -- Up-to-date: /home/jiseongyoo/ros2_examples/install/composition_cpp_example/share/ament_index/resource_index/rclcpp_components/composition_cpp_example
[16.101s] -- Up-to-date: /home/jiseongyoo/ros2_examples/install/composition_cpp_example/share/composition_cpp_example/cmake/composition_cpp_exampleConfig.cmake
[16.102s] -- Up-to-date: /home/jiseongyoo/ros2_examples/install/composition_cpp_example/share/composition_cpp_example/cmake/composition_cpp_exampleConfig-version.cmake
[16.109s] -- Up-to-date: /home/jiseongyoo/ros2_examples/install/composition_cpp_example/share/composition_cpp_example/package.xml
