[0.184s] -- Found ament_cmake: 0.8.2 (/opt/ros/eloquent/share/ament_cmake/cmake)
[0.279s] -- Using PYTHON_EXECUTABLE: /usr/bin/python3
[1.022s] -- Found rclcpp: 0.8.4 (/opt/ros/eloquent/share/rclcpp/cmake)
[1.071s] -- Found rosidl_adapter: 0.8.2 (/opt/ros/eloquent/share/rosidl_adapter/cmake)
[1.214s] -- Found rmw_implementation_cmake: 0.8.1 (/opt/ros/eloquent/share/rmw_implementation_cmake/cmake)
[1.219s] -- Using RMW implementation 'rmw_fastrtps_cpp' as default
[1.346s] -- Found ament_lint_auto: 0.8.1 (/opt/ros/eloquent/share/ament_lint_auto/cmake)
[1.625s] -- Added test 'copyright' to check for copyright in CMake / C / C++ / Python code
[1.629s] -- Added test 'cppcheck' to perform static code analysis on C / C++ code
[1.630s] -- Configured cppcheck include dirs: 
[1.633s] -- Added test 'cpplint' to check C / C++ code against the Google style
[1.635s] -- Added test 'lint_cmake' to check CMake code style
[1.638s] -- Added test 'uncrustify' to check C / C++ code style
[1.639s] -- Added test 'xmllint' to check XML markup files
[1.647s] -- Configuring done
[1.659s] -- Generating done
[1.664s] -- Build files have been written to: /home/jiseongyoo/ros2_examples/build/pub_sub_cpp_template
[2.126s] [36mInstall the project...[0m
[2.166s] -- Install configuration: ""
[2.171s] -- Up-to-date: /home/jiseongyoo/ros2_examples/install/pub_sub_cpp_template/share/ament_index/resource_index/package_run_dependencies/pub_sub_cpp_template
[2.173s] -- Up-to-date: /home/jiseongyoo/ros2_examples/install/pub_sub_cpp_template/share/ament_index/resource_index/parent_prefix_path/pub_sub_cpp_template
[2.174s] -- Up-to-date: /home/jiseongyoo/ros2_examples/install/pub_sub_cpp_template/share/pub_sub_cpp_template/environment/ament_prefix_path.sh
[2.176s] -- Installing: /home/jiseongyoo/ros2_examples/install/pub_sub_cpp_template/share/pub_sub_cpp_template/environment/ament_prefix_path.dsv
[2.191s] -- Up-to-date: /home/jiseongyoo/ros2_examples/install/pub_sub_cpp_template/share/pub_sub_cpp_template/environment/path.sh
[2.194s] -- Installing: /home/jiseongyoo/ros2_examples/install/pub_sub_cpp_template/share/pub_sub_cpp_template/environment/path.dsv
[2.195s] -- Up-to-date: /home/jiseongyoo/ros2_examples/install/pub_sub_cpp_template/share/pub_sub_cpp_template/local_setup.bash
[2.198s] -- Up-to-date: /home/jiseongyoo/ros2_examples/install/pub_sub_cpp_template/share/pub_sub_cpp_template/local_setup.sh
[2.201s] -- Up-to-date: /home/jiseongyoo/ros2_examples/install/pub_sub_cpp_template/share/pub_sub_cpp_template/local_setup.zsh
[2.202s] -- Installing: /home/jiseongyoo/ros2_examples/install/pub_sub_cpp_template/share/pub_sub_cpp_template/local_setup.dsv
[2.202s] -- Installing: /home/jiseongyoo/ros2_examples/install/pub_sub_cpp_template/share/pub_sub_cpp_template/package.dsv
[2.203s] -- Up-to-date: /home/jiseongyoo/ros2_examples/install/pub_sub_cpp_template/share/ament_index/resource_index/packages/pub_sub_cpp_template
[2.204s] -- Up-to-date: /home/jiseongyoo/ros2_examples/install/pub_sub_cpp_template/share/pub_sub_cpp_template/cmake/pub_sub_cpp_templateConfig.cmake
[2.205s] -- Up-to-date: /home/jiseongyoo/ros2_examples/install/pub_sub_cpp_template/share/pub_sub_cpp_template/cmake/pub_sub_cpp_templateConfig-version.cmake
[2.205s] -- Up-to-date: /home/jiseongyoo/ros2_examples/install/pub_sub_cpp_template/share/pub_sub_cpp_template/package.xml
