[0.070s] Invoking command in '/home/jiseongyoo/ros2_examples/build/param_cpp_example': CMAKE_PREFIX_PATH=${CMAKE_PREFIX_PATH}:/opt/ros/eloquent /usr/bin/cmake --build /home/jiseongyoo/ros2_examples/build/param_cpp_example -- -j2 -l2
[0.250s] [35m[1mScanning dependencies of target param_client_cpp[0m
[0.358s] [ 25%] [32mBuilding CXX object CMakeFiles/param_client_cpp.dir/src/param_client_cpp_example.cpp.o[0m
[0.412s] [ 75%] Built target param_server_cpp
[4.667s] [01m[K/home/jiseongyoo/ros2_examples/src/param_cpp_example/src/param_client_cpp_example.cpp:[m[K In member function ‘[01m[Kvoid ParameterClientExample::parameters_set(T)[m[K’:
[4.669s] [01m[K/home/jiseongyoo/ros2_examples/src/param_cpp_example/src/param_client_cpp_example.cpp:43:96:[m[K [01;31m[Kerror: [m[Kno matching function for call to ‘[01m[Krclcpp::SyncParametersClient::set_parameters(rclcpp::Parameter)[m[K’
[4.670s]        auto set_parameter_result = parameter_client_->set_parameters(rclcpp::Parameter("foo", 3)[01;31m[K)[m[K;
[4.671s]                                                                                                 [01;31m[K^[m[K
[4.673s] In file included from [01m[K/opt/ros/eloquent/include/rclcpp/rclcpp.hpp:149:0[m[K,
[4.674s]                  from [01m[K/home/jiseongyoo/ros2_examples/src/param_cpp_example/src/param_client_cpp_example.cpp:12[m[K:
[4.675s] [01m[K/opt/ros/eloquent/include/rclcpp/parameter_client.hpp:287:3:[m[K [01;36m[Knote: [m[Kcandidate: std::vector<rcl_interfaces::msg::SetParametersResult_<std::allocator<void> > > rclcpp::SyncParametersClient::set_parameters(const std::vector<rclcpp::Parameter>&)
[4.676s]    [01;36m[Kset_parameters[m[K(const std::vector<rclcpp::Parameter> & parameters);
[4.677s]    [01;36m[K^~~~~~~~~~~~~~[m[K
[4.677s] [01m[K/opt/ros/eloquent/include/rclcpp/parameter_client.hpp:287:3:[m[K [01;36m[Knote: [m[K  no known conversion for argument 1 from ‘[01m[Krclcpp::Parameter[m[K’ to ‘[01m[Kconst std::vector<rclcpp::Parameter>&[m[K’
[5.360s] CMakeFiles/param_client_cpp.dir/build.make:62: recipe for target 'CMakeFiles/param_client_cpp.dir/src/param_client_cpp_example.cpp.o' failed
[5.361s] make[2]: *** [CMakeFiles/param_client_cpp.dir/src/param_client_cpp_example.cpp.o] Error 1
[5.362s] make[1]: *** [CMakeFiles/param_client_cpp.dir/all] Error 2
[5.363s] make: *** [all] Error 2
[5.364s] CMakeFiles/Makefile2:168: recipe for target 'CMakeFiles/param_client_cpp.dir/all' failed
[5.366s] Makefile:140: recipe for target 'all' failed
[5.370s] Invoked command in '/home/jiseongyoo/ros2_examples/build/param_cpp_example' returned '2': CMAKE_PREFIX_PATH=${CMAKE_PREFIX_PATH}:/opt/ros/eloquent /usr/bin/cmake --build /home/jiseongyoo/ros2_examples/build/param_cpp_example -- -j2 -l2
