[0.325s] [ 20%] Built target component_sub_cpp
[0.331s] [ 40%] Built target component_service_server_cpp
[0.374s] [35m[1mScanning dependencies of target component_service_client_cpp[0m
[0.444s] [ 60%] Built target component_pub_cpp
[0.578s] [ 70%] [32mBuilding CXX object CMakeFiles/component_service_client_cpp.dir/src/component_service_client_cpp_example.cpp.o[0m
[5.191s] In file included from [01m[K/opt/ros/eloquent/include/rclcpp/client.hpp:39:0[m[K,
[5.193s]                  from [01m[K/opt/ros/eloquent/include/rclcpp/callback_group.hpp:23[m[K,
[5.194s]                  from [01m[K/opt/ros/eloquent/include/rclcpp/any_executable.hpp:20[m[K,
[5.195s]                  from [01m[K/opt/ros/eloquent/include/rclcpp/memory_strategy.hpp:24[m[K,
[5.195s]                  from [01m[K/opt/ros/eloquent/include/rclcpp/memory_strategies.hpp:18[m[K,
[5.196s]                  from [01m[K/opt/ros/eloquent/include/rclcpp/executor.hpp:33[m[K,
[5.196s]                  from [01m[K/opt/ros/eloquent/include/rclcpp/executors/multi_threaded_executor.hpp:25[m[K,
[5.197s]                  from [01m[K/opt/ros/eloquent/include/rclcpp/executors.hpp:21[m[K,
[5.197s]                  from [01m[K/opt/ros/eloquent/include/rclcpp/rclcpp.hpp:145[m[K,
[5.197s]                  from [01m[K/home/jiseongyoo/ros2_examples/src/composition_cpp_example/include/composition_cpp_example/component_service_client_cpp_example.hpp:8[m[K,
[5.198s]                  from [01m[K/home/jiseongyoo/ros2_examples/src/composition_cpp_example/src/component_service_client_cpp_example.cpp:1[m[K:
[5.198s] [01m[K/home/jiseongyoo/ros2_examples/src/composition_cpp_example/src/component_service_client_cpp_example.cpp:[m[K In lambda function:
[5.198s] [01m[K/home/jiseongyoo/ros2_examples/src/composition_cpp_example/src/component_service_client_cpp_example.cpp:35:144:[m[K [01;31m[Kerror: [m[Kno matching function for call to ‘[01m[Kto_string(interfaces::srv::Example_Response_<std::allocator<void> >::_response_type&)[m[K’
[5.199s]  e_client_->get_service_name(), std::to_string(result.get()->response[01;31m[K)[m[K.c_str());
[5.199s]                                                                      [01;31m[K^[m[K
[5.199s] [01m[K/opt/ros/eloquent/include/rcutils/logging_macros.h:72:64:[m[K [01;36m[Knote: [m[Kin definition of macro ‘[01m[KRCUTILS_LOG_COND_NAMED[m[K’
[5.202s]        rcutils_log(&__rcutils_logging_location, severity, name, [01;36m[K__VA_ARGS__[m[K); \
[5.202s]                                                                 [01;36m[K^~~~~~~~~~~[m[K
[5.203s] [01m[K/opt/ros/eloquent/include/rclcpp/logging.hpp:541:5:[m[K [01;36m[Knote: [m[Kin expansion of macro ‘[01m[KRCUTILS_LOG_INFO_NAMED[m[K’
[5.203s]      [01;36m[KRCUTILS_LOG_INFO_NAMED[m[K( \
[5.204s]      [01;36m[K^~~~~~~~~~~~~~~~~~~~~~[m[K
[5.204s] [01m[K/opt/ros/eloquent/include/rclcpp/logging.hpp:544:9:[m[K [01;36m[Knote: [m[Kin expansion of macro ‘[01m[KRCLCPP_ALL_BUT_FIRST_ARGS[m[K’
[5.204s]          [01;36m[KRCLCPP_ALL_BUT_FIRST_ARGS[m[K(__VA_ARGS__,"")); \
[5.205s]          [01;36m[K^~~~~~~~~~~~~~~~~~~~~~~~~[m[K
[5.205s] [01m[K/home/jiseongyoo/ros2_examples/src/composition_cpp_example/src/component_service_client_cpp_example.cpp:35:7:[m[K [01;36m[Knote: [m[Kin expansion of macro ‘[01m[KRCLCPP_INFO[m[K’
[5.205s]        [01;36m[KRCLCPP_INFO[m[K(this->get_logger(), "Service responsed '%s' : %s", service_client_->get_service_name(), std::to_string(result.get()->response).c_str());
[5.206s]        [01;36m[K^~~~~~~~~~~[m[K
[5.206s] In file included from [01m[K/opt/ros/eloquent/include/rclcpp/node_interfaces/node_parameters_interface.hpp:28:0[m[K,
[5.206s]                  from [01m[K/opt/ros/eloquent/include/rclcpp/node.hpp:49[m[K,
[5.207s]                  from [01m[K/opt/ros/eloquent/include/rclcpp/executors/single_threaded_executor.hpp:28[m[K,
[5.207s]                  from [01m[K/opt/ros/eloquent/include/rclcpp/executors.hpp:22[m[K,
[5.208s]                  from [01m[K/opt/ros/eloquent/include/rclcpp/rclcpp.hpp:145[m[K,
[5.208s]                  from [01m[K/home/jiseongyoo/ros2_examples/src/composition_cpp_example/include/composition_cpp_example/component_service_client_cpp_example.hpp:8[m[K,
[5.208s]                  from [01m[K/home/jiseongyoo/ros2_examples/src/composition_cpp_example/src/component_service_client_cpp_example.cpp:1[m[K:
[5.209s] [01m[K/opt/ros/eloquent/include/rclcpp/parameter.hpp:236:1:[m[K [01;36m[Knote: [m[Kcandidate: std::__cxx11::string std::to_string(const rclcpp::Parameter&)
[5.209s]  [01;36m[Kto_string[m[K(const rclcpp::Parameter & param);
[5.210s]  [01;36m[K^~~~~~~~~[m[K
[5.212s] [01m[K/opt/ros/eloquent/include/rclcpp/parameter.hpp:236:1:[m[K [01;36m[Knote: [m[K  no known conversion for argument 1 from ‘[01m[Kinterfaces::srv::Example_Response_<std::allocator<void> >::_response_type {aka std::__cxx11::basic_string<char>}[m[K’ to ‘[01m[Kconst rclcpp::Parameter&[m[K’
[5.213s] [01m[K/opt/ros/eloquent/include/rclcpp/parameter.hpp:241:1:[m[K [01;36m[Knote: [m[Kcandidate: std::__cxx11::string std::to_string(const std::vector<rclcpp::Parameter>&)
[5.213s]  [01;36m[Kto_string[m[K(const std::vector<rclcpp::Parameter> & parameters);
[5.213s]  [01;36m[K^~~~~~~~~[m[K
[5.214s] [01m[K/opt/ros/eloquent/include/rclcpp/parameter.hpp:241:1:[m[K [01;36m[Knote: [m[K  no known conversion for argument 1 from ‘[01m[Kinterfaces::srv::Example_Response_<std::allocator<void> >::_response_type {aka std::__cxx11::basic_string<char>}[m[K’ to ‘[01m[Kconst std::vector<rclcpp::Parameter>&[m[K’
[5.214s] In file included from [01m[K/usr/include/c++/7/string:52:0[m[K,
[5.215s]                  from [01m[K/usr/include/c++/7/stdexcept:39[m[K,
[5.215s]                  from [01m[K/usr/include/c++/7/array:39[m[K,
[5.215s]                  from [01m[K/usr/include/c++/7/tuple:39[m[K,
[5.216s]                  from [01m[K/usr/include/c++/7/bits/unique_ptr.h:37[m[K,
[5.216s]                  from [01m[K/usr/include/c++/7/memory:80[m[K,
[5.216s]                  from [01m[K/opt/ros/eloquent/include/rclcpp/rclcpp.hpp:143[m[K,
[5.217s]                  from [01m[K/home/jiseongyoo/ros2_examples/src/composition_cpp_example/include/composition_cpp_example/component_service_client_cpp_example.hpp:8[m[K,
[5.217s]                  from [01m[K/home/jiseongyoo/ros2_examples/src/composition_cpp_example/src/component_service_client_cpp_example.cpp:1[m[K:
[5.217s] [01m[K/usr/include/c++/7/bits/basic_string.h:6466:3:[m[K [01;36m[Knote: [m[Kcandidate: std::__cxx11::string std::__cxx11::to_string(long double)
[5.218s]    [01;36m[Kto_string[m[K(long double __val)
[5.218s]    [01;36m[K^~~~~~~~~[m[K
[5.218s] [01m[K/usr/include/c++/7/bits/basic_string.h:6466:3:[m[K [01;36m[Knote: [m[K  no known conversion for argument 1 from ‘[01m[Kinterfaces::srv::Example_Response_<std::allocator<void> >::_response_type {aka std::__cxx11::basic_string<char>}[m[K’ to ‘[01m[Klong double[m[K’
[5.219s] [01m[K/usr/include/c++/7/bits/basic_string.h:6457:3:[m[K [01;36m[Knote: [m[Kcandidate: std::__cxx11::string std::__cxx11::to_string(double)
[5.219s]    [01;36m[Kto_string[m[K(double __val)
[5.219s]    [01;36m[K^~~~~~~~~[m[K
[5.220s] [01m[K/usr/include/c++/7/bits/basic_string.h:6457:3:[m[K [01;36m[Knote: [m[K  no known conversion for argument 1 from ‘[01m[Kinterfaces::srv::Example_Response_<std::allocator<void> >::_response_type {aka std::__cxx11::basic_string<char>}[m[K’ to ‘[01m[Kdouble[m[K’
[5.220s] [01m[K/usr/include/c++/7/bits/basic_string.h:6448:3:[m[K [01;36m[Knote: [m[Kcandidate: std::__cxx11::string std::__cxx11::to_string(float)
[5.221s]    [01;36m[Kto_string[m[K(float __val)
[5.221s]    [01;36m[K^~~~~~~~~[m[K
[5.221s] [01m[K/usr/include/c++/7/bits/basic_string.h:6448:3:[m[K [01;36m[Knote: [m[K  no known conversion for argument 1 from ‘[01m[Kinterfaces::srv::Example_Response_<std::allocator<void> >::_response_type {aka std::__cxx11::basic_string<char>}[m[K’ to ‘[01m[Kfloat[m[K’
[5.222s] [01m[K/usr/include/c++/7/bits/basic_string.h:6442:3:[m[K [01;36m[Knote: [m[Kcandidate: std::__cxx11::string std::__cxx11::to_string(long long unsigned int)
[5.222s]    [01;36m[Kto_string[m[K(unsigned long long __val)
[5.222s]    [01;36m[K^~~~~~~~~[m[K
[5.223s] [01m[K/usr/include/c++/7/bits/basic_string.h:6442:3:[m[K [01;36m[Knote: [m[K  no known conversion for argument 1 from ‘[01m[Kinterfaces::srv::Example_Response_<std::allocator<void> >::_response_type {aka std::__cxx11::basic_string<char>}[m[K’ to ‘[01m[Klong long unsigned int[m[K’
[5.224s] [01m[K/usr/include/c++/7/bits/basic_string.h:6436:3:[m[K [01;36m[Knote: [m[Kcandidate: std::__cxx11::string std::__cxx11::to_string(long long int)
[5.224s]    [01;36m[Kto_string[m[K(long long __val)
[5.225s]    [01;36m[K^~~~~~~~~[m[K
[5.225s] [01m[K/usr/include/c++/7/bits/basic_string.h:6436:3:[m[K [01;36m[Knote: [m[K  no known conversion for argument 1 from ‘[01m[Kinterfaces::srv::Example_Response_<std::allocator<void> >::_response_type {aka std::__cxx11::basic_string<char>}[m[K’ to ‘[01m[Klong long int[m[K’
[5.226s] [01m[K/usr/include/c++/7/bits/basic_string.h:6430:3:[m[K [01;36m[Knote: [m[Kcandidate: std::__cxx11::string std::__cxx11::to_string(long unsigned int)
[5.226s]    [01;36m[Kto_string[m[K(unsigned long __val)
[5.226s]    [01;36m[K^~~~~~~~~[m[K
[5.227s] [01m[K/usr/include/c++/7/bits/basic_string.h:6430:3:[m[K [01;36m[Knote: [m[K  no known conversion for argument 1 from ‘[01m[Kinterfaces::srv::Example_Response_<std::allocator<void> >::_response_type {aka std::__cxx11::basic_string<char>}[m[K’ to ‘[01m[Klong unsigned int[m[K’
[5.227s] [01m[K/usr/include/c++/7/bits/basic_string.h:6425:3:[m[K [01;36m[Knote: [m[Kcandidate: std::__cxx11::string std::__cxx11::to_string(long int)
[5.227s]    [01;36m[Kto_string[m[K(long __val)
[5.228s]    [01;36m[K^~~~~~~~~[m[K
[5.228s] [01m[K/usr/include/c++/7/bits/basic_string.h:6425:3:[m[K [01;36m[Knote: [m[K  no known conversion for argument 1 from ‘[01m[Kinterfaces::srv::Example_Response_<std::allocator<void> >::_response_type {aka std::__cxx11::basic_string<char>}[m[K’ to ‘[01m[Klong int[m[K’
[5.228s] [01m[K/usr/include/c++/7/bits/basic_string.h:6419:3:[m[K [01;36m[Knote: [m[Kcandidate: std::__cxx11::string std::__cxx11::to_string(unsigned int)
[5.229s]    [01;36m[Kto_string[m[K(unsigned __val)
[5.229s]    [01;36m[K^~~~~~~~~[m[K
[5.229s] [01m[K/usr/include/c++/7/bits/basic_string.h:6419:3:[m[K [01;36m[Knote: [m[K  no known conversion for argument 1 from ‘[01m[Kinterfaces::srv::Example_Response_<std::allocator<void> >::_response_type {aka std::__cxx11::basic_string<char>}[m[K’ to ‘[01m[Kunsigned int[m[K’
[5.230s] [01m[K/usr/include/c++/7/bits/basic_string.h:6414:3:[m[K [01;36m[Knote: [m[Kcandidate: std::__cxx11::string std::__cxx11::to_string(int)
[5.230s]    [01;36m[Kto_string[m[K(int __val)
[5.231s]    [01;36m[K^~~~~~~~~[m[K
[5.231s] [01m[K/usr/include/c++/7/bits/basic_string.h:6414:3:[m[K [01;36m[Knote: [m[K  no known conversion for argument 1 from ‘[01m[Kinterfaces::srv::Example_Response_<std::allocator<void> >::_response_type {aka std::__cxx11::basic_string<char>}[m[K’ to ‘[01m[Kint[m[K’
[7.629s] CMakeFiles/component_service_client_cpp.dir/build.make:62: recipe for target 'CMakeFiles/component_service_client_cpp.dir/src/component_service_client_cpp_example.cpp.o' failed
[7.630s] make[2]: *** [CMakeFiles/component_service_client_cpp.dir/src/component_service_client_cpp_example.cpp.o] Error 1
[7.632s] make[1]: *** [CMakeFiles/component_service_client_cpp.dir/all] Error 2
[7.637s] CMakeFiles/Makefile2:208: recipe for target 'CMakeFiles/component_service_client_cpp.dir/all' failed
[7.638s] Makefile:140: recipe for target 'all' failed
[7.638s] make: *** [all] Error 2
