[0.200s] -- Found ament_cmake: 0.8.2 (/opt/ros/eloquent/share/ament_cmake/cmake)
[0.316s] -- Using PYTHON_EXECUTABLE: /usr/bin/python3
[1.092s] -- Found rclcpp: 0.8.4 (/opt/ros/eloquent/share/rclcpp/cmake)
[1.158s] -- Found rosidl_adapter: 0.8.2 (/opt/ros/eloquent/share/rosidl_adapter/cmake)
[1.300s] -- Found rmw_implementation_cmake: 0.8.1 (/opt/ros/eloquent/share/rmw_implementation_cmake/cmake)
[1.306s] -- Using RMW implementation 'rmw_fastrtps_cpp' as default
[1.486s] -- Found ament_lint_auto: 0.8.1 (/opt/ros/eloquent/share/ament_lint_auto/cmake)
[1.764s] -- Added test 'copyright' to check for copyright in CMake / C / C++ / Python code
[1.769s] -- Added test 'cppcheck' to perform static code analysis on C / C++ code
[1.770s] -- Configured cppcheck include dirs: 
[1.772s] -- Added test 'cpplint' to check C / C++ code against the Google style
[1.775s] -- Added test 'lint_cmake' to check CMake code style
[1.778s] -- Added test 'uncrustify' to check C / C++ code style
[1.780s] -- Added test 'xmllint' to check XML markup files
[1.787s] -- Configuring done
[1.833s] -- Generating done
[1.841s] -- Build files have been written to: /home/jiseongyoo/ros2_examples/build/pub_sub_cpp_template
[2.018s] [ 50%] [32m[1mLinking CXX executable pub_cpp_template[0m
[2.768s] CMakeFiles/pub_cpp_template.dir/build.make:129: recipe for target 'pub_cpp_template' failed
[2.771s] CMakeFiles/Makefile2:131: recipe for target 'CMakeFiles/pub_cpp_template.dir/all' failed
[2.772s] Makefile:140: recipe for target 'all' failed
