[0.434s] [  1%] Built target interfaces__cpp
[0.487s] [ 13%] Built target interfaces__rosidl_generator_c
[0.670s] [ 24%] Built target interfaces__rosidl_typesupport_fastrtps_cpp
[0.690s] [ 36%] Built target interfaces__rosidl_typesupport_introspection_cpp
[0.819s] [ 47%] Built target interfaces__rosidl_typesupport_introspection_c
[0.853s] [ 59%] Built target interfaces__rosidl_typesupport_fastrtps_c
[1.039s] [ 71%] Built target interfaces__rosidl_typesupport_cpp
[1.139s] [ 82%] Built target interfaces__rosidl_typesupport_c
[1.256s] [ 82%] Built target interfaces
[1.361s] [ 84%] Built target interfaces__py
[1.497s] [ 94%] Built target interfaces__python
[1.634s] [ 97%] Built target interfaces__rosidl_typesupport_c__pyext
[1.644s] [100%] Built target interfaces__rosidl_typesupport_fastrtps_c__pyext
[2.554s] [  1%] Built target interfaces__cpp
[2.559s] [ 13%] Built target interfaces__rosidl_generator_c
[2.660s] [ 24%] Built target interfaces__rosidl_typesupport_introspection_cpp
[2.682s] [ 36%] Built target interfaces__rosidl_typesupport_fastrtps_cpp
[2.764s] [ 47%] Built target interfaces__rosidl_typesupport_introspection_c
[2.805s] [ 59%] Built target interfaces__rosidl_typesupport_fastrtps_c
[2.881s] [ 71%] Built target interfaces__rosidl_typesupport_cpp
[2.917s] [ 82%] Built target interfaces__rosidl_typesupport_c
[3.030s] [ 82%] Built target interfaces
[3.138s] [ 84%] Built target interfaces__py
[3.259s] [ 94%] Built target interfaces__python
[3.366s] [ 97%] Built target interfaces__rosidl_typesupport_c__pyext
[3.381s] [100%] Built target interfaces__rosidl_typesupport_fastrtps_c__pyext
[3.482s] [36mInstall the project...[0m
[3.545s] -- Install configuration: ""
[3.547s] -- Up-to-date: /home/jiseongyoo/ros2_examples/install/interfaces/share/ament_index/resource_index/rosidl_interfaces/interfaces
[3.549s] -- Up-to-date: /home/jiseongyoo/ros2_examples/install/interfaces/lib/libinterfaces__rosidl_typesupport_c.so
[3.552s] -- Up-to-date: /home/jiseongyoo/ros2_examples/install/interfaces/share/interfaces/environment/library_path.sh
[3.554s] -- Up-to-date: /home/jiseongyoo/ros2_examples/install/interfaces/share/interfaces/environment/library_path.dsv
[3.555s] -- Up-to-date: /home/jiseongyoo/ros2_examples/install/interfaces/lib/libinterfaces__rosidl_typesupport_cpp.so
[3.556s] -- Up-to-date: /home/jiseongyoo/ros2_examples/install/interfaces/include/interfaces
[3.557s] -- Up-to-date: /home/jiseongyoo/ros2_examples/install/interfaces/include/interfaces/msg
[3.558s] -- Up-to-date: /home/jiseongyoo/ros2_examples/install/interfaces/include/interfaces/msg/msg_collection__rosidl_typesupport_fastrtps_c.h
[3.558s] -- Up-to-date: /home/jiseongyoo/ros2_examples/install/interfaces/include/interfaces/msg/msg_collection1__rosidl_typesupport_fastrtps_c.h
[3.559s] -- Up-to-date: /home/jiseongyoo/ros2_examples/install/interfaces/include/interfaces/msg/example__rosidl_typesupport_fastrtps_c.h
[3.560s] -- Up-to-date: /home/jiseongyoo/ros2_examples/install/interfaces/include/interfaces/msg/message_interface_example__rosidl_typesupport_fastrtps_c.h
[3.560s] -- Up-to-date: /home/jiseongyoo/ros2_examples/install/interfaces/include/interfaces/msg/message_collection__rosidl_typesupport_fastrtps_c.h
[3.561s] -- Up-to-date: /home/jiseongyoo/ros2_examples/install/interfaces/include/interfaces/msg/rosidl_typesupport_fastrtps_c__visibility_control.h
[3.561s] -- Up-to-date: /home/jiseongyoo/ros2_examples/install/interfaces/include/interfaces/action
[3.561s] -- Up-to-date: /home/jiseongyoo/ros2_examples/install/interfaces/include/interfaces/action/action_interface_example__rosidl_typesupport_fastrtps_c.h
[3.562s] -- Up-to-date: /home/jiseongyoo/ros2_examples/install/interfaces/include/interfaces/action/action_collection__rosidl_typesupport_fastrtps_c.h
[3.562s] -- Up-to-date: /home/jiseongyoo/ros2_examples/install/interfaces/include/interfaces/action/example__rosidl_typesupport_fastrtps_c.h
[3.563s] -- Up-to-date: /home/jiseongyoo/ros2_examples/install/interfaces/include/interfaces/srv
[3.563s] -- Up-to-date: /home/jiseongyoo/ros2_examples/install/interfaces/include/interfaces/srv/service_interface_example__rosidl_typesupport_fastrtps_c.h
[3.564s] -- Up-to-date: /home/jiseongyoo/ros2_examples/install/interfaces/include/interfaces/srv/example__rosidl_typesupport_fastrtps_c.h
[3.564s] -- Up-to-date: /home/jiseongyoo/ros2_examples/install/interfaces/include/interfaces/srv/service_collection__rosidl_typesupport_fastrtps_c.h
[3.564s] -- Up-to-date: /home/jiseongyoo/ros2_examples/install/interfaces/lib/libinterfaces__rosidl_typesupport_fastrtps_c.so
[3.565s] -- Up-to-date: /home/jiseongyoo/ros2_examples/install/interfaces/include/interfaces
[3.565s] -- Up-to-date: /home/jiseongyoo/ros2_examples/install/interfaces/include/interfaces/msg
[3.568s] -- Up-to-date: /home/jiseongyoo/ros2_examples/install/interfaces/include/interfaces/msg/message_interface_example.h
[3.569s] -- Up-to-date: /home/jiseongyoo/ros2_examples/install/interfaces/include/interfaces/msg/example__functions.h
[3.570s] -- Up-to-date: /home/jiseongyoo/ros2_examples/install/interfaces/include/interfaces/msg/msg_collection1__type_support.h
[3.571s] -- Up-to-date: /home/jiseongyoo/ros2_examples/install/interfaces/include/interfaces/msg/msg_collection__functions.c
[3.571s] -- Up-to-date: /home/jiseongyoo/ros2_examples/install/interfaces/include/interfaces/msg/msg_collection__functions.h
[3.572s] -- Up-to-date: /home/jiseongyoo/ros2_examples/install/interfaces/include/interfaces/msg/example.h
[3.573s] -- Up-to-date: /home/jiseongyoo/ros2_examples/install/interfaces/include/interfaces/msg/msg_collection.h
[3.573s] -- Up-to-date: /home/jiseongyoo/ros2_examples/install/interfaces/include/interfaces/msg/message_interface_example__functions.c
[3.574s] -- Up-to-date: /home/jiseongyoo/ros2_examples/install/interfaces/include/interfaces/msg/example__functions.c
[3.574s] -- Up-to-date: /home/jiseongyoo/ros2_examples/install/interfaces/include/interfaces/msg/rosidl_generator_c__visibility_control.h
[3.575s] -- Up-to-date: /home/jiseongyoo/ros2_examples/install/interfaces/include/interfaces/msg/message_interface_example__type_support.h
[3.576s] -- Up-to-date: /home/jiseongyoo/ros2_examples/install/interfaces/include/interfaces/msg/msg_collection__struct.h
[3.579s] -- Up-to-date: /home/jiseongyoo/ros2_examples/install/interfaces/include/interfaces/msg/msg_collection__type_support.h
[3.580s] -- Up-to-date: /home/jiseongyoo/ros2_examples/install/interfaces/include/interfaces/msg/example__type_support.h
[3.581s] -- Up-to-date: /home/jiseongyoo/ros2_examples/install/interfaces/include/interfaces/msg/message_collection__functions.h
[3.581s] -- Up-to-date: /home/jiseongyoo/ros2_examples/install/interfaces/include/interfaces/msg/msg_collection1__functions.h
[3.582s] -- Up-to-date: /home/jiseongyoo/ros2_examples/install/interfaces/include/interfaces/msg/message_interface_example__functions.h
[3.582s] -- Up-to-date: /home/jiseongyoo/ros2_examples/install/interfaces/include/interfaces/msg/message_collection__functions.c
[3.583s] -- Up-to-date: /home/jiseongyoo/ros2_examples/install/interfaces/include/interfaces/msg/message_collection__struct.h
[3.583s] -- Up-to-date: /home/jiseongyoo/ros2_examples/install/interfaces/include/interfaces/msg/example__struct.h
[3.583s] -- Up-to-date: /home/jiseongyoo/ros2_examples/install/interfaces/include/interfaces/msg/message_collection.h
[3.584s] -- Up-to-date: /home/jiseongyoo/ros2_examples/install/interfaces/include/interfaces/msg/msg_collection1.h
[3.584s] -- Up-to-date: /home/jiseongyoo/ros2_examples/install/interfaces/include/interfaces/msg/msg_collection1__functions.c
[3.585s] -- Up-to-date: /home/jiseongyoo/ros2_examples/install/interfaces/include/interfaces/msg/msg_collection1__struct.h
[3.585s] -- Up-to-date: /home/jiseongyoo/ros2_examples/install/interfaces/include/interfaces/msg/message_interface_example__struct.h
[3.585s] -- Up-to-date: /home/jiseongyoo/ros2_examples/install/interfaces/include/interfaces/msg/message_collection__type_support.h
[3.586s] -- Up-to-date: /home/jiseongyoo/ros2_examples/install/interfaces/include/interfaces/action
[3.587s] -- Up-to-date: /home/jiseongyoo/ros2_examples/install/interfaces/include/interfaces/action/action_interface_example.h
[3.587s] -- Up-to-date: /home/jiseongyoo/ros2_examples/install/interfaces/include/interfaces/action/example__functions.h
[3.588s] -- Up-to-date: /home/jiseongyoo/ros2_examples/install/interfaces/include/interfaces/action/action_collection__type_support.h
[3.589s] -- Up-to-date: /home/jiseongyoo/ros2_examples/install/interfaces/include/interfaces/action/action_interface_example__type_support.h
[3.589s] -- Up-to-date: /home/jiseongyoo/ros2_examples/install/interfaces/include/interfaces/action/action_interface_example__functions.c
[3.591s] -- Up-to-date: /home/jiseongyoo/ros2_examples/install/interfaces/include/interfaces/action/action_collection__functions.h
[3.592s] -- Up-to-date: /home/jiseongyoo/ros2_examples/install/interfaces/include/interfaces/action/example.h
[3.592s] -- Up-to-date: /home/jiseongyoo/ros2_examples/install/interfaces/include/interfaces/action/action_collection__struct.h
[3.592s] -- Up-to-date: /home/jiseongyoo/ros2_examples/install/interfaces/include/interfaces/action/action_interface_example__struct.h
[3.593s] -- Up-to-date: /home/jiseongyoo/ros2_examples/install/interfaces/include/interfaces/action/action_collection.h
[3.593s] -- Up-to-date: /home/jiseongyoo/ros2_examples/install/interfaces/include/interfaces/action/example__functions.c
[3.593s] -- Up-to-date: /home/jiseongyoo/ros2_examples/install/interfaces/include/interfaces/action/action_collection__functions.c
[3.594s] -- Up-to-date: /home/jiseongyoo/ros2_examples/install/interfaces/include/interfaces/action/example__type_support.h
[3.594s] -- Up-to-date: /home/jiseongyoo/ros2_examples/install/interfaces/include/interfaces/action/example__struct.h
[3.595s] -- Up-to-date: /home/jiseongyoo/ros2_examples/install/interfaces/include/interfaces/action/action_interface_example__functions.h
[3.595s] -- Up-to-date: /home/jiseongyoo/ros2_examples/install/interfaces/include/interfaces/srv
[3.595s] -- Up-to-date: /home/jiseongyoo/ros2_examples/install/interfaces/include/interfaces/srv/service_collection.h
[3.596s] -- Up-to-date: /home/jiseongyoo/ros2_examples/install/interfaces/include/interfaces/srv/example__functions.h
[3.597s] -- Up-to-date: /home/jiseongyoo/ros2_examples/install/interfaces/include/interfaces/srv/service_collection__functions.c
[3.597s] -- Up-to-date: /home/jiseongyoo/ros2_examples/install/interfaces/include/interfaces/srv/service_collection__functions.h
[3.598s] -- Up-to-date: /home/jiseongyoo/ros2_examples/install/interfaces/include/interfaces/srv/example.h
[3.598s] -- Up-to-date: /home/jiseongyoo/ros2_examples/install/interfaces/include/interfaces/srv/service_interface_example__functions.h
[3.598s] -- Up-to-date: /home/jiseongyoo/ros2_examples/install/interfaces/include/interfaces/srv/service_interface_example__type_support.h
[3.599s] -- Up-to-date: /home/jiseongyoo/ros2_examples/install/interfaces/include/interfaces/srv/service_collection__type_support.h
[3.599s] -- Up-to-date: /home/jiseongyoo/ros2_examples/install/interfaces/include/interfaces/srv/example__functions.c
[3.599s] -- Up-to-date: /home/jiseongyoo/ros2_examples/install/interfaces/include/interfaces/srv/service_collection__struct.h
[3.600s] -- Up-to-date: /home/jiseongyoo/ros2_examples/install/interfaces/include/interfaces/srv/service_interface_example__functions.c
[3.600s] -- Up-to-date: /home/jiseongyoo/ros2_examples/install/interfaces/include/interfaces/srv/service_interface_example.h
[3.601s] -- Up-to-date: /home/jiseongyoo/ros2_examples/install/interfaces/include/interfaces/srv/example__type_support.h
[3.602s] -- Up-to-date: /home/jiseongyoo/ros2_examples/install/interfaces/include/interfaces/srv/service_interface_example__struct.h
[3.602s] -- Up-to-date: /home/jiseongyoo/ros2_examples/install/interfaces/include/interfaces/srv/example__struct.h
[3.603s] -- Up-to-date: /home/jiseongyoo/ros2_examples/install/interfaces/lib/libinterfaces__rosidl_generator_c.so
[3.603s] -- Up-to-date: /home/jiseongyoo/ros2_examples/install/interfaces/include/interfaces
[3.603s] -- Up-to-date: /home/jiseongyoo/ros2_examples/install/interfaces/include/interfaces/msg
[3.604s] -- Up-to-date: /home/jiseongyoo/ros2_examples/install/interfaces/include/interfaces/msg/message_collection__rosidl_typesupport_fastrtps_cpp.hpp
[3.604s] -- Up-to-date: /home/jiseongyoo/ros2_examples/install/interfaces/include/interfaces/msg/msg_collection__rosidl_typesupport_fastrtps_cpp.hpp
[3.605s] -- Up-to-date: /home/jiseongyoo/ros2_examples/install/interfaces/include/interfaces/msg/msg_collection1__rosidl_typesupport_fastrtps_cpp.hpp
[3.605s] -- Up-to-date: /home/jiseongyoo/ros2_examples/install/interfaces/include/interfaces/msg/dds_fastrtps
[3.606s] -- Up-to-date: /home/jiseongyoo/ros2_examples/install/interfaces/include/interfaces/msg/rosidl_typesupport_fastrtps_cpp__visibility_control.h
[3.606s] -- Up-to-date: /home/jiseongyoo/ros2_examples/install/interfaces/include/interfaces/msg/message_interface_example__rosidl_typesupport_fastrtps_cpp.hpp
[3.607s] -- Up-to-date: /home/jiseongyoo/ros2_examples/install/interfaces/include/interfaces/msg/example__rosidl_typesupport_fastrtps_cpp.hpp
[3.607s] -- Up-to-date: /home/jiseongyoo/ros2_examples/install/interfaces/include/interfaces/action
[3.608s] -- Up-to-date: /home/jiseongyoo/ros2_examples/install/interfaces/include/interfaces/action/dds_fastrtps
[3.608s] -- Up-to-date: /home/jiseongyoo/ros2_examples/install/interfaces/include/interfaces/action/action_collection__rosidl_typesupport_fastrtps_cpp.hpp
[3.608s] -- Up-to-date: /home/jiseongyoo/ros2_examples/install/interfaces/include/interfaces/action/action_interface_example__rosidl_typesupport_fastrtps_cpp.hpp
[3.609s] -- Up-to-date: /home/jiseongyoo/ros2_examples/install/interfaces/include/interfaces/action/example__rosidl_typesupport_fastrtps_cpp.hpp
[3.609s] -- Up-to-date: /home/jiseongyoo/ros2_examples/install/interfaces/include/interfaces/srv
[3.610s] -- Up-to-date: /home/jiseongyoo/ros2_examples/install/interfaces/include/interfaces/srv/service_interface_example__rosidl_typesupport_fastrtps_cpp.hpp
[3.610s] -- Up-to-date: /home/jiseongyoo/ros2_examples/install/interfaces/include/interfaces/srv/dds_fastrtps
[3.611s] -- Up-to-date: /home/jiseongyoo/ros2_examples/install/interfaces/include/interfaces/srv/service_collection__rosidl_typesupport_fastrtps_cpp.hpp
[3.611s] -- Up-to-date: /home/jiseongyoo/ros2_examples/install/interfaces/include/interfaces/srv/example__rosidl_typesupport_fastrtps_cpp.hpp
[3.612s] -- Up-to-date: /home/jiseongyoo/ros2_examples/install/interfaces/lib/libinterfaces__rosidl_typesupport_fastrtps_cpp.so
[3.612s] -- Up-to-date: /home/jiseongyoo/ros2_examples/install/interfaces/include/interfaces
[3.613s] -- Up-to-date: /home/jiseongyoo/ros2_examples/install/interfaces/include/interfaces/msg
[3.613s] -- Up-to-date: /home/jiseongyoo/ros2_examples/install/interfaces/include/interfaces/msg/example.hpp
[3.613s] -- Up-to-date: /home/jiseongyoo/ros2_examples/install/interfaces/include/interfaces/msg/message_interface_example__struct.hpp
[3.614s] -- Up-to-date: /home/jiseongyoo/ros2_examples/install/interfaces/include/interfaces/msg/msg_collection1__struct.hpp
[3.615s] -- Up-to-date: /home/jiseongyoo/ros2_examples/install/interfaces/include/interfaces/msg/example__struct.hpp
[3.615s] -- Up-to-date: /home/jiseongyoo/ros2_examples/install/interfaces/include/interfaces/msg/message_interface_example.hpp
[3.615s] -- Up-to-date: /home/jiseongyoo/ros2_examples/install/interfaces/include/interfaces/msg/msg_collection__struct.hpp
[3.616s] -- Up-to-date: /home/jiseongyoo/ros2_examples/install/interfaces/include/interfaces/msg/msg_collection1__traits.hpp
[3.616s] -- Up-to-date: /home/jiseongyoo/ros2_examples/install/interfaces/include/interfaces/msg/msg_collection1.hpp
[3.617s] -- Up-to-date: /home/jiseongyoo/ros2_examples/install/interfaces/include/interfaces/msg/message_collection.hpp
[3.617s] -- Up-to-date: /home/jiseongyoo/ros2_examples/install/interfaces/include/interfaces/msg/msg_collection.hpp
[3.618s] -- Up-to-date: /home/jiseongyoo/ros2_examples/install/interfaces/include/interfaces/msg/message_interface_example__traits.hpp
[3.618s] -- Up-to-date: /home/jiseongyoo/ros2_examples/install/interfaces/include/interfaces/msg/message_collection__struct.hpp
[3.619s] -- Up-to-date: /home/jiseongyoo/ros2_examples/install/interfaces/include/interfaces/msg/example__traits.hpp
[3.620s] -- Up-to-date: /home/jiseongyoo/ros2_examples/install/interfaces/include/interfaces/msg/msg_collection__traits.hpp
[3.620s] -- Up-to-date: /home/jiseongyoo/ros2_examples/install/interfaces/include/interfaces/msg/message_collection__traits.hpp
[3.621s] -- Up-to-date: /home/jiseongyoo/ros2_examples/install/interfaces/include/interfaces/action
[3.621s] -- Up-to-date: /home/jiseongyoo/ros2_examples/install/interfaces/include/interfaces/action/action_collection.hpp
[3.622s] -- Up-to-date: /home/jiseongyoo/ros2_examples/install/interfaces/include/interfaces/action/example.hpp
[3.622s] -- Up-to-date: /home/jiseongyoo/ros2_examples/install/interfaces/include/interfaces/action/action_interface_example.hpp
[3.623s] -- Up-to-date: /home/jiseongyoo/ros2_examples/install/interfaces/include/interfaces/action/example__struct.hpp
[3.623s] -- Up-to-date: /home/jiseongyoo/ros2_examples/install/interfaces/include/interfaces/action/action_interface_example__traits.hpp
[3.624s] -- Up-to-date: /home/jiseongyoo/ros2_examples/install/interfaces/include/interfaces/action/action_interface_example__struct.hpp
[3.624s] -- Up-to-date: /home/jiseongyoo/ros2_examples/install/interfaces/include/interfaces/action/action_collection__struct.hpp
[3.625s] -- Up-to-date: /home/jiseongyoo/ros2_examples/install/interfaces/include/interfaces/action/action_collection__traits.hpp
[3.625s] -- Up-to-date: /home/jiseongyoo/ros2_examples/install/interfaces/include/interfaces/action/example__traits.hpp
[3.625s] -- Up-to-date: /home/jiseongyoo/ros2_examples/install/interfaces/include/interfaces/srv
[3.626s] -- Up-to-date: /home/jiseongyoo/ros2_examples/install/interfaces/include/interfaces/srv/example.hpp
[3.627s] -- Up-to-date: /home/jiseongyoo/ros2_examples/install/interfaces/include/interfaces/srv/service_interface_example.hpp
[3.627s] -- Up-to-date: /home/jiseongyoo/ros2_examples/install/interfaces/include/interfaces/srv/service_interface_example__traits.hpp
[3.628s] -- Up-to-date: /home/jiseongyoo/ros2_examples/install/interfaces/include/interfaces/srv/example__struct.hpp
[3.629s] -- Up-to-date: /home/jiseongyoo/ros2_examples/install/interfaces/include/interfaces/srv/service_interface_example__struct.hpp
[3.629s] -- Up-to-date: /home/jiseongyoo/ros2_examples/install/interfaces/include/interfaces/srv/service_collection__traits.hpp
[3.629s] -- Up-to-date: /home/jiseongyoo/ros2_examples/install/interfaces/include/interfaces/srv/service_collection__struct.hpp
[3.631s] -- Up-to-date: /home/jiseongyoo/ros2_examples/install/interfaces/include/interfaces/srv/service_collection.hpp
[3.632s] -- Up-to-date: /home/jiseongyoo/ros2_examples/install/interfaces/include/interfaces/srv/example__traits.hpp
[3.632s] -- Up-to-date: /home/jiseongyoo/ros2_examples/install/interfaces/include/interfaces
[3.633s] -- Up-to-date: /home/jiseongyoo/ros2_examples/install/interfaces/include/interfaces/msg
[3.634s] -- Up-to-date: /home/jiseongyoo/ros2_examples/install/interfaces/include/interfaces/msg/msg_collection__rosidl_typesupport_introspection_c.h
[3.635s] -- Up-to-date: /home/jiseongyoo/ros2_examples/install/interfaces/include/interfaces/msg/message_collection__rosidl_typesupport_introspection_c.h
[3.636s] -- Up-to-date: /home/jiseongyoo/ros2_examples/install/interfaces/include/interfaces/msg/msg_collection1__type_support.c
[3.636s] -- Up-to-date: /home/jiseongyoo/ros2_examples/install/interfaces/include/interfaces/msg/rosidl_typesupport_introspection_c__visibility_control.h
[3.637s] -- Up-to-date: /home/jiseongyoo/ros2_examples/install/interfaces/include/interfaces/msg/msg_collection1__rosidl_typesupport_introspection_c.h
[3.637s] -- Up-to-date: /home/jiseongyoo/ros2_examples/install/interfaces/include/interfaces/msg/message_interface_example__rosidl_typesupport_introspection_c.h
[3.638s] -- Up-to-date: /home/jiseongyoo/ros2_examples/install/interfaces/include/interfaces/msg/example__type_support.c
[3.639s] -- Up-to-date: /home/jiseongyoo/ros2_examples/install/interfaces/include/interfaces/msg/message_collection__type_support.c
[3.640s] -- Up-to-date: /home/jiseongyoo/ros2_examples/install/interfaces/include/interfaces/msg/example__rosidl_typesupport_introspection_c.h
[3.641s] -- Up-to-date: /home/jiseongyoo/ros2_examples/install/interfaces/include/interfaces/msg/msg_collection__type_support.c
[3.642s] -- Up-to-date: /home/jiseongyoo/ros2_examples/install/interfaces/include/interfaces/msg/message_interface_example__type_support.c
[3.642s] -- Up-to-date: /home/jiseongyoo/ros2_examples/install/interfaces/include/interfaces/action
[3.643s] -- Up-to-date: /home/jiseongyoo/ros2_examples/install/interfaces/include/interfaces/action/action_collection__rosidl_typesupport_introspection_c.h
[3.644s] -- Up-to-date: /home/jiseongyoo/ros2_examples/install/interfaces/include/interfaces/action/action_interface_example__type_support.c
[3.645s] -- Up-to-date: /home/jiseongyoo/ros2_examples/install/interfaces/include/interfaces/action/action_collection__type_support.c
[3.645s] -- Up-to-date: /home/jiseongyoo/ros2_examples/install/interfaces/include/interfaces/action/action_interface_example__rosidl_typesupport_introspection_c.h
[3.646s] -- Up-to-date: /home/jiseongyoo/ros2_examples/install/interfaces/include/interfaces/action/example__type_support.c
[3.646s] -- Up-to-date: /home/jiseongyoo/ros2_examples/install/interfaces/include/interfaces/action/example__rosidl_typesupport_introspection_c.h
[3.647s] -- Up-to-date: /home/jiseongyoo/ros2_examples/install/interfaces/include/interfaces/srv
[3.647s] -- Up-to-date: /home/jiseongyoo/ros2_examples/install/interfaces/include/interfaces/srv/service_interface_example__rosidl_typesupport_introspection_c.h
[3.648s] -- Up-to-date: /home/jiseongyoo/ros2_examples/install/interfaces/include/interfaces/srv/service_interface_example__type_support.c
[3.648s] -- Up-to-date: /home/jiseongyoo/ros2_examples/install/interfaces/include/interfaces/srv/example__type_support.c
[3.650s] -- Up-to-date: /home/jiseongyoo/ros2_examples/install/interfaces/include/interfaces/srv/service_collection__type_support.c
[3.650s] -- Up-to-date: /home/jiseongyoo/ros2_examples/install/interfaces/include/interfaces/srv/service_collection__rosidl_typesupport_introspection_c.h
[3.651s] -- Up-to-date: /home/jiseongyoo/ros2_examples/install/interfaces/include/interfaces/srv/example__rosidl_typesupport_introspection_c.h
[3.651s] -- Up-to-date: /home/jiseongyoo/ros2_examples/install/interfaces/lib/libinterfaces__rosidl_typesupport_introspection_c.so
[3.652s] -- Up-to-date: /home/jiseongyoo/ros2_examples/install/interfaces/include/interfaces
[3.652s] -- Up-to-date: /home/jiseongyoo/ros2_examples/install/interfaces/include/interfaces/msg
[3.653s] -- Up-to-date: /home/jiseongyoo/ros2_examples/install/interfaces/include/interfaces/msg/msg_collection1__type_support.cpp
[3.653s] -- Up-to-date: /home/jiseongyoo/ros2_examples/install/interfaces/include/interfaces/msg/example__rosidl_typesupport_introspection_cpp.hpp
[3.654s] -- Up-to-date: /home/jiseongyoo/ros2_examples/install/interfaces/include/interfaces/msg/message_interface_example__type_support.cpp
[3.654s] -- Up-to-date: /home/jiseongyoo/ros2_examples/install/interfaces/include/interfaces/msg/msg_collection1__rosidl_typesupport_introspection_cpp.hpp
[3.655s] -- Up-to-date: /home/jiseongyoo/ros2_examples/install/interfaces/include/interfaces/msg/msg_collection__rosidl_typesupport_introspection_cpp.hpp
[3.655s] -- Up-to-date: /home/jiseongyoo/ros2_examples/install/interfaces/include/interfaces/msg/example__type_support.cpp
[3.656s] -- Up-to-date: /home/jiseongyoo/ros2_examples/install/interfaces/include/interfaces/msg/message_interface_example__rosidl_typesupport_introspection_cpp.hpp
[3.656s] -- Up-to-date: /home/jiseongyoo/ros2_examples/install/interfaces/include/interfaces/msg/message_collection__rosidl_typesupport_introspection_cpp.hpp
[3.657s] -- Up-to-date: /home/jiseongyoo/ros2_examples/install/interfaces/include/interfaces/msg/msg_collection__type_support.cpp
[3.657s] -- Up-to-date: /home/jiseongyoo/ros2_examples/install/interfaces/include/interfaces/msg/message_collection__type_support.cpp
[3.658s] -- Up-to-date: /home/jiseongyoo/ros2_examples/install/interfaces/include/interfaces/action
[3.658s] -- Up-to-date: /home/jiseongyoo/ros2_examples/install/interfaces/include/interfaces/action/example__rosidl_typesupport_introspection_cpp.hpp
[3.658s] -- Up-to-date: /home/jiseongyoo/ros2_examples/install/interfaces/include/interfaces/action/action_collection__type_support.cpp
[3.659s] -- Up-to-date: /home/jiseongyoo/ros2_examples/install/interfaces/include/interfaces/action/example__type_support.cpp
[3.659s] -- Up-to-date: /home/jiseongyoo/ros2_examples/install/interfaces/include/interfaces/action/action_interface_example__rosidl_typesupport_introspection_cpp.hpp
[3.660s] -- Up-to-date: /home/jiseongyoo/ros2_examples/install/interfaces/include/interfaces/action/action_collection__rosidl_typesupport_introspection_cpp.hpp
[3.660s] -- Up-to-date: /home/jiseongyoo/ros2_examples/install/interfaces/include/interfaces/action/action_interface_example__type_support.cpp
[3.661s] -- Up-to-date: /home/jiseongyoo/ros2_examples/install/interfaces/include/interfaces/srv
[3.661s] -- Up-to-date: /home/jiseongyoo/ros2_examples/install/interfaces/include/interfaces/srv/service_interface_example__rosidl_typesupport_introspection_cpp.hpp
[3.661s] -- Up-to-date: /home/jiseongyoo/ros2_examples/install/interfaces/include/interfaces/srv/example__rosidl_typesupport_introspection_cpp.hpp
[3.662s] -- Up-to-date: /home/jiseongyoo/ros2_examples/install/interfaces/include/interfaces/srv/service_interface_example__type_support.cpp
[3.662s] -- Up-to-date: /home/jiseongyoo/ros2_examples/install/interfaces/include/interfaces/srv/example__type_support.cpp
[3.663s] -- Up-to-date: /home/jiseongyoo/ros2_examples/install/interfaces/include/interfaces/srv/service_collection__rosidl_typesupport_introspection_cpp.hpp
[3.663s] -- Up-to-date: /home/jiseongyoo/ros2_examples/install/interfaces/include/interfaces/srv/service_collection__type_support.cpp
[3.664s] -- Up-to-date: /home/jiseongyoo/ros2_examples/install/interfaces/lib/libinterfaces__rosidl_typesupport_introspection_cpp.so
[3.664s] -- Up-to-date: /home/jiseongyoo/ros2_examples/install/interfaces/share/interfaces/environment/pythonpath.sh
[3.667s] -- Up-to-date: /home/jiseongyoo/ros2_examples/install/interfaces/share/interfaces/environment/pythonpath.dsv
[3.667s] -- Up-to-date: /home/jiseongyoo/ros2_examples/install/interfaces/lib/python3.6/site-packages/interfaces/__init__.py
[3.836s] -- Up-to-date: /home/jiseongyoo/ros2_examples/install/interfaces/lib/python3.6/site-packages/interfaces/action
[3.838s] -- Up-to-date: /home/jiseongyoo/ros2_examples/install/interfaces/lib/python3.6/site-packages/interfaces/action/_example.py
[3.841s] -- Up-to-date: /home/jiseongyoo/ros2_examples/install/interfaces/lib/python3.6/site-packages/interfaces/action/_action_interface_example.py
[3.842s] -- Up-to-date: /home/jiseongyoo/ros2_examples/install/interfaces/lib/python3.6/site-packages/interfaces/action/_action_collection_s.c
[3.843s] -- Up-to-date: /home/jiseongyoo/ros2_examples/install/interfaces/lib/python3.6/site-packages/interfaces/action/_example_s.c
[3.844s] -- Up-to-date: /home/jiseongyoo/ros2_examples/install/interfaces/lib/python3.6/site-packages/interfaces/action/_action_collection.py
[3.845s] -- Up-to-date: /home/jiseongyoo/ros2_examples/install/interfaces/lib/python3.6/site-packages/interfaces/action/_action_interface_example_s.c
[3.845s] -- Up-to-date: /home/jiseongyoo/ros2_examples/install/interfaces/lib/python3.6/site-packages/interfaces/action/__init__.py
[3.846s] -- Up-to-date: /home/jiseongyoo/ros2_examples/install/interfaces/lib/python3.6/site-packages/interfaces/msg
[3.847s] -- Up-to-date: /home/jiseongyoo/ros2_examples/install/interfaces/lib/python3.6/site-packages/interfaces/msg/_message_collection_s.c
[3.848s] -- Up-to-date: /home/jiseongyoo/ros2_examples/install/interfaces/lib/python3.6/site-packages/interfaces/msg/_message_interface_example.py
[3.849s] -- Up-to-date: /home/jiseongyoo/ros2_examples/install/interfaces/lib/python3.6/site-packages/interfaces/msg/_example.py
[3.850s] -- Up-to-date: /home/jiseongyoo/ros2_examples/install/interfaces/lib/python3.6/site-packages/interfaces/msg/_message_collection.py
[3.850s] -- Up-to-date: /home/jiseongyoo/ros2_examples/install/interfaces/lib/python3.6/site-packages/interfaces/msg/_message_interface_example_s.c
[3.851s] -- Up-to-date: /home/jiseongyoo/ros2_examples/install/interfaces/lib/python3.6/site-packages/interfaces/msg/_msg_collection1_s.c
[3.852s] -- Up-to-date: /home/jiseongyoo/ros2_examples/install/interfaces/lib/python3.6/site-packages/interfaces/msg/_msg_collection.py
[3.852s] -- Up-to-date: /home/jiseongyoo/ros2_examples/install/interfaces/lib/python3.6/site-packages/interfaces/msg/_example_s.c
[3.853s] -- Up-to-date: /home/jiseongyoo/ros2_examples/install/interfaces/lib/python3.6/site-packages/interfaces/msg/__init__.py
[3.854s] -- Up-to-date: /home/jiseongyoo/ros2_examples/install/interfaces/lib/python3.6/site-packages/interfaces/msg/_msg_collection1.py
[3.855s] -- Up-to-date: /home/jiseongyoo/ros2_examples/install/interfaces/lib/python3.6/site-packages/interfaces/msg/_msg_collection_s.c
[3.855s] -- Up-to-date: /home/jiseongyoo/ros2_examples/install/interfaces/lib/python3.6/site-packages/interfaces/srv
[3.856s] -- Up-to-date: /home/jiseongyoo/ros2_examples/install/interfaces/lib/python3.6/site-packages/interfaces/srv/_service_collection_s.c
[3.857s] -- Up-to-date: /home/jiseongyoo/ros2_examples/install/interfaces/lib/python3.6/site-packages/interfaces/srv/_example.py
[3.857s] -- Up-to-date: /home/jiseongyoo/ros2_examples/install/interfaces/lib/python3.6/site-packages/interfaces/srv/_service_interface_example.py
[3.858s] -- Up-to-date: /home/jiseongyoo/ros2_examples/install/interfaces/lib/python3.6/site-packages/interfaces/srv/_example_s.c
[3.859s] -- Up-to-date: /home/jiseongyoo/ros2_examples/install/interfaces/lib/python3.6/site-packages/interfaces/srv/__init__.py
[3.859s] -- Up-to-date: /home/jiseongyoo/ros2_examples/install/interfaces/lib/python3.6/site-packages/interfaces/srv/_service_collection.py
[3.860s] -- Up-to-date: /home/jiseongyoo/ros2_examples/install/interfaces/lib/python3.6/site-packages/interfaces/srv/_service_interface_example_s.c
[3.860s] -- Up-to-date: /home/jiseongyoo/ros2_examples/install/interfaces/lib/python3.6/site-packages/interfaces/interfaces_s__rosidl_typesupport_c.cpython-36m-x86_64-linux-gnu.so
[3.862s] -- Up-to-date: /home/jiseongyoo/ros2_examples/install/interfaces/lib/python3.6/site-packages/interfaces/interfaces_s__rosidl_typesupport_fastrtps_c.cpython-36m-x86_64-linux-gnu.so
[3.862s] -- Up-to-date: /home/jiseongyoo/ros2_examples/install/interfaces/lib/libinterfaces__python.so
[3.863s] -- Up-to-date: /home/jiseongyoo/ros2_examples/install/interfaces/share/interfaces/action/ActionCollection.idl
[3.864s] -- Up-to-date: /home/jiseongyoo/ros2_examples/install/interfaces/share/interfaces/msg/MessageCollection.idl
[3.864s] -- Up-to-date: /home/jiseongyoo/ros2_examples/install/interfaces/share/interfaces/srv/ServiceCollection.idl
[3.865s] -- Up-to-date: /home/jiseongyoo/ros2_examples/install/interfaces/share/interfaces/action/Example.idl
[3.865s] -- Up-to-date: /home/jiseongyoo/ros2_examples/install/interfaces/share/interfaces/msg/Example.idl
[3.866s] -- Up-to-date: /home/jiseongyoo/ros2_examples/install/interfaces/share/interfaces/srv/Example.idl
[3.866s] -- Up-to-date: /home/jiseongyoo/ros2_examples/install/interfaces/share/interfaces/action/ActionCollection.action
[3.868s] -- Up-to-date: /home/jiseongyoo/ros2_examples/install/interfaces/share/interfaces/msg/MessageCollection.msg
[3.869s] -- Up-to-date: /home/jiseongyoo/ros2_examples/install/interfaces/share/interfaces/srv/ServiceCollection.srv
[3.870s] -- Up-to-date: /home/jiseongyoo/ros2_examples/install/interfaces/share/interfaces/srv/ServiceCollection_Request.msg
[3.870s] -- Up-to-date: /home/jiseongyoo/ros2_examples/install/interfaces/share/interfaces/srv/ServiceCollection_Response.msg
[3.871s] -- Up-to-date: /home/jiseongyoo/ros2_examples/install/interfaces/share/interfaces/action/Example.action
[3.871s] -- Up-to-date: /home/jiseongyoo/ros2_examples/install/interfaces/share/interfaces/msg/Example.msg
[3.872s] -- Up-to-date: /home/jiseongyoo/ros2_examples/install/interfaces/share/interfaces/srv/Example.srv
[3.873s] -- Up-to-date: /home/jiseongyoo/ros2_examples/install/interfaces/share/interfaces/srv/Example_Request.msg
[3.873s] -- Up-to-date: /home/jiseongyoo/ros2_examples/install/interfaces/share/interfaces/srv/Example_Response.msg
[3.873s] -- Up-to-date: /home/jiseongyoo/ros2_examples/install/interfaces/share/ament_index/resource_index/package_run_dependencies/interfaces
[3.874s] -- Up-to-date: /home/jiseongyoo/ros2_examples/install/interfaces/share/ament_index/resource_index/parent_prefix_path/interfaces
[3.874s] -- Up-to-date: /home/jiseongyoo/ros2_examples/install/interfaces/share/interfaces/environment/ament_prefix_path.sh
[3.875s] -- Up-to-date: /home/jiseongyoo/ros2_examples/install/interfaces/share/interfaces/environment/ament_prefix_path.dsv
[3.875s] -- Up-to-date: /home/jiseongyoo/ros2_examples/install/interfaces/share/interfaces/environment/path.sh
[3.876s] -- Up-to-date: /home/jiseongyoo/ros2_examples/install/interfaces/share/interfaces/environment/path.dsv
[3.876s] -- Up-to-date: /home/jiseongyoo/ros2_examples/install/interfaces/share/interfaces/local_setup.bash
[3.877s] -- Up-to-date: /home/jiseongyoo/ros2_examples/install/interfaces/share/interfaces/local_setup.sh
[3.879s] -- Up-to-date: /home/jiseongyoo/ros2_examples/install/interfaces/share/interfaces/local_setup.zsh
[3.880s] -- Up-to-date: /home/jiseongyoo/ros2_examples/install/interfaces/share/interfaces/local_setup.dsv
[3.882s] -- Installing: /home/jiseongyoo/ros2_examples/install/interfaces/share/interfaces/package.dsv
[3.883s] -- Up-to-date: /home/jiseongyoo/ros2_examples/install/interfaces/share/ament_index/resource_index/packages/interfaces
[3.893s] -- Up-to-date: /home/jiseongyoo/ros2_examples/install/interfaces/share/interfaces/cmake/rosidl_cmake-extras.cmake
[3.894s] -- Up-to-date: /home/jiseongyoo/ros2_examples/install/interfaces/share/interfaces/cmake/ament_cmake_export_dependencies-extras.cmake
[3.895s] -- Up-to-date: /home/jiseongyoo/ros2_examples/install/interfaces/share/interfaces/cmake/ament_cmake_export_libraries-extras.cmake
[3.896s] -- Up-to-date: /home/jiseongyoo/ros2_examples/install/interfaces/share/interfaces/cmake/ament_cmake_export_include_directories-extras.cmake
[3.896s] -- Up-to-date: /home/jiseongyoo/ros2_examples/install/interfaces/share/interfaces/cmake/interfacesConfig.cmake
[3.904s] -- Up-to-date: /home/jiseongyoo/ros2_examples/install/interfaces/share/interfaces/cmake/interfacesConfig-version.cmake
[3.905s] -- Up-to-date: /home/jiseongyoo/ros2_examples/install/interfaces/share/interfaces/package.xml
