[0.298s] [35m[1mScanning dependencies of target service_client_cpp[0m
[0.358s] [ 50%] Built target service_server_cpp
[0.475s] [ 75%] [32mBuilding CXX object CMakeFiles/service_client_cpp.dir/src/service_client_cpp_example.cpp.o[0m
[4.874s] [01m[K/home/jiseongyoo/ros2_examples/src/service_cpp_example/src/service_client_cpp_example.cpp:[m[K In member function ‘[01m[Kvoid ServiceClientExample::send_request()[m[K’:
[4.875s] [01m[K/home/jiseongyoo/ros2_examples/src/service_cpp_example/src/service_client_cpp_example.cpp:35:16:[m[K [01;31m[Kerror: [m[Kreturn-statement with a value, in function returning 'void' [[01;31m[K-fpermissive[m[K]
[4.876s]          return [01;31m[K0[m[K;
[4.877s]                 [01;31m[K^[m[K
[4.888s] [01m[K/home/jiseongyoo/ros2_examples/src/service_cpp_example/src/service_client_cpp_example.cpp:50:58:[m[K [01;31m[Kerror: [m[Kno matching function for call to ‘[01m[Kspin_until_future_complete(ServiceClientExample*, std::shared_future<std::shared_ptr<interfaces::srv::Example_Response_<std::allocator<void> > > >&)[m[K’
[4.889s]      if (rclcpp::spin_until_future_complete(this, response[01;31m[K)[m[K == rclcpp::executor::FutureReturnCode::SUCCESS){
[4.890s]                                                           [01;31m[K^[m[K
[4.890s] In file included from [01m[K/opt/ros/eloquent/include/rclcpp/rclcpp.hpp:145:0[m[K,
[4.891s]                  from [01m[K/home/jiseongyoo/ros2_examples/src/service_cpp_example/src/service_client_cpp_example.cpp:14[m[K:
[4.891s] [01m[K/opt/ros/eloquent/include/rclcpp/executors.hpp:104:1:[m[K [01;36m[Knote: [m[Kcandidate: template<class FutureT, class TimeRepT, class TimeT> rclcpp::executor::FutureReturnCode rclcpp::spin_until_future_complete(rclcpp::node_interfaces::NodeBaseInterface::SharedPtr, std::shared_future<_Res>&, std::chrono::duration<_Rep, _Period>)
[4.892s]  [01;36m[Kspin_until_future_complete[m[K(
[4.892s]  [01;36m[K^~~~~~~~~~~~~~~~~~~~~~~~~~[m[K
[4.893s] [01m[K/opt/ros/eloquent/include/rclcpp/executors.hpp:104:1:[m[K [01;36m[Knote: [m[K  template argument deduction/substitution failed:
[4.893s] [01m[K/home/jiseongyoo/ros2_examples/src/service_cpp_example/src/service_client_cpp_example.cpp:50:58:[m[K [01;36m[Knote: [m[K  cannot convert ‘[01m[K(ServiceClientExample*)this[m[K’ (type ‘[01m[KServiceClientExample*[m[K’) to type ‘[01m[Krclcpp::node_interfaces::NodeBaseInterface::SharedPtr {aka std::shared_ptr<rclcpp::node_interfaces::NodeBaseInterface>}[m[K’
[4.894s]      if (rclcpp::spin_until_future_complete(this, response[01;36m[K)[m[K == rclcpp::executor::FutureReturnCode::SUCCESS){
[4.895s]                                                           [01;36m[K^[m[K
[4.895s] In file included from [01m[K/opt/ros/eloquent/include/rclcpp/rclcpp.hpp:145:0[m[K,
[4.896s]                  from [01m[K/home/jiseongyoo/ros2_examples/src/service_cpp_example/src/service_client_cpp_example.cpp:14[m[K:
[4.896s] [01m[K/opt/ros/eloquent/include/rclcpp/executors.hpp:116:1:[m[K [01;36m[Knote: [m[Kcandidate: template<class NodeT, class FutureT, class TimeRepT, class TimeT> rclcpp::executor::FutureReturnCode rclcpp::spin_until_future_complete(std::shared_ptr<_Tp>, std::shared_future<ResponseT>&, std::chrono::duration<_Rep2, _Period2>)
[4.897s]  [01;36m[Kspin_until_future_complete[m[K(
[4.897s]  [01;36m[K^~~~~~~~~~~~~~~~~~~~~~~~~~[m[K
[4.898s] [01m[K/opt/ros/eloquent/include/rclcpp/executors.hpp:116:1:[m[K [01;36m[Knote: [m[K  template argument deduction/substitution failed:
[4.898s] [01m[K/home/jiseongyoo/ros2_examples/src/service_cpp_example/src/service_client_cpp_example.cpp:50:58:[m[K [01;36m[Knote: [m[K  mismatched types ‘[01m[Kstd::shared_ptr<_Tp>[m[K’ and ‘[01m[KServiceClientExample*[m[K’
[4.899s]      if (rclcpp::spin_until_future_complete(this, response[01;36m[K)[m[K == rclcpp::executor::FutureReturnCode::SUCCESS){
[4.899s]                                                           [01;36m[K^[m[K
[6.252s] CMakeFiles/service_client_cpp.dir/build.make:62: recipe for target 'CMakeFiles/service_client_cpp.dir/src/service_client_cpp_example.cpp.o' failed
[6.253s] make[2]: *** [CMakeFiles/service_client_cpp.dir/src/service_client_cpp_example.cpp.o] Error 1
[6.254s] make[1]: *** [CMakeFiles/service_client_cpp.dir/all] Error 2
[6.255s] CMakeFiles/Makefile2:168: recipe for target 'CMakeFiles/service_client_cpp.dir/all' failed
[6.257s] Makefile:140: recipe for target 'all' failed
[6.258s] make: *** [all] Error 2
