[0.279s] [35m[1mScanning dependencies of target action_client_cpp[0m
[0.367s] [ 50%] Built target action_server_cpp
[0.419s] [ 75%] [32mBuilding CXX object CMakeFiles/action_client_cpp.dir/src/action_client_cpp_example.cpp.o[0m
[4.822s] [01m[K/home/jiseongyoo/ros2_examples/src/action_cpp_example/src/action_client_cpp_example.cpp:[m[K In member function ‘[01m[Kvoid ActionClientExample::send_goal()[m[K’:
[4.824s] [01m[K/home/jiseongyoo/ros2_examples/src/action_cpp_example/src/action_client_cpp_example.cpp:55:16:[m[K [01;31m[Kerror: [m[Kreturn-statement with a value, in function returning 'void' [[01;31m[K-fpermissive[m[K]
[4.826s]          return [01;31m[K0[m[K;
[4.827s]                 [01;31m[K^[m[K
[4.831s] [01m[K/home/jiseongyoo/ros2_examples/src/action_cpp_example/src/action_client_cpp_example.cpp:59:5:[m[K [01;31m[Kerror: [m[Kexpected ‘[01m[K;[m[K’ before ‘[01m[K}[m[K’ token
[4.831s]      [01;31m[K}[m[K
[4.831s]      [01;31m[K^[m[K
[4.832s] [01m[K/home/jiseongyoo/ros2_examples/src/action_cpp_example/src/action_client_cpp_example.cpp:66:66:[m[K [01;31m[Kerror: [m[Kno matching function for call to ‘[01m[Krclcpp_action::Client<interfaces::action::Example>::async_send_goal(interfaces::action::Example_Goal_<std::allocator<void> >&, std::shared_ptr<rclcpp_action::Client<interfaces::action::Example>::SendGoalOptions>&)[m[K’
[4.833s]      this->action_client_->async_send_goal(goal, send_goal_options[01;31m[K)[m[K;
[4.833s]                                                                   [01;31m[K^[m[K
[4.833s] In file included from [01m[K/opt/ros/eloquent/include/rclcpp_action/rclcpp_action.hpp:36:0[m[K,
[4.834s]                  from [01m[K/home/jiseongyoo/ros2_examples/src/action_cpp_example/src/action_client_cpp_example.cpp:4[m[K:
[4.834s] [01m[K/opt/ros/eloquent/include/rclcpp_action/client.hpp:343:3:[m[K [01;36m[Knote: [m[Kcandidate: std::shared_future<typename rclcpp_action::ClientGoalHandle<ActionT>::SharedPtr> rclcpp_action::Client<ActionT>::async_send_goal(const Goal&, const rclcpp_action::Client<ActionT>::SendGoalOptions&) [with ActionT = interfaces::action::Example; typename rclcpp_action::ClientGoalHandle<ActionT>::SharedPtr = std::shared_ptr<rclcpp_action::ClientGoalHandle<interfaces::action::Example> >; rclcpp_action::Client<ActionT>::Goal = interfaces::action::Example_Goal_<std::allocator<void> >]
[4.835s]    [01;36m[Kasync_send_goal[m[K(const Goal & goal, const SendGoalOptions & options = SendGoalOptions())
[4.836s]    [01;36m[K^~~~~~~~~~~~~~~[m[K
[4.836s] [01m[K/opt/ros/eloquent/include/rclcpp_action/client.hpp:343:3:[m[K [01;36m[Knote: [m[K  no known conversion for argument 2 from ‘[01m[Kstd::shared_ptr<rclcpp_action::Client<interfaces::action::Example>::SendGoalOptions>[m[K’ to ‘[01m[Kconst rclcpp_action::Client<interfaces::action::Example>::SendGoalOptions&[m[K’
[4.837s] [01m[K/home/jiseongyoo/ros2_examples/src/action_cpp_example/src/action_client_cpp_example.cpp:[m[K In constructor ‘[01m[KActionClientExample::ActionClientExample(const rclcpp::NodeOptions&)[m[K’:
[4.837s] [01m[K/home/jiseongyoo/ros2_examples/src/action_cpp_example/src/action_client_cpp_example.cpp:71:35:[m[K [01;31m[Kerror: [m[K‘[01m[Krclcpp_action::create_client<interfaces::action::Example>[m[K’ is not a class member
[4.837s]       this->action_client_ = this->[01;31m[Krclcpp_action[m[K::create_client<interfaces::action::Example>(
[4.838s]                                    [01;31m[K^~~~~~~~~~~~~[m[K
[4.838s] [01m[K/home/jiseongyoo/ros2_examples/src/action_cpp_example/src/action_client_cpp_example.cpp:79:27:[m[K [01;31m[Kerror: [m[K‘[01m[Krclcpp::create_wall_timer[m[K’ is not a class member
[4.838s]       this->timer_ = this->[01;31m[Krclcpp[m[K::create_wall_timer(
[4.839s]                            [01;31m[K^~~~~~[m[K
[4.866s] [01m[K/home/jiseongyoo/ros2_examples/src/action_cpp_example/src/action_client_cpp_example.cpp:84:94:[m[K [01;31m[Kerror: [m[Kno match for ‘[01m[Koperator=[m[K’ (operand types are ‘[01m[Kstd::shared_ptr<rclcpp_action::Client<interfaces::action::Example>::SendGoalOptions>[m[K’ and ‘[01m[Krclcpp_action::Client<interfaces::action::Example>::SendGoalOptions[m[K’)
[4.867s]       send_goal_options = rclcpp_action::Client<interfaces::action::Example>::SendGoalOptions([01;31m[K)[m[K;
[4.868s]                                                                                               [01;31m[K^[m[K
[4.868s] In file included from [01m[K/usr/include/c++/7/memory:81:0[m[K,
[4.868s]                  from [01m[K/opt/ros/eloquent/include/rclcpp/rclcpp.hpp:143[m[K,
[4.869s]                  from [01m[K/home/jiseongyoo/ros2_examples/src/action_cpp_example/src/action_client_cpp_example.cpp:3[m[K:
[4.869s] [01m[K/usr/include/c++/7/bits/shared_ptr.h:296:19:[m[K [01;36m[Knote: [m[Kcandidate: std::shared_ptr<_Tp>& std::shared_ptr<_Tp>::operator=(const std::shared_ptr<_Tp>&) [with _Tp = rclcpp_action::Client<interfaces::action::Example>::SendGoalOptions]
[4.870s]        shared_ptr& [01;36m[Koperator[m[K=(const shared_ptr&) noexcept = default;
[4.870s]                    [01;36m[K^~~~~~~~[m[K
[4.870s] [01m[K/usr/include/c++/7/bits/shared_ptr.h:296:19:[m[K [01;36m[Knote: [m[K  no known conversion for argument 1 from ‘[01m[Krclcpp_action::Client<interfaces::action::Example>::SendGoalOptions[m[K’ to ‘[01m[Kconst std::shared_ptr<rclcpp_action::Client<interfaces::action::Example>::SendGoalOptions>&[m[K’
[4.871s] [01m[K/usr/include/c++/7/bits/shared_ptr.h:300:2:[m[K [01;36m[Knote: [m[Kcandidate: template<class _Yp> std::shared_ptr<_Tp>::_Assignable<const std::shared_ptr<_Yp>&> std::shared_ptr<_Tp>::operator=(const std::shared_ptr<_Yp>&) [with _Yp = _Yp; _Tp = rclcpp_action::Client<interfaces::action::Example>::SendGoalOptions]
[4.871s]   [01;36m[Koperator[m[K=(const shared_ptr<_Yp>& __r) noexcept
[4.872s]   [01;36m[K^~~~~~~~[m[K
[4.872s] [01m[K/usr/include/c++/7/bits/shared_ptr.h:300:2:[m[K [01;36m[Knote: [m[K  template argument deduction/substitution failed:
[4.872s] [01m[K/home/jiseongyoo/ros2_examples/src/action_cpp_example/src/action_client_cpp_example.cpp:84:94:[m[K [01;36m[Knote: [m[K  ‘[01m[Krclcpp_action::Client<interfaces::action::Example>::SendGoalOptions[m[K’ is not derived from ‘[01m[Kconst std::shared_ptr<_Tp>[m[K’
[4.873s]       send_goal_options = rclcpp_action::Client<interfaces::action::Example>::SendGoalOptions([01;36m[K)[m[K;
[4.873s]                                                                                               [01;36m[K^[m[K
[4.874s] In file included from [01m[K/usr/include/c++/7/memory:81:0[m[K,
[4.874s]                  from [01m[K/opt/ros/eloquent/include/rclcpp/rclcpp.hpp:143[m[K,
[4.874s]                  from [01m[K/home/jiseongyoo/ros2_examples/src/action_cpp_example/src/action_client_cpp_example.cpp:3[m[K:
[4.875s] [01m[K/usr/include/c++/7/bits/shared_ptr.h:309:2:[m[K [01;36m[Knote: [m[Kcandidate: template<class _Yp> std::shared_ptr<_Tp>::_Assignable<std::auto_ptr<_Up> > std::shared_ptr<_Tp>::operator=(std::auto_ptr<_Up>&&) [with _Yp = _Yp; _Tp = rclcpp_action::Client<interfaces::action::Example>::SendGoalOptions]
[4.875s]   [01;36m[Koperator[m[K=(auto_ptr<_Yp>&& __r)
[4.876s]   [01;36m[K^~~~~~~~[m[K
[4.876s] [01m[K/usr/include/c++/7/bits/shared_ptr.h:309:2:[m[K [01;36m[Knote: [m[K  template argument deduction/substitution failed:
[4.876s] [01m[K/home/jiseongyoo/ros2_examples/src/action_cpp_example/src/action_client_cpp_example.cpp:84:94:[m[K [01;36m[Knote: [m[K  ‘[01m[Krclcpp_action::Client<interfaces::action::Example>::SendGoalOptions[m[K’ is not derived from ‘[01m[Kstd::auto_ptr<_Up>[m[K’
[4.877s]       send_goal_options = rclcpp_action::Client<interfaces::action::Example>::SendGoalOptions([01;36m[K)[m[K;
[4.877s]                                                                                               [01;36m[K^[m[K
[4.877s] In file included from [01m[K/usr/include/c++/7/memory:81:0[m[K,
[4.878s]                  from [01m[K/opt/ros/eloquent/include/rclcpp/rclcpp.hpp:143[m[K,
[4.878s]                  from [01m[K/home/jiseongyoo/ros2_examples/src/action_cpp_example/src/action_client_cpp_example.cpp:3[m[K:
[4.878s] [01m[K/usr/include/c++/7/bits/shared_ptr.h:317:7:[m[K [01;36m[Knote: [m[Kcandidate: std::shared_ptr<_Tp>& std::shared_ptr<_Tp>::operator=(std::shared_ptr<_Tp>&&) [with _Tp = rclcpp_action::Client<interfaces::action::Example>::SendGoalOptions]
[4.879s]        [01;36m[Koperator[m[K=(shared_ptr&& __r) noexcept
[4.879s]        [01;36m[K^~~~~~~~[m[K
[4.879s] [01m[K/usr/include/c++/7/bits/shared_ptr.h:317:7:[m[K [01;36m[Knote: [m[K  no known conversion for argument 1 from ‘[01m[Krclcpp_action::Client<interfaces::action::Example>::SendGoalOptions[m[K’ to ‘[01m[Kstd::shared_ptr<rclcpp_action::Client<interfaces::action::Example>::SendGoalOptions>&&[m[K’
[4.880s] [01m[K/usr/include/c++/7/bits/shared_ptr.h:325:2:[m[K [01;36m[Knote: [m[Kcandidate: template<class _Yp> std::shared_ptr<_Tp>::_Assignable<std::shared_ptr<_Yp> > std::shared_ptr<_Tp>::operator=(std::shared_ptr<_Yp>&&) [with _Yp = _Yp; _Tp = rclcpp_action::Client<interfaces::action::Example>::SendGoalOptions]
[4.880s]   [01;36m[Koperator[m[K=(shared_ptr<_Yp>&& __r) noexcept
[4.880s]   [01;36m[K^~~~~~~~[m[K
[4.881s] [01m[K/usr/include/c++/7/bits/shared_ptr.h:325:2:[m[K [01;36m[Knote: [m[K  template argument deduction/substitution failed:
[4.881s] [01m[K/home/jiseongyoo/ros2_examples/src/action_cpp_example/src/action_client_cpp_example.cpp:84:94:[m[K [01;36m[Knote: [m[K  ‘[01m[Krclcpp_action::Client<interfaces::action::Example>::SendGoalOptions[m[K’ is not derived from ‘[01m[Kstd::shared_ptr<_Tp>[m[K’
[4.881s]       send_goal_options = rclcpp_action::Client<interfaces::action::Example>::SendGoalOptions([01;36m[K)[m[K;
[4.882s]                                                                                               [01;36m[K^[m[K
[4.882s] In file included from [01m[K/usr/include/c++/7/memory:81:0[m[K,
[4.882s]                  from [01m[K/opt/ros/eloquent/include/rclcpp/rclcpp.hpp:143[m[K,
[4.883s]                  from [01m[K/home/jiseongyoo/ros2_examples/src/action_cpp_example/src/action_client_cpp_example.cpp:3[m[K:
[4.883s] [01m[K/usr/include/c++/7/bits/shared_ptr.h:333:2:[m[K [01;36m[Knote: [m[Kcandidate: template<class _Yp, class _Del> std::shared_ptr<_Tp>::_Assignable<std::unique_ptr<_Up, _Ep> > std::shared_ptr<_Tp>::operator=(std::unique_ptr<_Up, _Ep>&&) [with _Yp = _Yp; _Del = _Del; _Tp = rclcpp_action::Client<interfaces::action::Example>::SendGoalOptions]
[4.883s]   [01;36m[Koperator[m[K=(unique_ptr<_Yp, _Del>&& __r)
[4.884s]   [01;36m[K^~~~~~~~[m[K
[4.884s] [01m[K/usr/include/c++/7/bits/shared_ptr.h:333:2:[m[K [01;36m[Knote: [m[K  template argument deduction/substitution failed:
[4.885s] [01m[K/home/jiseongyoo/ros2_examples/src/action_cpp_example/src/action_client_cpp_example.cpp:84:94:[m[K [01;36m[Knote: [m[K  ‘[01m[Krclcpp_action::Client<interfaces::action::Example>::SendGoalOptions[m[K’ is not derived from ‘[01m[Kstd::unique_ptr<_Tp, _Dp>[m[K’
[4.885s]       send_goal_options = rclcpp_action::Client<interfaces::action::Example>::SendGoalOptions([01;36m[K)[m[K;
[4.885s]                                                                                               [01;36m[K^[m[K
[4.886s] [01m[K/home/jiseongyoo/ros2_examples/src/action_cpp_example/src/action_client_cpp_example.cpp:85:24:[m[K [01;31m[Kerror: [m[K‘[01m[Kclass std::shared_ptr<rclcpp_action::Client<interfaces::action::Example>::SendGoalOptions>[m[K’ has no member named ‘[01m[Kgoal_response_callback[m[K’
[4.886s]       send_goal_options.[01;31m[Kgoal_response_callback[m[K = std::bind(&ActionClientExample::goal_response_callback, this, std::placeholders::_1);
[4.886s]                         [01;31m[K^~~~~~~~~~~~~~~~~~~~~~[m[K
[4.909s] [01m[K/home/jiseongyoo/ros2_examples/src/action_cpp_example/src/action_client_cpp_example.cpp:86:24:[m[K [01;31m[Kerror: [m[K‘[01m[Kclass std::shared_ptr<rclcpp_action::Client<interfaces::action::Example>::SendGoalOptions>[m[K’ has no member named ‘[01m[Kresult_callback[m[K’
[4.909s]       send_goal_options.[01;31m[Kresult_callback[m[K = std::bind(&ActionClientExample::result_callback, this, std::placeholders::_1);
[4.910s]                         [01;31m[K^~~~~~~~~~~~~~~[m[K
[4.918s] [01m[K/home/jiseongyoo/ros2_examples/src/action_cpp_example/src/action_client_cpp_example.cpp:87:24:[m[K [01;31m[Kerror: [m[K‘[01m[Kclass std::shared_ptr<rclcpp_action::Client<interfaces::action::Example>::SendGoalOptions>[m[K’ has no member named ‘[01m[Kfeedback_callback[m[K’
[4.919s]       send_goal_options.[01;31m[Kfeedback_callback[m[K = std::bind(&ActionClientExample::feedback_callback, this, std::placeholders::_1, std::placeholders::_2);
[4.919s]                         [01;31m[K^~~~~~~~~~~~~~~~~[m[K
[5.678s] CMakeFiles/action_client_cpp.dir/build.make:62: recipe for target 'CMakeFiles/action_client_cpp.dir/src/action_client_cpp_example.cpp.o' failed
[5.680s] make[2]: *** [CMakeFiles/action_client_cpp.dir/src/action_client_cpp_example.cpp.o] Error 1
[5.682s] CMakeFiles/Makefile2:168: recipe for target 'CMakeFiles/action_client_cpp.dir/all' failed
[5.684s] make[1]: *** [CMakeFiles/action_client_cpp.dir/all] Error 2
[5.685s] make: *** [all] Error 2
[5.687s] Makefile:140: recipe for target 'all' failed
