[0.187s] -- Found ament_cmake: 0.8.2 (/opt/ros/eloquent/share/ament_cmake/cmake)
[0.303s] -- Using PYTHON_EXECUTABLE: /usr/bin/python3
[1.047s] -- Found rclcpp: 0.8.4 (/opt/ros/eloquent/share/rclcpp/cmake)
[1.097s] -- Found rosidl_adapter: 0.8.2 (/opt/ros/eloquent/share/rosidl_adapter/cmake)
[1.241s] -- Found rmw_implementation_cmake: 0.8.1 (/opt/ros/eloquent/share/rmw_implementation_cmake/cmake)
[1.247s] -- Using RMW implementation 'rmw_fastrtps_cpp' as default
[1.433s] -- Found ament_lint_auto: 0.8.1 (/opt/ros/eloquent/share/ament_lint_auto/cmake)
[1.712s] -- Added test 'copyright' to check for copyright in CMake / C / C++ / Python code
[1.715s] -- Added test 'cppcheck' to perform static code analysis on C / C++ code
[1.717s] -- Configured cppcheck include dirs: 
[1.721s] -- Added test 'cpplint' to check C / C++ code against the Google style
[1.722s] -- Added test 'lint_cmake' to check CMake code style
[1.726s] -- Added test 'uncrustify' to check C / C++ code style
[1.728s] -- Added test 'xmllint' to check XML markup files
[1.735s] -- Configuring done
[1.781s] -- Generating done
[1.786s] -- Build files have been written to: /home/jiseongyoo/ros2_examples/build/pub_sub_cpp_template
[1.869s] [35m[1mScanning dependencies of target pub_cpp_template[0m
[2.038s] [ 50%] [32mBuilding CXX object CMakeFiles/pub_cpp_template.dir/src/pub_cpp_template.cpp.o[0m
[11.121s] [100%] [32m[1mLinking CXX executable pub_cpp_template[0m
[11.861s] CMakeFiles/pub_cpp_template.dir/build.make:129: recipe for target 'pub_cpp_template' failed
[11.863s] CMakeFiles/Makefile2:131: recipe for target 'CMakeFiles/pub_cpp_template.dir/all' failed
[11.883s] Makefile:140: recipe for target 'all' failed
