[0.185s] -- Found ament_cmake: 0.8.2 (/opt/ros/eloquent/share/ament_cmake/cmake)
[0.290s] -- Using PYTHON_EXECUTABLE: /usr/bin/python3
[1.057s] -- Found rclcpp: 0.8.4 (/opt/ros/eloquent/share/rclcpp/cmake)
[1.120s] -- Found rosidl_adapter: 0.8.2 (/opt/ros/eloquent/share/rosidl_adapter/cmake)
[1.307s] -- Found rmw_implementation_cmake: 0.8.1 (/opt/ros/eloquent/share/rmw_implementation_cmake/cmake)
[1.313s] -- Using RMW implementation 'rmw_fastrtps_cpp' as default
[1.455s] -- Found rclcpp_action: 0.8.4 (/opt/ros/eloquent/share/rclcpp_action/cmake)
[1.721s] -- Found rclcpp_components: 0.8.4 (/opt/ros/eloquent/share/rclcpp_components/cmake)
[1.729s] -- Found poco_vendor:  (/opt/ros/eloquent/share/poco_vendor/cmake)
[1.800s] -- Found interfaces: 0.0.0 (/home/jiseongyoo/ros2_examples/install/interfaces/share/interfaces/cmake)
[2.307s] -- Found ament_lint_auto: 0.8.1 (/opt/ros/eloquent/share/ament_lint_auto/cmake)
[2.586s] -- Added test 'copyright' to check for copyright in CMake / C / C++ / Python code
[2.590s] -- Added test 'cppcheck' to perform static code analysis on C / C++ code
[2.593s] -- Configured cppcheck include dirs: /home/jiseongyoo/ros2_examples/src/composition_cpp_example/include
[2.597s] -- Added test 'cpplint' to check C / C++ code against the Google style
[2.599s] -- Added test 'lint_cmake' to check CMake code style
[2.604s] -- Added test 'uncrustify' to check C / C++ code style
[2.605s] -- Added test 'xmllint' to check XML markup files
[2.613s] -- Configuring done
[3.058s] -- Generating done
[3.076s] -- Build files have been written to: /home/jiseongyoo/ros2_examples/build/composition_cpp_example
[3.196s] [35m[1mScanning dependencies of target component_action_server_cpp[0m
[3.256s] [ 16%] Built target component_service_server_cpp
[3.467s] [ 33%] [32mBuilding CXX object CMakeFiles/component_action_server_cpp.dir/src/component_action_server_cpp_example.cpp.o[0m
[3.467s] [ 41%] Built target component_sub_cpp
[3.621s] [ 58%] Built target component_service_client_cpp
[3.737s] [ 75%] Built target component_pub_cpp
[9.726s] CMakeFiles/component_action_server_cpp.dir/build.make:62: recipe for target 'CMakeFiles/component_action_server_cpp.dir/src/component_action_server_cpp_example.cpp.o' failed
[9.735s] CMakeFiles/Makefile2:108: recipe for target 'CMakeFiles/component_action_server_cpp.dir/all' failed
[9.737s] Makefile:140: recipe for target 'all' failed
