[0.185s] -- Found ament_cmake: 0.8.2 (/opt/ros/eloquent/share/ament_cmake/cmake)
[0.290s] -- Using PYTHON_EXECUTABLE: /usr/bin/python3
[1.057s] -- Found rclcpp: 0.8.4 (/opt/ros/eloquent/share/rclcpp/cmake)
[1.120s] -- Found rosidl_adapter: 0.8.2 (/opt/ros/eloquent/share/rosidl_adapter/cmake)
[1.307s] -- Found rmw_implementation_cmake: 0.8.1 (/opt/ros/eloquent/share/rmw_implementation_cmake/cmake)
[1.313s] -- Using RMW implementation 'rmw_fastrtps_cpp' as default
[1.455s] -- Found rclcpp_action: 0.8.4 (/opt/ros/eloquent/share/rclcpp_action/cmake)
[1.721s] -- Found rclcpp_components: 0.8.4 (/opt/ros/eloquent/share/rclcpp_components/cmake)
[1.729s] -- Found poco_vendor:  (/opt/ros/eloquent/share/poco_vendor/cmake)
[1.800s] -- Found interfaces: 0.0.0 (/home/jiseongyoo/ros2_examples/install/interfaces/share/interfaces/cmake)
[2.307s] -- Found ament_lint_auto: 0.8.1 (/opt/ros/eloquent/share/ament_lint_auto/cmake)
[2.586s] -- Added test 'copyright' to check for copyright in CMake / C / C++ / Python code
[2.590s] -- Added test 'cppcheck' to perform static code analysis on C / C++ code
[2.593s] -- Configured cppcheck include dirs: /home/jiseongyoo/ros2_examples/src/composition_cpp_example/include
[2.597s] -- Added test 'cpplint' to check C / C++ code against the Google style
[2.599s] -- Added test 'lint_cmake' to check CMake code style
[2.604s] -- Added test 'uncrustify' to check C / C++ code style
[2.605s] -- Added test 'xmllint' to check XML markup files
[2.613s] -- Configuring done
[3.058s] -- Generating done
[3.076s] -- Build files have been written to: /home/jiseongyoo/ros2_examples/build/composition_cpp_example
[3.196s] [35m[1mScanning dependencies of target component_action_server_cpp[0m
[3.256s] [ 16%] Built target component_service_server_cpp
[3.467s] [ 33%] [32mBuilding CXX object CMakeFiles/component_action_server_cpp.dir/src/component_action_server_cpp_example.cpp.o[0m
[3.467s] [ 41%] Built target component_sub_cpp
[3.621s] [ 58%] Built target component_service_client_cpp
[3.737s] [ 75%] Built target component_pub_cpp
[8.432s] In file included from [01m[K/home/jiseongyoo/ros2_examples/src/composition_cpp_example/src/component_action_server_cpp_example.cpp:1:0[m[K:
[8.434s] [01m[K/home/jiseongyoo/ros2_examples/src/composition_cpp_example/include/composition_cpp_example/component_action_server_cpp_example.hpp:36:70:[m[K [01;31m[Kerror: [m[KISO C++ forbids declaration of ‘[01m[KComoponentActionServerExample[m[K’ with no type [[01;31m[K-fpermissive[m[K]
[8.436s]      ComoponentActionServerExample(const rclcpp::NodeOptions & options[01;31m[K)[m[K;
[8.437s]                                                                       [01;31m[K^[m[K
[8.448s] In file included from [01m[K/opt/ros/eloquent/include/rclcpp/client.hpp:39:0[m[K,
[8.449s]                  from [01m[K/opt/ros/eloquent/include/rclcpp/callback_group.hpp:23[m[K,
[8.449s]                  from [01m[K/opt/ros/eloquent/include/rclcpp/any_executable.hpp:20[m[K,
[8.450s]                  from [01m[K/opt/ros/eloquent/include/rclcpp/memory_strategy.hpp:24[m[K,
[8.450s]                  from [01m[K/opt/ros/eloquent/include/rclcpp/memory_strategies.hpp:18[m[K,
[8.451s]                  from [01m[K/opt/ros/eloquent/include/rclcpp/executor.hpp:33[m[K,
[8.451s]                  from [01m[K/opt/ros/eloquent/include/rclcpp/executors/multi_threaded_executor.hpp:25[m[K,
[8.451s]                  from [01m[K/opt/ros/eloquent/include/rclcpp/executors.hpp:21[m[K,
[8.452s]                  from [01m[K/opt/ros/eloquent/include/rclcpp/rclcpp.hpp:145[m[K,
[8.452s]                  from [01m[K/home/jiseongyoo/ros2_examples/src/composition_cpp_example/include/composition_cpp_example/component_action_server_cpp_example.hpp:8[m[K,
[8.453s]                  from [01m[K/home/jiseongyoo/ros2_examples/src/composition_cpp_example/src/component_action_server_cpp_example.cpp:1[m[K:
[8.453s] [01m[K/home/jiseongyoo/ros2_examples/src/composition_cpp_example/src/component_action_server_cpp_example.cpp:[m[K In member function ‘[01m[Krclcpp_action::GoalResponse component::ComponentActionServerExample::handle_goal(const GoalUUID&, std::shared_ptr<const interfaces::action::Example_Goal_<std::allocator<void> > >)[m[K’:
[8.454s] [01m[K/home/jiseongyoo/ros2_examples/src/composition_cpp_example/src/component_action_server_cpp_example.cpp:13:83:[m[K [01;31m[Kerror: [m[K‘[01m[Kusing element_type = class rclcpp_action::Server<interfaces::action::Example> {aka class rclcpp_action::Server<interfaces::action::Example>}[m[K’ has no member named ‘[01m[Kget_server_name[m[K’
[8.454s]      RCLCPP_INFO(this->get_logger(), "Action requested '%s' : %s", action_server_->[01;31m[Kg[m[Ket_server_name(), goal->goal.c_str());
[8.454s]                                                                                    [01;31m[K^[m[K
[8.455s] [01m[K/opt/ros/eloquent/include/rcutils/logging_macros.h:72:64:[m[K [01;36m[Knote: [m[Kin definition of macro ‘[01m[KRCUTILS_LOG_COND_NAMED[m[K’
[8.456s]        rcutils_log(&__rcutils_logging_location, severity, name, [01;36m[K__VA_ARGS__[m[K); \
[8.456s]                                                                 [01;36m[K^~~~~~~~~~~[m[K
[8.456s] [01m[K/opt/ros/eloquent/include/rclcpp/logging.hpp:541:5:[m[K [01;36m[Knote: [m[Kin expansion of macro ‘[01m[KRCUTILS_LOG_INFO_NAMED[m[K’
[8.457s]      [01;36m[KRCUTILS_LOG_INFO_NAMED[m[K( \
[8.457s]      [01;36m[K^~~~~~~~~~~~~~~~~~~~~~[m[K
[8.458s] [01m[K/opt/ros/eloquent/include/rclcpp/logging.hpp:544:9:[m[K [01;36m[Knote: [m[Kin expansion of macro ‘[01m[KRCLCPP_ALL_BUT_FIRST_ARGS[m[K’
[8.458s]          [01;36m[KRCLCPP_ALL_BUT_FIRST_ARGS[m[K(__VA_ARGS__,"")); \
[8.458s]          [01;36m[K^~~~~~~~~~~~~~~~~~~~~~~~~[m[K
[8.459s] [01m[K/home/jiseongyoo/ros2_examples/src/composition_cpp_example/src/component_action_server_cpp_example.cpp:13:5:[m[K [01;36m[Knote: [m[Kin expansion of macro ‘[01m[KRCLCPP_INFO[m[K’
[8.459s]      [01;36m[KRCLCPP_INFO[m[K(this->get_logger(), "Action requested '%s' : %s", action_server_->get_server_name(), goal->goal.c_str());
[8.459s]      [01;36m[K^~~~~~~~~~~[m[K
[8.463s] [01m[K/home/jiseongyoo/ros2_examples/src/composition_cpp_example/src/component_action_server_cpp_example.cpp:[m[K In member function ‘[01m[Krclcpp_action::CancelResponse component::ComponentActionServerExample::handle_cancel(std::shared_ptr<rclcpp_action::ServerGoalHandle<interfaces::action::Example> >)[m[K’:
[8.463s] [01m[K/home/jiseongyoo/ros2_examples/src/composition_cpp_example/src/component_action_server_cpp_example.cpp:34:79:[m[K [01;31m[Kerror: [m[K‘[01m[Kusing element_type = class rclcpp_action::Server<interfaces::action::Example> {aka class rclcpp_action::Server<interfaces::action::Example>}[m[K’ has no member named ‘[01m[Kget_server_name[m[K’
[8.464s]      RCLCPP_INFO(this->get_logger(), "Action '%s' : canceled", action_server_->[01;31m[Kg[m[Ket_server_name());
[8.464s]                                                                                [01;31m[K^[m[K
[8.465s] [01m[K/opt/ros/eloquent/include/rcutils/logging_macros.h:72:64:[m[K [01;36m[Knote: [m[Kin definition of macro ‘[01m[KRCUTILS_LOG_COND_NAMED[m[K’
[8.465s]        rcutils_log(&__rcutils_logging_location, severity, name, [01;36m[K__VA_ARGS__[m[K); \
[8.465s]                                                                 [01;36m[K^~~~~~~~~~~[m[K
[8.466s] [01m[K/opt/ros/eloquent/include/rclcpp/logging.hpp:541:5:[m[K [01;36m[Knote: [m[Kin expansion of macro ‘[01m[KRCUTILS_LOG_INFO_NAMED[m[K’
[8.466s]      [01;36m[KRCUTILS_LOG_INFO_NAMED[m[K( \
[8.466s]      [01;36m[K^~~~~~~~~~~~~~~~~~~~~~[m[K
[8.467s] [01m[K/opt/ros/eloquent/include/rclcpp/logging.hpp:544:9:[m[K [01;36m[Knote: [m[Kin expansion of macro ‘[01m[KRCLCPP_ALL_BUT_FIRST_ARGS[m[K’
[8.467s]          [01;36m[KRCLCPP_ALL_BUT_FIRST_ARGS[m[K(__VA_ARGS__,"")); \
[8.467s]          [01;36m[K^~~~~~~~~~~~~~~~~~~~~~~~~[m[K
[8.468s] [01m[K/home/jiseongyoo/ros2_examples/src/composition_cpp_example/src/component_action_server_cpp_example.cpp:34:5:[m[K [01;36m[Knote: [m[Kin expansion of macro ‘[01m[KRCLCPP_INFO[m[K’
[8.468s]      [01;36m[KRCLCPP_INFO[m[K(this->get_logger(), "Action '%s' : canceled", action_server_->get_server_name());
[8.469s]      [01;36m[K^~~~~~~~~~~[m[K
[8.512s] [01m[K/home/jiseongyoo/ros2_examples/src/composition_cpp_example/src/component_action_server_cpp_example.cpp:[m[K In member function ‘[01m[Kvoid component::ComponentActionServerExample::execute(std::shared_ptr<rclcpp_action::ServerGoalHandle<interfaces::action::Example> >)[m[K’:
[8.513s] [01m[K/home/jiseongyoo/ros2_examples/src/composition_cpp_example/src/component_action_server_cpp_example.cpp:53:79:[m[K [01;31m[Kerror: [m[K‘[01m[Kusing element_type = class rclcpp_action::Server<interfaces::action::Example> {aka class rclcpp_action::Server<interfaces::action::Example>}[m[K’ has no member named ‘[01m[Kget_server_name[m[K’
[8.514s]      RCLCPP_INFO(this->get_logger(), "Action '%s' : executed", action_server_->[01;31m[Kg[m[Ket_server_name());
[8.515s]                                                                                [01;31m[K^[m[K
[8.516s] [01m[K/opt/ros/eloquent/include/rcutils/logging_macros.h:72:64:[m[K [01;36m[Knote: [m[Kin definition of macro ‘[01m[KRCUTILS_LOG_COND_NAMED[m[K’
[8.516s]        rcutils_log(&__rcutils_logging_location, severity, name, [01;36m[K__VA_ARGS__[m[K); \
[8.517s]                                                                 [01;36m[K^~~~~~~~~~~[m[K
[8.518s] [01m[K/opt/ros/eloquent/include/rclcpp/logging.hpp:541:5:[m[K [01;36m[Knote: [m[Kin expansion of macro ‘[01m[KRCUTILS_LOG_INFO_NAMED[m[K’
[8.519s]      [01;36m[KRCUTILS_LOG_INFO_NAMED[m[K( \
[8.523s]      [01;36m[K^~~~~~~~~~~~~~~~~~~~~~[m[K
[8.523s] [01m[K/opt/ros/eloquent/include/rclcpp/logging.hpp:544:9:[m[K [01;36m[Knote: [m[Kin expansion of macro ‘[01m[KRCLCPP_ALL_BUT_FIRST_ARGS[m[K’
[8.524s]          [01;36m[KRCLCPP_ALL_BUT_FIRST_ARGS[m[K(__VA_ARGS__,"")); \
[8.524s]          [01;36m[K^~~~~~~~~~~~~~~~~~~~~~~~~[m[K
[8.524s] [01m[K/home/jiseongyoo/ros2_examples/src/composition_cpp_example/src/component_action_server_cpp_example.cpp:53:5:[m[K [01;36m[Knote: [m[Kin expansion of macro ‘[01m[KRCLCPP_INFO[m[K’
[8.525s]      [01;36m[KRCLCPP_INFO[m[K(this->get_logger(), "Action '%s' : executed", action_server_->get_server_name());
[8.525s]      [01;36m[K^~~~~~~~~~~[m[K
[8.579s] [01m[K/home/jiseongyoo/ros2_examples/src/composition_cpp_example/src/component_action_server_cpp_example.cpp:74:82:[m[K [01;31m[Kerror: [m[K‘[01m[Kusing element_type = class rclcpp_action::Server<interfaces::action::Example> {aka class rclcpp_action::Server<interfaces::action::Example>}[m[K’ has no member named ‘[01m[Kget_server_name[m[K’
[8.583s]          RCLCPP_INFO(this->get_logger(), "Action 's' : canceled", action_server_->[01;31m[Kg[m[Ket_server_name());
[8.583s]                                                                                   [01;31m[K^[m[K
[8.584s] [01m[K/opt/ros/eloquent/include/rcutils/logging_macros.h:72:64:[m[K [01;36m[Knote: [m[Kin definition of macro ‘[01m[KRCUTILS_LOG_COND_NAMED[m[K’
[8.584s]        rcutils_log(&__rcutils_logging_location, severity, name, [01;36m[K__VA_ARGS__[m[K); \
[8.584s]                                                                 [01;36m[K^~~~~~~~~~~[m[K
[8.585s] [01m[K/opt/ros/eloquent/include/rclcpp/logging.hpp:541:5:[m[K [01;36m[Knote: [m[Kin expansion of macro ‘[01m[KRCUTILS_LOG_INFO_NAMED[m[K’
[8.585s]      [01;36m[KRCUTILS_LOG_INFO_NAMED[m[K( \
[8.585s]      [01;36m[K^~~~~~~~~~~~~~~~~~~~~~[m[K
[8.586s] [01m[K/opt/ros/eloquent/include/rclcpp/logging.hpp:544:9:[m[K [01;36m[Knote: [m[Kin expansion of macro ‘[01m[KRCLCPP_ALL_BUT_FIRST_ARGS[m[K’
[8.588s]          [01;36m[KRCLCPP_ALL_BUT_FIRST_ARGS[m[K(__VA_ARGS__,"")); \
[8.589s]          [01;36m[K^~~~~~~~~~~~~~~~~~~~~~~~~[m[K
[8.590s] [01m[K/home/jiseongyoo/ros2_examples/src/composition_cpp_example/src/component_action_server_cpp_example.cpp:74:9:[m[K [01;36m[Knote: [m[Kin expansion of macro ‘[01m[KRCLCPP_INFO[m[K’
[8.591s]          [01;36m[KRCLCPP_INFO[m[K(this->get_logger(), "Action 's' : canceled", action_server_->get_server_name());
[8.591s]          [01;36m[K^~~~~~~~~~~[m[K
[8.592s] [01m[K/home/jiseongyoo/ros2_examples/src/composition_cpp_example/src/component_action_server_cpp_example.cpp:90:87:[m[K [01;31m[Kerror: [m[K‘[01m[Kusing element_type = class rclcpp_action::Server<interfaces::action::Example> {aka class rclcpp_action::Server<interfaces::action::Example>}[m[K’ has no member named ‘[01m[Kget_server_name[m[K’
[8.592s]        RCLCPP_INFO(this->get_logger(), "Feedback published '%s' : %s", action_server_->[01;31m[Kg[m[Ket_server_name(), feedback->feedback.c_str());
[8.592s]                                                                                        [01;31m[K^[m[K
[8.593s] [01m[K/opt/ros/eloquent/include/rcutils/logging_macros.h:72:64:[m[K [01;36m[Knote: [m[Kin definition of macro ‘[01m[KRCUTILS_LOG_COND_NAMED[m[K’
[8.593s]        rcutils_log(&__rcutils_logging_location, severity, name, [01;36m[K__VA_ARGS__[m[K); \
[8.593s]                                                                 [01;36m[K^~~~~~~~~~~[m[K
[8.594s] [01m[K/opt/ros/eloquent/include/rclcpp/logging.hpp:541:5:[m[K [01;36m[Knote: [m[Kin expansion of macro ‘[01m[KRCUTILS_LOG_INFO_NAMED[m[K’
[8.594s]      [01;36m[KRCUTILS_LOG_INFO_NAMED[m[K( \
[8.594s]      [01;36m[K^~~~~~~~~~~~~~~~~~~~~~[m[K
[8.595s] [01m[K/opt/ros/eloquent/include/rclcpp/logging.hpp:544:9:[m[K [01;36m[Knote: [m[Kin expansion of macro ‘[01m[KRCLCPP_ALL_BUT_FIRST_ARGS[m[K’
[8.595s]          [01;36m[KRCLCPP_ALL_BUT_FIRST_ARGS[m[K(__VA_ARGS__,"")); \
[8.595s]          [01;36m[K^~~~~~~~~~~~~~~~~~~~~~~~~[m[K
[8.596s] [01m[K/home/jiseongyoo/ros2_examples/src/composition_cpp_example/src/component_action_server_cpp_example.cpp:90:7:[m[K [01;36m[Knote: [m[Kin expansion of macro ‘[01m[KRCLCPP_INFO[m[K’
[8.596s]        [01;36m[KRCLCPP_INFO[m[K(this->get_logger(), "Feedback published '%s' : %s", action_server_->get_server_name(), feedback->feedback.c_str());
[8.596s]        [01;36m[K^~~~~~~~~~~[m[K
[8.597s] [01m[K/home/jiseongyoo/ros2_examples/src/composition_cpp_example/src/component_action_server_cpp_example.cpp:106:74:[m[K [01;31m[Kerror: [m[K‘[01m[Kget_server_name[m[K’ was not declared in this scope
[8.597s]        RCLCPP_INFO(this->get_logger(), "Action '%s' : %s", action_server_-[01;31m[Kg[m[Ket_server_name(), result->result.c_str());
[8.597s]                                                                           [01;31m[K^[m[K
[8.598s] [01m[K/opt/ros/eloquent/include/rcutils/logging_macros.h:72:64:[m[K [01;36m[Knote: [m[Kin definition of macro ‘[01m[KRCUTILS_LOG_COND_NAMED[m[K’
[8.598s]        rcutils_log(&__rcutils_logging_location, severity, name, [01;36m[K__VA_ARGS__[m[K); \
[8.599s]                                                                 [01;36m[K^~~~~~~~~~~[m[K
[8.599s] [01m[K/opt/ros/eloquent/include/rclcpp/logging.hpp:541:5:[m[K [01;36m[Knote: [m[Kin expansion of macro ‘[01m[KRCUTILS_LOG_INFO_NAMED[m[K’
[8.599s]      [01;36m[KRCUTILS_LOG_INFO_NAMED[m[K( \
[8.600s]      [01;36m[K^~~~~~~~~~~~~~~~~~~~~~[m[K
[8.601s] [01m[K/opt/ros/eloquent/include/rclcpp/logging.hpp:544:9:[m[K [01;36m[Knote: [m[Kin expansion of macro ‘[01m[KRCLCPP_ALL_BUT_FIRST_ARGS[m[K’
[8.601s]          [01;36m[KRCLCPP_ALL_BUT_FIRST_ARGS[m[K(__VA_ARGS__,"")); \
[8.602s]          [01;36m[K^~~~~~~~~~~~~~~~~~~~~~~~~[m[K
[8.602s] [01m[K/home/jiseongyoo/ros2_examples/src/composition_cpp_example/src/component_action_server_cpp_example.cpp:106:7:[m[K [01;36m[Knote: [m[Kin expansion of macro ‘[01m[KRCLCPP_INFO[m[K’
[8.602s]        [01;36m[KRCLCPP_INFO[m[K(this->get_logger(), "Action '%s' : %s", action_server_-get_server_name(), result->result.c_str());
[8.603s]        [01;36m[K^~~~~~~~~~~[m[K
[8.603s] [01m[K/home/jiseongyoo/ros2_examples/src/composition_cpp_example/src/component_action_server_cpp_example.cpp:106:74:[m[K [01;36m[Knote: [m[Ksuggested alternative: ‘[01m[Kget_node_names[m[K’
[8.604s]        RCLCPP_INFO(this->get_logger(), "Action '%s' : %s", action_server_-[01;36m[Kg[m[Ket_server_name(), result->result.c_str());
[8.604s]                                                                           [01;36m[K^[m[K
[8.604s] [01m[K/opt/ros/eloquent/include/rcutils/logging_macros.h:72:64:[m[K [01;36m[Knote: [m[Kin definition of macro ‘[01m[KRCUTILS_LOG_COND_NAMED[m[K’
[8.605s]        rcutils_log(&__rcutils_logging_location, severity, name, [01;36m[K__VA_ARGS__[m[K); \
[8.605s]                                                                 [01;36m[K^~~~~~~~~~~[m[K
[8.605s] [01m[K/opt/ros/eloquent/include/rclcpp/logging.hpp:541:5:[m[K [01;36m[Knote: [m[Kin expansion of macro ‘[01m[KRCUTILS_LOG_INFO_NAMED[m[K’
[8.606s]      [01;36m[KRCUTILS_LOG_INFO_NAMED[m[K( \
[8.606s]      [01;36m[K^~~~~~~~~~~~~~~~~~~~~~[m[K
[8.606s] [01m[K/opt/ros/eloquent/include/rclcpp/logging.hpp:544:9:[m[K [01;36m[Knote: [m[Kin expansion of macro ‘[01m[KRCLCPP_ALL_BUT_FIRST_ARGS[m[K’
[8.607s]          [01;36m[KRCLCPP_ALL_BUT_FIRST_ARGS[m[K(__VA_ARGS__,"")); \
[8.607s]          [01;36m[K^~~~~~~~~~~~~~~~~~~~~~~~~[m[K
[8.607s] [01m[K/home/jiseongyoo/ros2_examples/src/composition_cpp_example/src/component_action_server_cpp_example.cpp:106:7:[m[K [01;36m[Knote: [m[Kin expansion of macro ‘[01m[KRCLCPP_INFO[m[K’
[8.608s]        [01;36m[KRCLCPP_INFO[m[K(this->get_logger(), "Action '%s' : %s", action_server_-get_server_name(), result->result.c_str());
[8.608s]        [01;36m[K^~~~~~~~~~~[m[K
[8.608s] [01m[K/home/jiseongyoo/ros2_examples/src/composition_cpp_example/src/component_action_server_cpp_example.cpp:[m[K At global scope:
[8.609s] [01m[K/home/jiseongyoo/ros2_examples/src/composition_cpp_example/src/component_action_server_cpp_example.cpp:110:98:[m[K [01;31m[Kerror: [m[KISO C++ forbids declaration of ‘[01m[KComoponentActionServerExample[m[K’ with no type [[01;31m[K-fpermissive[m[K]
[8.609s]    ComponentActionServerExample::ComoponentActionServerExample(const rclcpp::NodeOptions & options[01;31m[K)[m[K
[8.610s]                                                                                                   [01;31m[K^[m[K
[8.610s] [01m[K/home/jiseongyoo/ros2_examples/src/composition_cpp_example/src/component_action_server_cpp_example.cpp:[m[K In member function ‘[01m[Kint component::ComponentActionServerExample::ComoponentActionServerExample(const rclcpp::NodeOptions&)[m[K’:
[8.610s] [01m[K/home/jiseongyoo/ros2_examples/src/composition_cpp_example/src/component_action_server_cpp_example.cpp:111:7:[m[K [01;31m[Kerror: [m[Konly constructors take member initializers
[8.611s]      : [01;31m[KNode[m[K("action_server", options){
[8.611s]        [01;31m[K^~~~[m[K
[8.611s] [01m[K/home/jiseongyoo/ros2_examples/src/composition_cpp_example/src/component_action_server_cpp_example.cpp:115:22:[m[K [01;31m[Kerror: [m[K‘[01m[Kcreate_server[m[K’ was not declared in this scope
[8.612s]      action_server_ = [01;31m[Kcreate_server[m[K<interfaces::action::Example>(
[8.612s]                       [01;31m[K^~~~~~~~~~~~~[m[K
[8.612s] [01m[K/home/jiseongyoo/ros2_examples/src/composition_cpp_example/src/component_action_server_cpp_example.cpp:115:22:[m[K [01;36m[Knote: [m[Ksuggested alternative:
[8.613s] In file included from [01m[K/opt/ros/eloquent/include/rclcpp_action/rclcpp_action.hpp:39:0[m[K,
[8.613s]                  from [01m[K/home/jiseongyoo/ros2_examples/src/composition_cpp_example/include/composition_cpp_example/component_action_server_cpp_example.hpp:10[m[K,
[8.613s]                  from [01m[K/home/jiseongyoo/ros2_examples/src/composition_cpp_example/src/component_action_server_cpp_example.cpp:1[m[K:
[8.614s] [01m[K/opt/ros/eloquent/include/rclcpp_action/create_server.hpp:133:1:[m[K [01;36m[Knote: [m[K  ‘[01m[Krclcpp_action::create_server[m[K’
[8.614s]  [01;36m[Kcreate_server[m[K(
[8.614s]  [01;36m[K^~~~~~~~~~~~~[m[K
[8.615s] [01m[K/home/jiseongyoo/ros2_examples/src/composition_cpp_example/src/component_action_server_cpp_example.cpp:115:63:[m[K [01;31m[Kerror: [m[Kexpected primary-expression before ‘[01m[K>[m[K’ token
[8.615s]      action_server_ = create_server<interfaces::action::Example[01;31m[K>[m[K(
[8.615s]                                                                [01;31m[K^[m[K
[8.636s] [01m[K/home/jiseongyoo/ros2_examples/src/composition_cpp_example/src/component_action_server_cpp_example.cpp:124:109:[m[K [01;35m[Kwarning: [m[Kright operand of comma operator has no effect [[01;35m[K-Wunused-value[m[K]
[8.636s]      std::bind(&ComponentActionServerExample::handle_goal, this, std::placeholders::_1, std::placeholders::_2[01;35m[K)[m[K,
[8.637s]                                                                                                              [01;35m[K^[m[K
[8.645s] [01m[K/home/jiseongyoo/ros2_examples/src/composition_cpp_example/src/component_action_server_cpp_example.cpp:128:3:[m[K [01;35m[Kwarning: [m[Kno return statement in function returning non-void [[01;35m[K-Wreturn-type[m[K]
[8.646s]    [01;35m[K}[m[K
[8.647s]    [01;35m[K^[m[K
[9.726s] CMakeFiles/component_action_server_cpp.dir/build.make:62: recipe for target 'CMakeFiles/component_action_server_cpp.dir/src/component_action_server_cpp_example.cpp.o' failed
[9.734s] make[2]: *** [CMakeFiles/component_action_server_cpp.dir/src/component_action_server_cpp_example.cpp.o] Error 1
[9.735s] CMakeFiles/Makefile2:108: recipe for target 'CMakeFiles/component_action_server_cpp.dir/all' failed
[9.737s] Makefile:140: recipe for target 'all' failed
[9.739s] make[1]: *** [CMakeFiles/component_action_server_cpp.dir/all] Error 2
[9.740s] make: *** [all] Error 2
