[0.069s] Invoking command in '/home/jiseongyoo/ros2_examples/build/pub_sub_cpp_template': CMAKE_PREFIX_PATH=${CMAKE_PREFIX_PATH}:/opt/ros/eloquent /usr/bin/cmake --build /home/jiseongyoo/ros2_examples/build/pub_sub_cpp_template -- -j2 -l2
[0.186s] -- Found ament_cmake: 0.8.2 (/opt/ros/eloquent/share/ament_cmake/cmake)
[0.299s] -- Using PYTHON_EXECUTABLE: /usr/bin/python3
[1.106s] -- Found rclcpp: 0.8.4 (/opt/ros/eloquent/share/rclcpp/cmake)
[1.156s] -- Found rosidl_adapter: 0.8.2 (/opt/ros/eloquent/share/rosidl_adapter/cmake)
[1.300s] -- Found rmw_implementation_cmake: 0.8.1 (/opt/ros/eloquent/share/rmw_implementation_cmake/cmake)
[1.305s] -- Using RMW implementation 'rmw_fastrtps_cpp' as default
[1.433s] CMake Error at CMakeLists.txt:26 (target_include_directories):
[1.435s]   Cannot specify include directories for target "sub_cpp_template" which is
[1.436s]   not built by this project.
[1.438s] 
[1.440s] 
[1.440s] -- Found ament_lint_auto: 0.8.1 (/opt/ros/eloquent/share/ament_lint_auto/cmake)
[1.710s] -- Added test 'copyright' to check for copyright in CMake / C / C++ / Python code
[1.718s] -- Added test 'cppcheck' to perform static code analysis on C / C++ code
[1.719s] -- Configured cppcheck include dirs: 
[1.726s] -- Added test 'cpplint' to check C / C++ code against the Google style
[1.728s] -- Added test 'lint_cmake' to check CMake code style
[1.736s] -- Added test 'uncrustify' to check C / C++ code style
[1.738s] -- Added test 'xmllint' to check XML markup files
[1.747s] -- Configuring incomplete, errors occurred!
[1.747s] See also "/home/jiseongyoo/ros2_examples/build/pub_sub_cpp_template/CMakeFiles/CMakeOutput.log".
[1.748s] See also "/home/jiseongyoo/ros2_examples/build/pub_sub_cpp_template/CMakeFiles/CMakeError.log".
[1.756s] make: *** [cmake_check_build_system] Error 1
[1.757s] Makefile:266: recipe for target 'cmake_check_build_system' failed
[1.762s] Invoked command in '/home/jiseongyoo/ros2_examples/build/pub_sub_cpp_template' returned '2': CMAKE_PREFIX_PATH=${CMAKE_PREFIX_PATH}:/opt/ros/eloquent /usr/bin/cmake --build /home/jiseongyoo/ros2_examples/build/pub_sub_cpp_template -- -j2 -l2
