Determining if the pthread_create exist failed with the following output:
Change Dir: /home/jiseongyoo/ros2_examples/build/composition_cpp_example/CMakeFiles/CMakeTmp

Run Build Command:"/usr/bin/make" "cmTC_01298/fast"
/usr/bin/make -f CMakeFiles/cmTC_01298.dir/build.make CMakeFiles/cmTC_01298.dir/build
make[1]: Entering directory '/home/jiseongyoo/ros2_examples/build/composition_cpp_example/CMakeFiles/CMakeTmp'
Building C object CMakeFiles/cmTC_01298.dir/CheckSymbolExists.c.o
/usr/bin/cc    -o CMakeFiles/cmTC_01298.dir/CheckSymbolExists.c.o   -c /home/jiseongyoo/ros2_examples/build/composition_cpp_example/CMakeFiles/CMakeTmp/CheckSymbolExists.c
Linking C executable cmTC_01298
/usr/bin/cmake -E cmake_link_script CMakeFiles/cmTC_01298.dir/link.txt --verbose=1
/usr/bin/cc      CMakeFiles/cmTC_01298.dir/CheckSymbolExists.c.o  -o cmTC_01298 
CMakeFiles/cmTC_01298.dir/CheckSymbolExists.c.o: In function `main':
CheckSymbolExists.c:(.text+0x1b): undefined reference to `pthread_create'
collect2: error: ld returned 1 exit status
CMakeFiles/cmTC_01298.dir/build.make:97: recipe for target 'cmTC_01298' failed
make[1]: *** [cmTC_01298] Error 1
make[1]: Leaving directory '/home/jiseongyoo/ros2_examples/build/composition_cpp_example/CMakeFiles/CMakeTmp'
Makefile:126: recipe for target 'cmTC_01298/fast' failed
make: *** [cmTC_01298/fast] Error 2

File /home/jiseongyoo/ros2_examples/build/composition_cpp_example/CMakeFiles/CMakeTmp/CheckSymbolExists.c:
/* */
#include <pthread.h>

int main(int argc, char** argv)
{
  (void)argv;
#ifndef pthread_create
  return ((int*)(&pthread_create))[argc];
#else
  (void)argc;
  return 0;
#endif
}

Determining if the function pthread_create exists in the pthreads failed with the following output:
Change Dir: /home/jiseongyoo/ros2_examples/build/composition_cpp_example/CMakeFiles/CMakeTmp

Run Build Command:"/usr/bin/make" "cmTC_9cf7d/fast"
/usr/bin/make -f CMakeFiles/cmTC_9cf7d.dir/build.make CMakeFiles/cmTC_9cf7d.dir/build
make[1]: Entering directory '/home/jiseongyoo/ros2_examples/build/composition_cpp_example/CMakeFiles/CMakeTmp'
Building C object CMakeFiles/cmTC_9cf7d.dir/CheckFunctionExists.c.o
/usr/bin/cc   -DCHECK_FUNCTION_EXISTS=pthread_create   -o CMakeFiles/cmTC_9cf7d.dir/CheckFunctionExists.c.o   -c /usr/share/cmake-3.10/Modules/CheckFunctionExists.c
Linking C executable cmTC_9cf7d
/usr/bin/cmake -E cmake_link_script CMakeFiles/cmTC_9cf7d.dir/link.txt --verbose=1
/usr/bin/cc  -DCHECK_FUNCTION_EXISTS=pthread_create    CMakeFiles/cmTC_9cf7d.dir/CheckFunctionExists.c.o  -o cmTC_9cf7d -lpthreads 
/usr/bin/ld: cannot find -lpthreads
collect2: error: ld returned 1 exit status
CMakeFiles/cmTC_9cf7d.dir/build.make:97: recipe for target 'cmTC_9cf7d' failed
make[1]: *** [cmTC_9cf7d] Error 1
make[1]: Leaving directory '/home/jiseongyoo/ros2_examples/build/composition_cpp_example/CMakeFiles/CMakeTmp'
Makefile:126: recipe for target 'cmTC_9cf7d/fast' failed
make: *** [cmTC_9cf7d/fast] Error 2


