[0.083s] Invoking command in '/home/jiseongyoo/ros2_examples/build/pubsub_cpp_template': CMAKE_PREFIX_PATH=/opt/ros/eloquent /usr/bin/cmake --build /home/jiseongyoo/ros2_examples/build/pubsub_cpp_template -- -j2 -l2
[0.273s] [35m[1mScanning dependencies of target pub_cpp[0m
[0.386s] [ 50%] [32mBuilding CXX object CMakeFiles/pub_cpp.dir/src/pub_cpp_template.cpp.o[0m
[9.440s] [100%] [32m[1mLinking CXX executable pub_cpp[0m
[10.206s] [100%] Built target pub_cpp
[10.271s] Invoked command in '/home/jiseongyoo/ros2_examples/build/pubsub_cpp_template' returned '0': CMAKE_PREFIX_PATH=/opt/ros/eloquent /usr/bin/cmake --build /home/jiseongyoo/ros2_examples/build/pubsub_cpp_template -- -j2 -l2
[10.444s] Invoking command in '/home/jiseongyoo/ros2_examples/build/pubsub_cpp_template': CMAKE_PREFIX_PATH=/opt/ros/eloquent /usr/bin/cmake --build /home/jiseongyoo/ros2_examples/build/pubsub_cpp_template --target install -- -j2 -l2
[10.698s] [100%] Built target pub_cpp
[10.784s] [36mInstall the project...[0m
[10.823s] -- Install configuration: ""
[10.826s] -- Installing: /home/jiseongyoo/ros2_examples/install/pubsub_cpp_template/lib/pubsub_cpp_template/pub_cpp
[10.836s] -- Set runtime path of "/home/jiseongyoo/ros2_examples/install/pubsub_cpp_template/lib/pubsub_cpp_template/pub_cpp" to ""
[10.837s] -- Up-to-date: /home/jiseongyoo/ros2_examples/install/pubsub_cpp_template/share/ament_index/resource_index/package_run_dependencies/pubsub_cpp_template
[10.838s] -- Up-to-date: /home/jiseongyoo/ros2_examples/install/pubsub_cpp_template/share/ament_index/resource_index/parent_prefix_path/pubsub_cpp_template
[10.840s] -- Up-to-date: /home/jiseongyoo/ros2_examples/install/pubsub_cpp_template/share/pubsub_cpp_template/environment/ament_prefix_path.sh
[10.841s] -- Up-to-date: /home/jiseongyoo/ros2_examples/install/pubsub_cpp_template/share/pubsub_cpp_template/environment/ament_prefix_path.dsv
[10.843s] -- Up-to-date: /home/jiseongyoo/ros2_examples/install/pubsub_cpp_template/share/pubsub_cpp_template/environment/path.sh
[10.845s] -- Up-to-date: /home/jiseongyoo/ros2_examples/install/pubsub_cpp_template/share/pubsub_cpp_template/environment/path.dsv
[10.846s] -- Up-to-date: /home/jiseongyoo/ros2_examples/install/pubsub_cpp_template/share/pubsub_cpp_template/local_setup.bash
[10.846s] -- Up-to-date: /home/jiseongyoo/ros2_examples/install/pubsub_cpp_template/share/pubsub_cpp_template/local_setup.sh
[10.848s] -- Up-to-date: /home/jiseongyoo/ros2_examples/install/pubsub_cpp_template/share/pubsub_cpp_template/local_setup.zsh
[10.849s] -- Up-to-date: /home/jiseongyoo/ros2_examples/install/pubsub_cpp_template/share/pubsub_cpp_template/local_setup.dsv
[10.849s] -- Installing: /home/jiseongyoo/ros2_examples/install/pubsub_cpp_template/share/pubsub_cpp_template/package.dsv
[10.852s] -- Up-to-date: /home/jiseongyoo/ros2_examples/install/pubsub_cpp_template/share/ament_index/resource_index/packages/pubsub_cpp_template
[10.853s] -- Up-to-date: /home/jiseongyoo/ros2_examples/install/pubsub_cpp_template/share/pubsub_cpp_template/cmake/pubsub_cpp_templateConfig.cmake
[10.853s] -- Up-to-date: /home/jiseongyoo/ros2_examples/install/pubsub_cpp_template/share/pubsub_cpp_template/cmake/pubsub_cpp_templateConfig-version.cmake
[10.854s] -- Up-to-date: /home/jiseongyoo/ros2_examples/install/pubsub_cpp_template/share/pubsub_cpp_template/package.xml
[10.871s] Invoked command in '/home/jiseongyoo/ros2_examples/build/pubsub_cpp_template' returned '0': CMAKE_PREFIX_PATH=/opt/ros/eloquent /usr/bin/cmake --build /home/jiseongyoo/ros2_examples/build/pubsub_cpp_template --target install -- -j2 -l2
