[0.641s] -- The C compiler identification is GNU 7.5.0
[1.166s] -- The CXX compiler identification is GNU 7.5.0
[1.190s] -- Check for working C compiler: /usr/bin/cc
[1.682s] -- Check for working C compiler: /usr/bin/cc -- works
[1.691s] -- Detecting C compiler ABI info
[2.298s] -- Detecting C compiler ABI info - done
[2.355s] -- Detecting C compile features
[4.399s] -- Detecting C compile features - done
[4.413s] -- Check for working CXX compiler: /usr/bin/c++
[4.951s] -- Check for working CXX compiler: /usr/bin/c++ -- works
[4.953s] -- Detecting CXX compiler ABI info
[5.397s] -- Detecting CXX compiler ABI info - done
[5.434s] -- Detecting CXX compile features
[7.233s] -- Detecting CXX compile features - done
[7.249s] -- Found ament_cmake: 0.8.2 (/opt/ros/eloquent/share/ament_cmake/cmake)
[7.369s] -- Found PythonInterp: /usr/bin/python3 (found suitable version "3.6.9", minimum required is "3") 
[7.370s] -- Using PYTHON_EXECUTABLE: /usr/bin/python3
[8.287s] -- Found ament_lint_auto: 0.8.1 (/opt/ros/eloquent/share/ament_lint_auto/cmake)
[8.667s] -- Added test 'lint_cmake' to check CMake code style
[8.680s] -- Added test 'xmllint' to check XML markup files
[8.691s] -- Configuring done
[8.706s] -- Generating done
[8.713s] -- Build files have been written to: /home/jiseongyoo/ros2_examples/build/pub_sub_example
