[4.729s] [01m[K/home/jiseongyoo/ros2_examples/src/composition_cpp_example/src/component_sub_cpp_example.cpp:[m[K In constructor ‘[01m[Kcomponent::ComponentSubscriberExample::ComponentSubscriberExample(const rclcpp::NodeOptions&)[m[K’:
[4.731s] [01m[K/home/jiseongyoo/ros2_examples/src/composition_cpp_example/src/component_sub_cpp_example.cpp:31:93:[m[K [01;31m[Kerror: [m[Kno matching function for call to ‘[01m[Krclcpp::Node::Node()[m[K’
[4.732s]  criberExample::ComponentSubscriberExample(const rclcpp::NodeOptions & options[01;31m[K)[m[K{
[4.734s]                                                                               [01;31m[K^[m[K
[4.736s] In file included from [01m[K/opt/ros/eloquent/include/rclcpp/executors/single_threaded_executor.hpp:28:0[m[K,
[4.737s]                  from [01m[K/opt/ros/eloquent/include/rclcpp/executors.hpp:22[m[K,
[4.739s]                  from [01m[K/opt/ros/eloquent/include/rclcpp/rclcpp.hpp:145[m[K,
[4.739s]                  from [01m[K/home/jiseongyoo/ros2_examples/src/composition_cpp_example/include/composition_cpp_example/component_sub_cpp_example.hpp:5[m[K,
[4.739s]                  from [01m[K/home/jiseongyoo/ros2_examples/src/composition_cpp_example/src/component_sub_cpp_example.cpp:20[m[K:
[4.740s] [01m[K/opt/ros/eloquent/include/rclcpp/node.hpp:1080:3:[m[K [01;36m[Knote: [m[Kcandidate: rclcpp::Node::Node(const rclcpp::Node&, const string&)
[4.740s]    [01;36m[KNode[m[K(
[4.741s]    [01;36m[K^~~~[m[K
[4.741s] [01m[K/opt/ros/eloquent/include/rclcpp/node.hpp:1080:3:[m[K [01;36m[Knote: [m[K  candidate expects 2 arguments, 0 provided
[4.742s] [01m[K/opt/ros/eloquent/include/rclcpp/node.hpp:94:12:[m[K [01;36m[Knote: [m[Kcandidate: rclcpp::Node::Node(const string&, const string&, const rclcpp::NodeOptions&)
[4.742s]    explicit [01;36m[KNode[m[K(
[4.742s]             [01;36m[K^~~~[m[K
[4.743s] [01m[K/opt/ros/eloquent/include/rclcpp/node.hpp:94:12:[m[K [01;36m[Knote: [m[K  candidate expects 3 arguments, 0 provided
[4.743s] [01m[K/opt/ros/eloquent/include/rclcpp/node.hpp:83:12:[m[K [01;36m[Knote: [m[Kcandidate: rclcpp::Node::Node(const string&, const rclcpp::NodeOptions&)
[4.744s]    explicit [01;36m[KNode[m[K(
[4.744s]             [01;36m[K^~~~[m[K
[4.744s] [01m[K/opt/ros/eloquent/include/rclcpp/node.hpp:83:12:[m[K [01;36m[Knote: [m[K  candidate expects 2 arguments, 0 provided
[4.769s] [01m[K/home/jiseongyoo/ros2_examples/src/composition_cpp_example/src/component_sub_cpp_example.cpp:31:86:[m[K [01;35m[Kwarning: [m[Kunused parameter ‘[01m[Koptions[m[K’ [[01;35m[K-Wunused-parameter[m[K]
[4.770s]  criberExample::ComponentSubscriberExample(const rclcpp::NodeOptions & [01;35m[Koptions[m[K){
[4.771s]                                                                        [01;35m[K^~~~~~~[m[K
[8.065s] make[2]: *** [CMakeFiles/component_sub_cpp.dir/src/component_sub_cpp_example.cpp.o] Error 1
[8.065s] make[1]: *** [CMakeFiles/component_sub_cpp.dir/all] Error 2
[8.067s] make: *** [all] Error 2
