[0.249s] [35m[1mScanning dependencies of target pub_cpp_template[0m
[0.318s] [ 50%] [32mBuilding CXX object CMakeFiles/pub_cpp_template.dir/src/pub_cpp_template.cpp.o[0m
[0.456s] [100%] [32m[1mLinking CXX executable pub_cpp_template[0m
[0.665s] [100%] Built target pub_cpp_template
[1.134s] [100%] Built target pub_cpp_template
[1.221s] [36mInstall the project...[0m
[1.254s] -- Install configuration: ""
[1.255s] -- Installing: /home/jiseongyoo/ros2_examples/install/pub_sub_cpp_template/lib/pub_sub_cpp_template/pub_cpp_template
[1.257s] -- Installing: /home/jiseongyoo/ros2_examples/install/pub_sub_cpp_template/share/ament_index/resource_index/package_run_dependencies/pub_sub_cpp_template
[1.258s] -- Installing: /home/jiseongyoo/ros2_examples/install/pub_sub_cpp_template/share/ament_index/resource_index/parent_prefix_path/pub_sub_cpp_template
[1.260s] -- Up-to-date: /home/jiseongyoo/ros2_examples/install/pub_sub_cpp_template/share/pub_sub_cpp_template/environment/ament_prefix_path.sh
[1.261s] -- Installing: /home/jiseongyoo/ros2_examples/install/pub_sub_cpp_template/share/pub_sub_cpp_template/environment/ament_prefix_path.dsv
[1.263s] -- Up-to-date: /home/jiseongyoo/ros2_examples/install/pub_sub_cpp_template/share/pub_sub_cpp_template/environment/path.sh
[1.264s] -- Installing: /home/jiseongyoo/ros2_examples/install/pub_sub_cpp_template/share/pub_sub_cpp_template/environment/path.dsv
[1.264s] -- Up-to-date: /home/jiseongyoo/ros2_examples/install/pub_sub_cpp_template/share/pub_sub_cpp_template/local_setup.bash
[1.265s] -- Up-to-date: /home/jiseongyoo/ros2_examples/install/pub_sub_cpp_template/share/pub_sub_cpp_template/local_setup.sh
[1.265s] -- Up-to-date: /home/jiseongyoo/ros2_examples/install/pub_sub_cpp_template/share/pub_sub_cpp_template/local_setup.zsh
[1.266s] -- Installing: /home/jiseongyoo/ros2_examples/install/pub_sub_cpp_template/share/pub_sub_cpp_template/local_setup.dsv
[1.266s] -- Installing: /home/jiseongyoo/ros2_examples/install/pub_sub_cpp_template/share/pub_sub_cpp_template/package.dsv
[1.267s] -- Up-to-date: /home/jiseongyoo/ros2_examples/install/pub_sub_cpp_template/share/ament_index/resource_index/packages/pub_sub_cpp_template
[1.267s] -- Installing: /home/jiseongyoo/ros2_examples/install/pub_sub_cpp_template/share/pub_sub_cpp_template/cmake/pub_sub_cpp_templateConfig.cmake
[1.268s] -- Installing: /home/jiseongyoo/ros2_examples/install/pub_sub_cpp_template/share/pub_sub_cpp_template/cmake/pub_sub_cpp_templateConfig-version.cmake
[1.269s] -- Installing: /home/jiseongyoo/ros2_examples/install/pub_sub_cpp_template/share/pub_sub_cpp_template/package.xml
