[5.002s] [01m[K/home/jiseongyoo/ros2_examples/src/action_cpp_example/src/action_server_cpp_example.cpp:[m[K In constructor ‘[01m[KActionServerExample::ActionServerExample(const rclcpp::NodeOptions&)[m[K’:
[5.003s] [01m[K/home/jiseongyoo/ros2_examples/src/action_cpp_example/src/action_server_cpp_example.cpp:67:82:[m[K [01;31m[Kerror: [m[Kno matching function for call to ‘[01m[Kcreate_server<interfaces::action::Example>(rclcpp::node_interfaces::NodeBaseInterface::SharedPtr, rclcpp::node_interfaces::NodeClockInterface::SharedPtr, rclcpp::node_interfaces::NodeLoggingInterface::SharedPtr, rclcpp::node_interfaces::NodeWaitablesInterface::SharedPtr, const char [14], std::_Bind_helper<false, rclcpp_action::GoalResponse (ActionServerExample::*)(std::shared_ptr<const interfaces::action::Example_Goal_<std::allocator<void> > >), ActionServerExample*, const std::_Placeholder<1>&>::type, std::_Bind_helper<false, rclcpp_action::CancelResponse (ActionServerExample::*)(std::shared_ptr<rclcpp_action::ServerGoalHandle<interfaces::action::Example> >), ActionServerExample*, const std::_Placeholder<1>&>::type, std::_Bind_helper<false, void (ActionServerExample::*)(std::shared_ptr<rclcpp_action::ServerGoalHandle<interfaces::action::Example> >), ActionServerExample*, const std::_Placeholder<1>&>::type)[m[K’
[5.003s]    std::bind(&ActionServerExample::handle_accept, this, std::placeholders::_1)[01;31m[K)[m[K;
[5.004s]                                                                               [01;31m[K^[m[K
[5.005s] In file included from [01m[K/opt/ros/eloquent/include/rclcpp_action/rclcpp_action.hpp:39:0[m[K,
[5.006s]                  from [01m[K/home/jiseongyoo/ros2_examples/src/action_cpp_example/src/action_server_cpp_example.cpp:2[m[K:
[5.006s] [01m[K/opt/ros/eloquent/include/rclcpp_action/create_server.hpp:58:1:[m[K [01;36m[Knote: [m[Kcandidate: template<class ActionT> typename rclcpp_action::Server<ActionT>::SharedPtr rclcpp_action::create_server(rclcpp::node_interfaces::NodeBaseInterface::SharedPtr, rclcpp::node_interfaces::NodeClockInterface::SharedPtr, rclcpp::node_interfaces::NodeLoggingInterface::SharedPtr, rclcpp::node_interfaces::NodeWaitablesInterface::SharedPtr, const string&, typename rclcpp_action::Server<ActionT>::GoalCallback, typename rclcpp_action::Server<ActionT>::CancelCallback, typename rclcpp_action::Server<ActionT>::AcceptedCallback, const rcl_action_server_options_t&, rclcpp::callback_group::CallbackGroup::SharedPtr)
[5.008s]  [01;36m[Kcreate_server[m[K(
[5.008s]  [01;36m[K^~~~~~~~~~~~~[m[K
[5.009s] [01m[K/opt/ros/eloquent/include/rclcpp_action/create_server.hpp:58:1:[m[K [01;36m[Knote: [m[K  template argument deduction/substitution failed:
[5.009s] [01m[K/home/jiseongyoo/ros2_examples/src/action_cpp_example/src/action_server_cpp_example.cpp:65:16:[m[K [01;36m[Knote: [m[K  cannot convert ‘[01m[Kstd::bind(_Func&&, _BoundArgs&& ...) [with _Func = rclcpp_action::GoalResponse (ActionServerExample::*)(std::shared_ptr<const interfaces::action::Example_Goal_<std::allocator<void> > >); _BoundArgs = {ActionServerExample*, const std::_Placeholder<1>&}; typename std::_Bind_helper<std::__is_socketlike<_Func>::value, _Func, _BoundArgs ...>::type = std::_Bind<rclcpp_action::GoalResponse (ActionServerExample::*(ActionServerExample*, std::_Placeholder<1>))(std::shared_ptr<const interfaces::action::Example_Goal_<std::allocator<void> > >)>](((ActionServerExample*)this), std::placeholders::_1)[m[K’ (type ‘[01m[Kstd::_Bind_helper<false, rclcpp_action::GoalResponse (ActionServerExample::*)(std::shared_ptr<const interfaces::action::Example_Goal_<std::allocator<void> > >), ActionServerExample*, const std::_Placeholder<1>&>::type {aka std::_Bind<rclcpp_action::GoalResponse (ActionServerExample::*(ActionServerExample*, std::_Placeholder<1>))(std::shared_ptr<const interfaces::action::Example_Goal_<std::allocator<void> > >)>}[m[K’) to type ‘[01m[Krclcpp_action::Server<interfaces::action::Example>::GoalCallback {aka std::function<rclcpp_action::GoalResponse(const std::array<unsigned char, 16>&, std::shared_ptr<const interfaces::action::Example_Goal_<std::allocator<void> > >)>}[m[K’
[5.010s]        [01;36m[Kstd::bind(&ActionServerExample::handle_goal, this, std::placeholders::_1)[m[K,
[5.010s]        [01;36m[K~~~~~~~~~^~~~~~~~~~~~~~~~~~~~~~~~~~~~~~~~~~~~~~~~~~~~~~~~~~~~~~~~~~~~~~~~[m[K
[5.010s] In file included from [01m[K/opt/ros/eloquent/include/rclcpp_action/rclcpp_action.hpp:39:0[m[K,
[5.011s]                  from [01m[K/home/jiseongyoo/ros2_examples/src/action_cpp_example/src/action_server_cpp_example.cpp:2[m[K:
[5.011s] [01m[K/opt/ros/eloquent/include/rclcpp_action/create_server.hpp:133:1:[m[K [01;36m[Knote: [m[Kcandidate: template<class ActionT, class NodeT> typename rclcpp_action::Server<ActionT>::SharedPtr rclcpp_action::create_server(NodeT, const string&, typename rclcpp_action::Server<ActionT>::GoalCallback, typename rclcpp_action::Server<ActionT>::CancelCallback, typename rclcpp_action::Server<ActionT>::AcceptedCallback, const rcl_action_server_options_t&, rclcpp::callback_group::CallbackGroup::SharedPtr)
[5.011s]  [01;36m[Kcreate_server[m[K(
[5.012s]  [01;36m[K^~~~~~~~~~~~~[m[K
[5.012s] [01m[K/opt/ros/eloquent/include/rclcpp_action/create_server.hpp:133:1:[m[K [01;36m[Knote: [m[K  template argument deduction/substitution failed:
[5.012s] [01m[K/home/jiseongyoo/ros2_examples/src/action_cpp_example/src/action_server_cpp_example.cpp:67:82:[m[K [01;36m[Knote: [m[K  candidate expects 7 arguments, 8 provided
[5.013s]    std::bind(&ActionServerExample::handle_accept, this, std::placeholders::_1)[01;36m[K)[m[K;
[5.013s]                                                                               [01;36m[K^[m[K
[5.965s] make[2]: *** [CMakeFiles/action_server_cpp.dir/src/action_server_cpp_example.cpp.o] Error 1
[5.971s] make[1]: *** [CMakeFiles/action_server_cpp.dir/all] Error 2
[5.975s] make: *** [all] Error 2
