Determining if the pthread_create exist failed with the following output:
Change Dir: /home/jiseongyoo/ros2_examples/build/cpp_pubsub/CMakeFiles/CMakeTmp

Run Build Command:"/usr/bin/make" "cmTC_1c37c/fast"
/usr/bin/make -f CMakeFiles/cmTC_1c37c.dir/build.make CMakeFiles/cmTC_1c37c.dir/build
make[1]: Entering directory '/home/jiseongyoo/ros2_examples/build/cpp_pubsub/CMakeFiles/CMakeTmp'
Building C object CMakeFiles/cmTC_1c37c.dir/CheckSymbolExists.c.o
/usr/bin/cc    -o CMakeFiles/cmTC_1c37c.dir/CheckSymbolExists.c.o   -c /home/jiseongyoo/ros2_examples/build/cpp_pubsub/CMakeFiles/CMakeTmp/CheckSymbolExists.c
Linking C executable cmTC_1c37c
/usr/bin/cmake -E cmake_link_script CMakeFiles/cmTC_1c37c.dir/link.txt --verbose=1
/usr/bin/cc      CMakeFiles/cmTC_1c37c.dir/CheckSymbolExists.c.o  -o cmTC_1c37c 
CMakeFiles/cmTC_1c37c.dir/CheckSymbolExists.c.o: In function `main':
CheckSymbolExists.c:(.text+0x1b): undefined reference to `pthread_create'
collect2: error: ld returned 1 exit status
CMakeFiles/cmTC_1c37c.dir/build.make:97: recipe for target 'cmTC_1c37c' failed
make[1]: *** [cmTC_1c37c] Error 1
make[1]: Leaving directory '/home/jiseongyoo/ros2_examples/build/cpp_pubsub/CMakeFiles/CMakeTmp'
Makefile:126: recipe for target 'cmTC_1c37c/fast' failed
make: *** [cmTC_1c37c/fast] Error 2

File /home/jiseongyoo/ros2_examples/build/cpp_pubsub/CMakeFiles/CMakeTmp/CheckSymbolExists.c:
/* */
#include <pthread.h>

int main(int argc, char** argv)
{
  (void)argv;
#ifndef pthread_create
  return ((int*)(&pthread_create))[argc];
#else
  (void)argc;
  return 0;
#endif
}

Determining if the function pthread_create exists in the pthreads failed with the following output:
Change Dir: /home/jiseongyoo/ros2_examples/build/cpp_pubsub/CMakeFiles/CMakeTmp

Run Build Command:"/usr/bin/make" "cmTC_71573/fast"
/usr/bin/make -f CMakeFiles/cmTC_71573.dir/build.make CMakeFiles/cmTC_71573.dir/build
make[1]: Entering directory '/home/jiseongyoo/ros2_examples/build/cpp_pubsub/CMakeFiles/CMakeTmp'
Building C object CMakeFiles/cmTC_71573.dir/CheckFunctionExists.c.o
/usr/bin/cc   -DCHECK_FUNCTION_EXISTS=pthread_create   -o CMakeFiles/cmTC_71573.dir/CheckFunctionExists.c.o   -c /usr/share/cmake-3.10/Modules/CheckFunctionExists.c
Linking C executable cmTC_71573
/usr/bin/cmake -E cmake_link_script CMakeFiles/cmTC_71573.dir/link.txt --verbose=1
/usr/bin/cc  -DCHECK_FUNCTION_EXISTS=pthread_create    CMakeFiles/cmTC_71573.dir/CheckFunctionExists.c.o  -o cmTC_71573 -lpthreads 
/usr/bin/ld: cannot find -lpthreads
collect2: error: ld returned 1 exit status
CMakeFiles/cmTC_71573.dir/build.make:97: recipe for target 'cmTC_71573' failed
make[1]: *** [cmTC_71573] Error 1
make[1]: Leaving directory '/home/jiseongyoo/ros2_examples/build/cpp_pubsub/CMakeFiles/CMakeTmp'
Makefile:126: recipe for target 'cmTC_71573/fast' failed
make: *** [cmTC_71573/fast] Error 2


