[0.105s] Invoking command in '/home/jiseongyoo/ros2_examples/build/action_cpp_example': CMAKE_PREFIX_PATH=/home/jiseongyoo/ros2_examples/install/interfaces:/home/jiseongyoo/ros2_examples/install/service_cpp_example:/home/jiseongyoo/ros2_examples/install/pubsub_cpp_template:/home/jiseongyoo/ros2_examples/install/pubsub_cpp_example:/home/jiseongyoo/ros2_examples/install/pub_sub_cpp_template:/home/jiseongyoo/ros2_examples/install/param_cpp_example:/home/jiseongyoo/ros2_examples/install/action_cpp_example:/home/jiseongyoo/ros2_examples/install/cpp_pubsub:/opt/ros/eloquent /usr/bin/cmake --build /home/jiseongyoo/ros2_examples/build/action_cpp_example -- -j2 -l2
[0.421s] [ 50%] Built target action_server_cpp
[0.429s] [100%] Built target action_client_cpp
[0.491s] Invoked command in '/home/jiseongyoo/ros2_examples/build/action_cpp_example' returned '0': CMAKE_PREFIX_PATH=/home/jiseongyoo/ros2_examples/install/interfaces:/home/jiseongyoo/ros2_examples/install/service_cpp_example:/home/jiseongyoo/ros2_examples/install/pubsub_cpp_template:/home/jiseongyoo/ros2_examples/install/pubsub_cpp_example:/home/jiseongyoo/ros2_examples/install/pub_sub_cpp_template:/home/jiseongyoo/ros2_examples/install/param_cpp_example:/home/jiseongyoo/ros2_examples/install/action_cpp_example:/home/jiseongyoo/ros2_examples/install/cpp_pubsub:/opt/ros/eloquent /usr/bin/cmake --build /home/jiseongyoo/ros2_examples/build/action_cpp_example -- -j2 -l2
[0.605s] Invoking command in '/home/jiseongyoo/ros2_examples/build/action_cpp_example': CMAKE_PREFIX_PATH=/home/jiseongyoo/ros2_examples/install/interfaces:/home/jiseongyoo/ros2_examples/install/service_cpp_example:/home/jiseongyoo/ros2_examples/install/pubsub_cpp_template:/home/jiseongyoo/ros2_examples/install/pubsub_cpp_example:/home/jiseongyoo/ros2_examples/install/pub_sub_cpp_template:/home/jiseongyoo/ros2_examples/install/param_cpp_example:/home/jiseongyoo/ros2_examples/install/action_cpp_example:/home/jiseongyoo/ros2_examples/install/cpp_pubsub:/opt/ros/eloquent /usr/bin/cmake --build /home/jiseongyoo/ros2_examples/build/action_cpp_example --target install -- -j2 -l2
[0.932s] [ 50%] Built target action_client_cpp
[0.941s] [100%] Built target action_server_cpp
[1.037s] [36mInstall the project...[0m
[1.074s] -- Install configuration: ""
[1.076s] -- Up-to-date: /home/jiseongyoo/ros2_examples/install/action_cpp_example/lib/action_cpp_example/action_server_cpp
[1.079s] -- Up-to-date: /home/jiseongyoo/ros2_examples/install/action_cpp_example/lib/action_cpp_example/action_client_cpp
[1.081s] -- Up-to-date: /home/jiseongyoo/ros2_examples/install/action_cpp_example/share/ament_index/resource_index/package_run_dependencies/action_cpp_example
[1.082s] -- Up-to-date: /home/jiseongyoo/ros2_examples/install/action_cpp_example/share/ament_index/resource_index/parent_prefix_path/action_cpp_example
[1.083s] -- Up-to-date: /home/jiseongyoo/ros2_examples/install/action_cpp_example/share/action_cpp_example/environment/ament_prefix_path.sh
[1.084s] -- Up-to-date: /home/jiseongyoo/ros2_examples/install/action_cpp_example/share/action_cpp_example/environment/ament_prefix_path.dsv
[1.085s] -- Up-to-date: /home/jiseongyoo/ros2_examples/install/action_cpp_example/share/action_cpp_example/environment/path.sh
[1.086s] -- Up-to-date: /home/jiseongyoo/ros2_examples/install/action_cpp_example/share/action_cpp_example/environment/path.dsv
[1.087s] -- Up-to-date: /home/jiseongyoo/ros2_examples/install/action_cpp_example/share/action_cpp_example/local_setup.bash
[1.088s] -- Up-to-date: /home/jiseongyoo/ros2_examples/install/action_cpp_example/share/action_cpp_example/local_setup.sh
[1.089s] -- Up-to-date: /home/jiseongyoo/ros2_examples/install/action_cpp_example/share/action_cpp_example/local_setup.zsh
[1.090s] -- Up-to-date: /home/jiseongyoo/ros2_examples/install/action_cpp_example/share/action_cpp_example/local_setup.dsv
[1.091s] -- Installing: /home/jiseongyoo/ros2_examples/install/action_cpp_example/share/action_cpp_example/package.dsv
[1.092s] -- Up-to-date: /home/jiseongyoo/ros2_examples/install/action_cpp_example/share/ament_index/resource_index/packages/action_cpp_example
[1.093s] -- Up-to-date: /home/jiseongyoo/ros2_examples/install/action_cpp_example/share/action_cpp_example/cmake/action_cpp_exampleConfig.cmake
[1.094s] -- Up-to-date: /home/jiseongyoo/ros2_examples/install/action_cpp_example/share/action_cpp_example/cmake/action_cpp_exampleConfig-version.cmake
[1.097s] -- Up-to-date: /home/jiseongyoo/ros2_examples/install/action_cpp_example/share/action_cpp_example/package.xml
[1.112s] Invoked command in '/home/jiseongyoo/ros2_examples/build/action_cpp_example' returned '0': CMAKE_PREFIX_PATH=/home/jiseongyoo/ros2_examples/install/interfaces:/home/jiseongyoo/ros2_examples/install/service_cpp_example:/home/jiseongyoo/ros2_examples/install/pubsub_cpp_template:/home/jiseongyoo/ros2_examples/install/pubsub_cpp_example:/home/jiseongyoo/ros2_examples/install/pub_sub_cpp_template:/home/jiseongyoo/ros2_examples/install/param_cpp_example:/home/jiseongyoo/ros2_examples/install/action_cpp_example:/home/jiseongyoo/ros2_examples/install/cpp_pubsub:/opt/ros/eloquent /usr/bin/cmake --build /home/jiseongyoo/ros2_examples/build/action_cpp_example --target install -- -j2 -l2
