[0.076s] Invoking command in '/home/jiseongyoo/ros2_examples/build/param_cpp_example': CMAKE_PREFIX_PATH=${CMAKE_PREFIX_PATH}:/opt/ros/eloquent /usr/bin/cmake --build /home/jiseongyoo/ros2_examples/build/param_cpp_example -- -j2 -l2
[0.294s] [35m[1mScanning dependencies of target param_client_cpp[0m
[0.371s] [ 50%] Built target param_server_cpp
[0.473s] [ 75%] [32mBuilding CXX object CMakeFiles/param_client_cpp.dir/src/param_client_cpp_example.cpp.o[0m
[6.423s] [100%] [32m[1mLinking CXX executable param_client_cpp[0m
[7.047s] [100%] Built target param_client_cpp
[7.095s] Invoked command in '/home/jiseongyoo/ros2_examples/build/param_cpp_example' returned '0': CMAKE_PREFIX_PATH=${CMAKE_PREFIX_PATH}:/opt/ros/eloquent /usr/bin/cmake --build /home/jiseongyoo/ros2_examples/build/param_cpp_example -- -j2 -l2
[7.300s] Invoking command in '/home/jiseongyoo/ros2_examples/build/param_cpp_example': CMAKE_PREFIX_PATH=${CMAKE_PREFIX_PATH}:/opt/ros/eloquent /usr/bin/cmake --build /home/jiseongyoo/ros2_examples/build/param_cpp_example --target install -- -j2 -l2
[7.545s] [ 50%] Built target param_server_cpp
[7.559s] [100%] Built target param_client_cpp
[7.650s] [36mInstall the project...[0m
[7.684s] -- Install configuration: ""
[7.685s] -- Up-to-date: /home/jiseongyoo/ros2_examples/install/param_cpp_example/lib/param_cpp_example/param_server_cpp
[7.688s] -- Installing: /home/jiseongyoo/ros2_examples/install/param_cpp_example/lib/param_cpp_example/param_client_cpp
[7.692s] -- Set runtime path of "/home/jiseongyoo/ros2_examples/install/param_cpp_example/lib/param_cpp_example/param_client_cpp" to ""
[7.694s] -- Up-to-date: /home/jiseongyoo/ros2_examples/install/param_cpp_example/share/ament_index/resource_index/package_run_dependencies/param_cpp_example
[7.696s] -- Up-to-date: /home/jiseongyoo/ros2_examples/install/param_cpp_example/share/ament_index/resource_index/parent_prefix_path/param_cpp_example
[7.697s] -- Up-to-date: /home/jiseongyoo/ros2_examples/install/param_cpp_example/share/param_cpp_example/environment/ament_prefix_path.sh
[7.698s] -- Up-to-date: /home/jiseongyoo/ros2_examples/install/param_cpp_example/share/param_cpp_example/environment/ament_prefix_path.dsv
[7.699s] -- Up-to-date: /home/jiseongyoo/ros2_examples/install/param_cpp_example/share/param_cpp_example/environment/path.sh
[7.700s] -- Up-to-date: /home/jiseongyoo/ros2_examples/install/param_cpp_example/share/param_cpp_example/environment/path.dsv
[7.700s] -- Up-to-date: /home/jiseongyoo/ros2_examples/install/param_cpp_example/share/param_cpp_example/local_setup.bash
[7.701s] -- Up-to-date: /home/jiseongyoo/ros2_examples/install/param_cpp_example/share/param_cpp_example/local_setup.sh
[7.702s] -- Up-to-date: /home/jiseongyoo/ros2_examples/install/param_cpp_example/share/param_cpp_example/local_setup.zsh
[7.702s] -- Up-to-date: /home/jiseongyoo/ros2_examples/install/param_cpp_example/share/param_cpp_example/local_setup.dsv
[7.703s] -- Installing: /home/jiseongyoo/ros2_examples/install/param_cpp_example/share/param_cpp_example/package.dsv
[7.703s] -- Up-to-date: /home/jiseongyoo/ros2_examples/install/param_cpp_example/share/ament_index/resource_index/packages/param_cpp_example
[7.703s] -- Up-to-date: /home/jiseongyoo/ros2_examples/install/param_cpp_example/share/param_cpp_example/cmake/param_cpp_exampleConfig.cmake
[7.704s] -- Up-to-date: /home/jiseongyoo/ros2_examples/install/param_cpp_example/share/param_cpp_example/cmake/param_cpp_exampleConfig-version.cmake
[7.704s] -- Up-to-date: /home/jiseongyoo/ros2_examples/install/param_cpp_example/share/param_cpp_example/package.xml
[7.716s] Invoked command in '/home/jiseongyoo/ros2_examples/build/param_cpp_example' returned '0': CMAKE_PREFIX_PATH=${CMAKE_PREFIX_PATH}:/opt/ros/eloquent /usr/bin/cmake --build /home/jiseongyoo/ros2_examples/build/param_cpp_example --target install -- -j2 -l2
