[0.245s] [35m[1mScanning dependencies of target param_client_cpp[0m
[0.307s] [ 50%] Built target param_server_cpp
[0.411s] [ 75%] [32mBuilding CXX object CMakeFiles/param_client_cpp.dir/src/param_client_cpp_example.cpp.o[0m
[4.538s] In file included from [01m[K/opt/ros/eloquent/include/rclcpp/client.hpp:39:0[m[K,
[4.538s]                  from [01m[K/opt/ros/eloquent/include/rclcpp/callback_group.hpp:23[m[K,
[4.539s]                  from [01m[K/opt/ros/eloquent/include/rclcpp/any_executable.hpp:20[m[K,
[4.540s]                  from [01m[K/opt/ros/eloquent/include/rclcpp/memory_strategy.hpp:24[m[K,
[4.540s]                  from [01m[K/opt/ros/eloquent/include/rclcpp/memory_strategies.hpp:18[m[K,
[4.541s]                  from [01m[K/opt/ros/eloquent/include/rclcpp/executor.hpp:33[m[K,
[4.541s]                  from [01m[K/opt/ros/eloquent/include/rclcpp/executors/multi_threaded_executor.hpp:25[m[K,
[4.542s]                  from [01m[K/opt/ros/eloquent/include/rclcpp/executors.hpp:21[m[K,
[4.542s]                  from [01m[K/opt/ros/eloquent/include/rclcpp/rclcpp.hpp:145[m[K,
[4.543s]                  from [01m[K/home/jiseongyoo/ros2_examples/src/param_cpp_example/src/param_client_cpp_example.cpp:19[m[K:
[4.544s] [01m[K/home/jiseongyoo/ros2_examples/src/param_cpp_example/src/param_client_cpp_example.cpp:[m[K In member function ‘[01m[Kvoid ParameterClientExample::parameter_set(const string&, const string&, T)[m[K’:
[4.545s] [01m[K/home/jiseongyoo/ros2_examples/src/param_cpp_example/src/param_client_cpp_example.cpp:66:46:[m[K [01;31m[Kerror: [m[K‘[01m[Kparam_name[m[K’ was not declared in this scope
[4.545s]            parameter_client_->get_parameters({[01;31m[Kp[m[Karam_name[i]})[0].get_name().c_str(),
[4.545s]                                               [01;31m[K^[m[K
[4.546s] [01m[K/opt/ros/eloquent/include/rcutils/logging_macros.h:72:64:[m[K [01;36m[Knote: [m[Kin definition of macro ‘[01m[KRCUTILS_LOG_COND_NAMED[m[K’
[4.546s]        rcutils_log(&__rcutils_logging_location, severity, name, [01;36m[K__VA_ARGS__[m[K); \
[4.546s]                                                                 [01;36m[K^~~~~~~~~~~[m[K
[4.547s] [01m[K/opt/ros/eloquent/include/rclcpp/logging.hpp:541:5:[m[K [01;36m[Knote: [m[Kin expansion of macro ‘[01m[KRCUTILS_LOG_INFO_NAMED[m[K’
[4.547s]      [01;36m[KRCUTILS_LOG_INFO_NAMED[m[K( \
[4.547s]      [01;36m[K^~~~~~~~~~~~~~~~~~~~~~[m[K
[4.548s] [01m[K/opt/ros/eloquent/include/rclcpp/logging.hpp:544:9:[m[K [01;36m[Knote: [m[Kin expansion of macro ‘[01m[KRCLCPP_ALL_BUT_FIRST_ARGS[m[K’
[4.548s]          [01;36m[KRCLCPP_ALL_BUT_FIRST_ARGS[m[K(__VA_ARGS__,"")); \
[4.549s]          [01;36m[K^~~~~~~~~~~~~~~~~~~~~~~~~[m[K
[4.549s] [01m[K/home/jiseongyoo/ros2_examples/src/param_cpp_example/src/param_client_cpp_example.cpp:64:7:[m[K [01;36m[Knote: [m[Kin expansion of macro ‘[01m[KRCLCPP_INFO[m[K’
[4.550s]        [01;36m[KRCLCPP_INFO[m[K(this->get_logger(), "Successed to set '%s' : %s, %s",
[4.550s]        [01;36m[K^~~~~~~~~~~[m[K
[4.554s] [01m[K/home/jiseongyoo/ros2_examples/src/param_cpp_example/src/param_client_cpp_example.cpp:66:46:[m[K [01;36m[Knote: [m[Ksuggested alternative: ‘[01m[Kparameter_name[m[K’
[4.555s]            parameter_client_->get_parameters({[01;36m[Kp[m[Karam_name[i]})[0].get_name().c_str(),
[4.555s]                                               [01;36m[K^[m[K
[4.556s] [01m[K/opt/ros/eloquent/include/rcutils/logging_macros.h:72:64:[m[K [01;36m[Knote: [m[Kin definition of macro ‘[01m[KRCUTILS_LOG_COND_NAMED[m[K’
[4.556s]        rcutils_log(&__rcutils_logging_location, severity, name, [01;36m[K__VA_ARGS__[m[K); \
[4.557s]                                                                 [01;36m[K^~~~~~~~~~~[m[K
[4.558s] [01m[K/opt/ros/eloquent/include/rclcpp/logging.hpp:541:5:[m[K [01;36m[Knote: [m[Kin expansion of macro ‘[01m[KRCUTILS_LOG_INFO_NAMED[m[K’
[4.559s]      [01;36m[KRCUTILS_LOG_INFO_NAMED[m[K( \
[4.559s]      [01;36m[K^~~~~~~~~~~~~~~~~~~~~~[m[K
[4.560s] [01m[K/opt/ros/eloquent/include/rclcpp/logging.hpp:544:9:[m[K [01;36m[Knote: [m[Kin expansion of macro ‘[01m[KRCLCPP_ALL_BUT_FIRST_ARGS[m[K’
[4.560s]          [01;36m[KRCLCPP_ALL_BUT_FIRST_ARGS[m[K(__VA_ARGS__,"")); \
[4.561s]          [01;36m[K^~~~~~~~~~~~~~~~~~~~~~~~~[m[K
[4.561s] [01m[K/home/jiseongyoo/ros2_examples/src/param_cpp_example/src/param_client_cpp_example.cpp:64:7:[m[K [01;36m[Knote: [m[Kin expansion of macro ‘[01m[KRCLCPP_INFO[m[K’
[4.561s]        [01;36m[KRCLCPP_INFO[m[K(this->get_logger(), "Successed to set '%s' : %s, %s",
[4.562s]        [01;36m[K^~~~~~~~~~~[m[K
[4.562s] [01m[K/home/jiseongyoo/ros2_examples/src/param_cpp_example/src/param_client_cpp_example.cpp:66:57:[m[K [01;31m[Kerror: [m[K‘[01m[Ki[m[K’ was not declared in this scope
[4.563s]            parameter_client_->get_parameters({param_name[[01;31m[Ki[m[K]})[0].get_name().c_str(),
[4.563s]                                                          [01;31m[K^[m[K
[4.564s] [01m[K/opt/ros/eloquent/include/rcutils/logging_macros.h:72:64:[m[K [01;36m[Knote: [m[Kin definition of macro ‘[01m[KRCUTILS_LOG_COND_NAMED[m[K’
[4.564s]        rcutils_log(&__rcutils_logging_location, severity, name, [01;36m[K__VA_ARGS__[m[K); \
[4.565s]                                                                 [01;36m[K^~~~~~~~~~~[m[K
[4.565s] [01m[K/opt/ros/eloquent/include/rclcpp/logging.hpp:541:5:[m[K [01;36m[Knote: [m[Kin expansion of macro ‘[01m[KRCUTILS_LOG_INFO_NAMED[m[K’
[4.565s]      [01;36m[KRCUTILS_LOG_INFO_NAMED[m[K( \
[4.566s]      [01;36m[K^~~~~~~~~~~~~~~~~~~~~~[m[K
[4.566s] [01m[K/opt/ros/eloquent/include/rclcpp/logging.hpp:544:9:[m[K [01;36m[Knote: [m[Kin expansion of macro ‘[01m[KRCLCPP_ALL_BUT_FIRST_ARGS[m[K’
[4.567s]          [01;36m[KRCLCPP_ALL_BUT_FIRST_ARGS[m[K(__VA_ARGS__,"")); \
[4.567s]          [01;36m[K^~~~~~~~~~~~~~~~~~~~~~~~~[m[K
[4.568s] [01m[K/home/jiseongyoo/ros2_examples/src/param_cpp_example/src/param_client_cpp_example.cpp:64:7:[m[K [01;36m[Knote: [m[Kin expansion of macro ‘[01m[KRCLCPP_INFO[m[K’
[4.568s]        [01;36m[KRCLCPP_INFO[m[K(this->get_logger(), "Successed to set '%s' : %s, %s",
[4.568s]        [01;36m[K^~~~~~~~~~~[m[K
[4.569s] [01m[K/home/jiseongyoo/ros2_examples/src/param_cpp_example/src/param_client_cpp_example.cpp:66:60:[m[K [01;31m[Kerror: [m[Kno matching function for call to ‘[01m[Krclcpp::SyncParametersClient::get_parameters(<brace-enclosed initializer list>)[m[K’
[4.569s]            parameter_client_->get_parameters({param_name[i]}[01;31m[K)[m[K[0].get_name().c_str(),
[4.570s]                                                             [01;31m[K^[m[K
[4.570s] [01m[K/opt/ros/eloquent/include/rcutils/logging_macros.h:72:64:[m[K [01;36m[Knote: [m[Kin definition of macro ‘[01m[KRCUTILS_LOG_COND_NAMED[m[K’
[4.570s]        rcutils_log(&__rcutils_logging_location, severity, name, [01;36m[K__VA_ARGS__[m[K); \
[4.571s]                                                                 [01;36m[K^~~~~~~~~~~[m[K
[4.571s] [01m[K/opt/ros/eloquent/include/rclcpp/logging.hpp:541:5:[m[K [01;36m[Knote: [m[Kin expansion of macro ‘[01m[KRCUTILS_LOG_INFO_NAMED[m[K’
[4.572s]      [01;36m[KRCUTILS_LOG_INFO_NAMED[m[K( \
[4.572s]      [01;36m[K^~~~~~~~~~~~~~~~~~~~~~[m[K
[4.573s] [01m[K/opt/ros/eloquent/include/rclcpp/logging.hpp:544:9:[m[K [01;36m[Knote: [m[Kin expansion of macro ‘[01m[KRCLCPP_ALL_BUT_FIRST_ARGS[m[K’
[4.573s]          [01;36m[KRCLCPP_ALL_BUT_FIRST_ARGS[m[K(__VA_ARGS__,"")); \
[4.573s]          [01;36m[K^~~~~~~~~~~~~~~~~~~~~~~~~[m[K
[4.574s] [01m[K/home/jiseongyoo/ros2_examples/src/param_cpp_example/src/param_client_cpp_example.cpp:64:7:[m[K [01;36m[Knote: [m[Kin expansion of macro ‘[01m[KRCLCPP_INFO[m[K’
[4.574s]        [01;36m[KRCLCPP_INFO[m[K(this->get_logger(), "Successed to set '%s' : %s, %s",
[4.575s]        [01;36m[K^~~~~~~~~~~[m[K
[4.575s] In file included from [01m[K/opt/ros/eloquent/include/rclcpp/rclcpp.hpp:149:0[m[K,
[4.576s]                  from [01m[K/home/jiseongyoo/ros2_examples/src/param_cpp_example/src/param_client_cpp_example.cpp:19[m[K:
[4.576s] [01m[K/opt/ros/eloquent/include/rclcpp/parameter_client.hpp:238:3:[m[K [01;36m[Knote: [m[Kcandidate: std::vector<rclcpp::Parameter> rclcpp::SyncParametersClient::get_parameters(const std::vector<std::__cxx11::basic_string<char> >&)
[4.577s]    [01;36m[Kget_parameters[m[K(const std::vector<std::string> & parameter_names);
[4.577s]    [01;36m[K^~~~~~~~~~~~~~[m[K
[4.577s] [01m[K/opt/ros/eloquent/include/rclcpp/parameter_client.hpp:238:3:[m[K [01;36m[Knote: [m[K  no known conversion for argument 1 from ‘[01m[K<brace-enclosed initializer list>[m[K’ to ‘[01m[Kconst std::vector<std::__cxx11::basic_string<char> >&[m[K’
[4.578s] In file included from [01m[K/opt/ros/eloquent/include/rclcpp/client.hpp:39:0[m[K,
[4.578s]                  from [01m[K/opt/ros/eloquent/include/rclcpp/callback_group.hpp:23[m[K,
[4.579s]                  from [01m[K/opt/ros/eloquent/include/rclcpp/any_executable.hpp:20[m[K,
[4.579s]                  from [01m[K/opt/ros/eloquent/include/rclcpp/memory_strategy.hpp:24[m[K,
[4.579s]                  from [01m[K/opt/ros/eloquent/include/rclcpp/memory_strategies.hpp:18[m[K,
[4.580s]                  from [01m[K/opt/ros/eloquent/include/rclcpp/executor.hpp:33[m[K,
[4.580s]                  from [01m[K/opt/ros/eloquent/include/rclcpp/executors/multi_threaded_executor.hpp:25[m[K,
[4.581s]                  from [01m[K/opt/ros/eloquent/include/rclcpp/executors.hpp:21[m[K,
[4.581s]                  from [01m[K/opt/ros/eloquent/include/rclcpp/rclcpp.hpp:145[m[K,
[4.582s]                  from [01m[K/home/jiseongyoo/ros2_examples/src/param_cpp_example/src/param_client_cpp_example.cpp:19[m[K:
[4.582s] [01m[K/home/jiseongyoo/ros2_examples/src/param_cpp_example/src/param_client_cpp_example.cpp:68:60:[m[K [01;31m[Kerror: [m[Kno matching function for call to ‘[01m[Krclcpp::SyncParametersClient::get_parameters(<brace-enclosed initializer list>)[m[K’
[4.582s]            parameter_client_->get_parameters({param_name[i]}[01;31m[K)[m[K[0].value_to_string().c_str()
[4.583s]                                                             [01;31m[K^[m[K
[4.583s] [01m[K/opt/ros/eloquent/include/rcutils/logging_macros.h:72:64:[m[K [01;36m[Knote: [m[Kin definition of macro ‘[01m[KRCUTILS_LOG_COND_NAMED[m[K’
[4.584s]        rcutils_log(&__rcutils_logging_location, severity, name, [01;36m[K__VA_ARGS__[m[K); \
[4.584s]                                                                 [01;36m[K^~~~~~~~~~~[m[K
[4.585s] [01m[K/opt/ros/eloquent/include/rclcpp/logging.hpp:541:5:[m[K [01;36m[Knote: [m[Kin expansion of macro ‘[01m[KRCUTILS_LOG_INFO_NAMED[m[K’
[4.585s]      [01;36m[KRCUTILS_LOG_INFO_NAMED[m[K( \
[4.585s]      [01;36m[K^~~~~~~~~~~~~~~~~~~~~~[m[K
[4.586s] [01m[K/opt/ros/eloquent/include/rclcpp/logging.hpp:544:9:[m[K [01;36m[Knote: [m[Kin expansion of macro ‘[01m[KRCLCPP_ALL_BUT_FIRST_ARGS[m[K’
[4.586s]          [01;36m[KRCLCPP_ALL_BUT_FIRST_ARGS[m[K(__VA_ARGS__,"")); \
[4.587s]          [01;36m[K^~~~~~~~~~~~~~~~~~~~~~~~~[m[K
[4.587s] [01m[K/home/jiseongyoo/ros2_examples/src/param_cpp_example/src/param_client_cpp_example.cpp:64:7:[m[K [01;36m[Knote: [m[Kin expansion of macro ‘[01m[KRCLCPP_INFO[m[K’
[4.588s]        [01;36m[KRCLCPP_INFO[m[K(this->get_logger(), "Successed to set '%s' : %s, %s",
[4.588s]        [01;36m[K^~~~~~~~~~~[m[K
[4.589s] In file included from [01m[K/opt/ros/eloquent/include/rclcpp/rclcpp.hpp:149:0[m[K,
[4.589s]                  from [01m[K/home/jiseongyoo/ros2_examples/src/param_cpp_example/src/param_client_cpp_example.cpp:19[m[K:
[4.590s] [01m[K/opt/ros/eloquent/include/rclcpp/parameter_client.hpp:238:3:[m[K [01;36m[Knote: [m[Kcandidate: std::vector<rclcpp::Parameter> rclcpp::SyncParametersClient::get_parameters(const std::vector<std::__cxx11::basic_string<char> >&)
[4.590s]    [01;36m[Kget_parameters[m[K(const std::vector<std::string> & parameter_names);
[4.590s]    [01;36m[K^~~~~~~~~~~~~~[m[K
[4.591s] [01m[K/opt/ros/eloquent/include/rclcpp/parameter_client.hpp:238:3:[m[K [01;36m[Knote: [m[K  no known conversion for argument 1 from ‘[01m[K<brace-enclosed initializer list>[m[K’ to ‘[01m[Kconst std::vector<std::__cxx11::basic_string<char> >&[m[K’
[5.353s] CMakeFiles/param_client_cpp.dir/build.make:62: recipe for target 'CMakeFiles/param_client_cpp.dir/src/param_client_cpp_example.cpp.o' failed
[5.355s] make[2]: *** [CMakeFiles/param_client_cpp.dir/src/param_client_cpp_example.cpp.o] Error 1
[5.357s] make[1]: *** [CMakeFiles/param_client_cpp.dir/all] Error 2
[5.357s] make: *** [all] Error 2
[5.358s] CMakeFiles/Makefile2:168: recipe for target 'CMakeFiles/param_client_cpp.dir/all' failed
[5.361s] Makefile:140: recipe for target 'all' failed
