[0.191s] -- Found ament_cmake: 0.8.2 (/opt/ros/eloquent/share/ament_cmake/cmake)
[0.300s] -- Using PYTHON_EXECUTABLE: /usr/bin/python3
[1.078s] -- Found rclcpp: 0.8.4 (/opt/ros/eloquent/share/rclcpp/cmake)
[1.127s] -- Found rosidl_adapter: 0.8.2 (/opt/ros/eloquent/share/rosidl_adapter/cmake)
[1.269s] -- Found rmw_implementation_cmake: 0.8.1 (/opt/ros/eloquent/share/rmw_implementation_cmake/cmake)
[1.274s] -- Using RMW implementation 'rmw_fastrtps_cpp' as default
[1.400s] -- Found rclcpp_action: 0.8.4 (/opt/ros/eloquent/share/rclcpp_action/cmake)
[1.644s] -- Found rclcpp_components: 0.8.4 (/opt/ros/eloquent/share/rclcpp_components/cmake)
[1.655s] -- Found poco_vendor:  (/opt/ros/eloquent/share/poco_vendor/cmake)
[1.726s] -- Found interfaces: 0.0.0 (/home/jiseongyoo/ros2_examples/install/interfaces/share/interfaces/cmake)
[2.342s] -- Found ament_lint_auto: 0.8.1 (/opt/ros/eloquent/share/ament_lint_auto/cmake)
[2.624s] -- Added test 'copyright' to check for copyright in CMake / C / C++ / Python code
[2.628s] -- Added test 'cppcheck' to perform static code analysis on C / C++ code
[2.630s] -- Configured cppcheck include dirs: /home/jiseongyoo/ros2_examples/src/composition_cpp_example/include
[2.634s] -- Added test 'cpplint' to check C / C++ code against the Google style
[2.636s] -- Added test 'lint_cmake' to check CMake code style
[2.641s] -- Added test 'uncrustify' to check C / C++ code style
[2.643s] -- Added test 'xmllint' to check XML markup files
[2.657s] -- Configuring done
[3.114s] -- Generating done
[3.122s] -- Build files have been written to: /home/jiseongyoo/ros2_examples/build/composition_cpp_example
[3.239s] [35m[1mScanning dependencies of target component_action_server_cpp[0m
[3.341s] [ 16%] Built target component_service_server_cpp
[3.416s] [ 25%] [32mBuilding CXX object CMakeFiles/component_action_server_cpp.dir/src/component_action_server_cpp_example.cpp.o[0m
[3.478s] [ 41%] Built target component_sub_cpp
[3.624s] [ 58%] Built target component_service_client_cpp
[3.749s] [ 75%] Built target component_pub_cpp
[9.404s] CMakeFiles/component_action_server_cpp.dir/build.make:62: recipe for target 'CMakeFiles/component_action_server_cpp.dir/src/component_action_server_cpp_example.cpp.o' failed
[9.417s] CMakeFiles/Makefile2:108: recipe for target 'CMakeFiles/component_action_server_cpp.dir/all' failed
[9.417s] Makefile:140: recipe for target 'all' failed
