[0.210s] -- Found ament_cmake: 0.8.2 (/opt/ros/eloquent/share/ament_cmake/cmake)
[0.330s] -- Using PYTHON_EXECUTABLE: /usr/bin/python3
[1.120s] -- Found rclcpp: 0.8.4 (/opt/ros/eloquent/share/rclcpp/cmake)
[1.172s] -- Found rosidl_adapter: 0.8.2 (/opt/ros/eloquent/share/rosidl_adapter/cmake)
[1.323s] -- Found rmw_implementation_cmake: 0.8.1 (/opt/ros/eloquent/share/rmw_implementation_cmake/cmake)
[1.328s] -- Using RMW implementation 'rmw_fastrtps_cpp' as default
[1.516s] -- Found ament_lint_auto: 0.8.1 (/opt/ros/eloquent/share/ament_lint_auto/cmake)
[1.798s] -- Added test 'copyright' to check for copyright in CMake / C / C++ / Python code
[1.802s] -- Added test 'cppcheck' to perform static code analysis on C / C++ code
[1.803s] -- Configured cppcheck include dirs: 
[1.805s] -- Added test 'cpplint' to check C / C++ code against the Google style
[1.807s] -- Added test 'lint_cmake' to check CMake code style
[1.811s] -- Added test 'uncrustify' to check C / C++ code style
[1.812s] -- Added test 'xmllint' to check XML markup files
[1.823s] -- Configuring done
[1.873s] -- Generating done
[1.879s] -- Build files have been written to: /home/jiseongyoo/ros2_examples/build/pub_sub_cpp_template
[2.049s] [ 50%] [32m[1mLinking CXX executable pub_cpp_template[0m
[2.834s] CMakeFiles/pub_cpp_template.dir/build.make:129: recipe for target 'pub_cpp_template' failed
[2.835s] CMakeFiles/Makefile2:131: recipe for target 'CMakeFiles/pub_cpp_template.dir/all' failed
[2.843s] Makefile:140: recipe for target 'all' failed
