[5.622s] In file included from [01m[K/home/jiseongyoo/ros2_examples/src/composition_cpp_example/src/component_action_server_cpp_example.cpp:1:0[m[K:
[5.624s] [01m[K/home/jiseongyoo/ros2_examples/src/composition_cpp_example/include/composition_cpp_example/component_action_server_cpp_example.hpp:33:70:[m[K [01;31m[Kerror: [m[KISO C++ forbids declaration of ‘[01m[KComoponentActionServerExample[m[K’ with no type [[01;31m[K-fpermissive[m[K]
[5.626s]      ComoponentActionServerExample(const rclcpp::NodeOptions & options[01;31m[K)[m[K;
[5.627s]                                                                       [01;31m[K^[m[K
[5.640s] In file included from [01m[K/opt/ros/eloquent/include/rclcpp/client.hpp:39:0[m[K,
[5.640s]                  from [01m[K/opt/ros/eloquent/include/rclcpp/callback_group.hpp:23[m[K,
[5.641s]                  from [01m[K/opt/ros/eloquent/include/rclcpp/any_executable.hpp:20[m[K,
[5.642s]                  from [01m[K/opt/ros/eloquent/include/rclcpp/memory_strategy.hpp:24[m[K,
[5.642s]                  from [01m[K/opt/ros/eloquent/include/rclcpp/memory_strategies.hpp:18[m[K,
[5.643s]                  from [01m[K/opt/ros/eloquent/include/rclcpp/executor.hpp:33[m[K,
[5.643s]                  from [01m[K/opt/ros/eloquent/include/rclcpp/executors/multi_threaded_executor.hpp:25[m[K,
[5.644s]                  from [01m[K/opt/ros/eloquent/include/rclcpp/executors.hpp:21[m[K,
[5.644s]                  from [01m[K/opt/ros/eloquent/include/rclcpp/rclcpp.hpp:145[m[K,
[5.645s]                  from [01m[K/home/jiseongyoo/ros2_examples/src/composition_cpp_example/include/composition_cpp_example/component_action_server_cpp_example.hpp:5[m[K,
[5.645s]                  from [01m[K/home/jiseongyoo/ros2_examples/src/composition_cpp_example/src/component_action_server_cpp_example.cpp:1[m[K:
[5.646s] [01m[K/home/jiseongyoo/ros2_examples/src/composition_cpp_example/src/component_action_server_cpp_example.cpp:[m[K In member function ‘[01m[Krclcpp_action::GoalResponse component::ComponentActionServerExample::handle_goal(const GoalUUID&, std::shared_ptr<const interfaces::action::Example_Goal_<std::allocator<void> > >)[m[K’:
[5.646s] [01m[K/home/jiseongyoo/ros2_examples/src/composition_cpp_example/src/component_action_server_cpp_example.cpp:13:83:[m[K [01;31m[Kerror: [m[K‘[01m[Kusing element_type = class rclcpp_action::Server<interfaces::action::Example> {aka class rclcpp_action::Server<interfaces::action::Example>}[m[K’ has no member named ‘[01m[Kaction_name[m[K’
[5.647s]      RCLCPP_INFO(this->get_logger(), "Action requested '%s' : %s", action_server_->[01;31m[Ka[m[Kction_name, goal->goal.c_str());
[5.648s]                                                                                    [01;31m[K^[m[K
[5.648s] [01m[K/opt/ros/eloquent/include/rcutils/logging_macros.h:72:64:[m[K [01;36m[Knote: [m[Kin definition of macro ‘[01m[KRCUTILS_LOG_COND_NAMED[m[K’
[5.649s]        rcutils_log(&__rcutils_logging_location, severity, name, [01;36m[K__VA_ARGS__[m[K); \
[5.649s]                                                                 [01;36m[K^~~~~~~~~~~[m[K
[5.650s] [01m[K/opt/ros/eloquent/include/rclcpp/logging.hpp:541:5:[m[K [01;36m[Knote: [m[Kin expansion of macro ‘[01m[KRCUTILS_LOG_INFO_NAMED[m[K’
[5.650s]      [01;36m[KRCUTILS_LOG_INFO_NAMED[m[K( \
[5.651s]      [01;36m[K^~~~~~~~~~~~~~~~~~~~~~[m[K
[5.651s] [01m[K/opt/ros/eloquent/include/rclcpp/logging.hpp:544:9:[m[K [01;36m[Knote: [m[Kin expansion of macro ‘[01m[KRCLCPP_ALL_BUT_FIRST_ARGS[m[K’
[5.651s]          [01;36m[KRCLCPP_ALL_BUT_FIRST_ARGS[m[K(__VA_ARGS__,"")); \
[5.652s]          [01;36m[K^~~~~~~~~~~~~~~~~~~~~~~~~[m[K
[5.652s] [01m[K/home/jiseongyoo/ros2_examples/src/composition_cpp_example/src/component_action_server_cpp_example.cpp:13:5:[m[K [01;36m[Knote: [m[Kin expansion of macro ‘[01m[KRCLCPP_INFO[m[K’
[5.652s]      [01;36m[KRCLCPP_INFO[m[K(this->get_logger(), "Action requested '%s' : %s", action_server_->action_name, goal->goal.c_str());
[5.653s]      [01;36m[K^~~~~~~~~~~[m[K
[5.655s] [01m[K/home/jiseongyoo/ros2_examples/src/composition_cpp_example/src/component_action_server_cpp_example.cpp:[m[K In member function ‘[01m[Krclcpp_action::CancelResponse component::ComponentActionServerExample::handle_cancel(std::shared_ptr<rclcpp_action::ServerGoalHandle<interfaces::action::Example> >)[m[K’:
[5.655s] [01m[K/home/jiseongyoo/ros2_examples/src/composition_cpp_example/src/component_action_server_cpp_example.cpp:34:79:[m[K [01;31m[Kerror: [m[K‘[01m[Kusing element_type = class rclcpp_action::Server<interfaces::action::Example> {aka class rclcpp_action::Server<interfaces::action::Example>}[m[K’ has no member named ‘[01m[Kget_server_name[m[K’
[5.655s]      RCLCPP_INFO(this->get_logger(), "Action '%s' : canceled", action_server_->[01;31m[Kg[m[Ket_server_name());
[5.656s]                                                                                [01;31m[K^[m[K
[5.656s] [01m[K/opt/ros/eloquent/include/rcutils/logging_macros.h:72:64:[m[K [01;36m[Knote: [m[Kin definition of macro ‘[01m[KRCUTILS_LOG_COND_NAMED[m[K’
[5.656s]        rcutils_log(&__rcutils_logging_location, severity, name, [01;36m[K__VA_ARGS__[m[K); \
[5.657s]                                                                 [01;36m[K^~~~~~~~~~~[m[K
[5.657s] [01m[K/opt/ros/eloquent/include/rclcpp/logging.hpp:541:5:[m[K [01;36m[Knote: [m[Kin expansion of macro ‘[01m[KRCUTILS_LOG_INFO_NAMED[m[K’
[5.658s]      [01;36m[KRCUTILS_LOG_INFO_NAMED[m[K( \
[5.658s]      [01;36m[K^~~~~~~~~~~~~~~~~~~~~~[m[K
[5.659s] [01m[K/opt/ros/eloquent/include/rclcpp/logging.hpp:544:9:[m[K [01;36m[Knote: [m[Kin expansion of macro ‘[01m[KRCLCPP_ALL_BUT_FIRST_ARGS[m[K’
[5.659s]          [01;36m[KRCLCPP_ALL_BUT_FIRST_ARGS[m[K(__VA_ARGS__,"")); \
[5.660s]          [01;36m[K^~~~~~~~~~~~~~~~~~~~~~~~~[m[K
[5.660s] [01m[K/home/jiseongyoo/ros2_examples/src/composition_cpp_example/src/component_action_server_cpp_example.cpp:34:5:[m[K [01;36m[Knote: [m[Kin expansion of macro ‘[01m[KRCLCPP_INFO[m[K’
[5.661s]      [01;36m[KRCLCPP_INFO[m[K(this->get_logger(), "Action '%s' : canceled", action_server_->get_server_name());
[5.661s]      [01;36m[K^~~~~~~~~~~[m[K
[5.705s] [01m[K/home/jiseongyoo/ros2_examples/src/composition_cpp_example/src/component_action_server_cpp_example.cpp:[m[K In member function ‘[01m[Kvoid component::ComponentActionServerExample::execute(std::shared_ptr<rclcpp_action::ServerGoalHandle<interfaces::action::Example> >)[m[K’:
[5.707s] [01m[K/home/jiseongyoo/ros2_examples/src/composition_cpp_example/src/component_action_server_cpp_example.cpp:53:79:[m[K [01;31m[Kerror: [m[K‘[01m[Kusing element_type = class rclcpp_action::Server<interfaces::action::Example> {aka class rclcpp_action::Server<interfaces::action::Example>}[m[K’ has no member named ‘[01m[Kget_server_name[m[K’
[5.709s]      RCLCPP_INFO(this->get_logger(), "Action '%s' : executed", action_server_->[01;31m[Kg[m[Ket_server_name());
[5.719s]                                                                                [01;31m[K^[m[K
[5.719s] [01m[K/opt/ros/eloquent/include/rcutils/logging_macros.h:72:64:[m[K [01;36m[Knote: [m[Kin definition of macro ‘[01m[KRCUTILS_LOG_COND_NAMED[m[K’
[5.720s]        rcutils_log(&__rcutils_logging_location, severity, name, [01;36m[K__VA_ARGS__[m[K); \
[5.720s]                                                                 [01;36m[K^~~~~~~~~~~[m[K
[5.721s] [01m[K/opt/ros/eloquent/include/rclcpp/logging.hpp:541:5:[m[K [01;36m[Knote: [m[Kin expansion of macro ‘[01m[KRCUTILS_LOG_INFO_NAMED[m[K’
[5.721s]      [01;36m[KRCUTILS_LOG_INFO_NAMED[m[K( \
[5.721s]      [01;36m[K^~~~~~~~~~~~~~~~~~~~~~[m[K
[5.722s] [01m[K/opt/ros/eloquent/include/rclcpp/logging.hpp:544:9:[m[K [01;36m[Knote: [m[Kin expansion of macro ‘[01m[KRCLCPP_ALL_BUT_FIRST_ARGS[m[K’
[5.722s]          [01;36m[KRCLCPP_ALL_BUT_FIRST_ARGS[m[K(__VA_ARGS__,"")); \
[5.722s]          [01;36m[K^~~~~~~~~~~~~~~~~~~~~~~~~[m[K
[5.723s] [01m[K/home/jiseongyoo/ros2_examples/src/composition_cpp_example/src/component_action_server_cpp_example.cpp:53:5:[m[K [01;36m[Knote: [m[Kin expansion of macro ‘[01m[KRCLCPP_INFO[m[K’
[5.723s]      [01;36m[KRCLCPP_INFO[m[K(this->get_logger(), "Action '%s' : executed", action_server_->get_server_name());
[5.723s]      [01;36m[K^~~~~~~~~~~[m[K
[5.764s] [01m[K/home/jiseongyoo/ros2_examples/src/composition_cpp_example/src/component_action_server_cpp_example.cpp:74:82:[m[K [01;31m[Kerror: [m[K‘[01m[Kusing element_type = class rclcpp_action::Server<interfaces::action::Example> {aka class rclcpp_action::Server<interfaces::action::Example>}[m[K’ has no member named ‘[01m[Kget_server_name[m[K’
[5.766s]          RCLCPP_INFO(this->get_logger(), "Action 's' : canceled", action_server_->[01;31m[Kg[m[Ket_server_name());
[5.790s]                                                                                   [01;31m[K^[m[K
[5.790s] [01m[K/opt/ros/eloquent/include/rcutils/logging_macros.h:72:64:[m[K [01;36m[Knote: [m[Kin definition of macro ‘[01m[KRCUTILS_LOG_COND_NAMED[m[K’
[5.791s]        rcutils_log(&__rcutils_logging_location, severity, name, [01;36m[K__VA_ARGS__[m[K); \
[5.792s]                                                                 [01;36m[K^~~~~~~~~~~[m[K
[5.793s] [01m[K/opt/ros/eloquent/include/rclcpp/logging.hpp:541:5:[m[K [01;36m[Knote: [m[Kin expansion of macro ‘[01m[KRCUTILS_LOG_INFO_NAMED[m[K’
[5.793s]      [01;36m[KRCUTILS_LOG_INFO_NAMED[m[K( \
[5.794s]      [01;36m[K^~~~~~~~~~~~~~~~~~~~~~[m[K
[5.794s] [01m[K/opt/ros/eloquent/include/rclcpp/logging.hpp:544:9:[m[K [01;36m[Knote: [m[Kin expansion of macro ‘[01m[KRCLCPP_ALL_BUT_FIRST_ARGS[m[K’
[5.795s]          [01;36m[KRCLCPP_ALL_BUT_FIRST_ARGS[m[K(__VA_ARGS__,"")); \
[5.796s]          [01;36m[K^~~~~~~~~~~~~~~~~~~~~~~~~[m[K
[5.796s] [01m[K/home/jiseongyoo/ros2_examples/src/composition_cpp_example/src/component_action_server_cpp_example.cpp:74:9:[m[K [01;36m[Knote: [m[Kin expansion of macro ‘[01m[KRCLCPP_INFO[m[K’
[5.797s]          [01;36m[KRCLCPP_INFO[m[K(this->get_logger(), "Action 's' : canceled", action_server_->get_server_name());
[5.798s]          [01;36m[K^~~~~~~~~~~[m[K
[5.798s] [01m[K/home/jiseongyoo/ros2_examples/src/composition_cpp_example/src/component_action_server_cpp_example.cpp:90:87:[m[K [01;31m[Kerror: [m[K‘[01m[Kusing element_type = class rclcpp_action::Server<interfaces::action::Example> {aka class rclcpp_action::Server<interfaces::action::Example>}[m[K’ has no member named ‘[01m[Kget_server_name[m[K’
[5.799s]        RCLCPP_INFO(this->get_logger(), "Feedback published '%s' : %s", action_server_->[01;31m[Kg[m[Ket_server_name(), feedback->feedback.c_str());
[5.799s]                                                                                        [01;31m[K^[m[K
[5.799s] [01m[K/opt/ros/eloquent/include/rcutils/logging_macros.h:72:64:[m[K [01;36m[Knote: [m[Kin definition of macro ‘[01m[KRCUTILS_LOG_COND_NAMED[m[K’
[5.800s]        rcutils_log(&__rcutils_logging_location, severity, name, [01;36m[K__VA_ARGS__[m[K); \
[5.801s]                                                                 [01;36m[K^~~~~~~~~~~[m[K
[5.801s] [01m[K/opt/ros/eloquent/include/rclcpp/logging.hpp:541:5:[m[K [01;36m[Knote: [m[Kin expansion of macro ‘[01m[KRCUTILS_LOG_INFO_NAMED[m[K’
[5.801s]      [01;36m[KRCUTILS_LOG_INFO_NAMED[m[K( \
[5.802s]      [01;36m[K^~~~~~~~~~~~~~~~~~~~~~[m[K
[5.802s] [01m[K/opt/ros/eloquent/include/rclcpp/logging.hpp:544:9:[m[K [01;36m[Knote: [m[Kin expansion of macro ‘[01m[KRCLCPP_ALL_BUT_FIRST_ARGS[m[K’
[5.802s]          [01;36m[KRCLCPP_ALL_BUT_FIRST_ARGS[m[K(__VA_ARGS__,"")); \
[5.803s]          [01;36m[K^~~~~~~~~~~~~~~~~~~~~~~~~[m[K
[5.803s] [01m[K/home/jiseongyoo/ros2_examples/src/composition_cpp_example/src/component_action_server_cpp_example.cpp:90:7:[m[K [01;36m[Knote: [m[Kin expansion of macro ‘[01m[KRCLCPP_INFO[m[K’
[5.804s]        [01;36m[KRCLCPP_INFO[m[K(this->get_logger(), "Feedback published '%s' : %s", action_server_->get_server_name(), feedback->feedback.c_str());
[5.804s]        [01;36m[K^~~~~~~~~~~[m[K
[5.804s] [01m[K/home/jiseongyoo/ros2_examples/src/composition_cpp_example/src/component_action_server_cpp_example.cpp:106:75:[m[K [01;31m[Kerror: [m[K‘[01m[Kusing element_type = class rclcpp_action::Server<interfaces::action::Example> {aka class rclcpp_action::Server<interfaces::action::Example>}[m[K’ has no member named ‘[01m[Kget_server_name[m[K’
[5.805s]        RCLCPP_INFO(this->get_logger(), "Action '%s' : %s", action_server_->[01;31m[Kg[m[Ket_server_name(), result->result.c_str());
[5.805s]                                                                            [01;31m[K^[m[K
[5.805s] [01m[K/opt/ros/eloquent/include/rcutils/logging_macros.h:72:64:[m[K [01;36m[Knote: [m[Kin definition of macro ‘[01m[KRCUTILS_LOG_COND_NAMED[m[K’
[5.806s]        rcutils_log(&__rcutils_logging_location, severity, name, [01;36m[K__VA_ARGS__[m[K); \
[5.806s]                                                                 [01;36m[K^~~~~~~~~~~[m[K
[5.806s] [01m[K/opt/ros/eloquent/include/rclcpp/logging.hpp:541:5:[m[K [01;36m[Knote: [m[Kin expansion of macro ‘[01m[KRCUTILS_LOG_INFO_NAMED[m[K’
[5.807s]      [01;36m[KRCUTILS_LOG_INFO_NAMED[m[K( \
[5.807s]      [01;36m[K^~~~~~~~~~~~~~~~~~~~~~[m[K
[5.808s] [01m[K/opt/ros/eloquent/include/rclcpp/logging.hpp:544:9:[m[K [01;36m[Knote: [m[Kin expansion of macro ‘[01m[KRCLCPP_ALL_BUT_FIRST_ARGS[m[K’
[5.808s]          [01;36m[KRCLCPP_ALL_BUT_FIRST_ARGS[m[K(__VA_ARGS__,"")); \
[5.808s]          [01;36m[K^~~~~~~~~~~~~~~~~~~~~~~~~[m[K
[5.809s] [01m[K/home/jiseongyoo/ros2_examples/src/composition_cpp_example/src/component_action_server_cpp_example.cpp:106:7:[m[K [01;36m[Knote: [m[Kin expansion of macro ‘[01m[KRCLCPP_INFO[m[K’
[5.809s]        [01;36m[KRCLCPP_INFO[m[K(this->get_logger(), "Action '%s' : %s", action_server_->get_server_name(), result->result.c_str());
[5.810s]        [01;36m[K^~~~~~~~~~~[m[K
[5.810s] [01m[K/home/jiseongyoo/ros2_examples/src/composition_cpp_example/src/component_action_server_cpp_example.cpp:[m[K At global scope:
[5.810s] [01m[K/home/jiseongyoo/ros2_examples/src/composition_cpp_example/src/component_action_server_cpp_example.cpp:110:98:[m[K [01;31m[Kerror: [m[KISO C++ forbids declaration of ‘[01m[KComoponentActionServerExample[m[K’ with no type [[01;31m[K-fpermissive[m[K]
[5.818s]    ComponentActionServerExample::ComoponentActionServerExample(const rclcpp::NodeOptions & options[01;31m[K)[m[K
[5.819s]                                                                                                   [01;31m[K^[m[K
[5.819s] [01m[K/home/jiseongyoo/ros2_examples/src/composition_cpp_example/src/component_action_server_cpp_example.cpp:[m[K In member function ‘[01m[Kint component::ComponentActionServerExample::ComoponentActionServerExample(const rclcpp::NodeOptions&)[m[K’:
[5.819s] [01m[K/home/jiseongyoo/ros2_examples/src/composition_cpp_example/src/component_action_server_cpp_example.cpp:111:7:[m[K [01;31m[Kerror: [m[Konly constructors take member initializers
[5.820s]      : [01;31m[KNode[m[K("action_server", options){
[5.820s]        [01;31m[K^~~~[m[K
[5.951s] [01m[K/home/jiseongyoo/ros2_examples/src/composition_cpp_example/src/component_action_server_cpp_example.cpp:129:3:[m[K [01;35m[Kwarning: [m[Kno return statement in function returning non-void [[01;35m[K-Wreturn-type[m[K]
[5.952s]    [01;35m[K}[m[K
[5.952s]    [01;35m[K^[m[K
[8.660s] make[2]: *** [CMakeFiles/component_action_server_cpp.dir/src/component_action_server_cpp_example.cpp.o] Error 1
[8.666s] make[1]: *** [CMakeFiles/component_action_server_cpp.dir/all] Error 2
[8.667s] make: *** [all] Error 2
