[0.271s] [35m[1mScanning dependencies of target pub_cpp[0m
[0.412s] [ 50%] [32mBuilding CXX object CMakeFiles/pub_cpp.dir/src/pub_cpp_template.cpp.o[0m
[9.460s] [100%] [32m[1mLinking CXX executable pub_cpp[0m
[10.320s] [100%] Built target pub_cpp
[10.824s] [100%] Built target pub_cpp
[10.906s] [36mInstall the project...[0m
[10.942s] -- Install configuration: ""
[10.944s] -- Installing: /home/jiseongyoo/ros2_examples/install/pubsub_cpp_template/lib/pubsub_cpp_template/pub_cpp
[10.953s] -- Set runtime path of "/home/jiseongyoo/ros2_examples/install/pubsub_cpp_template/lib/pubsub_cpp_template/pub_cpp" to ""
[10.954s] -- Up-to-date: /home/jiseongyoo/ros2_examples/install/pubsub_cpp_template/share/ament_index/resource_index/package_run_dependencies/pubsub_cpp_template
[10.955s] -- Up-to-date: /home/jiseongyoo/ros2_examples/install/pubsub_cpp_template/share/ament_index/resource_index/parent_prefix_path/pubsub_cpp_template
[10.956s] -- Up-to-date: /home/jiseongyoo/ros2_examples/install/pubsub_cpp_template/share/pubsub_cpp_template/environment/ament_prefix_path.sh
[10.958s] -- Up-to-date: /home/jiseongyoo/ros2_examples/install/pubsub_cpp_template/share/pubsub_cpp_template/environment/ament_prefix_path.dsv
[10.958s] -- Up-to-date: /home/jiseongyoo/ros2_examples/install/pubsub_cpp_template/share/pubsub_cpp_template/environment/path.sh
[10.959s] -- Up-to-date: /home/jiseongyoo/ros2_examples/install/pubsub_cpp_template/share/pubsub_cpp_template/environment/path.dsv
[10.960s] -- Up-to-date: /home/jiseongyoo/ros2_examples/install/pubsub_cpp_template/share/pubsub_cpp_template/local_setup.bash
[10.961s] -- Up-to-date: /home/jiseongyoo/ros2_examples/install/pubsub_cpp_template/share/pubsub_cpp_template/local_setup.sh
[10.962s] -- Up-to-date: /home/jiseongyoo/ros2_examples/install/pubsub_cpp_template/share/pubsub_cpp_template/local_setup.zsh
[10.962s] -- Up-to-date: /home/jiseongyoo/ros2_examples/install/pubsub_cpp_template/share/pubsub_cpp_template/local_setup.dsv
[10.963s] -- Installing: /home/jiseongyoo/ros2_examples/install/pubsub_cpp_template/share/pubsub_cpp_template/package.dsv
[10.965s] -- Up-to-date: /home/jiseongyoo/ros2_examples/install/pubsub_cpp_template/share/ament_index/resource_index/packages/pubsub_cpp_template
[10.966s] -- Up-to-date: /home/jiseongyoo/ros2_examples/install/pubsub_cpp_template/share/pubsub_cpp_template/cmake/pubsub_cpp_templateConfig.cmake
[10.966s] -- Up-to-date: /home/jiseongyoo/ros2_examples/install/pubsub_cpp_template/share/pubsub_cpp_template/cmake/pubsub_cpp_templateConfig-version.cmake
[10.967s] -- Up-to-date: /home/jiseongyoo/ros2_examples/install/pubsub_cpp_template/share/pubsub_cpp_template/package.xml
