[5.179s] [01m[K/home/jiseongyoo/ros2_examples/src/composition_cpp_example/src/component_service_client_cpp_example.cpp:[m[K In member function ‘[01m[Kvoid component::ComponentServiceClientExample::send_request()[m[K’:
[5.181s] [01m[K/home/jiseongyoo/ros2_examples/src/composition_cpp_example/src/component_service_client_cpp_example.cpp:32:61:[m[K [01;31m[Kerror: [m[K‘[01m[Ksimple_interfaces[m[K’ was not declared in this scope
[5.183s]      auto response_received_callback = [this](rclcpp::Client<[01;31m[Ksimple_interfaces[m[K::srv::AddThreeInts>::SharedFuture result) {
[5.184s]                                                              [01;31m[K^~~~~~~~~~~~~~~~~[m[K
[5.196s] [01m[K/home/jiseongyoo/ros2_examples/src/composition_cpp_example/src/component_service_client_cpp_example.cpp:32:97:[m[K [01;31m[Kerror: [m[Ktemplate argument 1 is invalid
[5.204s]      auto response_received_callback = [this](rclcpp::Client<simple_interfaces::srv::AddThreeInts[01;31m[K>[m[K::SharedFuture result) {
[5.205s]                                                                                                  [01;31m[K^[m[K
[5.206s] [01m[K/home/jiseongyoo/ros2_examples/src/composition_cpp_example/src/component_service_client_cpp_example.cpp:32:113:[m[K [01;31m[Kerror: [m[Kexpected unqualified-id before ‘[01m[Kresult[m[K’
[5.206s]      auto response_received_callback = [this](rclcpp::Client<simple_interfaces::srv::AddThreeInts>::SharedFuture [01;31m[Kresult[m[K) {
[5.207s]                                                                                                                  [01;31m[K^~~~~~[m[K
[5.208s] [01m[K/home/jiseongyoo/ros2_examples/src/composition_cpp_example/src/component_service_client_cpp_example.cpp:32:113:[m[K [01;31m[Kerror: [m[Kexpected ‘[01m[K)[m[K’ before ‘[01m[Kresult[m[K’
[5.208s] [01m[K/home/jiseongyoo/ros2_examples/src/composition_cpp_example/src/component_service_client_cpp_example.cpp:[m[K In lambda function:
[5.208s] [01m[K/home/jiseongyoo/ros2_examples/src/composition_cpp_example/src/component_service_client_cpp_example.cpp:32:113:[m[K [01;31m[Kerror: [m[Kexpected ‘[01m[K{[m[K’ before ‘[01m[Kresult[m[K’
[5.209s] [01m[K/home/jiseongyoo/ros2_examples/src/composition_cpp_example/src/component_service_client_cpp_example.cpp:[m[K In member function ‘[01m[Kvoid component::ComponentServiceClientExample::send_request()[m[K’:
[5.209s] [01m[K/home/jiseongyoo/ros2_examples/src/composition_cpp_example/src/component_service_client_cpp_example.cpp:32:113:[m[K [01;31m[Kerror: [m[Kexpected ‘[01m[K,[m[K’ or ‘[01m[K;[m[K’ before ‘[01m[Kresult[m[K’
[5.210s] In file included from [01m[K/opt/ros/eloquent/include/rclcpp/client.hpp:31:0[m[K,
[5.210s]                  from [01m[K/opt/ros/eloquent/include/rclcpp/callback_group.hpp:23[m[K,
[5.210s]                  from [01m[K/opt/ros/eloquent/include/rclcpp/any_executable.hpp:20[m[K,
[5.211s]                  from [01m[K/opt/ros/eloquent/include/rclcpp/memory_strategy.hpp:24[m[K,
[5.211s]                  from [01m[K/opt/ros/eloquent/include/rclcpp/memory_strategies.hpp:18[m[K,
[5.214s]                  from [01m[K/opt/ros/eloquent/include/rclcpp/executor.hpp:33[m[K,
[5.214s]                  from [01m[K/opt/ros/eloquent/include/rclcpp/executors/multi_threaded_executor.hpp:25[m[K,
[5.215s]                  from [01m[K/opt/ros/eloquent/include/rclcpp/executors.hpp:21[m[K,
[5.215s]                  from [01m[K/opt/ros/eloquent/include/rclcpp/rclcpp.hpp:145[m[K,
[5.215s]                  from [01m[K/home/jiseongyoo/ros2_examples/src/composition_cpp_example/include/composition_cpp_example/component_service_client_cpp_example.hpp:8[m[K,
[5.216s]                  from [01m[K/home/jiseongyoo/ros2_examples/src/composition_cpp_example/src/component_service_client_cpp_example.cpp:1[m[K:
[5.216s] /opt/ros/eloquent/include/rclcpp/function_traits.hpp: In instantiation of ‘[01m[Kstruct rclcpp::function_traits::function_traits<void (component::ComponentServiceClientExample::send_request()::<lambda(...)>::*)(...) const>[m[K’:
[5.216s] [01m[K/opt/ros/eloquent/include/rclcpp/function_traits.hpp:52:82:[m[K   required from ‘[01m[Kstruct rclcpp::function_traits::function_traits<component::ComponentServiceClientExample::send_request()::<lambda(...)> >[m[K’
[5.217s] [01m[K/opt/ros/eloquent/include/rclcpp/function_traits.hpp:138:8:[m[K   required from ‘[01m[Kstruct rclcpp::function_traits::function_traits<component::ComponentServiceClientExample::send_request()::<lambda(...)>&>[m[K’
[5.217s] [01m[K/opt/ros/eloquent/include/rclcpp/function_traits.hpp:161:8:[m[K   required from ‘[01m[Kstruct rclcpp::function_traits::same_arguments<component::ComponentServiceClientExample::send_request()::<lambda(...)>&, std::function<void(std::shared_future<std::pair<std::shared_ptr<interfaces::srv::Example_Request_<std::allocator<void> > >, std::shared_ptr<interfaces::srv::Example_Response_<std::allocator<void> > > > >)> >[m[K’
[5.218s] [01m[K/opt/ros/eloquent/include/rclcpp/client.hpp:254:17:[m[K   required by substitution of ‘[01m[Ktemplate<class CallbackT, typename std::enable_if<rclcpp::function_traits::same_arguments<CallbackT, std::function<void(std::shared_future<std::pair<std::shared_ptr<interfaces::srv::Example_Request_<std::allocator<void> > >, std::shared_ptr<interfaces::srv::Example_Response_<std::allocator<void> > > > >)> >::value, void>::type* <anonymous> > rclcpp::Client<interfaces::srv::Example>::SharedFutureWithRequest rclcpp::Client<interfaces::srv::Example>::async_send_request<CallbackT, <enumerator> >(rclcpp::Client<interfaces::srv::Example>::SharedRequest, CallbackT&&) [with CallbackT = component::ComponentServiceClientExample::send_request()::<lambda(...)>&; typename std::enable_if<rclcpp::function_traits::same_arguments<CallbackT, std::function<void(std::shared_future<std::pair<std::shared_ptr<interfaces::srv::Example_Request_<std::allocator<void> > >, std::shared_ptr<interfaces::srv::Example_Response_<std::allocator<void> > > > >)> >::value, void>::type* <anonymous> = <missing>][m[K’
[5.218s] [01m[K/home/jiseongyoo/ros2_examples/src/composition_cpp_example/src/component_service_client_cpp_example.cpp:39:97:[m[K   required from here
[5.218s] [01m[K/opt/ros/eloquent/include/rclcpp/function_traits.hpp:52:40:[m[K [01;31m[Kerror: [m[K‘[01m[Koperator()[m[K’ is not a member of ‘[01m[Kvoid (component::ComponentServiceClientExample::send_request()::<lambda(...)>::*)(...) const[m[K’
[5.219s]      typename function_traits<decltype( [01;31m[K&FunctionT[m[K::operator())>::arguments>::type;
[5.219s]                                         [01;31m[K^~~~~~~~~~[m[K
[5.219s] [01m[K/opt/ros/eloquent/include/rclcpp/function_traits.hpp:52:40:[m[K [01;31m[Kerror: [m[K‘[01m[Koperator()[m[K’ is not a member of ‘[01m[Kvoid (component::ComponentServiceClientExample::send_request()::<lambda(...)>::*)(...) const[m[K’
[5.220s] [01m[K/opt/ros/eloquent/include/rclcpp/function_traits.hpp:52:40:[m[K [01;31m[Kerror: [m[K‘[01m[Koperator()[m[K’ is not a member of ‘[01m[Kvoid (component::ComponentServiceClientExample::send_request()::<lambda(...)>::*)(...) const[m[K’
[5.220s] [01m[K/home/jiseongyoo/ros2_examples/src/composition_cpp_example/src/component_service_client_cpp_example.cpp:39:97:[m[K [01;31m[Kerror: [m[Kno matching function for call to ‘[01m[Krclcpp::Client<interfaces::srv::Example>::async_send_request(std::shared_ptr<interfaces::srv::Example_Request_<std::allocator<void> > >&, component::ComponentServiceClientExample::send_request()::<lambda(...)>&)[m[K’
[5.220s]      auto future_result = service_client_->async_send_request(request, response_received_callback[01;31m[K)[m[K;
[5.221s]                                                                                                  [01;31m[K^[m[K
[5.221s] In file included from [01m[K/opt/ros/eloquent/include/rclcpp/callback_group.hpp:23:0[m[K,
[5.221s]                  from [01m[K/opt/ros/eloquent/include/rclcpp/any_executable.hpp:20[m[K,
[5.222s]                  from [01m[K/opt/ros/eloquent/include/rclcpp/memory_strategy.hpp:24[m[K,
[5.222s]                  from [01m[K/opt/ros/eloquent/include/rclcpp/memory_strategies.hpp:18[m[K,
[5.222s]                  from [01m[K/opt/ros/eloquent/include/rclcpp/executor.hpp:33[m[K,
[5.223s]                  from [01m[K/opt/ros/eloquent/include/rclcpp/executors/multi_threaded_executor.hpp:25[m[K,
[5.223s]                  from [01m[K/opt/ros/eloquent/include/rclcpp/executors.hpp:21[m[K,
[5.223s]                  from [01m[K/opt/ros/eloquent/include/rclcpp/rclcpp.hpp:145[m[K,
[5.224s]                  from [01m[K/home/jiseongyoo/ros2_examples/src/composition_cpp_example/include/composition_cpp_example/component_service_client_cpp_example.hpp:8[m[K,
[5.224s]                  from [01m[K/home/jiseongyoo/ros2_examples/src/composition_cpp_example/src/component_service_client_cpp_example.cpp:1[m[K:
[5.225s] [01m[K/opt/ros/eloquent/include/rclcpp/client.hpp:216:3:[m[K [01;36m[Knote: [m[Kcandidate: rclcpp::Client<ServiceT>::SharedFuture rclcpp::Client<ServiceT>::async_send_request(rclcpp::Client<ServiceT>::SharedRequest) [with ServiceT = interfaces::srv::Example; rclcpp::Client<ServiceT>::SharedFuture = std::shared_future<std::shared_ptr<interfaces::srv::Example_Response_<std::allocator<void> > > >; typename ServiceT::Response::SharedPtr = std::shared_ptr<interfaces::srv::Example_Response_<std::allocator<void> > >; rclcpp::Client<ServiceT>::SharedRequest = std::shared_ptr<interfaces::srv::Example_Request_<std::allocator<void> > >]
[5.226s]    [01;36m[Kasync_send_request[m[K(SharedRequest request)
[5.226s]    [01;36m[K^~~~~~~~~~~~~~~~~~[m[K
[5.227s] [01m[K/opt/ros/eloquent/include/rclcpp/client.hpp:216:3:[m[K [01;36m[Knote: [m[K  candidate expects 1 argument, 2 provided
[5.227s] [01m[K/opt/ros/eloquent/include/rclcpp/client.hpp:231:3:[m[K [01;36m[Knote: [m[Kcandidate: template<class CallbackT, typename std::enable_if<rclcpp::function_traits::same_arguments<CallbackT, std::function<void(std::shared_future<std::shared_ptr<interfaces::srv::Example_Response_<std::allocator<void> > > >)> >::value, void>::type* <anonymous> > rclcpp::Client<ServiceT>::SharedFuture rclcpp::Client<ServiceT>::async_send_request(rclcpp::Client<ServiceT>::SharedRequest, CallbackT&&) [with CallbackT = CallbackT; typename std::enable_if<rclcpp::function_traits::same_arguments<CallbackT, std::function<void(std::shared_future<typename ServiceT::Response::SharedPtr>)> >::value>::type* <anonymous> = <enumerator>; ServiceT = interfaces::srv::Example]
[5.228s]    [01;36m[Kasync_send_request[m[K(SharedRequest request, CallbackT && cb)
[5.228s]    [01;36m[K^~~~~~~~~~~~~~~~~~[m[K
[5.228s] [01m[K/opt/ros/eloquent/include/rclcpp/client.hpp:231:3:[m[K [01;36m[Knote: [m[K  template argument deduction/substitution failed:
[5.229s] [01m[K/opt/ros/eloquent/include/rclcpp/client.hpp:228:17:[m[K [01;31m[Kerror: [m[K‘[01m[Kvalue[m[K’ is not a member of ‘[01m[Krclcpp::function_traits::same_arguments<component::ComponentServiceClientExample::send_request()::<lambda(...)>&, std::function<void(std::shared_future<std::shared_ptr<interfaces::srv::Example_Response_<std::allocator<void> > > >)> >[m[K’
[5.229s]      >::type * = [01;31m[Knullptr[m[K
[5.229s]                  [01;31m[K^~~~~~~[m[K
[5.230s] [01m[K/opt/ros/eloquent/include/rclcpp/client.hpp:228:17:[m[K [01;36m[Knote: [m[Kinvalid template non-type parameter
[5.230s] [01m[K/opt/ros/eloquent/include/rclcpp/client.hpp:257:3:[m[K [01;36m[Knote: [m[Kcandidate: template<class CallbackT, typename std::enable_if<rclcpp::function_traits::same_arguments<CallbackT, std::function<void(std::shared_future<std::pair<std::shared_ptr<interfaces::srv::Example_Request_<std::allocator<void> > >, std::shared_ptr<interfaces::srv::Example_Response_<std::allocator<void> > > > >)> >::value, void>::type* <anonymous> > rclcpp::Client<ServiceT>::SharedFutureWithRequest rclcpp::Client<ServiceT>::async_send_request(rclcpp::Client<ServiceT>::SharedRequest, CallbackT&&) [with CallbackT = CallbackT; typename std::enable_if<rclcpp::function_traits::same_arguments<CallbackT, std::function<void(std::shared_future<std::pair<typename ServiceT::Request::SharedPtr, typename ServiceT::Response::SharedPtr> >)> >::value>::type* <anonymous> = <enumerator>; ServiceT = interfaces::srv::Example]
[5.230s]    [01;36m[Kasync_send_request[m[K(SharedRequest request, CallbackT && cb)
[5.231s]    [01;36m[K^~~~~~~~~~~~~~~~~~[m[K
[5.231s] [01m[K/opt/ros/eloquent/include/rclcpp/client.hpp:257:3:[m[K [01;36m[Knote: [m[K  substitution of deduced template arguments resulted in errors seen above
[7.468s] make[2]: *** [CMakeFiles/component_service_client_cpp.dir/src/component_service_client_cpp_example.cpp.o] Error 1
[7.469s] make[1]: *** [CMakeFiles/component_service_client_cpp.dir/all] Error 2
[7.469s] make: *** [all] Error 2
