[0.653s] DEBUG:colcon:Command line arguments: ['/usr/bin/colcon', 'build', '--packages-select', 'service_cpp_example']
[0.653s] DEBUG:colcon:Parsed command line arguments: Namespace(ament_cmake_args=None, base_paths=['.'], build_base='build', catkin_cmake_args=None, catkin_skip_building_tests=False, cmake_args=None, cmake_clean_cache=False, cmake_clean_first=False, cmake_force_configure=False, cmake_target=None, cmake_target_skip_unavailable=False, continue_on_error=False, event_handlers=None, executor='parallel', ignore_user_meta=False, install_base='install', log_base=None, log_level=None, main=<bound method BuildVerb.main of <colcon_core.verb.build.BuildVerb object at 0x7f75d089d828>>, merge_install=False, metas=['./colcon.meta'], packages_above=None, packages_above_depth=None, packages_end=None, packages_ignore=None, packages_ignore_regex=None, packages_select=['service_cpp_example'], packages_select_build_failed=False, packages_select_by_dep=None, packages_select_regex=None, packages_select_test_failures=False, packages_skip=None, packages_skip_build_finished=False, packages_skip_by_dep=None, packages_skip_regex=None, packages_skip_test_passed=False, packages_skip_up_to=None, packages_start=None, packages_up_to=None, parallel_workers=2, paths=None, symlink_install=False, test_result_base=None, verb_extension=<colcon_core.verb.build.BuildVerb object at 0x7f75d089d828>, verb_name='build', verb_parser=<colcon_defaults.argument_parser.defaults.DefaultArgumentsDecorator object at 0x7f75d089dbe0>)
[0.806s] Level 1:colcon.colcon_core.package_discovery:discover_packages(colcon_meta) check parameters
[0.807s] Level 1:colcon.colcon_core.package_discovery:discover_packages(recursive) check parameters
[0.807s] Level 1:colcon.colcon_core.package_discovery:discover_packages(ignore) check parameters
[0.807s] Level 1:colcon.colcon_core.package_discovery:discover_packages(path) check parameters
[0.807s] Level 1:colcon.colcon_core.package_discovery:discover_packages(colcon_meta) discover
[0.808s] Level 1:colcon.colcon_core.package_discovery:discover_packages(recursive) discover
[0.809s] INFO:colcon.colcon_core.package_discovery:Crawling recursively for packages in '/home/jiseongyoo/ros2_examples'
[0.809s] Level 1:colcon.colcon_core.package_identification:_identify(.) by extensions ['ignore', 'ignore_ament_install']
[0.810s] Level 1:colcon.colcon_core.package_identification:_identify(.) by extension 'ignore'
[0.810s] Level 1:colcon.colcon_core.package_identification:_identify(.) by extension 'ignore_ament_install'
[0.810s] Level 1:colcon.colcon_core.package_identification:_identify(.) by extensions ['colcon_pkg']
[0.810s] Level 1:colcon.colcon_core.package_identification:_identify(.) by extension 'colcon_pkg'
[0.810s] Level 1:colcon.colcon_core.package_identification:_identify(.) by extensions ['colcon_meta']
[0.811s] Level 1:colcon.colcon_core.package_identification:_identify(.) by extension 'colcon_meta'
[0.811s] Level 1:colcon.colcon_core.package_identification:_identify(.) by extensions ['ros']
[0.811s] Level 1:colcon.colcon_core.package_identification:_identify(.) by extension 'ros'
[0.861s] Level 1:colcon.colcon_core.package_identification:_identify(.) by extensions ['cmake', 'python']
[0.862s] Level 1:colcon.colcon_core.package_identification:_identify(.) by extension 'cmake'
[0.862s] Level 1:colcon.colcon_core.package_identification:_identify(.) by extension 'python'
[0.862s] Level 1:colcon.colcon_core.package_identification:_identify(.) by extensions ['python_setup_py']
[0.862s] Level 1:colcon.colcon_core.package_identification:_identify(.) by extension 'python_setup_py'
[0.863s] Level 1:colcon.colcon_core.package_identification:_identify(build) by extensions ['ignore', 'ignore_ament_install']
[0.863s] Level 1:colcon.colcon_core.package_identification:_identify(build) by extension 'ignore'
[0.863s] Level 1:colcon.colcon_core.package_identification:_identify(build) ignored
[0.865s] Level 1:colcon.colcon_core.package_identification:_identify(install) by extensions ['ignore', 'ignore_ament_install']
[0.865s] Level 1:colcon.colcon_core.package_identification:_identify(install) by extension 'ignore'
[0.866s] Level 1:colcon.colcon_core.package_identification:_identify(install) ignored
[0.867s] Level 1:colcon.colcon_core.package_identification:_identify(log) by extensions ['ignore', 'ignore_ament_install']
[0.867s] Level 1:colcon.colcon_core.package_identification:_identify(log) by extension 'ignore'
[0.867s] Level 1:colcon.colcon_core.package_identification:_identify(log) ignored
[0.868s] Level 1:colcon.colcon_core.package_identification:_identify(src) by extensions ['ignore', 'ignore_ament_install']
[0.868s] Level 1:colcon.colcon_core.package_identification:_identify(src) by extension 'ignore'
[0.868s] Level 1:colcon.colcon_core.package_identification:_identify(src) by extension 'ignore_ament_install'
[0.869s] Level 1:colcon.colcon_core.package_identification:_identify(src) by extensions ['colcon_pkg']
[0.869s] Level 1:colcon.colcon_core.package_identification:_identify(src) by extension 'colcon_pkg'
[0.869s] Level 1:colcon.colcon_core.package_identification:_identify(src) by extensions ['colcon_meta']
[0.869s] Level 1:colcon.colcon_core.package_identification:_identify(src) by extension 'colcon_meta'
[0.869s] Level 1:colcon.colcon_core.package_identification:_identify(src) by extensions ['ros']
[0.869s] Level 1:colcon.colcon_core.package_identification:_identify(src) by extension 'ros'
[0.870s] Level 1:colcon.colcon_core.package_identification:_identify(src) by extensions ['cmake', 'python']
[0.870s] Level 1:colcon.colcon_core.package_identification:_identify(src) by extension 'cmake'
[0.870s] Level 1:colcon.colcon_core.package_identification:_identify(src) by extension 'python'
[0.870s] Level 1:colcon.colcon_core.package_identification:_identify(src) by extensions ['python_setup_py']
[0.870s] Level 1:colcon.colcon_core.package_identification:_identify(src) by extension 'python_setup_py'
[0.871s] Level 1:colcon.colcon_core.package_identification:_identify(src/action_cpp_example) by extensions ['ignore', 'ignore_ament_install']
[0.871s] Level 1:colcon.colcon_core.package_identification:_identify(src/action_cpp_example) by extension 'ignore'
[0.872s] Level 1:colcon.colcon_core.package_identification:_identify(src/action_cpp_example) by extension 'ignore_ament_install'
[0.872s] Level 1:colcon.colcon_core.package_identification:_identify(src/action_cpp_example) by extensions ['colcon_pkg']
[0.872s] Level 1:colcon.colcon_core.package_identification:_identify(src/action_cpp_example) by extension 'colcon_pkg'
[0.872s] Level 1:colcon.colcon_core.package_identification:_identify(src/action_cpp_example) by extensions ['colcon_meta']
[0.872s] Level 1:colcon.colcon_core.package_identification:_identify(src/action_cpp_example) by extension 'colcon_meta'
[0.873s] Level 1:colcon.colcon_core.package_identification:_identify(src/action_cpp_example) by extensions ['ros']
[0.873s] Level 1:colcon.colcon_core.package_identification:_identify(src/action_cpp_example) by extension 'ros'
[0.881s] DEBUG:colcon.colcon_core.package_identification:Package 'src/action_cpp_example' with type 'ros.ament_cmake' and name 'action_cpp_example'
[0.882s] Level 1:colcon.colcon_core.package_identification:_identify(src/interfaces) by extensions ['ignore', 'ignore_ament_install']
[0.882s] Level 1:colcon.colcon_core.package_identification:_identify(src/interfaces) by extension 'ignore'
[0.883s] Level 1:colcon.colcon_core.package_identification:_identify(src/interfaces) by extension 'ignore_ament_install'
[0.883s] Level 1:colcon.colcon_core.package_identification:_identify(src/interfaces) by extensions ['colcon_pkg']
[0.883s] Level 1:colcon.colcon_core.package_identification:_identify(src/interfaces) by extension 'colcon_pkg'
[0.883s] Level 1:colcon.colcon_core.package_identification:_identify(src/interfaces) by extensions ['colcon_meta']
[0.883s] Level 1:colcon.colcon_core.package_identification:_identify(src/interfaces) by extension 'colcon_meta'
[0.883s] Level 1:colcon.colcon_core.package_identification:_identify(src/interfaces) by extensions ['ros']
[0.884s] Level 1:colcon.colcon_core.package_identification:_identify(src/interfaces) by extension 'ros'
[0.886s] DEBUG:colcon.colcon_core.package_identification:Package 'src/interfaces' with type 'ros.ament_cmake' and name 'interfaces'
[0.886s] Level 1:colcon.colcon_core.package_identification:_identify(src/param_cpp_example) by extensions ['ignore', 'ignore_ament_install']
[0.887s] Level 1:colcon.colcon_core.package_identification:_identify(src/param_cpp_example) by extension 'ignore'
[0.887s] Level 1:colcon.colcon_core.package_identification:_identify(src/param_cpp_example) by extension 'ignore_ament_install'
[0.887s] Level 1:colcon.colcon_core.package_identification:_identify(src/param_cpp_example) by extensions ['colcon_pkg']
[0.887s] Level 1:colcon.colcon_core.package_identification:_identify(src/param_cpp_example) by extension 'colcon_pkg'
[0.888s] Level 1:colcon.colcon_core.package_identification:_identify(src/param_cpp_example) by extensions ['colcon_meta']
[0.888s] Level 1:colcon.colcon_core.package_identification:_identify(src/param_cpp_example) by extension 'colcon_meta'
[0.888s] Level 1:colcon.colcon_core.package_identification:_identify(src/param_cpp_example) by extensions ['ros']
[0.888s] Level 1:colcon.colcon_core.package_identification:_identify(src/param_cpp_example) by extension 'ros'
[0.890s] DEBUG:colcon.colcon_core.package_identification:Package 'src/param_cpp_example' with type 'ros.ament_cmake' and name 'param_cpp_example'
[0.891s] Level 1:colcon.colcon_core.package_identification:_identify(src/pubsub_cpp_example) by extensions ['ignore', 'ignore_ament_install']
[0.891s] Level 1:colcon.colcon_core.package_identification:_identify(src/pubsub_cpp_example) by extension 'ignore'
[0.891s] Level 1:colcon.colcon_core.package_identification:_identify(src/pubsub_cpp_example) by extension 'ignore_ament_install'
[0.892s] Level 1:colcon.colcon_core.package_identification:_identify(src/pubsub_cpp_example) by extensions ['colcon_pkg']
[0.892s] Level 1:colcon.colcon_core.package_identification:_identify(src/pubsub_cpp_example) by extension 'colcon_pkg'
[0.892s] Level 1:colcon.colcon_core.package_identification:_identify(src/pubsub_cpp_example) by extensions ['colcon_meta']
[0.892s] Level 1:colcon.colcon_core.package_identification:_identify(src/pubsub_cpp_example) by extension 'colcon_meta'
[0.892s] Level 1:colcon.colcon_core.package_identification:_identify(src/pubsub_cpp_example) by extensions ['ros']
[0.892s] Level 1:colcon.colcon_core.package_identification:_identify(src/pubsub_cpp_example) by extension 'ros'
[0.895s] DEBUG:colcon.colcon_core.package_identification:Package 'src/pubsub_cpp_example' with type 'ros.ament_cmake' and name 'pubsub_cpp_example'
[0.895s] Level 1:colcon.colcon_core.package_identification:_identify(src/service_cpp_example) by extensions ['ignore', 'ignore_ament_install']
[0.896s] Level 1:colcon.colcon_core.package_identification:_identify(src/service_cpp_example) by extension 'ignore'
[0.896s] Level 1:colcon.colcon_core.package_identification:_identify(src/service_cpp_example) by extension 'ignore_ament_install'
[0.896s] Level 1:colcon.colcon_core.package_identification:_identify(src/service_cpp_example) by extensions ['colcon_pkg']
[0.897s] Level 1:colcon.colcon_core.package_identification:_identify(src/service_cpp_example) by extension 'colcon_pkg'
[0.897s] Level 1:colcon.colcon_core.package_identification:_identify(src/service_cpp_example) by extensions ['colcon_meta']
[0.897s] Level 1:colcon.colcon_core.package_identification:_identify(src/service_cpp_example) by extension 'colcon_meta'
[0.897s] Level 1:colcon.colcon_core.package_identification:_identify(src/service_cpp_example) by extensions ['ros']
[0.897s] Level 1:colcon.colcon_core.package_identification:_identify(src/service_cpp_example) by extension 'ros'
[0.899s] DEBUG:colcon.colcon_core.package_identification:Package 'src/service_cpp_example' with type 'ros.ament_cmake' and name 'service_cpp_example'
[0.900s] Level 1:colcon.colcon_core.package_discovery:discover_packages(recursive) using defaults
[0.901s] Level 1:colcon.colcon_core.package_discovery:discover_packages(ignore) discover
[0.901s] Level 1:colcon.colcon_core.package_discovery:discover_packages(ignore) using defaults
[0.901s] Level 1:colcon.colcon_core.package_discovery:discover_packages(path) discover
[0.901s] Level 1:colcon.colcon_core.package_discovery:discover_packages(path) using defaults
[0.912s] INFO:colcon.colcon_core.package_selection:Skipping not selected package 'action_cpp_example' in 'src/action_cpp_example'
[0.913s] INFO:colcon.colcon_core.package_selection:Skipping not selected package 'interfaces' in 'src/interfaces'
[0.913s] INFO:colcon.colcon_core.package_selection:Skipping not selected package 'param_cpp_example' in 'src/param_cpp_example'
[0.913s] INFO:colcon.colcon_core.package_selection:Skipping not selected package 'pubsub_cpp_example' in 'src/pubsub_cpp_example'
[0.937s] Level 5:colcon.colcon_core.verb:set package 'service_cpp_example' build argument 'cmake_args' from command line to 'None'
[0.938s] Level 5:colcon.colcon_core.verb:set package 'service_cpp_example' build argument 'cmake_target' from command line to 'None'
[0.938s] Level 5:colcon.colcon_core.verb:set package 'service_cpp_example' build argument 'cmake_target_skip_unavailable' from command line to 'False'
[0.938s] Level 5:colcon.colcon_core.verb:set package 'service_cpp_example' build argument 'cmake_clean_cache' from command line to 'False'
[0.938s] Level 5:colcon.colcon_core.verb:set package 'service_cpp_example' build argument 'cmake_clean_first' from command line to 'False'
[0.938s] Level 5:colcon.colcon_core.verb:set package 'service_cpp_example' build argument 'cmake_force_configure' from command line to 'False'
[0.939s] Level 5:colcon.colcon_core.verb:set package 'service_cpp_example' build argument 'ament_cmake_args' from command line to 'None'
[0.939s] Level 5:colcon.colcon_core.verb:set package 'service_cpp_example' build argument 'catkin_cmake_args' from command line to 'None'
[0.939s] Level 5:colcon.colcon_core.verb:set package 'service_cpp_example' build argument 'catkin_skip_building_tests' from command line to 'False'
[0.939s] DEBUG:colcon.colcon_core.verb:Building package 'service_cpp_example' with the following arguments: {'ament_cmake_args': None, 'build_base': '/home/jiseongyoo/ros2_examples/build/service_cpp_example', 'catkin_cmake_args': None, 'catkin_skip_building_tests': False, 'cmake_args': None, 'cmake_clean_cache': False, 'cmake_clean_first': False, 'cmake_force_configure': False, 'cmake_target': None, 'cmake_target_skip_unavailable': False, 'install_base': '/home/jiseongyoo/ros2_examples/install/service_cpp_example', 'merge_install': False, 'path': '/home/jiseongyoo/ros2_examples/src/service_cpp_example', 'symlink_install': False, 'test_result_base': None}
[0.940s] INFO:colcon.colcon_core.executor:Executing jobs using 'parallel' executor
[0.949s] DEBUG:colcon.colcon_parallel_executor.executor.parallel:run_until_complete
[0.950s] INFO:colcon.colcon_ros.task.ament_cmake.build:Building ROS package in '/home/jiseongyoo/ros2_examples/src/service_cpp_example' with build type 'ament_cmake'
[0.967s] INFO:colcon.colcon_core.plugin_system:Skipping extension 'colcon_core.shell.bat': Not used on non-Windows systems
[0.971s] INFO:colcon.colcon_cmake.task.cmake.build:Building CMake package in '/home/jiseongyoo/ros2_examples/src/service_cpp_example'
[0.976s] INFO:colcon.colcon_core.shell:Skip shell extension 'powershell' for command environment: Not usable outside of PowerShell
[0.977s] DEBUG:colcon.colcon_core.shell:Skip shell extension 'dsv' for command environment
[0.992s] DEBUG:colcon.colcon_core.shell:Ignoring prefix path '/opt/ros/eloquent'
[1.043s] DEBUG:colcon.colcon_core.event_handler.log_command:Invoking command in '/home/jiseongyoo/ros2_examples/build/service_cpp_example': CMAKE_PREFIX_PATH=/home/jiseongyoo/ros2_examples/install/interfaces:/home/jiseongyoo/ros2_examples/install/pubsub_cpp_template:/home/jiseongyoo/ros2_examples/install/pubsub_cpp_example:/home/jiseongyoo/ros2_examples/install/pub_sub_cpp_template:/home/jiseongyoo/ros2_examples/install/cpp_pubsub:/opt/ros/eloquent /usr/bin/cmake --build /home/jiseongyoo/ros2_examples/build/service_cpp_example -- -j2 -l2
[8.166s] DEBUG:colcon.colcon_core.event_handler.log_command:Invoked command in '/home/jiseongyoo/ros2_examples/build/service_cpp_example' returned '0': CMAKE_PREFIX_PATH=/home/jiseongyoo/ros2_examples/install/interfaces:/home/jiseongyoo/ros2_examples/install/pubsub_cpp_template:/home/jiseongyoo/ros2_examples/install/pubsub_cpp_example:/home/jiseongyoo/ros2_examples/install/pub_sub_cpp_template:/home/jiseongyoo/ros2_examples/install/cpp_pubsub:/opt/ros/eloquent /usr/bin/cmake --build /home/jiseongyoo/ros2_examples/build/service_cpp_example -- -j2 -l2
[8.368s] DEBUG:colcon.colcon_core.event_handler.log_command:Invoking command in '/home/jiseongyoo/ros2_examples/build/service_cpp_example': CMAKE_PREFIX_PATH=/home/jiseongyoo/ros2_examples/install/interfaces:/home/jiseongyoo/ros2_examples/install/pubsub_cpp_template:/home/jiseongyoo/ros2_examples/install/pubsub_cpp_example:/home/jiseongyoo/ros2_examples/install/pub_sub_cpp_template:/home/jiseongyoo/ros2_examples/install/cpp_pubsub:/opt/ros/eloquent /usr/bin/cmake --build /home/jiseongyoo/ros2_examples/build/service_cpp_example --target install -- -j2 -l2
[8.760s] Level 1:colcon.colcon_core.environment:create_environment_scripts_only(service_cpp_example)
[8.765s] DEBUG:colcon.colcon_core.event_handler.log_command:Invoked command in '/home/jiseongyoo/ros2_examples/build/service_cpp_example' returned '0': CMAKE_PREFIX_PATH=/home/jiseongyoo/ros2_examples/install/interfaces:/home/jiseongyoo/ros2_examples/install/pubsub_cpp_template:/home/jiseongyoo/ros2_examples/install/pubsub_cpp_example:/home/jiseongyoo/ros2_examples/install/pub_sub_cpp_template:/home/jiseongyoo/ros2_examples/install/cpp_pubsub:/opt/ros/eloquent /usr/bin/cmake --build /home/jiseongyoo/ros2_examples/build/service_cpp_example --target install -- -j2 -l2
[8.779s] Level 1:colcon.colcon_core.environment:checking '/home/jiseongyoo/ros2_examples/install/service_cpp_example' for CMake module files
[8.782s] Level 1:colcon.colcon_core.environment:checking '/home/jiseongyoo/ros2_examples/install/service_cpp_example' for CMake config files
[8.784s] Level 1:colcon.colcon_core.shell:create_environment_hook('service_cpp_example', 'cmake_prefix_path')
[8.786s] INFO:colcon.colcon_core.shell:Creating environment hook '/home/jiseongyoo/ros2_examples/install/service_cpp_example/share/service_cpp_example/hook/cmake_prefix_path.ps1'
[8.789s] INFO:colcon.colcon_core.shell:Creating environment descriptor '/home/jiseongyoo/ros2_examples/install/service_cpp_example/share/service_cpp_example/hook/cmake_prefix_path.dsv'
[8.792s] INFO:colcon.colcon_core.shell:Creating environment hook '/home/jiseongyoo/ros2_examples/install/service_cpp_example/share/service_cpp_example/hook/cmake_prefix_path.sh'
[8.797s] Level 1:colcon.colcon_core.environment:checking '/home/jiseongyoo/ros2_examples/install/service_cpp_example/lib'
[8.798s] Level 1:colcon.colcon_core.environment:checking '/home/jiseongyoo/ros2_examples/install/service_cpp_example/bin'
[8.798s] Level 1:colcon.colcon_core.environment:checking '/home/jiseongyoo/ros2_examples/install/service_cpp_example/lib/pkgconfig/service_cpp_example.pc'
[8.799s] Level 1:colcon.colcon_core.environment:checking '/home/jiseongyoo/ros2_examples/install/service_cpp_example/lib/python3.6/site-packages'
[8.801s] INFO:colcon.colcon_core.shell:Creating package script '/home/jiseongyoo/ros2_examples/install/service_cpp_example/share/service_cpp_example/package.ps1'
[8.805s] INFO:colcon.colcon_core.shell:Creating package descriptor '/home/jiseongyoo/ros2_examples/install/service_cpp_example/share/service_cpp_example/package.dsv'
[8.814s] INFO:colcon.colcon_core.shell:Creating package script '/home/jiseongyoo/ros2_examples/install/service_cpp_example/share/service_cpp_example/package.sh'
[8.821s] INFO:colcon.colcon_core.shell:Creating package script '/home/jiseongyoo/ros2_examples/install/service_cpp_example/share/service_cpp_example/package.bash'
[8.830s] INFO:colcon.colcon_core.shell:Creating package script '/home/jiseongyoo/ros2_examples/install/service_cpp_example/share/service_cpp_example/package.zsh'
[8.834s] Level 1:colcon.colcon_core.environment:create_file_with_runtime_dependencies(/home/jiseongyoo/ros2_examples/install/service_cpp_example/share/colcon-core/packages/service_cpp_example)
[8.837s] DEBUG:colcon.colcon_parallel_executor.executor.parallel:closing loop
[8.839s] DEBUG:colcon.colcon_parallel_executor.executor.parallel:loop closed
[8.841s] DEBUG:colcon.colcon_parallel_executor.executor.parallel:run_until_complete finished with '0'
[8.841s] DEBUG:colcon.colcon_core.event_reactor:joining thread
[8.873s] INFO:colcon.colcon_core.plugin_system:Skipping extension 'colcon_notification.desktop_notification.terminal_notifier': Not used on non-Darwin systems
[8.873s] INFO:colcon.colcon_core.plugin_system:Skipping extension 'colcon_notification.desktop_notification.win32': Not used on non-Windows systems
[8.873s] INFO:colcon.colcon_notification.desktop_notification:Sending desktop notification using 'notify2'
[8.884s] DEBUG:colcon.colcon_core.event_reactor:joined thread
[8.886s] INFO:colcon.colcon_core.shell:Creating prefix script '/home/jiseongyoo/ros2_examples/install/local_setup.ps1'
[8.892s] INFO:colcon.colcon_core.shell:Creating prefix util module '/home/jiseongyoo/ros2_examples/install/_local_setup_util_ps1.py'
[8.898s] INFO:colcon.colcon_core.shell:Creating prefix chain script '/home/jiseongyoo/ros2_examples/install/setup.ps1'
[8.953s] INFO:colcon.colcon_core.shell:Creating prefix script '/home/jiseongyoo/ros2_examples/install/local_setup.sh'
[8.956s] INFO:colcon.colcon_core.shell:Creating prefix util module '/home/jiseongyoo/ros2_examples/install/_local_setup_util_sh.py'
[8.958s] INFO:colcon.colcon_core.shell:Creating prefix chain script '/home/jiseongyoo/ros2_examples/install/setup.sh'
[8.969s] INFO:colcon.colcon_core.shell:Creating prefix script '/home/jiseongyoo/ros2_examples/install/local_setup.bash'
[8.972s] INFO:colcon.colcon_core.shell:Creating prefix chain script '/home/jiseongyoo/ros2_examples/install/setup.bash'
[8.983s] INFO:colcon.colcon_core.shell:Creating prefix script '/home/jiseongyoo/ros2_examples/install/local_setup.zsh'
[8.985s] INFO:colcon.colcon_core.shell:Creating prefix chain script '/home/jiseongyoo/ros2_examples/install/setup.zsh'
