[0.297s] [35m[1mScanning dependencies of target service_client_cpp[0m
[0.375s] [ 50%] Built target service_server_cpp
[0.410s] [ 75%] [32mBuilding CXX object CMakeFiles/service_client_cpp.dir/src/service_client_cpp_example.cpp.o[0m
[8.591s] [100%] [32m[1mLinking CXX executable service_client_cpp[0m
[9.328s] [100%] Built target service_client_cpp
[9.736s] [ 50%] Built target service_client_cpp
[9.753s] [100%] Built target service_server_cpp
[9.830s] [36mInstall the project...[0m
[9.873s] -- Install configuration: ""
[9.875s] -- Up-to-date: /home/jiseongyoo/ros2_examples/install/service_cpp_example/lib/service_cpp_example/service_server_cpp
[9.878s] -- Installing: /home/jiseongyoo/ros2_examples/install/service_cpp_example/lib/service_cpp_example/service_client_cpp
[9.881s] -- Set runtime path of "/home/jiseongyoo/ros2_examples/install/service_cpp_example/lib/service_cpp_example/service_client_cpp" to ""
[9.884s] -- Up-to-date: /home/jiseongyoo/ros2_examples/install/service_cpp_example/share/ament_index/resource_index/package_run_dependencies/service_cpp_example
[9.885s] -- Up-to-date: /home/jiseongyoo/ros2_examples/install/service_cpp_example/share/ament_index/resource_index/parent_prefix_path/service_cpp_example
[9.885s] -- Up-to-date: /home/jiseongyoo/ros2_examples/install/service_cpp_example/share/service_cpp_example/environment/ament_prefix_path.sh
[9.886s] -- Up-to-date: /home/jiseongyoo/ros2_examples/install/service_cpp_example/share/service_cpp_example/environment/ament_prefix_path.dsv
[9.887s] -- Up-to-date: /home/jiseongyoo/ros2_examples/install/service_cpp_example/share/service_cpp_example/environment/path.sh
[9.888s] -- Up-to-date: /home/jiseongyoo/ros2_examples/install/service_cpp_example/share/service_cpp_example/environment/path.dsv
[9.889s] -- Up-to-date: /home/jiseongyoo/ros2_examples/install/service_cpp_example/share/service_cpp_example/local_setup.bash
[9.892s] -- Up-to-date: /home/jiseongyoo/ros2_examples/install/service_cpp_example/share/service_cpp_example/local_setup.sh
[9.892s] -- Up-to-date: /home/jiseongyoo/ros2_examples/install/service_cpp_example/share/service_cpp_example/local_setup.zsh
[9.893s] -- Up-to-date: /home/jiseongyoo/ros2_examples/install/service_cpp_example/share/service_cpp_example/local_setup.dsv
[9.893s] -- Installing: /home/jiseongyoo/ros2_examples/install/service_cpp_example/share/service_cpp_example/package.dsv
[9.894s] -- Up-to-date: /home/jiseongyoo/ros2_examples/install/service_cpp_example/share/ament_index/resource_index/packages/service_cpp_example
[9.894s] -- Up-to-date: /home/jiseongyoo/ros2_examples/install/service_cpp_example/share/service_cpp_example/cmake/service_cpp_exampleConfig.cmake
[9.894s] -- Up-to-date: /home/jiseongyoo/ros2_examples/install/service_cpp_example/share/service_cpp_example/cmake/service_cpp_exampleConfig-version.cmake
[9.895s] -- Up-to-date: /home/jiseongyoo/ros2_examples/install/service_cpp_example/share/service_cpp_example/package.xml
