[0.134s] -- Found ament_cmake: 0.8.2 (/opt/ros/eloquent/share/ament_cmake/cmake)
[0.256s] -- Found PythonInterp: /usr/bin/python3 (found suitable version "3.6.9", minimum required is "3") 
[0.257s] -- Using PYTHON_EXECUTABLE: /usr/bin/python3
[1.098s] -- Found rosidl_default_generators: 0.8.0 (/opt/ros/eloquent/share/rosidl_default_generators/cmake)
[1.321s] -- Found rosidl_adapter: 0.8.2 (/opt/ros/eloquent/share/rosidl_adapter/cmake)
[1.709s] -- Found PythonInterp: /usr/bin/python3 (found version "3.6.9") 
[2.315s] -- Using single matching rosidl_typesupport_c: rosidl_typesupport_fastrtps_c
[2.336s] -- Using single matching rosidl_typesupport_cpp: rosidl_typesupport_fastrtps_cpp
[2.725s] -- Found rmw_implementation_cmake: 0.8.1 (/opt/ros/eloquent/share/rmw_implementation_cmake/cmake)
[2.851s] -- Found PythonInterp: /usr/bin/python3 (found suitable version "3.6.9", minimum required is "3.5") 
[2.889s] -- Found python_cmake_module: 0.8.0 (/opt/ros/eloquent/share/python_cmake_module/cmake)
[3.110s] -- Found PythonLibs: /usr/lib/x86_64-linux-gnu/libpython3.6m.so (found suitable version "3.6.9", minimum required is "3.5") 
[3.112s] -- Using PYTHON_EXECUTABLE: /usr/bin/python3
[3.113s] -- Using PYTHON_INCLUDE_DIRS: /usr/include/python3.6m
[3.113s] -- Using PYTHON_LIBRARIES: /usr/lib/x86_64-linux-gnu/libpython3.6m.so
[3.211s] -- Found PythonExtra: .so  
[3.770s] -- Found ament_lint_auto: 0.8.1 (/opt/ros/eloquent/share/ament_lint_auto/cmake)
[3.885s] -- Added test 'lint_cmake' to check CMake code style
[3.892s] -- Added test 'xmllint' to check XML markup files
[3.909s] -- Configuring done
[4.109s] -- Generating done
[4.123s] -- Build files have been written to: /home/jiseongyoo/ros2_examples/build/interfaces
[4.358s] [35m[1mScanning dependencies of target interfaces__cpp[0m
[4.363s] [  3%] [34m[1mGenerating C code for ROS interfaces[0m
[4.405s] [  6%] [34m[1mGenerating C++ code for ROS interfaces[0m
[6.391s] [  6%] Built target interfaces__cpp
[6.434s] [ 10%] [34m[1mGenerating C++ type support for eProsima Fast-RTPS[0m
[6.499s] [35m[1mScanning dependencies of target interfaces__rosidl_generator_c[0m
[6.581s] [ 13%] [32mBuilding C object CMakeFiles/interfaces__rosidl_generator_c.dir/rosidl_generator_c/interfaces/msg/msg_collection__functions.c.o[0m
[6.771s] [ 17%] [32m[1mLinking C shared library libinterfaces__rosidl_generator_c.so[0m
[6.922s] [ 17%] Built target interfaces__rosidl_generator_c
[6.962s] [ 20%] [34m[1mGenerating C++ introspection for ROS interfaces[0m
[8.429s] [35m[1mScanning dependencies of target interfaces__rosidl_typesupport_fastrtps_cpp[0m
[8.535s] [ 24%] [32mBuilding CXX object CMakeFiles/interfaces__rosidl_typesupport_fastrtps_cpp.dir/rosidl_typesupport_fastrtps_cpp/interfaces/msg/dds_fastrtps/msg_collection__type_support.cpp.o[0m
[8.883s] [35m[1mScanning dependencies of target interfaces__rosidl_typesupport_introspection_cpp[0m
[8.959s] [ 27%] [32mBuilding CXX object CMakeFiles/interfaces__rosidl_typesupport_introspection_cpp.dir/rosidl_typesupport_introspection_cpp/interfaces/msg/msg_collection__type_support.cpp.o[0m
[10.574s] CMakeFiles/interfaces__rosidl_typesupport_introspection_cpp.dir/build.make:77: recipe for target 'CMakeFiles/interfaces__rosidl_typesupport_introspection_cpp.dir/rosidl_typesupport_introspection_cpp/interfaces/msg/msg_collection__type_support.cpp.o' failed
[10.574s] CMakeFiles/Makefile2:519: recipe for target 'CMakeFiles/interfaces__rosidl_typesupport_introspection_cpp.dir/all' failed
[10.938s] CMakeFiles/interfaces__rosidl_typesupport_fastrtps_cpp.dir/build.make:77: recipe for target 'CMakeFiles/interfaces__rosidl_typesupport_fastrtps_cpp.dir/rosidl_typesupport_fastrtps_cpp/interfaces/msg/dds_fastrtps/msg_collection__type_support.cpp.o' failed
[10.942s] CMakeFiles/Makefile2:369: recipe for target 'CMakeFiles/interfaces__rosidl_typesupport_fastrtps_cpp.dir/all' failed
[10.947s] Makefile:140: recipe for target 'all' failed
