[0.336s] -- The C compiler identification is GNU 7.5.0
[0.562s] -- The CXX compiler identification is GNU 7.5.0
[0.575s] -- Check for working C compiler: /usr/bin/cc
[0.906s] -- Check for working C compiler: /usr/bin/cc -- works
[0.908s] -- Detecting C compiler ABI info
[1.241s] -- Detecting C compiler ABI info - done
[1.274s] -- Detecting C compile features
[2.291s] -- Detecting C compile features - done
[2.300s] -- Check for working CXX compiler: /usr/bin/c++
[2.667s] -- Check for working CXX compiler: /usr/bin/c++ -- works
[2.671s] -- Detecting CXX compiler ABI info
[3.029s] -- Detecting CXX compiler ABI info - done
[3.052s] -- Detecting CXX compile features
[4.604s] -- Detecting CXX compile features - done
[4.617s] -- Found ament_cmake: 0.8.2 (/opt/ros/eloquent/share/ament_cmake/cmake)
[4.767s] -- Found PythonInterp: /usr/bin/python3 (found suitable version "3.6.9", minimum required is "3") 
[4.769s] -- Using PYTHON_EXECUTABLE: /usr/bin/python3
[5.587s] -- Found rclcpp: 0.8.4 (/opt/ros/eloquent/share/rclcpp/cmake)
[5.663s] -- Found rosidl_adapter: 0.8.2 (/opt/ros/eloquent/share/rosidl_adapter/cmake)
[5.869s] -- Found rmw_implementation_cmake: 0.8.1 (/opt/ros/eloquent/share/rmw_implementation_cmake/cmake)
[5.874s] -- Using RMW implementation 'rmw_fastrtps_cpp' as default
[5.878s] -- Looking for pthread.h
[6.200s] -- Looking for pthread.h - found
[6.223s] -- Looking for pthread_create
[6.602s] -- Looking for pthread_create - not found
[6.603s] -- Looking for pthread_create in pthreads
[6.914s] -- Looking for pthread_create in pthreads - not found
[6.915s] -- Looking for pthread_create in pthread
[7.230s] -- Looking for pthread_create in pthread - found
[7.236s] -- Found Threads: TRUE  
[7.491s] -- Found ament_lint_auto: 0.8.1 (/opt/ros/eloquent/share/ament_lint_auto/cmake)
[7.800s] -- Added test 'copyright' to check for copyright in CMake / C / C++ / Python code
[7.806s] -- Added test 'cppcheck' to perform static code analysis on C / C++ code
[7.808s] -- Configured cppcheck include dirs: 
[7.813s] -- Added test 'cpplint' to check C / C++ code against the Google style
[7.839s] -- Added test 'lint_cmake' to check CMake code style
[7.849s] -- Added test 'uncrustify' to check C / C++ code style
[7.852s] -- Added test 'xmllint' to check XML markup files
[7.863s] -- Configuring done
[7.922s] -- Generating done
[7.932s] -- Build files have been written to: /home/jiseongyoo/ros2_examples/build/pub_sub_cpp_template
[8.160s] [35m[1mScanning dependencies of target pub_cpp_template[0m
[8.435s] [ 50%] [32mBuilding CXX object CMakeFiles/pub_cpp_template.dir/src/pub_cpp_template.cpp.o[0m
[13.350s] [100%] [32m[1mLinking CXX executable pub_cpp_template[0m
[13.921s] [100%] Built target pub_cpp_template
[14.435s] [100%] Built target pub_cpp_template
[14.520s] [36mInstall the project...[0m
[14.564s] -- Install configuration: ""
[14.567s] -- Installing: /home/jiseongyoo/ros2_examples/install/pub_sub_cpp_template/lib/pub_sub_cpp_template/pub_cpp_template
[14.569s] -- Set runtime path of "/home/jiseongyoo/ros2_examples/install/pub_sub_cpp_template/lib/pub_sub_cpp_template/pub_cpp_template" to ""
[14.569s] -- Installing: /home/jiseongyoo/ros2_examples/install/pub_sub_cpp_template/share/ament_index/resource_index/package_run_dependencies/pub_sub_cpp_template
[14.570s] -- Installing: /home/jiseongyoo/ros2_examples/install/pub_sub_cpp_template/share/ament_index/resource_index/parent_prefix_path/pub_sub_cpp_template
[14.571s] -- Installing: /home/jiseongyoo/ros2_examples/install/pub_sub_cpp_template/share/pub_sub_cpp_template/environment/ament_prefix_path.sh
[14.572s] -- Installing: /home/jiseongyoo/ros2_examples/install/pub_sub_cpp_template/share/pub_sub_cpp_template/environment/ament_prefix_path.dsv
[14.574s] -- Installing: /home/jiseongyoo/ros2_examples/install/pub_sub_cpp_template/share/pub_sub_cpp_template/environment/path.sh
[14.574s] -- Installing: /home/jiseongyoo/ros2_examples/install/pub_sub_cpp_template/share/pub_sub_cpp_template/environment/path.dsv
[14.575s] -- Installing: /home/jiseongyoo/ros2_examples/install/pub_sub_cpp_template/share/pub_sub_cpp_template/local_setup.bash
[14.575s] -- Installing: /home/jiseongyoo/ros2_examples/install/pub_sub_cpp_template/share/pub_sub_cpp_template/local_setup.sh
[14.576s] -- Installing: /home/jiseongyoo/ros2_examples/install/pub_sub_cpp_template/share/pub_sub_cpp_template/local_setup.zsh
[14.580s] -- Installing: /home/jiseongyoo/ros2_examples/install/pub_sub_cpp_template/share/pub_sub_cpp_template/local_setup.dsv
[14.581s] -- Installing: /home/jiseongyoo/ros2_examples/install/pub_sub_cpp_template/share/pub_sub_cpp_template/package.dsv
[14.582s] -- Installing: /home/jiseongyoo/ros2_examples/install/pub_sub_cpp_template/share/ament_index/resource_index/packages/pub_sub_cpp_template
[14.582s] -- Installing: /home/jiseongyoo/ros2_examples/install/pub_sub_cpp_template/share/pub_sub_cpp_template/cmake/pub_sub_cpp_templateConfig.cmake
[14.583s] -- Installing: /home/jiseongyoo/ros2_examples/install/pub_sub_cpp_template/share/pub_sub_cpp_template/cmake/pub_sub_cpp_templateConfig-version.cmake
[14.584s] -- Installing: /home/jiseongyoo/ros2_examples/install/pub_sub_cpp_template/share/pub_sub_cpp_template/package.xml
