[0.074s] Invoking command in '/home/jiseongyoo/ros2_examples/build/composition_cpp_example': AMENT_PREFIX_PATH=/home/jiseongyoo/ros2_examples/install/interfaces:${AMENT_PREFIX_PATH} CMAKE_PREFIX_PATH=/home/jiseongyoo/ros2_examples/install/interfaces:/opt/ros/eloquent LD_LIBRARY_PATH=/home/jiseongyoo/ros2_examples/install/interfaces/lib:${LD_LIBRARY_PATH} PYTHONPATH=/home/jiseongyoo/ros2_examples/install/interfaces/lib/python3.6/site-packages:${PYTHONPATH} /usr/bin/cmake --build /home/jiseongyoo/ros2_examples/build/composition_cpp_example -- -j2 -l2
[0.330s] [ 20%] Built target component_sub_cpp
[0.336s] [ 40%] Built target component_service_server_cpp
[0.384s] [35m[1mScanning dependencies of target component_service_client_cpp[0m
[0.514s] [ 60%] Built target component_pub_cpp
[0.587s] [ 70%] [32mBuilding CXX object CMakeFiles/component_service_client_cpp.dir/src/component_service_client_cpp_example.cpp.o[0m
[9.461s] [ 80%] [32m[1mLinking CXX shared library libcomponent_service_client_cpp.so[0m
[10.190s] [ 80%] Built target component_service_client_cpp
[10.251s] [35m[1mScanning dependencies of target component_container[0m
[10.385s] [ 90%] [32mBuilding CXX object CMakeFiles/component_container.dir/src/component_container.cpp.o[0m
[14.862s] In file included from [01m[K/opt/ros/eloquent/include/rclcpp/client.hpp:39:0[m[K,
[14.863s]                  from [01m[K/opt/ros/eloquent/include/rclcpp/callback_group.hpp:23[m[K,
[14.866s]                  from [01m[K/opt/ros/eloquent/include/rclcpp/any_executable.hpp:20[m[K,
[14.866s]                  from [01m[K/opt/ros/eloquent/include/rclcpp/memory_strategy.hpp:24[m[K,
[14.867s]                  from [01m[K/opt/ros/eloquent/include/rclcpp/memory_strategies.hpp:18[m[K,
[14.868s]                  from [01m[K/opt/ros/eloquent/include/rclcpp/executor.hpp:33[m[K,
[14.869s]                  from [01m[K/opt/ros/eloquent/include/rclcpp/executors/multi_threaded_executor.hpp:25[m[K,
[14.870s]                  from [01m[K/opt/ros/eloquent/include/rclcpp/executors.hpp:21[m[K,
[14.871s]                  from [01m[K/opt/ros/eloquent/include/rclcpp/rclcpp.hpp:145[m[K,
[14.871s]                  from [01m[K/home/jiseongyoo/ros2_examples/src/composition_cpp_example/src/component_container.cpp:1[m[K:
[14.872s] [01m[K/home/jiseongyoo/ros2_examples/src/composition_cpp_example/src/component_container.cpp:[m[K In function ‘[01m[Kint main(int, char**)[m[K’:
[14.872s] [01m[K/home/jiseongyoo/ros2_examples/src/composition_cpp_example/src/component_container.cpp:25:91:[m[K [01;31m[Kerror: [m[K‘[01m[Ksrv_clie[m[K’ was not declared in this scope
[14.873s]  i); RCLCPP_INFO(srv_cli->get_logger(), "[%s] is added to executor", [01;31m[Ks[m[Krv_clie->get_name());
[14.873s]                                                                      [01;31m[K^[m[K
[14.874s] [01m[K/opt/ros/eloquent/include/rcutils/logging_macros.h:72:64:[m[K [01;36m[Knote: [m[Kin definition of macro ‘[01m[KRCUTILS_LOG_COND_NAMED[m[K’
[14.874s]        rcutils_log(&__rcutils_logging_location, severity, name, [01;36m[K__VA_ARGS__[m[K); \
[14.874s]                                                                 [01;36m[K^~~~~~~~~~~[m[K
[14.875s] [01m[K/opt/ros/eloquent/include/rclcpp/logging.hpp:541:5:[m[K [01;36m[Knote: [m[Kin expansion of macro ‘[01m[KRCUTILS_LOG_INFO_NAMED[m[K’
[14.875s]      [01;36m[KRCUTILS_LOG_INFO_NAMED[m[K( \
[14.876s]      [01;36m[K^~~~~~~~~~~~~~~~~~~~~~[m[K
[14.876s] [01m[K/opt/ros/eloquent/include/rclcpp/logging.hpp:544:9:[m[K [01;36m[Knote: [m[Kin expansion of macro ‘[01m[KRCLCPP_ALL_BUT_FIRST_ARGS[m[K’
[14.877s]          [01;36m[KRCLCPP_ALL_BUT_FIRST_ARGS[m[K(__VA_ARGS__,"")); \
[14.877s]          [01;36m[K^~~~~~~~~~~~~~~~~~~~~~~~~[m[K
[14.877s] [01m[K/home/jiseongyoo/ros2_examples/src/composition_cpp_example/src/component_container.cpp:25:27:[m[K [01;36m[Knote: [m[Kin expansion of macro ‘[01m[KRCLCPP_INFO[m[K’
[14.878s]    exec.add_node(srv_cli); [01;36m[KRCLCPP_INFO[m[K(srv_cli->get_logger(), "[%s] is added to executor", srv_clie->get_name());
[14.878s]                            [01;36m[K^~~~~~~~~~~[m[K
[14.879s] [01m[K/home/jiseongyoo/ros2_examples/src/composition_cpp_example/src/component_container.cpp:25:91:[m[K [01;36m[Knote: [m[Ksuggested alternative: ‘[01m[Ksrv_cli[m[K’
[14.879s]  i); RCLCPP_INFO(srv_cli->get_logger(), "[%s] is added to executor", [01;36m[Ks[m[Krv_clie->get_name());
[14.880s]                                                                      [01;36m[K^[m[K
[14.880s] [01m[K/opt/ros/eloquent/include/rcutils/logging_macros.h:72:64:[m[K [01;36m[Knote: [m[Kin definition of macro ‘[01m[KRCUTILS_LOG_COND_NAMED[m[K’
[14.881s]        rcutils_log(&__rcutils_logging_location, severity, name, [01;36m[K__VA_ARGS__[m[K); \
[14.881s]                                                                 [01;36m[K^~~~~~~~~~~[m[K
[14.881s] [01m[K/opt/ros/eloquent/include/rclcpp/logging.hpp:541:5:[m[K [01;36m[Knote: [m[Kin expansion of macro ‘[01m[KRCUTILS_LOG_INFO_NAMED[m[K’
[14.882s]      [01;36m[KRCUTILS_LOG_INFO_NAMED[m[K( \
[14.884s]      [01;36m[K^~~~~~~~~~~~~~~~~~~~~~[m[K
[14.884s] [01m[K/opt/ros/eloquent/include/rclcpp/logging.hpp:544:9:[m[K [01;36m[Knote: [m[Kin expansion of macro ‘[01m[KRCLCPP_ALL_BUT_FIRST_ARGS[m[K’
[14.885s]          [01;36m[KRCLCPP_ALL_BUT_FIRST_ARGS[m[K(__VA_ARGS__,"")); \
[14.885s]          [01;36m[K^~~~~~~~~~~~~~~~~~~~~~~~~[m[K
[14.886s] [01m[K/home/jiseongyoo/ros2_examples/src/composition_cpp_example/src/component_container.cpp:25:27:[m[K [01;36m[Knote: [m[Kin expansion of macro ‘[01m[KRCLCPP_INFO[m[K’
[14.886s]    exec.add_node(srv_cli); [01;36m[KRCLCPP_INFO[m[K(srv_cli->get_logger(), "[%s] is added to executor", srv_clie->get_name());
[14.887s]                            [01;36m[K^~~~~~~~~~~[m[K
[15.723s] CMakeFiles/component_container.dir/build.make:62: recipe for target 'CMakeFiles/component_container.dir/src/component_container.cpp.o' failed
[15.724s] make[2]: *** [CMakeFiles/component_container.dir/src/component_container.cpp.o] Error 1
[15.725s] make[1]: *** [CMakeFiles/component_container.dir/all] Error 2
[15.726s] CMakeFiles/Makefile2:70: recipe for target 'CMakeFiles/component_container.dir/all' failed
[15.727s] Makefile:140: recipe for target 'all' failed
[15.728s] make: *** [all] Error 2
[15.736s] Invoked command in '/home/jiseongyoo/ros2_examples/build/composition_cpp_example' returned '2': AMENT_PREFIX_PATH=/home/jiseongyoo/ros2_examples/install/interfaces:${AMENT_PREFIX_PATH} CMAKE_PREFIX_PATH=/home/jiseongyoo/ros2_examples/install/interfaces:/opt/ros/eloquent LD_LIBRARY_PATH=/home/jiseongyoo/ros2_examples/install/interfaces/lib:${LD_LIBRARY_PATH} PYTHONPATH=/home/jiseongyoo/ros2_examples/install/interfaces/lib/python3.6/site-packages:${PYTHONPATH} /usr/bin/cmake --build /home/jiseongyoo/ros2_examples/build/composition_cpp_example -- -j2 -l2
