[0.194s] -- Found ament_cmake: 0.8.2 (/opt/ros/eloquent/share/ament_cmake/cmake)
[0.308s] -- Using PYTHON_EXECUTABLE: /usr/bin/python3
[1.150s] -- Found rclcpp: 0.8.4 (/opt/ros/eloquent/share/rclcpp/cmake)
[1.202s] -- Found rosidl_adapter: 0.8.2 (/opt/ros/eloquent/share/rosidl_adapter/cmake)
[1.346s] -- Found rmw_implementation_cmake: 0.8.1 (/opt/ros/eloquent/share/rmw_implementation_cmake/cmake)
[1.352s] -- Using RMW implementation 'rmw_fastrtps_cpp' as default
[1.477s] CMake Error at CMakeLists.txt:26 (target_include_directories):
[1.479s]   target_include_directories called with invalid arguments
[1.481s] 
[1.482s] 
[1.483s] -- Found ament_lint_auto: 0.8.1 (/opt/ros/eloquent/share/ament_lint_auto/cmake)
[1.737s] -- Added test 'copyright' to check for copyright in CMake / C / C++ / Python code
[1.741s] -- Added test 'cppcheck' to perform static code analysis on C / C++ code
[1.742s] -- Configured cppcheck include dirs: 
[1.745s] -- Added test 'cpplint' to check C / C++ code against the Google style
[1.750s] -- Added test 'lint_cmake' to check CMake code style
[1.752s] -- Added test 'uncrustify' to check C / C++ code style
[1.753s] -- Added test 'xmllint' to check XML markup files
[1.762s] -- Configuring incomplete, errors occurred!
[1.763s] See also "/home/jiseongyoo/ros2_examples/build/pub_sub_cpp_template/CMakeFiles/CMakeOutput.log".
[1.763s] See also "/home/jiseongyoo/ros2_examples/build/pub_sub_cpp_template/CMakeFiles/CMakeError.log".
[1.770s] make: *** [cmake_check_build_system] Error 1
[1.771s] Makefile:266: recipe for target 'cmake_check_build_system' failed
