[11.351s] In file included from [01m[K/home/jiseongyoo/ros2_examples/build/interfaces/rosidl_generator_c/interfaces/action/action_collection__functions.h:19:0[m[K,
[11.352s]                  from [01m[K/home/jiseongyoo/ros2_examples/build/interfaces/rosidl_generator_c/interfaces/action/action_collection__functions.c:4[m[K:
[11.352s] [01m[K/home/jiseongyoo/ros2_examples/build/interfaces/rosidl_generator_c/interfaces/action/action_collection__struct.h:24:27:[m[K [01;31m[Kerror: [m[Kredefinition of ‘[01m[Kinterfaces__action__ActionCollection_Goal__CONSTANT_STRING[m[K’
[11.353s]  static const char * const [01;31m[Kinterfaces__action__ActionCollection_Goal__CONSTANT_STRING[m[K = "CONSTANT_STRING";
[11.353s]                            [01;31m[K^~~~~~~~~~~~~~~~~~~~~~~~~~~~~~~~~~~~~~~~~~~~~~~~~~~~~~~~~~[m[K
[11.353s] [01m[K/home/jiseongyoo/ros2_examples/build/interfaces/rosidl_generator_c/interfaces/action/action_collection__struct.h:21:27:[m[K [01;36m[Knote: [m[Kprevious definition of ‘[01m[Kinterfaces__action__ActionCollection_Goal__CONSTANT_STRING[m[K’ was here
[11.354s]  static const char * const [01;36m[Kinterfaces__action__ActionCollection_Goal__CONSTANT_STRING[m[K = "CONSTANT_STRING";
[11.354s]                            [01;36m[K^~~~~~~~~~~~~~~~~~~~~~~~~~~~~~~~~~~~~~~~~~~~~~~~~~~~~~~~~~[m[K
[11.354s] [01m[K/home/jiseongyoo/ros2_examples/build/interfaces/rosidl_generator_c/interfaces/action/action_collection__struct.h:27:27:[m[K [01;31m[Kerror: [m[Kredefinition of ‘[01m[Kinterfaces__action__ActionCollection_Goal__CONSTANT_STRING[m[K’
[11.355s]  static const char * const [01;31m[Kinterfaces__action__ActionCollection_Goal__CONSTANT_STRING[m[K = "CONSTANT_STRING";
[11.355s]                            [01;31m[K^~~~~~~~~~~~~~~~~~~~~~~~~~~~~~~~~~~~~~~~~~~~~~~~~~~~~~~~~~[m[K
[11.355s] [01m[K/home/jiseongyoo/ros2_examples/build/interfaces/rosidl_generator_c/interfaces/action/action_collection__struct.h:24:27:[m[K [01;36m[Knote: [m[Kprevious definition of ‘[01m[Kinterfaces__action__ActionCollection_Goal__CONSTANT_STRING[m[K’ was here
[11.356s]  static const char * const [01;36m[Kinterfaces__action__ActionCollection_Goal__CONSTANT_STRING[m[K = "CONSTANT_STRING";
[11.356s]                            [01;36m[K^~~~~~~~~~~~~~~~~~~~~~~~~~~~~~~~~~~~~~~~~~~~~~~~~~~~~~~~~~[m[K
[11.420s] make[2]: *** [CMakeFiles/interfaces__rosidl_generator_c.dir/rosidl_generator_c/interfaces/action/action_collection__functions.c.o] Error 1
[11.422s] make[1]: *** [CMakeFiles/interfaces__rosidl_generator_c.dir/all] Error 2
[11.422s] make[1]: *** Waiting for unfinished jobs....
[18.714s] In file included from [01m[K/home/jiseongyoo/ros2_examples/build/interfaces/rosidl_typesupport_fastrtps_cpp/interfaces/action/action_collection__rosidl_typesupport_fastrtps_cpp.hpp:11:0[m[K,
[18.715s]                  from [01m[K/home/jiseongyoo/ros2_examples/build/interfaces/rosidl_typesupport_fastrtps_cpp/interfaces/action/dds_fastrtps/action_collection__type_support.cpp:4[m[K:
[18.716s] [01m[K/home/jiseongyoo/ros2_examples/build/interfaces/rosidl_generator_cpp/interfaces/action/action_collection__struct.hpp:293:123:[m[K [01;31m[Kerror: [m[Kredeclaration of ‘[01m[Kconst std::__cxx11::basic_string<char, std::char_traits<char>, typename ContainerAllocator::rebind<char>::other> interfaces::action::ActionCollection_Goal_<ContainerAllocator>::CONSTANT_STRING[m[K’
[18.717s]  s<char>, typename ContainerAllocator::template rebind<char>::other> [01;31m[KCONSTANT_STRING[m[K;
[18.717s]                                                                      [01;31m[K^~~~~~~~~~~~~~~[m[K
[18.718s] [01m[K/home/jiseongyoo/ros2_examples/build/interfaces/rosidl_generator_cpp/interfaces/action/action_collection__struct.hpp:292:123:[m[K [01;36m[Knote: [m[Kprevious declaration ‘[01m[Kconst std::__cxx11::basic_string<char, std::char_traits<char>, typename ContainerAllocator::rebind<char>::other> interfaces::action::ActionCollection_Goal_<ContainerAllocator>::CONSTANT_STRING[m[K’
[18.719s]  s<char>, typename ContainerAllocator::template rebind<char>::other> [01;36m[KCONSTANT_STRING[m[K;
[18.719s]                                                                      [01;36m[K^~~~~~~~~~~~~~~[m[K
[18.720s] [01m[K/home/jiseongyoo/ros2_examples/build/interfaces/rosidl_generator_cpp/interfaces/action/action_collection__struct.hpp:294:123:[m[K [01;31m[Kerror: [m[Kredeclaration of ‘[01m[Kconst std::__cxx11::basic_string<char, std::char_traits<char>, typename ContainerAllocator::rebind<char>::other> interfaces::action::ActionCollection_Goal_<ContainerAllocator>::CONSTANT_STRING[m[K’
[18.721s]  s<char>, typename ContainerAllocator::template rebind<char>::other> [01;31m[KCONSTANT_STRING[m[K;
[18.722s]                                                                      [01;31m[K^~~~~~~~~~~~~~~[m[K
[18.722s] [01m[K/home/jiseongyoo/ros2_examples/build/interfaces/rosidl_generator_cpp/interfaces/action/action_collection__struct.hpp:292:123:[m[K [01;36m[Knote: [m[Kprevious declaration ‘[01m[Kconst std::__cxx11::basic_string<char, std::char_traits<char>, typename ContainerAllocator::rebind<char>::other> interfaces::action::ActionCollection_Goal_<ContainerAllocator>::CONSTANT_STRING[m[K’
[18.723s]  s<char>, typename ContainerAllocator::template rebind<char>::other> [01;36m[KCONSTANT_STRING[m[K;
[18.725s]                                                                      [01;36m[K^~~~~~~~~~~~~~~[m[K
[18.732s] [01m[K/home/jiseongyoo/ros2_examples/build/interfaces/rosidl_generator_cpp/interfaces/action/action_collection__struct.hpp:420:45:[m[K [01;31m[Kerror: [m[Kredefinition of ‘[01m[Kconst std::__cxx11::basic_string<char, std::char_traits<char>, typename ContainerAllocator::rebind<char>::other> interfaces::action::ActionCollection_Goal_<ContainerAllocator>::CONSTANT_STRING[m[K’
[18.733s]  ActionCollection_Goal_<ContainerAllocator>::[01;31m[KCONSTANT_STRING[m[K = "CONSTANT_STRING";
[18.734s]                                              [01;31m[K^~~~~~~~~~~~~~~[m[K
[18.735s] [01m[K/home/jiseongyoo/ros2_examples/build/interfaces/rosidl_generator_cpp/interfaces/action/action_collection__struct.hpp:417:1:[m[K [01;36m[Knote: [m[K‘[01m[Kconst std::__cxx11::basic_string<char, std::char_traits<char>, typename ContainerAllocator::rebind<char>::other> interfaces::action::ActionCollection_Goal_<ContainerAllocator>::CONSTANT_STRING[m[K’ previously declared here
[18.735s]  [01;36m[KActionCollection_Goal_<ContainerAllocator>[m[K::CONSTANT_STRING = "CONSTANT_STRING";
[18.736s]  [01;36m[K^~~~~~~~~~~~~~~~~~~~~~~~~~~~~~~~~~~~~~~~~~[m[K
[18.737s] [01m[K/home/jiseongyoo/ros2_examples/build/interfaces/rosidl_generator_cpp/interfaces/action/action_collection__struct.hpp:423:45:[m[K [01;31m[Kerror: [m[Kredefinition of ‘[01m[Kconst std::__cxx11::basic_string<char, std::char_traits<char>, typename ContainerAllocator::rebind<char>::other> interfaces::action::ActionCollection_Goal_<ContainerAllocator>::CONSTANT_STRING[m[K’
[18.738s]  ActionCollection_Goal_<ContainerAllocator>::[01;31m[KCONSTANT_STRING[m[K = "CONSTANT_STRING";
[18.738s]                                              [01;31m[K^~~~~~~~~~~~~~~[m[K
[18.739s] [01m[K/home/jiseongyoo/ros2_examples/build/interfaces/rosidl_generator_cpp/interfaces/action/action_collection__struct.hpp:417:1:[m[K [01;36m[Knote: [m[K‘[01m[Kconst std::__cxx11::basic_string<char, std::char_traits<char>, typename ContainerAllocator::rebind<char>::other> interfaces::action::ActionCollection_Goal_<ContainerAllocator>::CONSTANT_STRING[m[K’ previously declared here
[18.739s]  [01;36m[KActionCollection_Goal_<ContainerAllocator>[m[K::CONSTANT_STRING = "CONSTANT_STRING";
[18.740s]  [01;36m[K^~~~~~~~~~~~~~~~~~~~~~~~~~~~~~~~~~~~~~~~~~[m[K
[19.573s] make[2]: *** [CMakeFiles/interfaces__rosidl_typesupport_fastrtps_cpp.dir/rosidl_typesupport_fastrtps_cpp/interfaces/action/dds_fastrtps/action_collection__type_support.cpp.o] Error 1
[19.574s] make[2]: *** Waiting for unfinished jobs....
[19.724s] make[1]: *** [CMakeFiles/interfaces__rosidl_typesupport_fastrtps_cpp.dir/all] Error 2
[19.731s] make: *** [all] Error 2
