[0.179s] -- Found ament_cmake: 0.8.2 (/opt/ros/eloquent/share/ament_cmake/cmake)
[0.289s] -- Found PythonInterp: /usr/bin/python3 (found suitable version "3.6.9", minimum required is "3") 
[0.290s] -- Using PYTHON_EXECUTABLE: /usr/bin/python3
[1.122s] -- Found rosidl_default_generators: 0.8.0 (/opt/ros/eloquent/share/rosidl_default_generators/cmake)
[1.339s] -- Found rosidl_adapter: 0.8.2 (/opt/ros/eloquent/share/rosidl_adapter/cmake)
[1.680s] -- Found PythonInterp: /usr/bin/python3 (found version "3.6.9") 
[2.472s] -- Using single matching rosidl_typesupport_c: rosidl_typesupport_fastrtps_c
[2.531s] -- Using single matching rosidl_typesupport_cpp: rosidl_typesupport_fastrtps_cpp
[3.164s] -- Found rmw_implementation_cmake: 0.8.1 (/opt/ros/eloquent/share/rmw_implementation_cmake/cmake)
[3.266s] -- Found PythonInterp: /usr/bin/python3 (found suitable version "3.6.9", minimum required is "3.5") 
[3.268s] -- Found python_cmake_module: 0.8.0 (/opt/ros/eloquent/share/python_cmake_module/cmake)
[3.365s] -- Using PYTHON_EXECUTABLE: /usr/bin/python3
[3.367s] -- Using PYTHON_INCLUDE_DIRS: /usr/include/python3.6m
[3.369s] -- Using PYTHON_LIBRARIES: /usr/lib/x86_64-linux-gnu/libpython3.6m.so
[3.751s] -- Found ament_lint_auto: 0.8.1 (/opt/ros/eloquent/share/ament_lint_auto/cmake)
[3.806s] -- Added test 'lint_cmake' to check CMake code style
[3.812s] -- Added test 'xmllint' to check XML markup files
[3.826s] -- Configuring done
[4.539s] -- Generating done
[4.556s] -- Build files have been written to: /home/jiseongyoo/ros2_examples/build/interfaces
[4.663s] [35m[1mScanning dependencies of target interfaces__cpp[0m
[4.665s] [  2%] [34m[1mGenerating C code for ROS interfaces[0m
[4.713s] [  4%] [34m[1mGenerating C++ code for ROS interfaces[0m
[11.175s] [  4%] Built target interfaces__cpp
[11.225s] [  6%] [34m[1mGenerating C++ type support for eProsima Fast-RTPS[0m
[11.246s] [35m[1mScanning dependencies of target interfaces__rosidl_generator_c[0m
[11.309s] [  8%] [32mBuilding C object CMakeFiles/interfaces__rosidl_generator_c.dir/rosidl_generator_c/interfaces/action/action_collection__functions.c.o[0m
[11.420s] CMakeFiles/interfaces__rosidl_generator_c.dir/build.make:130: recipe for target 'CMakeFiles/interfaces__rosidl_generator_c.dir/rosidl_generator_c/interfaces/action/action_collection__functions.c.o' failed
[11.421s] CMakeFiles/Makefile2:247: recipe for target 'CMakeFiles/interfaces__rosidl_generator_c.dir/all' failed
[17.463s] [35m[1mScanning dependencies of target interfaces__rosidl_typesupport_fastrtps_cpp[0m
[17.571s] [ 11%] [32mBuilding CXX object CMakeFiles/interfaces__rosidl_typesupport_fastrtps_cpp.dir/rosidl_typesupport_fastrtps_cpp/interfaces/msg/dds_fastrtps/msg_collection__type_support.cpp.o[0m
[17.573s] [ 13%] [32mBuilding CXX object CMakeFiles/interfaces__rosidl_typesupport_fastrtps_cpp.dir/rosidl_typesupport_fastrtps_cpp/interfaces/action/dds_fastrtps/action_collection__type_support.cpp.o[0m
[19.572s] CMakeFiles/interfaces__rosidl_typesupport_fastrtps_cpp.dir/build.make:98: recipe for target 'CMakeFiles/interfaces__rosidl_typesupport_fastrtps_cpp.dir/rosidl_typesupport_fastrtps_cpp/interfaces/action/dds_fastrtps/action_collection__type_support.cpp.o' failed
[19.728s] CMakeFiles/Makefile2:369: recipe for target 'CMakeFiles/interfaces__rosidl_typesupport_fastrtps_cpp.dir/all' failed
[19.729s] Makefile:140: recipe for target 'all' failed
