[0.330s] [ 11%] Built target component_subscriber_cpp
[0.350s] [ 22%] Built target component_service_server_cpp
[0.441s] [ 33%] Built target component_publisher_cpp
[0.465s] [ 44%] Built target component_service_client_cpp
[0.494s] [35m[1mScanning dependencies of target component_action_client_cpp[0m
[0.608s] [ 55%] Built target component_action_server_cpp
[0.757s] [ 66%] Built target component_parameter_server_cpp
[0.800s] [ 72%] [32mBuilding CXX object CMakeFiles/component_action_client_cpp.dir/src/action_client_cpp_example.cpp.o[0m
[0.819s] [35m[1mScanning dependencies of target component_parameter_client_cpp[0m
[1.011s] [ 77%] [32mBuilding CXX object CMakeFiles/component_parameter_client_cpp.dir/src/parameter_client_cpp_example.cpp.o[0m
[10.135s] [ 83%] [32m[1mLinking CXX shared library libcomponent_parameter_client_cpp.so[0m
[10.899s] [ 83%] Built target component_parameter_client_cpp
[13.107s] [ 88%] [32m[1mLinking CXX shared library libcomponent_action_client_cpp.so[0m
[14.063s] [ 88%] Built target component_action_client_cpp
[14.111s] [35m[1mScanning dependencies of target component_container[0m
[14.273s] [ 94%] [32mBuilding CXX object CMakeFiles/component_container.dir/src/component_container.cpp.o[0m
[21.723s] [100%] [32m[1mLinking CXX executable component_container[0m
[23.347s] [100%] Built target component_container
[23.954s] [ 11%] Built target component_subscriber_cpp
[23.960s] [ 22%] Built target component_service_server_cpp
[24.069s] [ 33%] Built target component_publisher_cpp
[24.078s] [ 44%] Built target component_service_client_cpp
[24.192s] [ 55%] Built target component_action_client_cpp
[24.198s] [ 66%] Built target component_action_server_cpp
[24.333s] [ 88%] Built target component_parameter_server_cpp
[24.335s] [ 88%] Built target component_parameter_client_cpp
[24.484s] [100%] Built target component_container
[24.586s] [36mInstall the project...[0m
[24.621s] -- Install configuration: ""
[24.623s] -- Up-to-date: /home/jiseongyoo/ros2_examples/install/composition_cpp_example/lib/libcomponent_publisher_cpp.so
[24.626s] -- Up-to-date: /home/jiseongyoo/ros2_examples/install/composition_cpp_example/lib/libcomponent_subscriber_cpp.so
[24.628s] -- Up-to-date: /home/jiseongyoo/ros2_examples/install/composition_cpp_example/lib/libcomponent_service_server_cpp.so
[24.635s] -- Up-to-date: /home/jiseongyoo/ros2_examples/install/composition_cpp_example/lib/libcomponent_service_client_cpp.so
[24.637s] -- Up-to-date: /home/jiseongyoo/ros2_examples/install/composition_cpp_example/lib/libcomponent_action_server_cpp.so
[24.638s] -- Installing: /home/jiseongyoo/ros2_examples/install/composition_cpp_example/lib/libcomponent_action_client_cpp.so
[24.639s] -- Set runtime path of "/home/jiseongyoo/ros2_examples/install/composition_cpp_example/lib/libcomponent_action_client_cpp.so" to ""
[24.640s] -- Up-to-date: /home/jiseongyoo/ros2_examples/install/composition_cpp_example/lib/libcomponent_parameter_server_cpp.so
[24.643s] -- Installing: /home/jiseongyoo/ros2_examples/install/composition_cpp_example/lib/libcomponent_parameter_client_cpp.so
[24.647s] -- Set runtime path of "/home/jiseongyoo/ros2_examples/install/composition_cpp_example/lib/libcomponent_parameter_client_cpp.so" to ""
[24.648s] -- Installing: /home/jiseongyoo/ros2_examples/install/composition_cpp_example/lib/composition_cpp_example/component_container
[24.659s] -- Set runtime path of "/home/jiseongyoo/ros2_examples/install/composition_cpp_example/lib/composition_cpp_example/component_container" to ""
[24.660s] -- Up-to-date: /home/jiseongyoo/ros2_examples/install/composition_cpp_example/share/ament_index/resource_index/package_run_dependencies/composition_cpp_example
[24.677s] -- Up-to-date: /home/jiseongyoo/ros2_examples/install/composition_cpp_example/share/ament_index/resource_index/parent_prefix_path/composition_cpp_example
[24.678s] -- Up-to-date: /home/jiseongyoo/ros2_examples/install/composition_cpp_example/share/composition_cpp_example/environment/ament_prefix_path.sh
[24.678s] -- Up-to-date: /home/jiseongyoo/ros2_examples/install/composition_cpp_example/share/composition_cpp_example/environment/ament_prefix_path.dsv
[24.679s] -- Up-to-date: /home/jiseongyoo/ros2_examples/install/composition_cpp_example/share/composition_cpp_example/environment/path.sh
[24.679s] -- Up-to-date: /home/jiseongyoo/ros2_examples/install/composition_cpp_example/share/composition_cpp_example/environment/path.dsv
[24.679s] -- Up-to-date: /home/jiseongyoo/ros2_examples/install/composition_cpp_example/share/composition_cpp_example/local_setup.bash
[24.680s] -- Up-to-date: /home/jiseongyoo/ros2_examples/install/composition_cpp_example/share/composition_cpp_example/local_setup.sh
[24.681s] -- Up-to-date: /home/jiseongyoo/ros2_examples/install/composition_cpp_example/share/composition_cpp_example/local_setup.zsh
[24.681s] -- Up-to-date: /home/jiseongyoo/ros2_examples/install/composition_cpp_example/share/composition_cpp_example/local_setup.dsv
[24.681s] -- Installing: /home/jiseongyoo/ros2_examples/install/composition_cpp_example/share/composition_cpp_example/package.dsv
[24.682s] -- Up-to-date: /home/jiseongyoo/ros2_examples/install/composition_cpp_example/share/ament_index/resource_index/packages/composition_cpp_example
[24.683s] -- Up-to-date: /home/jiseongyoo/ros2_examples/install/composition_cpp_example/share/ament_index/resource_index/rclcpp_components/composition_cpp_example
[24.683s] -- Up-to-date: /home/jiseongyoo/ros2_examples/install/composition_cpp_example/share/composition_cpp_example/cmake/composition_cpp_exampleConfig.cmake
[24.686s] -- Up-to-date: /home/jiseongyoo/ros2_examples/install/composition_cpp_example/share/composition_cpp_example/cmake/composition_cpp_exampleConfig-version.cmake
[24.688s] -- Up-to-date: /home/jiseongyoo/ros2_examples/install/composition_cpp_example/share/composition_cpp_example/package.xml
