[0.095s] Invoking command in '/home/jiseongyoo/ros2_examples/build/param_cpp_example': CMAKE_PREFIX_PATH=${CMAKE_PREFIX_PATH}:/opt/ros/eloquent /usr/bin/cmake --build /home/jiseongyoo/ros2_examples/build/param_cpp_example -- -j2 -l2
[0.284s] [35m[1mScanning dependencies of target param_client_cpp[0m
[0.341s] [ 50%] Built target param_server_cpp
[0.431s] [ 75%] [32mBuilding CXX object CMakeFiles/param_client_cpp.dir/src/param_client_cpp_example.cpp.o[0m
[7.052s] [100%] [32m[1mLinking CXX executable param_client_cpp[0m
[7.645s] [100%] Built target param_client_cpp
[7.693s] Invoked command in '/home/jiseongyoo/ros2_examples/build/param_cpp_example' returned '0': CMAKE_PREFIX_PATH=${CMAKE_PREFIX_PATH}:/opt/ros/eloquent /usr/bin/cmake --build /home/jiseongyoo/ros2_examples/build/param_cpp_example -- -j2 -l2
[7.853s] Invoking command in '/home/jiseongyoo/ros2_examples/build/param_cpp_example': CMAKE_PREFIX_PATH=${CMAKE_PREFIX_PATH}:/opt/ros/eloquent /usr/bin/cmake --build /home/jiseongyoo/ros2_examples/build/param_cpp_example --target install -- -j2 -l2
[8.108s] [ 50%] Built target param_client_cpp
[8.119s] [100%] Built target param_server_cpp
[8.211s] [36mInstall the project...[0m
[8.248s] -- Install configuration: ""
[8.252s] -- Up-to-date: /home/jiseongyoo/ros2_examples/install/param_cpp_example/lib/param_cpp_example/param_server_cpp
[8.257s] -- Installing: /home/jiseongyoo/ros2_examples/install/param_cpp_example/lib/param_cpp_example/param_client_cpp
[8.264s] -- Set runtime path of "/home/jiseongyoo/ros2_examples/install/param_cpp_example/lib/param_cpp_example/param_client_cpp" to ""
[8.265s] -- Up-to-date: /home/jiseongyoo/ros2_examples/install/param_cpp_example/share/ament_index/resource_index/package_run_dependencies/param_cpp_example
[8.266s] -- Up-to-date: /home/jiseongyoo/ros2_examples/install/param_cpp_example/share/ament_index/resource_index/parent_prefix_path/param_cpp_example
[8.267s] -- Up-to-date: /home/jiseongyoo/ros2_examples/install/param_cpp_example/share/param_cpp_example/environment/ament_prefix_path.sh
[8.267s] -- Up-to-date: /home/jiseongyoo/ros2_examples/install/param_cpp_example/share/param_cpp_example/environment/ament_prefix_path.dsv
[8.268s] -- Up-to-date: /home/jiseongyoo/ros2_examples/install/param_cpp_example/share/param_cpp_example/environment/path.sh
[8.269s] -- Up-to-date: /home/jiseongyoo/ros2_examples/install/param_cpp_example/share/param_cpp_example/environment/path.dsv
[8.269s] -- Up-to-date: /home/jiseongyoo/ros2_examples/install/param_cpp_example/share/param_cpp_example/local_setup.bash
[8.270s] -- Up-to-date: /home/jiseongyoo/ros2_examples/install/param_cpp_example/share/param_cpp_example/local_setup.sh
[8.274s] -- Up-to-date: /home/jiseongyoo/ros2_examples/install/param_cpp_example/share/param_cpp_example/local_setup.zsh
[8.275s] -- Up-to-date: /home/jiseongyoo/ros2_examples/install/param_cpp_example/share/param_cpp_example/local_setup.dsv
[8.275s] -- Installing: /home/jiseongyoo/ros2_examples/install/param_cpp_example/share/param_cpp_example/package.dsv
[8.276s] -- Up-to-date: /home/jiseongyoo/ros2_examples/install/param_cpp_example/share/ament_index/resource_index/packages/param_cpp_example
[8.276s] -- Up-to-date: /home/jiseongyoo/ros2_examples/install/param_cpp_example/share/param_cpp_example/cmake/param_cpp_exampleConfig.cmake
[8.277s] -- Up-to-date: /home/jiseongyoo/ros2_examples/install/param_cpp_example/share/param_cpp_example/cmake/param_cpp_exampleConfig-version.cmake
[8.280s] -- Up-to-date: /home/jiseongyoo/ros2_examples/install/param_cpp_example/share/param_cpp_example/package.xml
[8.287s] Invoked command in '/home/jiseongyoo/ros2_examples/build/param_cpp_example' returned '0': CMAKE_PREFIX_PATH=${CMAKE_PREFIX_PATH}:/opt/ros/eloquent /usr/bin/cmake --build /home/jiseongyoo/ros2_examples/build/param_cpp_example --target install -- -j2 -l2
