[0.205s] -- Found ament_cmake: 0.8.2 (/opt/ros/eloquent/share/ament_cmake/cmake)
[0.308s] -- Using PYTHON_EXECUTABLE: /usr/bin/python3
[1.118s] -- Found rclcpp: 0.8.4 (/opt/ros/eloquent/share/rclcpp/cmake)
[1.170s] -- Found rosidl_adapter: 0.8.2 (/opt/ros/eloquent/share/rosidl_adapter/cmake)
[1.316s] -- Found rmw_implementation_cmake: 0.8.1 (/opt/ros/eloquent/share/rmw_implementation_cmake/cmake)
[1.324s] -- Using RMW implementation 'rmw_fastrtps_cpp' as default
[1.452s] -- Found rclcpp_action: 0.8.4 (/opt/ros/eloquent/share/rclcpp_action/cmake)
[1.706s] -- Found rclcpp_components: 0.8.4 (/opt/ros/eloquent/share/rclcpp_components/cmake)
[1.714s] -- Found poco_vendor:  (/opt/ros/eloquent/share/poco_vendor/cmake)
[1.785s] -- Found interfaces: 0.0.0 (/home/jiseongyoo/ros2_examples/install/interfaces/share/interfaces/cmake)
[2.802s] -- Found ament_lint_auto: 0.8.1 (/opt/ros/eloquent/share/ament_lint_auto/cmake)
[3.093s] -- Added test 'copyright' to check for copyright in CMake / C / C++ / Python code
[3.098s] -- Added test 'cppcheck' to perform static code analysis on C / C++ code
[3.102s] -- Configured cppcheck include dirs: /home/jiseongyoo/ros2_examples/src/composition_cpp_example/include
[3.107s] -- Added test 'cpplint' to check C / C++ code against the Google style
[3.110s] -- Added test 'lint_cmake' to check CMake code style
[3.116s] -- Added test 'uncrustify' to check C / C++ code style
[3.117s] -- Added test 'xmllint' to check XML markup files
[3.125s] -- Configuring done
[3.728s] -- Generating done
[3.740s] -- Build files have been written to: /home/jiseongyoo/ros2_examples/build/composition_cpp_example
[3.929s] [ 11%] Built target component_service_server_cpp
[4.061s] [ 22%] Built target component_subscriber_cpp
[4.194s] [ 33%] Built target component_publisher_cpp
[4.318s] [ 44%] Built target component_service_client_cpp
[4.463s] [ 55%] Built target component_action_client_cpp
[4.632s] [ 66%] Built target component_action_server_cpp
[4.772s] [ 77%] Built target component_parameter_server_cpp
[4.898s] [ 88%] Built target component_parameter_client_cpp
[5.032s] [100%] Built target component_container
[5.626s] [ 11%] Built target component_service_server_cpp
[5.761s] [ 22%] Built target component_subscriber_cpp
[5.906s] [ 33%] Built target component_publisher_cpp
[6.056s] [ 44%] Built target component_service_client_cpp
[6.184s] [ 55%] Built target component_action_client_cpp
[6.336s] [ 66%] Built target component_action_server_cpp
[6.477s] [ 77%] Built target component_parameter_server_cpp
[6.604s] [ 88%] Built target component_parameter_client_cpp
[6.741s] [100%] Built target component_container
[6.830s] [36mInstall the project...[0m
[6.866s] -- Install configuration: ""
[6.869s] -- Up-to-date: /home/jiseongyoo/ros2_examples/install/composition_cpp_example/lib/libcomponent_publisher_cpp.so
[6.872s] -- Up-to-date: /home/jiseongyoo/ros2_examples/install/composition_cpp_example/lib/libcomponent_subscriber_cpp.so
[6.875s] -- Up-to-date: /home/jiseongyoo/ros2_examples/install/composition_cpp_example/lib/libcomponent_service_server_cpp.so
[6.877s] -- Up-to-date: /home/jiseongyoo/ros2_examples/install/composition_cpp_example/lib/libcomponent_service_client_cpp.so
[6.881s] -- Up-to-date: /home/jiseongyoo/ros2_examples/install/composition_cpp_example/lib/libcomponent_action_server_cpp.so
[6.883s] -- Up-to-date: /home/jiseongyoo/ros2_examples/install/composition_cpp_example/lib/libcomponent_action_client_cpp.so
[6.886s] -- Up-to-date: /home/jiseongyoo/ros2_examples/install/composition_cpp_example/lib/libcomponent_parameter_server_cpp.so
[6.893s] -- Up-to-date: /home/jiseongyoo/ros2_examples/install/composition_cpp_example/lib/libcomponent_parameter_client_cpp.so
[6.898s] -- Up-to-date: /home/jiseongyoo/ros2_examples/install/composition_cpp_example/lib/composition_cpp_example/component_container
[6.902s] -- Installing: /home/jiseongyoo/ros2_examples/install/composition_cpp_example/share/ament_index/resource_index/package_run_dependencies/composition_cpp_example
[6.903s] -- Up-to-date: /home/jiseongyoo/ros2_examples/install/composition_cpp_example/share/ament_index/resource_index/parent_prefix_path/composition_cpp_example
[6.904s] -- Up-to-date: /home/jiseongyoo/ros2_examples/install/composition_cpp_example/share/composition_cpp_example/environment/ament_prefix_path.sh
[6.904s] -- Installing: /home/jiseongyoo/ros2_examples/install/composition_cpp_example/share/composition_cpp_example/environment/ament_prefix_path.dsv
[6.905s] -- Up-to-date: /home/jiseongyoo/ros2_examples/install/composition_cpp_example/share/composition_cpp_example/environment/path.sh
[6.907s] -- Installing: /home/jiseongyoo/ros2_examples/install/composition_cpp_example/share/composition_cpp_example/environment/path.dsv
[6.908s] -- Up-to-date: /home/jiseongyoo/ros2_examples/install/composition_cpp_example/share/composition_cpp_example/local_setup.bash
[6.908s] -- Up-to-date: /home/jiseongyoo/ros2_examples/install/composition_cpp_example/share/composition_cpp_example/local_setup.sh
[6.909s] -- Up-to-date: /home/jiseongyoo/ros2_examples/install/composition_cpp_example/share/composition_cpp_example/local_setup.zsh
[6.909s] -- Installing: /home/jiseongyoo/ros2_examples/install/composition_cpp_example/share/composition_cpp_example/local_setup.dsv
[6.910s] -- Installing: /home/jiseongyoo/ros2_examples/install/composition_cpp_example/share/composition_cpp_example/package.dsv
[6.910s] -- Up-to-date: /home/jiseongyoo/ros2_examples/install/composition_cpp_example/share/ament_index/resource_index/packages/composition_cpp_example
[6.910s] -- Up-to-date: /home/jiseongyoo/ros2_examples/install/composition_cpp_example/share/ament_index/resource_index/rclcpp_components/composition_cpp_example
[6.911s] -- Up-to-date: /home/jiseongyoo/ros2_examples/install/composition_cpp_example/share/composition_cpp_example/cmake/composition_cpp_exampleConfig.cmake
[6.912s] -- Up-to-date: /home/jiseongyoo/ros2_examples/install/composition_cpp_example/share/composition_cpp_example/cmake/composition_cpp_exampleConfig-version.cmake
[6.913s] -- Installing: /home/jiseongyoo/ros2_examples/install/composition_cpp_example/share/composition_cpp_example/package.xml
