[0.279s] [35m[1mScanning dependencies of target component_pub_cpp[0m
[0.346s] [ 33%] Built target component_sub_cpp
[0.472s] [ 50%] [32mBuilding CXX object CMakeFiles/component_pub_cpp.dir/src/component_pub_cpp_example.cpp.o[0m
[10.115s] [ 66%] [32m[1mLinking CXX shared library libcomponent_pub_cpp.so[0m
[10.950s] [ 66%] Built target component_pub_cpp
[11.072s] [ 83%] [32m[1mLinking CXX executable component_container[0m
[12.128s] [100%] Built target component_container
[12.629s] [ 33%] Built target component_sub_cpp
[12.638s] [ 66%] Built target component_pub_cpp
[12.762s] [100%] Built target component_container
[12.838s] [36mInstall the project...[0m
[12.885s] -- Install configuration: ""
[12.887s] -- Installing: /home/jiseongyoo/ros2_examples/install/composition_cpp_example/lib/libcomponent_pub_cpp.so
[12.889s] -- Set runtime path of "/home/jiseongyoo/ros2_examples/install/composition_cpp_example/lib/libcomponent_pub_cpp.so" to ""
[12.890s] -- Up-to-date: /home/jiseongyoo/ros2_examples/install/composition_cpp_example/lib/libcomponent_sub_cpp.so
[12.900s] -- Installing: /home/jiseongyoo/ros2_examples/install/composition_cpp_example/lib/composition_cpp_example/component_container
[12.900s] -- Set runtime path of "/home/jiseongyoo/ros2_examples/install/composition_cpp_example/lib/composition_cpp_example/component_container" to ""
[12.901s] -- Up-to-date: /home/jiseongyoo/ros2_examples/install/composition_cpp_example/share/ament_index/resource_index/package_run_dependencies/composition_cpp_example
[12.901s] -- Up-to-date: /home/jiseongyoo/ros2_examples/install/composition_cpp_example/share/ament_index/resource_index/parent_prefix_path/composition_cpp_example
[12.902s] -- Up-to-date: /home/jiseongyoo/ros2_examples/install/composition_cpp_example/share/composition_cpp_example/environment/ament_prefix_path.sh
[12.903s] -- Up-to-date: /home/jiseongyoo/ros2_examples/install/composition_cpp_example/share/composition_cpp_example/environment/ament_prefix_path.dsv
[12.904s] -- Up-to-date: /home/jiseongyoo/ros2_examples/install/composition_cpp_example/share/composition_cpp_example/environment/path.sh
[12.905s] -- Up-to-date: /home/jiseongyoo/ros2_examples/install/composition_cpp_example/share/composition_cpp_example/environment/path.dsv
[12.907s] -- Up-to-date: /home/jiseongyoo/ros2_examples/install/composition_cpp_example/share/composition_cpp_example/local_setup.bash
[12.910s] -- Up-to-date: /home/jiseongyoo/ros2_examples/install/composition_cpp_example/share/composition_cpp_example/local_setup.sh
[12.923s] -- Up-to-date: /home/jiseongyoo/ros2_examples/install/composition_cpp_example/share/composition_cpp_example/local_setup.zsh
[12.923s] -- Up-to-date: /home/jiseongyoo/ros2_examples/install/composition_cpp_example/share/composition_cpp_example/local_setup.dsv
[12.924s] -- Installing: /home/jiseongyoo/ros2_examples/install/composition_cpp_example/share/composition_cpp_example/package.dsv
[12.924s] -- Up-to-date: /home/jiseongyoo/ros2_examples/install/composition_cpp_example/share/ament_index/resource_index/packages/composition_cpp_example
[12.925s] -- Up-to-date: /home/jiseongyoo/ros2_examples/install/composition_cpp_example/share/ament_index/resource_index/rclcpp_components/composition_cpp_example
[12.925s] -- Up-to-date: /home/jiseongyoo/ros2_examples/install/composition_cpp_example/share/composition_cpp_example/cmake/composition_cpp_exampleConfig.cmake
[12.926s] -- Up-to-date: /home/jiseongyoo/ros2_examples/install/composition_cpp_example/share/composition_cpp_example/cmake/composition_cpp_exampleConfig-version.cmake
[12.926s] -- Up-to-date: /home/jiseongyoo/ros2_examples/install/composition_cpp_example/share/composition_cpp_example/package.xml
