[0.358s] [ 50%] Built target action_server_cpp
[0.429s] [100%] Built target action_client_cpp
[1.669s] [ 50%] Built target action_client_cpp
[1.691s] [100%] Built target action_server_cpp
[1.819s] [36mInstall the project...[0m
[1.902s] -- Install configuration: ""
[1.903s] -- Up-to-date: /home/jiseongyoo/ros2_examples/install/action_cpp_example/lib/action_cpp_example/action_server_cpp
[1.906s] -- Up-to-date: /home/jiseongyoo/ros2_examples/install/action_cpp_example/lib/action_cpp_example/action_client_cpp
[1.907s] -- Up-to-date: /home/jiseongyoo/ros2_examples/install/action_cpp_example/share/ament_index/resource_index/package_run_dependencies/action_cpp_example
[1.918s] -- Up-to-date: /home/jiseongyoo/ros2_examples/install/action_cpp_example/share/ament_index/resource_index/parent_prefix_path/action_cpp_example
[1.919s] -- Up-to-date: /home/jiseongyoo/ros2_examples/install/action_cpp_example/share/action_cpp_example/environment/ament_prefix_path.sh
[1.920s] -- Up-to-date: /home/jiseongyoo/ros2_examples/install/action_cpp_example/share/action_cpp_example/environment/ament_prefix_path.dsv
[1.923s] -- Up-to-date: /home/jiseongyoo/ros2_examples/install/action_cpp_example/share/action_cpp_example/environment/path.sh
[1.923s] -- Up-to-date: /home/jiseongyoo/ros2_examples/install/action_cpp_example/share/action_cpp_example/environment/path.dsv
[1.924s] -- Up-to-date: /home/jiseongyoo/ros2_examples/install/action_cpp_example/share/action_cpp_example/local_setup.bash
[1.925s] -- Up-to-date: /home/jiseongyoo/ros2_examples/install/action_cpp_example/share/action_cpp_example/local_setup.sh
[1.925s] -- Up-to-date: /home/jiseongyoo/ros2_examples/install/action_cpp_example/share/action_cpp_example/local_setup.zsh
[1.926s] -- Up-to-date: /home/jiseongyoo/ros2_examples/install/action_cpp_example/share/action_cpp_example/local_setup.dsv
[1.926s] -- Installing: /home/jiseongyoo/ros2_examples/install/action_cpp_example/share/action_cpp_example/package.dsv
[1.926s] -- Up-to-date: /home/jiseongyoo/ros2_examples/install/action_cpp_example/share/ament_index/resource_index/packages/action_cpp_example
[1.927s] -- Up-to-date: /home/jiseongyoo/ros2_examples/install/action_cpp_example/share/action_cpp_example/cmake/action_cpp_exampleConfig.cmake
[1.927s] -- Up-to-date: /home/jiseongyoo/ros2_examples/install/action_cpp_example/share/action_cpp_example/cmake/action_cpp_exampleConfig-version.cmake
[1.928s] -- Up-to-date: /home/jiseongyoo/ros2_examples/install/action_cpp_example/share/action_cpp_example/package.xml
