[0.323s] [ 11%] Built target component_pub_cpp
[0.341s] [ 22%] Built target component_service_server_cpp
[0.437s] [ 33%] Built target component_service_client_cpp
[0.458s] [ 44%] Built target component_sub_cpp
[0.556s] [ 55%] Built target component_action_client_cpp
[0.580s] [ 66%] Built target component_action_server_cpp
[0.631s] [35m[1mScanning dependencies of target component_parameter_client_cpp[0m
[0.670s] [ 77%] Built target component_parameter_server_cpp
[0.791s] [ 83%] [32mBuilding CXX object CMakeFiles/component_parameter_client_cpp.dir/src/component_parameter_client_cpp_example.cpp.o[0m
[9.226s] [ 88%] [32m[1mLinking CXX shared library libcomponent_parameter_client_cpp.so[0m
[9.964s] [ 88%] Built target component_parameter_client_cpp
[10.106s] [ 94%] [32m[1mLinking CXX executable component_container[0m
[11.829s] [100%] Built target component_container
[12.443s] [ 11%] Built target component_pub_cpp
[12.449s] [ 22%] Built target component_service_server_cpp
[12.558s] [ 33%] Built target component_service_client_cpp
[12.563s] [ 44%] Built target component_sub_cpp
[12.677s] [ 55%] Built target component_action_client_cpp
[12.686s] [ 66%] Built target component_action_server_cpp
[12.789s] [ 77%] Built target component_parameter_server_cpp
[12.804s] [ 88%] Built target component_parameter_client_cpp
[12.941s] [100%] Built target component_container
[13.023s] [36mInstall the project...[0m
[13.060s] -- Install configuration: ""
[13.062s] -- Up-to-date: /home/jiseongyoo/ros2_examples/install/composition_cpp_example/lib/libcomponent_pub_cpp.so
[13.064s] -- Up-to-date: /home/jiseongyoo/ros2_examples/install/composition_cpp_example/lib/libcomponent_sub_cpp.so
[13.066s] -- Up-to-date: /home/jiseongyoo/ros2_examples/install/composition_cpp_example/lib/libcomponent_service_server_cpp.so
[13.067s] -- Up-to-date: /home/jiseongyoo/ros2_examples/install/composition_cpp_example/lib/libcomponent_service_client_cpp.so
[13.070s] -- Up-to-date: /home/jiseongyoo/ros2_examples/install/composition_cpp_example/lib/libcomponent_action_server_cpp.so
[13.072s] -- Up-to-date: /home/jiseongyoo/ros2_examples/install/composition_cpp_example/lib/libcomponent_action_client_cpp.so
[13.074s] -- Up-to-date: /home/jiseongyoo/ros2_examples/install/composition_cpp_example/lib/libcomponent_parameter_server_cpp.so
[13.075s] -- Installing: /home/jiseongyoo/ros2_examples/install/composition_cpp_example/lib/libcomponent_parameter_client_cpp.so
[13.082s] -- Set runtime path of "/home/jiseongyoo/ros2_examples/install/composition_cpp_example/lib/libcomponent_parameter_client_cpp.so" to ""
[13.083s] -- Installing: /home/jiseongyoo/ros2_examples/install/composition_cpp_example/lib/composition_cpp_example/component_container
[13.089s] -- Set runtime path of "/home/jiseongyoo/ros2_examples/install/composition_cpp_example/lib/composition_cpp_example/component_container" to ""
[13.090s] -- Up-to-date: /home/jiseongyoo/ros2_examples/install/composition_cpp_example/share/ament_index/resource_index/package_run_dependencies/composition_cpp_example
[13.092s] -- Up-to-date: /home/jiseongyoo/ros2_examples/install/composition_cpp_example/share/ament_index/resource_index/parent_prefix_path/composition_cpp_example
[13.093s] -- Up-to-date: /home/jiseongyoo/ros2_examples/install/composition_cpp_example/share/composition_cpp_example/environment/ament_prefix_path.sh
[13.094s] -- Up-to-date: /home/jiseongyoo/ros2_examples/install/composition_cpp_example/share/composition_cpp_example/environment/ament_prefix_path.dsv
[13.095s] -- Up-to-date: /home/jiseongyoo/ros2_examples/install/composition_cpp_example/share/composition_cpp_example/environment/path.sh
[13.095s] -- Up-to-date: /home/jiseongyoo/ros2_examples/install/composition_cpp_example/share/composition_cpp_example/environment/path.dsv
[13.096s] -- Up-to-date: /home/jiseongyoo/ros2_examples/install/composition_cpp_example/share/composition_cpp_example/local_setup.bash
[13.096s] -- Up-to-date: /home/jiseongyoo/ros2_examples/install/composition_cpp_example/share/composition_cpp_example/local_setup.sh
[13.097s] -- Up-to-date: /home/jiseongyoo/ros2_examples/install/composition_cpp_example/share/composition_cpp_example/local_setup.zsh
[13.108s] -- Up-to-date: /home/jiseongyoo/ros2_examples/install/composition_cpp_example/share/composition_cpp_example/local_setup.dsv
[13.110s] -- Installing: /home/jiseongyoo/ros2_examples/install/composition_cpp_example/share/composition_cpp_example/package.dsv
[13.115s] -- Up-to-date: /home/jiseongyoo/ros2_examples/install/composition_cpp_example/share/ament_index/resource_index/packages/composition_cpp_example
[13.117s] -- Up-to-date: /home/jiseongyoo/ros2_examples/install/composition_cpp_example/share/ament_index/resource_index/rclcpp_components/composition_cpp_example
[13.119s] -- Up-to-date: /home/jiseongyoo/ros2_examples/install/composition_cpp_example/share/composition_cpp_example/cmake/composition_cpp_exampleConfig.cmake
[13.123s] -- Up-to-date: /home/jiseongyoo/ros2_examples/install/composition_cpp_example/share/composition_cpp_example/cmake/composition_cpp_exampleConfig-version.cmake
[13.124s] -- Up-to-date: /home/jiseongyoo/ros2_examples/install/composition_cpp_example/share/composition_cpp_example/package.xml
