[0.074s] Invoking command in '/home/jiseongyoo/ros2_examples/build/composition_cpp_example': AMENT_PREFIX_PATH=/home/jiseongyoo/ros2_examples/install/interfaces:${AMENT_PREFIX_PATH} CMAKE_PREFIX_PATH=/home/jiseongyoo/ros2_examples/install/interfaces:/opt/ros/eloquent LD_LIBRARY_PATH=/home/jiseongyoo/ros2_examples/install/interfaces/lib:${LD_LIBRARY_PATH} PYTHONPATH=/home/jiseongyoo/ros2_examples/install/interfaces/lib/python3.6/site-packages:${PYTHONPATH} /usr/bin/cmake --build /home/jiseongyoo/ros2_examples/build/composition_cpp_example -- -j2 -l2
[0.338s] [ 12%] Built target component_service_client_cpp
[0.343s] [ 25%] Built target component_service_server_cpp
[0.456s] [ 37%] Built target component_sub_cpp
[0.468s] [ 50%] Built target component_action_client_cpp
[0.517s] [35m[1mScanning dependencies of target component_parameter_server_cpp[0m
[0.624s] [ 62%] Built target component_action_server_cpp
[0.686s] [ 68%] [32mBuilding CXX object CMakeFiles/component_parameter_server_cpp.dir/src/component_parameter_server_cpp_example.cpp.o[0m
[0.789s] [ 81%] Built target component_pub_cpp
[6.759s] [ 87%] [32m[1mLinking CXX shared library libcomponent_parameter_server_cpp.so[0m
[7.323s] [ 87%] Built target component_parameter_server_cpp
[7.380s] [35m[1mScanning dependencies of target component_container[0m
[7.524s] [ 93%] [32mBuilding CXX object CMakeFiles/component_container.dir/src/component_container.cpp.o[0m
[15.021s] [100%] [32m[1mLinking CXX executable component_container[0m
[16.604s] [100%] Built target component_container
[16.653s] Invoked command in '/home/jiseongyoo/ros2_examples/build/composition_cpp_example' returned '0': AMENT_PREFIX_PATH=/home/jiseongyoo/ros2_examples/install/interfaces:${AMENT_PREFIX_PATH} CMAKE_PREFIX_PATH=/home/jiseongyoo/ros2_examples/install/interfaces:/opt/ros/eloquent LD_LIBRARY_PATH=/home/jiseongyoo/ros2_examples/install/interfaces/lib:${LD_LIBRARY_PATH} PYTHONPATH=/home/jiseongyoo/ros2_examples/install/interfaces/lib/python3.6/site-packages:${PYTHONPATH} /usr/bin/cmake --build /home/jiseongyoo/ros2_examples/build/composition_cpp_example -- -j2 -l2
[16.907s] Invoking command in '/home/jiseongyoo/ros2_examples/build/composition_cpp_example': AMENT_PREFIX_PATH=/home/jiseongyoo/ros2_examples/install/interfaces:${AMENT_PREFIX_PATH} CMAKE_PREFIX_PATH=/home/jiseongyoo/ros2_examples/install/interfaces:/opt/ros/eloquent LD_LIBRARY_PATH=/home/jiseongyoo/ros2_examples/install/interfaces/lib:${LD_LIBRARY_PATH} PYTHONPATH=/home/jiseongyoo/ros2_examples/install/interfaces/lib/python3.6/site-packages:${PYTHONPATH} /usr/bin/cmake --build /home/jiseongyoo/ros2_examples/build/composition_cpp_example --target install -- -j2 -l2
[17.147s] [ 12%] Built target component_service_client_cpp
[17.165s] [ 25%] Built target component_service_server_cpp
[17.258s] [ 37%] Built target component_sub_cpp
[17.291s] [ 50%] Built target component_action_client_cpp
[17.376s] [ 62%] Built target component_action_server_cpp
[17.408s] [ 75%] Built target component_parameter_server_cpp
[17.502s] [ 87%] Built target component_pub_cpp
[17.667s] [100%] Built target component_container
[17.754s] [36mInstall the project...[0m
[17.797s] -- Install configuration: ""
[17.801s] -- Up-to-date: /home/jiseongyoo/ros2_examples/install/composition_cpp_example/lib/libcomponent_pub_cpp.so
[17.806s] -- Up-to-date: /home/jiseongyoo/ros2_examples/install/composition_cpp_example/lib/libcomponent_sub_cpp.so
[17.810s] -- Up-to-date: /home/jiseongyoo/ros2_examples/install/composition_cpp_example/lib/libcomponent_service_server_cpp.so
[17.812s] -- Up-to-date: /home/jiseongyoo/ros2_examples/install/composition_cpp_example/lib/libcomponent_service_client_cpp.so
[17.814s] -- Up-to-date: /home/jiseongyoo/ros2_examples/install/composition_cpp_example/lib/libcomponent_action_server_cpp.so
[17.816s] -- Up-to-date: /home/jiseongyoo/ros2_examples/install/composition_cpp_example/lib/libcomponent_action_client_cpp.so
[17.818s] -- Installing: /home/jiseongyoo/ros2_examples/install/composition_cpp_example/lib/libcomponent_parameter_server_cpp.so
[17.820s] -- Set runtime path of "/home/jiseongyoo/ros2_examples/install/composition_cpp_example/lib/libcomponent_parameter_server_cpp.so" to ""
[17.823s] -- Installing: /home/jiseongyoo/ros2_examples/install/composition_cpp_example/lib/composition_cpp_example/component_container
[17.825s] -- Set runtime path of "/home/jiseongyoo/ros2_examples/install/composition_cpp_example/lib/composition_cpp_example/component_container" to ""
[17.828s] -- Up-to-date: /home/jiseongyoo/ros2_examples/install/composition_cpp_example/share/ament_index/resource_index/package_run_dependencies/composition_cpp_example
[17.829s] -- Up-to-date: /home/jiseongyoo/ros2_examples/install/composition_cpp_example/share/ament_index/resource_index/parent_prefix_path/composition_cpp_example
[17.829s] -- Up-to-date: /home/jiseongyoo/ros2_examples/install/composition_cpp_example/share/composition_cpp_example/environment/ament_prefix_path.sh
[17.830s] -- Installing: /home/jiseongyoo/ros2_examples/install/composition_cpp_example/share/composition_cpp_example/environment/ament_prefix_path.dsv
[17.831s] -- Up-to-date: /home/jiseongyoo/ros2_examples/install/composition_cpp_example/share/composition_cpp_example/environment/path.sh
[17.831s] -- Installing: /home/jiseongyoo/ros2_examples/install/composition_cpp_example/share/composition_cpp_example/environment/path.dsv
[17.831s] -- Up-to-date: /home/jiseongyoo/ros2_examples/install/composition_cpp_example/share/composition_cpp_example/local_setup.bash
[17.832s] -- Up-to-date: /home/jiseongyoo/ros2_examples/install/composition_cpp_example/share/composition_cpp_example/local_setup.sh
[17.832s] -- Up-to-date: /home/jiseongyoo/ros2_examples/install/composition_cpp_example/share/composition_cpp_example/local_setup.zsh
[17.834s] -- Installing: /home/jiseongyoo/ros2_examples/install/composition_cpp_example/share/composition_cpp_example/local_setup.dsv
[17.835s] -- Installing: /home/jiseongyoo/ros2_examples/install/composition_cpp_example/share/composition_cpp_example/package.dsv
[17.835s] -- Up-to-date: /home/jiseongyoo/ros2_examples/install/composition_cpp_example/share/ament_index/resource_index/packages/composition_cpp_example
[17.836s] -- Installing: /home/jiseongyoo/ros2_examples/install/composition_cpp_example/share/ament_index/resource_index/rclcpp_components/composition_cpp_example
[17.836s] -- Up-to-date: /home/jiseongyoo/ros2_examples/install/composition_cpp_example/share/composition_cpp_example/cmake/composition_cpp_exampleConfig.cmake
[17.836s] -- Up-to-date: /home/jiseongyoo/ros2_examples/install/composition_cpp_example/share/composition_cpp_example/cmake/composition_cpp_exampleConfig-version.cmake
[17.837s] -- Up-to-date: /home/jiseongyoo/ros2_examples/install/composition_cpp_example/share/composition_cpp_example/package.xml
[17.844s] Invoked command in '/home/jiseongyoo/ros2_examples/build/composition_cpp_example' returned '0': AMENT_PREFIX_PATH=/home/jiseongyoo/ros2_examples/install/interfaces:${AMENT_PREFIX_PATH} CMAKE_PREFIX_PATH=/home/jiseongyoo/ros2_examples/install/interfaces:/opt/ros/eloquent LD_LIBRARY_PATH=/home/jiseongyoo/ros2_examples/install/interfaces/lib:${LD_LIBRARY_PATH} PYTHONPATH=/home/jiseongyoo/ros2_examples/install/interfaces/lib/python3.6/site-packages:${PYTHONPATH} /usr/bin/cmake --build /home/jiseongyoo/ros2_examples/build/composition_cpp_example --target install -- -j2 -l2
