[0.285s] [35m[1mScanning dependencies of target service_client_cpp[0m
[0.403s] [ 25%] [32mBuilding CXX object CMakeFiles/service_client_cpp.dir/src/service_client_cpp_example.cpp.o[0m
[0.424s] [ 75%] Built target service_server_cpp
[5.959s] In file included from [01m[K/usr/include/x86_64-linux-gnu/c++/7/bits/c++allocator.h:33:0[m[K,
[5.960s]                  from [01m[K/usr/include/c++/7/bits/allocator.h:46[m[K,
[5.960s]                  from [01m[K/usr/include/c++/7/memory:63[m[K,
[5.962s]                  from [01m[K/opt/ros/eloquent/include/rclcpp/rclcpp.hpp:143[m[K,
[5.963s]                  from [01m[K/home/jiseongyoo/ros2_examples/src/service_cpp_example/src/service_client_cpp_example.cpp:14[m[K:
[5.964s] /usr/include/c++/7/ext/new_allocator.h: In instantiation of ‘[01m[Kvoid __gnu_cxx::new_allocator<_Tp>::construct(_Up*, _Args&& ...) [with _Up = rclcpp::Node; _Args = {}; _Tp = rclcpp::Node][m[K’:
[5.965s] [01m[K/usr/include/c++/7/bits/alloc_traits.h:475:4:[m[K   required from ‘[01m[Kstatic void std::allocator_traits<std::allocator<_Tp1> >::construct(std::allocator_traits<std::allocator<_Tp1> >::allocator_type&, _Up*, _Args&& ...) [with _Up = rclcpp::Node; _Args = {}; _Tp = rclcpp::Node; std::allocator_traits<std::allocator<_Tp1> >::allocator_type = std::allocator<rclcpp::Node>][m[K’
[5.965s] [01m[K/usr/include/c++/7/bits/shared_ptr_base.h:526:39:[m[K   required from ‘[01m[Kstd::_Sp_counted_ptr_inplace<_Tp, _Alloc, _Lp>::_Sp_counted_ptr_inplace(_Alloc, _Args&& ...) [with _Args = {}; _Tp = rclcpp::Node; _Alloc = std::allocator<rclcpp::Node>; __gnu_cxx::_Lock_policy _Lp = (__gnu_cxx::_Lock_policy)2][m[K’
[5.966s] [01m[K/usr/include/c++/7/bits/shared_ptr_base.h:637:4:[m[K   required from ‘[01m[Kstd::__shared_count<_Lp>::__shared_count(std::_Sp_make_shared_tag, _Tp*, const _Alloc&, _Args&& ...) [with _Tp = rclcpp::Node; _Alloc = std::allocator<rclcpp::Node>; _Args = {}; __gnu_cxx::_Lock_policy _Lp = (__gnu_cxx::_Lock_policy)2][m[K’
[5.967s] [01m[K/usr/include/c++/7/bits/shared_ptr_base.h:1295:35:[m[K   required from ‘[01m[Kstd::__shared_ptr<_Tp, _Lp>::__shared_ptr(std::_Sp_make_shared_tag, const _Alloc&, _Args&& ...) [with _Alloc = std::allocator<rclcpp::Node>; _Args = {}; _Tp = rclcpp::Node; __gnu_cxx::_Lock_policy _Lp = (__gnu_cxx::_Lock_policy)2][m[K’
[5.968s] [01m[K/usr/include/c++/7/bits/shared_ptr.h:344:64:[m[K   required from ‘[01m[Kstd::shared_ptr<_Tp>::shared_ptr(std::_Sp_make_shared_tag, const _Alloc&, _Args&& ...) [with _Alloc = std::allocator<rclcpp::Node>; _Args = {}; _Tp = rclcpp::Node][m[K’
[5.969s] [01m[K/usr/include/c++/7/bits/shared_ptr.h:690:14:[m[K   required from ‘[01m[Kstd::shared_ptr<_Tp> std::allocate_shared(const _Alloc&, _Args&& ...) [with _Tp = rclcpp::Node; _Alloc = std::allocator<rclcpp::Node>; _Args = {}][m[K’
[5.969s] [01m[K/usr/include/c++/7/bits/shared_ptr.h:706:39:[m[K   required from ‘[01m[Kstd::shared_ptr<_Tp> std::make_shared(_Args&& ...) [with _Tp = rclcpp::Node; _Args = {}][m[K’
[5.969s] [01m[K/opt/ros/eloquent/include/rclcpp/node.hpp:75:3:[m[K   required from ‘[01m[Kstatic std::shared_ptr<rclcpp::Node> rclcpp::Node::make_shared(Args&& ...) [with Args = {}][m[K’
[5.970s] [01m[K/home/jiseongyoo/ros2_examples/src/service_cpp_example/src/service_client_cpp_example.cpp:50:62:[m[K   required from here
[5.970s] [01m[K/usr/include/c++/7/ext/new_allocator.h:136:4:[m[K [01;31m[Kerror: [m[Kno matching function for call to ‘[01m[Krclcpp::Node::Node()[m[K’
[5.971s]   { [01;31m[K::new((void *)__p) _Up(std::forward<_Args>(__args)...)[m[K; }
[5.971s]     [01;31m[K^~~~~~~~~~~~~~~~~~~~~~~~~~~~~~~~~~~~~~~~~~~~~~~~~~~~~~[m[K
[5.972s] In file included from [01m[K/opt/ros/eloquent/include/rclcpp/executors/single_threaded_executor.hpp:28:0[m[K,
[5.972s]                  from [01m[K/opt/ros/eloquent/include/rclcpp/executors.hpp:22[m[K,
[5.972s]                  from [01m[K/opt/ros/eloquent/include/rclcpp/rclcpp.hpp:145[m[K,
[5.973s]                  from [01m[K/home/jiseongyoo/ros2_examples/src/service_cpp_example/src/service_client_cpp_example.cpp:14[m[K:
[5.973s] [01m[K/opt/ros/eloquent/include/rclcpp/node.hpp:1080:3:[m[K [01;36m[Knote: [m[Kcandidate: rclcpp::Node::Node(const rclcpp::Node&, const string&)
[5.973s]    [01;36m[KNode[m[K(
[5.974s]    [01;36m[K^~~~[m[K
[5.974s] [01m[K/opt/ros/eloquent/include/rclcpp/node.hpp:1080:3:[m[K [01;36m[Knote: [m[K  candidate expects 2 arguments, 0 provided
[5.975s] [01m[K/opt/ros/eloquent/include/rclcpp/node.hpp:94:12:[m[K [01;36m[Knote: [m[Kcandidate: rclcpp::Node::Node(const string&, const string&, const rclcpp::NodeOptions&)
[5.975s]    explicit [01;36m[KNode[m[K(
[5.975s]             [01;36m[K^~~~[m[K
[5.976s] [01m[K/opt/ros/eloquent/include/rclcpp/node.hpp:94:12:[m[K [01;36m[Knote: [m[K  candidate expects 3 arguments, 0 provided
[5.976s] [01m[K/opt/ros/eloquent/include/rclcpp/node.hpp:83:12:[m[K [01;36m[Knote: [m[Kcandidate: rclcpp::Node::Node(const string&, const rclcpp::NodeOptions&)
[5.976s]    explicit [01;36m[KNode[m[K(
[5.977s]             [01;36m[K^~~~[m[K
[5.977s] [01m[K/opt/ros/eloquent/include/rclcpp/node.hpp:83:12:[m[K [01;36m[Knote: [m[K  candidate expects 2 arguments, 0 provided
[6.355s] CMakeFiles/service_client_cpp.dir/build.make:62: recipe for target 'CMakeFiles/service_client_cpp.dir/src/service_client_cpp_example.cpp.o' failed
[6.355s] make[2]: *** [CMakeFiles/service_client_cpp.dir/src/service_client_cpp_example.cpp.o] Error 1
[6.358s] make[1]: *** [CMakeFiles/service_client_cpp.dir/all] Error 2
[6.359s] CMakeFiles/Makefile2:168: recipe for target 'CMakeFiles/service_client_cpp.dir/all' failed
[6.359s] make: *** [all] Error 2
[6.360s] Makefile:140: recipe for target 'all' failed
