[0.189s] -- Found ament_cmake: 0.8.2 (/opt/ros/eloquent/share/ament_cmake/cmake)
[0.297s] -- Found PythonInterp: /usr/bin/python3 (found suitable version "3.6.9", minimum required is "3") 
[0.299s] -- Using PYTHON_EXECUTABLE: /usr/bin/python3
[1.046s] -- Found rosidl_default_generators: 0.8.0 (/opt/ros/eloquent/share/rosidl_default_generators/cmake)
[1.282s] -- Found rosidl_adapter: 0.8.2 (/opt/ros/eloquent/share/rosidl_adapter/cmake)
[1.669s] -- Found PythonInterp: /usr/bin/python3 (found version "3.6.9") 
[2.192s] -- Using single matching rosidl_typesupport_c: rosidl_typesupport_fastrtps_c
[2.221s] -- Using single matching rosidl_typesupport_cpp: rosidl_typesupport_fastrtps_cpp
[2.546s] -- Found rmw_implementation_cmake: 0.8.1 (/opt/ros/eloquent/share/rmw_implementation_cmake/cmake)
[2.674s] -- Found PythonInterp: /usr/bin/python3 (found suitable version "3.6.9", minimum required is "3.5") 
[2.676s] -- Found python_cmake_module: 0.8.0 (/opt/ros/eloquent/share/python_cmake_module/cmake)
[2.785s] -- Using PYTHON_EXECUTABLE: /usr/bin/python3
[2.786s] -- Using PYTHON_INCLUDE_DIRS: /usr/include/python3.6m
[2.787s] -- Using PYTHON_LIBRARIES: /usr/lib/x86_64-linux-gnu/libpython3.6m.so
[3.093s] -- Found ament_lint_auto: 0.8.1 (/opt/ros/eloquent/share/ament_lint_auto/cmake)
[3.152s] -- Added test 'lint_cmake' to check CMake code style
[3.164s] -- Added test 'xmllint' to check XML markup files
[3.173s] -- Configuring done
[3.369s] -- Generating done
[3.386s] -- Build files have been written to: /home/jiseongyoo/ros2_examples/build/interfaces
[3.476s] [  3%] [34m[1mGenerating C code for ROS interfaces[0m
[3.485s] [35m[1mScanning dependencies of target interfaces__cpp[0m
[3.528s] [  6%] [34m[1mGenerating C++ code for ROS interfaces[0m
[5.377s] [  6%] Built target interfaces__cpp
[5.423s] [ 10%] [34m[1mGenerating C++ type support for eProsima Fast-RTPS[0m
[5.482s] [35m[1mScanning dependencies of target interfaces__rosidl_generator_c[0m
[5.529s] [ 13%] [32mBuilding C object CMakeFiles/interfaces__rosidl_generator_c.dir/rosidl_generator_c/interfaces/msg/msg_collection__functions.c.o[0m
[5.684s] [ 17%] [32m[1mLinking C shared library libinterfaces__rosidl_generator_c.so[0m
[5.824s] [ 17%] Built target interfaces__rosidl_generator_c
[5.868s] [ 20%] [34m[1mGenerating C++ introspection for ROS interfaces[0m
[7.342s] [35m[1mScanning dependencies of target interfaces__rosidl_typesupport_fastrtps_cpp[0m
[7.417s] [ 24%] [32mBuilding CXX object CMakeFiles/interfaces__rosidl_typesupport_fastrtps_cpp.dir/rosidl_typesupport_fastrtps_cpp/interfaces/msg/dds_fastrtps/msg_collection__type_support.cpp.o[0m
[7.682s] [35m[1mScanning dependencies of target interfaces__rosidl_typesupport_introspection_cpp[0m
[7.734s] [ 27%] [32mBuilding CXX object CMakeFiles/interfaces__rosidl_typesupport_introspection_cpp.dir/rosidl_typesupport_introspection_cpp/interfaces/msg/msg_collection__type_support.cpp.o[0m
[9.063s] [ 31%] [32m[1mLinking CXX shared library libinterfaces__rosidl_typesupport_introspection_cpp.so[0m
[9.419s] [ 31%] Built target interfaces__rosidl_typesupport_introspection_cpp
[9.456s] [ 34%] [34m[1mGenerating C introspection for ROS interfaces[0m
[9.487s] [ 37%] [32m[1mLinking CXX shared library libinterfaces__rosidl_typesupport_fastrtps_cpp.so[0m
[9.876s] [ 37%] Built target interfaces__rosidl_typesupport_fastrtps_cpp
[9.929s] [ 41%] [34m[1mGenerating C type support for eProsima Fast-RTPS[0m
[11.241s] [35m[1mScanning dependencies of target interfaces__rosidl_typesupport_introspection_c[0m
[11.331s] [ 44%] [32mBuilding C object CMakeFiles/interfaces__rosidl_typesupport_introspection_c.dir/rosidl_typesupport_introspection_c/interfaces/msg/msg_collection__type_support.c.o[0m
[11.536s] [ 48%] [32m[1mLinking C shared library libinterfaces__rosidl_typesupport_introspection_c.so[0m
[11.646s] [ 48%] Built target interfaces__rosidl_typesupport_introspection_c
[11.685s] [ 51%] [34m[1mGenerating C++ type support dispatch for ROS interfaces[0m
[11.979s] [35m[1mScanning dependencies of target interfaces__rosidl_typesupport_fastrtps_c[0m
[12.054s] [ 55%] [32mBuilding CXX object CMakeFiles/interfaces__rosidl_typesupport_fastrtps_c.dir/rosidl_typesupport_fastrtps_c/interfaces/msg/msg_collection__type_support_c.cpp.o[0m
[13.330s] [35m[1mScanning dependencies of target interfaces__rosidl_typesupport_cpp[0m
[13.391s] [ 58%] [32mBuilding CXX object CMakeFiles/interfaces__rosidl_typesupport_cpp.dir/rosidl_typesupport_cpp/interfaces/msg/msg_collection__type_support.cpp.o[0m
[13.521s] [ 62%] [32m[1mLinking CXX shared library libinterfaces__rosidl_typesupport_fastrtps_c.so[0m
[13.901s] [ 62%] Built target interfaces__rosidl_typesupport_fastrtps_c
[13.948s] [ 65%] [34m[1mGenerating C type support dispatch for ROS interfaces[0m
[14.832s] [ 68%] [32m[1mLinking CXX shared library libinterfaces__rosidl_typesupport_cpp.so[0m
[15.196s] [ 68%] Built target interfaces__rosidl_typesupport_cpp
[15.718s] [35m[1mScanning dependencies of target interfaces__rosidl_typesupport_c[0m
[15.775s] [ 72%] [32mBuilding CXX object CMakeFiles/interfaces__rosidl_typesupport_c.dir/rosidl_typesupport_c/interfaces/msg/msg_collection__type_support.cpp.o[0m
[15.902s] [ 75%] [32m[1mLinking CXX shared library libinterfaces__rosidl_typesupport_c.so[0m
[16.105s] [ 75%] Built target interfaces__rosidl_typesupport_c
[16.207s] [ 75%] Built target interfaces
[16.256s] [35m[1mScanning dependencies of target interfaces__py[0m
[16.306s] [ 79%] [34m[1mGenerating Python code for ROS interfaces[0m
[19.511s] [ 79%] Built target interfaces__py
[19.562s] [35m[1mScanning dependencies of target interfaces__python[0m
[19.639s] [ 82%] [32mBuilding C object CMakeFiles/interfaces__python.dir/rosidl_generator_py/interfaces/msg/_msg_collection_s.c.o[0m
[20.228s] [ 86%] [32m[1mLinking CXX shared library rosidl_generator_py/interfaces/libinterfaces__python.so[0m
[20.525s] [ 86%] Built target interfaces__python
[20.578s] [35m[1mScanning dependencies of target interfaces__rosidl_typesupport_c__pyext[0m
[20.581s] [35m[1mScanning dependencies of target interfaces__rosidl_typesupport_fastrtps_c__pyext[0m
[20.652s] [ 89%] [32mBuilding C object CMakeFiles/interfaces__rosidl_typesupport_fastrtps_c__pyext.dir/rosidl_generator_py/interfaces/_interfaces_s.ep.rosidl_typesupport_fastrtps_c.c.o[0m
[20.730s] [ 93%] [32mBuilding C object CMakeFiles/interfaces__rosidl_typesupport_c__pyext.dir/rosidl_generator_py/interfaces/_interfaces_s.ep.rosidl_typesupport_c.c.o[0m
[20.964s] [ 96%] [32m[1mLinking CXX shared library rosidl_generator_py/interfaces/interfaces_s__rosidl_typesupport_fastrtps_c.cpython-36m-x86_64-linux-gnu.so[0m
[21.051s] [100%] [32m[1mLinking CXX shared library rosidl_generator_py/interfaces/interfaces_s__rosidl_typesupport_c.cpython-36m-x86_64-linux-gnu.so[0m
[21.184s] [100%] Built target interfaces__rosidl_typesupport_fastrtps_c__pyext
[21.299s] [100%] Built target interfaces__rosidl_typesupport_c__pyext
[21.875s] [ 10%] Built target interfaces__rosidl_generator_c
[21.876s] [ 13%] Built target interfaces__cpp
[21.965s] [ 24%] Built target interfaces__rosidl_typesupport_introspection_cpp
[21.972s] [ 34%] Built target interfaces__rosidl_typesupport_fastrtps_cpp
[22.052s] [ 44%] Built target interfaces__rosidl_typesupport_introspection_c
[22.067s] [ 55%] Built target interfaces__rosidl_typesupport_fastrtps_c
[22.150s] [ 65%] Built target interfaces__rosidl_typesupport_cpp
[22.159s] [ 75%] Built target interfaces__rosidl_typesupport_c
[22.250s] [ 75%] Built target interfaces
[22.345s] [ 79%] Built target interfaces__py
[22.452s] [ 86%] Built target interfaces__python
[22.547s] [ 93%] Built target interfaces__rosidl_typesupport_fastrtps_c__pyext
[22.554s] [100%] Built target interfaces__rosidl_typesupport_c__pyext
[22.638s] [36mInstall the project...[0m
[22.680s] -- Install configuration: ""
[22.681s] -- Installing: /home/jiseongyoo/ros2_examples/install/interfaces/share/ament_index/resource_index/rosidl_interfaces/interfaces
[22.684s] -- Installing: /home/jiseongyoo/ros2_examples/install/interfaces/lib/libinterfaces__rosidl_typesupport_c.so
[22.687s] -- Set runtime path of "/home/jiseongyoo/ros2_examples/install/interfaces/lib/libinterfaces__rosidl_typesupport_c.so" to ""
[22.688s] -- Up-to-date: /home/jiseongyoo/ros2_examples/install/interfaces/share/interfaces/environment/library_path.sh
[22.689s] -- Installing: /home/jiseongyoo/ros2_examples/install/interfaces/share/interfaces/environment/library_path.dsv
[22.692s] -- Installing: /home/jiseongyoo/ros2_examples/install/interfaces/lib/libinterfaces__rosidl_typesupport_cpp.so
[22.695s] -- Set runtime path of "/home/jiseongyoo/ros2_examples/install/interfaces/lib/libinterfaces__rosidl_typesupport_cpp.so" to ""
[22.696s] -- Up-to-date: /home/jiseongyoo/ros2_examples/install/interfaces/include/interfaces
[22.697s] -- Up-to-date: /home/jiseongyoo/ros2_examples/install/interfaces/include/interfaces/msg
[22.699s] -- Installing: /home/jiseongyoo/ros2_examples/install/interfaces/include/interfaces/msg/msg_collection__rosidl_typesupport_fastrtps_c.h
[22.701s] -- Up-to-date: /home/jiseongyoo/ros2_examples/install/interfaces/include/interfaces/msg/msg_collection1__rosidl_typesupport_fastrtps_c.h
[22.701s] -- Up-to-date: /home/jiseongyoo/ros2_examples/install/interfaces/include/interfaces/msg/rosidl_typesupport_fastrtps_c__visibility_control.h
[22.705s] -- Installing: /home/jiseongyoo/ros2_examples/install/interfaces/lib/libinterfaces__rosidl_typesupport_fastrtps_c.so
[22.711s] -- Set runtime path of "/home/jiseongyoo/ros2_examples/install/interfaces/lib/libinterfaces__rosidl_typesupport_fastrtps_c.so" to ""
[22.712s] -- Up-to-date: /home/jiseongyoo/ros2_examples/install/interfaces/include/interfaces
[22.713s] -- Up-to-date: /home/jiseongyoo/ros2_examples/install/interfaces/include/interfaces/msg
[22.714s] -- Up-to-date: /home/jiseongyoo/ros2_examples/install/interfaces/include/interfaces/msg/msg_collection1__type_support.h
[22.715s] -- Installing: /home/jiseongyoo/ros2_examples/install/interfaces/include/interfaces/msg/msg_collection__functions.c
[22.717s] -- Installing: /home/jiseongyoo/ros2_examples/install/interfaces/include/interfaces/msg/msg_collection__functions.h
[22.718s] -- Installing: /home/jiseongyoo/ros2_examples/install/interfaces/include/interfaces/msg/msg_collection.h
[22.718s] -- Up-to-date: /home/jiseongyoo/ros2_examples/install/interfaces/include/interfaces/msg/rosidl_generator_c__visibility_control.h
[22.719s] -- Installing: /home/jiseongyoo/ros2_examples/install/interfaces/include/interfaces/msg/msg_collection__struct.h
[22.720s] -- Installing: /home/jiseongyoo/ros2_examples/install/interfaces/include/interfaces/msg/msg_collection__type_support.h
[22.721s] -- Up-to-date: /home/jiseongyoo/ros2_examples/install/interfaces/include/interfaces/msg/msg_collection1__functions.h
[22.722s] -- Up-to-date: /home/jiseongyoo/ros2_examples/install/interfaces/include/interfaces/msg/msg_collection1.h
[22.723s] -- Up-to-date: /home/jiseongyoo/ros2_examples/install/interfaces/include/interfaces/msg/msg_collection1__functions.c
[22.724s] -- Up-to-date: /home/jiseongyoo/ros2_examples/install/interfaces/include/interfaces/msg/msg_collection1__struct.h
[22.725s] -- Installing: /home/jiseongyoo/ros2_examples/install/interfaces/lib/libinterfaces__rosidl_generator_c.so
[22.726s] -- Set runtime path of "/home/jiseongyoo/ros2_examples/install/interfaces/lib/libinterfaces__rosidl_generator_c.so" to ""
[22.726s] -- Up-to-date: /home/jiseongyoo/ros2_examples/install/interfaces/include/interfaces
[22.727s] -- Up-to-date: /home/jiseongyoo/ros2_examples/install/interfaces/include/interfaces/msg
[22.728s] -- Installing: /home/jiseongyoo/ros2_examples/install/interfaces/include/interfaces/msg/msg_collection__rosidl_typesupport_fastrtps_cpp.hpp
[22.728s] -- Up-to-date: /home/jiseongyoo/ros2_examples/install/interfaces/include/interfaces/msg/msg_collection1__rosidl_typesupport_fastrtps_cpp.hpp
[22.729s] -- Up-to-date: /home/jiseongyoo/ros2_examples/install/interfaces/include/interfaces/msg/dds_fastrtps
[22.730s] -- Up-to-date: /home/jiseongyoo/ros2_examples/install/interfaces/include/interfaces/msg/rosidl_typesupport_fastrtps_cpp__visibility_control.h
[22.731s] -- Installing: /home/jiseongyoo/ros2_examples/install/interfaces/lib/libinterfaces__rosidl_typesupport_fastrtps_cpp.so
[22.731s] -- Set runtime path of "/home/jiseongyoo/ros2_examples/install/interfaces/lib/libinterfaces__rosidl_typesupport_fastrtps_cpp.so" to ""
[22.732s] -- Up-to-date: /home/jiseongyoo/ros2_examples/install/interfaces/include/interfaces
[22.732s] -- Up-to-date: /home/jiseongyoo/ros2_examples/install/interfaces/include/interfaces/msg
[22.733s] -- Up-to-date: /home/jiseongyoo/ros2_examples/install/interfaces/include/interfaces/msg/msg_collection1__struct.hpp
[22.734s] -- Installing: /home/jiseongyoo/ros2_examples/install/interfaces/include/interfaces/msg/msg_collection__struct.hpp
[22.734s] -- Up-to-date: /home/jiseongyoo/ros2_examples/install/interfaces/include/interfaces/msg/msg_collection1__traits.hpp
[22.735s] -- Up-to-date: /home/jiseongyoo/ros2_examples/install/interfaces/include/interfaces/msg/msg_collection1.hpp
[22.735s] -- Installing: /home/jiseongyoo/ros2_examples/install/interfaces/include/interfaces/msg/msg_collection.hpp
[22.735s] -- Installing: /home/jiseongyoo/ros2_examples/install/interfaces/include/interfaces/msg/msg_collection__traits.hpp
[22.736s] -- Up-to-date: /home/jiseongyoo/ros2_examples/install/interfaces/include/interfaces
[22.736s] -- Up-to-date: /home/jiseongyoo/ros2_examples/install/interfaces/include/interfaces/msg
[22.737s] -- Installing: /home/jiseongyoo/ros2_examples/install/interfaces/include/interfaces/msg/msg_collection__rosidl_typesupport_introspection_c.h
[22.737s] -- Up-to-date: /home/jiseongyoo/ros2_examples/install/interfaces/include/interfaces/msg/msg_collection1__type_support.c
[22.738s] -- Up-to-date: /home/jiseongyoo/ros2_examples/install/interfaces/include/interfaces/msg/rosidl_typesupport_introspection_c__visibility_control.h
[22.738s] -- Up-to-date: /home/jiseongyoo/ros2_examples/install/interfaces/include/interfaces/msg/msg_collection1__rosidl_typesupport_introspection_c.h
[22.739s] -- Installing: /home/jiseongyoo/ros2_examples/install/interfaces/include/interfaces/msg/msg_collection__type_support.c
[22.739s] -- Installing: /home/jiseongyoo/ros2_examples/install/interfaces/lib/libinterfaces__rosidl_typesupport_introspection_c.so
[22.739s] -- Set runtime path of "/home/jiseongyoo/ros2_examples/install/interfaces/lib/libinterfaces__rosidl_typesupport_introspection_c.so" to ""
[22.740s] -- Up-to-date: /home/jiseongyoo/ros2_examples/install/interfaces/include/interfaces
[22.740s] -- Up-to-date: /home/jiseongyoo/ros2_examples/install/interfaces/include/interfaces/msg
[22.741s] -- Up-to-date: /home/jiseongyoo/ros2_examples/install/interfaces/include/interfaces/msg/msg_collection1__type_support.cpp
[22.741s] -- Up-to-date: /home/jiseongyoo/ros2_examples/install/interfaces/include/interfaces/msg/msg_collection1__rosidl_typesupport_introspection_cpp.hpp
[22.742s] -- Installing: /home/jiseongyoo/ros2_examples/install/interfaces/include/interfaces/msg/msg_collection__rosidl_typesupport_introspection_cpp.hpp
[22.742s] -- Installing: /home/jiseongyoo/ros2_examples/install/interfaces/include/interfaces/msg/msg_collection__type_support.cpp
[22.743s] -- Installing: /home/jiseongyoo/ros2_examples/install/interfaces/lib/libinterfaces__rosidl_typesupport_introspection_cpp.so
[22.743s] -- Set runtime path of "/home/jiseongyoo/ros2_examples/install/interfaces/lib/libinterfaces__rosidl_typesupport_introspection_cpp.so" to ""
[22.743s] -- Up-to-date: /home/jiseongyoo/ros2_examples/install/interfaces/share/interfaces/environment/pythonpath.sh
[22.744s] -- Installing: /home/jiseongyoo/ros2_examples/install/interfaces/share/interfaces/environment/pythonpath.dsv
[22.744s] -- Installing: /home/jiseongyoo/ros2_examples/install/interfaces/lib/python3.6/site-packages/interfaces/__init__.py
[22.871s] Compiling '/home/jiseongyoo/ros2_examples/install/interfaces/lib/python3.6/site-packages/interfaces/__init__.py'...
[22.893s] -- Up-to-date: /home/jiseongyoo/ros2_examples/install/interfaces/lib/python3.6/site-packages/interfaces/msg
[22.894s] -- Up-to-date: /home/jiseongyoo/ros2_examples/install/interfaces/lib/python3.6/site-packages/interfaces/msg/_msg_collection1_s.c
[22.895s] -- Installing: /home/jiseongyoo/ros2_examples/install/interfaces/lib/python3.6/site-packages/interfaces/msg/_msg_collection.py
[22.895s] -- Installing: /home/jiseongyoo/ros2_examples/install/interfaces/lib/python3.6/site-packages/interfaces/msg/__init__.py
[22.896s] -- Up-to-date: /home/jiseongyoo/ros2_examples/install/interfaces/lib/python3.6/site-packages/interfaces/msg/_msg_collection1.py
[22.897s] -- Installing: /home/jiseongyoo/ros2_examples/install/interfaces/lib/python3.6/site-packages/interfaces/msg/_msg_collection_s.c
[22.900s] -- Installing: /home/jiseongyoo/ros2_examples/install/interfaces/lib/python3.6/site-packages/interfaces/interfaces_s__rosidl_typesupport_c.cpython-36m-x86_64-linux-gnu.so
[22.902s] -- Set runtime path of "/home/jiseongyoo/ros2_examples/install/interfaces/lib/python3.6/site-packages/interfaces/interfaces_s__rosidl_typesupport_c.cpython-36m-x86_64-linux-gnu.so" to ""
[22.905s] -- Installing: /home/jiseongyoo/ros2_examples/install/interfaces/lib/python3.6/site-packages/interfaces/interfaces_s__rosidl_typesupport_fastrtps_c.cpython-36m-x86_64-linux-gnu.so
[22.907s] -- Set runtime path of "/home/jiseongyoo/ros2_examples/install/interfaces/lib/python3.6/site-packages/interfaces/interfaces_s__rosidl_typesupport_fastrtps_c.cpython-36m-x86_64-linux-gnu.so" to ""
[22.908s] -- Installing: /home/jiseongyoo/ros2_examples/install/interfaces/lib/libinterfaces__python.so
[22.911s] -- Set runtime path of "/home/jiseongyoo/ros2_examples/install/interfaces/lib/libinterfaces__python.so" to ""
[22.912s] -- Installing: /home/jiseongyoo/ros2_examples/install/interfaces/share/interfaces/msg/MsgCollection.idl
[22.912s] -- Installing: /home/jiseongyoo/ros2_examples/install/interfaces/share/interfaces/msg/MsgCollection.msg
[22.913s] -- Up-to-date: /home/jiseongyoo/ros2_examples/install/interfaces/share/ament_index/resource_index/package_run_dependencies/interfaces
[22.914s] -- Up-to-date: /home/jiseongyoo/ros2_examples/install/interfaces/share/ament_index/resource_index/parent_prefix_path/interfaces
[22.915s] -- Up-to-date: /home/jiseongyoo/ros2_examples/install/interfaces/share/interfaces/environment/ament_prefix_path.sh
[22.916s] -- Installing: /home/jiseongyoo/ros2_examples/install/interfaces/share/interfaces/environment/ament_prefix_path.dsv
[22.917s] -- Up-to-date: /home/jiseongyoo/ros2_examples/install/interfaces/share/interfaces/environment/path.sh
[22.918s] -- Installing: /home/jiseongyoo/ros2_examples/install/interfaces/share/interfaces/environment/path.dsv
[22.918s] -- Up-to-date: /home/jiseongyoo/ros2_examples/install/interfaces/share/interfaces/local_setup.bash
[22.919s] -- Up-to-date: /home/jiseongyoo/ros2_examples/install/interfaces/share/interfaces/local_setup.sh
[22.920s] -- Up-to-date: /home/jiseongyoo/ros2_examples/install/interfaces/share/interfaces/local_setup.zsh
[22.920s] -- Installing: /home/jiseongyoo/ros2_examples/install/interfaces/share/interfaces/local_setup.dsv
[22.921s] -- Installing: /home/jiseongyoo/ros2_examples/install/interfaces/share/interfaces/package.dsv
[22.921s] -- Up-to-date: /home/jiseongyoo/ros2_examples/install/interfaces/share/ament_index/resource_index/packages/interfaces
[22.922s] -- Installing: /home/jiseongyoo/ros2_examples/install/interfaces/share/interfaces/cmake/rosidl_cmake-extras.cmake
[22.922s] -- Up-to-date: /home/jiseongyoo/ros2_examples/install/interfaces/share/interfaces/cmake/ament_cmake_export_libraries-extras.cmake
[22.923s] -- Up-to-date: /home/jiseongyoo/ros2_examples/install/interfaces/share/interfaces/cmake/ament_cmake_export_include_directories-extras.cmake
[22.923s] -- Up-to-date: /home/jiseongyoo/ros2_examples/install/interfaces/share/interfaces/cmake/interfacesConfig.cmake
[22.924s] -- Up-to-date: /home/jiseongyoo/ros2_examples/install/interfaces/share/interfaces/cmake/interfacesConfig-version.cmake
[22.924s] -- Up-to-date: /home/jiseongyoo/ros2_examples/install/interfaces/share/interfaces/package.xml
