[0.177s] -- Found ament_cmake: 0.8.2 (/opt/ros/eloquent/share/ament_cmake/cmake)
[0.279s] -- Using PYTHON_EXECUTABLE: /usr/bin/python3
[1.048s] -- Found rclcpp: 0.8.4 (/opt/ros/eloquent/share/rclcpp/cmake)
[1.097s] -- Found rosidl_adapter: 0.8.2 (/opt/ros/eloquent/share/rosidl_adapter/cmake)
[1.240s] -- Found rmw_implementation_cmake: 0.8.1 (/opt/ros/eloquent/share/rmw_implementation_cmake/cmake)
[1.245s] -- Using RMW implementation 'rmw_fastrtps_cpp' as default
[1.450s] -- Found ament_lint_auto: 0.8.1 (/opt/ros/eloquent/share/ament_lint_auto/cmake)
[1.725s] -- Added test 'copyright' to check for copyright in CMake / C / C++ / Python code
[1.728s] -- Added test 'cppcheck' to perform static code analysis on C / C++ code
[1.730s] -- Configured cppcheck include dirs: 
[1.732s] -- Added test 'cpplint' to check C / C++ code against the Google style
[1.737s] -- Added test 'lint_cmake' to check CMake code style
[1.740s] -- Added test 'uncrustify' to check C / C++ code style
[1.742s] -- Added test 'xmllint' to check XML markup files
[1.749s] -- Configuring done
[1.805s] -- Generating done
[1.814s] -- Build files have been written to: /home/jiseongyoo/ros2_examples/build/pub_sub_cpp_template
[1.915s] [35m[1mScanning dependencies of target pub_cpp_template[0m
[2.109s] [ 50%] [32mBuilding CXX object CMakeFiles/pub_cpp_template.dir/src/pub_cpp_template.cpp.o[0m
[11.417s] [100%] [32m[1mLinking CXX executable pub_cpp_template[0m
[12.136s] CMakeFiles/pub_cpp_template.dir/build.make:129: recipe for target 'pub_cpp_template' failed
[12.139s] CMakeFiles/Makefile2:131: recipe for target 'CMakeFiles/pub_cpp_template.dir/all' failed
[12.139s] Makefile:140: recipe for target 'all' failed
