[4.705s] In file included from [01m[K/opt/ros/eloquent/include/rclcpp/client.hpp:39:0[m[K,
[4.706s]                  from [01m[K/opt/ros/eloquent/include/rclcpp/callback_group.hpp:23[m[K,
[4.707s]                  from [01m[K/opt/ros/eloquent/include/rclcpp/any_executable.hpp:20[m[K,
[4.708s]                  from [01m[K/opt/ros/eloquent/include/rclcpp/memory_strategy.hpp:24[m[K,
[4.708s]                  from [01m[K/opt/ros/eloquent/include/rclcpp/memory_strategies.hpp:18[m[K,
[4.709s]                  from [01m[K/opt/ros/eloquent/include/rclcpp/executor.hpp:33[m[K,
[4.710s]                  from [01m[K/opt/ros/eloquent/include/rclcpp/executors/multi_threaded_executor.hpp:25[m[K,
[4.710s]                  from [01m[K/opt/ros/eloquent/include/rclcpp/executors.hpp:21[m[K,
[4.711s]                  from [01m[K/opt/ros/eloquent/include/rclcpp/rclcpp.hpp:145[m[K,
[4.712s]                  from [01m[K/home/jiseongyoo/ros2_examples/src/service_cpp_example/src/service_client_cpp_example.cpp:3[m[K:
[4.712s] [01m[K/home/jiseongyoo/ros2_examples/src/service_cpp_example/src/service_client_cpp_example.cpp:[m[K In function ‘[01m[Kint main(int, char**)[m[K’:
[4.713s] [01m[K/home/jiseongyoo/ros2_examples/src/service_cpp_example/src/service_client_cpp_example.cpp:29:78:[m[K [01;31m[Kerror: [m[Kbase operand of ‘[01m[K->[m[K’ has non-pointer type ‘[01m[Kstd::shared_future<std::shared_ptr<interfaces::srv::Example_Response_<std::allocator<void> > > >[m[K’
[4.714s]      RCLCPP_INFO(rclcpp::get_logger("rclcpp"), "Response arrived '%s'", result[01;31m[K-[m[K>message.c_str());
[4.724s]                                                                               [01;31m[K^[m[K
[4.725s] [01m[K/opt/ros/eloquent/include/rcutils/logging_macros.h:72:64:[m[K [01;36m[Knote: [m[Kin definition of macro ‘[01m[KRCUTILS_LOG_COND_NAMED[m[K’
[4.725s]        rcutils_log(&__rcutils_logging_location, severity, name, [01;36m[K__VA_ARGS__[m[K); \
[4.726s]                                                                 [01;36m[K^~~~~~~~~~~[m[K
[4.726s] [01m[K/opt/ros/eloquent/include/rclcpp/logging.hpp:541:5:[m[K [01;36m[Knote: [m[Kin expansion of macro ‘[01m[KRCUTILS_LOG_INFO_NAMED[m[K’
[4.727s]      [01;36m[KRCUTILS_LOG_INFO_NAMED[m[K( \
[4.727s]      [01;36m[K^~~~~~~~~~~~~~~~~~~~~~[m[K
[4.728s] [01m[K/opt/ros/eloquent/include/rclcpp/logging.hpp:544:9:[m[K [01;36m[Knote: [m[Kin expansion of macro ‘[01m[KRCLCPP_ALL_BUT_FIRST_ARGS[m[K’
[4.728s]          [01;36m[KRCLCPP_ALL_BUT_FIRST_ARGS[m[K(__VA_ARGS__,"")); \
[4.728s]          [01;36m[K^~~~~~~~~~~~~~~~~~~~~~~~~[m[K
[4.729s] [01m[K/home/jiseongyoo/ros2_examples/src/service_cpp_example/src/service_client_cpp_example.cpp:29:5:[m[K [01;36m[Knote: [m[Kin expansion of macro ‘[01m[KRCLCPP_INFO[m[K’
[4.729s]      [01;36m[KRCLCPP_INFO[m[K(rclcpp::get_logger("rclcpp"), "Response arrived '%s'", result->message.c_str());
[4.730s]      [01;36m[K^~~~~~~~~~~[m[K
[4.987s] In file included from [01m[K/opt/ros/eloquent/include/rclcpp/rclcpp.hpp:145:0[m[K,
[4.988s]                  from [01m[K/home/jiseongyoo/ros2_examples/src/service_cpp_example/src/service_client_cpp_example.cpp:3[m[K:
[4.989s] /opt/ros/eloquent/include/rclcpp/executors.hpp: In instantiation of ‘[01m[Krclcpp::executor::FutureReturnCode rclcpp::spin_until_future_complete(std::shared_ptr<_Tp>, std::shared_future<ResponseT>&, std::chrono::duration<_Rep2, _Period2>) [with NodeT = rclcpp::Client<interfaces::srv::Example>; FutureT = std::shared_ptr<interfaces::srv::Example_Response_<std::allocator<void> > >; TimeRepT = long int; TimeT = std::ratio<1, 1000>][m[K’:
[4.990s] [01m[K/home/jiseongyoo/ros2_examples/src/service_cpp_example/src/service_client_cpp_example.cpp:28:64:[m[K   required from here
[4.990s] [01m[K/opt/ros/eloquent/include/rclcpp/executors.hpp:121:55:[m[K [01;31m[Kerror: [m[K‘[01m[Kusing element_type = class rclcpp::Client<interfaces::srv::Example> {aka class rclcpp::Client<interfaces::srv::Example>}[m[K’ has no member named ‘[01m[Kget_node_base_interface[m[K’
[4.991s]    return rclcpp::spin_until_future_complete([01;31m[Knode_ptr->get_node_base_interface[m[K(), future, timeout);
[4.992s]                                              [01;31m[K~~~~~~~~~~^~~~~~~~~~~~~~~~~~~~~~~[m[K
[6.053s] make[2]: *** [CMakeFiles/service_client_cpp.dir/src/service_client_cpp_example.cpp.o] Error 1
[6.053s] make[1]: *** [CMakeFiles/service_client_cpp.dir/all] Error 2
[6.054s] make[1]: *** Waiting for unfinished jobs....
[7.930s] make: *** [all] Error 2
