[0.369s] [ 11%] Built target component_service_server_cpp
[0.376s] [ 22%] Built target component_subscriber_cpp
[0.500s] [ 33%] Built target component_service_client_cpp
[0.506s] [ 44%] Built target component_publisher_cpp
[0.556s] [35m[1mScanning dependencies of target component_action_client_cpp[0m
[0.727s] [ 55%] Built target component_action_server_cpp
[0.754s] [ 61%] [32mBuilding CXX object CMakeFiles/component_action_client_cpp.dir/src/action_client_cpp_example.cpp.o[0m
[0.967s] [ 72%] Built target component_parameter_server_cpp
[1.215s] [ 83%] Built target component_parameter_client_cpp
[12.471s] [ 88%] [32m[1mLinking CXX shared library libcomponent_action_client_cpp.so[0m
[13.386s] [ 88%] Built target component_action_client_cpp
[13.536s] [ 94%] [32m[1mLinking CXX executable component_container[0m
[15.277s] [100%] Built target component_container
[15.906s] [ 11%] Built target component_service_server_cpp
[15.922s] [ 22%] Built target component_subscriber_cpp
[16.032s] [ 33%] Built target component_publisher_cpp
[16.055s] [ 44%] Built target component_service_client_cpp
[16.167s] [ 55%] Built target component_action_client_cpp
[16.200s] [ 66%] Built target component_action_server_cpp
[16.292s] [ 77%] Built target component_parameter_server_cpp
[16.340s] [ 88%] Built target component_parameter_client_cpp
[16.484s] [100%] Built target component_container
[16.572s] [36mInstall the project...[0m
[16.610s] -- Install configuration: ""
[16.614s] -- Up-to-date: /home/jiseongyoo/ros2_examples/install/composition_cpp_example/lib/libcomponent_publisher_cpp.so
[16.617s] -- Up-to-date: /home/jiseongyoo/ros2_examples/install/composition_cpp_example/lib/libcomponent_subscriber_cpp.so
[16.618s] -- Up-to-date: /home/jiseongyoo/ros2_examples/install/composition_cpp_example/lib/libcomponent_service_server_cpp.so
[16.621s] -- Up-to-date: /home/jiseongyoo/ros2_examples/install/composition_cpp_example/lib/libcomponent_service_client_cpp.so
[16.624s] -- Up-to-date: /home/jiseongyoo/ros2_examples/install/composition_cpp_example/lib/libcomponent_action_server_cpp.so
[16.627s] -- Installing: /home/jiseongyoo/ros2_examples/install/composition_cpp_example/lib/libcomponent_action_client_cpp.so
[16.648s] -- Set runtime path of "/home/jiseongyoo/ros2_examples/install/composition_cpp_example/lib/libcomponent_action_client_cpp.so" to ""
[16.649s] -- Up-to-date: /home/jiseongyoo/ros2_examples/install/composition_cpp_example/lib/libcomponent_parameter_server_cpp.so
[16.651s] -- Up-to-date: /home/jiseongyoo/ros2_examples/install/composition_cpp_example/lib/libcomponent_parameter_client_cpp.so
[16.653s] -- Installing: /home/jiseongyoo/ros2_examples/install/composition_cpp_example/lib/composition_cpp_example/component_container
[16.657s] -- Set runtime path of "/home/jiseongyoo/ros2_examples/install/composition_cpp_example/lib/composition_cpp_example/component_container" to ""
[16.658s] -- Up-to-date: /home/jiseongyoo/ros2_examples/install/composition_cpp_example/share/ament_index/resource_index/package_run_dependencies/composition_cpp_example
[16.662s] -- Up-to-date: /home/jiseongyoo/ros2_examples/install/composition_cpp_example/share/ament_index/resource_index/parent_prefix_path/composition_cpp_example
[16.662s] -- Up-to-date: /home/jiseongyoo/ros2_examples/install/composition_cpp_example/share/composition_cpp_example/environment/ament_prefix_path.sh
[16.663s] -- Up-to-date: /home/jiseongyoo/ros2_examples/install/composition_cpp_example/share/composition_cpp_example/environment/ament_prefix_path.dsv
[16.679s] -- Up-to-date: /home/jiseongyoo/ros2_examples/install/composition_cpp_example/share/composition_cpp_example/environment/path.sh
[16.681s] -- Up-to-date: /home/jiseongyoo/ros2_examples/install/composition_cpp_example/share/composition_cpp_example/environment/path.dsv
[16.700s] -- Up-to-date: /home/jiseongyoo/ros2_examples/install/composition_cpp_example/share/composition_cpp_example/local_setup.bash
[16.700s] -- Up-to-date: /home/jiseongyoo/ros2_examples/install/composition_cpp_example/share/composition_cpp_example/local_setup.sh
[16.701s] -- Up-to-date: /home/jiseongyoo/ros2_examples/install/composition_cpp_example/share/composition_cpp_example/local_setup.zsh
[16.701s] -- Up-to-date: /home/jiseongyoo/ros2_examples/install/composition_cpp_example/share/composition_cpp_example/local_setup.dsv
[16.705s] -- Installing: /home/jiseongyoo/ros2_examples/install/composition_cpp_example/share/composition_cpp_example/package.dsv
[16.705s] -- Up-to-date: /home/jiseongyoo/ros2_examples/install/composition_cpp_example/share/ament_index/resource_index/packages/composition_cpp_example
[16.706s] -- Up-to-date: /home/jiseongyoo/ros2_examples/install/composition_cpp_example/share/ament_index/resource_index/rclcpp_components/composition_cpp_example
[16.717s] -- Up-to-date: /home/jiseongyoo/ros2_examples/install/composition_cpp_example/share/composition_cpp_example/cmake/composition_cpp_exampleConfig.cmake
[16.718s] -- Up-to-date: /home/jiseongyoo/ros2_examples/install/composition_cpp_example/share/composition_cpp_example/cmake/composition_cpp_exampleConfig-version.cmake
[16.720s] -- Up-to-date: /home/jiseongyoo/ros2_examples/install/composition_cpp_example/share/composition_cpp_example/package.xml
