[0.087s] Invoking command in '/home/jiseongyoo/ros2_examples/build/cpp_pubsub': CMAKE_PREFIX_PATH=/opt/ros/eloquent /usr/bin/cmake /home/jiseongyoo/ros2_examples/src/cpp_pubsub -DCMAKE_INSTALL_PREFIX=/home/jiseongyoo/ros2_examples/install/cpp_pubsub
[0.356s] -- The C compiler identification is GNU 7.5.0
[0.615s] -- The CXX compiler identification is GNU 7.5.0
[0.627s] -- Check for working C compiler: /usr/bin/cc
[0.958s] -- Check for working C compiler: /usr/bin/cc -- works
[0.961s] -- Detecting C compiler ABI info
[1.276s] -- Detecting C compiler ABI info - done
[1.301s] -- Detecting C compile features
[2.270s] -- Detecting C compile features - done
[2.278s] -- Check for working CXX compiler: /usr/bin/c++
[2.633s] -- Check for working CXX compiler: /usr/bin/c++ -- works
[2.637s] -- Detecting CXX compiler ABI info
[2.991s] -- Detecting CXX compiler ABI info - done
[3.012s] -- Detecting CXX compile features
[4.578s] -- Detecting CXX compile features - done
[4.594s] -- Found ament_cmake: 0.8.2 (/opt/ros/eloquent/share/ament_cmake/cmake)
[4.706s] -- Found PythonInterp: /usr/bin/python3 (found suitable version "3.6.9", minimum required is "3") 
[4.707s] -- Using PYTHON_EXECUTABLE: /usr/bin/python3
[5.498s] -- Found rclcpp: 0.8.4 (/opt/ros/eloquent/share/rclcpp/cmake)
[5.565s] -- Found rosidl_adapter: 0.8.2 (/opt/ros/eloquent/share/rosidl_adapter/cmake)
[5.745s] -- Found rmw_implementation_cmake: 0.8.1 (/opt/ros/eloquent/share/rmw_implementation_cmake/cmake)
[5.752s] -- Using RMW implementation 'rmw_fastrtps_cpp' as default
[5.756s] -- Looking for pthread.h
[6.091s] -- Looking for pthread.h - found
[6.094s] -- Looking for pthread_create
[6.441s] -- Looking for pthread_create - not found
[6.443s] -- Looking for pthread_create in pthreads
[6.701s] -- Looking for pthread_create in pthreads - not found
[6.704s] -- Looking for pthread_create in pthread
[7.029s] -- Looking for pthread_create in pthread - found
[7.033s] -- Found Threads: TRUE  
[7.188s] -- Found std_msgs: 0.8.1 (/opt/ros/eloquent/share/std_msgs/cmake)
[7.282s] -- Found ament_lint_auto: 0.8.1 (/opt/ros/eloquent/share/ament_lint_auto/cmake)
[7.583s] -- Added test 'copyright' to check for copyright in CMake / C / C++ / Python code
[7.587s] -- Added test 'cppcheck' to perform static code analysis on C / C++ code
[7.588s] -- Configured cppcheck include dirs: 
[7.591s] -- Added test 'cpplint' to check C / C++ code against the Google style
[7.593s] -- Added test 'lint_cmake' to check CMake code style
[7.597s] -- Added test 'uncrustify' to check C / C++ code style
[7.598s] -- Added test 'xmllint' to check XML markup files
[7.607s] -- Configuring done
[7.676s] -- Generating done
[7.682s] -- Build files have been written to: /home/jiseongyoo/ros2_examples/build/cpp_pubsub
[7.703s] Invoked command in '/home/jiseongyoo/ros2_examples/build/cpp_pubsub' returned '0': CMAKE_PREFIX_PATH=/opt/ros/eloquent /usr/bin/cmake /home/jiseongyoo/ros2_examples/src/cpp_pubsub -DCMAKE_INSTALL_PREFIX=/home/jiseongyoo/ros2_examples/install/cpp_pubsub
[7.706s] Invoking command in '/home/jiseongyoo/ros2_examples/build/cpp_pubsub': CMAKE_PREFIX_PATH=/opt/ros/eloquent /usr/bin/cmake --build /home/jiseongyoo/ros2_examples/build/cpp_pubsub -- -j2 -l2
[7.905s] [35m[1mScanning dependencies of target talker[0m
[8.090s] [ 50%] [32mBuilding CXX object CMakeFiles/talker.dir/src/publisher_member_function.cpp.o[0m
[17.282s] [100%] [32m[1mLinking CXX executable talker[0m
[18.131s] [100%] Built target talker
[18.188s] Invoked command in '/home/jiseongyoo/ros2_examples/build/cpp_pubsub' returned '0': CMAKE_PREFIX_PATH=/opt/ros/eloquent /usr/bin/cmake --build /home/jiseongyoo/ros2_examples/build/cpp_pubsub -- -j2 -l2
[18.328s] Invoking command in '/home/jiseongyoo/ros2_examples/build/cpp_pubsub': CMAKE_PREFIX_PATH=/opt/ros/eloquent /usr/bin/cmake --build /home/jiseongyoo/ros2_examples/build/cpp_pubsub --target install -- -j2 -l2
[18.617s] [100%] Built target talker
[18.706s] [36mInstall the project...[0m
[18.741s] -- Install configuration: ""
[18.743s] -- Installing: /home/jiseongyoo/ros2_examples/install/cpp_pubsub/lib/cpp_pubsub/talker
[18.751s] -- Set runtime path of "/home/jiseongyoo/ros2_examples/install/cpp_pubsub/lib/cpp_pubsub/talker" to ""
[18.751s] -- Installing: /home/jiseongyoo/ros2_examples/install/cpp_pubsub/share/ament_index/resource_index/package_run_dependencies/cpp_pubsub
[18.752s] -- Installing: /home/jiseongyoo/ros2_examples/install/cpp_pubsub/share/ament_index/resource_index/parent_prefix_path/cpp_pubsub
[18.753s] -- Installing: /home/jiseongyoo/ros2_examples/install/cpp_pubsub/share/cpp_pubsub/environment/ament_prefix_path.sh
[18.753s] -- Installing: /home/jiseongyoo/ros2_examples/install/cpp_pubsub/share/cpp_pubsub/environment/ament_prefix_path.dsv
[18.754s] -- Installing: /home/jiseongyoo/ros2_examples/install/cpp_pubsub/share/cpp_pubsub/environment/path.sh
[18.754s] -- Installing: /home/jiseongyoo/ros2_examples/install/cpp_pubsub/share/cpp_pubsub/environment/path.dsv
[18.755s] -- Installing: /home/jiseongyoo/ros2_examples/install/cpp_pubsub/share/cpp_pubsub/local_setup.bash
[18.755s] -- Installing: /home/jiseongyoo/ros2_examples/install/cpp_pubsub/share/cpp_pubsub/local_setup.sh
[18.755s] -- Installing: /home/jiseongyoo/ros2_examples/install/cpp_pubsub/share/cpp_pubsub/local_setup.zsh
[18.756s] -- Installing: /home/jiseongyoo/ros2_examples/install/cpp_pubsub/share/cpp_pubsub/local_setup.dsv
[18.756s] -- Installing: /home/jiseongyoo/ros2_examples/install/cpp_pubsub/share/cpp_pubsub/package.dsv
[18.757s] -- Installing: /home/jiseongyoo/ros2_examples/install/cpp_pubsub/share/ament_index/resource_index/packages/cpp_pubsub
[18.757s] -- Installing: /home/jiseongyoo/ros2_examples/install/cpp_pubsub/share/cpp_pubsub/cmake/cpp_pubsubConfig.cmake
[18.764s] -- Installing: /home/jiseongyoo/ros2_examples/install/cpp_pubsub/share/cpp_pubsub/cmake/cpp_pubsubConfig-version.cmake
[18.765s] -- Installing: /home/jiseongyoo/ros2_examples/install/cpp_pubsub/share/cpp_pubsub/package.xml
[18.766s] Invoked command in '/home/jiseongyoo/ros2_examples/build/cpp_pubsub' returned '0': CMAKE_PREFIX_PATH=/opt/ros/eloquent /usr/bin/cmake --build /home/jiseongyoo/ros2_examples/build/cpp_pubsub --target install -- -j2 -l2
