[0.263s] [35m[1mScanning dependencies of target sub_cpp[0m
[0.376s] [ 50%] Built target pub_cpp
[0.415s] [ 75%] [32mBuilding CXX object CMakeFiles/sub_cpp.dir/src/sub_cpp_example.cpp.o[0m
[11.336s] [100%] [32m[1mLinking CXX executable sub_cpp[0m
[12.351s] [100%] Built target sub_cpp
[12.825s] [ 50%] Built target sub_cpp
[12.858s] [100%] Built target pub_cpp
[12.937s] [36mInstall the project...[0m
[12.997s] -- Install configuration: ""
[13.001s] -- Installing: /home/jiseongyoo/ros2_examples/install/pubsub_cpp_example/lib/pubsub_cpp_example/pub_cpp
[13.013s] -- Set runtime path of "/home/jiseongyoo/ros2_examples/install/pubsub_cpp_example/lib/pubsub_cpp_example/pub_cpp" to ""
[13.018s] -- Installing: /home/jiseongyoo/ros2_examples/install/pubsub_cpp_example/lib/pubsub_cpp_example/sub_cpp
[13.020s] -- Set runtime path of "/home/jiseongyoo/ros2_examples/install/pubsub_cpp_example/lib/pubsub_cpp_example/sub_cpp" to ""
[13.021s] -- Up-to-date: /home/jiseongyoo/ros2_examples/install/pubsub_cpp_example/share/ament_index/resource_index/package_run_dependencies/pubsub_cpp_example
[13.022s] -- Up-to-date: /home/jiseongyoo/ros2_examples/install/pubsub_cpp_example/share/ament_index/resource_index/parent_prefix_path/pubsub_cpp_example
[13.023s] -- Up-to-date: /home/jiseongyoo/ros2_examples/install/pubsub_cpp_example/share/pubsub_cpp_example/environment/ament_prefix_path.sh
[13.023s] -- Installing: /home/jiseongyoo/ros2_examples/install/pubsub_cpp_example/share/pubsub_cpp_example/environment/ament_prefix_path.dsv
[13.024s] -- Up-to-date: /home/jiseongyoo/ros2_examples/install/pubsub_cpp_example/share/pubsub_cpp_example/environment/path.sh
[13.024s] -- Installing: /home/jiseongyoo/ros2_examples/install/pubsub_cpp_example/share/pubsub_cpp_example/environment/path.dsv
[13.025s] -- Up-to-date: /home/jiseongyoo/ros2_examples/install/pubsub_cpp_example/share/pubsub_cpp_example/local_setup.bash
[13.026s] -- Up-to-date: /home/jiseongyoo/ros2_examples/install/pubsub_cpp_example/share/pubsub_cpp_example/local_setup.sh
[13.026s] -- Up-to-date: /home/jiseongyoo/ros2_examples/install/pubsub_cpp_example/share/pubsub_cpp_example/local_setup.zsh
[13.027s] -- Installing: /home/jiseongyoo/ros2_examples/install/pubsub_cpp_example/share/pubsub_cpp_example/local_setup.dsv
[13.028s] -- Installing: /home/jiseongyoo/ros2_examples/install/pubsub_cpp_example/share/pubsub_cpp_example/package.dsv
[13.029s] -- Up-to-date: /home/jiseongyoo/ros2_examples/install/pubsub_cpp_example/share/ament_index/resource_index/packages/pubsub_cpp_example
[13.030s] -- Up-to-date: /home/jiseongyoo/ros2_examples/install/pubsub_cpp_example/share/pubsub_cpp_example/cmake/pubsub_cpp_exampleConfig.cmake
[13.031s] -- Up-to-date: /home/jiseongyoo/ros2_examples/install/pubsub_cpp_example/share/pubsub_cpp_example/cmake/pubsub_cpp_exampleConfig-version.cmake
[13.031s] -- Up-to-date: /home/jiseongyoo/ros2_examples/install/pubsub_cpp_example/share/pubsub_cpp_example/package.xml
