[0.281s] [35m[1mScanning dependencies of target service_client_cpp[0m
[0.464s] [ 50%] Built target service_server_cpp
[0.528s] [ 75%] [32mBuilding CXX object CMakeFiles/service_client_cpp.dir/src/service_client_cpp_example.cpp.o[0m
[4.905s] [01m[K/home/jiseongyoo/ros2_examples/src/service_cpp_example/src/service_client_cpp_example.cpp:67:2:[m[K [01;31m[Kerror: [m[Kexpected ‘[01m[K;[m[K’ after class definition
[4.906s]  }
[4.906s]   [01;31m[K^[m[K
[4.907s]   [32m[K;[m[K
[4.928s] [01m[K/home/jiseongyoo/ros2_examples/src/service_cpp_example/src/service_client_cpp_example.cpp:[m[K In member function ‘[01m[Kvoid ServiceClientExample::send_request()[m[K’:
[4.928s] [01m[K/home/jiseongyoo/ros2_examples/src/service_cpp_example/src/service_client_cpp_example.cpp:30:13:[m[K [01;31m[Kerror: [m[K‘[01m[Kservice_client[m[K’ was not declared in this scope
[4.929s]      while (![01;31m[Kservice_client[m[K->wait_for_service(std::chrono::seconds(1))) {
[4.929s]              [01;31m[K^~~~~~~~~~~~~~[m[K
[4.935s] [01m[K/home/jiseongyoo/ros2_examples/src/service_cpp_example/src/service_client_cpp_example.cpp:30:13:[m[K [01;36m[Knote: [m[Ksuggested alternative: ‘[01m[Kservice_client_[m[K’
[4.935s]      while (![01;36m[Kservice_client[m[K->wait_for_service(std::chrono::seconds(1))) {
[4.936s]              [01;36m[K^~~~~~~~~~~~~~[m[K
[4.936s]              [32m[Kservice_client_[m[K
[4.940s] [01m[K/home/jiseongyoo/ros2_examples/src/service_cpp_example/src/service_client_cpp_example.cpp:35:16:[m[K [01;31m[Kerror: [m[Kreturn-statement with a value, in function returning 'void' [[01;31m[K-fpermissive[m[K]
[4.940s]          return [01;31m[K0[m[K;
[4.941s]                 [01;31m[K^[m[K
[4.945s] [01m[K/home/jiseongyoo/ros2_examples/src/service_cpp_example/src/service_client_cpp_example.cpp:47:21:[m[K [01;31m[Kerror: [m[K‘[01m[Kservice_client[m[K’ was not declared in this scope
[4.946s]      auto response = [01;31m[Kservice_client[m[K->async_send_request(request);
[4.946s]                      [01;31m[K^~~~~~~~~~~~~~[m[K
[4.952s] [01m[K/home/jiseongyoo/ros2_examples/src/service_cpp_example/src/service_client_cpp_example.cpp:47:21:[m[K [01;36m[Knote: [m[Ksuggested alternative: ‘[01m[Kservice_client_[m[K’
[4.952s]      auto response = [01;36m[Kservice_client[m[K->async_send_request(request);
[4.952s]                      [01;36m[K^~~~~~~~~~~~~~[m[K
[4.953s]                      [32m[Kservice_client_[m[K
[4.953s] [01m[K/home/jiseongyoo/ros2_examples/src/service_cpp_example/src/service_client_cpp_example.cpp:50:44:[m[K [01;31m[Kerror: [m[K‘[01m[Knode[m[K’ was not declared in this scope
[4.954s]      if (rclcpp::spin_until_future_complete([01;31m[Knode[m[K, response) == rclcpp::executor::FutureReturnCode::SUCCESS){
[4.954s]                                             [01;31m[K^~~~[m[K
[4.959s] [01m[K/home/jiseongyoo/ros2_examples/src/service_cpp_example/src/service_client_cpp_example.cpp:50:44:[m[K [01;36m[Knote: [m[Ksuggested alternative: ‘[01m[KNode[m[K’
[4.959s]      if (rclcpp::spin_until_future_complete([01;36m[Knode[m[K, response) == rclcpp::executor::FutureReturnCode::SUCCESS){
[4.960s]                                             [01;36m[K^~~~[m[K
[4.960s]                                             [32m[KNode[m[K
[6.222s] CMakeFiles/service_client_cpp.dir/build.make:62: recipe for target 'CMakeFiles/service_client_cpp.dir/src/service_client_cpp_example.cpp.o' failed
[6.227s] CMakeFiles/Makefile2:168: recipe for target 'CMakeFiles/service_client_cpp.dir/all' failed
[6.228s] Makefile:140: recipe for target 'all' failed
[6.231s] make[2]: *** [CMakeFiles/service_client_cpp.dir/src/service_client_cpp_example.cpp.o] Error 1
[6.232s] make[1]: *** [CMakeFiles/service_client_cpp.dir/all] Error 2
[6.232s] make: *** [all] Error 2
