[0.367s] [ 11%] Built target component_subscriber_cpp
[0.403s] [ 22%] Built target component_service_server_cpp
[0.502s] [ 33%] Built target component_publisher_cpp
[0.517s] [ 44%] Built target component_service_client_cpp
[0.569s] [35m[1mScanning dependencies of target component_action_client_cpp[0m
[0.767s] [ 55%] Built target component_action_server_cpp
[0.774s] [ 61%] [32mBuilding CXX object CMakeFiles/component_action_client_cpp.dir/src/action_client_cpp_example.cpp.o[0m
[0.992s] [ 72%] Built target component_parameter_server_cpp
[1.132s] [ 83%] Built target component_parameter_client_cpp
[12.567s] [ 88%] [32m[1mLinking CXX shared library libcomponent_action_client_cpp.so[0m
[13.470s] [ 88%] Built target component_action_client_cpp
[13.523s] [35m[1mScanning dependencies of target component_container[0m
[13.718s] [ 94%] [32mBuilding CXX object CMakeFiles/component_container.dir/src/component_container.cpp.o[0m
[21.292s] [100%] [32m[1mLinking CXX executable component_container[0m
[23.046s] [100%] Built target component_container
[23.692s] [ 11%] Built target component_subscriber_cpp
[23.695s] [ 22%] Built target component_service_server_cpp
[23.826s] [ 33%] Built target component_service_client_cpp
[23.832s] [ 44%] Built target component_publisher_cpp
[23.955s] [ 55%] Built target component_action_client_cpp
[23.975s] [ 66%] Built target component_action_server_cpp
[24.080s] [ 77%] Built target component_parameter_server_cpp
[24.120s] [ 88%] Built target component_parameter_client_cpp
[24.275s] [100%] Built target component_container
[24.378s] [36mInstall the project...[0m
[24.426s] -- Install configuration: ""
[24.429s] -- Up-to-date: /home/jiseongyoo/ros2_examples/install/composition_cpp_example/lib/libcomponent_publisher_cpp.so
[24.432s] -- Up-to-date: /home/jiseongyoo/ros2_examples/install/composition_cpp_example/lib/libcomponent_subscriber_cpp.so
[24.436s] -- Up-to-date: /home/jiseongyoo/ros2_examples/install/composition_cpp_example/lib/libcomponent_service_server_cpp.so
[24.437s] -- Up-to-date: /home/jiseongyoo/ros2_examples/install/composition_cpp_example/lib/libcomponent_service_client_cpp.so
[24.439s] -- Up-to-date: /home/jiseongyoo/ros2_examples/install/composition_cpp_example/lib/libcomponent_action_server_cpp.so
[24.440s] -- Installing: /home/jiseongyoo/ros2_examples/install/composition_cpp_example/lib/libcomponent_action_client_cpp.so
[24.454s] -- Set runtime path of "/home/jiseongyoo/ros2_examples/install/composition_cpp_example/lib/libcomponent_action_client_cpp.so" to ""
[24.457s] -- Up-to-date: /home/jiseongyoo/ros2_examples/install/composition_cpp_example/lib/libcomponent_parameter_server_cpp.so
[24.460s] -- Up-to-date: /home/jiseongyoo/ros2_examples/install/composition_cpp_example/lib/libcomponent_parameter_client_cpp.so
[24.465s] -- Installing: /home/jiseongyoo/ros2_examples/install/composition_cpp_example/lib/composition_cpp_example/component_container
[24.467s] -- Set runtime path of "/home/jiseongyoo/ros2_examples/install/composition_cpp_example/lib/composition_cpp_example/component_container" to ""
[24.468s] -- Up-to-date: /home/jiseongyoo/ros2_examples/install/composition_cpp_example/share/ament_index/resource_index/package_run_dependencies/composition_cpp_example
[24.470s] -- Up-to-date: /home/jiseongyoo/ros2_examples/install/composition_cpp_example/share/ament_index/resource_index/parent_prefix_path/composition_cpp_example
[24.471s] -- Up-to-date: /home/jiseongyoo/ros2_examples/install/composition_cpp_example/share/composition_cpp_example/environment/ament_prefix_path.sh
[24.472s] -- Up-to-date: /home/jiseongyoo/ros2_examples/install/composition_cpp_example/share/composition_cpp_example/environment/ament_prefix_path.dsv
[24.472s] -- Up-to-date: /home/jiseongyoo/ros2_examples/install/composition_cpp_example/share/composition_cpp_example/environment/path.sh
[24.473s] -- Up-to-date: /home/jiseongyoo/ros2_examples/install/composition_cpp_example/share/composition_cpp_example/environment/path.dsv
[24.473s] -- Up-to-date: /home/jiseongyoo/ros2_examples/install/composition_cpp_example/share/composition_cpp_example/local_setup.bash
[24.474s] -- Up-to-date: /home/jiseongyoo/ros2_examples/install/composition_cpp_example/share/composition_cpp_example/local_setup.sh
[24.475s] -- Up-to-date: /home/jiseongyoo/ros2_examples/install/composition_cpp_example/share/composition_cpp_example/local_setup.zsh
[24.475s] -- Up-to-date: /home/jiseongyoo/ros2_examples/install/composition_cpp_example/share/composition_cpp_example/local_setup.dsv
[24.476s] -- Installing: /home/jiseongyoo/ros2_examples/install/composition_cpp_example/share/composition_cpp_example/package.dsv
[24.476s] -- Up-to-date: /home/jiseongyoo/ros2_examples/install/composition_cpp_example/share/ament_index/resource_index/packages/composition_cpp_example
[24.477s] -- Up-to-date: /home/jiseongyoo/ros2_examples/install/composition_cpp_example/share/ament_index/resource_index/rclcpp_components/composition_cpp_example
[24.477s] -- Up-to-date: /home/jiseongyoo/ros2_examples/install/composition_cpp_example/share/composition_cpp_example/cmake/composition_cpp_exampleConfig.cmake
[24.477s] -- Up-to-date: /home/jiseongyoo/ros2_examples/install/composition_cpp_example/share/composition_cpp_example/cmake/composition_cpp_exampleConfig-version.cmake
[24.478s] -- Up-to-date: /home/jiseongyoo/ros2_examples/install/composition_cpp_example/share/composition_cpp_example/package.xml
