[0.352s] [ 25%] Built target component_pub_cpp
[0.364s] [ 50%] Built target component_sub_cpp
[0.399s] [35m[1mScanning dependencies of target component_service_server_cpp[0m
[0.521s] [ 62%] [32mBuilding CXX object CMakeFiles/component_service_server_cpp.dir/src/component_service_server_cpp_example.cpp.o[0m
[8.378s] [ 75%] [32m[1mLinking CXX shared library libcomponent_service_server_cpp.so[0m
[9.050s] [ 75%] Built target component_service_server_cpp
[9.111s] [35m[1mScanning dependencies of target component_container[0m
[9.299s] [ 87%] [32m[1mLinking CXX executable component_container[0m
[10.379s] [100%] Built target component_container
[10.886s] [ 25%] Built target component_pub_cpp
[10.888s] [ 50%] Built target component_sub_cpp
[11.021s] [ 75%] Built target component_service_server_cpp
[11.142s] [100%] Built target component_container
[11.240s] [36mInstall the project...[0m
[11.275s] -- Install configuration: ""
[11.278s] -- Up-to-date: /home/jiseongyoo/ros2_examples/install/composition_cpp_example/lib/libcomponent_pub_cpp.so
[11.280s] -- Up-to-date: /home/jiseongyoo/ros2_examples/install/composition_cpp_example/lib/libcomponent_sub_cpp.so
[11.283s] -- Installing: /home/jiseongyoo/ros2_examples/install/composition_cpp_example/lib/libcomponent_service_server_cpp.so
[11.291s] -- Set runtime path of "/home/jiseongyoo/ros2_examples/install/composition_cpp_example/lib/libcomponent_service_server_cpp.so" to ""
[11.293s] -- Installing: /home/jiseongyoo/ros2_examples/install/composition_cpp_example/lib/composition_cpp_example/component_container
[11.297s] -- Set runtime path of "/home/jiseongyoo/ros2_examples/install/composition_cpp_example/lib/composition_cpp_example/component_container" to ""
[11.299s] -- Up-to-date: /home/jiseongyoo/ros2_examples/install/composition_cpp_example/share/ament_index/resource_index/package_run_dependencies/composition_cpp_example
[11.300s] -- Up-to-date: /home/jiseongyoo/ros2_examples/install/composition_cpp_example/share/ament_index/resource_index/parent_prefix_path/composition_cpp_example
[11.301s] -- Up-to-date: /home/jiseongyoo/ros2_examples/install/composition_cpp_example/share/composition_cpp_example/environment/ament_prefix_path.sh
[11.302s] -- Installing: /home/jiseongyoo/ros2_examples/install/composition_cpp_example/share/composition_cpp_example/environment/ament_prefix_path.dsv
[11.304s] -- Up-to-date: /home/jiseongyoo/ros2_examples/install/composition_cpp_example/share/composition_cpp_example/environment/path.sh
[11.307s] -- Installing: /home/jiseongyoo/ros2_examples/install/composition_cpp_example/share/composition_cpp_example/environment/path.dsv
[11.309s] -- Up-to-date: /home/jiseongyoo/ros2_examples/install/composition_cpp_example/share/composition_cpp_example/local_setup.bash
[11.310s] -- Up-to-date: /home/jiseongyoo/ros2_examples/install/composition_cpp_example/share/composition_cpp_example/local_setup.sh
[11.311s] -- Up-to-date: /home/jiseongyoo/ros2_examples/install/composition_cpp_example/share/composition_cpp_example/local_setup.zsh
[11.311s] -- Installing: /home/jiseongyoo/ros2_examples/install/composition_cpp_example/share/composition_cpp_example/local_setup.dsv
[11.312s] -- Installing: /home/jiseongyoo/ros2_examples/install/composition_cpp_example/share/composition_cpp_example/package.dsv
[11.313s] -- Up-to-date: /home/jiseongyoo/ros2_examples/install/composition_cpp_example/share/ament_index/resource_index/packages/composition_cpp_example
[11.314s] -- Installing: /home/jiseongyoo/ros2_examples/install/composition_cpp_example/share/ament_index/resource_index/rclcpp_components/composition_cpp_example
[11.315s] -- Up-to-date: /home/jiseongyoo/ros2_examples/install/composition_cpp_example/share/composition_cpp_example/cmake/composition_cpp_exampleConfig.cmake
[11.315s] -- Up-to-date: /home/jiseongyoo/ros2_examples/install/composition_cpp_example/share/composition_cpp_example/cmake/composition_cpp_exampleConfig-version.cmake
[11.315s] -- Up-to-date: /home/jiseongyoo/ros2_examples/install/composition_cpp_example/share/composition_cpp_example/package.xml
