[0.184s] -- Found ament_cmake: 0.8.2 (/opt/ros/eloquent/share/ament_cmake/cmake)
[0.299s] -- Using PYTHON_EXECUTABLE: /usr/bin/python3
[1.099s] -- Found rclcpp: 0.8.4 (/opt/ros/eloquent/share/rclcpp/cmake)
[1.165s] -- Found rosidl_adapter: 0.8.2 (/opt/ros/eloquent/share/rosidl_adapter/cmake)
[1.334s] -- Found rmw_implementation_cmake: 0.8.1 (/opt/ros/eloquent/share/rmw_implementation_cmake/cmake)
[1.341s] -- Using RMW implementation 'rmw_fastrtps_cpp' as default
[1.488s] CMake Error at CMakeLists.txt:26 (target_include_directories):
[1.489s]   Cannot specify include directories for target "spb_cpp_template" which is
[1.490s]   not built by this project.
[1.490s] 
[1.491s] 
[1.494s] -- Found ament_lint_auto: 0.8.1 (/opt/ros/eloquent/share/ament_lint_auto/cmake)
[1.780s] -- Added test 'copyright' to check for copyright in CMake / C / C++ / Python code
[1.783s] -- Added test 'cppcheck' to perform static code analysis on C / C++ code
[1.785s] -- Configured cppcheck include dirs: 
[1.787s] -- Added test 'cpplint' to check C / C++ code against the Google style
[1.789s] -- Added test 'lint_cmake' to check CMake code style
[1.792s] -- Added test 'uncrustify' to check C / C++ code style
[1.793s] -- Added test 'xmllint' to check XML markup files
[1.801s] -- Configuring incomplete, errors occurred!
[1.801s] See also "/home/jiseongyoo/ros2_examples/build/pub_sub_cpp_template/CMakeFiles/CMakeOutput.log".
[1.802s] See also "/home/jiseongyoo/ros2_examples/build/pub_sub_cpp_template/CMakeFiles/CMakeError.log".
[1.808s] make: *** [cmake_check_build_system] Error 1
[1.816s] Makefile:266: recipe for target 'cmake_check_build_system' failed
