[0.088s] Invoking command in '/home/jiseongyoo/ros2_examples/build/interfaces': CMAKE_PREFIX_PATH=/opt/ros/eloquent /usr/bin/cmake --build /home/jiseongyoo/ros2_examples/build/interfaces -- -j2 -l2
[0.270s] -- Found ament_cmake: 0.8.2 (/opt/ros/eloquent/share/ament_cmake/cmake)
[0.393s] -- Found PythonInterp: /usr/bin/python3 (found suitable version "3.6.9", minimum required is "3") 
[0.394s] -- Using PYTHON_EXECUTABLE: /usr/bin/python3
[1.307s] -- Found rosidl_default_generators: 0.8.0 (/opt/ros/eloquent/share/rosidl_default_generators/cmake)
[1.541s] -- Found rosidl_adapter: 0.8.2 (/opt/ros/eloquent/share/rosidl_adapter/cmake)
[1.901s] -- Found PythonInterp: /usr/bin/python3 (found version "3.6.9") 
[2.433s] -- Using single matching rosidl_typesupport_c: rosidl_typesupport_fastrtps_c
[2.454s] -- Using single matching rosidl_typesupport_cpp: rosidl_typesupport_fastrtps_cpp
[2.781s] -- Found rmw_implementation_cmake: 0.8.1 (/opt/ros/eloquent/share/rmw_implementation_cmake/cmake)
[2.900s] -- Found PythonInterp: /usr/bin/python3 (found suitable version "3.6.9", minimum required is "3.5") 
[2.902s] -- Found python_cmake_module: 0.8.0 (/opt/ros/eloquent/share/python_cmake_module/cmake)
[3.063s] -- Using PYTHON_EXECUTABLE: /usr/bin/python3
[3.063s] -- Using PYTHON_INCLUDE_DIRS: /usr/include/python3.6m
[3.064s] -- Using PYTHON_LIBRARIES: /usr/lib/x86_64-linux-gnu/libpython3.6m.so
[3.392s] -- Found ament_lint_auto: 0.8.1 (/opt/ros/eloquent/share/ament_lint_auto/cmake)
[3.442s] -- Added test 'lint_cmake' to check CMake code style
[3.447s] -- Added test 'xmllint' to check XML markup files
[3.460s] -- Configuring done
[3.638s] -- Generating done
[3.654s] -- Build files have been written to: /home/jiseongyoo/ros2_examples/build/interfaces
[3.777s] [  3%] [34m[1mGenerating C code for ROS interfaces[0m
[3.865s] [  6%] [34m[1mGenerating C++ code for ROS interfaces[0m
[7.409s] [35m[1mScanning dependencies of target interfaces__rosidl_generator_c[0m
[7.512s] [ 10%] [32mBuilding C object CMakeFiles/interfaces__rosidl_generator_c.dir/rosidl_generator_c/interfaces/msg/msg_collection__functions.c.o[0m
[7.873s] [ 13%] [32m[1mLinking C shared library libinterfaces__rosidl_generator_c.so[0m
[8.008s] [ 13%] Built target interfaces__cpp
[8.142s] [ 13%] Built target interfaces__rosidl_generator_c
[8.202s] [ 17%] [34m[1mGenerating C++ type support for eProsima Fast-RTPS[0m
[10.174s] [35m[1mScanning dependencies of target interfaces__rosidl_typesupport_fastrtps_cpp[0m
[10.257s] [ 20%] [32mBuilding CXX object CMakeFiles/interfaces__rosidl_typesupport_fastrtps_cpp.dir/rosidl_typesupport_fastrtps_cpp/interfaces/msg/dds_fastrtps/msg_collection__type_support.cpp.o[0m
[12.503s] [ 24%] [32m[1mLinking CXX shared library libinterfaces__rosidl_typesupport_fastrtps_cpp.so[0m
[13.051s] [ 24%] Built target interfaces__rosidl_typesupport_fastrtps_cpp
[13.131s] [ 27%] [34m[1mGenerating C++ introspection for ROS interfaces[0m
[15.067s] [35m[1mScanning dependencies of target interfaces__rosidl_typesupport_introspection_cpp[0m
[15.138s] [ 31%] [32mBuilding CXX object CMakeFiles/interfaces__rosidl_typesupport_introspection_cpp.dir/rosidl_typesupport_introspection_cpp/interfaces/msg/msg_collection__type_support.cpp.o[0m
[16.583s] [ 34%] [32m[1mLinking CXX shared library libinterfaces__rosidl_typesupport_introspection_cpp.so[0m
[16.944s] [ 34%] Built target interfaces__rosidl_typesupport_introspection_cpp
[16.987s] [ 37%] [34m[1mGenerating C introspection for ROS interfaces[0m
[18.755s] [35m[1mScanning dependencies of target interfaces__rosidl_typesupport_introspection_c[0m
[18.824s] [ 41%] [32mBuilding C object CMakeFiles/interfaces__rosidl_typesupport_introspection_c.dir/rosidl_typesupport_introspection_c/interfaces/msg/msg_collection__type_support.c.o[0m
[18.973s] [ 44%] [32m[1mLinking C shared library libinterfaces__rosidl_typesupport_introspection_c.so[0m
[19.102s] [ 44%] Built target interfaces__rosidl_typesupport_introspection_c
[19.167s] [ 48%] [34m[1mGenerating C type support for eProsima Fast-RTPS[0m
[20.983s] [35m[1mScanning dependencies of target interfaces__rosidl_typesupport_fastrtps_c[0m
[21.050s] [ 51%] [32mBuilding CXX object CMakeFiles/interfaces__rosidl_typesupport_fastrtps_c.dir/rosidl_typesupport_fastrtps_c/interfaces/msg/msg_collection__type_support_c.cpp.o[0m
[22.425s] [ 55%] [32m[1mLinking CXX shared library libinterfaces__rosidl_typesupport_fastrtps_c.so[0m
[22.821s] [ 55%] Built target interfaces__rosidl_typesupport_fastrtps_c
[22.861s] [ 58%] [34m[1mGenerating C++ type support dispatch for ROS interfaces[0m
[24.488s] [35m[1mScanning dependencies of target interfaces__rosidl_typesupport_cpp[0m
[24.565s] [ 62%] [32mBuilding CXX object CMakeFiles/interfaces__rosidl_typesupport_cpp.dir/rosidl_typesupport_cpp/interfaces/msg/msg_collection__type_support.cpp.o[0m
[26.015s] [ 65%] [32m[1mLinking CXX shared library libinterfaces__rosidl_typesupport_cpp.so[0m
[26.429s] [ 65%] Built target interfaces__rosidl_typesupport_cpp
[26.476s] [ 68%] [34m[1mGenerating C type support dispatch for ROS interfaces[0m
[28.174s] [35m[1mScanning dependencies of target interfaces__rosidl_typesupport_c[0m
[28.244s] [ 72%] [32mBuilding CXX object CMakeFiles/interfaces__rosidl_typesupport_c.dir/rosidl_typesupport_c/interfaces/msg/msg_collection__type_support.cpp.o[0m
[28.378s] [ 75%] [32m[1mLinking CXX shared library libinterfaces__rosidl_typesupport_c.so[0m
[28.589s] [ 75%] Built target interfaces__rosidl_typesupport_c
[28.687s] [ 75%] Built target interfaces
[28.779s] [ 79%] [34m[1mGenerating Python code for ROS interfaces[0m
[31.853s] [ 79%] Built target interfaces__py
[31.900s] [35m[1mScanning dependencies of target interfaces__python[0m
[31.997s] [ 82%] [32mBuilding C object CMakeFiles/interfaces__python.dir/rosidl_generator_py/interfaces/msg/_msg_collection_s.c.o[0m
[32.672s] [ 86%] [32m[1mLinking CXX shared library rosidl_generator_py/interfaces/libinterfaces__python.so[0m
[32.968s] [ 86%] Built target interfaces__python
[33.017s] [35m[1mScanning dependencies of target interfaces__rosidl_typesupport_c__pyext[0m
[33.108s] [ 89%] [32mBuilding C object CMakeFiles/interfaces__rosidl_typesupport_c__pyext.dir/rosidl_generator_py/interfaces/_interfaces_s.ep.rosidl_typesupport_c.c.o[0m
[33.424s] [ 93%] [32m[1mLinking CXX shared library rosidl_generator_py/interfaces/interfaces_s__rosidl_typesupport_c.cpython-36m-x86_64-linux-gnu.so[0m
[33.681s] [ 93%] Built target interfaces__rosidl_typesupport_c__pyext
[33.728s] [35m[1mScanning dependencies of target interfaces__rosidl_typesupport_fastrtps_c__pyext[0m
[33.813s] [ 96%] [32mBuilding C object CMakeFiles/interfaces__rosidl_typesupport_fastrtps_c__pyext.dir/rosidl_generator_py/interfaces/_interfaces_s.ep.rosidl_typesupport_fastrtps_c.c.o[0m
[34.153s] [100%] [32m[1mLinking CXX shared library rosidl_generator_py/interfaces/interfaces_s__rosidl_typesupport_fastrtps_c.cpython-36m-x86_64-linux-gnu.so[0m
[34.413s] [100%] Built target interfaces__rosidl_typesupport_fastrtps_c__pyext
[34.469s] Invoked command in '/home/jiseongyoo/ros2_examples/build/interfaces' returned '0': CMAKE_PREFIX_PATH=/opt/ros/eloquent /usr/bin/cmake --build /home/jiseongyoo/ros2_examples/build/interfaces -- -j2 -l2
[34.748s] Invoking command in '/home/jiseongyoo/ros2_examples/build/interfaces': CMAKE_PREFIX_PATH=/opt/ros/eloquent /usr/bin/cmake --build /home/jiseongyoo/ros2_examples/build/interfaces --target install -- -j2 -l2
[34.971s] [  3%] Built target interfaces__cpp
[35.084s] [ 13%] Built target interfaces__rosidl_generator_c
[35.195s] [ 24%] Built target interfaces__rosidl_typesupport_fastrtps_cpp
[35.292s] [ 34%] Built target interfaces__rosidl_typesupport_introspection_cpp
[35.390s] [ 44%] Built target interfaces__rosidl_typesupport_introspection_c
[35.507s] [ 55%] Built target interfaces__rosidl_typesupport_fastrtps_c
[35.607s] [ 65%] Built target interfaces__rosidl_typesupport_cpp
[35.706s] [ 75%] Built target interfaces__rosidl_typesupport_c
[35.794s] [ 75%] Built target interfaces
[35.886s] [ 79%] Built target interfaces__py
[36.002s] [ 86%] Built target interfaces__python
[36.122s] [ 93%] Built target interfaces__rosidl_typesupport_c__pyext
[36.229s] [100%] Built target interfaces__rosidl_typesupport_fastrtps_c__pyext
[36.323s] [36mInstall the project...[0m
[36.361s] -- Install configuration: ""
[36.362s] -- Up-to-date: /home/jiseongyoo/ros2_examples/install/interfaces/share/ament_index/resource_index/rosidl_interfaces/interfaces
[36.364s] -- Installing: /home/jiseongyoo/ros2_examples/install/interfaces/lib/libinterfaces__rosidl_typesupport_c.so
[36.368s] -- Set runtime path of "/home/jiseongyoo/ros2_examples/install/interfaces/lib/libinterfaces__rosidl_typesupport_c.so" to ""
[36.369s] -- Up-to-date: /home/jiseongyoo/ros2_examples/install/interfaces/share/interfaces/environment/library_path.sh
[36.370s] -- Installing: /home/jiseongyoo/ros2_examples/install/interfaces/share/interfaces/environment/library_path.dsv
[36.373s] -- Installing: /home/jiseongyoo/ros2_examples/install/interfaces/lib/libinterfaces__rosidl_typesupport_cpp.so
[36.384s] -- Set runtime path of "/home/jiseongyoo/ros2_examples/install/interfaces/lib/libinterfaces__rosidl_typesupport_cpp.so" to ""
[36.385s] -- Up-to-date: /home/jiseongyoo/ros2_examples/install/interfaces/include/interfaces
[36.385s] -- Up-to-date: /home/jiseongyoo/ros2_examples/install/interfaces/include/interfaces/msg
[36.386s] -- Installing: /home/jiseongyoo/ros2_examples/install/interfaces/include/interfaces/msg/msg_collection__rosidl_typesupport_fastrtps_c.h
[36.387s] -- Up-to-date: /home/jiseongyoo/ros2_examples/install/interfaces/include/interfaces/msg/rosidl_typesupport_fastrtps_c__visibility_control.h
[36.387s] -- Installing: /home/jiseongyoo/ros2_examples/install/interfaces/lib/libinterfaces__rosidl_typesupport_fastrtps_c.so
[36.390s] -- Set runtime path of "/home/jiseongyoo/ros2_examples/install/interfaces/lib/libinterfaces__rosidl_typesupport_fastrtps_c.so" to ""
[36.391s] -- Up-to-date: /home/jiseongyoo/ros2_examples/install/interfaces/include/interfaces
[36.392s] -- Up-to-date: /home/jiseongyoo/ros2_examples/install/interfaces/include/interfaces/msg
[36.394s] -- Installing: /home/jiseongyoo/ros2_examples/install/interfaces/include/interfaces/msg/msg_collection__functions.c
[36.396s] -- Installing: /home/jiseongyoo/ros2_examples/install/interfaces/include/interfaces/msg/msg_collection__functions.h
[36.397s] -- Installing: /home/jiseongyoo/ros2_examples/install/interfaces/include/interfaces/msg/msg_collection.h
[36.398s] -- Up-to-date: /home/jiseongyoo/ros2_examples/install/interfaces/include/interfaces/msg/rosidl_generator_c__visibility_control.h
[36.399s] -- Installing: /home/jiseongyoo/ros2_examples/install/interfaces/include/interfaces/msg/msg_collection__struct.h
[36.399s] -- Installing: /home/jiseongyoo/ros2_examples/install/interfaces/include/interfaces/msg/msg_collection__type_support.h
[36.401s] -- Installing: /home/jiseongyoo/ros2_examples/install/interfaces/lib/libinterfaces__rosidl_generator_c.so
[36.402s] -- Set runtime path of "/home/jiseongyoo/ros2_examples/install/interfaces/lib/libinterfaces__rosidl_generator_c.so" to ""
[36.403s] -- Up-to-date: /home/jiseongyoo/ros2_examples/install/interfaces/include/interfaces
[36.404s] -- Up-to-date: /home/jiseongyoo/ros2_examples/install/interfaces/include/interfaces/msg
[36.404s] -- Installing: /home/jiseongyoo/ros2_examples/install/interfaces/include/interfaces/msg/msg_collection__rosidl_typesupport_fastrtps_cpp.hpp
[36.405s] -- Up-to-date: /home/jiseongyoo/ros2_examples/install/interfaces/include/interfaces/msg/dds_fastrtps
[36.405s] -- Up-to-date: /home/jiseongyoo/ros2_examples/install/interfaces/include/interfaces/msg/rosidl_typesupport_fastrtps_cpp__visibility_control.h
[36.406s] -- Installing: /home/jiseongyoo/ros2_examples/install/interfaces/lib/libinterfaces__rosidl_typesupport_fastrtps_cpp.so
[36.408s] -- Set runtime path of "/home/jiseongyoo/ros2_examples/install/interfaces/lib/libinterfaces__rosidl_typesupport_fastrtps_cpp.so" to ""
[36.408s] -- Up-to-date: /home/jiseongyoo/ros2_examples/install/interfaces/include/interfaces
[36.409s] -- Up-to-date: /home/jiseongyoo/ros2_examples/install/interfaces/include/interfaces/msg
[36.409s] -- Installing: /home/jiseongyoo/ros2_examples/install/interfaces/include/interfaces/msg/msg_collection__struct.hpp
[36.410s] -- Installing: /home/jiseongyoo/ros2_examples/install/interfaces/include/interfaces/msg/msg_collection.hpp
[36.411s] -- Installing: /home/jiseongyoo/ros2_examples/install/interfaces/include/interfaces/msg/msg_collection__traits.hpp
[36.411s] -- Up-to-date: /home/jiseongyoo/ros2_examples/install/interfaces/include/interfaces
[36.412s] -- Up-to-date: /home/jiseongyoo/ros2_examples/install/interfaces/include/interfaces/msg
[36.412s] -- Installing: /home/jiseongyoo/ros2_examples/install/interfaces/include/interfaces/msg/msg_collection__rosidl_typesupport_introspection_c.h
[36.412s] -- Up-to-date: /home/jiseongyoo/ros2_examples/install/interfaces/include/interfaces/msg/rosidl_typesupport_introspection_c__visibility_control.h
[36.413s] -- Installing: /home/jiseongyoo/ros2_examples/install/interfaces/include/interfaces/msg/msg_collection__type_support.c
[36.414s] -- Installing: /home/jiseongyoo/ros2_examples/install/interfaces/lib/libinterfaces__rosidl_typesupport_introspection_c.so
[36.416s] -- Set runtime path of "/home/jiseongyoo/ros2_examples/install/interfaces/lib/libinterfaces__rosidl_typesupport_introspection_c.so" to ""
[36.417s] -- Up-to-date: /home/jiseongyoo/ros2_examples/install/interfaces/include/interfaces
[36.417s] -- Up-to-date: /home/jiseongyoo/ros2_examples/install/interfaces/include/interfaces/msg
[36.418s] -- Installing: /home/jiseongyoo/ros2_examples/install/interfaces/include/interfaces/msg/msg_collection__rosidl_typesupport_introspection_cpp.hpp
[36.418s] -- Installing: /home/jiseongyoo/ros2_examples/install/interfaces/include/interfaces/msg/msg_collection__type_support.cpp
[36.419s] -- Installing: /home/jiseongyoo/ros2_examples/install/interfaces/lib/libinterfaces__rosidl_typesupport_introspection_cpp.so
[36.423s] -- Set runtime path of "/home/jiseongyoo/ros2_examples/install/interfaces/lib/libinterfaces__rosidl_typesupport_introspection_cpp.so" to ""
[36.423s] -- Up-to-date: /home/jiseongyoo/ros2_examples/install/interfaces/share/interfaces/environment/pythonpath.sh
[36.424s] -- Installing: /home/jiseongyoo/ros2_examples/install/interfaces/share/interfaces/environment/pythonpath.dsv
[36.425s] -- Installing: /home/jiseongyoo/ros2_examples/install/interfaces/lib/python3.6/site-packages/interfaces/__init__.py
[36.567s] Compiling '/home/jiseongyoo/ros2_examples/install/interfaces/lib/python3.6/site-packages/interfaces/__init__.py'...
[36.588s] -- Up-to-date: /home/jiseongyoo/ros2_examples/install/interfaces/lib/python3.6/site-packages/interfaces/msg
[36.590s] -- Installing: /home/jiseongyoo/ros2_examples/install/interfaces/lib/python3.6/site-packages/interfaces/msg/_msg_collection.py
[36.591s] -- Installing: /home/jiseongyoo/ros2_examples/install/interfaces/lib/python3.6/site-packages/interfaces/msg/__init__.py
[36.592s] -- Installing: /home/jiseongyoo/ros2_examples/install/interfaces/lib/python3.6/site-packages/interfaces/msg/_msg_collection_s.c
[36.592s] -- Installing: /home/jiseongyoo/ros2_examples/install/interfaces/lib/python3.6/site-packages/interfaces/interfaces_s__rosidl_typesupport_c.cpython-36m-x86_64-linux-gnu.so
[36.594s] -- Set runtime path of "/home/jiseongyoo/ros2_examples/install/interfaces/lib/python3.6/site-packages/interfaces/interfaces_s__rosidl_typesupport_c.cpython-36m-x86_64-linux-gnu.so" to ""
[36.596s] -- Installing: /home/jiseongyoo/ros2_examples/install/interfaces/lib/python3.6/site-packages/interfaces/interfaces_s__rosidl_typesupport_fastrtps_c.cpython-36m-x86_64-linux-gnu.so
[36.603s] -- Set runtime path of "/home/jiseongyoo/ros2_examples/install/interfaces/lib/python3.6/site-packages/interfaces/interfaces_s__rosidl_typesupport_fastrtps_c.cpython-36m-x86_64-linux-gnu.so" to ""
[36.604s] -- Installing: /home/jiseongyoo/ros2_examples/install/interfaces/lib/libinterfaces__python.so
[36.605s] -- Set runtime path of "/home/jiseongyoo/ros2_examples/install/interfaces/lib/libinterfaces__python.so" to ""
[36.606s] -- Installing: /home/jiseongyoo/ros2_examples/install/interfaces/share/interfaces/msg/MsgCollection.idl
[36.606s] -- Installing: /home/jiseongyoo/ros2_examples/install/interfaces/share/interfaces/msg/MsgCollection.msg
[36.607s] -- Up-to-date: /home/jiseongyoo/ros2_examples/install/interfaces/share/ament_index/resource_index/package_run_dependencies/interfaces
[36.607s] -- Up-to-date: /home/jiseongyoo/ros2_examples/install/interfaces/share/ament_index/resource_index/parent_prefix_path/interfaces
[36.608s] -- Up-to-date: /home/jiseongyoo/ros2_examples/install/interfaces/share/interfaces/environment/ament_prefix_path.sh
[36.608s] -- Installing: /home/jiseongyoo/ros2_examples/install/interfaces/share/interfaces/environment/ament_prefix_path.dsv
[36.609s] -- Up-to-date: /home/jiseongyoo/ros2_examples/install/interfaces/share/interfaces/environment/path.sh
[36.609s] -- Installing: /home/jiseongyoo/ros2_examples/install/interfaces/share/interfaces/environment/path.dsv
[36.610s] -- Up-to-date: /home/jiseongyoo/ros2_examples/install/interfaces/share/interfaces/local_setup.bash
[36.610s] -- Up-to-date: /home/jiseongyoo/ros2_examples/install/interfaces/share/interfaces/local_setup.sh
[36.616s] -- Up-to-date: /home/jiseongyoo/ros2_examples/install/interfaces/share/interfaces/local_setup.zsh
[36.617s] -- Installing: /home/jiseongyoo/ros2_examples/install/interfaces/share/interfaces/local_setup.dsv
[36.619s] -- Installing: /home/jiseongyoo/ros2_examples/install/interfaces/share/interfaces/package.dsv
[36.619s] -- Up-to-date: /home/jiseongyoo/ros2_examples/install/interfaces/share/ament_index/resource_index/packages/interfaces
[36.620s] -- Up-to-date: /home/jiseongyoo/ros2_examples/install/interfaces/share/interfaces/cmake/rosidl_cmake-extras.cmake
[36.620s] -- Up-to-date: /home/jiseongyoo/ros2_examples/install/interfaces/share/interfaces/cmake/ament_cmake_export_libraries-extras.cmake
[36.622s] -- Up-to-date: /home/jiseongyoo/ros2_examples/install/interfaces/share/interfaces/cmake/ament_cmake_export_include_directories-extras.cmake
[36.625s] -- Up-to-date: /home/jiseongyoo/ros2_examples/install/interfaces/share/interfaces/cmake/interfacesConfig.cmake
[36.626s] -- Up-to-date: /home/jiseongyoo/ros2_examples/install/interfaces/share/interfaces/cmake/interfacesConfig-version.cmake
[36.627s] -- Up-to-date: /home/jiseongyoo/ros2_examples/install/interfaces/share/interfaces/package.xml
[36.628s] Invoked command in '/home/jiseongyoo/ros2_examples/build/interfaces' returned '0': CMAKE_PREFIX_PATH=/opt/ros/eloquent /usr/bin/cmake --build /home/jiseongyoo/ros2_examples/build/interfaces --target install -- -j2 -l2
