[0.272s] [35m[1mScanning dependencies of target service_client_cpp[0m
[0.357s] [ 50%] Built target service_server_cpp
[0.391s] [ 75%] [32mBuilding CXX object CMakeFiles/service_client_cpp.dir/src/service_client_cpp_example.cpp.o[0m
[4.944s] [01m[K/home/jiseongyoo/ros2_examples/src/service_cpp_example/src/service_client_cpp_example.cpp:67:2:[m[K [01;31m[Kerror: [m[Kexpected ‘[01m[K;[m[K’ after class definition
[4.945s]  }
[4.946s]   [01;31m[K^[m[K
[4.948s]   [32m[K;[m[K
[4.966s] [01m[K/home/jiseongyoo/ros2_examples/src/service_cpp_example/src/service_client_cpp_example.cpp:[m[K In member function ‘[01m[Kvoid ServiceClientExample::send_request()[m[K’:
[4.967s] [01m[K/home/jiseongyoo/ros2_examples/src/service_cpp_example/src/service_client_cpp_example.cpp:30:13:[m[K [01;31m[Kerror: [m[K‘[01m[Kservice_client[m[K’ was not declared in this scope
[4.968s]      while (![01;31m[Kservice_client[m[K->wait_for_service(std::chrono::seconds(1))) {
[4.969s]              [01;31m[K^~~~~~~~~~~~~~[m[K
[4.971s] [01m[K/home/jiseongyoo/ros2_examples/src/service_cpp_example/src/service_client_cpp_example.cpp:30:13:[m[K [01;36m[Knote: [m[Ksuggested alternative: ‘[01m[Kservice_client_[m[K’
[4.972s]      while (![01;36m[Kservice_client[m[K->wait_for_service(std::chrono::seconds(1))) {
[4.972s]              [01;36m[K^~~~~~~~~~~~~~[m[K
[4.973s]              [32m[Kservice_client_[m[K
[4.974s] [01m[K/home/jiseongyoo/ros2_examples/src/service_cpp_example/src/service_client_cpp_example.cpp:35:16:[m[K [01;31m[Kerror: [m[Kreturn-statement with a value, in function returning 'void' [[01;31m[K-fpermissive[m[K]
[4.975s]          return [01;31m[K0[m[K;
[4.976s]                 [01;31m[K^[m[K
[4.979s] [01m[K/home/jiseongyoo/ros2_examples/src/service_cpp_example/src/service_client_cpp_example.cpp:47:21:[m[K [01;31m[Kerror: [m[K‘[01m[Kservice_client[m[K’ was not declared in this scope
[4.979s]      auto response = [01;31m[Kservice_client[m[K->async_send_request(request);
[4.980s]                      [01;31m[K^~~~~~~~~~~~~~[m[K
[4.984s] [01m[K/home/jiseongyoo/ros2_examples/src/service_cpp_example/src/service_client_cpp_example.cpp:47:21:[m[K [01;36m[Knote: [m[Ksuggested alternative: ‘[01m[Kservice_client_[m[K’
[4.984s]      auto response = [01;36m[Kservice_client[m[K->async_send_request(request);
[4.985s]                      [01;36m[K^~~~~~~~~~~~~~[m[K
[4.985s]                      [32m[Kservice_client_[m[K
[6.190s] CMakeFiles/service_client_cpp.dir/build.make:62: recipe for target 'CMakeFiles/service_client_cpp.dir/src/service_client_cpp_example.cpp.o' failed
[6.191s] make[2]: *** [CMakeFiles/service_client_cpp.dir/src/service_client_cpp_example.cpp.o] Error 1
[6.195s] CMakeFiles/Makefile2:168: recipe for target 'CMakeFiles/service_client_cpp.dir/all' failed
[6.197s] Makefile:140: recipe for target 'all' failed
[6.199s] make[1]: *** [CMakeFiles/service_client_cpp.dir/all] Error 2
[6.199s] make: *** [all] Error 2
