[0.167s] -- Found ament_cmake: 0.8.2 (/opt/ros/eloquent/share/ament_cmake/cmake)
[0.275s] -- Using PYTHON_EXECUTABLE: /usr/bin/python3
[1.049s] -- Found rclcpp: 0.8.4 (/opt/ros/eloquent/share/rclcpp/cmake)
[1.102s] -- Found rosidl_adapter: 0.8.2 (/opt/ros/eloquent/share/rosidl_adapter/cmake)
[1.277s] -- Found rmw_implementation_cmake: 0.8.1 (/opt/ros/eloquent/share/rmw_implementation_cmake/cmake)
[1.284s] -- Using RMW implementation 'rmw_fastrtps_cpp' as default
[1.483s] -- Found ament_lint_auto: 0.8.1 (/opt/ros/eloquent/share/ament_lint_auto/cmake)
[1.795s] -- Added test 'copyright' to check for copyright in CMake / C / C++ / Python code
[1.800s] -- Added test 'cppcheck' to perform static code analysis on C / C++ code
[1.802s] -- Configured cppcheck include dirs: 
[1.816s] -- Added test 'cpplint' to check C / C++ code against the Google style
[1.820s] -- Added test 'lint_cmake' to check CMake code style
[1.823s] -- Added test 'uncrustify' to check C / C++ code style
[1.824s] -- Added test 'xmllint' to check XML markup files
[1.831s] -- Configuring done
[1.889s] -- Generating done
[1.900s] -- Build files have been written to: /home/jiseongyoo/ros2_examples/build/pub_sub_cpp_template
[2.075s] [ 50%] [32m[1mLinking CXX executable pub_cpp_template[0m
[2.909s] CMakeFiles/pub_cpp_template.dir/src/pub_cpp_template.cpp.o: In function `rclcpp::Publisher<std::__cxx11::basic_string<char, std::char_traits<char>, std::allocator<char> >, std::allocator<void> >::Publisher(rclcpp::node_interfaces::NodeBaseInterface*, std::__cxx11::basic_string<char, std::char_traits<char>, std::allocator<char> > const&, rclcpp::QoS const&, rclcpp::PublisherOptionsWithAllocator<std::allocator<void> > const&)':
[2.910s] pub_cpp_template.cpp:(.text._ZN6rclcpp9PublisherINSt7__cxx1112basic_stringIcSt11char_traitsIcESaIcEEESaIvEEC2EPNS_15node_interfaces17NodeBaseInterfaceERKS6_RKNS_3QoSERKNS_29PublisherOptionsWithAllocatorIS7_EE[_ZN6rclcpp9PublisherINSt7__cxx1112basic_stringIcSt11char_traitsIcESaIcEEESaIvEEC5EPNS_15node_interfaces17NodeBaseInterfaceERKS6_RKNS_3QoSERKNS_29PublisherOptionsWithAllocatorIS7_EE]+0x6a): undefined reference to `rosidl_message_type_support_t const* rosidl_typesupport_cpp::get_message_type_support_handle<std::__cxx11::basic_string<char, std::char_traits<char>, std::allocator<char> > >()'
[2.929s] collect2: error: ld returned 1 exit status
[2.935s] CMakeFiles/pub_cpp_template.dir/build.make:129: recipe for target 'pub_cpp_template' failed
[2.937s] make[2]: *** [pub_cpp_template] Error 1
[2.938s] make[1]: *** [CMakeFiles/pub_cpp_template.dir/all] Error 2
[2.945s] make: *** [all] Error 2
[2.946s] CMakeFiles/Makefile2:131: recipe for target 'CMakeFiles/pub_cpp_template.dir/all' failed
[2.947s] Makefile:140: recipe for target 'all' failed
