[0.167s] -- Found ament_cmake: 0.8.2 (/opt/ros/eloquent/share/ament_cmake/cmake)
[0.275s] -- Using PYTHON_EXECUTABLE: /usr/bin/python3
[1.049s] -- Found rclcpp: 0.8.4 (/opt/ros/eloquent/share/rclcpp/cmake)
[1.102s] -- Found rosidl_adapter: 0.8.2 (/opt/ros/eloquent/share/rosidl_adapter/cmake)
[1.277s] -- Found rmw_implementation_cmake: 0.8.1 (/opt/ros/eloquent/share/rmw_implementation_cmake/cmake)
[1.284s] -- Using RMW implementation 'rmw_fastrtps_cpp' as default
[1.483s] -- Found ament_lint_auto: 0.8.1 (/opt/ros/eloquent/share/ament_lint_auto/cmake)
[1.795s] -- Added test 'copyright' to check for copyright in CMake / C / C++ / Python code
[1.800s] -- Added test 'cppcheck' to perform static code analysis on C / C++ code
[1.802s] -- Configured cppcheck include dirs: 
[1.816s] -- Added test 'cpplint' to check C / C++ code against the Google style
[1.820s] -- Added test 'lint_cmake' to check CMake code style
[1.823s] -- Added test 'uncrustify' to check C / C++ code style
[1.824s] -- Added test 'xmllint' to check XML markup files
[1.831s] -- Configuring done
[1.889s] -- Generating done
[1.900s] -- Build files have been written to: /home/jiseongyoo/ros2_examples/build/pub_sub_cpp_template
[2.075s] [ 50%] [32m[1mLinking CXX executable pub_cpp_template[0m
[2.935s] CMakeFiles/pub_cpp_template.dir/build.make:129: recipe for target 'pub_cpp_template' failed
[2.946s] CMakeFiles/Makefile2:131: recipe for target 'CMakeFiles/pub_cpp_template.dir/all' failed
[2.947s] Makefile:140: recipe for target 'all' failed
