[0.638s] DEBUG:colcon:Command line arguments: ['/usr/bin/colcon', 'build', '--packages-select', 'pub_sub_cpp_template']
[0.639s] DEBUG:colcon:Parsed command line arguments: Namespace(ament_cmake_args=None, base_paths=['.'], build_base='build', catkin_cmake_args=None, catkin_skip_building_tests=False, cmake_args=None, cmake_clean_cache=False, cmake_clean_first=False, cmake_force_configure=False, cmake_target=None, cmake_target_skip_unavailable=False, continue_on_error=False, event_handlers=None, executor='parallel', ignore_user_meta=False, install_base='install', log_base=None, log_level=None, main=<bound method BuildVerb.main of <colcon_core.verb.build.BuildVerb object at 0x7f67ad6907f0>>, merge_install=False, metas=['./colcon.meta'], packages_above=None, packages_above_depth=None, packages_end=None, packages_ignore=None, packages_ignore_regex=None, packages_select=['pub_sub_cpp_template'], packages_select_build_failed=False, packages_select_by_dep=None, packages_select_regex=None, packages_select_test_failures=False, packages_skip=None, packages_skip_build_finished=False, packages_skip_by_dep=None, packages_skip_regex=None, packages_skip_test_passed=False, packages_skip_up_to=None, packages_start=None, packages_up_to=None, parallel_workers=2, paths=None, symlink_install=False, test_result_base=None, verb_extension=<colcon_core.verb.build.BuildVerb object at 0x7f67ad6907f0>, verb_name='build', verb_parser=<colcon_defaults.argument_parser.defaults.DefaultArgumentsDecorator object at 0x7f67ad690ba8>)
[0.788s] Level 1:colcon.colcon_core.package_discovery:discover_packages(colcon_meta) check parameters
[0.789s] Level 1:colcon.colcon_core.package_discovery:discover_packages(recursive) check parameters
[0.789s] Level 1:colcon.colcon_core.package_discovery:discover_packages(ignore) check parameters
[0.789s] Level 1:colcon.colcon_core.package_discovery:discover_packages(path) check parameters
[0.789s] Level 1:colcon.colcon_core.package_discovery:discover_packages(colcon_meta) discover
[0.790s] Level 1:colcon.colcon_core.package_discovery:discover_packages(recursive) discover
[0.791s] INFO:colcon.colcon_core.package_discovery:Crawling recursively for packages in '/home/jiseongyoo/ros2_examples'
[0.791s] Level 1:colcon.colcon_core.package_identification:_identify(.) by extensions ['ignore', 'ignore_ament_install']
[0.792s] Level 1:colcon.colcon_core.package_identification:_identify(.) by extension 'ignore'
[0.792s] Level 1:colcon.colcon_core.package_identification:_identify(.) by extension 'ignore_ament_install'
[0.792s] Level 1:colcon.colcon_core.package_identification:_identify(.) by extensions ['colcon_pkg']
[0.792s] Level 1:colcon.colcon_core.package_identification:_identify(.) by extension 'colcon_pkg'
[0.792s] Level 1:colcon.colcon_core.package_identification:_identify(.) by extensions ['colcon_meta']
[0.793s] Level 1:colcon.colcon_core.package_identification:_identify(.) by extension 'colcon_meta'
[0.793s] Level 1:colcon.colcon_core.package_identification:_identify(.) by extensions ['ros']
[0.793s] Level 1:colcon.colcon_core.package_identification:_identify(.) by extension 'ros'
[0.841s] Level 1:colcon.colcon_core.package_identification:_identify(.) by extensions ['cmake', 'python']
[0.841s] Level 1:colcon.colcon_core.package_identification:_identify(.) by extension 'cmake'
[0.841s] Level 1:colcon.colcon_core.package_identification:_identify(.) by extension 'python'
[0.842s] Level 1:colcon.colcon_core.package_identification:_identify(.) by extensions ['python_setup_py']
[0.842s] Level 1:colcon.colcon_core.package_identification:_identify(.) by extension 'python_setup_py'
[0.842s] Level 1:colcon.colcon_core.package_identification:_identify(build) by extensions ['ignore', 'ignore_ament_install']
[0.843s] Level 1:colcon.colcon_core.package_identification:_identify(build) by extension 'ignore'
[0.843s] Level 1:colcon.colcon_core.package_identification:_identify(build) ignored
[0.844s] Level 1:colcon.colcon_core.package_identification:_identify(install) by extensions ['ignore', 'ignore_ament_install']
[0.845s] Level 1:colcon.colcon_core.package_identification:_identify(install) by extension 'ignore'
[0.845s] Level 1:colcon.colcon_core.package_identification:_identify(install) ignored
[0.846s] Level 1:colcon.colcon_core.package_identification:_identify(log) by extensions ['ignore', 'ignore_ament_install']
[0.846s] Level 1:colcon.colcon_core.package_identification:_identify(log) by extension 'ignore'
[0.847s] Level 1:colcon.colcon_core.package_identification:_identify(log) ignored
[0.847s] Level 1:colcon.colcon_core.package_identification:_identify(src) by extensions ['ignore', 'ignore_ament_install']
[0.847s] Level 1:colcon.colcon_core.package_identification:_identify(src) by extension 'ignore'
[0.848s] Level 1:colcon.colcon_core.package_identification:_identify(src) by extension 'ignore_ament_install'
[0.848s] Level 1:colcon.colcon_core.package_identification:_identify(src) by extensions ['colcon_pkg']
[0.848s] Level 1:colcon.colcon_core.package_identification:_identify(src) by extension 'colcon_pkg'
[0.848s] Level 1:colcon.colcon_core.package_identification:_identify(src) by extensions ['colcon_meta']
[0.848s] Level 1:colcon.colcon_core.package_identification:_identify(src) by extension 'colcon_meta'
[0.848s] Level 1:colcon.colcon_core.package_identification:_identify(src) by extensions ['ros']
[0.849s] Level 1:colcon.colcon_core.package_identification:_identify(src) by extension 'ros'
[0.849s] Level 1:colcon.colcon_core.package_identification:_identify(src) by extensions ['cmake', 'python']
[0.849s] Level 1:colcon.colcon_core.package_identification:_identify(src) by extension 'cmake'
[0.849s] Level 1:colcon.colcon_core.package_identification:_identify(src) by extension 'python'
[0.850s] Level 1:colcon.colcon_core.package_identification:_identify(src) by extensions ['python_setup_py']
[0.850s] Level 1:colcon.colcon_core.package_identification:_identify(src) by extension 'python_setup_py'
[0.850s] Level 1:colcon.colcon_core.package_identification:_identify(src/interfaces) by extensions ['ignore', 'ignore_ament_install']
[0.851s] Level 1:colcon.colcon_core.package_identification:_identify(src/interfaces) by extension 'ignore'
[0.851s] Level 1:colcon.colcon_core.package_identification:_identify(src/interfaces) by extension 'ignore_ament_install'
[0.851s] Level 1:colcon.colcon_core.package_identification:_identify(src/interfaces) by extensions ['colcon_pkg']
[0.851s] Level 1:colcon.colcon_core.package_identification:_identify(src/interfaces) by extension 'colcon_pkg'
[0.851s] Level 1:colcon.colcon_core.package_identification:_identify(src/interfaces) by extensions ['colcon_meta']
[0.852s] Level 1:colcon.colcon_core.package_identification:_identify(src/interfaces) by extension 'colcon_meta'
[0.852s] Level 1:colcon.colcon_core.package_identification:_identify(src/interfaces) by extensions ['ros']
[0.852s] Level 1:colcon.colcon_core.package_identification:_identify(src/interfaces) by extension 'ros'
[0.861s] DEBUG:colcon.colcon_core.package_identification:Package 'src/interfaces' with type 'ros.ament_cmake' and name 'interfaces'
[0.861s] Level 1:colcon.colcon_core.package_identification:_identify(src/pub_sub_cpp_template) by extensions ['ignore', 'ignore_ament_install']
[0.862s] Level 1:colcon.colcon_core.package_identification:_identify(src/pub_sub_cpp_template) by extension 'ignore'
[0.862s] Level 1:colcon.colcon_core.package_identification:_identify(src/pub_sub_cpp_template) by extension 'ignore_ament_install'
[0.862s] Level 1:colcon.colcon_core.package_identification:_identify(src/pub_sub_cpp_template) by extensions ['colcon_pkg']
[0.862s] Level 1:colcon.colcon_core.package_identification:_identify(src/pub_sub_cpp_template) by extension 'colcon_pkg'
[0.862s] Level 1:colcon.colcon_core.package_identification:_identify(src/pub_sub_cpp_template) by extensions ['colcon_meta']
[0.863s] Level 1:colcon.colcon_core.package_identification:_identify(src/pub_sub_cpp_template) by extension 'colcon_meta'
[0.863s] Level 1:colcon.colcon_core.package_identification:_identify(src/pub_sub_cpp_template) by extensions ['ros']
[0.863s] Level 1:colcon.colcon_core.package_identification:_identify(src/pub_sub_cpp_template) by extension 'ros'
[0.865s] DEBUG:colcon.colcon_core.package_identification:Package 'src/pub_sub_cpp_template' with type 'ros.ament_cmake' and name 'pub_sub_cpp_template'
[0.865s] Level 1:colcon.colcon_core.package_discovery:discover_packages(recursive) using defaults
[0.866s] Level 1:colcon.colcon_core.package_discovery:discover_packages(ignore) discover
[0.866s] Level 1:colcon.colcon_core.package_discovery:discover_packages(ignore) using defaults
[0.867s] Level 1:colcon.colcon_core.package_discovery:discover_packages(path) discover
[0.867s] Level 1:colcon.colcon_core.package_discovery:discover_packages(path) using defaults
[0.878s] INFO:colcon.colcon_core.package_selection:Skipping not selected package 'interfaces' in 'src/interfaces'
[0.890s] Level 5:colcon.colcon_core.verb:set package 'pub_sub_cpp_template' build argument 'cmake_args' from command line to 'None'
[0.891s] Level 5:colcon.colcon_core.verb:set package 'pub_sub_cpp_template' build argument 'cmake_target' from command line to 'None'
[0.891s] Level 5:colcon.colcon_core.verb:set package 'pub_sub_cpp_template' build argument 'cmake_target_skip_unavailable' from command line to 'False'
[0.891s] Level 5:colcon.colcon_core.verb:set package 'pub_sub_cpp_template' build argument 'cmake_clean_cache' from command line to 'False'
[0.891s] Level 5:colcon.colcon_core.verb:set package 'pub_sub_cpp_template' build argument 'cmake_clean_first' from command line to 'False'
[0.891s] Level 5:colcon.colcon_core.verb:set package 'pub_sub_cpp_template' build argument 'cmake_force_configure' from command line to 'False'
[0.891s] Level 5:colcon.colcon_core.verb:set package 'pub_sub_cpp_template' build argument 'ament_cmake_args' from command line to 'None'
[0.892s] Level 5:colcon.colcon_core.verb:set package 'pub_sub_cpp_template' build argument 'catkin_cmake_args' from command line to 'None'
[0.892s] Level 5:colcon.colcon_core.verb:set package 'pub_sub_cpp_template' build argument 'catkin_skip_building_tests' from command line to 'False'
[0.892s] DEBUG:colcon.colcon_core.verb:Building package 'pub_sub_cpp_template' with the following arguments: {'ament_cmake_args': None, 'build_base': '/home/jiseongyoo/ros2_examples/build/pub_sub_cpp_template', 'catkin_cmake_args': None, 'catkin_skip_building_tests': False, 'cmake_args': None, 'cmake_clean_cache': False, 'cmake_clean_first': False, 'cmake_force_configure': False, 'cmake_target': None, 'cmake_target_skip_unavailable': False, 'install_base': '/home/jiseongyoo/ros2_examples/install/pub_sub_cpp_template', 'merge_install': False, 'path': '/home/jiseongyoo/ros2_examples/src/pub_sub_cpp_template', 'symlink_install': False, 'test_result_base': None}
[0.893s] INFO:colcon.colcon_core.executor:Executing jobs using 'parallel' executor
[0.901s] DEBUG:colcon.colcon_parallel_executor.executor.parallel:run_until_complete
[0.902s] INFO:colcon.colcon_ros.task.ament_cmake.build:Building ROS package in '/home/jiseongyoo/ros2_examples/src/pub_sub_cpp_template' with build type 'ament_cmake'
[0.919s] INFO:colcon.colcon_core.plugin_system:Skipping extension 'colcon_core.shell.bat': Not used on non-Windows systems
[0.920s] INFO:colcon.colcon_cmake.task.cmake.build:Building CMake package in '/home/jiseongyoo/ros2_examples/src/pub_sub_cpp_template'
[0.922s] INFO:colcon.colcon_core.shell:Skip shell extension 'powershell' for command environment: Not usable outside of PowerShell
[0.922s] DEBUG:colcon.colcon_core.shell:Skip shell extension 'dsv' for command environment
[0.934s] DEBUG:colcon.colcon_core.shell:Ignoring prefix path '/opt/ros/eloquent'
[0.970s] DEBUG:colcon.colcon_core.event_handler.log_command:Invoking command in '/home/jiseongyoo/ros2_examples/build/pub_sub_cpp_template': CMAKE_PREFIX_PATH=${CMAKE_PREFIX_PATH}:/opt/ros/eloquent /usr/bin/cmake --build /home/jiseongyoo/ros2_examples/build/pub_sub_cpp_template -- -j2 -l2
[13.065s] DEBUG:colcon.colcon_core.event_handler.log_command:Invoked command in '/home/jiseongyoo/ros2_examples/build/pub_sub_cpp_template' returned '2': CMAKE_PREFIX_PATH=${CMAKE_PREFIX_PATH}:/opt/ros/eloquent /usr/bin/cmake --build /home/jiseongyoo/ros2_examples/build/pub_sub_cpp_template -- -j2 -l2
[13.073s] DEBUG:colcon.colcon_parallel_executor.executor.parallel:closing loop
[13.074s] DEBUG:colcon.colcon_parallel_executor.executor.parallel:loop closed
[13.074s] DEBUG:colcon.colcon_parallel_executor.executor.parallel:run_until_complete finished with '2'
[13.074s] DEBUG:colcon.colcon_core.event_reactor:joining thread
[13.114s] INFO:colcon.colcon_core.plugin_system:Skipping extension 'colcon_notification.desktop_notification.terminal_notifier': Not used on non-Darwin systems
[13.115s] INFO:colcon.colcon_core.plugin_system:Skipping extension 'colcon_notification.desktop_notification.win32': Not used on non-Windows systems
[13.115s] INFO:colcon.colcon_notification.desktop_notification:Sending desktop notification using 'notify2'
[13.131s] DEBUG:colcon.colcon_core.event_reactor:joined thread
[13.134s] INFO:colcon.colcon_core.shell:Creating prefix script '/home/jiseongyoo/ros2_examples/install/local_setup.ps1'
[13.141s] INFO:colcon.colcon_core.shell:Creating prefix util module '/home/jiseongyoo/ros2_examples/install/_local_setup_util_ps1.py'
[13.148s] INFO:colcon.colcon_core.shell:Creating prefix chain script '/home/jiseongyoo/ros2_examples/install/setup.ps1'
[13.159s] INFO:colcon.colcon_core.shell:Creating prefix script '/home/jiseongyoo/ros2_examples/install/local_setup.sh'
[13.162s] INFO:colcon.colcon_core.shell:Creating prefix util module '/home/jiseongyoo/ros2_examples/install/_local_setup_util_sh.py'
[13.164s] INFO:colcon.colcon_core.shell:Creating prefix chain script '/home/jiseongyoo/ros2_examples/install/setup.sh'
[13.175s] INFO:colcon.colcon_core.shell:Creating prefix script '/home/jiseongyoo/ros2_examples/install/local_setup.bash'
[13.178s] INFO:colcon.colcon_core.shell:Creating prefix chain script '/home/jiseongyoo/ros2_examples/install/setup.bash'
[13.188s] INFO:colcon.colcon_core.shell:Creating prefix script '/home/jiseongyoo/ros2_examples/install/local_setup.zsh'
[13.195s] INFO:colcon.colcon_core.shell:Creating prefix chain script '/home/jiseongyoo/ros2_examples/install/setup.zsh'
