[0.068s] Invoking command in '/home/jiseongyoo/ros2_examples/build/composition_cpp_example': AMENT_PREFIX_PATH=/home/jiseongyoo/ros2_examples/install/interfaces:${AMENT_PREFIX_PATH} CMAKE_PREFIX_PATH=/home/jiseongyoo/ros2_examples/install/interfaces:/opt/ros/eloquent LD_LIBRARY_PATH=/home/jiseongyoo/ros2_examples/install/interfaces/lib:${LD_LIBRARY_PATH} PYTHONPATH=/home/jiseongyoo/ros2_examples/install/interfaces/lib/python3.6/site-packages:${PYTHONPATH} /usr/bin/cmake --build /home/jiseongyoo/ros2_examples/build/composition_cpp_example -- -j2 -l2
[0.349s] [ 20%] Built target component_sub_cpp
[0.351s] [ 40%] Built target component_service_server_cpp
[0.400s] [35m[1mScanning dependencies of target component_service_client_cpp[0m
[0.462s] [ 60%] Built target component_pub_cpp
[0.566s] [ 70%] [32mBuilding CXX object CMakeFiles/component_service_client_cpp.dir/src/component_service_client_cpp_example.cpp.o[0m
[4.905s] In file included from [01m[K/home/jiseongyoo/ros2_examples/src/composition_cpp_example/src/component_service_client_cpp_example.cpp:1:0[m[K:
[4.908s] [01m[K/home/jiseongyoo/ros2_examples/src/composition_cpp_example/include/composition_cpp_example/component_service_client_cpp_example.hpp:20:49:[m[K [01;31m[Kerror: [m[K‘[01m[KNodeOption[m[K’ in namespace ‘[01m[Krclcpp[m[K’ does not name a type
[4.909s]      ComponentServiceClientExample(const rclcpp::[01;31m[KNodeOption[m[K & options);
[4.910s]                                                  [01;31m[K^~~~~~~~~~[m[K
[4.913s] [01m[K/home/jiseongyoo/ros2_examples/src/composition_cpp_example/include/composition_cpp_example/component_service_client_cpp_example.hpp:21:4:[m[K [01;31m[Kerror: [m[Kexpected ‘[01m[K;[m[K’ after class definition
[4.914s]    }
[4.914s]     [01;31m[K^[m[K
[4.915s]     [32m[K;[m[K
[4.932s] [01m[K/home/jiseongyoo/ros2_examples/src/composition_cpp_example/src/component_service_client_cpp_example.cpp:[m[K In member function ‘[01m[Kvoid component::ComponentServiceClientExample::send_request()[m[K’:
[4.933s] [01m[K/home/jiseongyoo/ros2_examples/src/composition_cpp_example/src/component_service_client_cpp_example.cpp:32:61:[m[K [01;31m[Kerror: [m[K‘[01m[Ksimple_interfaces[m[K’ was not declared in this scope
[4.934s]      auto response_received_callback = [this](rclcpp::Client<[01;31m[Ksimple_interfaces[m[K::srv::AddThreeInts>::SharedFuture result) {
[4.935s]                                                              [01;31m[K^~~~~~~~~~~~~~~~~[m[K
[4.952s] [01m[K/home/jiseongyoo/ros2_examples/src/composition_cpp_example/src/component_service_client_cpp_example.cpp:32:97:[m[K [01;31m[Kerror: [m[Ktemplate argument 1 is invalid
[4.953s]  allback = [this](rclcpp::Client<simple_interfaces::srv::AddThreeInts[01;31m[K>[m[K::SharedFuture result) {
[4.954s]                                                                      [01;31m[K^[m[K
[4.955s] [01m[K/home/jiseongyoo/ros2_examples/src/composition_cpp_example/src/component_service_client_cpp_example.cpp:32:113:[m[K [01;31m[Kerror: [m[Kexpected unqualified-id before ‘[01m[Kresult[m[K’
[4.956s]  s](rclcpp::Client<simple_interfaces::srv::AddThreeInts>::SharedFuture [01;31m[Kresult[m[K) {
[4.956s]                                                                        [01;31m[K^~~~~~[m[K
[4.957s] [01m[K/home/jiseongyoo/ros2_examples/src/composition_cpp_example/src/component_service_client_cpp_example.cpp:32:113:[m[K [01;31m[Kerror: [m[Kexpected ‘[01m[K)[m[K’ before ‘[01m[Kresult[m[K’
[4.957s] [01m[K/home/jiseongyoo/ros2_examples/src/composition_cpp_example/src/component_service_client_cpp_example.cpp:[m[K In lambda function:
[4.958s] [01m[K/home/jiseongyoo/ros2_examples/src/composition_cpp_example/src/component_service_client_cpp_example.cpp:32:113:[m[K [01;31m[Kerror: [m[Kexpected ‘[01m[K{[m[K’ before ‘[01m[Kresult[m[K’
[4.958s] [01m[K/home/jiseongyoo/ros2_examples/src/composition_cpp_example/src/component_service_client_cpp_example.cpp:[m[K In member function ‘[01m[Kvoid component::ComponentServiceClientExample::send_request()[m[K’:
[4.959s] [01m[K/home/jiseongyoo/ros2_examples/src/composition_cpp_example/src/component_service_client_cpp_example.cpp:32:113:[m[K [01;31m[Kerror: [m[Kexpected ‘[01m[K,[m[K’ or ‘[01m[K;[m[K’ before ‘[01m[Kresult[m[K’
[4.960s] In file included from [01m[K/opt/ros/eloquent/include/rclcpp/client.hpp:31:0[m[K,
[4.960s]                  from [01m[K/opt/ros/eloquent/include/rclcpp/callback_group.hpp:23[m[K,
[4.961s]                  from [01m[K/opt/ros/eloquent/include/rclcpp/any_executable.hpp:20[m[K,
[4.961s]                  from [01m[K/opt/ros/eloquent/include/rclcpp/memory_strategy.hpp:24[m[K,
[4.962s]                  from [01m[K/opt/ros/eloquent/include/rclcpp/memory_strategies.hpp:18[m[K,
[4.962s]                  from [01m[K/opt/ros/eloquent/include/rclcpp/executor.hpp:33[m[K,
[4.963s]                  from [01m[K/opt/ros/eloquent/include/rclcpp/executors/multi_threaded_executor.hpp:25[m[K,
[4.963s]                  from [01m[K/opt/ros/eloquent/include/rclcpp/executors.hpp:21[m[K,
[4.963s]                  from [01m[K/opt/ros/eloquent/include/rclcpp/rclcpp.hpp:145[m[K,
[4.964s]                  from [01m[K/home/jiseongyoo/ros2_examples/src/composition_cpp_example/include/composition_cpp_example/component_service_client_cpp_example.hpp:8[m[K,
[4.964s]                  from [01m[K/home/jiseongyoo/ros2_examples/src/composition_cpp_example/src/component_service_client_cpp_example.cpp:1[m[K:
[4.965s] /opt/ros/eloquent/include/rclcpp/function_traits.hpp: In instantiation of ‘[01m[Kstruct rclcpp::function_traits::function_traits<void (component::ComponentServiceClientExample::send_request()::<lambda(...)>::*)(...) const>[m[K’:
[4.966s] [01m[K/opt/ros/eloquent/include/rclcpp/function_traits.hpp:52:82:[m[K   required from ‘[01m[Kstruct rclcpp::function_traits::function_traits<component::ComponentServiceClientExample::send_request()::<lambda(...)> >[m[K’
[4.966s] [01m[K/opt/ros/eloquent/include/rclcpp/function_traits.hpp:138:8:[m[K   required from ‘[01m[Kstruct rclcpp::function_traits::function_traits<component::ComponentServiceClientExample::send_request()::<lambda(...)>&>[m[K’
[4.967s] [01m[K/opt/ros/eloquent/include/rclcpp/function_traits.hpp:161:8:[m[K   required from ‘[01m[Kstruct rclcpp::function_traits::same_arguments<component::ComponentServiceClientExample::send_request()::<lambda(...)>&, std::function<void(std::shared_future<std::pair<std::shared_ptr<interfaces::srv::Example_Request_<std::allocator<void> > >, std::shared_ptr<interfaces::srv::Example_Response_<std::allocator<void> > > > >)> >[m[K’
[4.967s] [01m[K/opt/ros/eloquent/include/rclcpp/client.hpp:254:17:[m[K   required by substitution of ‘[01m[Ktemplate<class CallbackT, typename std::enable_if<rclcpp::function_traits::same_arguments<CallbackT, std::function<void(std::shared_future<std::pair<std::shared_ptr<interfaces::srv::Example_Request_<std::allocator<void> > >, std::shared_ptr<interfaces::srv::Example_Response_<std::allocator<void> > > > >)> >::value, void>::type* <anonymous> > rclcpp::Client<interfaces::srv::Example>::SharedFutureWithRequest rclcpp::Client<interfaces::srv::Example>::async_send_request<CallbackT, <enumerator> >(rclcpp::Client<interfaces::srv::Example>::SharedRequest, CallbackT&&) [with CallbackT = component::ComponentServiceClientExample::send_request()::<lambda(...)>&; typename std::enable_if<rclcpp::function_traits::same_arguments<CallbackT, std::function<void(std::shared_future<std::pair<std::shared_ptr<interfaces::srv::Example_Request_<std::allocator<void> > >, std::shared_ptr<interfaces::srv::Example_Response_<std::allocator<void> > > > >)> >::value, void>::type* <anonymous> = <missing>][m[K’
[4.967s] [01m[K/home/jiseongyoo/ros2_examples/src/composition_cpp_example/src/component_service_client_cpp_example.cpp:39:97:[m[K   required from here
[4.968s] [01m[K/opt/ros/eloquent/include/rclcpp/function_traits.hpp:52:40:[m[K [01;31m[Kerror: [m[K‘[01m[Koperator()[m[K’ is not a member of ‘[01m[Kvoid (component::ComponentServiceClientExample::send_request()::<lambda(...)>::*)(...) const[m[K’
[4.968s]      typename function_traits<decltype( [01;31m[K&FunctionT[m[K::operator())>::arguments>::type;
[4.969s]                                         [01;31m[K^~~~~~~~~~[m[K
[4.969s] [01m[K/opt/ros/eloquent/include/rclcpp/function_traits.hpp:52:40:[m[K [01;31m[Kerror: [m[K‘[01m[Koperator()[m[K’ is not a member of ‘[01m[Kvoid (component::ComponentServiceClientExample::send_request()::<lambda(...)>::*)(...) const[m[K’
[4.969s] [01m[K/opt/ros/eloquent/include/rclcpp/function_traits.hpp:52:40:[m[K [01;31m[Kerror: [m[K‘[01m[Koperator()[m[K’ is not a member of ‘[01m[Kvoid (component::ComponentServiceClientExample::send_request()::<lambda(...)>::*)(...) const[m[K’
[4.970s] [01m[K/home/jiseongyoo/ros2_examples/src/composition_cpp_example/src/component_service_client_cpp_example.cpp:39:97:[m[K [01;31m[Kerror: [m[Kno matching function for call to ‘[01m[Krclcpp::Client<interfaces::srv::Example>::async_send_request(std::shared_ptr<interfaces::srv::Example_Request_<std::allocator<void> > >&, component::ComponentServiceClientExample::send_request()::<lambda(...)>&)[m[K’
[4.970s]  ult = service_client_->async_send_request(request, response_received_callback[01;31m[K)[m[K;
[4.970s]                                                                               [01;31m[K^[m[K
[4.971s] In file included from [01m[K/opt/ros/eloquent/include/rclcpp/callback_group.hpp:23:0[m[K,
[4.971s]                  from [01m[K/opt/ros/eloquent/include/rclcpp/any_executable.hpp:20[m[K,
[4.971s]                  from [01m[K/opt/ros/eloquent/include/rclcpp/memory_strategy.hpp:24[m[K,
[4.972s]                  from [01m[K/opt/ros/eloquent/include/rclcpp/memory_strategies.hpp:18[m[K,
[4.972s]                  from [01m[K/opt/ros/eloquent/include/rclcpp/executor.hpp:33[m[K,
[4.972s]                  from [01m[K/opt/ros/eloquent/include/rclcpp/executors/multi_threaded_executor.hpp:25[m[K,
[4.973s]                  from [01m[K/opt/ros/eloquent/include/rclcpp/executors.hpp:21[m[K,
[4.973s]                  from [01m[K/opt/ros/eloquent/include/rclcpp/rclcpp.hpp:145[m[K,
[4.973s]                  from [01m[K/home/jiseongyoo/ros2_examples/src/composition_cpp_example/include/composition_cpp_example/component_service_client_cpp_example.hpp:8[m[K,
[4.974s]                  from [01m[K/home/jiseongyoo/ros2_examples/src/composition_cpp_example/src/component_service_client_cpp_example.cpp:1[m[K:
[4.974s] [01m[K/opt/ros/eloquent/include/rclcpp/client.hpp:216:3:[m[K [01;36m[Knote: [m[Kcandidate: rclcpp::Client<ServiceT>::SharedFuture rclcpp::Client<ServiceT>::async_send_request(rclcpp::Client<ServiceT>::SharedRequest) [with ServiceT = interfaces::srv::Example; rclcpp::Client<ServiceT>::SharedFuture = std::shared_future<std::shared_ptr<interfaces::srv::Example_Response_<std::allocator<void> > > >; typename ServiceT::Response::SharedPtr = std::shared_ptr<interfaces::srv::Example_Response_<std::allocator<void> > >; rclcpp::Client<ServiceT>::SharedRequest = std::shared_ptr<interfaces::srv::Example_Request_<std::allocator<void> > >]
[4.975s]    [01;36m[Kasync_send_request[m[K(SharedRequest request)
[4.976s]    [01;36m[K^~~~~~~~~~~~~~~~~~[m[K
[4.977s] [01m[K/opt/ros/eloquent/include/rclcpp/client.hpp:216:3:[m[K [01;36m[Knote: [m[K  candidate expects 1 argument, 2 provided
[4.977s] [01m[K/opt/ros/eloquent/include/rclcpp/client.hpp:231:3:[m[K [01;36m[Knote: [m[Kcandidate: template<class CallbackT, typename std::enable_if<rclcpp::function_traits::same_arguments<CallbackT, std::function<void(std::shared_future<std::shared_ptr<interfaces::srv::Example_Response_<std::allocator<void> > > >)> >::value, void>::type* <anonymous> > rclcpp::Client<ServiceT>::SharedFuture rclcpp::Client<ServiceT>::async_send_request(rclcpp::Client<ServiceT>::SharedRequest, CallbackT&&) [with CallbackT = CallbackT; typename std::enable_if<rclcpp::function_traits::same_arguments<CallbackT, std::function<void(std::shared_future<typename ServiceT::Response::SharedPtr>)> >::value>::type* <anonymous> = <enumerator>; ServiceT = interfaces::srv::Example]
[4.978s]    [01;36m[Kasync_send_request[m[K(SharedRequest request, CallbackT && cb)
[4.978s]    [01;36m[K^~~~~~~~~~~~~~~~~~[m[K
[4.978s] [01m[K/opt/ros/eloquent/include/rclcpp/client.hpp:231:3:[m[K [01;36m[Knote: [m[K  template argument deduction/substitution failed:
[4.979s] [01m[K/opt/ros/eloquent/include/rclcpp/client.hpp:228:17:[m[K [01;31m[Kerror: [m[K‘[01m[Kvalue[m[K’ is not a member of ‘[01m[Krclcpp::function_traits::same_arguments<component::ComponentServiceClientExample::send_request()::<lambda(...)>&, std::function<void(std::shared_future<std::shared_ptr<interfaces::srv::Example_Response_<std::allocator<void> > > >)> >[m[K’
[4.979s]      >::type * = [01;31m[Knullptr[m[K
[4.980s]                  [01;31m[K^~~~~~~[m[K
[4.980s] [01m[K/opt/ros/eloquent/include/rclcpp/client.hpp:228:17:[m[K [01;36m[Knote: [m[Kinvalid template non-type parameter
[4.980s] [01m[K/opt/ros/eloquent/include/rclcpp/client.hpp:257:3:[m[K [01;36m[Knote: [m[Kcandidate: template<class CallbackT, typename std::enable_if<rclcpp::function_traits::same_arguments<CallbackT, std::function<void(std::shared_future<std::pair<std::shared_ptr<interfaces::srv::Example_Request_<std::allocator<void> > >, std::shared_ptr<interfaces::srv::Example_Response_<std::allocator<void> > > > >)> >::value, void>::type* <anonymous> > rclcpp::Client<ServiceT>::SharedFutureWithRequest rclcpp::Client<ServiceT>::async_send_request(rclcpp::Client<ServiceT>::SharedRequest, CallbackT&&) [with CallbackT = CallbackT; typename std::enable_if<rclcpp::function_traits::same_arguments<CallbackT, std::function<void(std::shared_future<std::pair<typename ServiceT::Request::SharedPtr, typename ServiceT::Response::SharedPtr> >)> >::value>::type* <anonymous> = <enumerator>; ServiceT = interfaces::srv::Example]
[4.981s]    [01;36m[Kasync_send_request[m[K(SharedRequest request, CallbackT && cb)
[4.981s]    [01;36m[K^~~~~~~~~~~~~~~~~~[m[K
[4.982s] [01m[K/opt/ros/eloquent/include/rclcpp/client.hpp:257:3:[m[K [01;36m[Knote: [m[K  substitution of deduced template arguments resulted in errors seen above
[4.982s] [01m[K/home/jiseongyoo/ros2_examples/src/composition_cpp_example/src/component_service_client_cpp_example.cpp:[m[K At global scope:
[4.982s] [01m[K/home/jiseongyoo/ros2_examples/src/composition_cpp_example/src/component_service_client_cpp_example.cpp:45:78:[m[K [01;31m[Kerror: [m[K‘[01m[KNodeOption[m[K’ in namespace ‘[01m[Krclcpp[m[K’ does not name a type
[4.983s]  ntServiceClientExample::ComponentServiceClientExample(const rclcpp::[01;31m[KNodeOption[m[K & options)
[4.983s]                                                                      [01;31m[K^~~~~~~~~~[m[K
[4.983s] [01m[K/home/jiseongyoo/ros2_examples/src/composition_cpp_example/src/component_service_client_cpp_example.cpp:[m[K In constructor ‘[01m[Kcomponent::ComponentServiceClientExample::ComponentServiceClientExample(const int&)[m[K’:
[4.984s] [01m[K/home/jiseongyoo/ros2_examples/src/composition_cpp_example/src/component_service_client_cpp_example.cpp:46:37:[m[K [01;31m[Kerror: [m[Kno matching function for call to ‘[01m[Krclcpp::Node::Node(const char [15], const int&)[m[K’
[4.985s]      : Node("service_client", options[01;31m[K)[m[K{
[4.985s]                                      [01;31m[K^[m[K
[4.985s] In file included from [01m[K/opt/ros/eloquent/include/rclcpp/executors/single_threaded_executor.hpp:28:0[m[K,
[4.986s]                  from [01m[K/opt/ros/eloquent/include/rclcpp/executors.hpp:22[m[K,
[4.986s]                  from [01m[K/opt/ros/eloquent/include/rclcpp/rclcpp.hpp:145[m[K,
[4.987s]                  from [01m[K/home/jiseongyoo/ros2_examples/src/composition_cpp_example/include/composition_cpp_example/component_service_client_cpp_example.hpp:8[m[K,
[4.988s]                  from [01m[K/home/jiseongyoo/ros2_examples/src/composition_cpp_example/src/component_service_client_cpp_example.cpp:1[m[K:
[4.988s] [01m[K/opt/ros/eloquent/include/rclcpp/node.hpp:1080:3:[m[K [01;36m[Knote: [m[Kcandidate: rclcpp::Node::Node(const rclcpp::Node&, const string&)
[4.989s]    [01;36m[KNode[m[K(
[4.989s]    [01;36m[K^~~~[m[K
[4.989s] [01m[K/opt/ros/eloquent/include/rclcpp/node.hpp:1080:3:[m[K [01;36m[Knote: [m[K  no known conversion for argument 1 from ‘[01m[Kconst char [15][m[K’ to ‘[01m[Kconst rclcpp::Node&[m[K’
[4.990s] [01m[K/opt/ros/eloquent/include/rclcpp/node.hpp:94:12:[m[K [01;36m[Knote: [m[Kcandidate: rclcpp::Node::Node(const string&, const string&, const rclcpp::NodeOptions&)
[5.001s]    explicit [01;36m[KNode[m[K(
[5.002s]             [01;36m[K^~~~[m[K
[5.002s] [01m[K/opt/ros/eloquent/include/rclcpp/node.hpp:94:12:[m[K [01;36m[Knote: [m[K  no known conversion for argument 2 from ‘[01m[Kconst int[m[K’ to ‘[01m[Kconst string& {aka const std::__cxx11::basic_string<char>&}[m[K’
[5.004s] [01m[K/opt/ros/eloquent/include/rclcpp/node.hpp:83:12:[m[K [01;36m[Knote: [m[Kcandidate: rclcpp::Node::Node(const string&, const rclcpp::NodeOptions&)
[5.004s]    explicit [01;36m[KNode[m[K(
[5.004s]             [01;36m[K^~~~[m[K
[5.005s] [01m[K/opt/ros/eloquent/include/rclcpp/node.hpp:83:12:[m[K [01;36m[Knote: [m[K  no known conversion for argument 2 from ‘[01m[Kconst int[m[K’ to ‘[01m[Kconst rclcpp::NodeOptions&[m[K’
[5.005s] [01m[K/home/jiseongyoo/ros2_examples/src/composition_cpp_example/src/component_service_client_cpp_example.cpp:57:99:[m[K [01;31m[Kerror: [m[K‘[01m[Ksend_goal[m[K’ is not a member of ‘[01m[Kcomponent::ComponentServiceClientExample[m[K’
[5.005s]  (std::chrono::seconds(1), std::bind(&ComponentServiceClientExample::[01;31m[Ksend_goal[m[K,this));
[5.006s]                                                                      [01;31m[K^~~~~~~~~[m[K
[6.252s] In file included from [01m[K/usr/include/x86_64-linux-gnu/c++/7/bits/c++allocator.h:33:0[m[K,
[6.253s]                  from [01m[K/usr/include/c++/7/bits/allocator.h:46[m[K,
[6.253s]                  from [01m[K/usr/include/c++/7/memory:63[m[K,
[6.254s]                  from [01m[K/opt/ros/eloquent/include/rclcpp/rclcpp.hpp:143[m[K,
[6.258s]                  from [01m[K/home/jiseongyoo/ros2_examples/src/composition_cpp_example/include/composition_cpp_example/component_service_client_cpp_example.hpp:8[m[K,
[6.261s]                  from [01m[K/home/jiseongyoo/ros2_examples/src/composition_cpp_example/src/component_service_client_cpp_example.cpp:1[m[K:
[6.261s] /usr/include/c++/7/ext/new_allocator.h: In instantiation of ‘[01m[Kvoid __gnu_cxx::new_allocator<_Tp>::construct(_Up*, _Args&& ...) [with _Up = component::ComponentServiceClientExample; _Args = {const rclcpp::NodeOptions&}; _Tp = component::ComponentServiceClientExample][m[K’:
[6.262s] [01m[K/usr/include/c++/7/bits/alloc_traits.h:475:4:[m[K   required from ‘[01m[Kstatic void std::allocator_traits<std::allocator<_Tp1> >::construct(std::allocator_traits<std::allocator<_Tp1> >::allocator_type&, _Up*, _Args&& ...) [with _Up = component::ComponentServiceClientExample; _Args = {const rclcpp::NodeOptions&}; _Tp = component::ComponentServiceClientExample; std::allocator_traits<std::allocator<_Tp1> >::allocator_type = std::allocator<component::ComponentServiceClientExample>][m[K’
[6.262s] [01m[K/usr/include/c++/7/bits/shared_ptr_base.h:526:39:[m[K   required from ‘[01m[Kstd::_Sp_counted_ptr_inplace<_Tp, _Alloc, _Lp>::_Sp_counted_ptr_inplace(_Alloc, _Args&& ...) [with _Args = {const rclcpp::NodeOptions&}; _Tp = component::ComponentServiceClientExample; _Alloc = std::allocator<component::ComponentServiceClientExample>; __gnu_cxx::_Lock_policy _Lp = (__gnu_cxx::_Lock_policy)2][m[K’
[6.262s] [01m[K/usr/include/c++/7/bits/shared_ptr_base.h:637:4:[m[K   required from ‘[01m[Kstd::__shared_count<_Lp>::__shared_count(std::_Sp_make_shared_tag, _Tp*, const _Alloc&, _Args&& ...) [with _Tp = component::ComponentServiceClientExample; _Alloc = std::allocator<component::ComponentServiceClientExample>; _Args = {const rclcpp::NodeOptions&}; __gnu_cxx::_Lock_policy _Lp = (__gnu_cxx::_Lock_policy)2][m[K’
[6.263s] [01m[K/usr/include/c++/7/bits/shared_ptr_base.h:1295:35:[m[K   required from ‘[01m[Kstd::__shared_ptr<_Tp, _Lp>::__shared_ptr(std::_Sp_make_shared_tag, const _Alloc&, _Args&& ...) [with _Alloc = std::allocator<component::ComponentServiceClientExample>; _Args = {const rclcpp::NodeOptions&}; _Tp = component::ComponentServiceClientExample; __gnu_cxx::_Lock_policy _Lp = (__gnu_cxx::_Lock_policy)2][m[K’
[6.263s] [01m[K/usr/include/c++/7/bits/shared_ptr.h:344:64:[m[K   required from ‘[01m[Kstd::shared_ptr<_Tp>::shared_ptr(std::_Sp_make_shared_tag, const _Alloc&, _Args&& ...) [with _Alloc = std::allocator<component::ComponentServiceClientExample>; _Args = {const rclcpp::NodeOptions&}; _Tp = component::ComponentServiceClientExample][m[K’
[6.264s] [01m[K/usr/include/c++/7/bits/shared_ptr.h:690:14:[m[K   required from ‘[01m[Kstd::shared_ptr<_Tp> std::allocate_shared(const _Alloc&, _Args&& ...) [with _Tp = component::ComponentServiceClientExample; _Alloc = std::allocator<component::ComponentServiceClientExample>; _Args = {const rclcpp::NodeOptions&}][m[K’
[6.264s] [01m[K/usr/include/c++/7/bits/shared_ptr.h:706:39:[m[K   required from ‘[01m[Kstd::shared_ptr<_Tp> std::make_shared(_Args&& ...) [with _Tp = component::ComponentServiceClientExample; _Args = {const rclcpp::NodeOptions&}][m[K’
[6.265s] [01m[K/opt/ros/eloquent/include/rclcpp_components/node_factory_template.hpp:45:40:[m[K   required from ‘[01m[Krclcpp_components::NodeInstanceWrapper rclcpp_components::NodeFactoryTemplate<NodeT>::create_node_instance(const rclcpp::NodeOptions&) [with NodeT = component::ComponentServiceClientExample][m[K’
[6.265s] [01m[K/opt/ros/eloquent/include/rclcpp/node_options.hpp:63:3:[m[K   required from here
[6.265s] [01m[K/usr/include/c++/7/ext/new_allocator.h:136:4:[m[K [01;31m[Kerror: [m[Kno matching function for call to ‘[01m[Kcomponent::ComponentServiceClientExample::ComponentServiceClientExample(const rclcpp::NodeOptions&)[m[K’
[6.266s]   { [01;31m[K::new((void *)__p) _Up(std::forward<_Args>(__args)...)[m[K; }
[6.266s]     [01;31m[K^~~~~~~~~~~~~~~~~~~~~~~~~~~~~~~~~~~~~~~~~~~~~~~~~~~~~~[m[K
[6.266s] [01m[K/home/jiseongyoo/ros2_examples/src/composition_cpp_example/src/component_service_client_cpp_example.cpp:45:3:[m[K [01;36m[Knote: [m[Kcandidate: component::ComponentServiceClientExample::ComponentServiceClientExample(const int&)
[6.267s]    [01;36m[KComponentServiceClientExample[m[K::ComponentServiceClientExample(const rclcpp::NodeOption & options)
[6.268s]    [01;36m[K^~~~~~~~~~~~~~~~~~~~~~~~~~~~~[m[K
[6.269s] [01m[K/home/jiseongyoo/ros2_examples/src/composition_cpp_example/src/component_service_client_cpp_example.cpp:45:3:[m[K [01;36m[Knote: [m[K  no known conversion for argument 1 from ‘[01m[Kconst rclcpp::NodeOptions[m[K’ to ‘[01m[Kconst int&[m[K’
[6.472s] make[2]: *** [CMakeFiles/component_service_client_cpp.dir/src/component_service_client_cpp_example.cpp.o] Error 1
[6.474s] CMakeFiles/component_service_client_cpp.dir/build.make:62: recipe for target 'CMakeFiles/component_service_client_cpp.dir/src/component_service_client_cpp_example.cpp.o' failed
[6.475s] make[1]: *** [CMakeFiles/component_service_client_cpp.dir/all] Error 2
[6.475s] make: *** [all] Error 2
[6.476s] CMakeFiles/Makefile2:208: recipe for target 'CMakeFiles/component_service_client_cpp.dir/all' failed
[6.476s] Makefile:140: recipe for target 'all' failed
[6.482s] Invoked command in '/home/jiseongyoo/ros2_examples/build/composition_cpp_example' returned '2': AMENT_PREFIX_PATH=/home/jiseongyoo/ros2_examples/install/interfaces:${AMENT_PREFIX_PATH} CMAKE_PREFIX_PATH=/home/jiseongyoo/ros2_examples/install/interfaces:/opt/ros/eloquent LD_LIBRARY_PATH=/home/jiseongyoo/ros2_examples/install/interfaces/lib:${LD_LIBRARY_PATH} PYTHONPATH=/home/jiseongyoo/ros2_examples/install/interfaces/lib/python3.6/site-packages:${PYTHONPATH} /usr/bin/cmake --build /home/jiseongyoo/ros2_examples/build/composition_cpp_example -- -j2 -l2
