[0.100s] Invoking command in '/home/jiseongyoo/ros2_examples/build/composition_cpp_example': AMENT_PREFIX_PATH=/home/jiseongyoo/ros2_examples/install/interfaces:${AMENT_PREFIX_PATH} CMAKE_PREFIX_PATH=/home/jiseongyoo/ros2_examples/install/interfaces:/opt/ros/eloquent LD_LIBRARY_PATH=/home/jiseongyoo/ros2_examples/install/interfaces/lib:${LD_LIBRARY_PATH} PYTHONPATH=/home/jiseongyoo/ros2_examples/install/interfaces/lib/python3.6/site-packages:${PYTHONPATH} /usr/bin/cmake /home/jiseongyoo/ros2_examples/src/composition_cpp_example -DCMAKE_INSTALL_PREFIX=/home/jiseongyoo/ros2_examples/install/composition_cpp_example
[0.556s] -- The C compiler identification is GNU 7.5.0
[0.809s] -- The CXX compiler identification is GNU 7.5.0
[0.854s] -- Check for working C compiler: /usr/bin/cc
[1.164s] -- Check for working C compiler: /usr/bin/cc -- works
[1.193s] -- Detecting C compiler ABI info
[1.523s] -- Detecting C compiler ABI info - done
[1.571s] -- Detecting C compile features
[2.581s] -- Detecting C compile features - done
[2.621s] -- Check for working CXX compiler: /usr/bin/c++
[2.991s] -- Check for working CXX compiler: /usr/bin/c++ -- works
[2.994s] -- Detecting CXX compiler ABI info
[3.369s] -- Detecting CXX compiler ABI info - done
[3.393s] -- Detecting CXX compile features
[4.988s] -- Detecting CXX compile features - done
[5.025s] -- Found ament_cmake: 0.8.2 (/opt/ros/eloquent/share/ament_cmake/cmake)
[5.148s] -- Found PythonInterp: /usr/bin/python3 (found suitable version "3.6.9", minimum required is "3") 
[5.151s] -- Using PYTHON_EXECUTABLE: /usr/bin/python3
[6.084s] CMake Error at CMakeLists.txt:16 (find_pacakge):
[6.085s]   Unknown CMake command "find_pacakge".
[6.085s] 
[6.086s] 
[6.089s] -- Configuring incomplete, errors occurred!
[6.090s] See also "/home/jiseongyoo/ros2_examples/build/composition_cpp_example/CMakeFiles/CMakeOutput.log".
[6.114s] Invoked command in '/home/jiseongyoo/ros2_examples/build/composition_cpp_example' returned '1': AMENT_PREFIX_PATH=/home/jiseongyoo/ros2_examples/install/interfaces:${AMENT_PREFIX_PATH} CMAKE_PREFIX_PATH=/home/jiseongyoo/ros2_examples/install/interfaces:/opt/ros/eloquent LD_LIBRARY_PATH=/home/jiseongyoo/ros2_examples/install/interfaces/lib:${LD_LIBRARY_PATH} PYTHONPATH=/home/jiseongyoo/ros2_examples/install/interfaces/lib/python3.6/site-packages:${PYTHONPATH} /usr/bin/cmake /home/jiseongyoo/ros2_examples/src/composition_cpp_example -DCMAKE_INSTALL_PREFIX=/home/jiseongyoo/ros2_examples/install/composition_cpp_example
