[0.538s] [35m[1mScanning dependencies of target pub_cpp[0m
[0.543s] [35m[1mScanning dependencies of target sub_cpp[0m
[0.749s] [ 25%] [32mBuilding CXX object CMakeFiles/sub_cpp.dir/src/sub_cpp_example.cpp.o[0m
[0.784s] [ 50%] [32mBuilding CXX object CMakeFiles/pub_cpp.dir/src/pub_cpp_example.cpp.o[0m
[15.150s] [ 75%] [32m[1mLinking CXX executable pub_cpp[0m
[16.176s] [ 75%] Built target pub_cpp
[16.362s] [100%] [32m[1mLinking CXX executable sub_cpp[0m
[17.420s] [100%] Built target sub_cpp
[17.909s] [ 50%] Built target sub_cpp
[17.923s] [100%] Built target pub_cpp
[18.004s] [36mInstall the project...[0m
[18.040s] -- Install configuration: ""
[18.042s] -- Installing: /home/jiseongyoo/ros2_examples/install/pubsub_cpp_example/lib/pubsub_cpp_example/pub_cpp
[18.050s] -- Set runtime path of "/home/jiseongyoo/ros2_examples/install/pubsub_cpp_example/lib/pubsub_cpp_example/pub_cpp" to ""
[18.052s] -- Installing: /home/jiseongyoo/ros2_examples/install/pubsub_cpp_example/lib/pubsub_cpp_example/sub_cpp
[18.063s] -- Set runtime path of "/home/jiseongyoo/ros2_examples/install/pubsub_cpp_example/lib/pubsub_cpp_example/sub_cpp" to ""
[18.064s] -- Up-to-date: /home/jiseongyoo/ros2_examples/install/pubsub_cpp_example/share/ament_index/resource_index/package_run_dependencies/pubsub_cpp_example
[18.065s] -- Up-to-date: /home/jiseongyoo/ros2_examples/install/pubsub_cpp_example/share/ament_index/resource_index/parent_prefix_path/pubsub_cpp_example
[18.067s] -- Up-to-date: /home/jiseongyoo/ros2_examples/install/pubsub_cpp_example/share/pubsub_cpp_example/environment/ament_prefix_path.sh
[18.068s] -- Up-to-date: /home/jiseongyoo/ros2_examples/install/pubsub_cpp_example/share/pubsub_cpp_example/environment/ament_prefix_path.dsv
[18.069s] -- Up-to-date: /home/jiseongyoo/ros2_examples/install/pubsub_cpp_example/share/pubsub_cpp_example/environment/path.sh
[18.070s] -- Up-to-date: /home/jiseongyoo/ros2_examples/install/pubsub_cpp_example/share/pubsub_cpp_example/environment/path.dsv
[18.072s] -- Up-to-date: /home/jiseongyoo/ros2_examples/install/pubsub_cpp_example/share/pubsub_cpp_example/local_setup.bash
[18.073s] -- Up-to-date: /home/jiseongyoo/ros2_examples/install/pubsub_cpp_example/share/pubsub_cpp_example/local_setup.sh
[18.074s] -- Up-to-date: /home/jiseongyoo/ros2_examples/install/pubsub_cpp_example/share/pubsub_cpp_example/local_setup.zsh
[18.075s] -- Up-to-date: /home/jiseongyoo/ros2_examples/install/pubsub_cpp_example/share/pubsub_cpp_example/local_setup.dsv
[18.078s] -- Installing: /home/jiseongyoo/ros2_examples/install/pubsub_cpp_example/share/pubsub_cpp_example/package.dsv
[18.081s] -- Up-to-date: /home/jiseongyoo/ros2_examples/install/pubsub_cpp_example/share/ament_index/resource_index/packages/pubsub_cpp_example
[18.082s] -- Up-to-date: /home/jiseongyoo/ros2_examples/install/pubsub_cpp_example/share/pubsub_cpp_example/cmake/pubsub_cpp_exampleConfig.cmake
[18.083s] -- Up-to-date: /home/jiseongyoo/ros2_examples/install/pubsub_cpp_example/share/pubsub_cpp_example/cmake/pubsub_cpp_exampleConfig-version.cmake
[18.083s] -- Up-to-date: /home/jiseongyoo/ros2_examples/install/pubsub_cpp_example/share/pubsub_cpp_example/package.xml
