[0.278s] [35m[1mScanning dependencies of target talker[0m
[0.463s] [ 50%] [32mBuilding CXX object CMakeFiles/talker.dir/src/publisher_member_function.cpp.o[0m
[10.081s] [100%] [32m[1mLinking CXX executable talker[0m
[10.900s] [100%] Built target talker
[11.389s] [100%] Built target talker
[11.482s] [36mInstall the project...[0m
[11.529s] -- Install configuration: ""
[11.535s] -- Installing: /home/jiseongyoo/ros2_examples/install/cpp_pubsub/lib/cpp_pubsub/talker
[11.536s] -- Set runtime path of "/home/jiseongyoo/ros2_examples/install/cpp_pubsub/lib/cpp_pubsub/talker" to ""
[11.536s] -- Up-to-date: /home/jiseongyoo/ros2_examples/install/cpp_pubsub/share/ament_index/resource_index/package_run_dependencies/cpp_pubsub
[11.537s] -- Up-to-date: /home/jiseongyoo/ros2_examples/install/cpp_pubsub/share/ament_index/resource_index/parent_prefix_path/cpp_pubsub
[11.537s] -- Up-to-date: /home/jiseongyoo/ros2_examples/install/cpp_pubsub/share/cpp_pubsub/environment/ament_prefix_path.sh
[11.538s] -- Up-to-date: /home/jiseongyoo/ros2_examples/install/cpp_pubsub/share/cpp_pubsub/environment/ament_prefix_path.dsv
[11.539s] -- Up-to-date: /home/jiseongyoo/ros2_examples/install/cpp_pubsub/share/cpp_pubsub/environment/path.sh
[11.539s] -- Up-to-date: /home/jiseongyoo/ros2_examples/install/cpp_pubsub/share/cpp_pubsub/environment/path.dsv
[11.540s] -- Up-to-date: /home/jiseongyoo/ros2_examples/install/cpp_pubsub/share/cpp_pubsub/local_setup.bash
[11.540s] -- Up-to-date: /home/jiseongyoo/ros2_examples/install/cpp_pubsub/share/cpp_pubsub/local_setup.sh
[11.541s] -- Up-to-date: /home/jiseongyoo/ros2_examples/install/cpp_pubsub/share/cpp_pubsub/local_setup.zsh
[11.541s] -- Up-to-date: /home/jiseongyoo/ros2_examples/install/cpp_pubsub/share/cpp_pubsub/local_setup.dsv
[11.542s] -- Installing: /home/jiseongyoo/ros2_examples/install/cpp_pubsub/share/cpp_pubsub/package.dsv
[11.548s] -- Up-to-date: /home/jiseongyoo/ros2_examples/install/cpp_pubsub/share/ament_index/resource_index/packages/cpp_pubsub
[11.549s] -- Up-to-date: /home/jiseongyoo/ros2_examples/install/cpp_pubsub/share/cpp_pubsub/cmake/cpp_pubsubConfig.cmake
[11.550s] -- Up-to-date: /home/jiseongyoo/ros2_examples/install/cpp_pubsub/share/cpp_pubsub/cmake/cpp_pubsubConfig-version.cmake
[11.551s] -- Up-to-date: /home/jiseongyoo/ros2_examples/install/cpp_pubsub/share/cpp_pubsub/package.xml
