[0.082s] Invoking command in '/home/jiseongyoo/ros2_examples/build/service_cpp_example': CMAKE_PREFIX_PATH=/home/jiseongyoo/ros2_examples/install/interfaces:/home/jiseongyoo/ros2_examples/install/pubsub_cpp_template:/home/jiseongyoo/ros2_examples/install/pubsub_cpp_example:/home/jiseongyoo/ros2_examples/install/pub_sub_cpp_template:/home/jiseongyoo/ros2_examples/install/cpp_pubsub:/opt/ros/eloquent /usr/bin/cmake --build /home/jiseongyoo/ros2_examples/build/service_cpp_example -- -j2 -l2
[0.290s] [35m[1mScanning dependencies of target service_server_cpp[0m
[0.339s] [ 50%] Built target service_client_cpp
[0.466s] [ 75%] [32mBuilding CXX object CMakeFiles/service_server_cpp.dir/src/service_server_cpp_example.cpp.o[0m
[4.757s] In file included from [01m[K/opt/ros/eloquent/include/rclcpp/service.hpp:33:0[m[K,
[4.758s]                  from [01m[K/opt/ros/eloquent/include/rclcpp/callback_group.hpp:25[m[K,
[4.758s]                  from [01m[K/opt/ros/eloquent/include/rclcpp/any_executable.hpp:20[m[K,
[4.759s]                  from [01m[K/opt/ros/eloquent/include/rclcpp/memory_strategy.hpp:24[m[K,
[4.759s]                  from [01m[K/opt/ros/eloquent/include/rclcpp/memory_strategies.hpp:18[m[K,
[4.760s]                  from [01m[K/opt/ros/eloquent/include/rclcpp/executor.hpp:33[m[K,
[4.760s]                  from [01m[K/opt/ros/eloquent/include/rclcpp/executors/multi_threaded_executor.hpp:25[m[K,
[4.760s]                  from [01m[K/opt/ros/eloquent/include/rclcpp/executors.hpp:21[m[K,
[4.761s]                  from [01m[K/opt/ros/eloquent/include/rclcpp/rclcpp.hpp:145[m[K,
[4.761s]                  from [01m[K/home/jiseongyoo/ros2_examples/src/service_cpp_example/src/service_server_cpp_example.cpp:1[m[K:
[4.762s] [01m[K/home/jiseongyoo/ros2_examples/src/service_cpp_example/src/service_server_cpp_example.cpp:[m[K In function ‘[01m[Kvoid service_callback(std::shared_ptr<interfaces::srv::Example_Request_<std::allocator<void> > >, std::shared_ptr<interfaces::srv::Example_Response_<std::allocator<void> > >)[m[K’:
[4.762s] [01m[K/home/jiseongyoo/ros2_examples/src/service_cpp_example/src/service_server_cpp_example.cpp:6:15:[m[K [01;31m[Kerror: [m[K‘[01m[Kservice_node[m[K’ was not declared in this scope
[4.763s]    RCLCPP_INFO([01;31m[Ks[m[Kervice_node->get_logger(), "Service is requested '%s'", request->request.c_str());
[4.763s]                [01;31m[K^[m[K
[4.764s] [01m[K/opt/ros/eloquent/include/rclcpp/logging.hpp:537:86:[m[K [01;36m[Knote: [m[Kin definition of macro ‘[01m[KRCLCPP_INFO[m[K’
[4.764s]  ame<typename std::remove_cv<typename std::remove_reference<decltype([01;36m[Klogger[m[K)>::type>::type, \
[4.764s]                                                                      [01;36m[K^~~~~~[m[K
[4.768s] [01m[K/opt/ros/eloquent/include/rclcpp/logging.hpp:537:93:[m[K [01;31m[Kerror: [m[Ktemplate argument 1 is invalid
[4.768s]  ename std::remove_cv<typename std::remove_reference<decltype(logger)[01;31m[K>[m[K::type>::type, \
[4.769s]                                                                      [01;31m[K^[m[K
[4.769s] [01m[K/home/jiseongyoo/ros2_examples/src/service_cpp_example/src/service_server_cpp_example.cpp:6:3:[m[K [01;36m[Knote: [m[Kin expansion of macro ‘[01m[KRCLCPP_INFO[m[K’
[4.770s]    [01;36m[KRCLCPP_INFO[m[K(service_node->get_logger(), "Service is requested '%s'", request->request.c_str());
[4.770s]    [01;36m[K^~~~~~~~~~~[m[K
[4.771s] [01m[K/opt/ros/eloquent/include/rclcpp/logging.hpp:537:100:[m[K [01;31m[Kerror: [m[Ktemplate argument 1 is invalid
[4.771s]  std::remove_cv<typename std::remove_reference<decltype(logger)>::type[01;31m[K>[m[K::type, \
[4.771s]                                                                       [01;31m[K^[m[K
[4.772s] [01m[K/home/jiseongyoo/ros2_examples/src/service_cpp_example/src/service_server_cpp_example.cpp:6:3:[m[K [01;36m[Knote: [m[Kin expansion of macro ‘[01m[KRCLCPP_INFO[m[K’
[4.772s]    [01;36m[KRCLCPP_INFO[m[K(service_node->get_logger(), "Service is requested '%s'", request->request.c_str());
[4.773s]    [01;36m[K^~~~~~~~~~~[m[K
[4.773s] [01m[K/opt/ros/eloquent/include/rclcpp/logging.hpp:538:32:[m[K [01;31m[Kerror: [m[Ktemplate argument 1 is invalid
[4.774s]        typename ::rclcpp::Logger[01;31m[K>[m[K::value, \
[4.774s]                                 [01;31m[K^[m[K
[4.774s] [01m[K/home/jiseongyoo/ros2_examples/src/service_cpp_example/src/service_server_cpp_example.cpp:6:3:[m[K [01;36m[Knote: [m[Kin expansion of macro ‘[01m[KRCLCPP_INFO[m[K’
[4.775s]    [01;36m[KRCLCPP_INFO[m[K(service_node->get_logger(), "Service is requested '%s'", request->request.c_str());
[4.775s]    [01;36m[K^~~~~~~~~~~[m[K
[5.755s] make[2]: *** [CMakeFiles/service_server_cpp.dir/src/service_server_cpp_example.cpp.o] Error 1
[5.757s] CMakeFiles/service_server_cpp.dir/build.make:62: recipe for target 'CMakeFiles/service_server_cpp.dir/src/service_server_cpp_example.cpp.o' failed
[5.758s] CMakeFiles/Makefile2:99: recipe for target 'CMakeFiles/service_server_cpp.dir/all' failed
[5.759s] Makefile:140: recipe for target 'all' failed
[5.760s] make[1]: *** [CMakeFiles/service_server_cpp.dir/all] Error 2
[5.762s] make: *** [all] Error 2
[5.768s] Invoked command in '/home/jiseongyoo/ros2_examples/build/service_cpp_example' returned '2': CMAKE_PREFIX_PATH=/home/jiseongyoo/ros2_examples/install/interfaces:/home/jiseongyoo/ros2_examples/install/pubsub_cpp_template:/home/jiseongyoo/ros2_examples/install/pubsub_cpp_example:/home/jiseongyoo/ros2_examples/install/pub_sub_cpp_template:/home/jiseongyoo/ros2_examples/install/cpp_pubsub:/opt/ros/eloquent /usr/bin/cmake --build /home/jiseongyoo/ros2_examples/build/service_cpp_example -- -j2 -l2
