[0.356s] [ 50%] Built target component_pub_cpp
[0.412s] [35m[1mScanning dependencies of target component_container[0m
[0.531s] [ 75%] [32mBuilding CXX object CMakeFiles/component_container.dir/src/component_container.cpp.o[0m
[5.164s] In file included from [01m[K/opt/ros/eloquent/include/rclcpp/client.hpp:39:0[m[K,
[5.165s]                  from [01m[K/opt/ros/eloquent/include/rclcpp/callback_group.hpp:23[m[K,
[5.166s]                  from [01m[K/opt/ros/eloquent/include/rclcpp/any_executable.hpp:20[m[K,
[5.166s]                  from [01m[K/opt/ros/eloquent/include/rclcpp/memory_strategy.hpp:24[m[K,
[5.167s]                  from [01m[K/opt/ros/eloquent/include/rclcpp/memory_strategies.hpp:18[m[K,
[5.168s]                  from [01m[K/opt/ros/eloquent/include/rclcpp/executor.hpp:33[m[K,
[5.169s]                  from [01m[K/opt/ros/eloquent/include/rclcpp/executors/multi_threaded_executor.hpp:25[m[K,
[5.169s]                  from [01m[K/opt/ros/eloquent/include/rclcpp/executors.hpp:21[m[K,
[5.170s]                  from [01m[K/opt/ros/eloquent/include/rclcpp/rclcpp.hpp:145[m[K,
[5.170s]                  from [01m[K/home/jiseongyoo/ros2_examples/src/composition_cpp_example/src/component_container.cpp:1[m[K:
[5.171s] [01m[K/home/jiseongyoo/ros2_examples/src/composition_cpp_example/src/component_container.cpp:[m[K In function ‘[01m[Kint main(int, char**)[m[K’:
[5.172s] [01m[K/home/jiseongyoo/ros2_examples/src/composition_cpp_example/src/component_container.cpp:15:97:[m[K [01;31m[Kerror: [m[Krequest for member ‘[01m[Kc_str[m[K’ in ‘[01m[K((std::__shared_ptr_access<component::ComponentPublisherExample, (__gnu_cxx::_Lock_policy)2, false, false>*)(& pub))->std::__shared_ptr_access<component::ComponentPublisherExample, (__gnu_cxx::_Lock_policy)2, false, false>::operator->()->component::ComponentPublisherExample::<anonymous>.rclcpp::Node::get_name()[m[K’, which is of non-class type ‘[01m[Kconst char*[m[K’
[5.173s]  PP_INFO(pub->get_logger(), "%s is added to executor", pub->get_name().[01;31m[Kc[m[K_str());
[5.174s]                                                                        [01;31m[K^[m[K
[5.174s] [01m[K/opt/ros/eloquent/include/rcutils/logging_macros.h:72:64:[m[K [01;36m[Knote: [m[Kin definition of macro ‘[01m[KRCUTILS_LOG_COND_NAMED[m[K’
[5.175s]        rcutils_log(&__rcutils_logging_location, severity, name, [01;36m[K__VA_ARGS__[m[K); \
[5.175s]                                                                 [01;36m[K^~~~~~~~~~~[m[K
[5.176s] [01m[K/opt/ros/eloquent/include/rclcpp/logging.hpp:541:5:[m[K [01;36m[Knote: [m[Kin expansion of macro ‘[01m[KRCUTILS_LOG_INFO_NAMED[m[K’
[5.176s]      [01;36m[KRCUTILS_LOG_INFO_NAMED[m[K( \
[5.177s]      [01;36m[K^~~~~~~~~~~~~~~~~~~~~~[m[K
[5.177s] [01m[K/opt/ros/eloquent/include/rclcpp/logging.hpp:544:9:[m[K [01;36m[Knote: [m[Kin expansion of macro ‘[01m[KRCLCPP_ALL_BUT_FIRST_ARGS[m[K’
[5.177s]          [01;36m[KRCLCPP_ALL_BUT_FIRST_ARGS[m[K(__VA_ARGS__,"")); \
[5.178s]          [01;36m[K^~~~~~~~~~~~~~~~~~~~~~~~~[m[K
[5.182s] [01m[K/home/jiseongyoo/ros2_examples/src/composition_cpp_example/src/component_container.cpp:15:23:[m[K [01;36m[Knote: [m[Kin expansion of macro ‘[01m[KRCLCPP_INFO[m[K’
[5.183s]    exec.add_node(pub); [01;36m[KRCLCPP_INFO[m[K(pub->get_logger(), "%s is added to executor", pub->get_name().c_str());
[5.183s]                        [01;36m[K^~~~~~~~~~~[m[K
[5.843s] CMakeFiles/component_container.dir/build.make:62: recipe for target 'CMakeFiles/component_container.dir/src/component_container.cpp.o' failed
[5.845s] make[2]: *** [CMakeFiles/component_container.dir/src/component_container.cpp.o] Error 1
[5.846s] make[1]: *** [CMakeFiles/component_container.dir/all] Error 2
[5.846s] CMakeFiles/Makefile2:168: recipe for target 'CMakeFiles/component_container.dir/all' failed
[5.847s] make: *** [all] Error 2
[5.847s] Makefile:140: recipe for target 'all' failed
