[0.086s] Invoking command in '/home/jiseongyoo/ros2_examples/build/interfaces': CMAKE_PREFIX_PATH=/opt/ros/eloquent /usr/bin/cmake /home/jiseongyoo/ros2_examples/src/interfaces -DCMAKE_INSTALL_PREFIX=/home/jiseongyoo/ros2_examples/install/interfaces
[0.192s] -- Found ament_cmake: 0.8.2 (/opt/ros/eloquent/share/ament_cmake/cmake)
[0.371s] -- Found PythonInterp: /usr/bin/python3 (found suitable version "3.6.9", minimum required is "3") 
[0.372s] -- Using PYTHON_EXECUTABLE: /usr/bin/python3
[1.222s] -- Found rosidl_default_generators: 0.8.0 (/opt/ros/eloquent/share/rosidl_default_generators/cmake)
[1.474s] -- Found rosidl_adapter: 0.8.2 (/opt/ros/eloquent/share/rosidl_adapter/cmake)
[1.932s] -- Found PythonInterp: /usr/bin/python3 (found version "3.6.9") 
[2.533s] CMake Error at /opt/ros/eloquent/share/rosidl_adapter/cmake/rosidl_adapt_interfaces.cmake:60 (message):
[2.535s]   execute_process(/usr/bin/python3 -m rosidl_adapter --package-name
[2.535s]   interfaces --arguments-file
[2.536s]   /home/jiseongyoo/ros2_examples/build/interfaces/rosidl_adapter__arguments__interfaces.json
[2.536s]   --output-dir
[2.536s]   /home/jiseongyoo/ros2_examples/build/interfaces/rosidl_adapter/interfaces
[2.537s]   --output-file
[2.537s]   /home/jiseongyoo/ros2_examples/build/interfaces/rosidl_adapter/interfaces.idls)
[2.538s]   returned error code 1:
[2.538s] 
[2.538s]   Error processing '// typename <variable_name> <default_value>' of
[2.539s]   'interfaces/msg_collection': '//'
[2.539s] 
[2.539s]   Traceback (most recent call last):
[2.540s] 
[2.540s]     File "/usr/lib/python3.6/runpy.py", line 193, in _run_module_as_main
[2.545s]       "__main__", mod_spec)
[2.546s]     File "/usr/lib/python3.6/runpy.py", line 85, in _run_code
[2.546s]       exec(code, run_globals)
[2.547s]     File "/opt/ros/eloquent/lib/python3.6/site-packages/rosidl_adapter/__main__.py", line 19, in <module>
[2.547s]       sys.exit(main())
[2.547s]     File "/opt/ros/eloquent/lib/python3.6/site-packages/rosidl_adapter/main.py", line 55, in main
[2.548s]       pathlib.Path(relative_path), output_dir)
[2.548s]     File "/opt/ros/eloquent/lib/python3.6/site-packages/rosidl_adapter/__init__.py", line 20, in convert_to_idl
[2.549s]       package_dir, package_name, interface_file, output_dir / 'msg')
[2.549s]     File "/opt/ros/eloquent/lib/python3.6/site-packages/rosidl_adapter/msg/__init__.py", line 28, in convert_msg_to_idl
[2.549s]       msg = parse_message_string(package_name, input_file.stem, content)
[2.550s]     File "/opt/ros/eloquent/lib/python3.6/site-packages/rosidl_adapter/parser.py", line 507, in parse_message_string
[2.550s]       Type(type_string, context_package_name=pkg_name),
[2.550s]     File "/opt/ros/eloquent/lib/python3.6/site-packages/rosidl_adapter/parser.py", line 272, in __init__
[2.551s] -- Configuring incomplete, errors occurred!
[2.551s] See also "/home/jiseongyoo/ros2_examples/build/interfaces/CMakeFiles/CMakeOutput.log".
[2.551s]       context_package_name=context_package_name)
[2.552s]     File "/opt/ros/eloquent/lib/python3.6/site-packages/rosidl_adapter/parser.py", line 183, in __init__
[2.562s]       raise InvalidResourceName(type_string)
[2.562s] 
[2.563s]   rosidl_adapter.parser.InvalidResourceName: //
[2.566s] 
[2.567s] Call Stack (most recent call first):
[2.567s]   /opt/ros/eloquent/share/rosidl_cmake/cmake/rosidl_generate_interfaces.cmake:130 (rosidl_adapt_interfaces)
[2.568s]   CMakeLists.txt:23 (rosidl_generate_interfaces)
[2.568s] 
[2.568s] 
[2.569s] Invoked command in '/home/jiseongyoo/ros2_examples/build/interfaces' returned '1': CMAKE_PREFIX_PATH=/opt/ros/eloquent /usr/bin/cmake /home/jiseongyoo/ros2_examples/src/interfaces -DCMAKE_INSTALL_PREFIX=/home/jiseongyoo/ros2_examples/install/interfaces
