[0.210s] -- Found ament_cmake: 0.8.2 (/opt/ros/eloquent/share/ament_cmake/cmake)
[0.311s] -- Using PYTHON_EXECUTABLE: /usr/bin/python3
[1.062s] -- Found rclcpp: 0.8.4 (/opt/ros/eloquent/share/rclcpp/cmake)
[1.113s] -- Found rosidl_adapter: 0.8.2 (/opt/ros/eloquent/share/rosidl_adapter/cmake)
[1.278s] -- Found rmw_implementation_cmake: 0.8.1 (/opt/ros/eloquent/share/rmw_implementation_cmake/cmake)
[1.288s] -- Using RMW implementation 'rmw_fastrtps_cpp' as default
[1.423s] -- Found ament_lint_auto: 0.8.1 (/opt/ros/eloquent/share/ament_lint_auto/cmake)
[1.711s] -- Added test 'copyright' to check for copyright in CMake / C / C++ / Python code
[1.717s] -- Added test 'cppcheck' to perform static code analysis on C / C++ code
[1.718s] -- Configured cppcheck include dirs: 
[1.722s] -- Added test 'cpplint' to check C / C++ code against the Google style
[1.727s] -- Added test 'lint_cmake' to check CMake code style
[1.734s] -- Added test 'uncrustify' to check C / C++ code style
[1.735s] -- Added test 'xmllint' to check XML markup files
[1.743s] -- Configuring done
[1.763s] -- Generating done
[1.772s] -- Build files have been written to: /home/jiseongyoo/ros2_examples/build/pub_sub_cpp_template
[1.880s] [35m[1mScanning dependencies of target pub_cpp_template[0m
[1.945s] [ 50%] [32mBuilding CXX object CMakeFiles/pub_cpp_template.dir/src/pub_cpp_template.cpp.o[0m
[2.096s] CMakeFiles/pub_cpp_template.dir/build.make:62: recipe for target 'CMakeFiles/pub_cpp_template.dir/src/pub_cpp_template.cpp.o' failed
[2.098s] CMakeFiles/Makefile2:131: recipe for target 'CMakeFiles/pub_cpp_template.dir/all' failed
[2.099s] Makefile:140: recipe for target 'all' failed
